/usr/bin/clang-14 -c -emit-llvm -D__SEAHORN__ -fdeclspec -O1 -Xclang -disable-llvm-optzns -fgnu89-inline -m32 -I/home/usea/seahorn/include -o /tmp/sea-56dmr69y/loop-unswitching.bc ./results/alignments/barthe/unaligned/loop-unswitching.c
./results/alignments/barthe/unaligned/loop-unswitching.c:5:5: warning: variable length array folded to constant array as an extension [-Wgnu-folding-constant]
int a_1[N];
    ^
./results/alignments/barthe/unaligned/loop-unswitching.c:6:5: warning: variable length array folded to constant array as an extension [-Wgnu-folding-constant]
int b_1[N];
    ^
./results/alignments/barthe/unaligned/loop-unswitching.c:7:5: warning: variable length array folded to constant array as an extension [-Wgnu-folding-constant]
int c_1[N];
    ^
./results/alignments/barthe/unaligned/loop-unswitching.c:8:5: warning: variable length array folded to constant array as an extension [-Wgnu-folding-constant]
int a_2[N];
    ^
./results/alignments/barthe/unaligned/loop-unswitching.c:9:5: warning: variable length array folded to constant array as an extension [-Wgnu-folding-constant]
int b_2[N];
    ^
./results/alignments/barthe/unaligned/loop-unswitching.c:10:5: warning: variable length array folded to constant array as an extension [-Wgnu-folding-constant]
int c_2[N];
    ^
./results/alignments/barthe/unaligned/loop-unswitching.c:16:1: warning: return type of 'main' is not 'int' [-Wmain-return-type]
void main() {
^
./results/alignments/barthe/unaligned/loop-unswitching.c:16:1: note: change return type to 'int'
void main() {
^~~~
int
7 warnings generated.
/home/usea/seahorn/bin/seapp -o /tmp/sea-56dmr69y/loop-unswitching.pp.bc --simplifycfg-sink-common=false --strip-extern=false --promote-assumptions=false --kill-vaarg=true --ignore-def-verifier-fn=false --horn-keep-arith-overflow=false /tmp/sea-56dmr69y/loop-unswitching.bc
/home/usea/seahorn/bin/seapp --simplifycfg-sink-common=false -o /tmp/sea-56dmr69y/loop-unswitching.pp.ms.bc --horn-mixed-sem --ms-reduce-main /tmp/sea-56dmr69y/loop-unswitching.pp.bc
/home/usea/seahorn/bin/seaopt -f --simplifycfg-sink-common=false -o ./results/chc/bytecode/barthe/unaligned/loop-unswitching.bc -O3 --seaopt-enable-indvar=false --seaopt-enable-loop-idiom=false --unroll-threshold=150 --unroll-allow-partial=false --unroll-partial-threshold=0 --vectorize-slp=false /tmp/sea-56dmr69y/loop-unswitching.pp.ms.bc

real	0m0.104s
user	0m0.072s
sys	0m0.033s
