                       /\ (!((0 <= K:116 /\ K:116 <= 0)) \/ 0 <= (-1 * K:116))
                       /\ (!(1 <= K:116) \/ 0 <= (havoc:111 + (-1 * K:116)))
                       /\ (!((0 <= K:116 /\ K:116 <= 0)) \/ 0 <= (-1 * K:116))
                       /\ (!(1 <= K:116)
                             \/ 0 <= ((2 * havoc:14) + (-1 * K:116)))))
           /\ mid_r_y:112 = r_y':117 /\ mid_r_z:113 = r_z':118
           /\ mid_l_y:114 = l_y':119 /\ mid_l_z:115 = l_z':120
           /\ l_z':120 <= 0 /\ havoc:111 = phi_r_x:136
           /\ havoc:111 = phi_tmp___0:135 /\ l_z':120 = phi_l_z:134
           /\ l_y':119 = phi_l_y:133 /\ r_z':118 = phi_r_z:132
           /\ r_y':117 = phi_r_y:131)
          \/ (havoc:14 = havoc:121
                /\ ((0 = mid_r_y:122 /\ havoc:121 = mid_r_z:123
                       /\ 0 = mid_l_y:124 /\ (2 * havoc:14) = mid_l_z:125)
                      \/ (0 <= (-1 + havoc:121) /\ 0 <= (-1 + (2 * havoc:14))
                            /\ 1 <= K:126 /\ 0 <= mid_r_z:123
                            /\ 0 <= mid_l_z:125
                            /\ (!(0 <= K:126)
                                  \/ mid_r_y:122 = (havoc:121 * K:126))
                            /\ (!(0 <= K:126)
                                  \/ mid_r_z:123 = (havoc:121 + (-1 * K:126)))
                            /\ (!(0 <= K:126)
                                  \/ mid_l_y:124 = (havoc:14 * K:126))
                            /\ (!(0 <= K:126)
                                  \/ mid_l_z:125 = ((2 * havoc:14)
                                                      + (-1 * K:126)))
                            /\ (!(0 <= K:126)
                                  \/ (-1 * mid_l_z:125) <= ((-1
                                                               * (2
                                                                    * havoc:14))
                                                              + K:126))
                            /\ (!(0 <= K:126)
                                  \/ mid_l_z:125 <= ((2 * havoc:14)
                                                       + (-1 * K:126)))
                            /\ (!(0 <= K:126)
                                  \/ (-1 * mid_r_z:123) <= ((-1 * havoc:121)
                                                              + K:126))
                            /\ (!(0 <= K:126)
                                  \/ mid_r_z:123 <= (havoc:121 + (-1 * K:126)))
                            /\ (!((0 <= K:126 /\ K:126 <= 0))
                                  \/ 0 <= (-1 * K:126))
                            /\ (!(1 <= K:126)
                                  \/ 0 <= (havoc:121 + (-1 * K:126)))
                            /\ (!((0 <= K:126 /\ K:126 <= 0))
                                  \/ 0 <= (-1 * K:126))
                            /\ (!(1 <= K:126)
                                  \/ 0 <= ((2 * havoc:14) + (-1 * K:126)))))
                /\ mid_r_y:122 = r_y':127 /\ mid_r_z:123 = r_z':128
                /\ mid_l_y:124 = l_y':129 /\ mid_l_z:125 = l_z':130
                /\ 0 < l_z':130 /\ r_z':128 <= 0 /\ havoc:121 = phi_r_x:136
                /\ havoc:121 = phi_tmp___0:135 /\ l_z':130 = phi_l_z:134
                /\ l_y':129 = phi_l_y:133 /\ r_z':128 = phi_r_z:132
                /\ r_y':127 = phi_r_y:131))
         /\ ((phi_l_y:133 = mid_l_y:328 /\ phi_l_z:134 = mid_l_z:329)
               \/ (0 <= (-1 * phi_r_z:132) /\ 0 <= (-1 + phi_l_z:134)
                     /\ 1 <= K:330 /\ 0 <= (-1 * phi_r_z:132)
                     /\ 0 <= mid_l_z:329
                     /\ (!(0 <= K:330)
                           \/ mid_l_y:328 = (phi_l_y:133 + (havoc:14 * K:330)))
                     /\ (!(0 <= K:330)
                           \/ mid_l_z:329 = (phi_l_z:134 + (-1 * K:330)))
                     /\ (!(0 <= K:330)
                           \/ (-1 * mid_l_z:329) <= ((-1 * phi_l_z:134)
                                                       + K:330))
                     /\ (!(0 <= K:330)
                           \/ mid_l_z:329 <= (phi_l_z:134 + (-1 * K:330)))
                     /\ (!((0 <= K:330 /\ K:330 <= 0)) \/ 0 <= (-1 * K:330))
                     /\ (!(1 <= K:330) \/ 0 <= (phi_l_z:134 + (-1 * K:330)))))
         /\ mid_l_y:328 = l_y':331 /\ mid_l_z:329 = l_z':332 /\ l_z':332 <= 0
         /\ ((phi_r_y:131 = mid_r_y:333 /\ phi_r_z:132 = mid_r_z:334)
               \/ (0 <= (-1 * l_z':332) /\ 0 <= (-1 + phi_r_z:132)
                     /\ 1 <= K:335 /\ 0 <= (-1 * l_z':332)
                     /\ 0 <= mid_r_z:334
                     /\ (!(0 <= K:335)
                           \/ mid_r_y:333 = (phi_r_y:131
                                               + (phi_r_x:136 * K:335)))
                     /\ (!(0 <= K:335)
                           \/ mid_r_z:334 = (phi_r_z:132 + (-1 * K:335)))
                     /\ (!(0 <= K:335)
                           \/ (-1 * mid_r_z:334) <= ((-1 * phi_r_z:132)
                                                       + K:335))
                     /\ (!(0 <= K:335)
                           \/ mid_r_z:334 <= (phi_r_z:132 + (-1 * K:335)))
                     /\ (!((0 <= K:335 /\ K:335 <= 0)) \/ 0 <= (-1 * K:335))
                     /\ (!(1 <= K:335) \/ 0 <= (phi_r_z:132 + (-1 * K:335)))))
         /\ mid_r_y:333 = r_y':336 /\ mid_r_z:334 = r_z':337
         /\ 0 <= (-1 * l_z':332) /\ r_z':337 <= 0)}

Is not SAT! (Assertion on line 30 PASSED)
---------------------------------------------

================================================
Bounds on Variables

================================================
Finished!

real	0m0.757s
user	0m0.736s
sys	0m0.000s
