                           \/ mid_r_c:299 = (phi_r_c:152 + (1/6 * K:301)
                                               + (-1 * phi_r_a:154 * K:301)
                                               + ((phi_r_a:154 * phi_r_a:154)
                                                    * K:301)
                                               + (-1/2 * (K:301 * K:301))
                                               + (phi_r_a:154
                                                    * (K:301 * K:301))
                                               + (1/3
                                                    * (K:301 * K:301 * K:301))))
                     /\ (!((0 <= K:301 /\ K:301 <= 0))
                           \/ mid_r_c:299 = (phi_r_c:152 + (1/6 * K:301)
                                               + (-1 * phi_r_a:154 * K:301)
                                               + ((phi_r_a:154 * phi_r_a:154)
                                                    * K:301)
                                               + (-1/2 * (K:301 * K:301))
                                               + (phi_r_a:154
                                                    * (K:301 * K:301))
                                               + (1/3
                                                    * (K:301 * K:301 * K:301))))
                     /\ (!(1 <= K:301)
                           \/ mid_r_c:299 = (phi_r_c:152 + (1/6 * K:301)
                                               + (-1 * phi_r_a:154 * K:301)
                                               + ((phi_r_a:154 * phi_r_a:154)
                                                    * K:301)
                                               + (-1/2 * (K:301 * K:301))
                                               + (phi_r_a:154
                                                    * (K:301 * K:301))
                                               + (1/3
                                                    * (K:301 * K:301 * K:301))))
                     /\ (!((0 <= K:301 /\ K:301 <= 0))
                           \/ mid_r_c:299 = (phi_r_c:152 + (1/6 * K:301)
                                               + (-1 * phi_r_a:154 * K:301)
                                               + ((phi_r_a:154 * phi_r_a:154)
                                                    * K:301)
                                               + (-1/2 * (K:301 * K:301))
                                               + (phi_r_a:154
                                                    * (K:301 * K:301))
                                               + (1/3
                                                    * (K:301 * K:301 * K:301))))
                     /\ (!(1 <= K:301)
                           \/ mid_r_c:299 = (phi_r_c:152 + (1/6 * K:301)
                                               + (-1 * phi_r_a:154 * K:301)
                                               + ((phi_r_a:154 * phi_r_a:154)
                                                    * K:301)
                                               + (-1/2 * (K:301 * K:301))
                                               + (phi_r_a:154
                                                    * (K:301 * K:301))
                                               + (1/3
                                                    * (K:301 * K:301 * K:301))))
                     /\ (!((0 <= K:301 /\ K:301 <= 0))
                           \/ mid_r_c:299 = (phi_r_c:152 + (1/6 * K:301)
                                               + (-1 * phi_r_a:154 * K:301)
                                               + ((phi_r_a:154 * phi_r_a:154)
                                                    * K:301)
                                               + (-1/2 * (K:301 * K:301))
                                               + (phi_r_a:154
                                                    * (K:301 * K:301))
                                               + (1/3
                                                    * (K:301 * K:301 * K:301))))
                     /\ (!(1 <= K:301)
                           \/ mid_r_c:299 = (phi_r_c:152 + (1/6 * K:301)
                                               + (-1 * phi_r_a:154 * K:301)
                                               + ((phi_r_a:154 * phi_r_a:154)
                                                    * K:301)
                                               + (-1/2 * (K:301 * K:301))
                                               + (phi_r_a:154
                                                    * (K:301 * K:301))
                                               + (1/3
                                                    * (K:301 * K:301 * K:301))))
                     /\ (!(0 <= K:301)
                           \/ mid_r_c:299 = (phi_r_c:152 + (1/6 * K:301)
                                               + (-1 * phi_r_a:154 * K:301)
                                               + ((phi_r_a:154 * phi_r_a:154)
                                                    * K:301)
                                               + (-1/2 * (K:301 * K:301))
                                               + (phi_r_a:154
                                                    * (K:301 * K:301))
                                               + (1/3
                                                    * (K:301 * K:301 * K:301))))
                     /\ (!(0 <= K:301) \/ mid_r_a:300 = (phi_r_a:154 + K:301))
                     /\ (!(0 <= K:301)
                           \/ (-1 * mid_r_a:300) <= ((-1 * phi_r_a:154)
                                                       + (-1 * K:301)))
                     /\ (!(0 <= K:301)
                           \/ mid_r_a:300 <= (phi_r_a:154 + K:301))))
         /\ mid_r_c:299 = r_c':302 /\ mid_r_a:300 = r_a':303
         /\ (-1 + (phi_tmp___3:131)) = 0 /\ phi_r_b:133 <= r_a':303)}

Is not SAT! (Assertion on line 27 PASSED)
---------------------------------------------

================================================
Bounds on Variables

================================================
Finished!

real	0m7.232s
user	0m7.172s
sys	0m0.028s
