Treating naive product as final alignment.
Writing Daikon to daikon_output.c...
Done
Compiling Daikon output...
Running Kvasir...
==32671== kvasir-5.8.18, C/C++ Language Front-End for Daikon with DynComp comparability analysis tool.
==32671== Copyright (C) 2007-2022, University of Washington CSE PLSE Group
==32671== Using Valgrind-3.19.0.Fjalar and LibVEX; rerun with -h for copyright info
==32671== Command: ./daikon_output
==32671== 
==32671== 
==32671== For lists of detected and suppressed errors, rerun with: -s
==32671== ERROR SUMMARY: 0 errors from 0 contexts (suppressed: 0 from 0)
Running Daikon...
Writing Dafny to houdafny.dfy...
Done
Running Dafny verification...
houdafny.dfy(1,27): Warning: deprecated style: a semi-colon is not needed here
  |
1 | const epsilon: real := 0.01;
  |                            ^

houdafny.dfy(16,21): Error: this loop invariant could not be proved on entry
   |
16 |     invariant l_list != 0
   |                      ^^

houdafny.dfy(16,21): Related message: loop invariant violation
   |
16 |     invariant l_list != 0
   |                      ^^

houdafny.dfy(17,21): Error: this loop invariant could not be proved on entry
   |
17 |     invariant l_size != 0
   |                      ^^

houdafny.dfy(17,21): Related message: loop invariant violation
   |
17 |     invariant l_size != 0
   |                      ^^

houdafny.dfy(18,21): Error: this loop invariant could not be proved on entry
   |
18 |     invariant l_size >= 1
   |                      ^^

houdafny.dfy(18,21): Related message: loop invariant violation
   |
18 |     invariant l_size >= 1
   |                      ^^

houdafny.dfy(20,21): Error: this loop invariant could not be proved on entry
   |
20 |     invariant l_list != l_size
   |                      ^^

houdafny.dfy(20,21): Related message: loop invariant violation
   |
20 |     invariant l_list != l_size
   |                      ^^

houdafny.dfy(27,23): Error: this invariant could not be proved to be maintained by the loop
   |
27 |       invariant l_list != 0
   |                        ^^

houdafny.dfy(27,23): Related message: loop invariant violation
   |
27 |       invariant l_list != 0
   |                        ^^

houdafny.dfy(29,23): Error: this loop invariant could not be proved on entry
   |
29 |       invariant l_size >= 2
   |                        ^^

houdafny.dfy(29,23): Related message: loop invariant violation
   |
29 |       invariant l_size >= 2
   |                        ^^

houdafny.dfy(31,20): Error: this invariant could not be proved to be maintained by the loop
   |
31 |       invariant l_j != 0
   |                     ^^

houdafny.dfy(31,20): Related message: loop invariant violation
   |
31 |       invariant l_j != 0
   |                     ^^

houdafny.dfy(33,23): Error: this invariant could not be proved to be maintained by the loop
   |
33 |       invariant l_list != l_size
   |                        ^^

houdafny.dfy(33,23): Related message: loop invariant violation
   |
33 |       invariant l_list != l_size
   |                        ^^

houdafny.dfy(34,23): Error: this invariant could not be proved to be maintained by the loop
   |
34 |       invariant l_list != l_i
   |                        ^^

houdafny.dfy(34,23): Related message: loop invariant violation
   |
34 |       invariant l_list != l_i
   |                        ^^

houdafny.dfy(35,23): Error: this loop invariant could not be proved on entry
   |
35 |       invariant l_list != l_j
   |                        ^^

houdafny.dfy(35,23): Related message: loop invariant violation
   |
35 |       invariant l_list != l_j
   |                        ^^

houdafny.dfy(35,23): Error: this invariant could not be proved to be maintained by the loop
   |
35 |       invariant l_list != l_j
   |                        ^^

houdafny.dfy(35,23): Related message: loop invariant violation
   |
35 |       invariant l_list != l_j
   |                        ^^

houdafny.dfy(38,20): Error: this loop invariant could not be proved on entry
   |
38 |       invariant l_i < l_j
   |                     ^

houdafny.dfy(38,20): Related message: loop invariant violation
   |
38 |       invariant l_i < l_j
   |                     ^

houdafny.dfy(38,20): Error: this invariant could not be proved to be maintained by the loop
   |
38 |       invariant l_i < l_j
   |                     ^

houdafny.dfy(38,20): Related message: loop invariant violation
   |
38 |       invariant l_i < l_j
   |                     ^


Dafny program verifier finished with 0 verified, 13 errors

Writing Dafny to houdafny.dfy...
Done
Running Dafny verification...
houdafny.dfy(1,27): Warning: deprecated style: a semi-colon is not needed here
  |
1 | const epsilon: real := 0.01;
  |                            ^

houdafny.dfy(17,21): Error: this loop invariant could not be proved on entry
   |
17 |     invariant l_list != l_i
   |                      ^^

houdafny.dfy(17,21): Related message: loop invariant violation
   |
17 |     invariant l_list != l_i
   |                      ^^

houdafny.dfy(17,21): Error: this invariant could not be proved to be maintained by the loop
   |
17 |     invariant l_list != l_i
   |                      ^^

houdafny.dfy(17,21): Related message: loop invariant violation
   |
17 |     invariant l_list != l_i
   |                      ^^

houdafny.dfy(18,21): Error: this loop invariant could not be proved on entry
   |
18 |     invariant l_size > l_i
   |                      ^

houdafny.dfy(18,21): Related message: loop invariant violation
   |
18 |     invariant l_size > l_i
   |                      ^

houdafny.dfy(18,21): Error: this invariant could not be proved to be maintained by the loop
   |
18 |     invariant l_size > l_i
   |                      ^

houdafny.dfy(18,21): Related message: loop invariant violation
   |
18 |     invariant l_size > l_i
   |                      ^

houdafny.dfy(25,20): Error: this loop invariant could not be proved on entry
   |
25 |       invariant l_j >= 1
   |                     ^^

houdafny.dfy(25,20): Related message: loop invariant violation
   |
25 |       invariant l_j >= 1
   |                     ^^

houdafny.dfy(25,20): Error: this invariant could not be proved to be maintained by the loop
   |
25 |       invariant l_j >= 1
   |                     ^^

houdafny.dfy(25,20): Related message: loop invariant violation
   |
25 |       invariant l_j >= 1
   |                     ^^


Dafny program verifier finished with 0 verified, 6 errors

Writing Dafny to houdafny.dfy...
Done
Running Dafny verification...
houdafny.dfy(1,27): Warning: deprecated style: a semi-colon is not needed here
  |
1 | const epsilon: real := 0.01;
  |                            ^

houdafny.dfy(43,21): Error: this loop invariant could not be proved on entry
   |
43 |     invariant l_list == r_list
   |                      ^^

houdafny.dfy(43,21): Related message: loop invariant violation
   |
43 |     invariant l_list == r_list
   |                      ^^

houdafny.dfy(46,21): Error: this loop invariant could not be proved on entry
   |
46 |     invariant l_size == l_i
   |                      ^^

houdafny.dfy(46,21): Related message: loop invariant violation
   |
46 |     invariant l_size == l_i
   |                      ^^

houdafny.dfy(52,21): Error: this loop invariant could not be proved on entry
   |
52 |     invariant l_list != 0
   |                      ^^

houdafny.dfy(52,21): Related message: loop invariant violation
   |
52 |     invariant l_list != 0
   |                      ^^

houdafny.dfy(53,21): Error: this loop invariant could not be proved on entry
   |
53 |     invariant l_size != 0
   |                      ^^

houdafny.dfy(53,21): Related message: loop invariant violation
   |
53 |     invariant l_size != 0
   |                      ^^

houdafny.dfy(56,21): Error: this loop invariant could not be proved on entry
   |
56 |     invariant l_list != l_size
   |                      ^^

houdafny.dfy(56,21): Related message: loop invariant violation
   |
56 |     invariant l_list != l_size
   |                      ^^

houdafny.dfy(63,23): Error: this invariant could not be proved to be maintained by the loop
   |
63 |       invariant l_list == r_list
   |                        ^^

houdafny.dfy(63,23): Related message: loop invariant violation
   |
63 |       invariant l_list == r_list
   |                        ^^

houdafny.dfy(74,23): Error: this loop invariant could not be proved on entry
   |
74 |       invariant l_size >= 2
   |                        ^^

houdafny.dfy(74,23): Related message: loop invariant violation
   |
74 |       invariant l_size >= 2
   |                        ^^

houdafny.dfy(76,20): Error: this invariant could not be proved to be maintained by the loop
   |
76 |       invariant r_j != 0
   |                     ^^

houdafny.dfy(76,20): Related message: loop invariant violation
   |
76 |       invariant r_j != 0
   |                     ^^

houdafny.dfy(80,23): Error: this loop invariant could not be proved on entry
   |
80 |       invariant l_list != r_j
   |                        ^^

houdafny.dfy(80,23): Related message: loop invariant violation
   |
80 |       invariant l_list != r_j
   |                        ^^

houdafny.dfy(80,23): Error: this invariant could not be proved to be maintained by the loop
   |
80 |       invariant l_list != r_j
   |                        ^^

houdafny.dfy(80,23): Related message: loop invariant violation
   |
80 |       invariant l_list != r_j
   |                        ^^

houdafny.dfy(83,20): Error: this loop invariant could not be proved on entry
   |
83 |       invariant r_i < r_j
   |                     ^

houdafny.dfy(83,20): Related message: loop invariant violation
   |
83 |       invariant r_i < r_j
   |                     ^

houdafny.dfy(83,20): Error: this invariant could not be proved to be maintained by the loop
   |
83 |       invariant r_i < r_j
   |                     ^

houdafny.dfy(83,20): Related message: loop invariant violation
   |
83 |       invariant r_i < r_j
   |                     ^


Dafny program verifier finished with 0 verified, 12 errors

Writing Dafny to houdafny.dfy...
Done
Running Dafny verification...
houdafny.dfy(1,27): Warning: deprecated style: a semi-colon is not needed here
  |
1 | const epsilon: real := 0.01;
  |                            ^

houdafny.dfy(43,21): Error: this loop invariant could not be proved on entry
   |
43 |     invariant l_list <= r_list
   |                      ^^

houdafny.dfy(43,21): Related message: loop invariant violation
   |
43 |     invariant l_list <= r_list
   |                      ^^

houdafny.dfy(44,21): Error: this loop invariant could not be proved on entry
   |
44 |     invariant l_list >= r_list
   |                      ^^

houdafny.dfy(44,21): Related message: loop invariant violation
   |
44 |     invariant l_list >= r_list
   |                      ^^

houdafny.dfy(46,21): Error: this loop invariant could not be proved on entry
   |
46 |     invariant l_size >= l_i
   |                      ^^

houdafny.dfy(46,21): Related message: loop invariant violation
   |
46 |     invariant l_size >= l_i
   |                      ^^

houdafny.dfy(50,21): Error: this loop invariant could not be proved on entry
   |
50 |     invariant l_size >= 1
   |                      ^^

houdafny.dfy(50,21): Related message: loop invariant violation
   |
50 |     invariant l_size >= 1
   |                      ^^

houdafny.dfy(52,21): Error: this loop invariant could not be proved on entry
   |
52 |     invariant l_list != r_i
   |                      ^^

houdafny.dfy(52,21): Related message: loop invariant violation
   |
52 |     invariant l_list != r_i
   |                      ^^

houdafny.dfy(52,21): Error: this invariant could not be proved to be maintained by the loop
   |
52 |     invariant l_list != r_i
   |                      ^^

houdafny.dfy(52,21): Related message: loop invariant violation
   |
52 |     invariant l_list != r_i
   |                      ^^

houdafny.dfy(53,21): Error: this invariant could not be proved to be maintained by the loop
   |
53 |     invariant l_size > r_i
   |                      ^

houdafny.dfy(53,21): Related message: loop invariant violation
   |
53 |     invariant l_size > r_i
   |                      ^

houdafny.dfy(58,23): Error: this invariant could not be proved to be maintained by the loop
   |
58 |       invariant l_list <= r_list
   |                        ^^

houdafny.dfy(58,23): Related message: loop invariant violation
   |
58 |       invariant l_list <= r_list
   |                        ^^

houdafny.dfy(59,23): Error: this invariant could not be proved to be maintained by the loop
   |
59 |       invariant l_list >= r_list
   |                        ^^

houdafny.dfy(59,23): Related message: loop invariant violation
   |
59 |       invariant l_list >= r_list
   |                        ^^

houdafny.dfy(69,20): Error: this loop invariant could not be proved on entry
   |
69 |       invariant r_j >= 1
   |                     ^^

houdafny.dfy(69,20): Related message: loop invariant violation
   |
69 |       invariant r_j >= 1
   |                     ^^

houdafny.dfy(69,20): Error: this invariant could not be proved to be maintained by the loop
   |
69 |       invariant r_j >= 1
   |                     ^^

houdafny.dfy(69,20): Related message: loop invariant violation
   |
69 |       invariant r_j >= 1
   |                     ^^

houdafny.dfy(70,23): Error: this loop invariant could not be proved on entry
   |
70 |       invariant l_list != l_size
   |                        ^^

houdafny.dfy(70,23): Related message: loop invariant violation
   |
70 |       invariant l_list != l_size
   |                        ^^


Dafny program verifier finished with 0 verified, 12 errors

Writing Dafny to houdafny.dfy...
Done
Running Dafny verification...
houdafny.dfy(1,27): Warning: deprecated style: a semi-colon is not needed here
  |
1 | const epsilon: real := 0.01;
  |                            ^

houdafny.dfy(52,23): Error: this loop invariant could not be proved on entry
   |
52 |       invariant l_size == l_i
   |                        ^^

houdafny.dfy(52,23): Related message: loop invariant violation
   |
52 |       invariant l_size == l_i
   |                        ^^

houdafny.dfy(58,23): Error: this loop invariant could not be proved on entry
   |
58 |       invariant l_list != 0
   |                        ^^

houdafny.dfy(58,23): Related message: loop invariant violation
   |
58 |       invariant l_list != 0
   |                        ^^

houdafny.dfy(61,23): Error: this loop invariant could not be proved on entry
   |
61 |       invariant l_list != r_i
   |                        ^^

houdafny.dfy(61,23): Related message: loop invariant violation
   |
61 |       invariant l_list != r_i
   |                        ^^

houdafny.dfy(77,8): Error: assertion might not hold
   |
77 |   assert(forall j: int :: (((!(read(l_list, j) < read(r_list, j))) || ((read(r_list, j) - read(l_list, j)) < epsilon)) && ((!(read(l_list, j) >= read(r_list, j))) || ((read(l_list, j) - read(r_list, j)) < epsilon))));
   |         ^^^^^^^^^^^^^^^^^^^^^^^^^^^^^^^^^^^^^^^^^^^^^^^^^^^^^^^^^^^^^^^^^^^^^^^^^^^^^^^^^^^^^^^^^^^^^^^^^^^^^^^^^^^^^^^^^^^^^^^^^^^^^^^^^^^^^^^^^^^^^^^^^^^^^^^^^^^^^^^^^^^^^^^^^^^^^^^^^^^^^^^^^^^^^^^^^^^^^^^^^^^^^^^^


Dafny program verifier finished with 0 verified, 4 errors

Writing Dafny to houdafny.dfy...
Done
Running Dafny verification...
houdafny.dfy(1,27): Warning: deprecated style: a semi-colon is not needed here
  |
1 | const epsilon: real := 0.01;
  |                            ^

houdafny.dfy(53,23): Error: this loop invariant could not be proved on entry
   |
53 |       invariant l_size >= l_i
   |                        ^^

houdafny.dfy(53,23): Related message: loop invariant violation
   |
53 |       invariant l_size >= l_i
   |                        ^^

houdafny.dfy(74,8): Error: assertion might not hold
   |
74 |   assert(forall j: int :: (((!(read(l_list, j) < read(r_list, j))) || ((read(r_list, j) - read(l_list, j)) < epsilon)) && ((!(read(l_list, j) >= read(r_list, j))) || ((read(l_list, j) - read(r_list, j)) < epsilon))));
   |         ^^^^^^^^^^^^^^^^^^^^^^^^^^^^^^^^^^^^^^^^^^^^^^^^^^^^^^^^^^^^^^^^^^^^^^^^^^^^^^^^^^^^^^^^^^^^^^^^^^^^^^^^^^^^^^^^^^^^^^^^^^^^^^^^^^^^^^^^^^^^^^^^^^^^^^^^^^^^^^^^^^^^^^^^^^^^^^^^^^^^^^^^^^^^^^^^^^^^^^^^^^^^^^^^


Dafny program verifier finished with 0 verified, 2 errors

Writing Dafny to houdafny.dfy...
Done
Running Dafny verification...
houdafny.dfy(1,27): Warning: deprecated style: a semi-colon is not needed here
  |
1 | const epsilon: real := 0.01;
  |                            ^

houdafny.dfy(73,8): Error: assertion might not hold
   |
73 |   assert(forall j: int :: (((!(read(l_list, j) < read(r_list, j))) || ((read(r_list, j) - read(l_list, j)) < epsilon)) && ((!(read(l_list, j) >= read(r_list, j))) || ((read(l_list, j) - read(r_list, j)) < epsilon))));
   |         ^^^^^^^^^^^^^^^^^^^^^^^^^^^^^^^^^^^^^^^^^^^^^^^^^^^^^^^^^^^^^^^^^^^^^^^^^^^^^^^^^^^^^^^^^^^^^^^^^^^^^^^^^^^^^^^^^^^^^^^^^^^^^^^^^^^^^^^^^^^^^^^^^^^^^^^^^^^^^^^^^^^^^^^^^^^^^^^^^^^^^^^^^^^^^^^^^^^^^^^^^^^^^^^^


Dafny program verifier finished with 0 verified, 1 error

Writing output to ./results/alignments/dafny/barthe/unaligned/bubblesort-una.dfy...
Done

Per-Task Times (ms)
-------------------
align-none: 0
aligned-crel: 0
invars-daikon: 8393
houdafny: 13274
aligned-output: 0
write-product: 0

KestRel completed in 21668ms
Verified: false

real	0m21.972s
user	0m23.980s
sys	0m1.476s
