Treating naive product as final alignment.
Writing Daikon to daikon_output.c...
Done
Compiling Daikon output...
Running Kvasir...
==33211== kvasir-5.8.18, C/C++ Language Front-End for Daikon with DynComp comparability analysis tool.
==33211== Copyright (C) 2007-2022, University of Washington CSE PLSE Group
==33211== Using Valgrind-3.19.0.Fjalar and LibVEX; rerun with -h for copyright info
==33211== Command: ./daikon_output
==33211== 
==33211== 
==33211== For lists of detected and suppressed errors, rerun with: -s
==33211== ERROR SUMMARY: 0 errors from 0 contexts (suppressed: 0 from 0)
Running Daikon...
Writing Dafny to houdafny.dfy...
Done
Running Dafny verification...
houdafny.dfy(17,18): Error: this loop invariant could not be proved on entry
   |
17 |     invariant l_a != 0
   |                   ^^

houdafny.dfy(17,18): Related message: loop invariant violation
   |
17 |     invariant l_a != 0
   |                   ^^

houdafny.dfy(18,18): Error: this loop invariant could not be proved on entry
   |
18 |     invariant l_b != 0
   |                   ^^

houdafny.dfy(18,18): Related message: loop invariant violation
   |
18 |     invariant l_b != 0
   |                   ^^

houdafny.dfy(18,18): Error: this invariant could not be proved to be maintained by the loop
   |
18 |     invariant l_b != 0
   |                   ^^

houdafny.dfy(18,18): Related message: loop invariant violation
   |
18 |     invariant l_b != 0
   |                   ^^

houdafny.dfy(23,18): Error: this loop invariant could not be proved on entry
   |
23 |     invariant l_d != 0
   |                   ^^

houdafny.dfy(23,18): Related message: loop invariant violation
   |
23 |     invariant l_d != 0
   |                   ^^

houdafny.dfy(23,18): Error: this invariant could not be proved to be maintained by the loop
   |
23 |     invariant l_d != 0
   |                   ^^

houdafny.dfy(23,18): Related message: loop invariant violation
   |
23 |     invariant l_d != 0
   |                   ^^

houdafny.dfy(24,18): Error: this loop invariant could not be proved on entry
   |
24 |     invariant l_a != l_b
   |                   ^^

houdafny.dfy(24,18): Related message: loop invariant violation
   |
24 |     invariant l_a != l_b
   |                   ^^

houdafny.dfy(24,18): Error: this invariant could not be proved to be maintained by the loop
   |
24 |     invariant l_a != l_b
   |                   ^^

houdafny.dfy(24,18): Related message: loop invariant violation
   |
24 |     invariant l_a != l_b
   |                   ^^

houdafny.dfy(25,18): Error: this loop invariant could not be proved on entry
   |
25 |     invariant l_a != l_size
   |                   ^^

houdafny.dfy(25,18): Related message: loop invariant violation
   |
25 |     invariant l_a != l_size
   |                   ^^

houdafny.dfy(26,18): Error: this loop invariant could not be proved on entry
   |
26 |     invariant l_a != l_i
   |                   ^^

houdafny.dfy(26,18): Related message: loop invariant violation
   |
26 |     invariant l_a != l_i
   |                   ^^

houdafny.dfy(26,18): Error: this invariant could not be proved to be maintained by the loop
   |
26 |     invariant l_a != l_i
   |                   ^^

houdafny.dfy(26,18): Related message: loop invariant violation
   |
26 |     invariant l_a != l_i
   |                   ^^

houdafny.dfy(27,18): Error: this loop invariant could not be proved on entry
   |
27 |     invariant l_a != l_d
   |                   ^^

houdafny.dfy(27,18): Related message: loop invariant violation
   |
27 |     invariant l_a != l_d
   |                   ^^

houdafny.dfy(27,18): Error: this invariant could not be proved to be maintained by the loop
   |
27 |     invariant l_a != l_d
   |                   ^^

houdafny.dfy(27,18): Related message: loop invariant violation
   |
27 |     invariant l_a != l_d
   |                   ^^

houdafny.dfy(28,18): Error: this loop invariant could not be proved on entry
   |
28 |     invariant l_b != l_size
   |                   ^^

houdafny.dfy(28,18): Related message: loop invariant violation
   |
28 |     invariant l_b != l_size
   |                   ^^

houdafny.dfy(28,18): Error: this invariant could not be proved to be maintained by the loop
   |
28 |     invariant l_b != l_size
   |                   ^^

houdafny.dfy(28,18): Related message: loop invariant violation
   |
28 |     invariant l_b != l_size
   |                   ^^

houdafny.dfy(29,18): Error: this loop invariant could not be proved on entry
   |
29 |     invariant l_b != l_i
   |                   ^^

houdafny.dfy(29,18): Related message: loop invariant violation
   |
29 |     invariant l_b != l_i
   |                   ^^

houdafny.dfy(29,18): Error: this invariant could not be proved to be maintained by the loop
   |
29 |     invariant l_b != l_i
   |                   ^^

houdafny.dfy(29,18): Related message: loop invariant violation
   |
29 |     invariant l_b != l_i
   |                   ^^

houdafny.dfy(30,18): Error: this loop invariant could not be proved on entry
   |
30 |     invariant l_b != l_d
   |                   ^^

houdafny.dfy(30,18): Related message: loop invariant violation
   |
30 |     invariant l_b != l_d
   |                   ^^

houdafny.dfy(30,18): Error: this invariant could not be proved to be maintained by the loop
   |
30 |     invariant l_b != l_d
   |                   ^^

houdafny.dfy(30,18): Related message: loop invariant violation
   |
30 |     invariant l_b != l_d
   |                   ^^

houdafny.dfy(31,21): Error: this invariant could not be proved to be maintained by the loop
   |
31 |     invariant l_size >= l_i
   |                      ^^

houdafny.dfy(31,21): Related message: loop invariant violation
   |
31 |     invariant l_size >= l_i
   |                      ^^

houdafny.dfy(32,21): Error: this loop invariant could not be proved on entry
   |
32 |     invariant l_size != l_d
   |                      ^^

houdafny.dfy(32,21): Related message: loop invariant violation
   |
32 |     invariant l_size != l_d
   |                      ^^

houdafny.dfy(32,21): Error: this invariant could not be proved to be maintained by the loop
   |
32 |     invariant l_size != l_d
   |                      ^^

houdafny.dfy(32,21): Related message: loop invariant violation
   |
32 |     invariant l_size != l_d
   |                      ^^

houdafny.dfy(33,18): Error: this loop invariant could not be proved on entry
   |
33 |     invariant l_i != l_d
   |                   ^^

houdafny.dfy(33,18): Related message: loop invariant violation
   |
33 |     invariant l_i != l_d
   |                   ^^

houdafny.dfy(33,18): Error: this invariant could not be proved to be maintained by the loop
   |
33 |     invariant l_i != l_d
   |                   ^^

houdafny.dfy(33,18): Related message: loop invariant violation
   |
33 |     invariant l_i != l_d
   |                   ^^


Dafny program verifier finished with 0 verified, 23 errors

Writing Dafny to houdafny.dfy...
Done
Running Dafny verification...
houdafny.dfy(40,18): Error: this loop invariant could not be proved on entry
   |
40 |     invariant l_a != 0
   |                   ^^

houdafny.dfy(40,18): Related message: loop invariant violation
   |
40 |     invariant l_a != 0
   |                   ^^

houdafny.dfy(41,18): Error: this loop invariant could not be proved on entry
   |
41 |     invariant l_b != 0
   |                   ^^

houdafny.dfy(41,18): Related message: loop invariant violation
   |
41 |     invariant l_b != 0
   |                   ^^

houdafny.dfy(44,18): Error: this loop invariant could not be proved on entry
   |
44 |     invariant l_d != 0
   |                   ^^

houdafny.dfy(44,18): Related message: loop invariant violation
   |
44 |     invariant l_d != 0
   |                   ^^

houdafny.dfy(45,18): Error: this loop invariant could not be proved on entry
   |
45 |     invariant r_b != 0
   |                   ^^

houdafny.dfy(45,18): Related message: loop invariant violation
   |
45 |     invariant r_b != 0
   |                   ^^

houdafny.dfy(48,18): Error: this loop invariant could not be proved on entry
   |
48 |     invariant r_d != 0
   |                   ^^

houdafny.dfy(48,18): Related message: loop invariant violation
   |
48 |     invariant r_d != 0
   |                   ^^

houdafny.dfy(49,18): Error: this loop invariant could not be proved on entry
   |
49 |     invariant l_a != l_b
   |                   ^^

houdafny.dfy(49,18): Related message: loop invariant violation
   |
49 |     invariant l_a != l_b
   |                   ^^

houdafny.dfy(50,18): Error: this loop invariant could not be proved on entry
   |
50 |     invariant l_a != l_size
   |                   ^^

houdafny.dfy(50,18): Related message: loop invariant violation
   |
50 |     invariant l_a != l_size
   |                   ^^

houdafny.dfy(51,18): Error: this loop invariant could not be proved on entry
   |
51 |     invariant l_a != l_i
   |                   ^^

houdafny.dfy(51,18): Related message: loop invariant violation
   |
51 |     invariant l_a != l_i
   |                   ^^

houdafny.dfy(52,18): Error: this loop invariant could not be proved on entry
   |
52 |     invariant l_a != l_d
   |                   ^^

houdafny.dfy(52,18): Related message: loop invariant violation
   |
52 |     invariant l_a != l_d
   |                   ^^

houdafny.dfy(53,18): Error: this loop invariant could not be proved on entry
   |
53 |     invariant l_a != r_b
   |                   ^^

houdafny.dfy(53,18): Related message: loop invariant violation
   |
53 |     invariant l_a != r_b
   |                   ^^

houdafny.dfy(54,18): Error: this loop invariant could not be proved on entry
   |
54 |     invariant l_a != r_j
   |                   ^^

houdafny.dfy(54,18): Related message: loop invariant violation
   |
54 |     invariant l_a != r_j
   |                   ^^

houdafny.dfy(55,18): Error: this loop invariant could not be proved on entry
   |
55 |     invariant l_a != r_d
   |                   ^^

houdafny.dfy(55,18): Related message: loop invariant violation
   |
55 |     invariant l_a != r_d
   |                   ^^

houdafny.dfy(56,18): Error: this loop invariant could not be proved on entry
   |
56 |     invariant l_b != l_size
   |                   ^^

houdafny.dfy(56,18): Related message: loop invariant violation
   |
56 |     invariant l_b != l_size
   |                   ^^

houdafny.dfy(57,18): Error: this loop invariant could not be proved on entry
   |
57 |     invariant l_b != l_i
   |                   ^^

houdafny.dfy(57,18): Related message: loop invariant violation
   |
57 |     invariant l_b != l_i
   |                   ^^

houdafny.dfy(58,18): Error: this loop invariant could not be proved on entry
   |
58 |     invariant l_b != l_d
   |                   ^^

houdafny.dfy(58,18): Related message: loop invariant violation
   |
58 |     invariant l_b != l_d
   |                   ^^

houdafny.dfy(59,18): Error: this loop invariant could not be proved on entry
   |
59 |     invariant l_b != r_b
   |                   ^^

houdafny.dfy(59,18): Related message: loop invariant violation
   |
59 |     invariant l_b != r_b
   |                   ^^

houdafny.dfy(60,18): Error: this loop invariant could not be proved on entry
   |
60 |     invariant l_b != r_j
   |                   ^^

houdafny.dfy(60,18): Related message: loop invariant violation
   |
60 |     invariant l_b != r_j
   |                   ^^

houdafny.dfy(61,18): Error: this loop invariant could not be proved on entry
   |
61 |     invariant l_b != r_d
   |                   ^^

houdafny.dfy(61,18): Related message: loop invariant violation
   |
61 |     invariant l_b != r_d
   |                   ^^

houdafny.dfy(62,35): Error: this loop invariant could not be proved on entry
   |
62 |     invariant (l_size - (l_i + 1)) == 0
   |                                    ^^

houdafny.dfy(62,35): Related message: loop invariant violation
   |
62 |     invariant (l_size - (l_i + 1)) == 0
   |                                    ^^


Dafny program verifier finished with 0 verified, 19 errors

Writing Dafny to houdafny.dfy...
Done
Running Dafny verification...
houdafny.dfy(45,35): Error: this loop invariant could not be proved on entry
   |
45 |     invariant (l_size - (l_i + 1)) >= 0
   |                                    ^^

houdafny.dfy(45,35): Related message: loop invariant violation
   |
45 |     invariant (l_size - (l_i + 1)) >= 0
   |                                    ^^


Dafny program verifier finished with 0 verified, 1 error

Writing Dafny to houdafny.dfy...
Done
Running Dafny verification...
houdafny.dfy(45,21): Error: this loop invariant could not be proved on entry
   |
45 |     invariant l_size != l_d
   |                      ^^

houdafny.dfy(45,21): Related message: loop invariant violation
   |
45 |     invariant l_size != l_d
   |                      ^^

houdafny.dfy(46,21): Error: this loop invariant could not be proved on entry
   |
46 |     invariant l_size != r_b
   |                      ^^

houdafny.dfy(46,21): Related message: loop invariant violation
   |
46 |     invariant l_size != r_b
   |                      ^^

houdafny.dfy(46,21): Error: this invariant could not be proved to be maintained by the loop
   |
46 |     invariant l_size != r_b
   |                      ^^

houdafny.dfy(46,21): Related message: loop invariant violation
   |
46 |     invariant l_size != r_b
   |                      ^^

houdafny.dfy(47,21): Error: this loop invariant could not be proved on entry
   |
47 |     invariant l_size > r_j
   |                      ^

houdafny.dfy(47,21): Related message: loop invariant violation
   |
47 |     invariant l_size > r_j
   |                      ^

houdafny.dfy(47,21): Error: this invariant could not be proved to be maintained by the loop
   |
47 |     invariant l_size > r_j
   |                      ^

houdafny.dfy(47,21): Related message: loop invariant violation
   |
47 |     invariant l_size > r_j
   |                      ^

houdafny.dfy(48,21): Error: this loop invariant could not be proved on entry
   |
48 |     invariant l_size != r_d
   |                      ^^

houdafny.dfy(48,21): Related message: loop invariant violation
   |
48 |     invariant l_size != r_d
   |                      ^^

houdafny.dfy(48,21): Error: this invariant could not be proved to be maintained by the loop
   |
48 |     invariant l_size != r_d
   |                      ^^

houdafny.dfy(48,21): Related message: loop invariant violation
   |
48 |     invariant l_size != r_d
   |                      ^^

houdafny.dfy(49,18): Error: this loop invariant could not be proved on entry
   |
49 |     invariant l_i != l_d
   |                   ^^

houdafny.dfy(49,18): Related message: loop invariant violation
   |
49 |     invariant l_i != l_d
   |                   ^^

houdafny.dfy(50,18): Error: this loop invariant could not be proved on entry
   |
50 |     invariant l_i != r_b
   |                   ^^

houdafny.dfy(50,18): Related message: loop invariant violation
   |
50 |     invariant l_i != r_b
   |                   ^^

houdafny.dfy(50,18): Error: this invariant could not be proved to be maintained by the loop
   |
50 |     invariant l_i != r_b
   |                   ^^

houdafny.dfy(50,18): Related message: loop invariant violation
   |
50 |     invariant l_i != r_b
   |                   ^^

houdafny.dfy(52,18): Error: this loop invariant could not be proved on entry
   |
52 |     invariant l_i != r_d
   |                   ^^

houdafny.dfy(52,18): Related message: loop invariant violation
   |
52 |     invariant l_i != r_d
   |                   ^^

houdafny.dfy(52,18): Error: this invariant could not be proved to be maintained by the loop
   |
52 |     invariant l_i != r_d
   |                   ^^

houdafny.dfy(52,18): Related message: loop invariant violation
   |
52 |     invariant l_i != r_d
   |                   ^^

houdafny.dfy(53,18): Error: this loop invariant could not be proved on entry
   |
53 |     invariant l_d != r_b
   |                   ^^

houdafny.dfy(53,18): Related message: loop invariant violation
   |
53 |     invariant l_d != r_b
   |                   ^^

houdafny.dfy(53,18): Error: this invariant could not be proved to be maintained by the loop
   |
53 |     invariant l_d != r_b
   |                   ^^

houdafny.dfy(53,18): Related message: loop invariant violation
   |
53 |     invariant l_d != r_b
   |                   ^^

houdafny.dfy(54,18): Error: this loop invariant could not be proved on entry
   |
54 |     invariant l_d != r_j
   |                   ^^

houdafny.dfy(54,18): Related message: loop invariant violation
   |
54 |     invariant l_d != r_j
   |                   ^^

houdafny.dfy(54,18): Error: this invariant could not be proved to be maintained by the loop
   |
54 |     invariant l_d != r_j
   |                   ^^

houdafny.dfy(54,18): Related message: loop invariant violation
   |
54 |     invariant l_d != r_j
   |                   ^^

houdafny.dfy(55,18): Error: this loop invariant could not be proved on entry
   |
55 |     invariant l_d != r_d
   |                   ^^

houdafny.dfy(55,18): Related message: loop invariant violation
   |
55 |     invariant l_d != r_d
   |                   ^^

houdafny.dfy(55,18): Error: this invariant could not be proved to be maintained by the loop
   |
55 |     invariant l_d != r_d
   |                   ^^

houdafny.dfy(55,18): Related message: loop invariant violation
   |
55 |     invariant l_d != r_d
   |                   ^^

houdafny.dfy(56,18): Error: this loop invariant could not be proved on entry
   |
56 |     invariant r_b != r_j
   |                   ^^

houdafny.dfy(56,18): Related message: loop invariant violation
   |
56 |     invariant r_b != r_j
   |                   ^^

houdafny.dfy(56,18): Error: this invariant could not be proved to be maintained by the loop
   |
56 |     invariant r_b != r_j
   |                   ^^

houdafny.dfy(56,18): Related message: loop invariant violation
   |
56 |     invariant r_b != r_j
   |                   ^^

houdafny.dfy(57,18): Error: this loop invariant could not be proved on entry
   |
57 |     invariant r_b != r_d
   |                   ^^

houdafny.dfy(57,18): Related message: loop invariant violation
   |
57 |     invariant r_b != r_d
   |                   ^^

houdafny.dfy(57,18): Error: this invariant could not be proved to be maintained by the loop
   |
57 |     invariant r_b != r_d
   |                   ^^

houdafny.dfy(57,18): Related message: loop invariant violation
   |
57 |     invariant r_b != r_d
   |                   ^^

houdafny.dfy(58,18): Error: this loop invariant could not be proved on entry
   |
58 |     invariant r_j != r_d
   |                   ^^

houdafny.dfy(58,18): Related message: loop invariant violation
   |
58 |     invariant r_j != r_d
   |                   ^^

houdafny.dfy(58,18): Error: this invariant could not be proved to be maintained by the loop
   |
58 |     invariant r_j != r_d
   |                   ^^

houdafny.dfy(58,18): Related message: loop invariant violation
   |
58 |     invariant r_j != r_d
   |                   ^^


Dafny program verifier finished with 0 verified, 24 errors

Writing Dafny to houdafny.dfy...
Done
Running Dafny verification...
houdafny.dfy(52,8): Error: assertion might not hold
   |
52 |   assert(l_d == r_d);
   |         ^^^^^^^^^^^^


Dafny program verifier finished with 0 verified, 1 error

Writing output to ./results/alignments/dafny/barthe/unaligned/loop-alignment-una.dfy...
Done

Per-Task Times (ms)
-------------------
align-none: 0
aligned-crel: 0
invars-daikon: 1201
houdafny: 9573
aligned-output: 0
write-product: 1

KestRel completed in 10776ms
Verified: false

real	0m10.826s
user	0m12.346s
sys	0m0.822s
