Treating naive product as final alignment.
Writing Daikon to daikon_output.c...
Done
Compiling Daikon output...
Running Kvasir...
==33636== kvasir-5.8.18, C/C++ Language Front-End for Daikon with DynComp comparability analysis tool.
==33636== Copyright (C) 2007-2022, University of Washington CSE PLSE Group
==33636== Using Valgrind-3.19.0.Fjalar and LibVEX; rerun with -h for copyright info
==33636== Command: ./daikon_output
==33636== 
==33636== 
==33636== For lists of detected and suppressed errors, rerun with: -s
==33636== ERROR SUMMARY: 0 errors from 0 contexts (suppressed: 0 from 0)
Running Daikon...
Writing Dafny to houdafny.dfy...
Done
Running Dafny verification...
houdafny.dfy(18,18): Error: this loop invariant could not be proved on entry
   |
18 |     invariant l_a != 0
   |                   ^^

houdafny.dfy(18,18): Related message: loop invariant violation
   |
18 |     invariant l_a != 0
   |                   ^^

houdafny.dfy(18,18): Error: this invariant could not be proved to be maintained by the loop
   |
18 |     invariant l_a != 0
   |                   ^^

houdafny.dfy(18,18): Related message: loop invariant violation
   |
18 |     invariant l_a != 0
   |                   ^^

houdafny.dfy(19,18): Error: this loop invariant could not be proved on entry
   |
19 |     invariant l_b != 0
   |                   ^^

houdafny.dfy(19,18): Related message: loop invariant violation
   |
19 |     invariant l_b != 0
   |                   ^^

houdafny.dfy(19,18): Error: this invariant could not be proved to be maintained by the loop
   |
19 |     invariant l_b != 0
   |                   ^^

houdafny.dfy(19,18): Related message: loop invariant violation
   |
19 |     invariant l_b != 0
   |                   ^^

houdafny.dfy(20,18): Error: this loop invariant could not be proved on entry
   |
20 |     invariant l_c != 0
   |                   ^^

houdafny.dfy(20,18): Related message: loop invariant violation
   |
20 |     invariant l_c != 0
   |                   ^^

houdafny.dfy(21,18): Error: this loop invariant could not be proved on entry
   |
21 |     invariant l_k != 0
   |                   ^^

houdafny.dfy(21,18): Related message: loop invariant violation
   |
21 |     invariant l_k != 0
   |                   ^^

houdafny.dfy(22,18): Error: this loop invariant could not be proved on entry
   |
22 |     invariant l_x != 0
   |                   ^^

houdafny.dfy(22,18): Related message: loop invariant violation
   |
22 |     invariant l_x != 0
   |                   ^^

houdafny.dfy(24,18): Error: this loop invariant could not be proved on entry
   |
24 |     invariant l_a != l_b
   |                   ^^

houdafny.dfy(24,18): Related message: loop invariant violation
   |
24 |     invariant l_a != l_b
   |                   ^^

houdafny.dfy(24,18): Error: this invariant could not be proved to be maintained by the loop
   |
24 |     invariant l_a != l_b
   |                   ^^

houdafny.dfy(24,18): Related message: loop invariant violation
   |
24 |     invariant l_a != l_b
   |                   ^^

houdafny.dfy(25,18): Error: this loop invariant could not be proved on entry
   |
25 |     invariant l_a != l_c
   |                   ^^

houdafny.dfy(25,18): Related message: loop invariant violation
   |
25 |     invariant l_a != l_c
   |                   ^^

houdafny.dfy(25,18): Error: this invariant could not be proved to be maintained by the loop
   |
25 |     invariant l_a != l_c
   |                   ^^

houdafny.dfy(25,18): Related message: loop invariant violation
   |
25 |     invariant l_a != l_c
   |                   ^^

houdafny.dfy(26,18): Error: this loop invariant could not be proved on entry
   |
26 |     invariant l_a != l_k
   |                   ^^

houdafny.dfy(26,18): Related message: loop invariant violation
   |
26 |     invariant l_a != l_k
   |                   ^^

houdafny.dfy(26,18): Error: this invariant could not be proved to be maintained by the loop
   |
26 |     invariant l_a != l_k
   |                   ^^

houdafny.dfy(26,18): Related message: loop invariant violation
   |
26 |     invariant l_a != l_k
   |                   ^^

houdafny.dfy(27,18): Error: this invariant could not be proved to be maintained by the loop
   |
27 |     invariant l_a != l_i
   |                   ^^

houdafny.dfy(27,18): Related message: loop invariant violation
   |
27 |     invariant l_a != l_i
   |                   ^^

houdafny.dfy(28,18): Error: this loop invariant could not be proved on entry
   |
28 |     invariant l_b != l_c
   |                   ^^

houdafny.dfy(28,18): Related message: loop invariant violation
   |
28 |     invariant l_b != l_c
   |                   ^^

houdafny.dfy(28,18): Error: this invariant could not be proved to be maintained by the loop
   |
28 |     invariant l_b != l_c
   |                   ^^

houdafny.dfy(28,18): Related message: loop invariant violation
   |
28 |     invariant l_b != l_c
   |                   ^^

houdafny.dfy(29,18): Error: this loop invariant could not be proved on entry
   |
29 |     invariant l_b != l_k
   |                   ^^

houdafny.dfy(29,18): Related message: loop invariant violation
   |
29 |     invariant l_b != l_k
   |                   ^^

houdafny.dfy(29,18): Error: this invariant could not be proved to be maintained by the loop
   |
29 |     invariant l_b != l_k
   |                   ^^

houdafny.dfy(29,18): Related message: loop invariant violation
   |
29 |     invariant l_b != l_k
   |                   ^^

houdafny.dfy(30,18): Error: this invariant could not be proved to be maintained by the loop
   |
30 |     invariant l_b != l_i
   |                   ^^

houdafny.dfy(30,18): Related message: loop invariant violation
   |
30 |     invariant l_b != l_i
   |                   ^^

houdafny.dfy(31,18): Error: this loop invariant could not be proved on entry
   |
31 |     invariant l_c != l_k
   |                   ^^

houdafny.dfy(31,18): Related message: loop invariant violation
   |
31 |     invariant l_c != l_k
   |                   ^^

houdafny.dfy(32,18): Error: this invariant could not be proved to be maintained by the loop
   |
32 |     invariant l_c != l_i
   |                   ^^

houdafny.dfy(32,18): Related message: loop invariant violation
   |
32 |     invariant l_c != l_i
   |                   ^^

houdafny.dfy(33,18): Error: this invariant could not be proved to be maintained by the loop
   |
33 |     invariant l_k != l_i
   |                   ^^

houdafny.dfy(33,18): Related message: loop invariant violation
   |
33 |     invariant l_k != l_i
   |                   ^^

houdafny.dfy(66,20): Error: this loop invariant could not be proved on entry
   |
66 |       invariant l_i != 0
   |                     ^^

houdafny.dfy(66,20): Related message: loop invariant violation
   |
66 |       invariant l_i != 0
   |                     ^^

houdafny.dfy(67,20): Error: this invariant could not be proved to be maintained by the loop
   |
67 |       invariant r_a != 0
   |                     ^^

houdafny.dfy(67,20): Related message: loop invariant violation
   |
67 |       invariant r_a != 0
   |                     ^^

houdafny.dfy(68,20): Error: this invariant could not be proved to be maintained by the loop
   |
68 |       invariant r_b != 0
   |                     ^^

houdafny.dfy(68,20): Related message: loop invariant violation
   |
68 |       invariant r_b != 0
   |                     ^^

houdafny.dfy(74,20): Error: this loop invariant could not be proved on entry
   |
74 |       invariant l_a != r_a
   |                     ^^

houdafny.dfy(74,20): Related message: loop invariant violation
   |
74 |       invariant l_a != r_a
   |                     ^^

houdafny.dfy(74,20): Error: this invariant could not be proved to be maintained by the loop
   |
74 |       invariant l_a != r_a
   |                     ^^

houdafny.dfy(74,20): Related message: loop invariant violation
   |
74 |       invariant l_a != r_a
   |                     ^^

houdafny.dfy(75,20): Error: this loop invariant could not be proved on entry
   |
75 |       invariant l_a != r_b
   |                     ^^

houdafny.dfy(75,20): Related message: loop invariant violation
   |
75 |       invariant l_a != r_b
   |                     ^^

houdafny.dfy(75,20): Error: this invariant could not be proved to be maintained by the loop
   |
75 |       invariant l_a != r_b
   |                     ^^

houdafny.dfy(75,20): Related message: loop invariant violation
   |
75 |       invariant l_a != r_b
   |                     ^^

houdafny.dfy(76,20): Error: this invariant could not be proved to be maintained by the loop
   |
76 |       invariant l_a != r_j
   |                     ^^

houdafny.dfy(76,20): Related message: loop invariant violation
   |
76 |       invariant l_a != r_j
   |                     ^^

houdafny.dfy(80,20): Error: this loop invariant could not be proved on entry
   |
80 |       invariant l_b != r_a
   |                     ^^

houdafny.dfy(80,20): Related message: loop invariant violation
   |
80 |       invariant l_b != r_a
   |                     ^^

houdafny.dfy(80,20): Error: this invariant could not be proved to be maintained by the loop
   |
80 |       invariant l_b != r_a
   |                     ^^

houdafny.dfy(80,20): Related message: loop invariant violation
   |
80 |       invariant l_b != r_a
   |                     ^^

houdafny.dfy(81,20): Error: this loop invariant could not be proved on entry
   |
81 |       invariant l_b != r_b
   |                     ^^

houdafny.dfy(81,20): Related message: loop invariant violation
   |
81 |       invariant l_b != r_b
   |                     ^^

houdafny.dfy(81,20): Error: this invariant could not be proved to be maintained by the loop
   |
81 |       invariant l_b != r_b
   |                     ^^

houdafny.dfy(81,20): Related message: loop invariant violation
   |
81 |       invariant l_b != r_b
   |                     ^^

houdafny.dfy(82,20): Error: this invariant could not be proved to be maintained by the loop
   |
82 |       invariant l_b != r_j
   |                     ^^

houdafny.dfy(82,20): Related message: loop invariant violation
   |
82 |       invariant l_b != r_j
   |                     ^^

houdafny.dfy(85,20): Error: this invariant could not be proved to be maintained by the loop
   |
85 |       invariant l_c != r_a
   |                     ^^

houdafny.dfy(85,20): Related message: loop invariant violation
   |
85 |       invariant l_c != r_a
   |                     ^^

houdafny.dfy(86,20): Error: this invariant could not be proved to be maintained by the loop
   |
86 |       invariant l_c != r_b
   |                     ^^

houdafny.dfy(86,20): Related message: loop invariant violation
   |
86 |       invariant l_c != r_b
   |                     ^^

houdafny.dfy(87,20): Error: this invariant could not be proved to be maintained by the loop
   |
87 |       invariant l_c != r_j
   |                     ^^

houdafny.dfy(87,20): Related message: loop invariant violation
   |
87 |       invariant l_c != r_j
   |                     ^^

houdafny.dfy(89,20): Error: this invariant could not be proved to be maintained by the loop
   |
89 |       invariant l_k != r_a
   |                     ^^

houdafny.dfy(89,20): Related message: loop invariant violation
   |
89 |       invariant l_k != r_a
   |                     ^^

houdafny.dfy(90,20): Error: this invariant could not be proved to be maintained by the loop
   |
90 |       invariant l_k != r_b
   |                     ^^

houdafny.dfy(90,20): Related message: loop invariant violation
   |
90 |       invariant l_k != r_b
   |                     ^^

houdafny.dfy(91,20): Error: this invariant could not be proved to be maintained by the loop
   |
91 |       invariant l_k != r_j
   |                     ^^

houdafny.dfy(91,20): Related message: loop invariant violation
   |
91 |       invariant l_k != r_j
   |                     ^^

houdafny.dfy(92,20): Error: this loop invariant could not be proved on entry
   |
92 |       invariant l_i != r_a
   |                     ^^

houdafny.dfy(92,20): Related message: loop invariant violation
   |
92 |       invariant l_i != r_a
   |                     ^^

houdafny.dfy(92,20): Error: this invariant could not be proved to be maintained by the loop
   |
92 |       invariant l_i != r_a
   |                     ^^

houdafny.dfy(92,20): Related message: loop invariant violation
   |
92 |       invariant l_i != r_a
   |                     ^^

houdafny.dfy(93,20): Error: this loop invariant could not be proved on entry
   |
93 |       invariant l_i != r_b
   |                     ^^

houdafny.dfy(93,20): Related message: loop invariant violation
   |
93 |       invariant l_i != r_b
   |                     ^^

houdafny.dfy(93,20): Error: this invariant could not be proved to be maintained by the loop
   |
93 |       invariant l_i != r_b
   |                     ^^

houdafny.dfy(93,20): Related message: loop invariant violation
   |
93 |       invariant l_i != r_b
   |                     ^^

houdafny.dfy(94,20): Error: this invariant could not be proved to be maintained by the loop
   |
94 |       invariant l_i > r_j
   |                     ^

houdafny.dfy(94,20): Related message: loop invariant violation
   |
94 |       invariant l_i > r_j
   |                     ^

houdafny.dfy(95,20): Error: this invariant could not be proved to be maintained by the loop
   |
95 |       invariant r_a != r_b
   |                     ^^

houdafny.dfy(95,20): Related message: loop invariant violation
   |
95 |       invariant r_a != r_b
   |                     ^^

houdafny.dfy(96,20): Error: this invariant could not be proved to be maintained by the loop
   |
96 |       invariant r_a != r_j
   |                     ^^

houdafny.dfy(96,20): Related message: loop invariant violation
   |
96 |       invariant r_a != r_j
   |                     ^^

houdafny.dfy(97,20): Error: this invariant could not be proved to be maintained by the loop
   |
97 |       invariant r_b != r_j
   |                     ^^

houdafny.dfy(97,20): Related message: loop invariant violation
   |
97 |       invariant r_b != r_j
   |                     ^^

houdafny.dfy(121,20): Error: this loop invariant could not be proved on entry
    |
121 |       invariant l_i != 0
    |                     ^^

houdafny.dfy(121,20): Related message: loop invariant violation
    |
121 |       invariant l_i != 0
    |                     ^^

houdafny.dfy(122,20): Error: this invariant could not be proved to be maintained by the loop
    |
122 |       invariant r_a != 0
    |                     ^^

houdafny.dfy(122,20): Related message: loop invariant violation
    |
122 |       invariant r_a != 0
    |                     ^^

houdafny.dfy(123,20): Error: this invariant could not be proved to be maintained by the loop
    |
123 |       invariant r_b != 0
    |                     ^^

houdafny.dfy(123,20): Related message: loop invariant violation
    |
123 |       invariant r_b != 0
    |                     ^^

houdafny.dfy(128,20): Error: this loop invariant could not be proved on entry
    |
128 |       invariant l_a != r_a
    |                     ^^

houdafny.dfy(128,20): Related message: loop invariant violation
    |
128 |       invariant l_a != r_a
    |                     ^^

houdafny.dfy(128,20): Error: this invariant could not be proved to be maintained by the loop
    |
128 |       invariant l_a != r_a
    |                     ^^

houdafny.dfy(128,20): Related message: loop invariant violation
    |
128 |       invariant l_a != r_a
    |                     ^^

houdafny.dfy(129,20): Error: this loop invariant could not be proved on entry
    |
129 |       invariant l_a != r_b
    |                     ^^

houdafny.dfy(129,20): Related message: loop invariant violation
    |
129 |       invariant l_a != r_b
    |                     ^^

houdafny.dfy(129,20): Error: this invariant could not be proved to be maintained by the loop
    |
129 |       invariant l_a != r_b
    |                     ^^

houdafny.dfy(129,20): Related message: loop invariant violation
    |
129 |       invariant l_a != r_b
    |                     ^^

houdafny.dfy(130,20): Error: this invariant could not be proved to be maintained by the loop
    |
130 |       invariant l_a != r_j
    |                     ^^

houdafny.dfy(130,20): Related message: loop invariant violation
    |
130 |       invariant l_a != r_j
    |                     ^^

houdafny.dfy(133,20): Error: this loop invariant could not be proved on entry
    |
133 |       invariant l_b != r_a
    |                     ^^

houdafny.dfy(133,20): Related message: loop invariant violation
    |
133 |       invariant l_b != r_a
    |                     ^^

houdafny.dfy(133,20): Error: this invariant could not be proved to be maintained by the loop
    |
133 |       invariant l_b != r_a
    |                     ^^

houdafny.dfy(133,20): Related message: loop invariant violation
    |
133 |       invariant l_b != r_a
    |                     ^^

houdafny.dfy(134,20): Error: this loop invariant could not be proved on entry
    |
134 |       invariant l_b != r_b
    |                     ^^

houdafny.dfy(134,20): Related message: loop invariant violation
    |
134 |       invariant l_b != r_b
    |                     ^^

houdafny.dfy(134,20): Error: this invariant could not be proved to be maintained by the loop
    |
134 |       invariant l_b != r_b
    |                     ^^

houdafny.dfy(134,20): Related message: loop invariant violation
    |
134 |       invariant l_b != r_b
    |                     ^^

houdafny.dfy(135,20): Error: this invariant could not be proved to be maintained by the loop
    |
135 |       invariant l_b != r_j
    |                     ^^

houdafny.dfy(135,20): Related message: loop invariant violation
    |
135 |       invariant l_b != r_j
    |                     ^^

houdafny.dfy(137,20): Error: this invariant could not be proved to be maintained by the loop
    |
137 |       invariant l_k != r_a
    |                     ^^

houdafny.dfy(137,20): Related message: loop invariant violation
    |
137 |       invariant l_k != r_a
    |                     ^^

houdafny.dfy(138,20): Error: this invariant could not be proved to be maintained by the loop
    |
138 |       invariant l_k != r_b
    |                     ^^

houdafny.dfy(138,20): Related message: loop invariant violation
    |
138 |       invariant l_k != r_b
    |                     ^^

houdafny.dfy(139,20): Error: this invariant could not be proved to be maintained by the loop
    |
139 |       invariant l_k != r_j
    |                     ^^

houdafny.dfy(139,20): Related message: loop invariant violation
    |
139 |       invariant l_k != r_j
    |                     ^^

houdafny.dfy(140,20): Error: this loop invariant could not be proved on entry
    |
140 |       invariant l_i != r_a
    |                     ^^

houdafny.dfy(140,20): Related message: loop invariant violation
    |
140 |       invariant l_i != r_a
    |                     ^^

houdafny.dfy(140,20): Error: this invariant could not be proved to be maintained by the loop
    |
140 |       invariant l_i != r_a
    |                     ^^

houdafny.dfy(140,20): Related message: loop invariant violation
    |
140 |       invariant l_i != r_a
    |                     ^^

houdafny.dfy(141,20): Error: this loop invariant could not be proved on entry
    |
141 |       invariant l_i != r_b
    |                     ^^

houdafny.dfy(141,20): Related message: loop invariant violation
    |
141 |       invariant l_i != r_b
    |                     ^^

houdafny.dfy(141,20): Error: this invariant could not be proved to be maintained by the loop
    |
141 |       invariant l_i != r_b
    |                     ^^

houdafny.dfy(141,20): Related message: loop invariant violation
    |
141 |       invariant l_i != r_b
    |                     ^^

houdafny.dfy(142,20): Error: this invariant could not be proved to be maintained by the loop
    |
142 |       invariant l_i > r_j
    |                     ^

houdafny.dfy(142,20): Related message: loop invariant violation
    |
142 |       invariant l_i > r_j
    |                     ^

houdafny.dfy(143,20): Error: this invariant could not be proved to be maintained by the loop
    |
143 |       invariant r_a != r_b
    |                     ^^

houdafny.dfy(143,20): Related message: loop invariant violation
    |
143 |       invariant r_a != r_b
    |                     ^^

houdafny.dfy(144,20): Error: this invariant could not be proved to be maintained by the loop
    |
144 |       invariant r_a != r_j
    |                     ^^

houdafny.dfy(144,20): Related message: loop invariant violation
    |
144 |       invariant r_a != r_j
    |                     ^^

houdafny.dfy(145,20): Error: this invariant could not be proved to be maintained by the loop
    |
145 |       invariant r_b != r_j
    |                     ^^

houdafny.dfy(145,20): Related message: loop invariant violation
    |
145 |       invariant r_b != r_j
    |                     ^^

houdafny.dfy(152,8): Error: assertion might not hold
    |
152 |   assert(forall i: int :: (read(l_a, i) == read(r_a, i)) && (forall i: int :: (read(l_b, i) == read(r_b, i)) && forall i: int :: (read(l_c, i) == read(r_c, i))));
    |         ^^^^^^^^^^^^^^^^^^^^^^^^^^^^^^^^^^^^^^^^^^^^^^^^^^^^^^^^^^^^^^^^^^^^^^^^^^^^^^^^^^^^^^^^^^^^^^^^^^^^^^^^^^^^^^^^^^^^^^^^^^^^^^^^^^^^^^^^^^^^^^^^^^^^^^^^^


Dafny program verifier finished with 0 verified, 74 errors

Writing Dafny to houdafny.dfy...
Done
Running Dafny verification...
houdafny.dfy(46,20): Error: this loop invariant could not be proved on entry
   |
46 |       invariant l_a != 0
   |                     ^^

houdafny.dfy(46,20): Related message: loop invariant violation
   |
46 |       invariant l_a != 0
   |                     ^^

houdafny.dfy(47,20): Error: this loop invariant could not be proved on entry
   |
47 |       invariant l_b != 0
   |                     ^^

houdafny.dfy(47,20): Related message: loop invariant violation
   |
47 |       invariant l_b != 0
   |                     ^^

houdafny.dfy(48,20): Error: this loop invariant could not be proved on entry
   |
48 |       invariant l_c != 0
   |                     ^^

houdafny.dfy(48,20): Related message: loop invariant violation
   |
48 |       invariant l_c != 0
   |                     ^^

houdafny.dfy(49,20): Error: this loop invariant could not be proved on entry
   |
49 |       invariant l_k != 0
   |                     ^^

houdafny.dfy(49,20): Related message: loop invariant violation
   |
49 |       invariant l_k != 0
   |                     ^^

houdafny.dfy(50,20): Error: this loop invariant could not be proved on entry
   |
50 |       invariant l_x != 0
   |                     ^^

houdafny.dfy(50,20): Related message: loop invariant violation
   |
50 |       invariant l_x != 0
   |                     ^^

houdafny.dfy(52,20): Error: this loop invariant could not be proved on entry
   |
52 |       invariant l_a != l_b
   |                     ^^

houdafny.dfy(52,20): Related message: loop invariant violation
   |
52 |       invariant l_a != l_b
   |                     ^^

houdafny.dfy(53,20): Error: this loop invariant could not be proved on entry
   |
53 |       invariant l_a != l_c
   |                     ^^

houdafny.dfy(53,20): Related message: loop invariant violation
   |
53 |       invariant l_a != l_c
   |                     ^^

houdafny.dfy(54,20): Error: this loop invariant could not be proved on entry
   |
54 |       invariant l_a != l_k
   |                     ^^

houdafny.dfy(54,20): Related message: loop invariant violation
   |
54 |       invariant l_a != l_k
   |                     ^^

houdafny.dfy(55,20): Error: this loop invariant could not be proved on entry
   |
55 |       invariant l_a != l_i
   |                     ^^

houdafny.dfy(55,20): Related message: loop invariant violation
   |
55 |       invariant l_a != l_i
   |                     ^^

houdafny.dfy(56,20): Error: this loop invariant could not be proved on entry
   |
56 |       invariant l_b != l_c
   |                     ^^

houdafny.dfy(56,20): Related message: loop invariant violation
   |
56 |       invariant l_b != l_c
   |                     ^^

houdafny.dfy(57,20): Error: this loop invariant could not be proved on entry
   |
57 |       invariant l_b != l_k
   |                     ^^

houdafny.dfy(57,20): Related message: loop invariant violation
   |
57 |       invariant l_b != l_k
   |                     ^^

houdafny.dfy(58,20): Error: this loop invariant could not be proved on entry
   |
58 |       invariant l_b != l_i
   |                     ^^

houdafny.dfy(58,20): Related message: loop invariant violation
   |
58 |       invariant l_b != l_i
   |                     ^^

houdafny.dfy(59,20): Error: this loop invariant could not be proved on entry
   |
59 |       invariant l_c != l_k
   |                     ^^

houdafny.dfy(59,20): Related message: loop invariant violation
   |
59 |       invariant l_c != l_k
   |                     ^^

houdafny.dfy(60,20): Error: this loop invariant could not be proved on entry
   |
60 |       invariant l_c != l_i
   |                     ^^

houdafny.dfy(60,20): Related message: loop invariant violation
   |
60 |       invariant l_c != l_i
   |                     ^^

houdafny.dfy(61,20): Error: this loop invariant could not be proved on entry
   |
61 |       invariant l_k != l_i
   |                     ^^

houdafny.dfy(61,20): Related message: loop invariant violation
   |
61 |       invariant l_k != l_i
   |                     ^^

houdafny.dfy(80,20): Error: this loop invariant could not be proved on entry
   |
80 |       invariant l_a != 0
   |                     ^^

houdafny.dfy(80,20): Related message: loop invariant violation
   |
80 |       invariant l_a != 0
   |                     ^^

houdafny.dfy(81,20): Error: this loop invariant could not be proved on entry
   |
81 |       invariant l_b != 0
   |                     ^^

houdafny.dfy(81,20): Related message: loop invariant violation
   |
81 |       invariant l_b != 0
   |                     ^^

houdafny.dfy(82,20): Error: this loop invariant could not be proved on entry
   |
82 |       invariant l_c != 0
   |                     ^^

houdafny.dfy(82,20): Related message: loop invariant violation
   |
82 |       invariant l_c != 0
   |                     ^^

houdafny.dfy(83,20): Error: this loop invariant could not be proved on entry
   |
83 |       invariant l_k != 0
   |                     ^^

houdafny.dfy(83,20): Related message: loop invariant violation
   |
83 |       invariant l_k != 0
   |                     ^^

houdafny.dfy(86,20): Error: this loop invariant could not be proved on entry
   |
86 |       invariant l_a != l_b
   |                     ^^

houdafny.dfy(86,20): Related message: loop invariant violation
   |
86 |       invariant l_a != l_b
   |                     ^^

houdafny.dfy(87,20): Error: this loop invariant could not be proved on entry
   |
87 |       invariant l_a != l_k
   |                     ^^

houdafny.dfy(87,20): Related message: loop invariant violation
   |
87 |       invariant l_a != l_k
   |                     ^^

houdafny.dfy(88,20): Error: this loop invariant could not be proved on entry
   |
88 |       invariant l_a != l_i
   |                     ^^

houdafny.dfy(88,20): Related message: loop invariant violation
   |
88 |       invariant l_a != l_i
   |                     ^^

houdafny.dfy(89,20): Error: this loop invariant could not be proved on entry
   |
89 |       invariant l_b != l_k
   |                     ^^

houdafny.dfy(89,20): Related message: loop invariant violation
   |
89 |       invariant l_b != l_k
   |                     ^^

houdafny.dfy(90,20): Error: this loop invariant could not be proved on entry
   |
90 |       invariant l_b != l_i
   |                     ^^

houdafny.dfy(90,20): Related message: loop invariant violation
   |
90 |       invariant l_b != l_i
   |                     ^^

houdafny.dfy(91,20): Error: this loop invariant could not be proved on entry
   |
91 |       invariant l_k != l_i
   |                     ^^

houdafny.dfy(91,20): Related message: loop invariant violation
   |
91 |       invariant l_k != l_i
   |                     ^^

houdafny.dfy(98,8): Error: assertion might not hold
   |
98 |   assert(forall i: int :: (read(l_a, i) == read(r_a, i)) && (forall i: int :: (read(l_b, i) == read(r_b, i)) && forall i: int :: (read(l_c, i) == read(r_c, i))));
   |         ^^^^^^^^^^^^^^^^^^^^^^^^^^^^^^^^^^^^^^^^^^^^^^^^^^^^^^^^^^^^^^^^^^^^^^^^^^^^^^^^^^^^^^^^^^^^^^^^^^^^^^^^^^^^^^^^^^^^^^^^^^^^^^^^^^^^^^^^^^^^^^^^^^^^^^^^^


Dafny program verifier finished with 0 verified, 26 errors

Writing Dafny to houdafny.dfy...
Done
Running Dafny verification...
houdafny.dfy(73,8): Error: assertion might not hold
   |
73 |   assert(forall i: int :: (read(l_a, i) == read(r_a, i)) && (forall i: int :: (read(l_b, i) == read(r_b, i)) && forall i: int :: (read(l_c, i) == read(r_c, i))));
   |         ^^^^^^^^^^^^^^^^^^^^^^^^^^^^^^^^^^^^^^^^^^^^^^^^^^^^^^^^^^^^^^^^^^^^^^^^^^^^^^^^^^^^^^^^^^^^^^^^^^^^^^^^^^^^^^^^^^^^^^^^^^^^^^^^^^^^^^^^^^^^^^^^^^^^^^^^^


Dafny program verifier finished with 0 verified, 1 error

Writing output to ./results/alignments/dafny/barthe/unaligned/loop-unswitching-una.dfy...
Done

Per-Task Times (ms)
-------------------
align-none: 0
aligned-crel: 0
invars-daikon: 1434
houdafny: 6072
aligned-output: 0
write-product: 0

KestRel completed in 7507ms
Verified: false

real	0m7.709s
user	0m10.025s
sys	0m0.808s
