Treating naive product as final alignment.
Writing Daikon to daikon_output.c...
Done
Compiling Daikon output...
Running Kvasir...
==33794== kvasir-5.8.18, C/C++ Language Front-End for Daikon with DynComp comparability analysis tool.
==33794== Copyright (C) 2007-2022, University of Washington CSE PLSE Group
==33794== Using Valgrind-3.19.0.Fjalar and LibVEX; rerun with -h for copyright info
==33794== Command: ./daikon_output
==33794== 
==33794== 
==33794== For lists of detected and suppressed errors, rerun with: -s
==33794== ERROR SUMMARY: 0 errors from 0 contexts (suppressed: 0 from 0)
Running Daikon...
Writing Dafny to houdafny.dfy...
Done
Running Dafny verification...
houdafny.dfy(18,18): Error: this loop invariant could not be proved on entry
   |
18 |     invariant l_a != 0
   |                   ^^

houdafny.dfy(18,18): Related message: loop invariant violation
   |
18 |     invariant l_a != 0
   |                   ^^

houdafny.dfy(19,18): Error: this loop invariant could not be proved on entry
   |
19 |     invariant l_M >= 0
   |                   ^^

houdafny.dfy(19,18): Related message: loop invariant violation
   |
19 |     invariant l_M >= 0
   |                   ^^

houdafny.dfy(20,18): Error: this loop invariant could not be proved on entry
   |
20 |     invariant l_N != 0
   |                   ^^

houdafny.dfy(20,18): Related message: loop invariant violation
   |
20 |     invariant l_N != 0
   |                   ^^

houdafny.dfy(21,18): Error: this loop invariant could not be proved on entry
   |
21 |     invariant l_N >= 2
   |                   ^^

houdafny.dfy(21,18): Related message: loop invariant violation
   |
21 |     invariant l_N >= 2
   |                   ^^

houdafny.dfy(22,18): Error: this loop invariant could not be proved on entry
   |
22 |     invariant l_L >= 0
   |                   ^^

houdafny.dfy(22,18): Related message: loop invariant violation
   |
22 |     invariant l_L >= 0
   |                   ^^

houdafny.dfy(24,18): Error: this loop invariant could not be proved on entry
   |
24 |     invariant l_a != l_M
   |                   ^^

houdafny.dfy(24,18): Related message: loop invariant violation
   |
24 |     invariant l_a != l_M
   |                   ^^

houdafny.dfy(25,18): Error: this loop invariant could not be proved on entry
   |
25 |     invariant l_a != l_N
   |                   ^^

houdafny.dfy(25,18): Related message: loop invariant violation
   |
25 |     invariant l_a != l_N
   |                   ^^

houdafny.dfy(26,18): Error: this loop invariant could not be proved on entry
   |
26 |     invariant l_a != l_L
   |                   ^^

houdafny.dfy(26,18): Related message: loop invariant violation
   |
26 |     invariant l_a != l_L
   |                   ^^

houdafny.dfy(29,18): Error: this loop invariant could not be proved on entry
   |
29 |     invariant l_M < l_N
   |                   ^

houdafny.dfy(29,18): Related message: loop invariant violation
   |
29 |     invariant l_M < l_N
   |                   ^

houdafny.dfy(30,18): Error: this loop invariant could not be proved on entry
   |
30 |     invariant l_N != l_L
   |                   ^^

houdafny.dfy(30,18): Related message: loop invariant violation
   |
30 |     invariant l_N != l_L
   |                   ^^

houdafny.dfy(39,20): Error: this loop invariant could not be proved on entry
   |
39 |       invariant l_M != 0
   |                     ^^

houdafny.dfy(39,20): Related message: loop invariant violation
   |
39 |       invariant l_M != 0
   |                     ^^

houdafny.dfy(44,20): Error: this loop invariant could not be proved on entry
   |
44 |       invariant l_s != 0
   |                     ^^

houdafny.dfy(44,20): Related message: loop invariant violation
   |
44 |       invariant l_s != 0
   |                     ^^

houdafny.dfy(50,20): Error: this loop invariant could not be proved on entry
   |
50 |       invariant l_a != l_s
   |                     ^^

houdafny.dfy(50,20): Related message: loop invariant violation
   |
50 |       invariant l_a != l_s
   |                     ^^

houdafny.dfy(54,20): Error: this loop invariant could not be proved on entry
   |
54 |       invariant l_M != l_s
   |                     ^^

houdafny.dfy(54,20): Related message: loop invariant violation
   |
54 |       invariant l_M != l_s
   |                     ^^

houdafny.dfy(57,20): Error: this loop invariant could not be proved on entry
   |
57 |       invariant l_N != l_s
   |                     ^^

houdafny.dfy(57,20): Related message: loop invariant violation
   |
57 |       invariant l_N != l_s
   |                     ^^

houdafny.dfy(60,20): Error: this loop invariant could not be proved on entry
   |
60 |       invariant l_L != l_s
   |                     ^^

houdafny.dfy(60,20): Related message: loop invariant violation
   |
60 |       invariant l_L != l_s
   |                     ^^

houdafny.dfy(61,20): Error: this loop invariant could not be proved on entry
   |
61 |       invariant l_s != l_i
   |                     ^^

houdafny.dfy(61,20): Related message: loop invariant violation
   |
61 |       invariant l_s != l_i
   |                     ^^

houdafny.dfy(72,22): Error: this loop invariant could not be proved on entry
   |
72 |         invariant l_L != 0
   |                       ^^

houdafny.dfy(72,22): Related message: loop invariant violation
   |
72 |         invariant l_L != 0
   |                       ^^

houdafny.dfy(74,22): Error: this invariant could not be proved to be maintained by the loop
   |
74 |         invariant l_s != 0
   |                       ^^

houdafny.dfy(74,22): Related message: loop invariant violation
   |
74 |         invariant l_s != 0
   |                       ^^

houdafny.dfy(81,22): Error: this invariant could not be proved to be maintained by the loop
   |
81 |         invariant l_a != l_s
   |                       ^^

houdafny.dfy(81,22): Related message: loop invariant violation
   |
81 |         invariant l_a != l_s
   |                       ^^

houdafny.dfy(84,22): Error: this invariant could not be proved to be maintained by the loop
   |
84 |         invariant l_a != l_l
   |                       ^^

houdafny.dfy(84,22): Related message: loop invariant violation
   |
84 |         invariant l_a != l_l
   |                       ^^

houdafny.dfy(86,22): Error: this invariant could not be proved to be maintained by the loop
   |
86 |         invariant l_M != l_s
   |                       ^^

houdafny.dfy(86,22): Related message: loop invariant violation
   |
86 |         invariant l_M != l_s
   |                       ^^

houdafny.dfy(89,22): Error: this invariant could not be proved to be maintained by the loop
   |
89 |         invariant l_N != l_s
   |                       ^^

houdafny.dfy(89,22): Related message: loop invariant violation
   |
89 |         invariant l_N != l_s
   |                       ^^

houdafny.dfy(92,22): Error: this invariant could not be proved to be maintained by the loop
   |
92 |         invariant l_L != l_s
   |                       ^^

houdafny.dfy(92,22): Related message: loop invariant violation
   |
92 |         invariant l_L != l_s
   |                       ^^

houdafny.dfy(93,22): Error: this invariant could not be proved to be maintained by the loop
   |
93 |         invariant l_L > l_l
   |                       ^

houdafny.dfy(93,22): Related message: loop invariant violation
   |
93 |         invariant l_L > l_l
   |                       ^

houdafny.dfy(94,22): Error: this invariant could not be proved to be maintained by the loop
   |
94 |         invariant l_s != l_i
   |                       ^^

houdafny.dfy(94,22): Related message: loop invariant violation
   |
94 |         invariant l_s != l_i
   |                       ^^

houdafny.dfy(95,22): Error: this invariant could not be proved to be maintained by the loop
   |
95 |         invariant l_s != l_k
   |                       ^^

houdafny.dfy(95,22): Related message: loop invariant violation
   |
95 |         invariant l_s != l_k
   |                       ^^

houdafny.dfy(96,22): Error: this invariant could not be proved to be maintained by the loop
   |
96 |         invariant l_s != l_l
   |                       ^^

houdafny.dfy(96,22): Related message: loop invariant violation
   |
96 |         invariant l_s != l_l
   |                       ^^

houdafny.dfy(133,18): Error: this loop invariant could not be proved on entry
    |
133 |     invariant r_s != 0
    |                   ^^

houdafny.dfy(133,18): Related message: loop invariant violation
    |
133 |     invariant r_s != 0
    |                   ^^

houdafny.dfy(141,18): Error: this loop invariant could not be proved on entry
    |
141 |     invariant l_a != r_s
    |                   ^^

houdafny.dfy(141,18): Related message: loop invariant violation
    |
141 |     invariant l_a != r_s
    |                   ^^

houdafny.dfy(142,18): Error: this loop invariant could not be proved on entry
    |
142 |     invariant l_a != r_b
    |                   ^^

houdafny.dfy(142,18): Related message: loop invariant violation
    |
142 |     invariant l_a != r_b
    |                   ^^

houdafny.dfy(144,18): Error: this loop invariant could not be proved on entry
    |
144 |     invariant l_M != l_s
    |                   ^^

houdafny.dfy(144,18): Related message: loop invariant violation
    |
144 |     invariant l_M != l_s
    |                   ^^

houdafny.dfy(145,18): Error: this loop invariant could not be proved on entry
    |
145 |     invariant l_M != r_s
    |                   ^^

houdafny.dfy(145,18): Related message: loop invariant violation
    |
145 |     invariant l_M != r_s
    |                   ^^

houdafny.dfy(148,18): Error: this loop invariant could not be proved on entry
    |
148 |     invariant l_N != r_s
    |                   ^^

houdafny.dfy(148,18): Related message: loop invariant violation
    |
148 |     invariant l_N != r_s
    |                   ^^

houdafny.dfy(149,18): Error: this loop invariant could not be proved on entry
    |
149 |     invariant l_L != r_s
    |                   ^^

houdafny.dfy(149,18): Related message: loop invariant violation
    |
149 |     invariant l_L != r_s
    |                   ^^

houdafny.dfy(150,18): Error: this loop invariant could not be proved on entry
    |
150 |     invariant l_s != r_s
    |                   ^^

houdafny.dfy(150,18): Related message: loop invariant violation
    |
150 |     invariant l_s != r_s
    |                   ^^

houdafny.dfy(151,18): Error: this loop invariant could not be proved on entry
    |
151 |     invariant l_s != r_b
    |                   ^^

houdafny.dfy(151,18): Related message: loop invariant violation
    |
151 |     invariant l_s != r_b
    |                   ^^

houdafny.dfy(152,18): Error: this loop invariant could not be proved on entry
    |
152 |     invariant l_i != r_s
    |                   ^^

houdafny.dfy(152,18): Related message: loop invariant violation
    |
152 |     invariant l_i != r_s
    |                   ^^

houdafny.dfy(153,18): Error: this loop invariant could not be proved on entry
    |
153 |     invariant r_s != r_b
    |                   ^^

houdafny.dfy(153,18): Related message: loop invariant violation
    |
153 |     invariant r_s != r_b
    |                   ^^

houdafny.dfy(177,20): Error: this loop invariant could not be proved on entry
    |
177 |       invariant l_L != 0
    |                     ^^

houdafny.dfy(177,20): Related message: loop invariant violation
    |
177 |       invariant l_L != 0
    |                     ^^

houdafny.dfy(181,20): Error: this loop invariant could not be proved on entry
    |
181 |       invariant r_b != 0
    |                     ^^

houdafny.dfy(181,20): Related message: loop invariant violation
    |
181 |       invariant r_b != 0
    |                     ^^

houdafny.dfy(181,20): Error: this invariant could not be proved to be maintained by the loop
    |
181 |       invariant r_b != 0
    |                     ^^

houdafny.dfy(181,20): Related message: loop invariant violation
    |
181 |       invariant r_b != 0
    |                     ^^

houdafny.dfy(190,20): Error: this loop invariant could not be proved on entry
    |
190 |       invariant l_a != r_b
    |                     ^^

houdafny.dfy(190,20): Related message: loop invariant violation
    |
190 |       invariant l_a != r_b
    |                     ^^

houdafny.dfy(190,20): Error: this invariant could not be proved to be maintained by the loop
    |
190 |       invariant l_a != r_b
    |                     ^^

houdafny.dfy(190,20): Related message: loop invariant violation
    |
190 |       invariant l_a != r_b
    |                     ^^

houdafny.dfy(192,20): Error: this invariant could not be proved to be maintained by the loop
    |
192 |       invariant l_a != r_l
    |                     ^^

houdafny.dfy(192,20): Related message: loop invariant violation
    |
192 |       invariant l_a != r_l
    |                     ^^

houdafny.dfy(195,20): Error: this loop invariant could not be proved on entry
    |
195 |       invariant l_M != r_b
    |                     ^^

houdafny.dfy(195,20): Related message: loop invariant violation
    |
195 |       invariant l_M != r_b
    |                     ^^

houdafny.dfy(195,20): Error: this invariant could not be proved to be maintained by the loop
    |
195 |       invariant l_M != r_b
    |                     ^^

houdafny.dfy(195,20): Related message: loop invariant violation
    |
195 |       invariant l_M != r_b
    |                     ^^

houdafny.dfy(199,20): Error: this loop invariant could not be proved on entry
    |
199 |       invariant l_N != r_b
    |                     ^^

houdafny.dfy(199,20): Related message: loop invariant violation
    |
199 |       invariant l_N != r_b
    |                     ^^

houdafny.dfy(199,20): Error: this invariant could not be proved to be maintained by the loop
    |
199 |       invariant l_N != r_b
    |                     ^^

houdafny.dfy(199,20): Related message: loop invariant violation
    |
199 |       invariant l_N != r_b
    |                     ^^

houdafny.dfy(200,20): Error: this loop invariant could not be proved on entry
    |
200 |       invariant l_L != l_s
    |                     ^^

houdafny.dfy(200,20): Related message: loop invariant violation
    |
200 |       invariant l_L != l_s
    |                     ^^

houdafny.dfy(202,20): Error: this loop invariant could not be proved on entry
    |
202 |       invariant l_L != r_b
    |                     ^^

houdafny.dfy(202,20): Related message: loop invariant violation
    |
202 |       invariant l_L != r_b
    |                     ^^

houdafny.dfy(202,20): Error: this invariant could not be proved to be maintained by the loop
    |
202 |       invariant l_L != r_b
    |                     ^^

houdafny.dfy(202,20): Related message: loop invariant violation
    |
202 |       invariant l_L != r_b
    |                     ^^

houdafny.dfy(203,20): Error: this invariant could not be proved to be maintained by the loop
    |
203 |       invariant l_L > r_l
    |                     ^

houdafny.dfy(203,20): Related message: loop invariant violation
    |
203 |       invariant l_L > r_l
    |                     ^

houdafny.dfy(205,20): Error: this loop invariant could not be proved on entry
    |
205 |       invariant l_s != r_b
    |                     ^^

houdafny.dfy(205,20): Related message: loop invariant violation
    |
205 |       invariant l_s != r_b
    |                     ^^

houdafny.dfy(205,20): Error: this invariant could not be proved to be maintained by the loop
    |
205 |       invariant l_s != r_b
    |                     ^^

houdafny.dfy(205,20): Related message: loop invariant violation
    |
205 |       invariant l_s != r_b
    |                     ^^

houdafny.dfy(207,20): Error: this loop invariant could not be proved on entry
    |
207 |       invariant l_i != r_b
    |                     ^^

houdafny.dfy(207,20): Related message: loop invariant violation
    |
207 |       invariant l_i != r_b
    |                     ^^

houdafny.dfy(207,20): Error: this invariant could not be proved to be maintained by the loop
    |
207 |       invariant l_i != r_b
    |                     ^^

houdafny.dfy(207,20): Related message: loop invariant violation
    |
207 |       invariant l_i != r_b
    |                     ^^

houdafny.dfy(208,20): Error: this loop invariant could not be proved on entry
    |
208 |       invariant r_s != r_b
    |                     ^^

houdafny.dfy(208,20): Related message: loop invariant violation
    |
208 |       invariant r_s != r_b
    |                     ^^

houdafny.dfy(208,20): Error: this invariant could not be proved to be maintained by the loop
    |
208 |       invariant r_s != r_b
    |                     ^^

houdafny.dfy(208,20): Related message: loop invariant violation
    |
208 |       invariant r_s != r_b
    |                     ^^

houdafny.dfy(210,20): Error: this invariant could not be proved to be maintained by the loop
    |
210 |       invariant r_s != r_l
    |                     ^^

houdafny.dfy(210,20): Related message: loop invariant violation
    |
210 |       invariant r_s != r_l
    |                     ^^

houdafny.dfy(211,20): Error: this loop invariant could not be proved on entry
    |
211 |       invariant r_b != r_k
    |                     ^^

houdafny.dfy(211,20): Related message: loop invariant violation
    |
211 |       invariant r_b != r_k
    |                     ^^

houdafny.dfy(211,20): Error: this invariant could not be proved to be maintained by the loop
    |
211 |       invariant r_b != r_k
    |                     ^^

houdafny.dfy(211,20): Related message: loop invariant violation
    |
211 |       invariant r_b != r_k
    |                     ^^

houdafny.dfy(212,20): Error: this invariant could not be proved to be maintained by the loop
    |
212 |       invariant r_b != r_l
    |                     ^^

houdafny.dfy(212,20): Related message: loop invariant violation
    |
212 |       invariant r_b != r_l
    |                     ^^


Dafny program verifier finished with 0 verified, 63 errors

Writing Dafny to houdafny.dfy...
Done
Running Dafny verification...
houdafny.dfy(19,18): Error: this loop invariant could not be proved on entry
   |
19 |     invariant l_a != l_s
   |                   ^^

houdafny.dfy(19,18): Related message: loop invariant violation
   |
19 |     invariant l_a != l_s
   |                   ^^

houdafny.dfy(21,18): Error: this loop invariant could not be proved on entry
   |
21 |     invariant l_N != l_s
   |                   ^^

houdafny.dfy(21,18): Related message: loop invariant violation
   |
21 |     invariant l_N != l_s
   |                   ^^

houdafny.dfy(22,18): Error: this loop invariant could not be proved on entry
   |
22 |     invariant l_N > l_i
   |                   ^

houdafny.dfy(22,18): Related message: loop invariant violation
   |
22 |     invariant l_N > l_i
   |                   ^

houdafny.dfy(29,20): Error: this loop invariant could not be proved on entry
   |
29 |       invariant l_M >= 1
   |                     ^^

houdafny.dfy(29,20): Related message: loop invariant violation
   |
29 |       invariant l_M >= 1
   |                     ^^

houdafny.dfy(32,20): Error: this loop invariant could not be proved on entry
   |
32 |       invariant l_L >= 0
   |                     ^^

houdafny.dfy(32,20): Related message: loop invariant violation
   |
32 |       invariant l_L >= 0
   |                     ^^

houdafny.dfy(35,20): Error: this loop invariant could not be proved on entry
   |
35 |       invariant l_a != l_M
   |                     ^^

houdafny.dfy(35,20): Related message: loop invariant violation
   |
35 |       invariant l_a != l_M
   |                     ^^

houdafny.dfy(36,20): Error: this loop invariant could not be proved on entry
   |
36 |       invariant l_a != l_N
   |                     ^^

houdafny.dfy(36,20): Related message: loop invariant violation
   |
36 |       invariant l_a != l_N
   |                     ^^

houdafny.dfy(37,20): Error: this loop invariant could not be proved on entry
   |
37 |       invariant l_a != l_L
   |                     ^^

houdafny.dfy(37,20): Related message: loop invariant violation
   |
37 |       invariant l_a != l_L
   |                     ^^

houdafny.dfy(39,20): Error: this invariant could not be proved to be maintained by the loop
   |
39 |       invariant l_a != l_k
   |                     ^^

houdafny.dfy(39,20): Related message: loop invariant violation
   |
39 |       invariant l_a != l_k
   |                     ^^

houdafny.dfy(41,20): Error: this invariant could not be proved to be maintained by the loop
   |
41 |       invariant l_M > l_k
   |                     ^

houdafny.dfy(41,20): Related message: loop invariant violation
   |
41 |       invariant l_M > l_k
   |                     ^

houdafny.dfy(42,20): Error: this loop invariant could not be proved on entry
   |
42 |       invariant l_N != l_L
   |                     ^^

houdafny.dfy(42,20): Related message: loop invariant violation
   |
42 |       invariant l_N != l_L
   |                     ^^

houdafny.dfy(45,20): Error: this loop invariant could not be proved on entry
   |
45 |       invariant l_s != l_k
   |                     ^^

houdafny.dfy(45,20): Related message: loop invariant violation
   |
45 |       invariant l_s != l_k
   |                     ^^

houdafny.dfy(45,20): Error: this invariant could not be proved to be maintained by the loop
   |
45 |       invariant l_s != l_k
   |                     ^^

houdafny.dfy(45,20): Related message: loop invariant violation
   |
45 |       invariant l_s != l_k
   |                     ^^

houdafny.dfy(55,22): Error: this loop invariant could not be proved on entry
   |
55 |         invariant l_L >= 1
   |                       ^^

houdafny.dfy(55,22): Related message: loop invariant violation
   |
55 |         invariant l_L >= 1
   |                       ^^

houdafny.dfy(103,18): Error: this loop invariant could not be proved on entry
    |
103 |     invariant l_L >= 0
    |                   ^^

houdafny.dfy(103,18): Related message: loop invariant violation
    |
103 |     invariant l_L >= 0
    |                   ^^

houdafny.dfy(105,18): Error: this invariant could not be proved to be maintained by the loop
    |
105 |     invariant r_b != 0
    |                   ^^

houdafny.dfy(105,18): Related message: loop invariant violation
    |
105 |     invariant r_b != 0
    |                   ^^

houdafny.dfy(107,18): Error: this loop invariant could not be proved on entry
    |
107 |     invariant l_a != l_M
    |                   ^^

houdafny.dfy(107,18): Related message: loop invariant violation
    |
107 |     invariant l_a != l_M
    |                   ^^

houdafny.dfy(108,18): Error: this loop invariant could not be proved on entry
    |
108 |     invariant l_a != l_N
    |                   ^^

houdafny.dfy(108,18): Related message: loop invariant violation
    |
108 |     invariant l_a != l_N
    |                   ^^

houdafny.dfy(109,18): Error: this loop invariant could not be proved on entry
    |
109 |     invariant l_a != l_L
    |                   ^^

houdafny.dfy(109,18): Related message: loop invariant violation
    |
109 |     invariant l_a != l_L
    |                   ^^

houdafny.dfy(112,18): Error: this invariant could not be proved to be maintained by the loop
    |
112 |     invariant l_a != r_k
    |                   ^^

houdafny.dfy(112,18): Related message: loop invariant violation
    |
112 |     invariant l_a != r_k
    |                   ^^

houdafny.dfy(113,18): Error: this invariant could not be proved to be maintained by the loop
    |
113 |     invariant l_M > r_k
    |                   ^

houdafny.dfy(113,18): Related message: loop invariant violation
    |
113 |     invariant l_M > r_k
    |                   ^

houdafny.dfy(115,18): Error: this loop invariant could not be proved on entry
    |
115 |     invariant r_s != r_k
    |                   ^^

houdafny.dfy(115,18): Related message: loop invariant violation
    |
115 |     invariant r_s != r_k
    |                   ^^

houdafny.dfy(115,18): Error: this invariant could not be proved to be maintained by the loop
    |
115 |     invariant r_s != r_k
    |                   ^^

houdafny.dfy(115,18): Related message: loop invariant violation
    |
115 |     invariant r_s != r_k
    |                   ^^

houdafny.dfy(116,18): Error: this invariant could not be proved to be maintained by the loop
    |
116 |     invariant r_b != r_k
    |                   ^^

houdafny.dfy(116,18): Related message: loop invariant violation
    |
116 |     invariant r_b != r_k
    |                   ^^

houdafny.dfy(138,20): Error: this loop invariant could not be proved on entry
    |
138 |       invariant l_L >= 1
    |                     ^^

houdafny.dfy(138,20): Related message: loop invariant violation
    |
138 |       invariant l_L >= 1
    |                     ^^

houdafny.dfy(140,20): Error: this loop invariant could not be proved on entry
    |
140 |       invariant r_s != 0
    |                     ^^

houdafny.dfy(140,20): Related message: loop invariant violation
    |
140 |       invariant r_s != 0
    |                     ^^

houdafny.dfy(148,20): Error: this loop invariant could not be proved on entry
    |
148 |       invariant l_a != r_s
    |                     ^^

houdafny.dfy(148,20): Related message: loop invariant violation
    |
148 |       invariant l_a != r_s
    |                     ^^

houdafny.dfy(150,20): Error: this loop invariant could not be proved on entry
    |
150 |       invariant l_M != l_s
    |                     ^^

houdafny.dfy(150,20): Related message: loop invariant violation
    |
150 |       invariant l_M != l_s
    |                     ^^

houdafny.dfy(151,20): Error: this loop invariant could not be proved on entry
    |
151 |       invariant l_M != r_s
    |                     ^^

houdafny.dfy(151,20): Related message: loop invariant violation
    |
151 |       invariant l_M != r_s
    |                     ^^

houdafny.dfy(154,20): Error: this loop invariant could not be proved on entry
    |
154 |       invariant l_N != r_s
    |                     ^^

houdafny.dfy(154,20): Related message: loop invariant violation
    |
154 |       invariant l_N != r_s
    |                     ^^

houdafny.dfy(155,20): Error: this loop invariant could not be proved on entry
    |
155 |       invariant l_L != r_s
    |                     ^^

houdafny.dfy(155,20): Related message: loop invariant violation
    |
155 |       invariant l_L != r_s
    |                     ^^

houdafny.dfy(156,20): Error: this loop invariant could not be proved on entry
    |
156 |       invariant l_s != r_s
    |                     ^^

houdafny.dfy(156,20): Related message: loop invariant violation
    |
156 |       invariant l_s != r_s
    |                     ^^

houdafny.dfy(157,20): Error: this loop invariant could not be proved on entry
    |
157 |       invariant l_i != r_s
    |                     ^^

houdafny.dfy(157,20): Related message: loop invariant violation
    |
157 |       invariant l_i != r_s
    |                     ^^


Dafny program verifier finished with 0 verified, 33 errors

Writing Dafny to houdafny.dfy...
Done
Running Dafny verification...
houdafny.dfy(19,18): Error: this loop invariant could not be proved on entry
   |
19 |     invariant l_a != l_i
   |                   ^^

houdafny.dfy(19,18): Related message: loop invariant violation
   |
19 |     invariant l_a != l_i
   |                   ^^

houdafny.dfy(19,18): Error: this invariant could not be proved to be maintained by the loop
   |
19 |     invariant l_a != l_i
   |                   ^^

houdafny.dfy(19,18): Related message: loop invariant violation
   |
19 |     invariant l_a != l_i
   |                   ^^

houdafny.dfy(26,20): Error: this loop invariant could not be proved on entry
   |
26 |       invariant l_N != 0
   |                     ^^

houdafny.dfy(26,20): Related message: loop invariant violation
   |
26 |       invariant l_N != 0
   |                     ^^

houdafny.dfy(27,20): Error: this loop invariant could not be proved on entry
   |
27 |       invariant l_N >= 2
   |                     ^^

houdafny.dfy(27,20): Related message: loop invariant violation
   |
27 |       invariant l_N >= 2
   |                     ^^

houdafny.dfy(32,20): Error: this loop invariant could not be proved on entry
   |
32 |       invariant l_N > l_i
   |                     ^

houdafny.dfy(32,20): Related message: loop invariant violation
   |
32 |       invariant l_N > l_i
   |                     ^

houdafny.dfy(46,22): Error: this loop invariant could not be proved on entry
   |
46 |         invariant l_a != l_M
   |                       ^^

houdafny.dfy(46,22): Related message: loop invariant violation
   |
46 |         invariant l_a != l_M
   |                       ^^

houdafny.dfy(47,22): Error: this loop invariant could not be proved on entry
   |
47 |         invariant l_a != l_N
   |                       ^^

houdafny.dfy(47,22): Related message: loop invariant violation
   |
47 |         invariant l_a != l_N
   |                       ^^

houdafny.dfy(48,22): Error: this loop invariant could not be proved on entry
   |
48 |         invariant l_a != l_L
   |                       ^^

houdafny.dfy(48,22): Related message: loop invariant violation
   |
48 |         invariant l_a != l_L
   |                       ^^

houdafny.dfy(50,22): Error: this loop invariant could not be proved on entry
   |
50 |         invariant l_a != l_k
   |                       ^^

houdafny.dfy(50,22): Related message: loop invariant violation
   |
50 |         invariant l_a != l_k
   |                       ^^

houdafny.dfy(53,22): Error: this loop invariant could not be proved on entry
   |
53 |         invariant l_N != l_L
   |                       ^^

houdafny.dfy(53,22): Related message: loop invariant violation
   |
53 |         invariant l_N != l_L
   |                       ^^

houdafny.dfy(87,18): Error: this loop invariant could not be proved on entry
   |
87 |     invariant l_M != 0
   |                   ^^

houdafny.dfy(87,18): Related message: loop invariant violation
   |
87 |     invariant l_M != 0
   |                   ^^

houdafny.dfy(88,18): Error: this loop invariant could not be proved on entry
   |
88 |     invariant l_M >= 1
   |                   ^^

houdafny.dfy(88,18): Related message: loop invariant violation
   |
88 |     invariant l_M >= 1
   |                   ^^

houdafny.dfy(89,18): Error: this loop invariant could not be proved on entry
   |
89 |     invariant l_N >= 0
   |                   ^^

houdafny.dfy(89,18): Related message: loop invariant violation
   |
89 |     invariant l_N >= 0
   |                   ^^

houdafny.dfy(92,18): Error: this loop invariant could not be proved on entry
   |
92 |     invariant l_a != l_s
   |                   ^^

houdafny.dfy(92,18): Related message: loop invariant violation
   |
92 |     invariant l_a != l_s
   |                   ^^

houdafny.dfy(94,18): Error: this loop invariant could not be proved on entry
   |
94 |     invariant l_N >= l_i
   |                   ^^

houdafny.dfy(94,18): Related message: loop invariant violation
   |
94 |     invariant l_N >= l_i
   |                   ^^

houdafny.dfy(119,20): Error: this loop invariant could not be proved on entry
    |
119 |       invariant l_a != l_M
    |                     ^^

houdafny.dfy(119,20): Related message: loop invariant violation
    |
119 |       invariant l_a != l_M
    |                     ^^

houdafny.dfy(120,20): Error: this loop invariant could not be proved on entry
    |
120 |       invariant l_a != l_N
    |                     ^^

houdafny.dfy(120,20): Related message: loop invariant violation
    |
120 |       invariant l_a != l_N
    |                     ^^

houdafny.dfy(121,20): Error: this loop invariant could not be proved on entry
    |
121 |       invariant l_a != l_L
    |                     ^^

houdafny.dfy(121,20): Related message: loop invariant violation
    |
121 |       invariant l_a != l_L
    |                     ^^

houdafny.dfy(124,20): Error: this loop invariant could not be proved on entry
    |
124 |       invariant l_a != r_k
    |                     ^^

houdafny.dfy(124,20): Related message: loop invariant violation
    |
124 |       invariant l_a != r_k
    |                     ^^

houdafny.dfy(127,20): Error: this loop invariant could not be proved on entry
    |
127 |       invariant r_s != r_k
    |                     ^^

houdafny.dfy(127,20): Related message: loop invariant violation
    |
127 |       invariant r_s != r_k
    |                     ^^

houdafny.dfy(144,18): Error: this loop invariant could not be proved on entry
    |
144 |     invariant l_M == r_k
    |                   ^^

houdafny.dfy(144,18): Related message: loop invariant violation
    |
144 |     invariant l_M == r_k
    |                   ^^

houdafny.dfy(155,18): Error: this loop invariant could not be proved on entry
    |
155 |     invariant l_N != 0
    |                   ^^

houdafny.dfy(155,18): Related message: loop invariant violation
    |
155 |     invariant l_N != 0
    |                   ^^

houdafny.dfy(156,18): Error: this loop invariant could not be proved on entry
    |
156 |     invariant l_N >= 2
    |                   ^^

houdafny.dfy(156,18): Related message: loop invariant violation
    |
156 |     invariant l_N >= 2
    |                   ^^

houdafny.dfy(157,18): Error: this loop invariant could not be proved on entry
    |
157 |     invariant l_L >= 0
    |                   ^^

houdafny.dfy(157,18): Related message: loop invariant violation
    |
157 |     invariant l_L >= 0
    |                   ^^

houdafny.dfy(158,18): Error: this loop invariant could not be proved on entry
    |
158 |     invariant l_s != 0
    |                   ^^

houdafny.dfy(158,18): Related message: loop invariant violation
    |
158 |     invariant l_s != 0
    |                   ^^

houdafny.dfy(159,18): Error: this loop invariant could not be proved on entry
    |
159 |     invariant l_i != 0
    |                   ^^

houdafny.dfy(159,18): Related message: loop invariant violation
    |
159 |     invariant l_i != 0
    |                   ^^

houdafny.dfy(161,18): Error: this loop invariant could not be proved on entry
    |
161 |     invariant r_s != 0
    |                   ^^

houdafny.dfy(161,18): Related message: loop invariant violation
    |
161 |     invariant r_s != 0
    |                   ^^

houdafny.dfy(162,18): Error: this loop invariant could not be proved on entry
    |
162 |     invariant r_b != 0
    |                   ^^

houdafny.dfy(162,18): Related message: loop invariant violation
    |
162 |     invariant r_b != 0
    |                   ^^

houdafny.dfy(165,18): Error: this loop invariant could not be proved on entry
    |
165 |     invariant l_a != l_M
    |                   ^^

houdafny.dfy(165,18): Related message: loop invariant violation
    |
165 |     invariant l_a != l_M
    |                   ^^

houdafny.dfy(166,18): Error: this loop invariant could not be proved on entry
    |
166 |     invariant l_a != l_N
    |                   ^^

houdafny.dfy(166,18): Related message: loop invariant violation
    |
166 |     invariant l_a != l_N
    |                   ^^

houdafny.dfy(167,18): Error: this loop invariant could not be proved on entry
    |
167 |     invariant l_a != l_L
    |                   ^^

houdafny.dfy(167,18): Related message: loop invariant violation
    |
167 |     invariant l_a != l_L
    |                   ^^

houdafny.dfy(170,18): Error: this loop invariant could not be proved on entry
    |
170 |     invariant l_a != r_s
    |                   ^^

houdafny.dfy(170,18): Related message: loop invariant violation
    |
170 |     invariant l_a != r_s
    |                   ^^

houdafny.dfy(171,18): Error: this loop invariant could not be proved on entry
    |
171 |     invariant l_a != r_b
    |                   ^^

houdafny.dfy(171,18): Related message: loop invariant violation
    |
171 |     invariant l_a != r_b
    |                   ^^

houdafny.dfy(172,18): Error: this loop invariant could not be proved on entry
    |
172 |     invariant l_a != r_i
    |                   ^^

houdafny.dfy(172,18): Related message: loop invariant violation
    |
172 |     invariant l_a != r_i
    |                   ^^

houdafny.dfy(173,18): Error: this loop invariant could not be proved on entry
    |
173 |     invariant l_M < l_N
    |                   ^

houdafny.dfy(173,18): Related message: loop invariant violation
    |
173 |     invariant l_M < l_N
    |                   ^

houdafny.dfy(174,18): Error: this loop invariant could not be proved on entry
    |
174 |     invariant l_M != l_s
    |                   ^^

houdafny.dfy(174,18): Related message: loop invariant violation
    |
174 |     invariant l_M != l_s
    |                   ^^

houdafny.dfy(175,18): Error: this loop invariant could not be proved on entry
    |
175 |     invariant l_M != r_s
    |                   ^^

houdafny.dfy(175,18): Related message: loop invariant violation
    |
175 |     invariant l_M != r_s
    |                   ^^

houdafny.dfy(176,18): Error: this loop invariant could not be proved on entry
    |
176 |     invariant l_M != r_b
    |                   ^^

houdafny.dfy(176,18): Related message: loop invariant violation
    |
176 |     invariant l_M != r_b
    |                   ^^

houdafny.dfy(177,18): Error: this loop invariant could not be proved on entry
    |
177 |     invariant l_N != l_L
    |                   ^^

houdafny.dfy(177,18): Related message: loop invariant violation
    |
177 |     invariant l_N != l_L
    |                   ^^

houdafny.dfy(178,18): Error: this loop invariant could not be proved on entry
    |
178 |     invariant l_N != l_s
    |                   ^^

houdafny.dfy(178,18): Related message: loop invariant violation
    |
178 |     invariant l_N != l_s
    |                   ^^

houdafny.dfy(180,18): Error: this loop invariant could not be proved on entry
    |
180 |     invariant l_N != r_s
    |                   ^^

houdafny.dfy(180,18): Related message: loop invariant violation
    |
180 |     invariant l_N != r_s
    |                   ^^

houdafny.dfy(181,18): Error: this loop invariant could not be proved on entry
    |
181 |     invariant l_N != r_b
    |                   ^^

houdafny.dfy(181,18): Related message: loop invariant violation
    |
181 |     invariant l_N != r_b
    |                   ^^

houdafny.dfy(183,18): Error: this loop invariant could not be proved on entry
    |
183 |     invariant l_L != l_s
    |                   ^^

houdafny.dfy(183,18): Related message: loop invariant violation
    |
183 |     invariant l_L != l_s
    |                   ^^

houdafny.dfy(184,18): Error: this loop invariant could not be proved on entry
    |
184 |     invariant l_L != r_s
    |                   ^^

houdafny.dfy(184,18): Related message: loop invariant violation
    |
184 |     invariant l_L != r_s
    |                   ^^

houdafny.dfy(185,18): Error: this loop invariant could not be proved on entry
    |
185 |     invariant l_L != r_b
    |                   ^^

houdafny.dfy(185,18): Related message: loop invariant violation
    |
185 |     invariant l_L != r_b
    |                   ^^

houdafny.dfy(186,18): Error: this loop invariant could not be proved on entry
    |
186 |     invariant l_s != l_i
    |                   ^^

houdafny.dfy(186,18): Related message: loop invariant violation
    |
186 |     invariant l_s != l_i
    |                   ^^

houdafny.dfy(187,18): Error: this loop invariant could not be proved on entry
    |
187 |     invariant l_s != r_s
    |                   ^^

houdafny.dfy(187,18): Related message: loop invariant violation
    |
187 |     invariant l_s != r_s
    |                   ^^

houdafny.dfy(188,18): Error: this loop invariant could not be proved on entry
    |
188 |     invariant l_s != r_i
    |                   ^^

houdafny.dfy(188,18): Related message: loop invariant violation
    |
188 |     invariant l_s != r_i
    |                   ^^

houdafny.dfy(189,18): Error: this loop invariant could not be proved on entry
    |
189 |     invariant l_i != r_s
    |                   ^^

houdafny.dfy(189,18): Related message: loop invariant violation
    |
189 |     invariant l_i != r_s
    |                   ^^

houdafny.dfy(190,18): Error: this loop invariant could not be proved on entry
    |
190 |     invariant l_i != r_b
    |                   ^^

houdafny.dfy(190,18): Related message: loop invariant violation
    |
190 |     invariant l_i != r_b
    |                   ^^

houdafny.dfy(192,18): Error: this loop invariant could not be proved on entry
    |
192 |     invariant r_s != r_b
    |                   ^^

houdafny.dfy(192,18): Related message: loop invariant violation
    |
192 |     invariant r_s != r_b
    |                   ^^

houdafny.dfy(193,18): Error: this loop invariant could not be proved on entry
    |
193 |     invariant r_s != r_i
    |                   ^^

houdafny.dfy(193,18): Related message: loop invariant violation
    |
193 |     invariant r_s != r_i
    |                   ^^

houdafny.dfy(194,34): Error: this loop invariant could not be proved on entry
    |
194 |     invariant (l_M - (l_N + l_i)) == 0
    |                                   ^^

houdafny.dfy(194,34): Related message: loop invariant violation
    |
194 |     invariant (l_M - (l_N + l_i)) == 0
    |                                   ^^


Dafny program verifier finished with 0 verified, 53 errors

Writing Dafny to houdafny.dfy...
Done
Running Dafny verification...
houdafny.dfy(24,20): Error: this loop invariant could not be proved on entry
   |
24 |       invariant l_a != 0
   |                     ^^

houdafny.dfy(24,20): Related message: loop invariant violation
   |
24 |       invariant l_a != 0
   |                     ^^

houdafny.dfy(27,20): Error: this loop invariant could not be proved on entry
   |
27 |       invariant l_a != l_i
   |                     ^^

houdafny.dfy(27,20): Related message: loop invariant violation
   |
27 |       invariant l_a != l_i
   |                     ^^

houdafny.dfy(29,20): Error: this loop invariant could not be proved on entry
   |
29 |       invariant l_N > l_k
   |                     ^

houdafny.dfy(29,20): Related message: loop invariant violation
   |
29 |       invariant l_N > l_k
   |                     ^

houdafny.dfy(77,18): Error: this loop invariant could not be proved on entry
   |
77 |     invariant l_a != 0
   |                   ^^

houdafny.dfy(77,18): Related message: loop invariant violation
   |
77 |     invariant l_a != 0
   |                   ^^

houdafny.dfy(80,18): Error: this loop invariant could not be proved on entry
   |
80 |     invariant l_a != l_i
   |                   ^^

houdafny.dfy(80,18): Related message: loop invariant violation
   |
80 |     invariant l_a != l_i
   |                   ^^

houdafny.dfy(101,20): Error: this loop invariant could not be proved on entry
    |
101 |       invariant l_N >= 0
    |                     ^^

houdafny.dfy(101,20): Related message: loop invariant violation
    |
101 |       invariant l_N >= 0
    |                     ^^

houdafny.dfy(105,20): Error: this loop invariant could not be proved on entry
    |
105 |       invariant l_a != l_s
    |                     ^^

houdafny.dfy(105,20): Related message: loop invariant violation
    |
105 |       invariant l_a != l_s
    |                     ^^

houdafny.dfy(108,20): Error: this loop invariant could not be proved on entry
    |
108 |       invariant l_N >= l_i
    |                     ^^

houdafny.dfy(108,20): Related message: loop invariant violation
    |
108 |       invariant l_N >= l_i
    |                     ^^

houdafny.dfy(126,18): Error: this loop invariant could not be proved on entry
    |
126 |     invariant l_M >= r_k
    |                   ^^

houdafny.dfy(126,18): Related message: loop invariant violation
    |
126 |     invariant l_M >= r_k
    |                   ^^

houdafny.dfy(135,18): Error: this loop invariant could not be proved on entry
    |
135 |     invariant l_i >= 1
    |                   ^^

houdafny.dfy(135,18): Related message: loop invariant violation
    |
135 |     invariant l_i >= 1
    |                   ^^

houdafny.dfy(138,18): Error: this loop invariant could not be proved on entry
    |
138 |     invariant l_a != l_s
    |                   ^^

houdafny.dfy(138,18): Related message: loop invariant violation
    |
138 |     invariant l_a != l_s
    |                   ^^

houdafny.dfy(140,18): Error: this loop invariant could not be proved on entry
    |
140 |     invariant l_N >= l_i
    |                   ^^

houdafny.dfy(140,18): Related message: loop invariant violation
    |
140 |     invariant l_N >= l_i
    |                   ^^

houdafny.dfy(143,34): Error: this loop invariant could not be proved on entry
    |
143 |     invariant (l_M - (l_N + l_i)) <= 0
    |                                   ^^

houdafny.dfy(143,34): Related message: loop invariant violation
    |
143 |     invariant (l_M - (l_N + l_i)) <= 0
    |                                   ^^

houdafny.dfy(144,34): Error: this loop invariant could not be proved on entry
    |
144 |     invariant (l_M - (l_N + l_i)) >= 0
    |                                   ^^

houdafny.dfy(144,34): Related message: loop invariant violation
    |
144 |     invariant (l_M - (l_N + l_i)) >= 0
    |                                   ^^

houdafny.dfy(226,8): Error: assertion might not hold
    |
226 |   assert(l_s == r_s);
    |         ^^^^^^^^^^^^


Dafny program verifier finished with 0 verified, 15 errors

Writing Dafny to houdafny.dfy...
Done
Running Dafny verification...
houdafny.dfy(31,22): Error: this loop invariant could not be proved on entry
   |
31 |         invariant l_a != 0
   |                       ^^

houdafny.dfy(31,22): Related message: loop invariant violation
   |
31 |         invariant l_a != 0
   |                       ^^

houdafny.dfy(39,22): Error: this loop invariant could not be proved on entry
   |
39 |         invariant l_a != l_i
   |                       ^^

houdafny.dfy(39,22): Related message: loop invariant violation
   |
39 |         invariant l_a != l_i
   |                       ^^

houdafny.dfy(93,20): Error: this loop invariant could not be proved on entry
   |
93 |       invariant l_a != 0
   |                     ^^

houdafny.dfy(93,20): Related message: loop invariant violation
   |
93 |       invariant l_a != 0
   |                     ^^

houdafny.dfy(99,20): Error: this loop invariant could not be proved on entry
   |
99 |       invariant l_a != l_i
   |                     ^^

houdafny.dfy(99,20): Related message: loop invariant violation
   |
99 |       invariant l_a != l_i
   |                     ^^

houdafny.dfy(124,18): Error: this loop invariant could not be proved on entry
    |
124 |     invariant l_a != 0
    |                   ^^

houdafny.dfy(124,18): Related message: loop invariant violation
    |
124 |     invariant l_a != 0
    |                   ^^

houdafny.dfy(125,18): Error: this loop invariant could not be proved on entry
    |
125 |     invariant l_M >= 0
    |                   ^^

houdafny.dfy(125,18): Related message: loop invariant violation
    |
125 |     invariant l_M >= 0
    |                   ^^

houdafny.dfy(128,18): Error: this loop invariant could not be proved on entry
    |
128 |     invariant l_a != l_i
    |                   ^^

houdafny.dfy(128,18): Related message: loop invariant violation
    |
128 |     invariant l_a != l_i
    |                   ^^

houdafny.dfy(129,18): Error: this loop invariant could not be proved on entry
    |
129 |     invariant l_N >= r_i
    |                   ^^

houdafny.dfy(129,18): Related message: loop invariant violation
    |
129 |     invariant l_N >= r_i
    |                   ^^

houdafny.dfy(130,18): Error: this loop invariant could not be proved on entry
    |
130 |     invariant l_i >= r_i
    |                   ^^

houdafny.dfy(130,18): Related message: loop invariant violation
    |
130 |     invariant l_i >= r_i
    |                   ^^

houdafny.dfy(142,20): Error: this loop invariant could not be proved on entry
    |
142 |       invariant l_M == r_k
    |                     ^^

houdafny.dfy(142,20): Related message: loop invariant violation
    |
142 |       invariant l_M == r_k
    |                     ^^

houdafny.dfy(154,20): Error: this loop invariant could not be proved on entry
    |
154 |       invariant l_N >= 2
    |                     ^^

houdafny.dfy(154,20): Related message: loop invariant violation
    |
154 |       invariant l_N >= 2
    |                     ^^

houdafny.dfy(155,20): Error: this loop invariant could not be proved on entry
    |
155 |       invariant l_L != 0
    |                     ^^

houdafny.dfy(155,20): Related message: loop invariant violation
    |
155 |       invariant l_L != 0
    |                     ^^

houdafny.dfy(156,20): Error: this loop invariant could not be proved on entry
    |
156 |       invariant l_L >= 1
    |                     ^^

houdafny.dfy(156,20): Related message: loop invariant violation
    |
156 |       invariant l_L >= 1
    |                     ^^

houdafny.dfy(157,20): Error: this loop invariant could not be proved on entry
    |
157 |       invariant l_s != 0
    |                     ^^

houdafny.dfy(157,20): Related message: loop invariant violation
    |
157 |       invariant l_s != 0
    |                     ^^

houdafny.dfy(160,20): Error: this loop invariant could not be proved on entry
    |
160 |       invariant r_s != 0
    |                     ^^

houdafny.dfy(160,20): Related message: loop invariant violation
    |
160 |       invariant r_s != 0
    |                     ^^

houdafny.dfy(161,20): Error: this loop invariant could not be proved on entry
    |
161 |       invariant r_b != 0
    |                     ^^

houdafny.dfy(161,20): Related message: loop invariant violation
    |
161 |       invariant r_b != 0
    |                     ^^

houdafny.dfy(165,20): Error: this loop invariant could not be proved on entry
    |
165 |       invariant l_a != l_M
    |                     ^^

houdafny.dfy(165,20): Related message: loop invariant violation
    |
165 |       invariant l_a != l_M
    |                     ^^

houdafny.dfy(166,20): Error: this loop invariant could not be proved on entry
    |
166 |       invariant l_a != l_N
    |                     ^^

houdafny.dfy(166,20): Related message: loop invariant violation
    |
166 |       invariant l_a != l_N
    |                     ^^

houdafny.dfy(167,20): Error: this loop invariant could not be proved on entry
    |
167 |       invariant l_a != l_L
    |                     ^^

houdafny.dfy(167,20): Related message: loop invariant violation
    |
167 |       invariant l_a != l_L
    |                     ^^

houdafny.dfy(168,20): Error: this loop invariant could not be proved on entry
    |
168 |       invariant l_a != l_s
    |                     ^^

houdafny.dfy(168,20): Related message: loop invariant violation
    |
168 |       invariant l_a != l_s
    |                     ^^

houdafny.dfy(170,20): Error: this loop invariant could not be proved on entry
    |
170 |       invariant l_a != r_s
    |                     ^^

houdafny.dfy(170,20): Related message: loop invariant violation
    |
170 |       invariant l_a != r_s
    |                     ^^

houdafny.dfy(171,20): Error: this loop invariant could not be proved on entry
    |
171 |       invariant l_a != r_b
    |                     ^^

houdafny.dfy(171,20): Related message: loop invariant violation
    |
171 |       invariant l_a != r_b
    |                     ^^

houdafny.dfy(172,20): Error: this loop invariant could not be proved on entry
    |
172 |       invariant l_a != r_i
    |                     ^^

houdafny.dfy(172,20): Related message: loop invariant violation
    |
172 |       invariant l_a != r_i
    |                     ^^

houdafny.dfy(175,20): Error: this loop invariant could not be proved on entry
    |
175 |       invariant l_M != l_s
    |                     ^^

houdafny.dfy(175,20): Related message: loop invariant violation
    |
175 |       invariant l_M != l_s
    |                     ^^

houdafny.dfy(176,20): Error: this loop invariant could not be proved on entry
    |
176 |       invariant l_M != r_s
    |                     ^^

houdafny.dfy(176,20): Related message: loop invariant violation
    |
176 |       invariant l_M != r_s
    |                     ^^

houdafny.dfy(177,20): Error: this loop invariant could not be proved on entry
    |
177 |       invariant l_M != r_b
    |                     ^^

houdafny.dfy(177,20): Related message: loop invariant violation
    |
177 |       invariant l_M != r_b
    |                     ^^

houdafny.dfy(178,20): Error: this loop invariant could not be proved on entry
    |
178 |       invariant l_N != l_L
    |                     ^^

houdafny.dfy(178,20): Related message: loop invariant violation
    |
178 |       invariant l_N != l_L
    |                     ^^

houdafny.dfy(179,20): Error: this loop invariant could not be proved on entry
    |
179 |       invariant l_N != l_s
    |                     ^^

houdafny.dfy(179,20): Related message: loop invariant violation
    |
179 |       invariant l_N != l_s
    |                     ^^

houdafny.dfy(180,20): Error: this loop invariant could not be proved on entry
    |
180 |       invariant l_N >= l_i
    |                     ^^

houdafny.dfy(180,20): Related message: loop invariant violation
    |
180 |       invariant l_N >= l_i
    |                     ^^

houdafny.dfy(181,20): Error: this loop invariant could not be proved on entry
    |
181 |       invariant l_N != r_s
    |                     ^^

houdafny.dfy(181,20): Related message: loop invariant violation
    |
181 |       invariant l_N != r_s
    |                     ^^

houdafny.dfy(182,20): Error: this loop invariant could not be proved on entry
    |
182 |       invariant l_N != r_b
    |                     ^^

houdafny.dfy(182,20): Related message: loop invariant violation
    |
182 |       invariant l_N != r_b
    |                     ^^

houdafny.dfy(184,20): Error: this loop invariant could not be proved on entry
    |
184 |       invariant l_L != l_s
    |                     ^^

houdafny.dfy(184,20): Related message: loop invariant violation
    |
184 |       invariant l_L != l_s
    |                     ^^

houdafny.dfy(185,20): Error: this loop invariant could not be proved on entry
    |
185 |       invariant l_L != r_s
    |                     ^^

houdafny.dfy(185,20): Related message: loop invariant violation
    |
185 |       invariant l_L != r_s
    |                     ^^

houdafny.dfy(186,20): Error: this loop invariant could not be proved on entry
    |
186 |       invariant l_L != r_b
    |                     ^^

houdafny.dfy(186,20): Related message: loop invariant violation
    |
186 |       invariant l_L != r_b
    |                     ^^

houdafny.dfy(188,20): Error: this loop invariant could not be proved on entry
    |
188 |       invariant l_s != l_i
    |                     ^^

houdafny.dfy(188,20): Related message: loop invariant violation
    |
188 |       invariant l_s != l_i
    |                     ^^

houdafny.dfy(189,20): Error: this loop invariant could not be proved on entry
    |
189 |       invariant l_s != r_s
    |                     ^^

houdafny.dfy(189,20): Related message: loop invariant violation
    |
189 |       invariant l_s != r_s
    |                     ^^

houdafny.dfy(190,20): Error: this loop invariant could not be proved on entry
    |
190 |       invariant l_s != r_b
    |                     ^^

houdafny.dfy(190,20): Related message: loop invariant violation
    |
190 |       invariant l_s != r_b
    |                     ^^

houdafny.dfy(191,20): Error: this loop invariant could not be proved on entry
    |
191 |       invariant l_s != r_i
    |                     ^^

houdafny.dfy(191,20): Related message: loop invariant violation
    |
191 |       invariant l_s != r_i
    |                     ^^

houdafny.dfy(193,20): Error: this loop invariant could not be proved on entry
    |
193 |       invariant l_i != r_s
    |                     ^^

houdafny.dfy(193,20): Related message: loop invariant violation
    |
193 |       invariant l_i != r_s
    |                     ^^

houdafny.dfy(194,20): Error: this loop invariant could not be proved on entry
    |
194 |       invariant l_i != r_b
    |                     ^^

houdafny.dfy(194,20): Related message: loop invariant violation
    |
194 |       invariant l_i != r_b
    |                     ^^

houdafny.dfy(196,20): Error: this loop invariant could not be proved on entry
    |
196 |       invariant r_s != r_b
    |                     ^^

houdafny.dfy(196,20): Related message: loop invariant violation
    |
196 |       invariant r_s != r_b
    |                     ^^

houdafny.dfy(197,20): Error: this loop invariant could not be proved on entry
    |
197 |       invariant r_s != r_i
    |                     ^^

houdafny.dfy(197,20): Related message: loop invariant violation
    |
197 |       invariant r_s != r_i
    |                     ^^

houdafny.dfy(199,20): Error: this loop invariant could not be proved on entry
    |
199 |       invariant r_b != r_i
    |                     ^^

houdafny.dfy(199,20): Related message: loop invariant violation
    |
199 |       invariant r_b != r_i
    |                     ^^

houdafny.dfy(201,36): Error: this loop invariant could not be proved on entry
    |
201 |       invariant (l_M - (l_N + l_i)) == 0
    |                                     ^^

houdafny.dfy(201,36): Related message: loop invariant violation
    |
201 |       invariant (l_M - (l_N + l_i)) == 0
    |                                     ^^

houdafny.dfy(212,8): Error: assertion might not hold
    |
212 |   assert(l_s == r_s);
    |         ^^^^^^^^^^^^


Dafny program verifier finished with 0 verified, 45 errors

Writing Dafny to houdafny.dfy...
Done
Running Dafny verification...
houdafny.dfy(134,20): Error: this loop invariant could not be proved on entry
    |
134 |       invariant l_M >= r_k
    |                     ^^

houdafny.dfy(134,20): Related message: loop invariant violation
    |
134 |       invariant l_M >= r_k
    |                     ^^

houdafny.dfy(141,20): Error: this loop invariant could not be proved on entry
    |
141 |       invariant l_a != 0
    |                     ^^

houdafny.dfy(141,20): Related message: loop invariant violation
    |
141 |       invariant l_a != 0
    |                     ^^

houdafny.dfy(149,20): Error: this loop invariant could not be proved on entry
    |
149 |       invariant l_a != l_i
    |                     ^^

houdafny.dfy(149,20): Related message: loop invariant violation
    |
149 |       invariant l_a != l_i
    |                     ^^

houdafny.dfy(153,20): Error: this loop invariant could not be proved on entry
    |
153 |       invariant l_L > r_l
    |                     ^

houdafny.dfy(153,20): Related message: loop invariant violation
    |
153 |       invariant l_L > r_l
    |                     ^

houdafny.dfy(154,20): Error: this loop invariant could not be proved on entry
    |
154 |       invariant l_s != r_l
    |                     ^^

houdafny.dfy(154,20): Related message: loop invariant violation
    |
154 |       invariant l_s != r_l
    |                     ^^

houdafny.dfy(156,20): Error: this loop invariant could not be proved on entry
    |
156 |       invariant r_s != r_l
    |                     ^^

houdafny.dfy(156,20): Related message: loop invariant violation
    |
156 |       invariant r_s != r_l
    |                     ^^

houdafny.dfy(157,20): Error: this loop invariant could not be proved on entry
    |
157 |       invariant r_b != r_l
    |                     ^^

houdafny.dfy(157,20): Related message: loop invariant violation
    |
157 |       invariant r_b != r_l
    |                     ^^

houdafny.dfy(159,36): Error: this loop invariant could not be proved on entry
    |
159 |       invariant (l_M - (l_N + l_i)) >= 0
    |                                     ^^

houdafny.dfy(159,36): Related message: loop invariant violation
    |
159 |       invariant (l_M - (l_N + l_i)) >= 0
    |                                     ^^

houdafny.dfy(168,8): Error: assertion might not hold
    |
168 |   assert(l_s == r_s);
    |         ^^^^^^^^^^^^


Dafny program verifier finished with 0 verified, 9 errors

Writing Dafny to houdafny.dfy...
Done
Running Dafny verification...
houdafny.dfy(140,20): Error: this loop invariant could not be proved on entry
    |
140 |       invariant l_M >= 0
    |                     ^^

houdafny.dfy(140,20): Related message: loop invariant violation
    |
140 |       invariant l_M >= 0
    |                     ^^

houdafny.dfy(147,20): Error: this loop invariant could not be proved on entry
    |
147 |       invariant l_a != r_l
    |                     ^^

houdafny.dfy(147,20): Related message: loop invariant violation
    |
147 |       invariant l_a != r_l
    |                     ^^

houdafny.dfy(147,20): Error: this invariant could not be proved to be maintained by the loop
    |
147 |       invariant l_a != r_l
    |                     ^^

houdafny.dfy(147,20): Related message: loop invariant violation
    |
147 |       invariant l_a != r_l
    |                     ^^

houdafny.dfy(160,8): Error: assertion might not hold
    |
160 |   assert(l_s == r_s);
    |         ^^^^^^^^^^^^


Dafny program verifier finished with 0 verified, 4 errors

Writing Dafny to houdafny.dfy...
Done
Running Dafny verification...
houdafny.dfy(140,20): Error: this loop invariant could not be proved on entry
    |
140 |       invariant l_N != 0
    |                     ^^

houdafny.dfy(140,20): Related message: loop invariant violation
    |
140 |       invariant l_N != 0
    |                     ^^

houdafny.dfy(147,20): Error: this loop invariant could not be proved on entry
    |
147 |       invariant l_N >= r_i
    |                     ^^

houdafny.dfy(147,20): Related message: loop invariant violation
    |
147 |       invariant l_N >= r_i
    |                     ^^

houdafny.dfy(158,8): Error: assertion might not hold
    |
158 |   assert(l_s == r_s);
    |         ^^^^^^^^^^^^


Dafny program verifier finished with 0 verified, 3 errors

Writing Dafny to houdafny.dfy...
Done
Running Dafny verification...
houdafny.dfy(156,8): Error: assertion might not hold
    |
156 |   assert(l_s == r_s);
    |         ^^^^^^^^^^^^


Dafny program verifier finished with 0 verified, 1 error

Writing output to ./results/alignments/dafny/barthe/unaligned/static-caching-una.dfy...
Done

Per-Task Times (ms)
-------------------
align-none: 0
aligned-crel: 0
invars-daikon: 1339
houdafny: 18174
aligned-output: 0
write-product: 0

KestRel completed in 19514ms
Verified: false

real	0m19.565s
user	0m22.440s
sys	0m2.006s
