Treating naive product as final alignment.
Writing Daikon to daikon_output.c...
Done
Compiling Daikon output...
Running Kvasir...
==34368== kvasir-5.8.18, C/C++ Language Front-End for Daikon with DynComp comparability analysis tool.
==34368== Copyright (C) 2007-2022, University of Washington CSE PLSE Group
==34368== Using Valgrind-3.19.0.Fjalar and LibVEX; rerun with -h for copyright info
==34368== Command: ./daikon_output
==34368== 
==34368== 
==34368== For lists of detected and suppressed errors, rerun with: -s
==34368== ERROR SUMMARY: 0 errors from 0 contexts (suppressed: 0 from 0)
Running Daikon...
Writing Dafny to houdafny.dfy...
Done
Running Dafny verification...
houdafny.dfy(20,18): Error: this loop invariant could not be proved on entry
   |
20 |     invariant l_x != 0
   |                   ^^

houdafny.dfy(20,18): Related message: loop invariant violation
   |
20 |     invariant l_x != 0
   |                   ^^

houdafny.dfy(27,18): Error: this loop invariant could not be proved on entry
   |
27 |     invariant l_x != l_i
   |                   ^^

houdafny.dfy(27,18): Related message: loop invariant violation
   |
27 |     invariant l_x != l_i
   |                   ^^

houdafny.dfy(28,18): Error: this invariant could not be proved to be maintained by the loop
   |
28 |     invariant l_x > r_x
   |                   ^

houdafny.dfy(28,18): Related message: loop invariant violation
   |
28 |     invariant l_x > r_x
   |                   ^

houdafny.dfy(30,18): Error: this invariant could not be proved to be maintained by the loop
   |
30 |     invariant l_i > r_i
   |                   ^

houdafny.dfy(30,18): Related message: loop invariant violation
   |
30 |     invariant l_i > r_i
   |                   ^

houdafny.dfy(35,8): Error: assertion might not hold
   |
35 |   assert(l_x == r_x);
   |         ^^^^^^^^^^^^


Dafny program verifier finished with 0 verified, 5 errors

Writing Dafny to houdafny.dfy...
Done
Running Dafny verification...
houdafny.dfy(20,18): Error: this loop invariant could not be proved on entry
   |
20 |     invariant l_x >= 1
   |                   ^^

houdafny.dfy(20,18): Related message: loop invariant violation
   |
20 |     invariant l_x >= 1
   |                   ^^

houdafny.dfy(26,18): Error: this invariant could not be proved to be maintained by the loop
   |
26 |     invariant l_x >= r_i
   |                   ^^

houdafny.dfy(26,18): Related message: loop invariant violation
   |
26 |     invariant l_x >= r_i
   |                   ^^

houdafny.dfy(31,8): Error: assertion might not hold
   |
31 |   assert(l_x == r_x);
   |         ^^^^^^^^^^^^


Dafny program verifier finished with 0 verified, 3 errors

Writing Dafny to houdafny.dfy...
Done
Running Dafny verification...
houdafny.dfy(29,8): Error: assertion might not hold
   |
29 |   assert(l_x == r_x);
   |         ^^^^^^^^^^^^


Dafny program verifier finished with 0 verified, 1 error

Writing output to ./results/alignments/dafny/barthe/unaligned/unroll-una.dfy...
Done

Per-Task Times (ms)
-------------------
align-none: 0
aligned-crel: 0
invars-daikon: 844
houdafny: 5100
aligned-output: 0
write-product: 0

KestRel completed in 5945ms
Verified: false

real	0m5.966s
user	0m6.718s
sys	0m0.369s
