Computed alignment by local loop counting.
Writing Daikon to daikon_output.c...
Done
Compiling Daikon output...
Running Kvasir...
==52432== kvasir-5.8.18, C/C++ Language Front-End for Daikon with DynComp comparability analysis tool.
==52432== Copyright (C) 2007-2022, University of Washington CSE PLSE Group
==52432== Using Valgrind-3.19.0.Fjalar and LibVEX; rerun with -h for copyright info
==52432== Command: ./daikon_output
==52432== 
==52432== 
==52432== For lists of detected and suppressed errors, rerun with: -s
==52432== ERROR SUMMARY: 0 errors from 0 contexts (suppressed: 0 from 0)
Running Daikon...
Writing Dafny to houdafny.dfy...
Done
Running Dafny verification...
houdafny.dfy(24,15): Error: this loop invariant could not be proved on entry
   |
24 |     invariant (0 < r_j) && ((!(r_j <= r_size)) || (r_max == read(r_a, r_maxi)))
   |                ^^^^^^^

houdafny.dfy(24,15): Related message: loop invariant violation
   |
24 |     invariant (0 < r_j) && ((!(r_j <= r_size)) || (r_max == read(r_a, r_maxi)))
   |                ^^^^^^^


Dafny program verifier finished with 0 verified, 1 error

Writing Dafny to houdafny.dfy...
Done
Running Dafny verification...
houdafny.dfy(36,18): Error: this loop invariant could not be proved on entry
   |
36 |     invariant l_a == r_a
   |                   ^^

houdafny.dfy(36,18): Related message: loop invariant violation
   |
36 |     invariant l_a == r_a
   |                   ^^

houdafny.dfy(36,18): Error: this invariant could not be proved to be maintained by the loop
   |
36 |     invariant l_a == r_a
   |                   ^^

houdafny.dfy(36,18): Related message: loop invariant violation
   |
36 |     invariant l_a == r_a
   |                   ^^

houdafny.dfy(45,18): Error: this loop invariant could not be proved on entry
   |
45 |     invariant l_a != 0
   |                   ^^

houdafny.dfy(45,18): Related message: loop invariant violation
   |
45 |     invariant l_a != 0
   |                   ^^

houdafny.dfy(46,20): Error: this loop invariant could not be proved on entry
   |
46 |     invariant l_max != 0
   |                     ^^

houdafny.dfy(46,20): Related message: loop invariant violation
   |
46 |     invariant l_max != 0
   |                     ^^

houdafny.dfy(46,20): Error: this invariant could not be proved to be maintained by the loop
   |
46 |     invariant l_max != 0
   |                     ^^

houdafny.dfy(46,20): Related message: loop invariant violation
   |
46 |     invariant l_max != 0
   |                     ^^

houdafny.dfy(49,18): Error: this loop invariant could not be proved on entry
   |
49 |     invariant l_a != l_max
   |                   ^^

houdafny.dfy(49,18): Related message: loop invariant violation
   |
49 |     invariant l_a != l_max
   |                   ^^

houdafny.dfy(49,18): Error: this invariant could not be proved to be maintained by the loop
   |
49 |     invariant l_a != l_max
   |                   ^^

houdafny.dfy(49,18): Related message: loop invariant violation
   |
49 |     invariant l_a != l_max
   |                   ^^

houdafny.dfy(51,18): Error: this invariant could not be proved to be maintained by the loop
   |
51 |     invariant l_a != l_i
   |                   ^^

houdafny.dfy(51,18): Related message: loop invariant violation
   |
51 |     invariant l_a != l_i
   |                   ^^

houdafny.dfy(53,20): Error: this invariant could not be proved to be maintained by the loop
   |
53 |     invariant l_max != l_maxi
   |                     ^^

houdafny.dfy(53,20): Related message: loop invariant violation
   |
53 |     invariant l_max != l_maxi
   |                     ^^

houdafny.dfy(54,20): Error: this invariant could not be proved to be maintained by the loop
   |
54 |     invariant l_max != l_i
   |                     ^^

houdafny.dfy(54,20): Related message: loop invariant violation
   |
54 |     invariant l_max != l_i
   |                     ^^


Dafny program verifier finished with 0 verified, 10 errors

Writing Dafny to houdafny.dfy...
Done
Running Dafny verification...
houdafny.dfy(36,18): Error: this loop invariant could not be proved on entry
   |
36 |     invariant l_a <= r_a
   |                   ^^

houdafny.dfy(36,18): Related message: loop invariant violation
   |
36 |     invariant l_a <= r_a
   |                   ^^

houdafny.dfy(36,18): Error: this invariant could not be proved to be maintained by the loop
   |
36 |     invariant l_a <= r_a
   |                   ^^

houdafny.dfy(36,18): Related message: loop invariant violation
   |
36 |     invariant l_a <= r_a
   |                   ^^

houdafny.dfy(37,18): Error: this loop invariant could not be proved on entry
   |
37 |     invariant l_a >= r_a
   |                   ^^

houdafny.dfy(37,18): Related message: loop invariant violation
   |
37 |     invariant l_a >= r_a
   |                   ^^

houdafny.dfy(37,18): Error: this invariant could not be proved to be maintained by the loop
   |
37 |     invariant l_a >= r_a
   |                   ^^

houdafny.dfy(37,18): Related message: loop invariant violation
   |
37 |     invariant l_a >= r_a
   |                   ^^

houdafny.dfy(46,18): Error: this loop invariant could not be proved on entry
   |
46 |     invariant l_a != l_maxi
   |                   ^^

houdafny.dfy(46,18): Related message: loop invariant violation
   |
46 |     invariant l_a != l_maxi
   |                   ^^

houdafny.dfy(46,18): Error: this invariant could not be proved to be maintained by the loop
   |
46 |     invariant l_a != l_maxi
   |                   ^^

houdafny.dfy(46,18): Related message: loop invariant violation
   |
46 |     invariant l_a != l_maxi
   |                   ^^

houdafny.dfy(47,18): Error: this invariant could not be proved to be maintained by the loop
   |
47 |     invariant l_a != r_max
   |                   ^^

houdafny.dfy(47,18): Related message: loop invariant violation
   |
47 |     invariant l_a != r_max
   |                   ^^


Dafny program verifier finished with 0 verified, 7 errors

Writing Dafny to houdafny.dfy...
Done
Running Dafny verification...

Dafny program verifier finished with 1 verified, 0 errors

Writing output to ./results/alignments/dafny/barthe/count-loops/code-sinking-cou.dfy...
Done

Per-Task Times (ms)
-------------------
align-count-loops: 3
aligned-crel: 0
invars-daikon: 1151
houdafny: 7906
aligned-output: 0
write-product: 0

KestRel completed in 9063ms
Verified: true

real	0m9.132s
user	0m10.349s
sys	0m0.505s
