Computed alignment by local loop counting.
Writing Daikon to daikon_output.c...
Done
Compiling Daikon output...
Running Kvasir...
==52980== kvasir-5.8.18, C/C++ Language Front-End for Daikon with DynComp comparability analysis tool.
==52980== Copyright (C) 2007-2022, University of Washington CSE PLSE Group
==52980== Using Valgrind-3.19.0.Fjalar and LibVEX; rerun with -h for copyright info
==52980== Command: ./daikon_output
==52980== 
==52980== 
==52980== For lists of detected and suppressed errors, rerun with: -s
==52980== ERROR SUMMARY: 0 errors from 0 contexts (suppressed: 0 from 0)
Running Daikon...
Writing Dafny to houdafny.dfy...
Done
Running Dafny verification...
houdafny.dfy(25,14): Error: this loop invariant could not be proved on entry
   |
25 |     invariant forall i: int :: ((!(i != (r_j + 1))) || (read(l_b, i) == read(r_b, i)))
   |               ^^^^^^

houdafny.dfy(25,14): Related message: loop invariant violation
   |
25 |     invariant forall i: int :: ((!(i != (r_j + 1))) || (read(l_b, i) == read(r_b, i)))
   |               ^^^^^^

houdafny.dfy(26,14): Error: this loop invariant could not be proved on entry
   |
26 |     invariant forall i: int :: (read(l_a, i) == read(r_a, i))
   |               ^^^^^^

houdafny.dfy(26,14): Related message: loop invariant violation
   |
26 |     invariant forall i: int :: (read(l_a, i) == read(r_a, i))
   |               ^^^^^^


Dafny program verifier finished with 0 verified, 2 errors

Writing Dafny to houdafny.dfy...
Done
Running Dafny verification...
houdafny.dfy(25,29): Error: this loop invariant could not be proved on entry
   |
25 |     invariant read(l_c, r_j) == (read(r_c, r_j) + read(l_b, r_j))
   |                              ^^

houdafny.dfy(25,29): Related message: loop invariant violation
   |
25 |     invariant read(l_c, r_j) == (read(r_c, r_j) + read(l_b, r_j))
   |                              ^^

houdafny.dfy(27,33): Error: this loop invariant could not be proved on entry
   |
27 |     invariant read(l_c, r_j + 1) == (read(r_c, r_j + 1) + read(l_b, r_j + 1))
   |                                  ^^

houdafny.dfy(27,33): Related message: loop invariant violation
   |
27 |     invariant read(l_c, r_j + 1) == (read(r_c, r_j + 1) + read(l_b, r_j + 1))
   |                                  ^^

houdafny.dfy(28,18): Error: this loop invariant could not be proved on entry
   |
28 |     invariant l_i == (r_j + 2)
   |                   ^^

houdafny.dfy(28,18): Related message: loop invariant violation
   |
28 |     invariant l_i == (r_j + 2)
   |                   ^^


Dafny program verifier finished with 0 verified, 3 errors

Writing Dafny to houdafny.dfy...
Done
Running Dafny verification...
houdafny.dfy(25,14): Error: this invariant could not be proved to be maintained by the loop
   |
25 |     invariant forall i: int :: ((!((i != r_j) && (i != (r_j + 1)))) || (read(l_c, i) == read(r_c, i)))
   |               ^^^^^^

houdafny.dfy(25,14): Related message: loop invariant violation
   |
25 |     invariant forall i: int :: ((!((i != r_j) && (i != (r_j + 1)))) || (read(l_c, i) == read(r_c, i)))
   |               ^^^^^^

houdafny.dfy(26,33): Error: this loop invariant could not be proved on entry
   |
26 |     invariant read(l_b, r_j + 1) == (read(r_b, r_j + 1) + read(l_a, r_j + 1))
   |                                  ^^

houdafny.dfy(26,33): Related message: loop invariant violation
   |
26 |     invariant read(l_b, r_j + 1) == (read(r_b, r_j + 1) + read(l_a, r_j + 1))
   |                                  ^^

houdafny.dfy(26,33): Error: this invariant could not be proved to be maintained by the loop
   |
26 |     invariant read(l_b, r_j + 1) == (read(r_b, r_j + 1) + read(l_a, r_j + 1))
   |                                  ^^

houdafny.dfy(26,33): Related message: loop invariant violation
   |
26 |     invariant read(l_b, r_j + 1) == (read(r_b, r_j + 1) + read(l_a, r_j + 1))
   |                                  ^^

houdafny.dfy(33,18): Error: this loop invariant could not be proved on entry
   |
33 |     invariant l_a != 0
   |                   ^^

houdafny.dfy(33,18): Related message: loop invariant violation
   |
33 |     invariant l_a != 0
   |                   ^^

houdafny.dfy(33,18): Error: this invariant could not be proved to be maintained by the loop
   |
33 |     invariant l_a != 0
   |                   ^^

houdafny.dfy(33,18): Related message: loop invariant violation
   |
33 |     invariant l_a != 0
   |                   ^^

houdafny.dfy(34,18): Error: this loop invariant could not be proved on entry
   |
34 |     invariant l_b != 0
   |                   ^^

houdafny.dfy(34,18): Related message: loop invariant violation
   |
34 |     invariant l_b != 0
   |                   ^^

houdafny.dfy(34,18): Error: this invariant could not be proved to be maintained by the loop
   |
34 |     invariant l_b != 0
   |                   ^^

houdafny.dfy(34,18): Related message: loop invariant violation
   |
34 |     invariant l_b != 0
   |                   ^^

houdafny.dfy(35,18): Error: this loop invariant could not be proved on entry
   |
35 |     invariant l_c != 0
   |                   ^^

houdafny.dfy(35,18): Related message: loop invariant violation
   |
35 |     invariant l_c != 0
   |                   ^^

houdafny.dfy(35,18): Error: this invariant could not be proved to be maintained by the loop
   |
35 |     invariant l_c != 0
   |                   ^^

houdafny.dfy(35,18): Related message: loop invariant violation
   |
35 |     invariant l_c != 0
   |                   ^^

houdafny.dfy(38,18): Error: this loop invariant could not be proved on entry
   |
38 |     invariant r_a != 0
   |                   ^^

houdafny.dfy(38,18): Related message: loop invariant violation
   |
38 |     invariant r_a != 0
   |                   ^^

houdafny.dfy(38,18): Error: this invariant could not be proved to be maintained by the loop
   |
38 |     invariant r_a != 0
   |                   ^^

houdafny.dfy(38,18): Related message: loop invariant violation
   |
38 |     invariant r_a != 0
   |                   ^^

houdafny.dfy(39,18): Error: this loop invariant could not be proved on entry
   |
39 |     invariant r_b != 0
   |                   ^^

houdafny.dfy(39,18): Related message: loop invariant violation
   |
39 |     invariant r_b != 0
   |                   ^^

houdafny.dfy(39,18): Error: this invariant could not be proved to be maintained by the loop
   |
39 |     invariant r_b != 0
   |                   ^^

houdafny.dfy(39,18): Related message: loop invariant violation
   |
39 |     invariant r_b != 0
   |                   ^^

houdafny.dfy(40,18): Error: this loop invariant could not be proved on entry
   |
40 |     invariant r_c != 0
   |                   ^^

houdafny.dfy(40,18): Related message: loop invariant violation
   |
40 |     invariant r_c != 0
   |                   ^^

houdafny.dfy(40,18): Error: this invariant could not be proved to be maintained by the loop
   |
40 |     invariant r_c != 0
   |                   ^^

houdafny.dfy(40,18): Related message: loop invariant violation
   |
40 |     invariant r_c != 0
   |                   ^^

houdafny.dfy(41,18): Error: this loop invariant could not be proved on entry
   |
41 |     invariant l_a != l_b
   |                   ^^

houdafny.dfy(41,18): Related message: loop invariant violation
   |
41 |     invariant l_a != l_b
   |                   ^^

houdafny.dfy(41,18): Error: this invariant could not be proved to be maintained by the loop
   |
41 |     invariant l_a != l_b
   |                   ^^

houdafny.dfy(41,18): Related message: loop invariant violation
   |
41 |     invariant l_a != l_b
   |                   ^^

houdafny.dfy(42,18): Error: this loop invariant could not be proved on entry
   |
42 |     invariant l_a != l_c
   |                   ^^

houdafny.dfy(42,18): Related message: loop invariant violation
   |
42 |     invariant l_a != l_c
   |                   ^^

houdafny.dfy(42,18): Error: this invariant could not be proved to be maintained by the loop
   |
42 |     invariant l_a != l_c
   |                   ^^

houdafny.dfy(42,18): Related message: loop invariant violation
   |
42 |     invariant l_a != l_c
   |                   ^^

houdafny.dfy(43,18): Error: this loop invariant could not be proved on entry
   |
43 |     invariant l_a != l_size
   |                   ^^

houdafny.dfy(43,18): Related message: loop invariant violation
   |
43 |     invariant l_a != l_size
   |                   ^^

houdafny.dfy(43,18): Error: this invariant could not be proved to be maintained by the loop
   |
43 |     invariant l_a != l_size
   |                   ^^

houdafny.dfy(43,18): Related message: loop invariant violation
   |
43 |     invariant l_a != l_size
   |                   ^^

houdafny.dfy(44,18): Error: this invariant could not be proved to be maintained by the loop
   |
44 |     invariant l_a != l_i
   |                   ^^

houdafny.dfy(44,18): Related message: loop invariant violation
   |
44 |     invariant l_a != l_i
   |                   ^^

houdafny.dfy(45,18): Error: this invariant could not be proved to be maintained by the loop
   |
45 |     invariant l_a != r_a
   |                   ^^

houdafny.dfy(45,18): Related message: loop invariant violation
   |
45 |     invariant l_a != r_a
   |                   ^^

houdafny.dfy(46,18): Error: this loop invariant could not be proved on entry
   |
46 |     invariant l_a != r_b
   |                   ^^

houdafny.dfy(46,18): Related message: loop invariant violation
   |
46 |     invariant l_a != r_b
   |                   ^^

houdafny.dfy(46,18): Error: this invariant could not be proved to be maintained by the loop
   |
46 |     invariant l_a != r_b
   |                   ^^

houdafny.dfy(46,18): Related message: loop invariant violation
   |
46 |     invariant l_a != r_b
   |                   ^^

houdafny.dfy(47,18): Error: this loop invariant could not be proved on entry
   |
47 |     invariant l_a != r_c
   |                   ^^

houdafny.dfy(47,18): Related message: loop invariant violation
   |
47 |     invariant l_a != r_c
   |                   ^^

houdafny.dfy(47,18): Error: this invariant could not be proved to be maintained by the loop
   |
47 |     invariant l_a != r_c
   |                   ^^

houdafny.dfy(47,18): Related message: loop invariant violation
   |
47 |     invariant l_a != r_c
   |                   ^^

houdafny.dfy(48,18): Error: this loop invariant could not be proved on entry
   |
48 |     invariant l_b != l_c
   |                   ^^

houdafny.dfy(48,18): Related message: loop invariant violation
   |
48 |     invariant l_b != l_c
   |                   ^^

houdafny.dfy(48,18): Error: this invariant could not be proved to be maintained by the loop
   |
48 |     invariant l_b != l_c
   |                   ^^

houdafny.dfy(48,18): Related message: loop invariant violation
   |
48 |     invariant l_b != l_c
   |                   ^^

houdafny.dfy(49,18): Error: this loop invariant could not be proved on entry
   |
49 |     invariant l_b != l_size
   |                   ^^

houdafny.dfy(49,18): Related message: loop invariant violation
   |
49 |     invariant l_b != l_size
   |                   ^^

houdafny.dfy(49,18): Error: this invariant could not be proved to be maintained by the loop
   |
49 |     invariant l_b != l_size
   |                   ^^

houdafny.dfy(49,18): Related message: loop invariant violation
   |
49 |     invariant l_b != l_size
   |                   ^^

houdafny.dfy(50,18): Error: this invariant could not be proved to be maintained by the loop
   |
50 |     invariant l_b != l_i
   |                   ^^

houdafny.dfy(50,18): Related message: loop invariant violation
   |
50 |     invariant l_b != l_i
   |                   ^^

houdafny.dfy(51,18): Error: this loop invariant could not be proved on entry
   |
51 |     invariant l_b != r_a
   |                   ^^

houdafny.dfy(51,18): Related message: loop invariant violation
   |
51 |     invariant l_b != r_a
   |                   ^^

houdafny.dfy(51,18): Error: this invariant could not be proved to be maintained by the loop
   |
51 |     invariant l_b != r_a
   |                   ^^

houdafny.dfy(51,18): Related message: loop invariant violation
   |
51 |     invariant l_b != r_a
   |                   ^^

houdafny.dfy(52,18): Error: this loop invariant could not be proved on entry
   |
52 |     invariant l_b != r_b
   |                   ^^

houdafny.dfy(52,18): Related message: loop invariant violation
   |
52 |     invariant l_b != r_b
   |                   ^^

houdafny.dfy(52,18): Error: this invariant could not be proved to be maintained by the loop
   |
52 |     invariant l_b != r_b
   |                   ^^

houdafny.dfy(52,18): Related message: loop invariant violation
   |
52 |     invariant l_b != r_b
   |                   ^^

houdafny.dfy(53,18): Error: this loop invariant could not be proved on entry
   |
53 |     invariant l_b != r_c
   |                   ^^

houdafny.dfy(53,18): Related message: loop invariant violation
   |
53 |     invariant l_b != r_c
   |                   ^^

houdafny.dfy(53,18): Error: this invariant could not be proved to be maintained by the loop
   |
53 |     invariant l_b != r_c
   |                   ^^

houdafny.dfy(53,18): Related message: loop invariant violation
   |
53 |     invariant l_b != r_c
   |                   ^^

houdafny.dfy(54,18): Error: this loop invariant could not be proved on entry
   |
54 |     invariant l_c != l_size
   |                   ^^

houdafny.dfy(54,18): Related message: loop invariant violation
   |
54 |     invariant l_c != l_size
   |                   ^^

houdafny.dfy(54,18): Error: this invariant could not be proved to be maintained by the loop
   |
54 |     invariant l_c != l_size
   |                   ^^

houdafny.dfy(54,18): Related message: loop invariant violation
   |
54 |     invariant l_c != l_size
   |                   ^^

houdafny.dfy(55,18): Error: this invariant could not be proved to be maintained by the loop
   |
55 |     invariant l_c != l_i
   |                   ^^

houdafny.dfy(55,18): Related message: loop invariant violation
   |
55 |     invariant l_c != l_i
   |                   ^^

houdafny.dfy(56,18): Error: this loop invariant could not be proved on entry
   |
56 |     invariant l_c != r_a
   |                   ^^

houdafny.dfy(56,18): Related message: loop invariant violation
   |
56 |     invariant l_c != r_a
   |                   ^^

houdafny.dfy(56,18): Error: this invariant could not be proved to be maintained by the loop
   |
56 |     invariant l_c != r_a
   |                   ^^

houdafny.dfy(56,18): Related message: loop invariant violation
   |
56 |     invariant l_c != r_a
   |                   ^^

houdafny.dfy(57,18): Error: this loop invariant could not be proved on entry
   |
57 |     invariant l_c != r_b
   |                   ^^

houdafny.dfy(57,18): Related message: loop invariant violation
   |
57 |     invariant l_c != r_b
   |                   ^^

houdafny.dfy(57,18): Error: this invariant could not be proved to be maintained by the loop
   |
57 |     invariant l_c != r_b
   |                   ^^

houdafny.dfy(57,18): Related message: loop invariant violation
   |
57 |     invariant l_c != r_b
   |                   ^^

houdafny.dfy(59,21): Error: this loop invariant could not be proved on entry
   |
59 |     invariant l_size != r_a
   |                      ^^

houdafny.dfy(59,21): Related message: loop invariant violation
   |
59 |     invariant l_size != r_a
   |                      ^^

houdafny.dfy(59,21): Error: this invariant could not be proved to be maintained by the loop
   |
59 |     invariant l_size != r_a
   |                      ^^

houdafny.dfy(59,21): Related message: loop invariant violation
   |
59 |     invariant l_size != r_a
   |                      ^^

houdafny.dfy(60,21): Error: this loop invariant could not be proved on entry
   |
60 |     invariant l_size != r_b
   |                      ^^

houdafny.dfy(60,21): Related message: loop invariant violation
   |
60 |     invariant l_size != r_b
   |                      ^^

houdafny.dfy(60,21): Error: this invariant could not be proved to be maintained by the loop
   |
60 |     invariant l_size != r_b
   |                      ^^

houdafny.dfy(60,21): Related message: loop invariant violation
   |
60 |     invariant l_size != r_b
   |                      ^^

houdafny.dfy(61,21): Error: this loop invariant could not be proved on entry
   |
61 |     invariant l_size != r_c
   |                      ^^

houdafny.dfy(61,21): Related message: loop invariant violation
   |
61 |     invariant l_size != r_c
   |                      ^^

houdafny.dfy(61,21): Error: this invariant could not be proved to be maintained by the loop
   |
61 |     invariant l_size != r_c
   |                      ^^

houdafny.dfy(61,21): Related message: loop invariant violation
   |
61 |     invariant l_size != r_c
   |                      ^^

houdafny.dfy(62,18): Error: this invariant could not be proved to be maintained by the loop
   |
62 |     invariant l_i != r_a
   |                   ^^

houdafny.dfy(62,18): Related message: loop invariant violation
   |
62 |     invariant l_i != r_a
   |                   ^^

houdafny.dfy(63,18): Error: this invariant could not be proved to be maintained by the loop
   |
63 |     invariant l_i != r_b
   |                   ^^

houdafny.dfy(63,18): Related message: loop invariant violation
   |
63 |     invariant l_i != r_b
   |                   ^^

houdafny.dfy(64,18): Error: this invariant could not be proved to be maintained by the loop
   |
64 |     invariant l_i != r_c
   |                   ^^

houdafny.dfy(64,18): Related message: loop invariant violation
   |
64 |     invariant l_i != r_c
   |                   ^^

houdafny.dfy(65,18): Error: this loop invariant could not be proved on entry
   |
65 |     invariant r_a != r_b
   |                   ^^

houdafny.dfy(65,18): Related message: loop invariant violation
   |
65 |     invariant r_a != r_b
   |                   ^^

houdafny.dfy(65,18): Error: this invariant could not be proved to be maintained by the loop
   |
65 |     invariant r_a != r_b
   |                   ^^

houdafny.dfy(65,18): Related message: loop invariant violation
   |
65 |     invariant r_a != r_b
   |                   ^^

houdafny.dfy(66,18): Error: this loop invariant could not be proved on entry
   |
66 |     invariant r_a != r_c
   |                   ^^

houdafny.dfy(66,18): Related message: loop invariant violation
   |
66 |     invariant r_a != r_c
   |                   ^^

houdafny.dfy(66,18): Error: this invariant could not be proved to be maintained by the loop
   |
66 |     invariant r_a != r_c
   |                   ^^

houdafny.dfy(66,18): Related message: loop invariant violation
   |
66 |     invariant r_a != r_c
   |                   ^^

houdafny.dfy(67,18): Error: this loop invariant could not be proved on entry
   |
67 |     invariant r_b != r_c
   |                   ^^

houdafny.dfy(67,18): Related message: loop invariant violation
   |
67 |     invariant r_b != r_c
   |                   ^^

houdafny.dfy(67,18): Error: this invariant could not be proved to be maintained by the loop
   |
67 |     invariant r_b != r_c
   |                   ^^

houdafny.dfy(67,18): Related message: loop invariant violation
   |
67 |     invariant r_b != r_c
   |                   ^^

houdafny.dfy(80,14): Error: this loop invariant could not be proved on entry
   |
80 |     invariant forall i: int :: ((!(i != (r_j + 1))) || (read(l_b, i) == read(r_b, i)))
   |               ^^^^^^

houdafny.dfy(80,14): Related message: loop invariant violation
   |
80 |     invariant forall i: int :: ((!(i != (r_j + 1))) || (read(l_b, i) == read(r_b, i)))
   |               ^^^^^^

houdafny.dfy(81,14): Error: this loop invariant could not be proved on entry
   |
81 |     invariant forall i: int :: (read(l_a, i) == read(r_a, i))
   |               ^^^^^^

houdafny.dfy(81,14): Related message: loop invariant violation
   |
81 |     invariant forall i: int :: (read(l_a, i) == read(r_a, i))
   |               ^^^^^^

houdafny.dfy(82,29): Error: this loop invariant could not be proved on entry
   |
82 |     invariant read(l_c, r_j) == (read(r_c, r_j) + read(l_b, r_j))
   |                              ^^

houdafny.dfy(82,29): Related message: loop invariant violation
   |
82 |     invariant read(l_c, r_j) == (read(r_c, r_j) + read(l_b, r_j))
   |                              ^^

houdafny.dfy(84,33): Error: this loop invariant could not be proved on entry
   |
84 |     invariant read(l_c, r_j + 1) == (read(r_c, r_j + 1) + read(l_b, r_j + 1))
   |                                  ^^

houdafny.dfy(84,33): Related message: loop invariant violation
   |
84 |     invariant read(l_c, r_j + 1) == (read(r_c, r_j + 1) + read(l_b, r_j + 1))
   |                                  ^^

houdafny.dfy(85,18): Error: this loop invariant could not be proved on entry
   |
85 |     invariant l_i == (r_j + 2)
   |                   ^^

houdafny.dfy(85,18): Related message: loop invariant violation
   |
85 |     invariant l_i == (r_j + 2)
   |                   ^^


Dafny program verifier finished with 0 verified, 65 errors

Writing Dafny to houdafny.dfy...
Done
Running Dafny verification...
houdafny.dfy(46,14): Error: this loop invariant could not be proved on entry
   |
46 |     invariant forall i: int :: ((!((i != r_j) && (i != (r_j + 1)))) || (read(l_c, i) == read(r_c, i)))
   |               ^^^^^^

houdafny.dfy(46,14): Related message: loop invariant violation
   |
46 |     invariant forall i: int :: ((!((i != r_j) && (i != (r_j + 1)))) || (read(l_c, i) == read(r_c, i)))
   |               ^^^^^^

houdafny.dfy(47,33): Error: this loop invariant could not be proved on entry
   |
47 |     invariant read(l_b, r_j + 1) == (read(r_b, r_j + 1) + read(l_a, r_j + 1))
   |                                  ^^

houdafny.dfy(47,33): Related message: loop invariant violation
   |
47 |     invariant read(l_b, r_j + 1) == (read(r_b, r_j + 1) + read(l_a, r_j + 1))
   |                                  ^^

houdafny.dfy(47,33): Error: this invariant could not be proved to be maintained by the loop
   |
47 |     invariant read(l_b, r_j + 1) == (read(r_b, r_j + 1) + read(l_a, r_j + 1))
   |                                  ^^

houdafny.dfy(47,33): Related message: loop invariant violation
   |
47 |     invariant read(l_b, r_j + 1) == (read(r_b, r_j + 1) + read(l_a, r_j + 1))
   |                                  ^^

houdafny.dfy(51,18): Error: this loop invariant could not be proved on entry
   |
51 |     invariant l_a != 0
   |                   ^^

houdafny.dfy(51,18): Related message: loop invariant violation
   |
51 |     invariant l_a != 0
   |                   ^^

houdafny.dfy(51,18): Error: this invariant could not be proved to be maintained by the loop
   |
51 |     invariant l_a != 0
   |                   ^^

houdafny.dfy(51,18): Related message: loop invariant violation
   |
51 |     invariant l_a != 0
   |                   ^^

houdafny.dfy(52,18): Error: this loop invariant could not be proved on entry
   |
52 |     invariant l_b != 0
   |                   ^^

houdafny.dfy(52,18): Related message: loop invariant violation
   |
52 |     invariant l_b != 0
   |                   ^^

houdafny.dfy(52,18): Error: this invariant could not be proved to be maintained by the loop
   |
52 |     invariant l_b != 0
   |                   ^^

houdafny.dfy(52,18): Related message: loop invariant violation
   |
52 |     invariant l_b != 0
   |                   ^^

houdafny.dfy(53,18): Error: this loop invariant could not be proved on entry
   |
53 |     invariant l_c != 0
   |                   ^^

houdafny.dfy(53,18): Related message: loop invariant violation
   |
53 |     invariant l_c != 0
   |                   ^^

houdafny.dfy(53,18): Error: this invariant could not be proved to be maintained by the loop
   |
53 |     invariant l_c != 0
   |                   ^^

houdafny.dfy(53,18): Related message: loop invariant violation
   |
53 |     invariant l_c != 0
   |                   ^^

houdafny.dfy(57,18): Error: this loop invariant could not be proved on entry
   |
57 |     invariant r_a != 0
   |                   ^^

houdafny.dfy(57,18): Related message: loop invariant violation
   |
57 |     invariant r_a != 0
   |                   ^^

houdafny.dfy(58,18): Error: this loop invariant could not be proved on entry
   |
58 |     invariant r_b != 0
   |                   ^^

houdafny.dfy(58,18): Related message: loop invariant violation
   |
58 |     invariant r_b != 0
   |                   ^^

houdafny.dfy(59,18): Error: this loop invariant could not be proved on entry
   |
59 |     invariant r_c != 0
   |                   ^^

houdafny.dfy(59,18): Related message: loop invariant violation
   |
59 |     invariant r_c != 0
   |                   ^^

houdafny.dfy(61,18): Error: this loop invariant could not be proved on entry
   |
61 |     invariant l_a != l_b
   |                   ^^

houdafny.dfy(61,18): Related message: loop invariant violation
   |
61 |     invariant l_a != l_b
   |                   ^^

houdafny.dfy(61,18): Error: this invariant could not be proved to be maintained by the loop
   |
61 |     invariant l_a != l_b
   |                   ^^

houdafny.dfy(61,18): Related message: loop invariant violation
   |
61 |     invariant l_a != l_b
   |                   ^^

houdafny.dfy(62,18): Error: this loop invariant could not be proved on entry
   |
62 |     invariant l_a != l_c
   |                   ^^

houdafny.dfy(62,18): Related message: loop invariant violation
   |
62 |     invariant l_a != l_c
   |                   ^^

houdafny.dfy(62,18): Error: this invariant could not be proved to be maintained by the loop
   |
62 |     invariant l_a != l_c
   |                   ^^

houdafny.dfy(62,18): Related message: loop invariant violation
   |
62 |     invariant l_a != l_c
   |                   ^^

houdafny.dfy(63,18): Error: this loop invariant could not be proved on entry
   |
63 |     invariant l_a != l_size
   |                   ^^

houdafny.dfy(63,18): Related message: loop invariant violation
   |
63 |     invariant l_a != l_size
   |                   ^^

houdafny.dfy(63,18): Error: this invariant could not be proved to be maintained by the loop
   |
63 |     invariant l_a != l_size
   |                   ^^

houdafny.dfy(63,18): Related message: loop invariant violation
   |
63 |     invariant l_a != l_size
   |                   ^^

houdafny.dfy(64,18): Error: this loop invariant could not be proved on entry
   |
64 |     invariant l_a != l_i
   |                   ^^

houdafny.dfy(64,18): Related message: loop invariant violation
   |
64 |     invariant l_a != l_i
   |                   ^^

houdafny.dfy(64,18): Error: this invariant could not be proved to be maintained by the loop
   |
64 |     invariant l_a != l_i
   |                   ^^

houdafny.dfy(64,18): Related message: loop invariant violation
   |
64 |     invariant l_a != l_i
   |                   ^^

houdafny.dfy(65,18): Error: this loop invariant could not be proved on entry
   |
65 |     invariant l_a != r_a
   |                   ^^

houdafny.dfy(65,18): Related message: loop invariant violation
   |
65 |     invariant l_a != r_a
   |                   ^^

houdafny.dfy(65,18): Error: this invariant could not be proved to be maintained by the loop
   |
65 |     invariant l_a != r_a
   |                   ^^

houdafny.dfy(65,18): Related message: loop invariant violation
   |
65 |     invariant l_a != r_a
   |                   ^^

houdafny.dfy(66,18): Error: this loop invariant could not be proved on entry
   |
66 |     invariant l_a != r_b
   |                   ^^

houdafny.dfy(66,18): Related message: loop invariant violation
   |
66 |     invariant l_a != r_b
   |                   ^^

houdafny.dfy(66,18): Error: this invariant could not be proved to be maintained by the loop
   |
66 |     invariant l_a != r_b
   |                   ^^

houdafny.dfy(66,18): Related message: loop invariant violation
   |
66 |     invariant l_a != r_b
   |                   ^^

houdafny.dfy(67,18): Error: this loop invariant could not be proved on entry
   |
67 |     invariant l_a != r_c
   |                   ^^

houdafny.dfy(67,18): Related message: loop invariant violation
   |
67 |     invariant l_a != r_c
   |                   ^^

houdafny.dfy(67,18): Error: this invariant could not be proved to be maintained by the loop
   |
67 |     invariant l_a != r_c
   |                   ^^

houdafny.dfy(67,18): Related message: loop invariant violation
   |
67 |     invariant l_a != r_c
   |                   ^^

houdafny.dfy(68,18): Error: this invariant could not be proved to be maintained by the loop
   |
68 |     invariant l_a != r_j
   |                   ^^

houdafny.dfy(68,18): Related message: loop invariant violation
   |
68 |     invariant l_a != r_j
   |                   ^^

houdafny.dfy(69,18): Error: this loop invariant could not be proved on entry
   |
69 |     invariant l_b != l_c
   |                   ^^

houdafny.dfy(69,18): Related message: loop invariant violation
   |
69 |     invariant l_b != l_c
   |                   ^^

houdafny.dfy(69,18): Error: this invariant could not be proved to be maintained by the loop
   |
69 |     invariant l_b != l_c
   |                   ^^

houdafny.dfy(69,18): Related message: loop invariant violation
   |
69 |     invariant l_b != l_c
   |                   ^^

houdafny.dfy(70,18): Error: this loop invariant could not be proved on entry
   |
70 |     invariant l_b != l_size
   |                   ^^

houdafny.dfy(70,18): Related message: loop invariant violation
   |
70 |     invariant l_b != l_size
   |                   ^^

houdafny.dfy(70,18): Error: this invariant could not be proved to be maintained by the loop
   |
70 |     invariant l_b != l_size
   |                   ^^

houdafny.dfy(70,18): Related message: loop invariant violation
   |
70 |     invariant l_b != l_size
   |                   ^^

houdafny.dfy(71,18): Error: this loop invariant could not be proved on entry
   |
71 |     invariant l_b != l_i
   |                   ^^

houdafny.dfy(71,18): Related message: loop invariant violation
   |
71 |     invariant l_b != l_i
   |                   ^^

houdafny.dfy(71,18): Error: this invariant could not be proved to be maintained by the loop
   |
71 |     invariant l_b != l_i
   |                   ^^

houdafny.dfy(71,18): Related message: loop invariant violation
   |
71 |     invariant l_b != l_i
   |                   ^^

houdafny.dfy(72,18): Error: this loop invariant could not be proved on entry
   |
72 |     invariant l_b != r_a
   |                   ^^

houdafny.dfy(72,18): Related message: loop invariant violation
   |
72 |     invariant l_b != r_a
   |                   ^^

houdafny.dfy(72,18): Error: this invariant could not be proved to be maintained by the loop
   |
72 |     invariant l_b != r_a
   |                   ^^

houdafny.dfy(72,18): Related message: loop invariant violation
   |
72 |     invariant l_b != r_a
   |                   ^^

houdafny.dfy(73,18): Error: this loop invariant could not be proved on entry
   |
73 |     invariant l_b != r_b
   |                   ^^

houdafny.dfy(73,18): Related message: loop invariant violation
   |
73 |     invariant l_b != r_b
   |                   ^^

houdafny.dfy(73,18): Error: this invariant could not be proved to be maintained by the loop
   |
73 |     invariant l_b != r_b
   |                   ^^

houdafny.dfy(73,18): Related message: loop invariant violation
   |
73 |     invariant l_b != r_b
   |                   ^^

houdafny.dfy(74,18): Error: this loop invariant could not be proved on entry
   |
74 |     invariant l_b != r_c
   |                   ^^

houdafny.dfy(74,18): Related message: loop invariant violation
   |
74 |     invariant l_b != r_c
   |                   ^^

houdafny.dfy(74,18): Error: this invariant could not be proved to be maintained by the loop
   |
74 |     invariant l_b != r_c
   |                   ^^

houdafny.dfy(74,18): Related message: loop invariant violation
   |
74 |     invariant l_b != r_c
   |                   ^^

houdafny.dfy(75,18): Error: this invariant could not be proved to be maintained by the loop
   |
75 |     invariant l_b != r_j
   |                   ^^

houdafny.dfy(75,18): Related message: loop invariant violation
   |
75 |     invariant l_b != r_j
   |                   ^^

houdafny.dfy(76,18): Error: this loop invariant could not be proved on entry
   |
76 |     invariant l_c != l_size
   |                   ^^

houdafny.dfy(76,18): Related message: loop invariant violation
   |
76 |     invariant l_c != l_size
   |                   ^^

houdafny.dfy(76,18): Error: this invariant could not be proved to be maintained by the loop
   |
76 |     invariant l_c != l_size
   |                   ^^

houdafny.dfy(76,18): Related message: loop invariant violation
   |
76 |     invariant l_c != l_size
   |                   ^^

houdafny.dfy(77,18): Error: this loop invariant could not be proved on entry
   |
77 |     invariant l_c != l_i
   |                   ^^

houdafny.dfy(77,18): Related message: loop invariant violation
   |
77 |     invariant l_c != l_i
   |                   ^^

houdafny.dfy(77,18): Error: this invariant could not be proved to be maintained by the loop
   |
77 |     invariant l_c != l_i
   |                   ^^

houdafny.dfy(77,18): Related message: loop invariant violation
   |
77 |     invariant l_c != l_i
   |                   ^^

houdafny.dfy(78,18): Error: this loop invariant could not be proved on entry
   |
78 |     invariant l_c != r_a
   |                   ^^

houdafny.dfy(78,18): Related message: loop invariant violation
   |
78 |     invariant l_c != r_a
   |                   ^^

houdafny.dfy(78,18): Error: this invariant could not be proved to be maintained by the loop
   |
78 |     invariant l_c != r_a
   |                   ^^

houdafny.dfy(78,18): Related message: loop invariant violation
   |
78 |     invariant l_c != r_a
   |                   ^^

houdafny.dfy(79,18): Error: this loop invariant could not be proved on entry
   |
79 |     invariant l_c != r_b
   |                   ^^

houdafny.dfy(79,18): Related message: loop invariant violation
   |
79 |     invariant l_c != r_b
   |                   ^^

houdafny.dfy(79,18): Error: this invariant could not be proved to be maintained by the loop
   |
79 |     invariant l_c != r_b
   |                   ^^

houdafny.dfy(79,18): Related message: loop invariant violation
   |
79 |     invariant l_c != r_b
   |                   ^^

houdafny.dfy(80,18): Error: this invariant could not be proved to be maintained by the loop
   |
80 |     invariant l_c != r_j
   |                   ^^

houdafny.dfy(80,18): Related message: loop invariant violation
   |
80 |     invariant l_c != r_j
   |                   ^^

houdafny.dfy(81,21): Error: this invariant could not be proved to be maintained by the loop
   |
81 |     invariant l_size > l_i
   |                      ^

houdafny.dfy(81,21): Related message: loop invariant violation
   |
81 |     invariant l_size > l_i
   |                      ^

houdafny.dfy(82,21): Error: this loop invariant could not be proved on entry
   |
82 |     invariant l_size != r_a
   |                      ^^

houdafny.dfy(82,21): Related message: loop invariant violation
   |
82 |     invariant l_size != r_a
   |                      ^^

houdafny.dfy(83,21): Error: this loop invariant could not be proved on entry
   |
83 |     invariant l_size != r_b
   |                      ^^

houdafny.dfy(83,21): Related message: loop invariant violation
   |
83 |     invariant l_size != r_b
   |                      ^^

houdafny.dfy(84,21): Error: this loop invariant could not be proved on entry
   |
84 |     invariant l_size != r_c
   |                      ^^

houdafny.dfy(84,21): Related message: loop invariant violation
   |
84 |     invariant l_size != r_c
   |                      ^^

houdafny.dfy(86,18): Error: this loop invariant could not be proved on entry
   |
86 |     invariant l_i != r_a
   |                   ^^

houdafny.dfy(86,18): Related message: loop invariant violation
   |
86 |     invariant l_i != r_a
   |                   ^^

houdafny.dfy(86,18): Error: this invariant could not be proved to be maintained by the loop
   |
86 |     invariant l_i != r_a
   |                   ^^

houdafny.dfy(86,18): Related message: loop invariant violation
   |
86 |     invariant l_i != r_a
   |                   ^^

houdafny.dfy(87,18): Error: this loop invariant could not be proved on entry
   |
87 |     invariant l_i != r_b
   |                   ^^

houdafny.dfy(87,18): Related message: loop invariant violation
   |
87 |     invariant l_i != r_b
   |                   ^^

houdafny.dfy(87,18): Error: this invariant could not be proved to be maintained by the loop
   |
87 |     invariant l_i != r_b
   |                   ^^

houdafny.dfy(87,18): Related message: loop invariant violation
   |
87 |     invariant l_i != r_b
   |                   ^^

houdafny.dfy(88,18): Error: this loop invariant could not be proved on entry
   |
88 |     invariant l_i != r_c
   |                   ^^

houdafny.dfy(88,18): Related message: loop invariant violation
   |
88 |     invariant l_i != r_c
   |                   ^^

houdafny.dfy(88,18): Error: this invariant could not be proved to be maintained by the loop
   |
88 |     invariant l_i != r_c
   |                   ^^

houdafny.dfy(88,18): Related message: loop invariant violation
   |
88 |     invariant l_i != r_c
   |                   ^^

houdafny.dfy(90,18): Error: this loop invariant could not be proved on entry
   |
90 |     invariant r_a != r_b
   |                   ^^

houdafny.dfy(90,18): Related message: loop invariant violation
   |
90 |     invariant r_a != r_b
   |                   ^^

houdafny.dfy(91,18): Error: this loop invariant could not be proved on entry
   |
91 |     invariant r_a != r_c
   |                   ^^

houdafny.dfy(91,18): Related message: loop invariant violation
   |
91 |     invariant r_a != r_c
   |                   ^^

houdafny.dfy(93,18): Error: this loop invariant could not be proved on entry
   |
93 |     invariant r_b != r_c
   |                   ^^

houdafny.dfy(93,18): Related message: loop invariant violation
   |
93 |     invariant r_b != r_c
   |                   ^^


Dafny program verifier finished with 0 verified, 62 errors

Writing Dafny to houdafny.dfy...
Done
Running Dafny verification...
houdafny.dfy(55,18): Error: this loop invariant could not be proved on entry
   |
55 |     invariant r_a != r_j
   |                   ^^

houdafny.dfy(55,18): Related message: loop invariant violation
   |
55 |     invariant r_a != r_j
   |                   ^^

houdafny.dfy(56,18): Error: this loop invariant could not be proved on entry
   |
56 |     invariant r_b != r_j
   |                   ^^

houdafny.dfy(56,18): Related message: loop invariant violation
   |
56 |     invariant r_b != r_j
   |                   ^^

houdafny.dfy(57,18): Error: this loop invariant could not be proved on entry
   |
57 |     invariant r_c != r_j
   |                   ^^

houdafny.dfy(57,18): Related message: loop invariant violation
   |
57 |     invariant r_c != r_j
   |                   ^^

houdafny.dfy(75,8): Error: assertion might not hold
   |
75 |   assert(forall i: int :: (read(l_a, i) == read(r_a, i)) && (forall i: int :: (read(l_b, i) == read(r_b, i)) && forall i: int :: (read(l_c, i) == read(r_c, i))));
   |         ^^^^^^^^^^^^^^^^^^^^^^^^^^^^^^^^^^^^^^^^^^^^^^^^^^^^^^^^^^^^^^^^^^^^^^^^^^^^^^^^^^^^^^^^^^^^^^^^^^^^^^^^^^^^^^^^^^^^^^^^^^^^^^^^^^^^^^^^^^^^^^^^^^^^^^^^^


Dafny program verifier finished with 0 verified, 4 errors

Writing Dafny to houdafny.dfy...
Done
Running Dafny verification...
houdafny.dfy(72,8): Error: assertion might not hold
   |
72 |   assert(forall i: int :: (read(l_a, i) == read(r_a, i)) && (forall i: int :: (read(l_b, i) == read(r_b, i)) && forall i: int :: (read(l_c, i) == read(r_c, i))));
   |         ^^^^^^^^^^^^^^^^^^^^^^^^^^^^^^^^^^^^^^^^^^^^^^^^^^^^^^^^^^^^^^^^^^^^^^^^^^^^^^^^^^^^^^^^^^^^^^^^^^^^^^^^^^^^^^^^^^^^^^^^^^^^^^^^^^^^^^^^^^^^^^^^^^^^^^^^^


Dafny program verifier finished with 0 verified, 1 error

Writing output to ./results/alignments/dafny/barthe/count-loops/loop-pipelining-cou.dfy...
Done

Per-Task Times (ms)
-------------------
align-count-loops: 1
aligned-crel: 0
invars-daikon: 1799
houdafny: 18079
aligned-output: 0
write-product: 0

KestRel completed in 19880ms
Verified: false

real	0m19.947s
user	0m22.019s
sys	0m1.715s
