Computed alignment by local loop counting.
Writing Daikon to daikon_output.c...
Done
Compiling Daikon output...
Running Kvasir...
==54710== kvasir-5.8.18, C/C++ Language Front-End for Daikon with DynComp comparability analysis tool.
==54710== Copyright (C) 2007-2022, University of Washington CSE PLSE Group
==54710== Using Valgrind-3.19.0.Fjalar and LibVEX; rerun with -h for copyright info
==54710== Command: ./daikon_output
==54710== 
==54710== 
==54710== For lists of detected and suppressed errors, rerun with: -s
==54710== ERROR SUMMARY: 0 errors from 0 contexts (suppressed: 0 from 0)
Running Daikon...
Writing Dafny to houdafny.dfy...
Done
Running Dafny verification...
houdafny.dfy(46,20): Error: this loop invariant could not be proved on entry
   |
46 |       invariant l_a != 0
   |                     ^^

houdafny.dfy(46,20): Related message: loop invariant violation
   |
46 |       invariant l_a != 0
   |                     ^^

houdafny.dfy(46,20): Error: this invariant could not be proved to be maintained by the loop
   |
46 |       invariant l_a != 0
   |                     ^^

houdafny.dfy(46,20): Related message: loop invariant violation
   |
46 |       invariant l_a != 0
   |                     ^^

houdafny.dfy(47,20): Error: this loop invariant could not be proved on entry
   |
47 |       invariant l_b != 0
   |                     ^^

houdafny.dfy(47,20): Related message: loop invariant violation
   |
47 |       invariant l_b != 0
   |                     ^^

houdafny.dfy(47,20): Error: this invariant could not be proved to be maintained by the loop
   |
47 |       invariant l_b != 0
   |                     ^^

houdafny.dfy(47,20): Related message: loop invariant violation
   |
47 |       invariant l_b != 0
   |                     ^^

houdafny.dfy(48,20): Error: this loop invariant could not be proved on entry
   |
48 |       invariant l_c != 0
   |                     ^^

houdafny.dfy(48,20): Related message: loop invariant violation
   |
48 |       invariant l_c != 0
   |                     ^^

houdafny.dfy(49,20): Error: this loop invariant could not be proved on entry
   |
49 |       invariant l_k != 0
   |                     ^^

houdafny.dfy(49,20): Related message: loop invariant violation
   |
49 |       invariant l_k != 0
   |                     ^^

houdafny.dfy(50,20): Error: this loop invariant could not be proved on entry
   |
50 |       invariant l_x != 0
   |                     ^^

houdafny.dfy(50,20): Related message: loop invariant violation
   |
50 |       invariant l_x != 0
   |                     ^^

houdafny.dfy(52,20): Error: this loop invariant could not be proved on entry
   |
52 |       invariant l_a != l_b
   |                     ^^

houdafny.dfy(52,20): Related message: loop invariant violation
   |
52 |       invariant l_a != l_b
   |                     ^^

houdafny.dfy(52,20): Error: this invariant could not be proved to be maintained by the loop
   |
52 |       invariant l_a != l_b
   |                     ^^

houdafny.dfy(52,20): Related message: loop invariant violation
   |
52 |       invariant l_a != l_b
   |                     ^^

houdafny.dfy(53,20): Error: this loop invariant could not be proved on entry
   |
53 |       invariant l_a != l_c
   |                     ^^

houdafny.dfy(53,20): Related message: loop invariant violation
   |
53 |       invariant l_a != l_c
   |                     ^^

houdafny.dfy(53,20): Error: this invariant could not be proved to be maintained by the loop
   |
53 |       invariant l_a != l_c
   |                     ^^

houdafny.dfy(53,20): Related message: loop invariant violation
   |
53 |       invariant l_a != l_c
   |                     ^^

houdafny.dfy(54,20): Error: this loop invariant could not be proved on entry
   |
54 |       invariant l_a != l_k
   |                     ^^

houdafny.dfy(54,20): Related message: loop invariant violation
   |
54 |       invariant l_a != l_k
   |                     ^^

houdafny.dfy(54,20): Error: this invariant could not be proved to be maintained by the loop
   |
54 |       invariant l_a != l_k
   |                     ^^

houdafny.dfy(54,20): Related message: loop invariant violation
   |
54 |       invariant l_a != l_k
   |                     ^^

houdafny.dfy(55,20): Error: this invariant could not be proved to be maintained by the loop
   |
55 |       invariant l_a != l_i
   |                     ^^

houdafny.dfy(55,20): Related message: loop invariant violation
   |
55 |       invariant l_a != l_i
   |                     ^^

houdafny.dfy(56,20): Error: this loop invariant could not be proved on entry
   |
56 |       invariant l_b != l_c
   |                     ^^

houdafny.dfy(56,20): Related message: loop invariant violation
   |
56 |       invariant l_b != l_c
   |                     ^^

houdafny.dfy(56,20): Error: this invariant could not be proved to be maintained by the loop
   |
56 |       invariant l_b != l_c
   |                     ^^

houdafny.dfy(56,20): Related message: loop invariant violation
   |
56 |       invariant l_b != l_c
   |                     ^^

houdafny.dfy(57,20): Error: this loop invariant could not be proved on entry
   |
57 |       invariant l_b != l_k
   |                     ^^

houdafny.dfy(57,20): Related message: loop invariant violation
   |
57 |       invariant l_b != l_k
   |                     ^^

houdafny.dfy(57,20): Error: this invariant could not be proved to be maintained by the loop
   |
57 |       invariant l_b != l_k
   |                     ^^

houdafny.dfy(57,20): Related message: loop invariant violation
   |
57 |       invariant l_b != l_k
   |                     ^^

houdafny.dfy(58,20): Error: this invariant could not be proved to be maintained by the loop
   |
58 |       invariant l_b != l_i
   |                     ^^

houdafny.dfy(58,20): Related message: loop invariant violation
   |
58 |       invariant l_b != l_i
   |                     ^^

houdafny.dfy(59,20): Error: this loop invariant could not be proved on entry
   |
59 |       invariant l_c != l_k
   |                     ^^

houdafny.dfy(59,20): Related message: loop invariant violation
   |
59 |       invariant l_c != l_k
   |                     ^^

houdafny.dfy(60,20): Error: this invariant could not be proved to be maintained by the loop
   |
60 |       invariant l_c != l_i
   |                     ^^

houdafny.dfy(60,20): Related message: loop invariant violation
   |
60 |       invariant l_c != l_i
   |                     ^^

houdafny.dfy(61,20): Error: this invariant could not be proved to be maintained by the loop
   |
61 |       invariant l_k != l_i
   |                     ^^

houdafny.dfy(61,20): Related message: loop invariant violation
   |
61 |       invariant l_k != l_i
   |                     ^^

houdafny.dfy(122,20): Error: this loop invariant could not be proved on entry
    |
122 |       invariant l_a != 0
    |                     ^^

houdafny.dfy(122,20): Related message: loop invariant violation
    |
122 |       invariant l_a != 0
    |                     ^^

houdafny.dfy(122,20): Error: this invariant could not be proved to be maintained by the loop
    |
122 |       invariant l_a != 0
    |                     ^^

houdafny.dfy(122,20): Related message: loop invariant violation
    |
122 |       invariant l_a != 0
    |                     ^^

houdafny.dfy(123,20): Error: this loop invariant could not be proved on entry
    |
123 |       invariant l_b != 0
    |                     ^^

houdafny.dfy(123,20): Related message: loop invariant violation
    |
123 |       invariant l_b != 0
    |                     ^^

houdafny.dfy(123,20): Error: this invariant could not be proved to be maintained by the loop
    |
123 |       invariant l_b != 0
    |                     ^^

houdafny.dfy(123,20): Related message: loop invariant violation
    |
123 |       invariant l_b != 0
    |                     ^^

houdafny.dfy(124,20): Error: this loop invariant could not be proved on entry
    |
124 |       invariant l_c != 0
    |                     ^^

houdafny.dfy(124,20): Related message: loop invariant violation
    |
124 |       invariant l_c != 0
    |                     ^^

houdafny.dfy(125,20): Error: this loop invariant could not be proved on entry
    |
125 |       invariant l_k != 0
    |                     ^^

houdafny.dfy(125,20): Related message: loop invariant violation
    |
125 |       invariant l_k != 0
    |                     ^^

houdafny.dfy(128,20): Error: this loop invariant could not be proved on entry
    |
128 |       invariant l_a != l_b
    |                     ^^

houdafny.dfy(128,20): Related message: loop invariant violation
    |
128 |       invariant l_a != l_b
    |                     ^^

houdafny.dfy(128,20): Error: this invariant could not be proved to be maintained by the loop
    |
128 |       invariant l_a != l_b
    |                     ^^

houdafny.dfy(128,20): Related message: loop invariant violation
    |
128 |       invariant l_a != l_b
    |                     ^^

houdafny.dfy(129,20): Error: this loop invariant could not be proved on entry
    |
129 |       invariant l_a != l_k
    |                     ^^

houdafny.dfy(129,20): Related message: loop invariant violation
    |
129 |       invariant l_a != l_k
    |                     ^^

houdafny.dfy(129,20): Error: this invariant could not be proved to be maintained by the loop
    |
129 |       invariant l_a != l_k
    |                     ^^

houdafny.dfy(129,20): Related message: loop invariant violation
    |
129 |       invariant l_a != l_k
    |                     ^^

houdafny.dfy(130,20): Error: this invariant could not be proved to be maintained by the loop
    |
130 |       invariant l_a != l_i
    |                     ^^

houdafny.dfy(130,20): Related message: loop invariant violation
    |
130 |       invariant l_a != l_i
    |                     ^^

houdafny.dfy(131,20): Error: this loop invariant could not be proved on entry
    |
131 |       invariant l_b != l_k
    |                     ^^

houdafny.dfy(131,20): Related message: loop invariant violation
    |
131 |       invariant l_b != l_k
    |                     ^^

houdafny.dfy(131,20): Error: this invariant could not be proved to be maintained by the loop
    |
131 |       invariant l_b != l_k
    |                     ^^

houdafny.dfy(131,20): Related message: loop invariant violation
    |
131 |       invariant l_b != l_k
    |                     ^^

houdafny.dfy(132,20): Error: this invariant could not be proved to be maintained by the loop
    |
132 |       invariant l_b != l_i
    |                     ^^

houdafny.dfy(132,20): Related message: loop invariant violation
    |
132 |       invariant l_b != l_i
    |                     ^^

houdafny.dfy(133,20): Error: this invariant could not be proved to be maintained by the loop
    |
133 |       invariant l_k != l_i
    |                     ^^

houdafny.dfy(133,20): Related message: loop invariant violation
    |
133 |       invariant l_k != l_i
    |                     ^^


Dafny program verifier finished with 0 verified, 37 errors

Writing Dafny to houdafny.dfy...
Done
Running Dafny verification...

Dafny program verifier finished with 1 verified, 0 errors

Writing output to ./results/alignments/dafny/barthe/count-loops/loop-unswitching-cou.dfy...
Done

Per-Task Times (ms)
-------------------
align-count-loops: 4
aligned-crel: 1
invars-daikon: 2577
houdafny: 4728
aligned-output: 0
write-product: 0

KestRel completed in 7311ms
Verified: true

real	0m7.696s
user	0m10.416s
sys	0m0.685s
