Computed alignment by local loop counting.
Writing Daikon to daikon_output.c...
Done
Compiling Daikon output...
Running Kvasir...
==55784== kvasir-5.8.18, C/C++ Language Front-End for Daikon with DynComp comparability analysis tool.
==55784== Copyright (C) 2007-2022, University of Washington CSE PLSE Group
==55784== Using Valgrind-3.19.0.Fjalar and LibVEX; rerun with -h for copyright info
==55784== Command: ./daikon_output
==55784== 
==55784== 
==55784== For lists of detected and suppressed errors, rerun with: -s
==55784== ERROR SUMMARY: 0 errors from 0 contexts (suppressed: 0 from 0)
Running Daikon...
Writing Dafny to houdafny.dfy...
Done
Running Dafny verification...
houdafny.dfy(21,18): Error: this loop invariant could not be proved on entry
   |
21 |     invariant l_x != 0
   |                   ^^

houdafny.dfy(21,18): Related message: loop invariant violation
   |
21 |     invariant l_x != 0
   |                   ^^

houdafny.dfy(21,18): Error: this invariant could not be proved to be maintained by the loop
   |
21 |     invariant l_x != 0
   |                   ^^

houdafny.dfy(21,18): Related message: loop invariant violation
   |
21 |     invariant l_x != 0
   |                   ^^

houdafny.dfy(23,18): Error: this loop invariant could not be proved on entry
   |
23 |     invariant r_j != 0
   |                   ^^

houdafny.dfy(23,18): Related message: loop invariant violation
   |
23 |     invariant r_j != 0
   |                   ^^

houdafny.dfy(23,18): Error: this invariant could not be proved to be maintained by the loop
   |
23 |     invariant r_j != 0
   |                   ^^

houdafny.dfy(23,18): Related message: loop invariant violation
   |
23 |     invariant r_j != 0
   |                   ^^

houdafny.dfy(24,18): Error: this invariant could not be proved to be maintained by the loop
   |
24 |     invariant l_x != l_i
   |                   ^^

houdafny.dfy(24,18): Related message: loop invariant violation
   |
24 |     invariant l_x != l_i
   |                   ^^

houdafny.dfy(26,18): Error: this loop invariant could not be proved on entry
   |
26 |     invariant l_x != r_j
   |                   ^^

houdafny.dfy(26,18): Related message: loop invariant violation
   |
26 |     invariant l_x != r_j
   |                   ^^

houdafny.dfy(26,18): Error: this invariant could not be proved to be maintained by the loop
   |
26 |     invariant l_x != r_j
   |                   ^^

houdafny.dfy(26,18): Related message: loop invariant violation
   |
26 |     invariant l_x != r_j
   |                   ^^

houdafny.dfy(27,18): Error: this invariant could not be proved to be maintained by the loop
   |
27 |     invariant l_i != r_j
   |                   ^^

houdafny.dfy(27,18): Related message: loop invariant violation
   |
27 |     invariant l_i != r_j
   |                   ^^

houdafny.dfy(28,18): Error: this invariant could not be proved to be maintained by the loop
   |
28 |     invariant l_j != r_j
   |                   ^^

houdafny.dfy(28,18): Related message: loop invariant violation
   |
28 |     invariant l_j != r_j
   |                   ^^


Dafny program verifier finished with 0 verified, 9 errors

Writing Dafny to houdafny.dfy...
Done
Running Dafny verification...
houdafny.dfy(22,18): Error: this loop invariant could not be proved on entry
   |
22 |     invariant l_x != l_j
   |                   ^^

houdafny.dfy(22,18): Related message: loop invariant violation
   |
22 |     invariant l_x != l_j
   |                   ^^

houdafny.dfy(22,18): Error: this invariant could not be proved to be maintained by the loop
   |
22 |     invariant l_x != l_j
   |                   ^^

houdafny.dfy(22,18): Related message: loop invariant violation
   |
22 |     invariant l_x != l_j
   |                   ^^


Dafny program verifier finished with 0 verified, 2 errors

Writing Dafny to houdafny.dfy...
Done
Running Dafny verification...

Dafny program verifier finished with 1 verified, 0 errors

Writing output to ./results/alignments/dafny/barthe/count-loops/strength-reduction-cou.dfy...
Done

Per-Task Times (ms)
-------------------
align-count-loops: 0
aligned-crel: 0
invars-daikon: 916
houdafny: 5854
aligned-output: 0
write-product: 0

KestRel completed in 6771ms
Verified: true

real	0m6.792s
user	0m7.735s
sys	0m0.373s
