Computed alignment by local loop counting.
Writing Daikon to daikon_output.c...
Done
Compiling Daikon output...
Running Kvasir...
==50914== kvasir-5.8.18, C/C++ Language Front-End for Daikon with DynComp comparability analysis tool.
==50914== Copyright (C) 2007-2022, University of Washington CSE PLSE Group
==50914== Using Valgrind-3.19.0.Fjalar and LibVEX; rerun with -h for copyright info
==50914== Command: ./daikon_output
==50914== 
==50914== 
==50914== For lists of detected and suppressed errors, rerun with: -s
==50914== ERROR SUMMARY: 0 errors from 0 contexts (suppressed: 0 from 0)
Running Daikon...
Writing Dafny to houdafny.dfy...
Done
Running Dafny verification...
houdafny.dfy(30,20): Error: this loop invariant could not be proved on entry
   |
30 |     invariant l_arr != 0
   |                     ^^

houdafny.dfy(30,20): Related message: loop invariant violation
   |
30 |     invariant l_arr != 0
   |                     ^^

houdafny.dfy(31,20): Error: this loop invariant could not be proved on entry
   |
31 |     invariant l_len != 0
   |                     ^^

houdafny.dfy(31,20): Related message: loop invariant violation
   |
31 |     invariant l_len != 0
   |                     ^^

houdafny.dfy(32,20): Error: this loop invariant could not be proved on entry
   |
32 |     invariant l_len >= 2
   |                     ^^

houdafny.dfy(32,20): Related message: loop invariant violation
   |
32 |     invariant l_len >= 2
   |                     ^^

houdafny.dfy(34,20): Error: this loop invariant could not be proved on entry
   |
34 |     invariant l_val >= 2
   |                     ^^

houdafny.dfy(34,20): Related message: loop invariant violation
   |
34 |     invariant l_val >= 2
   |                     ^^

houdafny.dfy(36,20): Error: this loop invariant could not be proved on entry
   |
36 |     invariant r_arr != 0
   |                     ^^

houdafny.dfy(36,20): Related message: loop invariant violation
   |
36 |     invariant r_arr != 0
   |                     ^^

houdafny.dfy(38,20): Error: this loop invariant could not be proved on entry
   |
38 |     invariant l_arr != l_len
   |                     ^^

houdafny.dfy(38,20): Related message: loop invariant violation
   |
38 |     invariant l_arr != l_len
   |                     ^^

houdafny.dfy(39,20): Error: this loop invariant could not be proved on entry
   |
39 |     invariant l_arr != l_val
   |                     ^^

houdafny.dfy(39,20): Related message: loop invariant violation
   |
39 |     invariant l_arr != l_val
   |                     ^^

houdafny.dfy(40,20): Error: this invariant could not be proved to be maintained by the loop
   |
40 |     invariant l_arr != l_i
   |                     ^^

houdafny.dfy(40,20): Related message: loop invariant violation
   |
40 |     invariant l_arr != l_i
   |                     ^^

houdafny.dfy(41,20): Error: this loop invariant could not be proved on entry
   |
41 |     invariant l_arr != r_arr
   |                     ^^

houdafny.dfy(41,20): Related message: loop invariant violation
   |
41 |     invariant l_arr != r_arr
   |                     ^^

houdafny.dfy(42,20): Error: this loop invariant could not be proved on entry
   |
42 |     invariant l_arr != r_val
   |                     ^^

houdafny.dfy(42,20): Related message: loop invariant violation
   |
42 |     invariant l_arr != r_val
   |                     ^^

houdafny.dfy(43,20): Error: this loop invariant could not be proved on entry
   |
43 |     invariant l_len != l_val
   |                     ^^

houdafny.dfy(43,20): Related message: loop invariant violation
   |
43 |     invariant l_len != l_val
   |                     ^^

houdafny.dfy(44,20): Error: this invariant could not be proved to be maintained by the loop
   |
44 |     invariant l_len > l_i
   |                     ^

houdafny.dfy(44,20): Related message: loop invariant violation
   |
44 |     invariant l_len > l_i
   |                     ^

houdafny.dfy(45,20): Error: this loop invariant could not be proved on entry
   |
45 |     invariant l_len > r_arr
   |                     ^

houdafny.dfy(45,20): Related message: loop invariant violation
   |
45 |     invariant l_len > r_arr
   |                     ^

houdafny.dfy(46,20): Error: this loop invariant could not be proved on entry
   |
46 |     invariant l_len != r_val
   |                     ^^

houdafny.dfy(46,20): Related message: loop invariant violation
   |
46 |     invariant l_len != r_val
   |                     ^^

houdafny.dfy(47,20): Error: this loop invariant could not be proved on entry
   |
47 |     invariant l_val > r_arr
   |                     ^

houdafny.dfy(47,20): Related message: loop invariant violation
   |
47 |     invariant l_val > r_arr
   |                     ^

houdafny.dfy(48,20): Error: this loop invariant could not be proved on entry
   |
48 |     invariant l_val != r_val
   |                     ^^

houdafny.dfy(48,20): Related message: loop invariant violation
   |
48 |     invariant l_val != r_val
   |                     ^^

houdafny.dfy(49,18): Error: this loop invariant could not be proved on entry
   |
49 |     invariant l_i > r_arr
   |                   ^

houdafny.dfy(49,18): Related message: loop invariant violation
   |
49 |     invariant l_i > r_arr
   |                   ^

houdafny.dfy(67,18): Error: this loop invariant could not be proved on entry
   |
67 |     invariant r_j == 0
   |                   ^^

houdafny.dfy(67,18): Related message: loop invariant violation
   |
67 |     invariant r_j == 0
   |                   ^^

houdafny.dfy(72,20): Error: this invariant could not be proved to be maintained by the loop
   |
72 |     invariant l_arr != l_i
   |                     ^^

houdafny.dfy(72,20): Related message: loop invariant violation
   |
72 |     invariant l_arr != l_i
   |                     ^^

houdafny.dfy(77,20): Error: this invariant could not be proved to be maintained by the loop
   |
77 |     invariant l_len > l_i
   |                     ^

houdafny.dfy(77,20): Related message: loop invariant violation
   |
77 |     invariant l_len > l_i
   |                     ^

houdafny.dfy(101,18): Error: this loop invariant could not be proved on entry
    |
101 |     invariant l_i == 0
    |                   ^^

houdafny.dfy(101,18): Related message: loop invariant violation
    |
101 |     invariant l_i == 0
    |                   ^^

houdafny.dfy(107,20): Error: this loop invariant could not be proved on entry
    |
107 |     invariant l_arr > l_len
    |                     ^

houdafny.dfy(107,20): Related message: loop invariant violation
    |
107 |     invariant l_arr > l_len
    |                     ^

houdafny.dfy(108,20): Error: this loop invariant could not be proved on entry
    |
108 |     invariant l_arr > l_val
    |                     ^

houdafny.dfy(108,20): Related message: loop invariant violation
    |
108 |     invariant l_arr > l_val
    |                     ^

houdafny.dfy(111,20): Error: this loop invariant could not be proved on entry
    |
111 |     invariant l_arr > r_val
    |                     ^

houdafny.dfy(111,20): Related message: loop invariant violation
    |
111 |     invariant l_arr > r_val
    |                     ^

houdafny.dfy(116,20): Error: this loop invariant could not be proved on entry
    |
116 |     invariant l_len > r_val
    |                     ^

houdafny.dfy(116,20): Related message: loop invariant violation
    |
116 |     invariant l_len > r_val
    |                     ^

houdafny.dfy(117,20): Error: this invariant could not be proved to be maintained by the loop
    |
117 |     invariant l_len > r_j
    |                     ^

houdafny.dfy(117,20): Related message: loop invariant violation
    |
117 |     invariant l_len > r_j
    |                     ^

houdafny.dfy(120,20): Error: this loop invariant could not be proved on entry
    |
120 |     invariant l_val > r_val
    |                     ^

houdafny.dfy(120,20): Related message: loop invariant violation
    |
120 |     invariant l_val > r_val
    |                     ^

houdafny.dfy(142,20): Error: this loop invariant could not be proved on entry
    |
142 |     invariant l_arr != 0
    |                     ^^

houdafny.dfy(142,20): Related message: loop invariant violation
    |
142 |     invariant l_arr != 0
    |                     ^^

houdafny.dfy(147,20): Error: this loop invariant could not be proved on entry
    |
147 |     invariant r_arr != 0
    |                     ^^

houdafny.dfy(147,20): Related message: loop invariant violation
    |
147 |     invariant r_arr != 0
    |                     ^^

houdafny.dfy(150,20): Error: this loop invariant could not be proved on entry
    |
150 |     invariant l_arr != l_len
    |                     ^^

houdafny.dfy(150,20): Related message: loop invariant violation
    |
150 |     invariant l_arr != l_len
    |                     ^^

houdafny.dfy(151,20): Error: this loop invariant could not be proved on entry
    |
151 |     invariant l_arr != l_val
    |                     ^^

houdafny.dfy(151,20): Related message: loop invariant violation
    |
151 |     invariant l_arr != l_val
    |                     ^^

houdafny.dfy(152,20): Error: this invariant could not be proved to be maintained by the loop
    |
152 |     invariant l_arr != l_i
    |                     ^^

houdafny.dfy(152,20): Related message: loop invariant violation
    |
152 |     invariant l_arr != l_i
    |                     ^^

houdafny.dfy(153,20): Error: this loop invariant could not be proved on entry
    |
153 |     invariant l_arr != r_arr
    |                     ^^

houdafny.dfy(153,20): Related message: loop invariant violation
    |
153 |     invariant l_arr != r_arr
    |                     ^^

houdafny.dfy(154,20): Error: this loop invariant could not be proved on entry
    |
154 |     invariant l_arr != r_val
    |                     ^^

houdafny.dfy(154,20): Related message: loop invariant violation
    |
154 |     invariant l_arr != r_val
    |                     ^^

houdafny.dfy(155,20): Error: this loop invariant could not be proved on entry
    |
155 |     invariant l_arr != r_j
    |                     ^^

houdafny.dfy(155,20): Related message: loop invariant violation
    |
155 |     invariant l_arr != r_j
    |                     ^^

houdafny.dfy(155,20): Error: this invariant could not be proved to be maintained by the loop
    |
155 |     invariant l_arr != r_j
    |                     ^^

houdafny.dfy(155,20): Related message: loop invariant violation
    |
155 |     invariant l_arr != r_j
    |                     ^^

houdafny.dfy(156,20): Error: this loop invariant could not be proved on entry
    |
156 |     invariant l_len != l_val
    |                     ^^

houdafny.dfy(156,20): Related message: loop invariant violation
    |
156 |     invariant l_len != l_val
    |                     ^^

houdafny.dfy(157,20): Error: this invariant could not be proved to be maintained by the loop
    |
157 |     invariant l_len > l_i
    |                     ^

houdafny.dfy(157,20): Related message: loop invariant violation
    |
157 |     invariant l_len > l_i
    |                     ^

houdafny.dfy(158,20): Error: this loop invariant could not be proved on entry
    |
158 |     invariant l_len != r_arr
    |                     ^^

houdafny.dfy(158,20): Related message: loop invariant violation
    |
158 |     invariant l_len != r_arr
    |                     ^^

houdafny.dfy(160,20): Error: this invariant could not be proved to be maintained by the loop
    |
160 |     invariant l_len > r_j
    |                     ^

houdafny.dfy(160,20): Related message: loop invariant violation
    |
160 |     invariant l_len > r_j
    |                     ^

houdafny.dfy(161,20): Error: this invariant could not be proved to be maintained by the loop
    |
161 |     invariant l_val != l_i
    |                     ^^

houdafny.dfy(161,20): Related message: loop invariant violation
    |
161 |     invariant l_val != l_i
    |                     ^^

houdafny.dfy(162,20): Error: this loop invariant could not be proved on entry
    |
162 |     invariant l_val != r_arr
    |                     ^^

houdafny.dfy(162,20): Related message: loop invariant violation
    |
162 |     invariant l_val != r_arr
    |                     ^^

houdafny.dfy(164,20): Error: this loop invariant could not be proved on entry
    |
164 |     invariant l_val != r_j
    |                     ^^

houdafny.dfy(164,20): Related message: loop invariant violation
    |
164 |     invariant l_val != r_j
    |                     ^^

houdafny.dfy(164,20): Error: this invariant could not be proved to be maintained by the loop
    |
164 |     invariant l_val != r_j
    |                     ^^

houdafny.dfy(164,20): Related message: loop invariant violation
    |
164 |     invariant l_val != r_j
    |                     ^^

houdafny.dfy(165,18): Error: this invariant could not be proved to be maintained by the loop
    |
165 |     invariant l_i != r_arr
    |                   ^^

houdafny.dfy(165,18): Related message: loop invariant violation
    |
165 |     invariant l_i != r_arr
    |                   ^^

houdafny.dfy(166,18): Error: this invariant could not be proved to be maintained by the loop
    |
166 |     invariant l_i != r_val
    |                   ^^

houdafny.dfy(166,18): Related message: loop invariant violation
    |
166 |     invariant l_i != r_val
    |                   ^^

houdafny.dfy(167,20): Error: this loop invariant could not be proved on entry
    |
167 |     invariant r_arr != r_val
    |                     ^^

houdafny.dfy(167,20): Related message: loop invariant violation
    |
167 |     invariant r_arr != r_val
    |                     ^^

houdafny.dfy(168,20): Error: this loop invariant could not be proved on entry
    |
168 |     invariant r_arr != r_j
    |                     ^^

houdafny.dfy(168,20): Related message: loop invariant violation
    |
168 |     invariant r_arr != r_j
    |                     ^^

houdafny.dfy(168,20): Error: this invariant could not be proved to be maintained by the loop
    |
168 |     invariant r_arr != r_j
    |                     ^^

houdafny.dfy(168,20): Related message: loop invariant violation
    |
168 |     invariant r_arr != r_j
    |                     ^^

houdafny.dfy(169,20): Error: this loop invariant could not be proved on entry
    |
169 |     invariant r_val != r_j
    |                     ^^

houdafny.dfy(169,20): Related message: loop invariant violation
    |
169 |     invariant r_val != r_j
    |                     ^^

houdafny.dfy(169,20): Error: this invariant could not be proved to be maintained by the loop
    |
169 |     invariant r_val != r_j
    |                     ^^

houdafny.dfy(169,20): Related message: loop invariant violation
    |
169 |     invariant r_val != r_j
    |                     ^^


Dafny program verifier finished with 0 verified, 51 errors

Writing Dafny to houdafny.dfy...
Done
Running Dafny verification...
houdafny.dfy(33,20): Error: this loop invariant could not be proved on entry
   |
33 |     invariant r_arr < r_val
   |                     ^

houdafny.dfy(33,20): Related message: loop invariant violation
   |
33 |     invariant r_arr < r_val
   |                     ^

houdafny.dfy(44,20): Error: this loop invariant could not be proved on entry
   |
44 |     invariant l_arr != 0
   |                     ^^

houdafny.dfy(44,20): Related message: loop invariant violation
   |
44 |     invariant l_arr != 0
   |                     ^^

houdafny.dfy(45,20): Error: this loop invariant could not be proved on entry
   |
45 |     invariant l_len != 0
   |                     ^^

houdafny.dfy(45,20): Related message: loop invariant violation
   |
45 |     invariant l_len != 0
   |                     ^^

houdafny.dfy(48,20): Error: this loop invariant could not be proved on entry
   |
48 |     invariant r_arr != 0
   |                     ^^

houdafny.dfy(48,20): Related message: loop invariant violation
   |
48 |     invariant r_arr != 0
   |                     ^^

houdafny.dfy(50,18): Error: this loop invariant could not be proved on entry
   |
50 |     invariant r_j <= 0
   |                   ^^

houdafny.dfy(50,18): Related message: loop invariant violation
   |
50 |     invariant r_j <= 0
   |                   ^^

houdafny.dfy(52,20): Error: this loop invariant could not be proved on entry
   |
52 |     invariant l_arr != l_len
   |                     ^^

houdafny.dfy(52,20): Related message: loop invariant violation
   |
52 |     invariant l_arr != l_len
   |                     ^^

houdafny.dfy(53,20): Error: this loop invariant could not be proved on entry
   |
53 |     invariant l_arr != l_val
   |                     ^^

houdafny.dfy(53,20): Related message: loop invariant violation
   |
53 |     invariant l_arr != l_val
   |                     ^^

houdafny.dfy(54,20): Error: this loop invariant could not be proved on entry
   |
54 |     invariant l_arr != r_arr
   |                     ^^

houdafny.dfy(54,20): Related message: loop invariant violation
   |
54 |     invariant l_arr != r_arr
   |                     ^^

houdafny.dfy(55,20): Error: this loop invariant could not be proved on entry
   |
55 |     invariant l_arr != r_val
   |                     ^^

houdafny.dfy(55,20): Related message: loop invariant violation
   |
55 |     invariant l_arr != r_val
   |                     ^^

houdafny.dfy(57,20): Error: this loop invariant could not be proved on entry
   |
57 |     invariant l_len != l_val
   |                     ^^

houdafny.dfy(57,20): Related message: loop invariant violation
   |
57 |     invariant l_len != l_val
   |                     ^^

houdafny.dfy(58,20): Error: this loop invariant could not be proved on entry
   |
58 |     invariant l_len != r_arr
   |                     ^^

houdafny.dfy(58,20): Related message: loop invariant violation
   |
58 |     invariant l_len != r_arr
   |                     ^^

houdafny.dfy(59,20): Error: this loop invariant could not be proved on entry
   |
59 |     invariant l_len != r_val
   |                     ^^

houdafny.dfy(59,20): Related message: loop invariant violation
   |
59 |     invariant l_len != r_val
   |                     ^^

houdafny.dfy(61,20): Error: this loop invariant could not be proved on entry
   |
61 |     invariant l_val != r_arr
   |                     ^^

houdafny.dfy(61,20): Related message: loop invariant violation
   |
61 |     invariant l_val != r_arr
   |                     ^^

houdafny.dfy(62,20): Error: this loop invariant could not be proved on entry
   |
62 |     invariant l_val != r_val
   |                     ^^

houdafny.dfy(62,20): Related message: loop invariant violation
   |
62 |     invariant l_val != r_val
   |                     ^^

houdafny.dfy(64,18): Error: this invariant could not be proved to be maintained by the loop
   |
64 |     invariant l_i != r_arr
   |                   ^^

houdafny.dfy(64,18): Related message: loop invariant violation
   |
64 |     invariant l_i != r_arr
   |                   ^^

houdafny.dfy(81,18): Error: this loop invariant could not be proved on entry
   |
81 |     invariant l_i <= 0
   |                   ^^

houdafny.dfy(81,18): Related message: loop invariant violation
   |
81 |     invariant l_i <= 0
   |                   ^^

houdafny.dfy(86,20): Error: this loop invariant could not be proved on entry
   |
86 |     invariant l_arr > l_i
   |                     ^

houdafny.dfy(86,20): Related message: loop invariant violation
   |
86 |     invariant l_arr > l_i
   |                     ^

houdafny.dfy(88,20): Error: this invariant could not be proved to be maintained by the loop
   |
88 |     invariant l_arr > r_j
   |                     ^

houdafny.dfy(88,20): Related message: loop invariant violation
   |
88 |     invariant l_arr > r_j
   |                     ^

houdafny.dfy(98,20): Error: this invariant could not be proved to be maintained by the loop
   |
98 |     invariant r_arr != r_j
   |                     ^^

houdafny.dfy(98,20): Related message: loop invariant violation
   |
98 |     invariant r_arr != r_j
   |                     ^^

houdafny.dfy(117,20): Error: this loop invariant could not be proved on entry
    |
117 |     invariant l_val >= 2
    |                     ^^

houdafny.dfy(117,20): Related message: loop invariant violation
    |
117 |     invariant l_val >= 2
    |                     ^^

houdafny.dfy(121,20): Error: this loop invariant could not be proved on entry
    |
121 |     invariant l_len != r_val
    |                     ^^

houdafny.dfy(121,20): Related message: loop invariant violation
    |
121 |     invariant l_len != r_val
    |                     ^^

houdafny.dfy(133,20): Error: this loop invariant could not be proved on entry
    |
133 |     invariant l_len == r_j
    |                     ^^

houdafny.dfy(133,20): Related message: loop invariant violation
    |
133 |     invariant l_len == r_j
    |                     ^^

houdafny.dfy(136,20): Error: this loop invariant could not be proved on entry
    |
136 |     invariant l_arr != 0
    |                     ^^

houdafny.dfy(136,20): Related message: loop invariant violation
    |
136 |     invariant l_arr != 0
    |                     ^^

houdafny.dfy(139,18): Error: this loop invariant could not be proved on entry
    |
139 |     invariant l_i != 0
    |                   ^^

houdafny.dfy(139,18): Related message: loop invariant violation
    |
139 |     invariant l_i != 0
    |                   ^^

houdafny.dfy(141,20): Error: this loop invariant could not be proved on entry
    |
141 |     invariant r_arr != 0
    |                     ^^

houdafny.dfy(141,20): Related message: loop invariant violation
    |
141 |     invariant r_arr != 0
    |                     ^^

houdafny.dfy(143,20): Error: this loop invariant could not be proved on entry
    |
143 |     invariant l_arr != l_len
    |                     ^^

houdafny.dfy(143,20): Related message: loop invariant violation
    |
143 |     invariant l_arr != l_len
    |                     ^^

houdafny.dfy(144,20): Error: this loop invariant could not be proved on entry
    |
144 |     invariant l_arr != l_val
    |                     ^^

houdafny.dfy(144,20): Related message: loop invariant violation
    |
144 |     invariant l_arr != l_val
    |                     ^^

houdafny.dfy(145,20): Error: this loop invariant could not be proved on entry
    |
145 |     invariant l_arr != l_i
    |                     ^^

houdafny.dfy(145,20): Related message: loop invariant violation
    |
145 |     invariant l_arr != l_i
    |                     ^^

houdafny.dfy(145,20): Error: this invariant could not be proved to be maintained by the loop
    |
145 |     invariant l_arr != l_i
    |                     ^^

houdafny.dfy(145,20): Related message: loop invariant violation
    |
145 |     invariant l_arr != l_i
    |                     ^^

houdafny.dfy(146,20): Error: this loop invariant could not be proved on entry
    |
146 |     invariant l_arr != r_arr
    |                     ^^

houdafny.dfy(146,20): Related message: loop invariant violation
    |
146 |     invariant l_arr != r_arr
    |                     ^^

houdafny.dfy(147,20): Error: this loop invariant could not be proved on entry
    |
147 |     invariant l_arr != r_val
    |                     ^^

houdafny.dfy(147,20): Related message: loop invariant violation
    |
147 |     invariant l_arr != r_val
    |                     ^^

houdafny.dfy(148,20): Error: this loop invariant could not be proved on entry
    |
148 |     invariant l_len != l_val
    |                     ^^

houdafny.dfy(148,20): Related message: loop invariant violation
    |
148 |     invariant l_len != l_val
    |                     ^^

houdafny.dfy(149,20): Error: this loop invariant could not be proved on entry
    |
149 |     invariant l_len > l_i
    |                     ^

houdafny.dfy(149,20): Related message: loop invariant violation
    |
149 |     invariant l_len > l_i
    |                     ^

houdafny.dfy(149,20): Error: this invariant could not be proved to be maintained by the loop
    |
149 |     invariant l_len > l_i
    |                     ^

houdafny.dfy(149,20): Related message: loop invariant violation
    |
149 |     invariant l_len > l_i
    |                     ^

houdafny.dfy(150,20): Error: this loop invariant could not be proved on entry
    |
150 |     invariant l_len != r_arr
    |                     ^^

houdafny.dfy(150,20): Related message: loop invariant violation
    |
150 |     invariant l_len != r_arr
    |                     ^^

houdafny.dfy(151,20): Error: this loop invariant could not be proved on entry
    |
151 |     invariant l_len > r_val
    |                     ^

houdafny.dfy(151,20): Related message: loop invariant violation
    |
151 |     invariant l_len > r_val
    |                     ^

houdafny.dfy(152,20): Error: this loop invariant could not be proved on entry
    |
152 |     invariant l_val != r_arr
    |                     ^^

houdafny.dfy(152,20): Related message: loop invariant violation
    |
152 |     invariant l_val != r_arr
    |                     ^^

houdafny.dfy(153,20): Error: this loop invariant could not be proved on entry
    |
153 |     invariant l_val > r_val
    |                     ^

houdafny.dfy(153,20): Related message: loop invariant violation
    |
153 |     invariant l_val > r_val
    |                     ^

houdafny.dfy(154,18): Error: this loop invariant could not be proved on entry
    |
154 |     invariant l_i != r_arr
    |                   ^^

houdafny.dfy(154,18): Related message: loop invariant violation
    |
154 |     invariant l_i != r_arr
    |                   ^^

houdafny.dfy(154,18): Error: this invariant could not be proved to be maintained by the loop
    |
154 |     invariant l_i != r_arr
    |                   ^^

houdafny.dfy(154,18): Related message: loop invariant violation
    |
154 |     invariant l_i != r_arr
    |                   ^^

houdafny.dfy(155,20): Error: this loop invariant could not be proved on entry
    |
155 |     invariant r_arr != r_val
    |                     ^^

houdafny.dfy(155,20): Related message: loop invariant violation
    |
155 |     invariant r_arr != r_val
    |                     ^^


Dafny program verifier finished with 0 verified, 41 errors

Writing Dafny to houdafny.dfy...
Done
Running Dafny verification...
houdafny.dfy(47,20): Error: this loop invariant could not be proved on entry
   |
47 |     invariant l_arr != r_j
   |                     ^^

houdafny.dfy(47,20): Related message: loop invariant violation
   |
47 |     invariant l_arr != r_j
   |                     ^^

houdafny.dfy(48,20): Error: this loop invariant could not be proved on entry
   |
48 |     invariant l_len > r_j
   |                     ^

houdafny.dfy(48,20): Related message: loop invariant violation
   |
48 |     invariant l_len > r_j
   |                     ^

houdafny.dfy(49,20): Error: this loop invariant could not be proved on entry
   |
49 |     invariant l_val > r_j
   |                     ^

houdafny.dfy(49,20): Related message: loop invariant violation
   |
49 |     invariant l_val > r_j
   |                     ^

houdafny.dfy(51,20): Error: this loop invariant could not be proved on entry
   |
51 |     invariant r_arr != r_val
   |                     ^^

houdafny.dfy(51,20): Related message: loop invariant violation
   |
51 |     invariant r_arr != r_val
   |                     ^^

houdafny.dfy(52,20): Error: this loop invariant could not be proved on entry
   |
52 |     invariant r_arr != r_j
   |                     ^^

houdafny.dfy(52,20): Related message: loop invariant violation
   |
52 |     invariant r_arr != r_j
   |                     ^^

houdafny.dfy(53,20): Error: this loop invariant could not be proved on entry
   |
53 |     invariant r_val > r_j
   |                     ^

houdafny.dfy(53,20): Related message: loop invariant violation
   |
53 |     invariant r_val > r_j
   |                     ^

houdafny.dfy(63,20): Error: this loop invariant could not be proved on entry
   |
63 |     invariant l_arr != 0
   |                     ^^

houdafny.dfy(63,20): Related message: loop invariant violation
   |
63 |     invariant l_arr != 0
   |                     ^^

houdafny.dfy(67,20): Error: this loop invariant could not be proved on entry
   |
67 |     invariant r_arr != 0
   |                     ^^

houdafny.dfy(67,20): Related message: loop invariant violation
   |
67 |     invariant r_arr != 0
   |                     ^^

houdafny.dfy(70,20): Error: this loop invariant could not be proved on entry
   |
70 |     invariant l_arr != r_arr
   |                     ^^

houdafny.dfy(70,20): Related message: loop invariant violation
   |
70 |     invariant l_arr != r_arr
   |                     ^^

houdafny.dfy(71,20): Error: this loop invariant could not be proved on entry
   |
71 |     invariant l_len != l_val
   |                     ^^

houdafny.dfy(71,20): Related message: loop invariant violation
   |
71 |     invariant l_len != l_val
   |                     ^^

houdafny.dfy(72,20): Error: this loop invariant could not be proved on entry
   |
72 |     invariant l_len > l_i
   |                     ^

houdafny.dfy(72,20): Related message: loop invariant violation
   |
72 |     invariant l_len > l_i
   |                     ^

houdafny.dfy(73,20): Error: this loop invariant could not be proved on entry
   |
73 |     invariant l_len != r_arr
   |                     ^^

houdafny.dfy(73,20): Related message: loop invariant violation
   |
73 |     invariant l_len != r_arr
   |                     ^^

houdafny.dfy(74,20): Error: this loop invariant could not be proved on entry
   |
74 |     invariant l_val > l_i
   |                     ^

houdafny.dfy(74,20): Related message: loop invariant violation
   |
74 |     invariant l_val > l_i
   |                     ^

houdafny.dfy(75,20): Error: this loop invariant could not be proved on entry
   |
75 |     invariant l_val != r_arr
   |                     ^^

houdafny.dfy(75,20): Related message: loop invariant violation
   |
75 |     invariant l_val != r_arr
   |                     ^^

houdafny.dfy(76,18): Error: this loop invariant could not be proved on entry
   |
76 |     invariant l_i != r_arr
   |                   ^^

houdafny.dfy(76,18): Related message: loop invariant violation
   |
76 |     invariant l_i != r_arr
   |                   ^^

houdafny.dfy(77,18): Error: this loop invariant could not be proved on entry
   |
77 |     invariant l_i < r_val
   |                   ^

houdafny.dfy(77,18): Related message: loop invariant violation
   |
77 |     invariant l_i < r_val
   |                   ^

houdafny.dfy(78,18): Error: this loop invariant could not be proved on entry
   |
78 |     invariant l_i <= r_j
   |                   ^^

houdafny.dfy(78,18): Related message: loop invariant violation
   |
78 |     invariant l_i <= r_j
   |                   ^^

houdafny.dfy(101,20): Error: this loop invariant could not be proved on entry
    |
101 |     invariant l_val != r_val
    |                     ^^

houdafny.dfy(101,20): Related message: loop invariant violation
    |
101 |     invariant l_val != r_val
    |                     ^^

houdafny.dfy(112,20): Error: this loop invariant could not be proved on entry
    |
112 |     invariant l_len <= r_j
    |                     ^^

houdafny.dfy(112,20): Related message: loop invariant violation
    |
112 |     invariant l_len <= r_j
    |                     ^^

houdafny.dfy(116,18): Error: this loop invariant could not be proved on entry
    |
116 |     invariant l_i >= 1
    |                   ^^

houdafny.dfy(116,18): Related message: loop invariant violation
    |
116 |     invariant l_i >= 1
    |                   ^^

houdafny.dfy(130,20): Error: this loop invariant could not be proved on entry
    |
130 |     invariant l_arr != 0
    |                     ^^

houdafny.dfy(130,20): Related message: loop invariant violation
    |
130 |     invariant l_arr != 0
    |                     ^^

houdafny.dfy(133,20): Error: this loop invariant could not be proved on entry
    |
133 |     invariant r_arr != 0
    |                     ^^

houdafny.dfy(133,20): Related message: loop invariant violation
    |
133 |     invariant r_arr != 0
    |                     ^^

houdafny.dfy(137,20): Error: this loop invariant could not be proved on entry
    |
137 |     invariant l_arr != l_len
    |                     ^^

houdafny.dfy(137,20): Related message: loop invariant violation
    |
137 |     invariant l_arr != l_len
    |                     ^^

houdafny.dfy(138,20): Error: this loop invariant could not be proved on entry
    |
138 |     invariant l_arr != l_val
    |                     ^^

houdafny.dfy(138,20): Related message: loop invariant violation
    |
138 |     invariant l_arr != l_val
    |                     ^^

houdafny.dfy(139,20): Error: this loop invariant could not be proved on entry
    |
139 |     invariant l_arr != r_arr
    |                     ^^

houdafny.dfy(139,20): Related message: loop invariant violation
    |
139 |     invariant l_arr != r_arr
    |                     ^^

houdafny.dfy(140,20): Error: this loop invariant could not be proved on entry
    |
140 |     invariant l_arr != r_val
    |                     ^^

houdafny.dfy(140,20): Related message: loop invariant violation
    |
140 |     invariant l_arr != r_val
    |                     ^^

houdafny.dfy(142,20): Error: this loop invariant could not be proved on entry
    |
142 |     invariant l_len != l_val
    |                     ^^

houdafny.dfy(142,20): Related message: loop invariant violation
    |
142 |     invariant l_len != l_val
    |                     ^^

houdafny.dfy(143,20): Error: this loop invariant could not be proved on entry
    |
143 |     invariant l_len != r_arr
    |                     ^^

houdafny.dfy(143,20): Related message: loop invariant violation
    |
143 |     invariant l_len != r_arr
    |                     ^^

houdafny.dfy(144,20): Error: this loop invariant could not be proved on entry
    |
144 |     invariant l_len != r_val
    |                     ^^

houdafny.dfy(144,20): Related message: loop invariant violation
    |
144 |     invariant l_len != r_val
    |                     ^^

houdafny.dfy(145,20): Error: this loop invariant could not be proved on entry
    |
145 |     invariant l_len > r_j
    |                     ^

houdafny.dfy(145,20): Related message: loop invariant violation
    |
145 |     invariant l_len > r_j
    |                     ^


Dafny program verifier finished with 0 verified, 30 errors

Writing Dafny to houdafny.dfy...
Done
Running Dafny verification...
houdafny.dfy(57,20): Error: this loop invariant could not be proved on entry
   |
57 |     invariant l_len != 0
   |                     ^^

houdafny.dfy(57,20): Related message: loop invariant violation
   |
57 |     invariant l_len != 0
   |                     ^^

houdafny.dfy(62,20): Error: this loop invariant could not be proved on entry
   |
62 |     invariant r_arr != r_val
   |                     ^^

houdafny.dfy(62,20): Related message: loop invariant violation
   |
62 |     invariant r_arr != r_val
   |                     ^^

houdafny.dfy(113,18): Error: this loop invariant could not be proved on entry
    |
113 |     invariant r_j != 0
    |                   ^^

houdafny.dfy(113,18): Related message: loop invariant violation
    |
113 |     invariant r_j != 0
    |                   ^^

houdafny.dfy(115,20): Error: this loop invariant could not be proved on entry
    |
115 |     invariant l_arr != r_j
    |                     ^^

houdafny.dfy(115,20): Related message: loop invariant violation
    |
115 |     invariant l_arr != r_j
    |                     ^^

houdafny.dfy(115,20): Error: this invariant could not be proved to be maintained by the loop
    |
115 |     invariant l_arr != r_j
    |                     ^^

houdafny.dfy(115,20): Related message: loop invariant violation
    |
115 |     invariant l_arr != r_j
    |                     ^^

houdafny.dfy(116,20): Error: this loop invariant could not be proved on entry
    |
116 |     invariant l_val != r_arr
    |                     ^^

houdafny.dfy(116,20): Related message: loop invariant violation
    |
116 |     invariant l_val != r_arr
    |                     ^^

houdafny.dfy(117,20): Error: this loop invariant could not be proved on entry
    |
117 |     invariant l_val != r_val
    |                     ^^

houdafny.dfy(117,20): Related message: loop invariant violation
    |
117 |     invariant l_val != r_val
    |                     ^^

houdafny.dfy(118,20): Error: this loop invariant could not be proved on entry
    |
118 |     invariant r_arr != r_val
    |                     ^^

houdafny.dfy(118,20): Related message: loop invariant violation
    |
118 |     invariant r_arr != r_val
    |                     ^^

houdafny.dfy(119,20): Error: this loop invariant could not be proved on entry
    |
119 |     invariant r_arr != r_j
    |                     ^^

houdafny.dfy(119,20): Related message: loop invariant violation
    |
119 |     invariant r_arr != r_j
    |                     ^^

houdafny.dfy(119,20): Error: this invariant could not be proved to be maintained by the loop
    |
119 |     invariant r_arr != r_j
    |                     ^^

houdafny.dfy(119,20): Related message: loop invariant violation
    |
119 |     invariant r_arr != r_j
    |                     ^^


Dafny program verifier finished with 0 verified, 10 errors

Writing Dafny to houdafny.dfy...
Done
Running Dafny verification...
houdafny.dfy(111,18): Error: this loop invariant could not be proved on entry
    |
111 |     invariant r_j >= 1
    |                   ^^

houdafny.dfy(111,18): Related message: loop invariant violation
    |
111 |     invariant r_j >= 1
    |                   ^^


Dafny program verifier finished with 0 verified, 1 error

Writing Dafny to houdafny.dfy...
Done
Running Dafny verification...

Dafny program verifier finished with 1 verified, 0 errors

Writing output to ./results/alignments/dafny/antonopoulos/count-loops/array-insert-cou.dfy...
Done

Per-Task Times (ms)
-------------------
align-count-loops: 5
aligned-crel: 0
invars-daikon: 1213
houdafny: 12418
aligned-output: 0
write-product: 0

KestRel completed in 13637ms
Verified: true

real	0m13.691s
user	0m16.443s
sys	0m1.602s
