Computed alignment by local loop counting.
Writing Daikon to daikon_output.c...
Done
Compiling Daikon output...
Running Kvasir...
==51210== kvasir-5.8.18, C/C++ Language Front-End for Daikon with DynComp comparability analysis tool.
==51210== Copyright (C) 2007-2022, University of Washington CSE PLSE Group
==51210== Using Valgrind-3.19.0.Fjalar and LibVEX; rerun with -h for copyright info
==51210== Command: ./daikon_output
==51210== 
==51210== 
==51210== For lists of detected and suppressed errors, rerun with: -s
==51210== ERROR SUMMARY: 0 errors from 0 contexts (suppressed: 0 from 0)
Running Daikon...
Writing Dafny to houdafny.dfy...
Done
Running Dafny verification...
houdafny.dfy(31,18): Error: this loop invariant could not be proved on entry
   |
31 |     invariant l_a != 0
   |                   ^^

houdafny.dfy(31,18): Related message: loop invariant violation
   |
31 |     invariant l_a != 0
   |                   ^^

houdafny.dfy(32,18): Error: this loop invariant could not be proved on entry
   |
32 |     invariant l_n != 0
   |                   ^^

houdafny.dfy(32,18): Related message: loop invariant violation
   |
32 |     invariant l_n != 0
   |                   ^^

houdafny.dfy(33,18): Error: this loop invariant could not be proved on entry
   |
33 |     invariant l_n >= 2
   |                   ^^

houdafny.dfy(33,18): Related message: loop invariant violation
   |
33 |     invariant l_n >= 2
   |                   ^^

houdafny.dfy(34,18): Error: this loop invariant could not be proved on entry
   |
34 |     invariant l_m != 0
   |                   ^^

houdafny.dfy(34,18): Related message: loop invariant violation
   |
34 |     invariant l_m != 0
   |                   ^^

houdafny.dfy(35,18): Error: this loop invariant could not be proved on entry
   |
35 |     invariant l_m >= 1
   |                   ^^

houdafny.dfy(35,18): Related message: loop invariant violation
   |
35 |     invariant l_m >= 1
   |                   ^^

houdafny.dfy(38,18): Error: this loop invariant could not be proved on entry
   |
38 |     invariant l_a != l_n
   |                   ^^

houdafny.dfy(38,18): Related message: loop invariant violation
   |
38 |     invariant l_a != l_n
   |                   ^^

houdafny.dfy(39,18): Error: this loop invariant could not be proved on entry
   |
39 |     invariant l_a != l_m
   |                   ^^

houdafny.dfy(39,18): Related message: loop invariant violation
   |
39 |     invariant l_a != l_m
   |                   ^^

houdafny.dfy(41,18): Error: this loop invariant could not be proved on entry
   |
41 |     invariant l_a != r_a
   |                   ^^

houdafny.dfy(41,18): Related message: loop invariant violation
   |
41 |     invariant l_a != r_a
   |                   ^^


Dafny program verifier finished with 0 verified, 8 errors

Writing Dafny to houdafny.dfy...
Done
Running Dafny verification...
houdafny.dfy(32,18): Error: this loop invariant could not be proved on entry
   |
32 |     invariant r_a != 0
   |                   ^^

houdafny.dfy(32,18): Related message: loop invariant violation
   |
32 |     invariant r_a != 0
   |                   ^^

houdafny.dfy(34,18): Error: this loop invariant could not be proved on entry
   |
34 |     invariant l_n != l_m
   |                   ^^

houdafny.dfy(34,18): Related message: loop invariant violation
   |
34 |     invariant l_n != l_m
   |                   ^^

houdafny.dfy(35,18): Error: this loop invariant could not be proved on entry
   |
35 |     invariant l_n > l_x
   |                   ^

houdafny.dfy(35,18): Related message: loop invariant violation
   |
35 |     invariant l_n > l_x
   |                   ^

houdafny.dfy(36,18): Error: this loop invariant could not be proved on entry
   |
36 |     invariant l_n != r_a
   |                   ^^

houdafny.dfy(36,18): Related message: loop invariant violation
   |
36 |     invariant l_n != r_a
   |                   ^^

houdafny.dfy(37,18): Error: this loop invariant could not be proved on entry
   |
37 |     invariant l_m != r_a
   |                   ^^

houdafny.dfy(37,18): Related message: loop invariant violation
   |
37 |     invariant l_m != r_a
   |                   ^^

houdafny.dfy(51,20): Error: this loop invariant could not be proved on entry
   |
51 |       invariant l_a != 0
   |                     ^^

houdafny.dfy(51,20): Related message: loop invariant violation
   |
51 |       invariant l_a != 0
   |                     ^^

houdafny.dfy(53,20): Error: this loop invariant could not be proved on entry
   |
53 |       invariant l_n >= 2
   |                     ^^

houdafny.dfy(53,20): Related message: loop invariant violation
   |
53 |       invariant l_n >= 2
   |                     ^^

houdafny.dfy(61,20): Error: this loop invariant could not be proved on entry
   |
61 |       invariant l_a != l_n
   |                     ^^

houdafny.dfy(61,20): Related message: loop invariant violation
   |
61 |       invariant l_a != l_n
   |                     ^^

houdafny.dfy(62,20): Error: this loop invariant could not be proved on entry
   |
62 |       invariant l_a != l_m
   |                     ^^

houdafny.dfy(62,20): Related message: loop invariant violation
   |
62 |       invariant l_a != l_m
   |                     ^^

houdafny.dfy(63,20): Error: this loop invariant could not be proved on entry
   |
63 |       invariant l_a != l_x
   |                     ^^

houdafny.dfy(63,20): Related message: loop invariant violation
   |
63 |       invariant l_a != l_x
   |                     ^^

houdafny.dfy(64,20): Error: this loop invariant could not be proved on entry
   |
64 |       invariant l_a != r_a
   |                     ^^

houdafny.dfy(64,20): Related message: loop invariant violation
   |
64 |       invariant l_a != r_a
   |                     ^^

houdafny.dfy(65,20): Error: this loop invariant could not be proved on entry
   |
65 |       invariant l_a != r_i
   |                     ^^

houdafny.dfy(65,20): Related message: loop invariant violation
   |
65 |       invariant l_a != r_i
   |                     ^^

houdafny.dfy(73,20): Error: this loop invariant could not be proved on entry
   |
73 |       invariant l_x != r_a
   |                     ^^

houdafny.dfy(73,20): Related message: loop invariant violation
   |
73 |       invariant l_x != r_a
   |                     ^^

houdafny.dfy(74,34): Error: this loop invariant could not be proved on entry
   |
74 |       invariant (l_x - (r_i - 1)) == 0
   |                                   ^^

houdafny.dfy(74,34): Related message: loop invariant violation
   |
74 |       invariant (l_x - (r_i - 1)) == 0
   |                                   ^^

houdafny.dfy(90,18): Error: this loop invariant could not be proved on entry
   |
90 |     invariant l_n == r_i
   |                   ^^

houdafny.dfy(90,18): Related message: loop invariant violation
   |
90 |     invariant l_n == r_i
   |                   ^^


Dafny program verifier finished with 0 verified, 15 errors

Writing Dafny to houdafny.dfy...
Done
Running Dafny verification...
houdafny.dfy(32,18): Error: this loop invariant could not be proved on entry
   |
32 |     invariant l_a != l_x
   |                   ^^

houdafny.dfy(32,18): Related message: loop invariant violation
   |
32 |     invariant l_a != l_x
   |                   ^^

houdafny.dfy(51,20): Error: this loop invariant could not be proved on entry
   |
51 |       invariant r_a != 0
   |                     ^^

houdafny.dfy(51,20): Related message: loop invariant violation
   |
51 |       invariant r_a != 0
   |                     ^^

houdafny.dfy(54,20): Error: this loop invariant could not be proved on entry
   |
54 |       invariant l_a != r_j
   |                     ^^

houdafny.dfy(54,20): Related message: loop invariant violation
   |
54 |       invariant l_a != r_j
   |                     ^^

houdafny.dfy(55,20): Error: this loop invariant could not be proved on entry
   |
55 |       invariant l_n != l_m
   |                     ^^

houdafny.dfy(55,20): Related message: loop invariant violation
   |
55 |       invariant l_n != l_m
   |                     ^^

houdafny.dfy(57,20): Error: this loop invariant could not be proved on entry
   |
57 |       invariant l_n != r_a
   |                     ^^

houdafny.dfy(57,20): Related message: loop invariant violation
   |
57 |       invariant l_n != r_a
   |                     ^^

houdafny.dfy(59,20): Error: this loop invariant could not be proved on entry
   |
59 |       invariant l_m != r_a
   |                     ^^

houdafny.dfy(59,20): Related message: loop invariant violation
   |
59 |       invariant l_m != r_a
   |                     ^^

houdafny.dfy(61,34): Error: this loop invariant could not be proved on entry
   |
61 |       invariant (l_x - (r_i - 1)) <= 0
   |                                   ^^

houdafny.dfy(61,34): Related message: loop invariant violation
   |
61 |       invariant (l_x - (r_i - 1)) <= 0
   |                                   ^^

houdafny.dfy(76,18): Error: this loop invariant could not be proved on entry
   |
76 |     invariant l_n <= r_i
   |                   ^^

houdafny.dfy(76,18): Related message: loop invariant violation
   |
76 |     invariant l_n <= r_i
   |                   ^^

houdafny.dfy(77,18): Error: this loop invariant could not be proved on entry
   |
77 |     invariant l_n >= r_i
   |                   ^^

houdafny.dfy(77,18): Related message: loop invariant violation
   |
77 |     invariant l_n >= r_i
   |                   ^^

houdafny.dfy(81,18): Error: this loop invariant could not be proved on entry
   |
81 |     invariant l_a != 0
   |                   ^^

houdafny.dfy(81,18): Related message: loop invariant violation
   |
81 |     invariant l_a != 0
   |                   ^^

houdafny.dfy(81,18): Error: this invariant could not be proved to be maintained by the loop
   |
81 |     invariant l_a != 0
   |                   ^^

houdafny.dfy(81,18): Related message: loop invariant violation
   |
81 |     invariant l_a != 0
   |                   ^^

houdafny.dfy(82,18): Error: this loop invariant could not be proved on entry
   |
82 |     invariant l_n != 0
   |                   ^^

houdafny.dfy(82,18): Related message: loop invariant violation
   |
82 |     invariant l_n != 0
   |                   ^^

houdafny.dfy(83,18): Error: this loop invariant could not be proved on entry
   |
83 |     invariant l_n >= 2
   |                   ^^

houdafny.dfy(83,18): Related message: loop invariant violation
   |
83 |     invariant l_n >= 2
   |                   ^^

houdafny.dfy(84,18): Error: this loop invariant could not be proved on entry
   |
84 |     invariant l_m != 0
   |                   ^^

houdafny.dfy(84,18): Related message: loop invariant violation
   |
84 |     invariant l_m != 0
   |                   ^^

houdafny.dfy(85,18): Error: this loop invariant could not be proved on entry
   |
85 |     invariant l_m >= 2
   |                   ^^

houdafny.dfy(85,18): Related message: loop invariant violation
   |
85 |     invariant l_m >= 2
   |                   ^^

houdafny.dfy(88,18): Error: this loop invariant could not be proved on entry
   |
88 |     invariant r_a != 0
   |                   ^^

houdafny.dfy(88,18): Related message: loop invariant violation
   |
88 |     invariant r_a != 0
   |                   ^^

houdafny.dfy(89,18): Error: this invariant could not be proved to be maintained by the loop
   |
89 |     invariant l_a != l_n
   |                   ^^

houdafny.dfy(89,18): Related message: loop invariant violation
   |
89 |     invariant l_a != l_n
   |                   ^^

houdafny.dfy(90,18): Error: this loop invariant could not be proved on entry
   |
90 |     invariant l_a != l_m
   |                   ^^

houdafny.dfy(90,18): Related message: loop invariant violation
   |
90 |     invariant l_a != l_m
   |                   ^^

houdafny.dfy(90,18): Error: this invariant could not be proved to be maintained by the loop
   |
90 |     invariant l_a != l_m
   |                   ^^

houdafny.dfy(90,18): Related message: loop invariant violation
   |
90 |     invariant l_a != l_m
   |                   ^^

houdafny.dfy(91,18): Error: this invariant could not be proved to be maintained by the loop
   |
91 |     invariant l_a != l_x
   |                   ^^

houdafny.dfy(91,18): Related message: loop invariant violation
   |
91 |     invariant l_a != l_x
   |                   ^^

houdafny.dfy(92,18): Error: this loop invariant could not be proved on entry
   |
92 |     invariant l_a != r_a
   |                   ^^

houdafny.dfy(92,18): Related message: loop invariant violation
   |
92 |     invariant l_a != r_a
   |                   ^^

houdafny.dfy(92,18): Error: this invariant could not be proved to be maintained by the loop
   |
92 |     invariant l_a != r_a
   |                   ^^

houdafny.dfy(92,18): Related message: loop invariant violation
   |
92 |     invariant l_a != r_a
   |                   ^^

houdafny.dfy(93,18): Error: this loop invariant could not be proved on entry
   |
93 |     invariant l_n != l_m
   |                   ^^

houdafny.dfy(93,18): Related message: loop invariant violation
   |
93 |     invariant l_n != l_m
   |                   ^^

houdafny.dfy(96,18): Error: this loop invariant could not be proved on entry
   |
96 |     invariant l_m != r_a
   |                   ^^

houdafny.dfy(96,18): Related message: loop invariant violation
   |
96 |     invariant l_m != r_a
   |                   ^^

houdafny.dfy(97,18): Error: this invariant could not be proved to be maintained by the loop
   |
97 |     invariant l_x != r_a
   |                   ^^

houdafny.dfy(97,18): Related message: loop invariant violation
   |
97 |     invariant l_x != r_a
   |                   ^^

houdafny.dfy(107,18): Error: this loop invariant could not be proved on entry
    |
107 |     invariant l_m == l_x
    |                   ^^

houdafny.dfy(107,18): Related message: loop invariant violation
    |
107 |     invariant l_m == l_x
    |                   ^^


Dafny program verifier finished with 0 verified, 26 errors

Writing Dafny to houdafny.dfy...
Done
Running Dafny verification...
houdafny.dfy(32,18): Error: this loop invariant could not be proved on entry
   |
32 |     invariant l_x != r_a
   |                   ^^

houdafny.dfy(32,18): Related message: loop invariant violation
   |
32 |     invariant l_x != r_a
   |                   ^^

houdafny.dfy(54,20): Error: this invariant could not be proved to be maintained by the loop
   |
54 |       invariant l_m > r_j
   |                     ^

houdafny.dfy(54,20): Related message: loop invariant violation
   |
54 |       invariant l_m > r_j
   |                     ^

houdafny.dfy(56,20): Error: this invariant could not be proved to be maintained by the loop
   |
56 |       invariant r_a != r_i
   |                     ^^

houdafny.dfy(56,20): Related message: loop invariant violation
   |
56 |       invariant r_a != r_i
   |                     ^^

houdafny.dfy(57,20): Error: this loop invariant could not be proved on entry
   |
57 |       invariant r_a != r_j
   |                     ^^

houdafny.dfy(57,20): Related message: loop invariant violation
   |
57 |       invariant r_a != r_j
   |                     ^^

houdafny.dfy(57,20): Error: this invariant could not be proved to be maintained by the loop
   |
57 |       invariant r_a != r_j
   |                     ^^

houdafny.dfy(57,20): Related message: loop invariant violation
   |
57 |       invariant r_a != r_j
   |                     ^^

houdafny.dfy(72,18): Error: this loop invariant could not be proved on entry
   |
72 |     invariant l_x != 0
   |                   ^^

houdafny.dfy(72,18): Related message: loop invariant violation
   |
72 |     invariant l_x != 0
   |                   ^^

houdafny.dfy(73,18): Error: this loop invariant could not be proved on entry
   |
73 |     invariant l_x >= 2
   |                   ^^

houdafny.dfy(73,18): Related message: loop invariant violation
   |
73 |     invariant l_x >= 2
   |                   ^^

houdafny.dfy(74,18): Error: this loop invariant could not be proved on entry
   |
74 |     invariant l_n <= l_x
   |                   ^^

houdafny.dfy(74,18): Related message: loop invariant violation
   |
74 |     invariant l_n <= l_x
   |                   ^^

houdafny.dfy(75,18): Error: this loop invariant could not be proved on entry
   |
75 |     invariant l_n != r_a
   |                   ^^

houdafny.dfy(75,18): Related message: loop invariant violation
   |
75 |     invariant l_n != r_a
   |                   ^^

houdafny.dfy(85,18): Error: this loop invariant could not be proved on entry
   |
85 |     invariant l_m <= l_x
   |                   ^^

houdafny.dfy(85,18): Related message: loop invariant violation
   |
85 |     invariant l_m <= l_x
   |                   ^^

houdafny.dfy(86,18): Error: this loop invariant could not be proved on entry
   |
86 |     invariant l_m >= l_x
   |                   ^^

houdafny.dfy(86,18): Related message: loop invariant violation
   |
86 |     invariant l_m >= l_x
   |                   ^^

houdafny.dfy(90,18): Error: this loop invariant could not be proved on entry
   |
90 |     invariant l_a != 0
   |                   ^^

houdafny.dfy(90,18): Related message: loop invariant violation
   |
90 |     invariant l_a != 0
   |                   ^^

houdafny.dfy(91,18): Error: this loop invariant could not be proved on entry
   |
91 |     invariant l_n != 0
   |                   ^^

houdafny.dfy(91,18): Related message: loop invariant violation
   |
91 |     invariant l_n != 0
   |                   ^^

houdafny.dfy(92,18): Error: this loop invariant could not be proved on entry
   |
92 |     invariant l_m == 0
   |                   ^^

houdafny.dfy(92,18): Related message: loop invariant violation
   |
92 |     invariant l_m == 0
   |                   ^^


Dafny program verifier finished with 0 verified, 14 errors

Writing Dafny to houdafny.dfy...
Done
Running Dafny verification...
houdafny.dfy(80,18): Error: this loop invariant could not be proved on entry
   |
80 |     invariant l_m <= 0
   |                   ^^

houdafny.dfy(80,18): Related message: loop invariant violation
   |
80 |     invariant l_m <= 0
   |                   ^^

houdafny.dfy(81,18): Error: this loop invariant could not be proved on entry
   |
81 |     invariant l_m >= 0
   |                   ^^

houdafny.dfy(81,18): Related message: loop invariant violation
   |
81 |     invariant l_m >= 0
   |                   ^^

houdafny.dfy(82,18): Error: this loop invariant could not be proved on entry
   |
82 |     invariant r_a != 0
   |                   ^^

houdafny.dfy(82,18): Related message: loop invariant violation
   |
82 |     invariant r_a != 0
   |                   ^^

houdafny.dfy(84,18): Error: this loop invariant could not be proved on entry
   |
84 |     invariant l_n > l_m
   |                   ^

houdafny.dfy(84,18): Related message: loop invariant violation
   |
84 |     invariant l_n > l_m
   |                   ^

houdafny.dfy(85,18): Error: this loop invariant could not be proved on entry
   |
85 |     invariant l_n > r_i
   |                   ^

houdafny.dfy(85,18): Related message: loop invariant violation
   |
85 |     invariant l_n > r_i
   |                   ^

houdafny.dfy(85,18): Error: this invariant could not be proved to be maintained by the loop
   |
85 |     invariant l_n > r_i
   |                   ^

houdafny.dfy(85,18): Related message: loop invariant violation
   |
85 |     invariant l_n > r_i
   |                   ^


Dafny program verifier finished with 0 verified, 6 errors

Writing Dafny to houdafny.dfy...
Done
Running Dafny verification...
houdafny.dfy(81,18): Error: this loop invariant could not be proved on entry
   |
81 |     invariant l_m <= r_i
   |                   ^^

houdafny.dfy(81,18): Related message: loop invariant violation
   |
81 |     invariant l_m <= r_i
   |                   ^^

houdafny.dfy(92,8): Error: assertion might not hold
   |
92 |   assert(forall i: int, j: int :: (read(l_a, (i * l_n) + j) == read(read(r_a, i), j)));
   |         ^^^^^^^^^^^^^^^^^^^^^^^^^^^^^^^^^^^^^^^^^^^^^^^^^^^^^^^^^^^^^^^^^^^^^^^^^^^^^^


Dafny program verifier finished with 0 verified, 2 errors

Writing Dafny to houdafny.dfy...
Done
Running Dafny verification...
houdafny.dfy(91,8): Error: assertion might not hold
   |
91 |   assert(forall i: int, j: int :: (read(l_a, (i * l_n) + j) == read(read(r_a, i), j)));
   |         ^^^^^^^^^^^^^^^^^^^^^^^^^^^^^^^^^^^^^^^^^^^^^^^^^^^^^^^^^^^^^^^^^^^^^^^^^^^^^^


Dafny program verifier finished with 0 verified, 1 error

Writing output to ./results/alignments/dafny/antonopoulos/count-loops/loop-tiling-cou.dfy...
Done

Per-Task Times (ms)
-------------------
align-count-loops: 0
aligned-crel: 0
invars-daikon: 1095
houdafny: 13329
aligned-output: 0
write-product: 0

KestRel completed in 14426ms
Verified: false

real	0m14.451s
user	0m16.063s
sys	0m0.954s
