Computed alignment by local loop counting.
Writing Daikon to daikon_output.c...
Done
Compiling Daikon output...
Running Kvasir...
==51527== kvasir-5.8.18, C/C++ Language Front-End for Daikon with DynComp comparability analysis tool.
==51527== Copyright (C) 2007-2022, University of Washington CSE PLSE Group
==51527== Using Valgrind-3.19.0.Fjalar and LibVEX; rerun with -h for copyright info
==51527== Command: ./daikon_output
==51527== 
==51527== 
==51527== For lists of detected and suppressed errors, rerun with: -s
==51527== ERROR SUMMARY: 0 errors from 0 contexts (suppressed: 0 from 0)
Running Daikon...
Writing Dafny to houdafny.dfy...
Done
Running Dafny verification...
houdafny.dfy(14,18): Error: this loop invariant could not be proved on entry
   |
14 |     invariant l_y != 0
   |                   ^^

houdafny.dfy(14,18): Related message: loop invariant violation
   |
14 |     invariant l_y != 0
   |                   ^^

houdafny.dfy(18,18): Error: this loop invariant could not be proved on entry
   |
18 |     invariant l_y != l_z
   |                   ^^

houdafny.dfy(18,18): Related message: loop invariant violation
   |
18 |     invariant l_y != l_z
   |                   ^^

houdafny.dfy(19,18): Error: this invariant could not be proved to be maintained by the loop
   |
19 |     invariant l_y <= r_y
   |                   ^^

houdafny.dfy(19,18): Related message: loop invariant violation
   |
19 |     invariant l_y <= r_y
   |                   ^^

houdafny.dfy(20,18): Error: this invariant could not be proved to be maintained by the loop
   |
20 |     invariant l_z != r_y
   |                   ^^

houdafny.dfy(20,18): Related message: loop invariant violation
   |
20 |     invariant l_z != r_y
   |                   ^^

houdafny.dfy(44,18): Error: this loop invariant could not be proved on entry
   |
44 |     invariant l_y == 4
   |                   ^^

houdafny.dfy(44,18): Related message: loop invariant violation
   |
44 |     invariant l_y == 4
   |                   ^^

houdafny.dfy(47,18): Error: this loop invariant could not be proved on entry
   |
47 |     invariant l_z == 0
   |                   ^^

houdafny.dfy(47,18): Related message: loop invariant violation
   |
47 |     invariant l_z == 0
   |                   ^^

houdafny.dfy(50,18): Error: this loop invariant could not be proved on entry
   |
50 |     invariant l_w != 0
   |                   ^^

houdafny.dfy(50,18): Related message: loop invariant violation
   |
50 |     invariant l_w != 0
   |                   ^^

houdafny.dfy(52,18): Error: this loop invariant could not be proved on entry
   |
52 |     invariant r_w != 0
   |                   ^^

houdafny.dfy(52,18): Related message: loop invariant violation
   |
52 |     invariant r_w != 0
   |                   ^^

houdafny.dfy(53,18): Error: this loop invariant could not be proved on entry
   |
53 |     invariant l_y < r_y
   |                   ^

houdafny.dfy(53,18): Related message: loop invariant violation
   |
53 |     invariant l_y < r_y
   |                   ^

houdafny.dfy(53,18): Error: this invariant could not be proved to be maintained by the loop
   |
53 |     invariant l_y < r_y
   |                   ^

houdafny.dfy(53,18): Related message: loop invariant violation
   |
53 |     invariant l_y < r_y
   |                   ^


Dafny program verifier finished with 0 verified, 10 errors

Writing Dafny to houdafny.dfy...
Done
Running Dafny verification...
houdafny.dfy(15,18): Error: this loop invariant could not be proved on entry
   |
15 |     invariant r_y != 0
   |                   ^^

houdafny.dfy(15,18): Related message: loop invariant violation
   |
15 |     invariant r_y != 0
   |                   ^^

houdafny.dfy(30,4): Error: cannot prove termination; try supplying a decreases clause for the loop
   |
30 |     while (l_y > 4) {
   |     ^^^^^

houdafny.dfy(41,18): Error: this loop invariant could not be proved on entry
   |
41 |     invariant l_y >= 4
   |                   ^^

houdafny.dfy(41,18): Related message: loop invariant violation
   |
41 |     invariant l_y >= 4
   |                   ^^

houdafny.dfy(42,18): Error: this loop invariant could not be proved on entry
   |
42 |     invariant l_z <= 0
   |                   ^^

houdafny.dfy(42,18): Related message: loop invariant violation
   |
42 |     invariant l_z <= 0
   |                   ^^

houdafny.dfy(43,18): Error: this loop invariant could not be proved on entry
   |
43 |     invariant l_z >= 0
   |                   ^^

houdafny.dfy(43,18): Related message: loop invariant violation
   |
43 |     invariant l_z >= 0
   |                   ^^

houdafny.dfy(45,18): Error: this loop invariant could not be proved on entry
   |
45 |     invariant l_z < r_y
   |                   ^

houdafny.dfy(45,18): Related message: loop invariant violation
   |
45 |     invariant l_z < r_y
   |                   ^

houdafny.dfy(53,8): Error: assertion might not hold
   |
53 |   assert(l_z > r_z);
   |         ^^^^^^^^^^^


Dafny program verifier finished with 0 verified, 7 errors

Writing Dafny to houdafny.dfy...
Done
Running Dafny verification...
houdafny.dfy(29,4): Error: cannot prove termination; try supplying a decreases clause for the loop
   |
29 |     while (l_y > 4) {
   |     ^^^^^

houdafny.dfy(40,18): Error: this loop invariant could not be proved on entry
   |
40 |     invariant r_y != 0
   |                   ^^

houdafny.dfy(40,18): Related message: loop invariant violation
   |
40 |     invariant r_y != 0
   |                   ^^

houdafny.dfy(48,8): Error: assertion might not hold
   |
48 |   assert(l_z > r_z);
   |         ^^^^^^^^^^^


Dafny program verifier finished with 0 verified, 3 errors

Writing Dafny to houdafny.dfy...
Done
Running Dafny verification...
houdafny.dfy(29,4): Error: cannot prove termination; try supplying a decreases clause for the loop
   |
29 |     while (l_y > 4) {
   |     ^^^^^

houdafny.dfy(47,8): Error: assertion might not hold
   |
47 |   assert(l_z > r_z);
   |         ^^^^^^^^^^^


Dafny program verifier finished with 0 verified, 2 errors

Writing output to ./results/alignments/dafny/antonopoulos/count-loops/naumann-cou.dfy...
Done

Per-Task Times (ms)
-------------------
align-count-loops: 1
aligned-crel: 0
invars-daikon: 893
houdafny: 6894
aligned-output: 0
write-product: 0

KestRel completed in 7789ms
Verified: false

real	0m7.810s
user	0m8.671s
sys	0m0.541s
