Computed alignment by local loop counting.
Writing Daikon to daikon_output.c...
Done
Compiling Daikon output...
Running Kvasir...
==51723== kvasir-5.8.18, C/C++ Language Front-End for Daikon with DynComp comparability analysis tool.
==51723== Copyright (C) 2007-2022, University of Washington CSE PLSE Group
==51723== Using Valgrind-3.19.0.Fjalar and LibVEX; rerun with -h for copyright info
==51723== Command: ./daikon_output
==51723== 
==51723== 
==51723== For lists of detected and suppressed errors, rerun with: -s
==51723== ERROR SUMMARY: 0 errors from 0 contexts (suppressed: 0 from 0)
Running Daikon...
Writing Dafny to houdafny.dfy...
Done
Running Dafny verification...
houdafny.dfy(14,24): Error: this invariant could not be proved to be maintained by the loop
   |
14 |     invariant (2 * r_i) == l_i
   |                         ^^

houdafny.dfy(14,24): Related message: loop invariant violation
   |
14 |     invariant (2 * r_i) == l_i
   |                         ^^

houdafny.dfy(23,18): Error: this loop invariant could not be proved on entry
   |
23 |     invariant l_z != 0
   |                   ^^

houdafny.dfy(23,18): Related message: loop invariant violation
   |
23 |     invariant l_z != 0
   |                   ^^

houdafny.dfy(26,18): Error: this loop invariant could not be proved on entry
   |
26 |     invariant r_z >= 2
   |                   ^^

houdafny.dfy(26,18): Related message: loop invariant violation
   |
26 |     invariant r_z >= 2
   |                   ^^


Dafny program verifier finished with 0 verified, 3 errors

Writing Dafny to houdafny.dfy...
Done
Running Dafny verification...
houdafny.dfy(14,24): Error: this invariant could not be proved to be maintained by the loop
   |
14 |     invariant (2 * r_y) == l_y
   |                         ^^

houdafny.dfy(14,24): Related message: loop invariant violation
   |
14 |     invariant (2 * r_y) == l_y
   |                         ^^

houdafny.dfy(23,18): Error: this loop invariant could not be proved on entry
   |
23 |     invariant r_z != 0
   |                   ^^

houdafny.dfy(23,18): Related message: loop invariant violation
   |
23 |     invariant r_z != 0
   |                   ^^

houdafny.dfy(25,18): Error: this loop invariant could not be proved on entry
   |
25 |     invariant l_z > l_i
   |                   ^

houdafny.dfy(25,18): Related message: loop invariant violation
   |
25 |     invariant l_z > l_i
   |                   ^


Dafny program verifier finished with 0 verified, 3 errors

Writing Dafny to houdafny.dfy...
Done
Running Dafny verification...
houdafny.dfy(26,18): Error: this loop invariant could not be proved on entry
   |
26 |     invariant l_z > r_z
   |                   ^

houdafny.dfy(26,18): Related message: loop invariant violation
   |
26 |     invariant l_z > r_z
   |                   ^

houdafny.dfy(27,18): Error: this invariant could not be proved to be maintained by the loop
   |
27 |     invariant l_i < r_z
   |                   ^

houdafny.dfy(27,18): Related message: loop invariant violation
   |
27 |     invariant l_i < r_z
   |                   ^


Dafny program verifier finished with 0 verified, 2 errors

Writing Dafny to houdafny.dfy...
Done
Running Dafny verification...
houdafny.dfy(34,24): Error: this loop invariant could not be proved on entry
   |
34 |     invariant (2 * r_i) == l_i
   |                         ^^

houdafny.dfy(34,24): Related message: loop invariant violation
   |
34 |     invariant (2 * r_i) == l_i
   |                         ^^

houdafny.dfy(35,24): Error: this loop invariant could not be proved on entry
   |
35 |     invariant (2 * r_y) == l_y
   |                         ^^

houdafny.dfy(35,24): Related message: loop invariant violation
   |
35 |     invariant (2 * r_y) == l_y
   |                         ^^

houdafny.dfy(36,18): Error: this loop invariant could not be proved on entry
   |
36 |     invariant r_z == r_i
   |                   ^^

houdafny.dfy(36,18): Related message: loop invariant violation
   |
36 |     invariant r_z == r_i
   |                   ^^

houdafny.dfy(39,18): Error: this loop invariant could not be proved on entry
   |
39 |     invariant l_y != 0
   |                   ^^

houdafny.dfy(39,18): Related message: loop invariant violation
   |
39 |     invariant l_y != 0
   |                   ^^


Dafny program verifier finished with 0 verified, 4 errors

Writing Dafny to houdafny.dfy...
Done
Running Dafny verification...
houdafny.dfy(35,18): Error: this loop invariant could not be proved on entry
   |
35 |     invariant r_z >= r_i
   |                   ^^

houdafny.dfy(35,18): Related message: loop invariant violation
   |
35 |     invariant r_z >= r_i
   |                   ^^

houdafny.dfy(36,18): Error: this loop invariant could not be proved on entry
   |
36 |     invariant l_z != 0
   |                   ^^

houdafny.dfy(36,18): Related message: loop invariant violation
   |
36 |     invariant l_z != 0
   |                   ^^

houdafny.dfy(38,18): Error: this loop invariant could not be proved on entry
   |
38 |     invariant l_i >= 2
   |                   ^^

houdafny.dfy(38,18): Related message: loop invariant violation
   |
38 |     invariant l_i >= 2
   |                   ^^

houdafny.dfy(42,18): Error: this loop invariant could not be proved on entry
   |
42 |     invariant l_y >= l_z
   |                   ^^

houdafny.dfy(42,18): Related message: loop invariant violation
   |
42 |     invariant l_y >= l_z
   |                   ^^

houdafny.dfy(54,18): Error: this loop invariant could not be proved on entry
   |
54 |     invariant r_y == r_z
   |                   ^^

houdafny.dfy(54,18): Related message: loop invariant violation
   |
54 |     invariant r_y == r_z
   |                   ^^


Dafny program verifier finished with 0 verified, 5 errors

Writing Dafny to houdafny.dfy...
Done
Running Dafny verification...
houdafny.dfy(35,18): Error: this loop invariant could not be proved on entry
   |
35 |     invariant l_i != 0
   |                   ^^

houdafny.dfy(35,18): Related message: loop invariant violation
   |
35 |     invariant l_i != 0
   |                   ^^

houdafny.dfy(37,18): Error: this loop invariant could not be proved on entry
   |
37 |     invariant r_z != 0
   |                   ^^

houdafny.dfy(37,18): Related message: loop invariant violation
   |
37 |     invariant r_z != 0
   |                   ^^

houdafny.dfy(38,18): Error: this loop invariant could not be proved on entry
   |
38 |     invariant r_z >= 2
   |                   ^^

houdafny.dfy(38,18): Related message: loop invariant violation
   |
38 |     invariant r_z >= 2
   |                   ^^

houdafny.dfy(39,18): Error: this loop invariant could not be proved on entry
   |
39 |     invariant l_y > l_i
   |                   ^

houdafny.dfy(39,18): Related message: loop invariant violation
   |
39 |     invariant l_y > l_i
   |                   ^

houdafny.dfy(42,18): Error: this loop invariant could not be proved on entry
   |
42 |     invariant l_z > l_i
   |                   ^

houdafny.dfy(42,18): Related message: loop invariant violation
   |
42 |     invariant l_z > l_i
   |                   ^

houdafny.dfy(43,18): Error: this loop invariant could not be proved on entry
   |
43 |     invariant l_z <= r_y
   |                   ^^

houdafny.dfy(43,18): Related message: loop invariant violation
   |
43 |     invariant l_z <= r_y
   |                   ^^

houdafny.dfy(50,18): Error: this loop invariant could not be proved on entry
   |
50 |     invariant r_y <= r_z
   |                   ^^

houdafny.dfy(50,18): Related message: loop invariant violation
   |
50 |     invariant r_y <= r_z
   |                   ^^


Dafny program verifier finished with 0 verified, 7 errors

Writing Dafny to houdafny.dfy...
Done
Running Dafny verification...
houdafny.dfy(35,18): Error: this loop invariant could not be proved on entry
   |
35 |     invariant r_y != 0
   |                   ^^

houdafny.dfy(35,18): Related message: loop invariant violation
   |
35 |     invariant r_y != 0
   |                   ^^

houdafny.dfy(37,18): Error: this loop invariant could not be proved on entry
   |
37 |     invariant l_y > r_z
   |                   ^

houdafny.dfy(37,18): Related message: loop invariant violation
   |
37 |     invariant l_y > r_z
   |                   ^

houdafny.dfy(41,18): Error: this loop invariant could not be proved on entry
   |
41 |     invariant l_z > r_z
   |                   ^

houdafny.dfy(41,18): Related message: loop invariant violation
   |
41 |     invariant l_z > r_z
   |                   ^

houdafny.dfy(42,18): Error: this loop invariant could not be proved on entry
   |
42 |     invariant l_i < r_y
   |                   ^

houdafny.dfy(42,18): Related message: loop invariant violation
   |
42 |     invariant l_i < r_y
   |                   ^

houdafny.dfy(42,18): Error: this invariant could not be proved to be maintained by the loop
   |
42 |     invariant l_i < r_y
   |                   ^

houdafny.dfy(42,18): Related message: loop invariant violation
   |
42 |     invariant l_i < r_y
   |                   ^

houdafny.dfy(57,8): Error: assertion might not hold
   |
57 |   assert(l_y == r_y);
   |         ^^^^^^^^^^^^


Dafny program verifier finished with 0 verified, 6 errors

Writing Dafny to houdafny.dfy...
Done
Running Dafny verification...
houdafny.dfy(41,18): Error: this loop invariant could not be proved on entry
   |
41 |     invariant r_y > r_z
   |                   ^

houdafny.dfy(41,18): Related message: loop invariant violation
   |
41 |     invariant r_y > r_z
   |                   ^

houdafny.dfy(53,8): Error: assertion might not hold
   |
53 |   assert(l_y == r_y);
   |         ^^^^^^^^^^^^


Dafny program verifier finished with 0 verified, 2 errors

Writing Dafny to houdafny.dfy...
Done
Running Dafny verification...
houdafny.dfy(52,8): Error: assertion might not hold
   |
52 |   assert(l_y == r_y);
   |         ^^^^^^^^^^^^


Dafny program verifier finished with 0 verified, 1 error

Writing output to ./results/alignments/dafny/antonopoulos/count-loops/shemer-cou.dfy...
Done

Per-Task Times (ms)
-------------------
align-count-loops: 0
aligned-crel: 0
invars-daikon: 866
houdafny: 15432
aligned-output: 0
write-product: 0

KestRel completed in 16300ms
Verified: false

real	0m16.321s
user	0m16.930s
sys	0m0.855s
