Computed alignment by local loop counting.
Writing Daikon to daikon_output.c...
Done
Compiling Daikon output...
Running Kvasir...
==52108== kvasir-5.8.18, C/C++ Language Front-End for Daikon with DynComp comparability analysis tool.
==52108== Copyright (C) 2007-2022, University of Washington CSE PLSE Group
==52108== Using Valgrind-3.19.0.Fjalar and LibVEX; rerun with -h for copyright info
==52108== Command: ./daikon_output
==52108== 
==52108== 
==52108== For lists of detected and suppressed errors, rerun with: -s
==52108== ERROR SUMMARY: 0 errors from 0 contexts (suppressed: 0 from 0)
Running Daikon...
Writing Dafny to houdafny.dfy...
Done
Running Dafny verification...

Dafny program verifier finished with 1 verified, 0 errors

Writing output to ./results/alignments/dafny/antonopoulos/count-loops/simple-cou.dfy...
Done

Per-Task Times (ms)
-------------------
align-count-loops: 0
aligned-crel: 0
invars-daikon: 754
houdafny: 1734
aligned-output: 0
write-product: 0

KestRel completed in 2490ms
Verified: true

real	0m2.511s
user	0m3.161s
sys	0m0.173s
