/usr/bin/clang-14 -c -emit-llvm -D__SEAHORN__ -fdeclspec -O1 -Xclang -disable-llvm-optzns -fgnu89-inline -m32 -I/home/usea/seahorn/include -o /tmp/sea-6a3mc35u/loop-alignment.bc ./results/alignments/barthe/sa/loop-alignment.c
./results/alignments/barthe/sa/loop-alignment.c:5:5: warning: variable length array folded to constant array as an extension [-Wgnu-folding-constant]
int a_1[N + 1];
    ^
./results/alignments/barthe/sa/loop-alignment.c:6:5: warning: variable length array folded to constant array as an extension [-Wgnu-folding-constant]
int b_1[N + 1];
    ^
./results/alignments/barthe/sa/loop-alignment.c:7:5: warning: variable length array folded to constant array as an extension [-Wgnu-folding-constant]
int d_1[N + 1];
    ^
./results/alignments/barthe/sa/loop-alignment.c:8:5: warning: variable length array folded to constant array as an extension [-Wgnu-folding-constant]
int a_2[N + 1];
    ^
./results/alignments/barthe/sa/loop-alignment.c:9:5: warning: variable length array folded to constant array as an extension [-Wgnu-folding-constant]
int b_2[N + 1];
    ^
./results/alignments/barthe/sa/loop-alignment.c:10:5: warning: variable length array folded to constant array as an extension [-Wgnu-folding-constant]
int d_2[N + 1];
    ^
./results/alignments/barthe/sa/loop-alignment.c:12:1: warning: return type of 'main' is not 'int' [-Wmain-return-type]
void main() {
^
./results/alignments/barthe/sa/loop-alignment.c:12:1: note: change return type to 'int'
void main() {
^~~~
int
7 warnings generated.
/home/usea/seahorn/bin/seapp -o /tmp/sea-6a3mc35u/loop-alignment.pp.bc --simplifycfg-sink-common=false --strip-extern=false --promote-assumptions=false --kill-vaarg=true --ignore-def-verifier-fn=false --horn-keep-arith-overflow=false /tmp/sea-6a3mc35u/loop-alignment.bc
/home/usea/seahorn/bin/seapp --simplifycfg-sink-common=false -o /tmp/sea-6a3mc35u/loop-alignment.pp.ms.bc --horn-mixed-sem --ms-reduce-main /tmp/sea-6a3mc35u/loop-alignment.pp.bc
/home/usea/seahorn/bin/seaopt -f --simplifycfg-sink-common=false -o ./results/chc/bytecode/barthe/sa/loop-alignment.bc -O3 --seaopt-enable-indvar=false --seaopt-enable-loop-idiom=false --unroll-threshold=150 --unroll-allow-partial=false --unroll-partial-threshold=0 --vectorize-slp=false /tmp/sea-6a3mc35u/loop-alignment.pp.ms.bc

real	0m0.105s
user	0m0.073s
sys	0m0.033s
