Starting simulated annealing...
Initial score: 0.64100534
Score 0.47380954 at temperature 0.99800014
Simulated annealing complete.
Saw 2019 configurations
Best score: 0.47380954
Writing Daikon to daikon_output.c...
Done
Compiling Daikon output...
Running Kvasir...
==61352== kvasir-5.8.18, C/C++ Language Front-End for Daikon with DynComp comparability analysis tool.
==61352== Copyright (C) 2007-2022, University of Washington CSE PLSE Group
==61352== Using Valgrind-3.19.0.Fjalar and LibVEX; rerun with -h for copyright info
==61352== Command: ./daikon_output
==61352== 
  Start garbage collecting (next tag = 10000001, total assigned = 10000000)
   Done garbage collecting (next tag = 2374489, total assigned = 10000000)
==61352== 
==61352== For lists of detected and suppressed errors, rerun with: -s
==61352== ERROR SUMMARY: 0 errors from 0 contexts (suppressed: 0 from 0)
Running Daikon...
Writing Dafny to houdafny.dfy...
Done
Running Dafny verification...
houdafny.dfy(1,27): Warning: deprecated style: a semi-colon is not needed here
  |
1 | const epsilon: real := 0.01;
  |                            ^

houdafny.dfy(16,59): Error: unresolved identifier: r_list
   |
16 |     invariant forall j: int :: (((!(read(l_list, j) < read(r_list, j))) || ((read(r_list, j) - read(l_list, j)) < epsilon)) && ((!(read(l_list, j) >= read(r_list, j))) || ((read(l_list, j) - read(r_list, j)) < epsilon)))
   |                                                            ^^^^^^

houdafny.dfy(16,82): Error: unresolved identifier: r_list
   |
16 |     invariant forall j: int :: (((!(read(l_list, j) < read(r_list, j))) || ((read(r_list, j) - read(l_list, j)) < epsilon)) && ((!(read(l_list, j) >= read(r_list, j))) || ((read(l_list, j) - read(r_list, j)) < epsilon)))
   |                                                                                   ^^^^^^

houdafny.dfy(16,155): Error: unresolved identifier: r_list
   |
16 |     invariant forall j: int :: (((!(read(l_list, j) < read(r_list, j))) || ((read(r_list, j) - read(l_list, j)) < epsilon)) && ((!(read(l_list, j) >= read(r_list, j))) || ((read(l_list, j) - read(r_list, j)) < epsilon)))
   |                                                                                                                                                            ^^^^^^

houdafny.dfy(16,196): Error: unresolved identifier: r_list
   |
16 |     invariant forall j: int :: (((!(read(l_list, j) < read(r_list, j))) || ((read(r_list, j) - read(l_list, j)) < epsilon)) && ((!(read(l_list, j) >= read(r_list, j))) || ((read(l_list, j) - read(r_list, j)) < epsilon)))
   |                                                                                                                                                                                                     ^^^^^^

houdafny.dfy(27,61): Error: unresolved identifier: r_list
   |
27 |       invariant forall j: int :: (((!(read(l_list, j) < read(r_list, j))) || ((read(r_list, j) - read(l_list, j)) < epsilon)) && ((!(read(l_list, j) >= read(r_list, j))) || ((read(l_list, j) - read(r_list, j)) < epsilon)))
   |                                                              ^^^^^^

houdafny.dfy(27,84): Error: unresolved identifier: r_list
   |
27 |       invariant forall j: int :: (((!(read(l_list, j) < read(r_list, j))) || ((read(r_list, j) - read(l_list, j)) < epsilon)) && ((!(read(l_list, j) >= read(r_list, j))) || ((read(l_list, j) - read(r_list, j)) < epsilon)))
   |                                                                                     ^^^^^^

houdafny.dfy(27,157): Error: unresolved identifier: r_list
   |
27 |       invariant forall j: int :: (((!(read(l_list, j) < read(r_list, j))) || ((read(r_list, j) - read(l_list, j)) < epsilon)) && ((!(read(l_list, j) >= read(r_list, j))) || ((read(l_list, j) - read(r_list, j)) < epsilon)))
   |                                                                                                                                                              ^^^^^^

houdafny.dfy(27,198): Error: unresolved identifier: r_list
   |
27 |       invariant forall j: int :: (((!(read(l_list, j) < read(r_list, j))) || ((read(r_list, j) - read(l_list, j)) < epsilon)) && ((!(read(l_list, j) >= read(r_list, j))) || ((read(l_list, j) - read(r_list, j)) < epsilon)))
   |                                                                                                                                                                                                       ^^^^^^

8 resolution/type errors detected in houdafny.dfy

Writing output to ./results/alignments/dafny/barthe/sa/bubblesort-sa.dfy...
Done

Per-Task Times (ms)
-------------------
align-sa: 5588
aligned-crel: 0
invars-daikon: 9010
houdafny: 795
aligned-output: 0
write-product: 0

KestRel completed in 15395ms
Verified: false

real	0m15.701s
user	0m17.790s
sys	0m0.808s
