Starting simulated annealing...
Initial score: 0.73307693
Score 0.6749401 at temperature 0.9940838
Score 0.6419047 at temperature 0.9917507
Score 0.60694873 at temperature 0.9411716
Score 0.59356415 at temperature 0.940005
Score 0.5743883 at temperature 0.84692943
Simulated annealing complete.
Saw 3804 configurations
Best score: 0.5743883
Writing Daikon to daikon_output.c...
Done
Compiling Daikon output...
Running Kvasir...
==62655== kvasir-5.8.18, C/C++ Language Front-End for Daikon with DynComp comparability analysis tool.
==62655== Copyright (C) 2007-2022, University of Washington CSE PLSE Group
==62655== Using Valgrind-3.19.0.Fjalar and LibVEX; rerun with -h for copyright info
==62655== Command: ./daikon_output
==62655== 
==62655== 
==62655== For lists of detected and suppressed errors, rerun with: -s
==62655== ERROR SUMMARY: 0 errors from 0 contexts (suppressed: 0 from 0)
Running Daikon...
Writing Dafny to houdafny.dfy...
Done
Running Dafny verification...
houdafny.dfy(35,16): Error: this loop invariant could not be proved on entry
   |
35 |       invariant forall i: int :: (read(l_a, i) == read(r_a, i))
   |                 ^^^^^^

houdafny.dfy(35,16): Related message: loop invariant violation
   |
35 |       invariant forall i: int :: (read(l_a, i) == read(r_a, i))
   |                 ^^^^^^

houdafny.dfy(36,16): Error: this loop invariant could not be proved on entry
   |
36 |       invariant forall i: int :: (read(l_b, i) == read(r_b, i))
   |                 ^^^^^^

houdafny.dfy(36,16): Related message: loop invariant violation
   |
36 |       invariant forall i: int :: (read(l_b, i) == read(r_b, i))
   |                 ^^^^^^

houdafny.dfy(46,20): Error: this loop invariant could not be proved on entry
   |
46 |       invariant r_a != 0
   |                     ^^

houdafny.dfy(46,20): Related message: loop invariant violation
   |
46 |       invariant r_a != 0
   |                     ^^

houdafny.dfy(47,20): Error: this loop invariant could not be proved on entry
   |
47 |       invariant r_b != 0
   |                     ^^

houdafny.dfy(47,20): Related message: loop invariant violation
   |
47 |       invariant r_b != 0
   |                     ^^

houdafny.dfy(48,20): Error: this loop invariant could not be proved on entry
   |
48 |       invariant r_c != 0
   |                     ^^

houdafny.dfy(48,20): Related message: loop invariant violation
   |
48 |       invariant r_c != 0
   |                     ^^

houdafny.dfy(49,20): Error: this loop invariant could not be proved on entry
   |
49 |       invariant r_k != 0
   |                     ^^

houdafny.dfy(49,20): Related message: loop invariant violation
   |
49 |       invariant r_k != 0
   |                     ^^

houdafny.dfy(50,20): Error: this loop invariant could not be proved on entry
   |
50 |       invariant r_x != 0
   |                     ^^

houdafny.dfy(50,20): Related message: loop invariant violation
   |
50 |       invariant r_x != 0
   |                     ^^

houdafny.dfy(53,20): Error: this loop invariant could not be proved on entry
   |
53 |       invariant l_i != 0
   |                     ^^

houdafny.dfy(53,20): Related message: loop invariant violation
   |
53 |       invariant l_i != 0
   |                     ^^

houdafny.dfy(186,16): Error: this loop invariant could not be proved on entry
    |
186 |       invariant forall i: int :: (read(l_a, i) == read(r_a, i))
    |                 ^^^^^^

houdafny.dfy(186,16): Related message: loop invariant violation
    |
186 |       invariant forall i: int :: (read(l_a, i) == read(r_a, i))
    |                 ^^^^^^

houdafny.dfy(187,16): Error: this loop invariant could not be proved on entry
    |
187 |       invariant forall i: int :: (read(l_b, i) == read(r_b, i))
    |                 ^^^^^^

houdafny.dfy(187,16): Related message: loop invariant violation
    |
187 |       invariant forall i: int :: (read(l_b, i) == read(r_b, i))
    |                 ^^^^^^

houdafny.dfy(198,20): Error: this loop invariant could not be proved on entry
    |
198 |       invariant r_a != 0
    |                     ^^

houdafny.dfy(198,20): Related message: loop invariant violation
    |
198 |       invariant r_a != 0
    |                     ^^

houdafny.dfy(199,20): Error: this loop invariant could not be proved on entry
    |
199 |       invariant r_b != 0
    |                     ^^

houdafny.dfy(199,20): Related message: loop invariant violation
    |
199 |       invariant r_b != 0
    |                     ^^

houdafny.dfy(200,20): Error: this loop invariant could not be proved on entry
    |
200 |       invariant r_c != 0
    |                     ^^

houdafny.dfy(200,20): Related message: loop invariant violation
    |
200 |       invariant r_c != 0
    |                     ^^

houdafny.dfy(201,20): Error: this loop invariant could not be proved on entry
    |
201 |       invariant r_k != 0
    |                     ^^

houdafny.dfy(201,20): Related message: loop invariant violation
    |
201 |       invariant r_k != 0
    |                     ^^

houdafny.dfy(206,20): Error: this loop invariant could not be proved on entry
    |
206 |       invariant r_j != 0
    |                     ^^

houdafny.dfy(206,20): Related message: loop invariant violation
    |
206 |       invariant r_j != 0
    |                     ^^


Dafny program verifier finished with 0 verified, 15 errors

Writing Dafny to houdafny.dfy...
Done
Running Dafny verification...
houdafny.dfy(44,20): Error: this loop invariant could not be proved on entry
   |
44 |       invariant l_a != 0
   |                     ^^

houdafny.dfy(44,20): Related message: loop invariant violation
   |
44 |       invariant l_a != 0
   |                     ^^

houdafny.dfy(45,20): Error: this loop invariant could not be proved on entry
   |
45 |       invariant l_b != 0
   |                     ^^

houdafny.dfy(45,20): Related message: loop invariant violation
   |
45 |       invariant l_b != 0
   |                     ^^

houdafny.dfy(46,20): Error: this loop invariant could not be proved on entry
   |
46 |       invariant l_i >= 1
   |                     ^^

houdafny.dfy(46,20): Related message: loop invariant violation
   |
46 |       invariant l_i >= 1
   |                     ^^

houdafny.dfy(48,20): Error: this loop invariant could not be proved on entry
   |
48 |       invariant r_a != r_b
   |                     ^^

houdafny.dfy(48,20): Related message: loop invariant violation
   |
48 |       invariant r_a != r_b
   |                     ^^

houdafny.dfy(49,20): Error: this loop invariant could not be proved on entry
   |
49 |       invariant r_a != r_c
   |                     ^^

houdafny.dfy(49,20): Related message: loop invariant violation
   |
49 |       invariant r_a != r_c
   |                     ^^

houdafny.dfy(50,20): Error: this loop invariant could not be proved on entry
   |
50 |       invariant r_a != r_k
   |                     ^^

houdafny.dfy(50,20): Related message: loop invariant violation
   |
50 |       invariant r_a != r_k
   |                     ^^

houdafny.dfy(51,20): Error: this loop invariant could not be proved on entry
   |
51 |       invariant r_a != l_a
   |                     ^^

houdafny.dfy(51,20): Related message: loop invariant violation
   |
51 |       invariant r_a != l_a
   |                     ^^

houdafny.dfy(52,20): Error: this loop invariant could not be proved on entry
   |
52 |       invariant r_a != l_b
   |                     ^^

houdafny.dfy(52,20): Related message: loop invariant violation
   |
52 |       invariant r_a != l_b
   |                     ^^

houdafny.dfy(53,20): Error: this loop invariant could not be proved on entry
   |
53 |       invariant r_a != l_i
   |                     ^^

houdafny.dfy(53,20): Related message: loop invariant violation
   |
53 |       invariant r_a != l_i
   |                     ^^

houdafny.dfy(54,20): Error: this loop invariant could not be proved on entry
   |
54 |       invariant r_a != r_j
   |                     ^^

houdafny.dfy(54,20): Related message: loop invariant violation
   |
54 |       invariant r_a != r_j
   |                     ^^

houdafny.dfy(55,20): Error: this loop invariant could not be proved on entry
   |
55 |       invariant r_b != r_c
   |                     ^^

houdafny.dfy(55,20): Related message: loop invariant violation
   |
55 |       invariant r_b != r_c
   |                     ^^

houdafny.dfy(56,20): Error: this loop invariant could not be proved on entry
   |
56 |       invariant r_b != r_k
   |                     ^^

houdafny.dfy(56,20): Related message: loop invariant violation
   |
56 |       invariant r_b != r_k
   |                     ^^

houdafny.dfy(57,20): Error: this loop invariant could not be proved on entry
   |
57 |       invariant r_b != l_a
   |                     ^^

houdafny.dfy(57,20): Related message: loop invariant violation
   |
57 |       invariant r_b != l_a
   |                     ^^

houdafny.dfy(58,20): Error: this loop invariant could not be proved on entry
   |
58 |       invariant r_b != l_b
   |                     ^^

houdafny.dfy(58,20): Related message: loop invariant violation
   |
58 |       invariant r_b != l_b
   |                     ^^

houdafny.dfy(59,20): Error: this loop invariant could not be proved on entry
   |
59 |       invariant r_b != l_i
   |                     ^^

houdafny.dfy(59,20): Related message: loop invariant violation
   |
59 |       invariant r_b != l_i
   |                     ^^

houdafny.dfy(60,20): Error: this loop invariant could not be proved on entry
   |
60 |       invariant r_b != r_j
   |                     ^^

houdafny.dfy(60,20): Related message: loop invariant violation
   |
60 |       invariant r_b != r_j
   |                     ^^

houdafny.dfy(61,20): Error: this loop invariant could not be proved on entry
   |
61 |       invariant r_c != r_k
   |                     ^^

houdafny.dfy(61,20): Related message: loop invariant violation
   |
61 |       invariant r_c != r_k
   |                     ^^

houdafny.dfy(62,20): Error: this loop invariant could not be proved on entry
   |
62 |       invariant r_c != l_a
   |                     ^^

houdafny.dfy(62,20): Related message: loop invariant violation
   |
62 |       invariant r_c != l_a
   |                     ^^

houdafny.dfy(63,20): Error: this loop invariant could not be proved on entry
   |
63 |       invariant r_c != l_b
   |                     ^^

houdafny.dfy(63,20): Related message: loop invariant violation
   |
63 |       invariant r_c != l_b
   |                     ^^

houdafny.dfy(64,20): Error: this loop invariant could not be proved on entry
   |
64 |       invariant r_c != l_i
   |                     ^^

houdafny.dfy(64,20): Related message: loop invariant violation
   |
64 |       invariant r_c != l_i
   |                     ^^

houdafny.dfy(65,20): Error: this loop invariant could not be proved on entry
   |
65 |       invariant r_c != r_j
   |                     ^^

houdafny.dfy(65,20): Related message: loop invariant violation
   |
65 |       invariant r_c != r_j
   |                     ^^

houdafny.dfy(66,20): Error: this loop invariant could not be proved on entry
   |
66 |       invariant r_k != l_a
   |                     ^^

houdafny.dfy(66,20): Related message: loop invariant violation
   |
66 |       invariant r_k != l_a
   |                     ^^

houdafny.dfy(67,20): Error: this loop invariant could not be proved on entry
   |
67 |       invariant r_k != l_b
   |                     ^^

houdafny.dfy(67,20): Related message: loop invariant violation
   |
67 |       invariant r_k != l_b
   |                     ^^

houdafny.dfy(68,20): Error: this loop invariant could not be proved on entry
   |
68 |       invariant r_k != l_i
   |                     ^^

houdafny.dfy(68,20): Related message: loop invariant violation
   |
68 |       invariant r_k != l_i
   |                     ^^

houdafny.dfy(69,20): Error: this loop invariant could not be proved on entry
   |
69 |       invariant r_k != r_j
   |                     ^^

houdafny.dfy(69,20): Related message: loop invariant violation
   |
69 |       invariant r_k != r_j
   |                     ^^

houdafny.dfy(70,20): Error: this loop invariant could not be proved on entry
   |
70 |       invariant l_a != l_b
   |                     ^^

houdafny.dfy(70,20): Related message: loop invariant violation
   |
70 |       invariant l_a != l_b
   |                     ^^

houdafny.dfy(71,20): Error: this loop invariant could not be proved on entry
   |
71 |       invariant l_a != l_i
   |                     ^^

houdafny.dfy(71,20): Related message: loop invariant violation
   |
71 |       invariant l_a != l_i
   |                     ^^

houdafny.dfy(73,20): Error: this loop invariant could not be proved on entry
   |
73 |       invariant l_b != l_i
   |                     ^^

houdafny.dfy(73,20): Related message: loop invariant violation
   |
73 |       invariant l_b != l_i
   |                     ^^

houdafny.dfy(75,40): Error: this loop invariant could not be proved on entry
   |
75 |       invariant (l_i - (2 * (r_j - 1))) == 0
   |                                         ^^

houdafny.dfy(75,40): Related message: loop invariant violation
   |
75 |       invariant (l_i - (2 * (r_j - 1))) == 0
   |                                         ^^

houdafny.dfy(189,20): Error: this loop invariant could not be proved on entry
    |
189 |       invariant l_a != 0
    |                     ^^

houdafny.dfy(189,20): Related message: loop invariant violation
    |
189 |       invariant l_a != 0
    |                     ^^

houdafny.dfy(190,20): Error: this loop invariant could not be proved on entry
    |
190 |       invariant l_b != 0
    |                     ^^

houdafny.dfy(190,20): Related message: loop invariant violation
    |
190 |       invariant l_b != 0
    |                     ^^

houdafny.dfy(192,20): Error: this loop invariant could not be proved on entry
    |
192 |       invariant r_j >= 1
    |                     ^^

houdafny.dfy(192,20): Related message: loop invariant violation
    |
192 |       invariant r_j >= 1
    |                     ^^

houdafny.dfy(193,20): Error: this loop invariant could not be proved on entry
    |
193 |       invariant r_a != r_b
    |                     ^^

houdafny.dfy(193,20): Related message: loop invariant violation
    |
193 |       invariant r_a != r_b
    |                     ^^

houdafny.dfy(194,20): Error: this loop invariant could not be proved on entry
    |
194 |       invariant r_a != r_k
    |                     ^^

houdafny.dfy(194,20): Related message: loop invariant violation
    |
194 |       invariant r_a != r_k
    |                     ^^

houdafny.dfy(195,20): Error: this loop invariant could not be proved on entry
    |
195 |       invariant r_a != l_a
    |                     ^^

houdafny.dfy(195,20): Related message: loop invariant violation
    |
195 |       invariant r_a != l_a
    |                     ^^

houdafny.dfy(196,20): Error: this loop invariant could not be proved on entry
    |
196 |       invariant r_a != l_b
    |                     ^^

houdafny.dfy(196,20): Related message: loop invariant violation
    |
196 |       invariant r_a != l_b
    |                     ^^

houdafny.dfy(197,20): Error: this loop invariant could not be proved on entry
    |
197 |       invariant r_a != l_i
    |                     ^^

houdafny.dfy(197,20): Related message: loop invariant violation
    |
197 |       invariant r_a != l_i
    |                     ^^

houdafny.dfy(198,20): Error: this loop invariant could not be proved on entry
    |
198 |       invariant r_a != r_j
    |                     ^^

houdafny.dfy(198,20): Related message: loop invariant violation
    |
198 |       invariant r_a != r_j
    |                     ^^

houdafny.dfy(199,20): Error: this loop invariant could not be proved on entry
    |
199 |       invariant r_b != r_k
    |                     ^^

houdafny.dfy(199,20): Related message: loop invariant violation
    |
199 |       invariant r_b != r_k
    |                     ^^

houdafny.dfy(200,20): Error: this loop invariant could not be proved on entry
    |
200 |       invariant r_b != l_a
    |                     ^^

houdafny.dfy(200,20): Related message: loop invariant violation
    |
200 |       invariant r_b != l_a
    |                     ^^

houdafny.dfy(201,20): Error: this loop invariant could not be proved on entry
    |
201 |       invariant r_b != l_b
    |                     ^^

houdafny.dfy(201,20): Related message: loop invariant violation
    |
201 |       invariant r_b != l_b
    |                     ^^

houdafny.dfy(202,20): Error: this loop invariant could not be proved on entry
    |
202 |       invariant r_b != l_i
    |                     ^^

houdafny.dfy(202,20): Related message: loop invariant violation
    |
202 |       invariant r_b != l_i
    |                     ^^

houdafny.dfy(203,20): Error: this loop invariant could not be proved on entry
    |
203 |       invariant r_b != r_j
    |                     ^^

houdafny.dfy(203,20): Related message: loop invariant violation
    |
203 |       invariant r_b != r_j
    |                     ^^

houdafny.dfy(204,20): Error: this loop invariant could not be proved on entry
    |
204 |       invariant r_k != l_a
    |                     ^^

houdafny.dfy(204,20): Related message: loop invariant violation
    |
204 |       invariant r_k != l_a
    |                     ^^

houdafny.dfy(205,20): Error: this loop invariant could not be proved on entry
    |
205 |       invariant r_k != l_b
    |                     ^^

houdafny.dfy(205,20): Related message: loop invariant violation
    |
205 |       invariant r_k != l_b
    |                     ^^

houdafny.dfy(206,20): Error: this loop invariant could not be proved on entry
    |
206 |       invariant r_k != l_i
    |                     ^^

houdafny.dfy(206,20): Related message: loop invariant violation
    |
206 |       invariant r_k != l_i
    |                     ^^

houdafny.dfy(207,20): Error: this loop invariant could not be proved on entry
    |
207 |       invariant r_k != r_j
    |                     ^^

houdafny.dfy(207,20): Related message: loop invariant violation
    |
207 |       invariant r_k != r_j
    |                     ^^

houdafny.dfy(208,20): Error: this loop invariant could not be proved on entry
    |
208 |       invariant l_a != l_b
    |                     ^^

houdafny.dfy(208,20): Related message: loop invariant violation
    |
208 |       invariant l_a != l_b
    |                     ^^

houdafny.dfy(210,20): Error: this loop invariant could not be proved on entry
    |
210 |       invariant l_a != r_j
    |                     ^^

houdafny.dfy(210,20): Related message: loop invariant violation
    |
210 |       invariant l_a != r_j
    |                     ^^

houdafny.dfy(212,20): Error: this loop invariant could not be proved on entry
    |
212 |       invariant l_b != r_j
    |                     ^^

houdafny.dfy(212,20): Related message: loop invariant violation
    |
212 |       invariant l_b != r_j
    |                     ^^

houdafny.dfy(213,40): Error: this loop invariant could not be proved on entry
    |
213 |       invariant (2 * (l_i - (r_j + 1))) == 0
    |                                         ^^

houdafny.dfy(213,40): Related message: loop invariant violation
    |
213 |       invariant (2 * (l_i - (r_j + 1))) == 0
    |                                         ^^


Dafny program verifier finished with 0 verified, 51 errors

Writing Dafny to houdafny.dfy...
Done
Running Dafny verification...
houdafny.dfy(45,20): Error: this loop invariant could not be proved on entry
   |
45 |       invariant l_a != r_j
   |                     ^^

houdafny.dfy(45,20): Related message: loop invariant violation
   |
45 |       invariant l_a != r_j
   |                     ^^

houdafny.dfy(46,20): Error: this loop invariant could not be proved on entry
   |
46 |       invariant l_b != r_j
   |                     ^^

houdafny.dfy(46,20): Related message: loop invariant violation
   |
46 |       invariant l_b != r_j
   |                     ^^

houdafny.dfy(47,40): Error: this loop invariant could not be proved on entry
   |
47 |       invariant (l_i - (2 * (r_j - 1))) <= 0
   |                                         ^^

houdafny.dfy(47,40): Related message: loop invariant violation
   |
47 |       invariant (l_i - (2 * (r_j - 1))) <= 0
   |                                         ^^

houdafny.dfy(161,20): Error: this loop invariant could not be proved on entry
    |
161 |       invariant l_a != l_i
    |                     ^^

houdafny.dfy(161,20): Related message: loop invariant violation
    |
161 |       invariant l_a != l_i
    |                     ^^

houdafny.dfy(162,20): Error: this loop invariant could not be proved on entry
    |
162 |       invariant l_b != l_i
    |                     ^^

houdafny.dfy(162,20): Related message: loop invariant violation
    |
162 |       invariant l_b != l_i
    |                     ^^

houdafny.dfy(164,40): Error: this loop invariant could not be proved on entry
    |
164 |       invariant (2 * (l_i - (r_j + 1))) >= 0
    |                                         ^^

houdafny.dfy(164,40): Related message: loop invariant violation
    |
164 |       invariant (2 * (l_i - (r_j + 1))) >= 0
    |                                         ^^


Dafny program verifier finished with 0 verified, 6 errors

Writing Dafny to houdafny.dfy...
Done
Running Dafny verification...
houdafny.dfy(45,40): Error: this invariant could not be proved to be maintained by the loop
   |
45 |       invariant (l_i - (2 * (r_j - 1))) >= 0
   |                                         ^^

houdafny.dfy(45,40): Related message: loop invariant violation
   |
45 |       invariant (l_i - (2 * (r_j - 1))) >= 0
   |                                         ^^

houdafny.dfy(46,20): Error: this loop invariant could not be proved on entry
   |
46 |       invariant l_i > r_j
   |                     ^

houdafny.dfy(46,20): Related message: loop invariant violation
   |
46 |       invariant l_i > r_j
   |                     ^

houdafny.dfy(95,20): Error: this loop invariant could not be proved on entry
   |
95 |       invariant r_a != 0
   |                     ^^

houdafny.dfy(95,20): Related message: loop invariant violation
   |
95 |       invariant r_a != 0
   |                     ^^

houdafny.dfy(95,20): Error: this invariant could not be proved to be maintained by the loop
   |
95 |       invariant r_a != 0
   |                     ^^

houdafny.dfy(95,20): Related message: loop invariant violation
   |
95 |       invariant r_a != 0
   |                     ^^

houdafny.dfy(96,20): Error: this loop invariant could not be proved on entry
   |
96 |       invariant r_b != 0
   |                     ^^

houdafny.dfy(96,20): Related message: loop invariant violation
   |
96 |       invariant r_b != 0
   |                     ^^

houdafny.dfy(96,20): Error: this invariant could not be proved to be maintained by the loop
   |
96 |       invariant r_b != 0
   |                     ^^

houdafny.dfy(96,20): Related message: loop invariant violation
   |
96 |       invariant r_b != 0
   |                     ^^

houdafny.dfy(97,20): Error: this loop invariant could not be proved on entry
   |
97 |       invariant r_c != 0
   |                     ^^

houdafny.dfy(97,20): Related message: loop invariant violation
   |
97 |       invariant r_c != 0
   |                     ^^

houdafny.dfy(98,20): Error: this loop invariant could not be proved on entry
   |
98 |       invariant r_k != 0
   |                     ^^

houdafny.dfy(98,20): Related message: loop invariant violation
   |
98 |       invariant r_k != 0
   |                     ^^

houdafny.dfy(99,20): Error: this loop invariant could not be proved on entry
   |
99 |       invariant r_x != 0
   |                     ^^

houdafny.dfy(99,20): Related message: loop invariant violation
   |
99 |       invariant r_x != 0
   |                     ^^

houdafny.dfy(100,20): Error: this loop invariant could not be proved on entry
    |
100 |       invariant l_a != 0
    |                     ^^

houdafny.dfy(100,20): Related message: loop invariant violation
    |
100 |       invariant l_a != 0
    |                     ^^

houdafny.dfy(101,20): Error: this loop invariant could not be proved on entry
    |
101 |       invariant l_b != 0
    |                     ^^

houdafny.dfy(101,20): Related message: loop invariant violation
    |
101 |       invariant l_b != 0
    |                     ^^

houdafny.dfy(103,20): Error: this loop invariant could not be proved on entry
    |
103 |       invariant r_j != 0
    |                     ^^

houdafny.dfy(103,20): Related message: loop invariant violation
    |
103 |       invariant r_j != 0
    |                     ^^

houdafny.dfy(104,20): Error: this loop invariant could not be proved on entry
    |
104 |       invariant r_a != r_b
    |                     ^^

houdafny.dfy(104,20): Related message: loop invariant violation
    |
104 |       invariant r_a != r_b
    |                     ^^

houdafny.dfy(104,20): Error: this invariant could not be proved to be maintained by the loop
    |
104 |       invariant r_a != r_b
    |                     ^^

houdafny.dfy(104,20): Related message: loop invariant violation
    |
104 |       invariant r_a != r_b
    |                     ^^

houdafny.dfy(105,20): Error: this loop invariant could not be proved on entry
    |
105 |       invariant r_a != r_c
    |                     ^^

houdafny.dfy(105,20): Related message: loop invariant violation
    |
105 |       invariant r_a != r_c
    |                     ^^

houdafny.dfy(105,20): Error: this invariant could not be proved to be maintained by the loop
    |
105 |       invariant r_a != r_c
    |                     ^^

houdafny.dfy(105,20): Related message: loop invariant violation
    |
105 |       invariant r_a != r_c
    |                     ^^

houdafny.dfy(106,20): Error: this loop invariant could not be proved on entry
    |
106 |       invariant r_a != r_k
    |                     ^^

houdafny.dfy(106,20): Related message: loop invariant violation
    |
106 |       invariant r_a != r_k
    |                     ^^

houdafny.dfy(106,20): Error: this invariant could not be proved to be maintained by the loop
    |
106 |       invariant r_a != r_k
    |                     ^^

houdafny.dfy(106,20): Related message: loop invariant violation
    |
106 |       invariant r_a != r_k
    |                     ^^

houdafny.dfy(107,20): Error: this loop invariant could not be proved on entry
    |
107 |       invariant r_a != l_a
    |                     ^^

houdafny.dfy(107,20): Related message: loop invariant violation
    |
107 |       invariant r_a != l_a
    |                     ^^

houdafny.dfy(107,20): Error: this invariant could not be proved to be maintained by the loop
    |
107 |       invariant r_a != l_a
    |                     ^^

houdafny.dfy(107,20): Related message: loop invariant violation
    |
107 |       invariant r_a != l_a
    |                     ^^

houdafny.dfy(108,20): Error: this loop invariant could not be proved on entry
    |
108 |       invariant r_a != l_b
    |                     ^^

houdafny.dfy(108,20): Related message: loop invariant violation
    |
108 |       invariant r_a != l_b
    |                     ^^

houdafny.dfy(108,20): Error: this invariant could not be proved to be maintained by the loop
    |
108 |       invariant r_a != l_b
    |                     ^^

houdafny.dfy(108,20): Related message: loop invariant violation
    |
108 |       invariant r_a != l_b
    |                     ^^

houdafny.dfy(109,20): Error: this loop invariant could not be proved on entry
    |
109 |       invariant r_a != l_i
    |                     ^^

houdafny.dfy(109,20): Related message: loop invariant violation
    |
109 |       invariant r_a != l_i
    |                     ^^

houdafny.dfy(109,20): Error: this invariant could not be proved to be maintained by the loop
    |
109 |       invariant r_a != l_i
    |                     ^^

houdafny.dfy(109,20): Related message: loop invariant violation
    |
109 |       invariant r_a != l_i
    |                     ^^

houdafny.dfy(110,20): Error: this loop invariant could not be proved on entry
    |
110 |       invariant r_a != r_j
    |                     ^^

houdafny.dfy(110,20): Related message: loop invariant violation
    |
110 |       invariant r_a != r_j
    |                     ^^

houdafny.dfy(110,20): Error: this invariant could not be proved to be maintained by the loop
    |
110 |       invariant r_a != r_j
    |                     ^^

houdafny.dfy(110,20): Related message: loop invariant violation
    |
110 |       invariant r_a != r_j
    |                     ^^

houdafny.dfy(111,20): Error: this loop invariant could not be proved on entry
    |
111 |       invariant r_b != r_c
    |                     ^^

houdafny.dfy(111,20): Related message: loop invariant violation
    |
111 |       invariant r_b != r_c
    |                     ^^

houdafny.dfy(111,20): Error: this invariant could not be proved to be maintained by the loop
    |
111 |       invariant r_b != r_c
    |                     ^^

houdafny.dfy(111,20): Related message: loop invariant violation
    |
111 |       invariant r_b != r_c
    |                     ^^

houdafny.dfy(112,20): Error: this loop invariant could not be proved on entry
    |
112 |       invariant r_b != r_k
    |                     ^^

houdafny.dfy(112,20): Related message: loop invariant violation
    |
112 |       invariant r_b != r_k
    |                     ^^

houdafny.dfy(112,20): Error: this invariant could not be proved to be maintained by the loop
    |
112 |       invariant r_b != r_k
    |                     ^^

houdafny.dfy(112,20): Related message: loop invariant violation
    |
112 |       invariant r_b != r_k
    |                     ^^

houdafny.dfy(113,20): Error: this loop invariant could not be proved on entry
    |
113 |       invariant r_b != l_a
    |                     ^^

houdafny.dfy(113,20): Related message: loop invariant violation
    |
113 |       invariant r_b != l_a
    |                     ^^

houdafny.dfy(113,20): Error: this invariant could not be proved to be maintained by the loop
    |
113 |       invariant r_b != l_a
    |                     ^^

houdafny.dfy(113,20): Related message: loop invariant violation
    |
113 |       invariant r_b != l_a
    |                     ^^

houdafny.dfy(114,20): Error: this loop invariant could not be proved on entry
    |
114 |       invariant r_b != l_b
    |                     ^^

houdafny.dfy(114,20): Related message: loop invariant violation
    |
114 |       invariant r_b != l_b
    |                     ^^

houdafny.dfy(114,20): Error: this invariant could not be proved to be maintained by the loop
    |
114 |       invariant r_b != l_b
    |                     ^^

houdafny.dfy(114,20): Related message: loop invariant violation
    |
114 |       invariant r_b != l_b
    |                     ^^

houdafny.dfy(115,20): Error: this loop invariant could not be proved on entry
    |
115 |       invariant r_b != l_i
    |                     ^^

houdafny.dfy(115,20): Related message: loop invariant violation
    |
115 |       invariant r_b != l_i
    |                     ^^

houdafny.dfy(115,20): Error: this invariant could not be proved to be maintained by the loop
    |
115 |       invariant r_b != l_i
    |                     ^^

houdafny.dfy(115,20): Related message: loop invariant violation
    |
115 |       invariant r_b != l_i
    |                     ^^

houdafny.dfy(116,20): Error: this loop invariant could not be proved on entry
    |
116 |       invariant r_b != r_j
    |                     ^^

houdafny.dfy(116,20): Related message: loop invariant violation
    |
116 |       invariant r_b != r_j
    |                     ^^

houdafny.dfy(116,20): Error: this invariant could not be proved to be maintained by the loop
    |
116 |       invariant r_b != r_j
    |                     ^^

houdafny.dfy(116,20): Related message: loop invariant violation
    |
116 |       invariant r_b != r_j
    |                     ^^

houdafny.dfy(117,20): Error: this loop invariant could not be proved on entry
    |
117 |       invariant r_c != r_k
    |                     ^^

houdafny.dfy(117,20): Related message: loop invariant violation
    |
117 |       invariant r_c != r_k
    |                     ^^

houdafny.dfy(118,20): Error: this loop invariant could not be proved on entry
    |
118 |       invariant r_c != l_a
    |                     ^^

houdafny.dfy(118,20): Related message: loop invariant violation
    |
118 |       invariant r_c != l_a
    |                     ^^

houdafny.dfy(119,20): Error: this loop invariant could not be proved on entry
    |
119 |       invariant r_c != l_b
    |                     ^^

houdafny.dfy(119,20): Related message: loop invariant violation
    |
119 |       invariant r_c != l_b
    |                     ^^

houdafny.dfy(120,20): Error: this loop invariant could not be proved on entry
    |
120 |       invariant r_c != l_i
    |                     ^^

houdafny.dfy(120,20): Related message: loop invariant violation
    |
120 |       invariant r_c != l_i
    |                     ^^

houdafny.dfy(121,20): Error: this loop invariant could not be proved on entry
    |
121 |       invariant r_c != r_j
    |                     ^^

houdafny.dfy(121,20): Related message: loop invariant violation
    |
121 |       invariant r_c != r_j
    |                     ^^

houdafny.dfy(121,20): Error: this invariant could not be proved to be maintained by the loop
    |
121 |       invariant r_c != r_j
    |                     ^^

houdafny.dfy(121,20): Related message: loop invariant violation
    |
121 |       invariant r_c != r_j
    |                     ^^

houdafny.dfy(122,20): Error: this loop invariant could not be proved on entry
    |
122 |       invariant r_k != l_a
    |                     ^^

houdafny.dfy(122,20): Related message: loop invariant violation
    |
122 |       invariant r_k != l_a
    |                     ^^

houdafny.dfy(123,20): Error: this loop invariant could not be proved on entry
    |
123 |       invariant r_k != l_b
    |                     ^^

houdafny.dfy(123,20): Related message: loop invariant violation
    |
123 |       invariant r_k != l_b
    |                     ^^

houdafny.dfy(124,20): Error: this loop invariant could not be proved on entry
    |
124 |       invariant r_k != l_i
    |                     ^^

houdafny.dfy(124,20): Related message: loop invariant violation
    |
124 |       invariant r_k != l_i
    |                     ^^

houdafny.dfy(125,20): Error: this loop invariant could not be proved on entry
    |
125 |       invariant r_k != r_j
    |                     ^^

houdafny.dfy(125,20): Related message: loop invariant violation
    |
125 |       invariant r_k != r_j
    |                     ^^

houdafny.dfy(125,20): Error: this invariant could not be proved to be maintained by the loop
    |
125 |       invariant r_k != r_j
    |                     ^^

houdafny.dfy(125,20): Related message: loop invariant violation
    |
125 |       invariant r_k != r_j
    |                     ^^

houdafny.dfy(126,20): Error: this loop invariant could not be proved on entry
    |
126 |       invariant l_a != l_b
    |                     ^^

houdafny.dfy(126,20): Related message: loop invariant violation
    |
126 |       invariant l_a != l_b
    |                     ^^

houdafny.dfy(127,20): Error: this loop invariant could not be proved on entry
    |
127 |       invariant l_a != l_i
    |                     ^^

houdafny.dfy(127,20): Related message: loop invariant violation
    |
127 |       invariant l_a != l_i
    |                     ^^

houdafny.dfy(128,20): Error: this loop invariant could not be proved on entry
    |
128 |       invariant l_a != r_j
    |                     ^^

houdafny.dfy(128,20): Related message: loop invariant violation
    |
128 |       invariant l_a != r_j
    |                     ^^

houdafny.dfy(128,20): Error: this invariant could not be proved to be maintained by the loop
    |
128 |       invariant l_a != r_j
    |                     ^^

houdafny.dfy(128,20): Related message: loop invariant violation
    |
128 |       invariant l_a != r_j
    |                     ^^

houdafny.dfy(129,20): Error: this loop invariant could not be proved on entry
    |
129 |       invariant l_b != l_i
    |                     ^^

houdafny.dfy(129,20): Related message: loop invariant violation
    |
129 |       invariant l_b != l_i
    |                     ^^

houdafny.dfy(130,20): Error: this loop invariant could not be proved on entry
    |
130 |       invariant l_b != r_j
    |                     ^^

houdafny.dfy(130,20): Related message: loop invariant violation
    |
130 |       invariant l_b != r_j
    |                     ^^

houdafny.dfy(130,20): Error: this invariant could not be proved to be maintained by the loop
    |
130 |       invariant l_b != r_j
    |                     ^^

houdafny.dfy(130,20): Related message: loop invariant violation
    |
130 |       invariant l_b != r_j
    |                     ^^

houdafny.dfy(131,20): Error: this invariant could not be proved to be maintained by the loop
    |
131 |       invariant l_i > r_j
    |                     ^

houdafny.dfy(131,20): Related message: loop invariant violation
    |
131 |       invariant l_i > r_j
    |                     ^

houdafny.dfy(159,20): Error: this loop invariant could not be proved on entry
    |
159 |       invariant l_i < r_j
    |                     ^

houdafny.dfy(159,20): Related message: loop invariant violation
    |
159 |       invariant l_i < r_j
    |                     ^

houdafny.dfy(179,16): Error: this loop invariant could not be proved on entry
    |
179 |       invariant forall i: int :: (read(l_a, i) == read(r_a, i))
    |                 ^^^^^^

houdafny.dfy(179,16): Related message: loop invariant violation
    |
179 |       invariant forall i: int :: (read(l_a, i) == read(r_a, i))
    |                 ^^^^^^

houdafny.dfy(179,16): Error: this invariant could not be proved to be maintained by the loop
    |
179 |       invariant forall i: int :: (read(l_a, i) == read(r_a, i))
    |                 ^^^^^^

houdafny.dfy(179,16): Related message: loop invariant violation
    |
179 |       invariant forall i: int :: (read(l_a, i) == read(r_a, i))
    |                 ^^^^^^

houdafny.dfy(180,16): Error: this loop invariant could not be proved on entry
    |
180 |       invariant forall i: int :: (read(l_b, i) == read(r_b, i))
    |                 ^^^^^^

houdafny.dfy(180,16): Related message: loop invariant violation
    |
180 |       invariant forall i: int :: (read(l_b, i) == read(r_b, i))
    |                 ^^^^^^

houdafny.dfy(191,20): Error: this loop invariant could not be proved on entry
    |
191 |       invariant r_a != 0
    |                     ^^

houdafny.dfy(191,20): Related message: loop invariant violation
    |
191 |       invariant r_a != 0
    |                     ^^

houdafny.dfy(192,20): Error: this loop invariant could not be proved on entry
    |
192 |       invariant r_b != 0
    |                     ^^

houdafny.dfy(192,20): Related message: loop invariant violation
    |
192 |       invariant r_b != 0
    |                     ^^

houdafny.dfy(193,20): Error: this loop invariant could not be proved on entry
    |
193 |       invariant r_c != 0
    |                     ^^

houdafny.dfy(193,20): Related message: loop invariant violation
    |
193 |       invariant r_c != 0
    |                     ^^

houdafny.dfy(194,20): Error: this loop invariant could not be proved on entry
    |
194 |       invariant r_k != 0
    |                     ^^

houdafny.dfy(194,20): Related message: loop invariant violation
    |
194 |       invariant r_k != 0
    |                     ^^

houdafny.dfy(196,20): Error: this loop invariant could not be proved on entry
    |
196 |       invariant l_a != 0
    |                     ^^

houdafny.dfy(196,20): Related message: loop invariant violation
    |
196 |       invariant l_a != 0
    |                     ^^

houdafny.dfy(197,20): Error: this loop invariant could not be proved on entry
    |
197 |       invariant l_b != 0
    |                     ^^

houdafny.dfy(197,20): Related message: loop invariant violation
    |
197 |       invariant l_b != 0
    |                     ^^

houdafny.dfy(198,20): Error: this loop invariant could not be proved on entry
    |
198 |       invariant l_i != 0
    |                     ^^

houdafny.dfy(198,20): Related message: loop invariant violation
    |
198 |       invariant l_i != 0
    |                     ^^

houdafny.dfy(199,20): Error: this loop invariant could not be proved on entry
    |
199 |       invariant l_i >= 2
    |                     ^^

houdafny.dfy(199,20): Related message: loop invariant violation
    |
199 |       invariant l_i >= 2
    |                     ^^

houdafny.dfy(201,20): Error: this loop invariant could not be proved on entry
    |
201 |       invariant r_a != r_b
    |                     ^^

houdafny.dfy(201,20): Related message: loop invariant violation
    |
201 |       invariant r_a != r_b
    |                     ^^

houdafny.dfy(202,20): Error: this loop invariant could not be proved on entry
    |
202 |       invariant r_a != r_k
    |                     ^^

houdafny.dfy(202,20): Related message: loop invariant violation
    |
202 |       invariant r_a != r_k
    |                     ^^

houdafny.dfy(203,20): Error: this loop invariant could not be proved on entry
    |
203 |       invariant r_a != l_a
    |                     ^^

houdafny.dfy(203,20): Related message: loop invariant violation
    |
203 |       invariant r_a != l_a
    |                     ^^

houdafny.dfy(204,20): Error: this loop invariant could not be proved on entry
    |
204 |       invariant r_a != l_b
    |                     ^^

houdafny.dfy(204,20): Related message: loop invariant violation
    |
204 |       invariant r_a != l_b
    |                     ^^

houdafny.dfy(205,20): Error: this loop invariant could not be proved on entry
    |
205 |       invariant r_a != l_i
    |                     ^^

houdafny.dfy(205,20): Related message: loop invariant violation
    |
205 |       invariant r_a != l_i
    |                     ^^

houdafny.dfy(206,20): Error: this loop invariant could not be proved on entry
    |
206 |       invariant r_a != r_j
    |                     ^^

houdafny.dfy(206,20): Related message: loop invariant violation
    |
206 |       invariant r_a != r_j
    |                     ^^

houdafny.dfy(207,20): Error: this loop invariant could not be proved on entry
    |
207 |       invariant r_b != r_k
    |                     ^^

houdafny.dfy(207,20): Related message: loop invariant violation
    |
207 |       invariant r_b != r_k
    |                     ^^

houdafny.dfy(208,20): Error: this loop invariant could not be proved on entry
    |
208 |       invariant r_b != l_a
    |                     ^^

houdafny.dfy(208,20): Related message: loop invariant violation
    |
208 |       invariant r_b != l_a
    |                     ^^

houdafny.dfy(209,20): Error: this loop invariant could not be proved on entry
    |
209 |       invariant r_b != l_b
    |                     ^^

houdafny.dfy(209,20): Related message: loop invariant violation
    |
209 |       invariant r_b != l_b
    |                     ^^

houdafny.dfy(210,20): Error: this loop invariant could not be proved on entry
    |
210 |       invariant r_b != l_i
    |                     ^^

houdafny.dfy(210,20): Related message: loop invariant violation
    |
210 |       invariant r_b != l_i
    |                     ^^

houdafny.dfy(211,20): Error: this loop invariant could not be proved on entry
    |
211 |       invariant r_b != r_j
    |                     ^^

houdafny.dfy(211,20): Related message: loop invariant violation
    |
211 |       invariant r_b != r_j
    |                     ^^

houdafny.dfy(212,20): Error: this loop invariant could not be proved on entry
    |
212 |       invariant r_k != l_a
    |                     ^^

houdafny.dfy(212,20): Related message: loop invariant violation
    |
212 |       invariant r_k != l_a
    |                     ^^

houdafny.dfy(213,20): Error: this loop invariant could not be proved on entry
    |
213 |       invariant r_k != l_b
    |                     ^^

houdafny.dfy(213,20): Related message: loop invariant violation
    |
213 |       invariant r_k != l_b
    |                     ^^

houdafny.dfy(214,20): Error: this loop invariant could not be proved on entry
    |
214 |       invariant r_k != l_i
    |                     ^^

houdafny.dfy(214,20): Related message: loop invariant violation
    |
214 |       invariant r_k != l_i
    |                     ^^

houdafny.dfy(215,20): Error: this loop invariant could not be proved on entry
    |
215 |       invariant r_k != r_j
    |                     ^^

houdafny.dfy(215,20): Related message: loop invariant violation
    |
215 |       invariant r_k != r_j
    |                     ^^

houdafny.dfy(216,20): Error: this loop invariant could not be proved on entry
    |
216 |       invariant l_a != l_b
    |                     ^^

houdafny.dfy(216,20): Related message: loop invariant violation
    |
216 |       invariant l_a != l_b
    |                     ^^

houdafny.dfy(217,20): Error: this loop invariant could not be proved on entry
    |
217 |       invariant l_a != l_i
    |                     ^^

houdafny.dfy(217,20): Related message: loop invariant violation
    |
217 |       invariant l_a != l_i
    |                     ^^

houdafny.dfy(218,20): Error: this loop invariant could not be proved on entry
    |
218 |       invariant l_a != r_j
    |                     ^^

houdafny.dfy(218,20): Related message: loop invariant violation
    |
218 |       invariant l_a != r_j
    |                     ^^

houdafny.dfy(219,20): Error: this loop invariant could not be proved on entry
    |
219 |       invariant l_b != l_i
    |                     ^^

houdafny.dfy(219,20): Related message: loop invariant violation
    |
219 |       invariant l_b != l_i
    |                     ^^

houdafny.dfy(220,20): Error: this loop invariant could not be proved on entry
    |
220 |       invariant l_b != r_j
    |                     ^^

houdafny.dfy(220,20): Related message: loop invariant violation
    |
220 |       invariant l_b != r_j
    |                     ^^

houdafny.dfy(239,8): Error: assertion might not hold
    |
239 |   assert(forall i: int :: (read(l_a, i) == read(r_a, i)) && (forall i: int :: (read(l_b, i) == read(r_b, i)) && forall i: int :: (read(l_c, i) == read(r_c, i))));
    |         ^^^^^^^^^^^^^^^^^^^^^^^^^^^^^^^^^^^^^^^^^^^^^^^^^^^^^^^^^^^^^^^^^^^^^^^^^^^^^^^^^^^^^^^^^^^^^^^^^^^^^^^^^^^^^^^^^^^^^^^^^^^^^^^^^^^^^^^^^^^^^^^^^^^^^^^^^


Dafny program verifier finished with 0 verified, 90 errors

Writing Dafny to houdafny.dfy...
Done
Running Dafny verification...
houdafny.dfy(70,18): Error: this loop invariant could not be proved on entry
   |
70 |         invariant forall i: int :: (read(l_a, i) == read(r_a, i))
   |                   ^^^^^^

houdafny.dfy(70,18): Related message: loop invariant violation
   |
70 |         invariant forall i: int :: (read(l_a, i) == read(r_a, i))
   |                   ^^^^^^

houdafny.dfy(70,18): Error: this invariant could not be proved to be maintained by the loop
   |
70 |         invariant forall i: int :: (read(l_a, i) == read(r_a, i))
   |                   ^^^^^^

houdafny.dfy(70,18): Related message: loop invariant violation
   |
70 |         invariant forall i: int :: (read(l_a, i) == read(r_a, i))
   |                   ^^^^^^

houdafny.dfy(71,18): Error: this loop invariant could not be proved on entry
   |
71 |         invariant forall i: int :: (read(l_b, i) == read(r_b, i))
   |                   ^^^^^^

houdafny.dfy(71,18): Related message: loop invariant violation
   |
71 |         invariant forall i: int :: (read(l_b, i) == read(r_b, i))
   |                   ^^^^^^

houdafny.dfy(71,18): Error: this invariant could not be proved to be maintained by the loop
   |
71 |         invariant forall i: int :: (read(l_b, i) == read(r_b, i))
   |                   ^^^^^^

houdafny.dfy(71,18): Related message: loop invariant violation
   |
71 |         invariant forall i: int :: (read(l_b, i) == read(r_b, i))
   |                   ^^^^^^

houdafny.dfy(93,20): Error: this loop invariant could not be proved on entry
   |
93 |       invariant l_i != 0
   |                     ^^

houdafny.dfy(93,20): Related message: loop invariant violation
   |
93 |       invariant l_i != 0
   |                     ^^

houdafny.dfy(151,20): Error: this loop invariant could not be proved on entry
    |
151 |       invariant r_j != 0
    |                     ^^

houdafny.dfy(151,20): Related message: loop invariant violation
    |
151 |       invariant r_j != 0
    |                     ^^

houdafny.dfy(152,20): Error: this loop invariant could not be proved on entry
    |
152 |       invariant l_i < r_j
    |                     ^

houdafny.dfy(152,20): Related message: loop invariant violation
    |
152 |       invariant l_i < r_j
    |                     ^

houdafny.dfy(152,20): Error: this invariant could not be proved to be maintained by the loop
    |
152 |       invariant l_i < r_j
    |                     ^

houdafny.dfy(152,20): Related message: loop invariant violation
    |
152 |       invariant l_i < r_j
    |                     ^

houdafny.dfy(170,8): Error: assertion might not hold
    |
170 |   assert(forall i: int :: (read(l_a, i) == read(r_a, i)) && (forall i: int :: (read(l_b, i) == read(r_b, i)) && forall i: int :: (read(l_c, i) == read(r_c, i))));
    |         ^^^^^^^^^^^^^^^^^^^^^^^^^^^^^^^^^^^^^^^^^^^^^^^^^^^^^^^^^^^^^^^^^^^^^^^^^^^^^^^^^^^^^^^^^^^^^^^^^^^^^^^^^^^^^^^^^^^^^^^^^^^^^^^^^^^^^^^^^^^^^^^^^^^^^^^^^


Dafny program verifier finished with 0 verified, 9 errors

Writing Dafny to houdafny.dfy...
Done
Running Dafny verification...
houdafny.dfy(165,8): Error: assertion might not hold
    |
165 |   assert(forall i: int :: (read(l_a, i) == read(r_a, i)) && (forall i: int :: (read(l_b, i) == read(r_b, i)) && forall i: int :: (read(l_c, i) == read(r_c, i))));
    |         ^^^^^^^^^^^^^^^^^^^^^^^^^^^^^^^^^^^^^^^^^^^^^^^^^^^^^^^^^^^^^^^^^^^^^^^^^^^^^^^^^^^^^^^^^^^^^^^^^^^^^^^^^^^^^^^^^^^^^^^^^^^^^^^^^^^^^^^^^^^^^^^^^^^^^^^^^


Dafny program verifier finished with 0 verified, 1 error

Writing output to ./results/alignments/dafny/barthe/sa/loop-unswitching-sa.dfy...
Done

Per-Task Times (ms)
-------------------
align-sa: 22164
aligned-crel: 1
invars-daikon: 1497
houdafny: 12965
aligned-output: 0
write-product: 0

KestRel completed in 36630ms
Verified: false

real	0m36.833s
user	0m39.772s
sys	0m1.559s
