Starting simulated annealing...
Initial score: 0.74500006
Score 0.59338623 at temperature 0.9960837
Score 0.5767328 at temperature 0.9623365
Score 0.5347143 at temperature 0.9620032
Simulated annealing complete.
Saw 2410 configurations
Best score: 0.5347143
Writing Daikon to daikon_output.c...
Done
Compiling Daikon output...
Running Kvasir...
==61985== kvasir-5.8.18, C/C++ Language Front-End for Daikon with DynComp comparability analysis tool.
==61985== Copyright (C) 2007-2022, University of Washington CSE PLSE Group
==61985== Using Valgrind-3.19.0.Fjalar and LibVEX; rerun with -h for copyright info
==61985== Command: ./daikon_output
==61985== 
==61985== 
==61985== For lists of detected and suppressed errors, rerun with: -s
==61985== ERROR SUMMARY: 0 errors from 0 contexts (suppressed: 0 from 0)
Running Daikon...
Writing Dafny to houdafny.dfy...
Done
Running Dafny verification...
houdafny.dfy(28,18): Error: this loop invariant could not be proved on entry
   |
28 |     invariant l_i == (r_j + 1)
   |                   ^^

houdafny.dfy(28,18): Related message: loop invariant violation
   |
28 |     invariant l_i == (r_j + 1)
   |                   ^^


Dafny program verifier finished with 0 verified, 1 error

Writing Dafny to houdafny.dfy...
Done
Running Dafny verification...
houdafny.dfy(28,18): Error: this loop invariant could not be proved on entry
   |
28 |     invariant l_b == store(r_b, r_j, read(r_a, r_j))
   |                   ^^

houdafny.dfy(28,18): Related message: loop invariant violation
   |
28 |     invariant l_b == store(r_b, r_j, read(r_a, r_j))
   |                   ^^

houdafny.dfy(29,18): Error: this loop invariant could not be proved on entry
   |
29 |     invariant l_d == r_d
   |                   ^^

houdafny.dfy(29,18): Related message: loop invariant violation
   |
29 |     invariant l_d == r_d
   |                   ^^

houdafny.dfy(36,18): Error: this loop invariant could not be proved on entry
   |
36 |     invariant l_a != 0
   |                   ^^

houdafny.dfy(36,18): Related message: loop invariant violation
   |
36 |     invariant l_a != 0
   |                   ^^

houdafny.dfy(37,18): Error: this loop invariant could not be proved on entry
   |
37 |     invariant l_b != 0
   |                   ^^

houdafny.dfy(37,18): Related message: loop invariant violation
   |
37 |     invariant l_b != 0
   |                   ^^

houdafny.dfy(41,18): Error: this loop invariant could not be proved on entry
   |
41 |     invariant l_d != 0
   |                   ^^

houdafny.dfy(41,18): Related message: loop invariant violation
   |
41 |     invariant l_d != 0
   |                   ^^

houdafny.dfy(42,18): Error: this loop invariant could not be proved on entry
   |
42 |     invariant r_b != 0
   |                   ^^

houdafny.dfy(42,18): Related message: loop invariant violation
   |
42 |     invariant r_b != 0
   |                   ^^

houdafny.dfy(44,18): Error: this loop invariant could not be proved on entry
   |
44 |     invariant r_j >= 2
   |                   ^^

houdafny.dfy(44,18): Related message: loop invariant violation
   |
44 |     invariant r_j >= 2
   |                   ^^

houdafny.dfy(46,18): Error: this loop invariant could not be proved on entry
   |
46 |     invariant l_a != l_b
   |                   ^^

houdafny.dfy(46,18): Related message: loop invariant violation
   |
46 |     invariant l_a != l_b
   |                   ^^

houdafny.dfy(47,18): Error: this loop invariant could not be proved on entry
   |
47 |     invariant l_a != l_size
   |                   ^^

houdafny.dfy(47,18): Related message: loop invariant violation
   |
47 |     invariant l_a != l_size
   |                   ^^

houdafny.dfy(48,18): Error: this loop invariant could not be proved on entry
   |
48 |     invariant l_a != l_i
   |                   ^^

houdafny.dfy(48,18): Related message: loop invariant violation
   |
48 |     invariant l_a != l_i
   |                   ^^

houdafny.dfy(49,18): Error: this loop invariant could not be proved on entry
   |
49 |     invariant l_a != l_d
   |                   ^^

houdafny.dfy(49,18): Related message: loop invariant violation
   |
49 |     invariant l_a != l_d
   |                   ^^

houdafny.dfy(50,18): Error: this loop invariant could not be proved on entry
   |
50 |     invariant l_a != r_b
   |                   ^^

houdafny.dfy(50,18): Related message: loop invariant violation
   |
50 |     invariant l_a != r_b
   |                   ^^

houdafny.dfy(51,18): Error: this loop invariant could not be proved on entry
   |
51 |     invariant l_a != r_j
   |                   ^^

houdafny.dfy(51,18): Related message: loop invariant violation
   |
51 |     invariant l_a != r_j
   |                   ^^

houdafny.dfy(53,18): Error: this loop invariant could not be proved on entry
   |
53 |     invariant l_b != l_size
   |                   ^^

houdafny.dfy(53,18): Related message: loop invariant violation
   |
53 |     invariant l_b != l_size
   |                   ^^

houdafny.dfy(54,18): Error: this loop invariant could not be proved on entry
   |
54 |     invariant l_b != l_i
   |                   ^^

houdafny.dfy(54,18): Related message: loop invariant violation
   |
54 |     invariant l_b != l_i
   |                   ^^

houdafny.dfy(55,18): Error: this loop invariant could not be proved on entry
   |
55 |     invariant l_b != l_d
   |                   ^^

houdafny.dfy(55,18): Related message: loop invariant violation
   |
55 |     invariant l_b != l_d
   |                   ^^

houdafny.dfy(56,18): Error: this loop invariant could not be proved on entry
   |
56 |     invariant l_b != r_j
   |                   ^^

houdafny.dfy(56,18): Related message: loop invariant violation
   |
56 |     invariant l_b != r_j
   |                   ^^

houdafny.dfy(59,21): Error: this loop invariant could not be proved on entry
   |
59 |     invariant l_size != l_d
   |                      ^^

houdafny.dfy(59,21): Related message: loop invariant violation
   |
59 |     invariant l_size != l_d
   |                      ^^

houdafny.dfy(60,21): Error: this loop invariant could not be proved on entry
   |
60 |     invariant l_size != r_b
   |                      ^^

houdafny.dfy(60,21): Related message: loop invariant violation
   |
60 |     invariant l_size != r_b
   |                      ^^

houdafny.dfy(61,21): Error: this loop invariant could not be proved on entry
   |
61 |     invariant l_size > r_j
   |                      ^

houdafny.dfy(61,21): Related message: loop invariant violation
   |
61 |     invariant l_size > r_j
   |                      ^

houdafny.dfy(63,18): Error: this loop invariant could not be proved on entry
   |
63 |     invariant l_i != l_d
   |                   ^^

houdafny.dfy(63,18): Related message: loop invariant violation
   |
63 |     invariant l_i != l_d
   |                   ^^

houdafny.dfy(64,18): Error: this loop invariant could not be proved on entry
   |
64 |     invariant l_i != r_b
   |                   ^^

houdafny.dfy(64,18): Related message: loop invariant violation
   |
64 |     invariant l_i != r_b
   |                   ^^

houdafny.dfy(65,38): Error: this loop invariant could not be proved on entry
   |
65 |     invariant (l_i - (2 * (r_j + 3))) == 0
   |                                       ^^

houdafny.dfy(65,38): Related message: loop invariant violation
   |
65 |     invariant (l_i - (2 * (r_j + 3))) == 0
   |                                       ^^


Dafny program verifier finished with 0 verified, 23 errors

Writing Dafny to houdafny.dfy...
Done
Running Dafny verification...
houdafny.dfy(38,18): Error: this loop invariant could not be proved on entry
   |
38 |     invariant r_d != 0
   |                   ^^

houdafny.dfy(38,18): Related message: loop invariant violation
   |
38 |     invariant r_d != 0
   |                   ^^

houdafny.dfy(39,18): Error: this loop invariant could not be proved on entry
   |
39 |     invariant l_a != r_d
   |                   ^^

houdafny.dfy(39,18): Related message: loop invariant violation
   |
39 |     invariant l_a != r_d
   |                   ^^

houdafny.dfy(40,18): Error: this loop invariant could not be proved on entry
   |
40 |     invariant l_b != r_d
   |                   ^^

houdafny.dfy(40,18): Related message: loop invariant violation
   |
40 |     invariant l_b != r_d
   |                   ^^

houdafny.dfy(42,21): Error: this loop invariant could not be proved on entry
   |
42 |     invariant l_size != r_d
   |                      ^^

houdafny.dfy(42,21): Related message: loop invariant violation
   |
42 |     invariant l_size != r_d
   |                      ^^

houdafny.dfy(44,38): Error: this loop invariant could not be proved on entry
   |
44 |     invariant (l_i - (2 * (r_j + 3))) >= 0
   |                                       ^^

houdafny.dfy(44,38): Related message: loop invariant violation
   |
44 |     invariant (l_i - (2 * (r_j + 3))) >= 0
   |                                       ^^


Dafny program verifier finished with 0 verified, 5 errors

Writing Dafny to houdafny.dfy...
Done
Running Dafny verification...
houdafny.dfy(38,21): Error: this invariant could not be proved to be maintained by the loop
   |
38 |     invariant l_size >= l_i
   |                      ^^

houdafny.dfy(38,21): Related message: loop invariant violation
   |
38 |     invariant l_size >= l_i
   |                      ^^

houdafny.dfy(40,18): Error: this loop invariant could not be proved on entry
   |
40 |     invariant l_i != r_d
   |                   ^^

houdafny.dfy(40,18): Related message: loop invariant violation
   |
40 |     invariant l_i != r_d
   |                   ^^

houdafny.dfy(40,18): Error: this invariant could not be proved to be maintained by the loop
   |
40 |     invariant l_i != r_d
   |                   ^^

houdafny.dfy(40,18): Related message: loop invariant violation
   |
40 |     invariant l_i != r_d
   |                   ^^

houdafny.dfy(41,18): Error: this loop invariant could not be proved on entry
   |
41 |     invariant l_d != r_b
   |                   ^^

houdafny.dfy(41,18): Related message: loop invariant violation
   |
41 |     invariant l_d != r_b
   |                   ^^

houdafny.dfy(41,18): Error: this invariant could not be proved to be maintained by the loop
   |
41 |     invariant l_d != r_b
   |                   ^^

houdafny.dfy(41,18): Related message: loop invariant violation
   |
41 |     invariant l_d != r_b
   |                   ^^

houdafny.dfy(42,18): Error: this loop invariant could not be proved on entry
   |
42 |     invariant l_d != r_j
   |                   ^^

houdafny.dfy(42,18): Related message: loop invariant violation
   |
42 |     invariant l_d != r_j
   |                   ^^

houdafny.dfy(42,18): Error: this invariant could not be proved to be maintained by the loop
   |
42 |     invariant l_d != r_j
   |                   ^^

houdafny.dfy(42,18): Related message: loop invariant violation
   |
42 |     invariant l_d != r_j
   |                   ^^

houdafny.dfy(43,18): Error: this loop invariant could not be proved on entry
   |
43 |     invariant l_d != r_d
   |                   ^^

houdafny.dfy(43,18): Related message: loop invariant violation
   |
43 |     invariant l_d != r_d
   |                   ^^

houdafny.dfy(43,18): Error: this invariant could not be proved to be maintained by the loop
   |
43 |     invariant l_d != r_d
   |                   ^^

houdafny.dfy(43,18): Related message: loop invariant violation
   |
43 |     invariant l_d != r_d
   |                   ^^

houdafny.dfy(44,18): Error: this loop invariant could not be proved on entry
   |
44 |     invariant r_b != r_j
   |                   ^^

houdafny.dfy(44,18): Related message: loop invariant violation
   |
44 |     invariant r_b != r_j
   |                   ^^

houdafny.dfy(44,18): Error: this invariant could not be proved to be maintained by the loop
   |
44 |     invariant r_b != r_j
   |                   ^^

houdafny.dfy(44,18): Related message: loop invariant violation
   |
44 |     invariant r_b != r_j
   |                   ^^

houdafny.dfy(45,18): Error: this loop invariant could not be proved on entry
   |
45 |     invariant r_b != r_d
   |                   ^^

houdafny.dfy(45,18): Related message: loop invariant violation
   |
45 |     invariant r_b != r_d
   |                   ^^

houdafny.dfy(45,18): Error: this invariant could not be proved to be maintained by the loop
   |
45 |     invariant r_b != r_d
   |                   ^^

houdafny.dfy(45,18): Related message: loop invariant violation
   |
45 |     invariant r_b != r_d
   |                   ^^

houdafny.dfy(46,18): Error: this loop invariant could not be proved on entry
   |
46 |     invariant r_j != r_d
   |                   ^^

houdafny.dfy(46,18): Related message: loop invariant violation
   |
46 |     invariant r_j != r_d
   |                   ^^

houdafny.dfy(46,18): Error: this invariant could not be proved to be maintained by the loop
   |
46 |     invariant r_j != r_d
   |                   ^^

houdafny.dfy(46,18): Related message: loop invariant violation
   |
46 |     invariant r_j != r_d
   |                   ^^

houdafny.dfy(62,18): Error: this loop invariant could not be proved on entry
   |
62 |     invariant l_i == (r_j + 1)
   |                   ^^

houdafny.dfy(62,18): Related message: loop invariant violation
   |
62 |     invariant l_i == (r_j + 1)
   |                   ^^


Dafny program verifier finished with 0 verified, 16 errors

Writing Dafny to houdafny.dfy...
Done
Running Dafny verification...
houdafny.dfy(54,18): Error: this loop invariant could not be proved on entry
   |
54 |     invariant l_b == store(r_b, r_j, read(r_a, r_j))
   |                   ^^

houdafny.dfy(54,18): Related message: loop invariant violation
   |
54 |     invariant l_b == store(r_b, r_j, read(r_a, r_j))
   |                   ^^

houdafny.dfy(55,18): Error: this loop invariant could not be proved on entry
   |
55 |     invariant l_d == r_d
   |                   ^^

houdafny.dfy(55,18): Related message: loop invariant violation
   |
55 |     invariant l_d == r_d
   |                   ^^

houdafny.dfy(59,18): Error: this loop invariant could not be proved on entry
   |
59 |     invariant l_b == r_b
   |                   ^^

houdafny.dfy(59,18): Related message: loop invariant violation
   |
59 |     invariant l_b == r_b
   |                   ^^

houdafny.dfy(62,21): Error: this loop invariant could not be proved on entry
   |
62 |     invariant l_size == l_i
   |                      ^^

houdafny.dfy(62,21): Related message: loop invariant violation
   |
62 |     invariant l_size == l_i
   |                      ^^

houdafny.dfy(68,21): Error: this loop invariant could not be proved on entry
   |
68 |     invariant l_size == r_j
   |                      ^^

houdafny.dfy(68,21): Related message: loop invariant violation
   |
68 |     invariant l_size == r_j
   |                      ^^

houdafny.dfy(71,18): Error: this loop invariant could not be proved on entry
   |
71 |     invariant l_a == 122450103
   |                   ^^

houdafny.dfy(71,18): Related message: loop invariant violation
   |
71 |     invariant l_a == 122450103
   |                   ^^

houdafny.dfy(74,18): Error: this loop invariant could not be proved on entry
   |
74 |     invariant l_b == -1148973179
   |                   ^^

houdafny.dfy(74,18): Related message: loop invariant violation
   |
74 |     invariant l_b == -1148973179
   |                   ^^

houdafny.dfy(77,21): Error: this loop invariant could not be proved on entry
   |
77 |     invariant l_size == 3
   |                      ^^

houdafny.dfy(77,21): Related message: loop invariant violation
   |
77 |     invariant l_size == 3
   |                      ^^

houdafny.dfy(80,18): Error: this loop invariant could not be proved on entry
   |
80 |     invariant l_d == 1311989534
   |                   ^^

houdafny.dfy(80,18): Related message: loop invariant violation
   |
80 |     invariant l_d == 1311989534
   |                   ^^

houdafny.dfy(83,18): Error: this loop invariant could not be proved on entry
   |
83 |     invariant r_d == 1774948282
   |                   ^^

houdafny.dfy(83,18): Related message: loop invariant violation
   |
83 |     invariant r_d == 1774948282
   |                   ^^


Dafny program verifier finished with 0 verified, 10 errors

Writing Dafny to houdafny.dfy...
Done
Running Dafny verification...
houdafny.dfy(57,18): Error: this loop invariant could not be proved on entry
   |
57 |     invariant l_b <= r_b
   |                   ^^

houdafny.dfy(57,18): Related message: loop invariant violation
   |
57 |     invariant l_b <= r_b
   |                   ^^

houdafny.dfy(57,18): Error: this invariant could not be proved to be maintained by the loop
   |
57 |     invariant l_b <= r_b
   |                   ^^

houdafny.dfy(57,18): Related message: loop invariant violation
   |
57 |     invariant l_b <= r_b
   |                   ^^

houdafny.dfy(58,18): Error: this loop invariant could not be proved on entry
   |
58 |     invariant l_b >= r_b
   |                   ^^

houdafny.dfy(58,18): Related message: loop invariant violation
   |
58 |     invariant l_b >= r_b
   |                   ^^

houdafny.dfy(58,18): Error: this invariant could not be proved to be maintained by the loop
   |
58 |     invariant l_b >= r_b
   |                   ^^

houdafny.dfy(58,18): Related message: loop invariant violation
   |
58 |     invariant l_b >= r_b
   |                   ^^

houdafny.dfy(59,21): Error: this loop invariant could not be proved on entry
   |
59 |     invariant l_size <= l_i
   |                      ^^

houdafny.dfy(59,21): Related message: loop invariant violation
   |
59 |     invariant l_size <= l_i
   |                      ^^

houdafny.dfy(60,21): Error: this loop invariant could not be proved on entry
   |
60 |     invariant l_size >= l_i
   |                      ^^

houdafny.dfy(60,21): Related message: loop invariant violation
   |
60 |     invariant l_size >= l_i
   |                      ^^

houdafny.dfy(60,21): Error: this invariant could not be proved to be maintained by the loop
   |
60 |     invariant l_size >= l_i
   |                      ^^

houdafny.dfy(60,21): Related message: loop invariant violation
   |
60 |     invariant l_size >= l_i
   |                      ^^

houdafny.dfy(65,21): Error: this loop invariant could not be proved on entry
   |
65 |     invariant l_size >= r_j
   |                      ^^

houdafny.dfy(65,21): Related message: loop invariant violation
   |
65 |     invariant l_size >= r_j
   |                      ^^

houdafny.dfy(66,18): Error: this loop invariant could not be proved on entry
   |
66 |     invariant l_a <= 122450103
   |                   ^^

houdafny.dfy(66,18): Related message: loop invariant violation
   |
66 |     invariant l_a <= 122450103
   |                   ^^

houdafny.dfy(67,18): Error: this loop invariant could not be proved on entry
   |
67 |     invariant l_a >= 122450103
   |                   ^^

houdafny.dfy(67,18): Related message: loop invariant violation
   |
67 |     invariant l_a >= 122450103
   |                   ^^

houdafny.dfy(68,18): Error: this loop invariant could not be proved on entry
   |
68 |     invariant l_b <= -1148973179
   |                   ^^

houdafny.dfy(68,18): Related message: loop invariant violation
   |
68 |     invariant l_b <= -1148973179
   |                   ^^

houdafny.dfy(69,18): Error: this loop invariant could not be proved on entry
   |
69 |     invariant l_b >= -1148973179
   |                   ^^

houdafny.dfy(69,18): Related message: loop invariant violation
   |
69 |     invariant l_b >= -1148973179
   |                   ^^

houdafny.dfy(70,21): Error: this loop invariant could not be proved on entry
   |
70 |     invariant l_size <= 3
   |                      ^^

houdafny.dfy(70,21): Related message: loop invariant violation
   |
70 |     invariant l_size <= 3
   |                      ^^

houdafny.dfy(71,21): Error: this loop invariant could not be proved on entry
   |
71 |     invariant l_size >= 3
   |                      ^^

houdafny.dfy(71,21): Related message: loop invariant violation
   |
71 |     invariant l_size >= 3
   |                      ^^

houdafny.dfy(72,18): Error: this loop invariant could not be proved on entry
   |
72 |     invariant l_d <= 1311989534
   |                   ^^

houdafny.dfy(72,18): Related message: loop invariant violation
   |
72 |     invariant l_d <= 1311989534
   |                   ^^

houdafny.dfy(73,18): Error: this loop invariant could not be proved on entry
   |
73 |     invariant l_d >= 1311989534
   |                   ^^

houdafny.dfy(73,18): Related message: loop invariant violation
   |
73 |     invariant l_d >= 1311989534
   |                   ^^

houdafny.dfy(74,18): Error: this loop invariant could not be proved on entry
   |
74 |     invariant r_d <= 1774948282
   |                   ^^

houdafny.dfy(74,18): Related message: loop invariant violation
   |
74 |     invariant r_d <= 1774948282
   |                   ^^

houdafny.dfy(75,18): Error: this loop invariant could not be proved on entry
   |
75 |     invariant r_d >= 1774948282
   |                   ^^

houdafny.dfy(75,18): Related message: loop invariant violation
   |
75 |     invariant r_d >= 1774948282
   |                   ^^


Dafny program verifier finished with 0 verified, 18 errors

Writing Dafny to houdafny.dfy...
Done
Running Dafny verification...
houdafny.dfy(60,21): Error: this loop invariant could not be proved on entry
   |
60 |     invariant l_size <= r_j
   |                      ^^

houdafny.dfy(60,21): Related message: loop invariant violation
   |
60 |     invariant l_size <= r_j
   |                      ^^

houdafny.dfy(74,18): Error: this loop invariant could not be proved on entry
   |
74 |     invariant l_a != 0
   |                   ^^

houdafny.dfy(74,18): Related message: loop invariant violation
   |
74 |     invariant l_a != 0
   |                   ^^

houdafny.dfy(75,18): Error: this loop invariant could not be proved on entry
   |
75 |     invariant l_b != 0
   |                   ^^

houdafny.dfy(75,18): Related message: loop invariant violation
   |
75 |     invariant l_b != 0
   |                   ^^

houdafny.dfy(78,18): Error: this loop invariant could not be proved on entry
   |
78 |     invariant l_d != 0
   |                   ^^

houdafny.dfy(78,18): Related message: loop invariant violation
   |
78 |     invariant l_d != 0
   |                   ^^

houdafny.dfy(79,18): Error: this loop invariant could not be proved on entry
   |
79 |     invariant r_b != 0
   |                   ^^

houdafny.dfy(79,18): Related message: loop invariant violation
   |
79 |     invariant r_b != 0
   |                   ^^

houdafny.dfy(81,18): Error: this loop invariant could not be proved on entry
   |
81 |     invariant r_d != 0
   |                   ^^

houdafny.dfy(81,18): Related message: loop invariant violation
   |
81 |     invariant r_d != 0
   |                   ^^

houdafny.dfy(82,18): Error: this loop invariant could not be proved on entry
   |
82 |     invariant l_a != l_b
   |                   ^^

houdafny.dfy(82,18): Related message: loop invariant violation
   |
82 |     invariant l_a != l_b
   |                   ^^

houdafny.dfy(83,18): Error: this loop invariant could not be proved on entry
   |
83 |     invariant l_a != l_size
   |                   ^^

houdafny.dfy(83,18): Related message: loop invariant violation
   |
83 |     invariant l_a != l_size
   |                   ^^

houdafny.dfy(84,18): Error: this loop invariant could not be proved on entry
   |
84 |     invariant l_a != l_i
   |                   ^^

houdafny.dfy(84,18): Related message: loop invariant violation
   |
84 |     invariant l_a != l_i
   |                   ^^

houdafny.dfy(85,18): Error: this loop invariant could not be proved on entry
   |
85 |     invariant l_a != l_d
   |                   ^^

houdafny.dfy(85,18): Related message: loop invariant violation
   |
85 |     invariant l_a != l_d
   |                   ^^

houdafny.dfy(86,18): Error: this loop invariant could not be proved on entry
   |
86 |     invariant l_a != r_b
   |                   ^^

houdafny.dfy(86,18): Related message: loop invariant violation
   |
86 |     invariant l_a != r_b
   |                   ^^

houdafny.dfy(87,18): Error: this loop invariant could not be proved on entry
   |
87 |     invariant l_a != r_j
   |                   ^^

houdafny.dfy(87,18): Related message: loop invariant violation
   |
87 |     invariant l_a != r_j
   |                   ^^

houdafny.dfy(88,18): Error: this loop invariant could not be proved on entry
   |
88 |     invariant l_a != r_d
   |                   ^^

houdafny.dfy(88,18): Related message: loop invariant violation
   |
88 |     invariant l_a != r_d
   |                   ^^

houdafny.dfy(89,18): Error: this loop invariant could not be proved on entry
   |
89 |     invariant l_b != l_size
   |                   ^^

houdafny.dfy(89,18): Related message: loop invariant violation
   |
89 |     invariant l_b != l_size
   |                   ^^

houdafny.dfy(90,18): Error: this loop invariant could not be proved on entry
   |
90 |     invariant l_b != l_i
   |                   ^^

houdafny.dfy(90,18): Related message: loop invariant violation
   |
90 |     invariant l_b != l_i
   |                   ^^

houdafny.dfy(91,18): Error: this loop invariant could not be proved on entry
   |
91 |     invariant l_b != l_d
   |                   ^^

houdafny.dfy(91,18): Related message: loop invariant violation
   |
91 |     invariant l_b != l_d
   |                   ^^

houdafny.dfy(92,18): Error: this loop invariant could not be proved on entry
   |
92 |     invariant l_b != r_b
   |                   ^^

houdafny.dfy(92,18): Related message: loop invariant violation
   |
92 |     invariant l_b != r_b
   |                   ^^

houdafny.dfy(93,18): Error: this loop invariant could not be proved on entry
   |
93 |     invariant l_b != r_j
   |                   ^^

houdafny.dfy(93,18): Related message: loop invariant violation
   |
93 |     invariant l_b != r_j
   |                   ^^

houdafny.dfy(94,18): Error: this loop invariant could not be proved on entry
   |
94 |     invariant l_b != r_d
   |                   ^^

houdafny.dfy(94,18): Related message: loop invariant violation
   |
94 |     invariant l_b != r_d
   |                   ^^

houdafny.dfy(95,35): Error: this loop invariant could not be proved on entry
   |
95 |     invariant (l_size - (l_i + 1)) == 0
   |                                    ^^

houdafny.dfy(95,35): Related message: loop invariant violation
   |
95 |     invariant (l_size - (l_i + 1)) == 0
   |                                    ^^


Dafny program verifier finished with 0 verified, 20 errors

Writing Dafny to houdafny.dfy...
Done
Running Dafny verification...
houdafny.dfy(77,35): Error: this loop invariant could not be proved on entry
   |
77 |     invariant (l_size - (l_i + 1)) >= 0
   |                                    ^^

houdafny.dfy(77,35): Related message: loop invariant violation
   |
77 |     invariant (l_size - (l_i + 1)) >= 0
   |                                    ^^


Dafny program verifier finished with 0 verified, 1 error

Writing Dafny to houdafny.dfy...
Done
Running Dafny verification...
houdafny.dfy(77,21): Error: this loop invariant could not be proved on entry
   |
77 |     invariant l_size != l_d
   |                      ^^

houdafny.dfy(77,21): Related message: loop invariant violation
   |
77 |     invariant l_size != l_d
   |                      ^^

houdafny.dfy(78,21): Error: this loop invariant could not be proved on entry
   |
78 |     invariant l_size != r_b
   |                      ^^

houdafny.dfy(78,21): Related message: loop invariant violation
   |
78 |     invariant l_size != r_b
   |                      ^^

houdafny.dfy(78,21): Error: this invariant could not be proved to be maintained by the loop
   |
78 |     invariant l_size != r_b
   |                      ^^

houdafny.dfy(78,21): Related message: loop invariant violation
   |
78 |     invariant l_size != r_b
   |                      ^^

houdafny.dfy(79,21): Error: this loop invariant could not be proved on entry
   |
79 |     invariant l_size > r_j
   |                      ^

houdafny.dfy(79,21): Related message: loop invariant violation
   |
79 |     invariant l_size > r_j
   |                      ^

houdafny.dfy(79,21): Error: this invariant could not be proved to be maintained by the loop
   |
79 |     invariant l_size > r_j
   |                      ^

houdafny.dfy(79,21): Related message: loop invariant violation
   |
79 |     invariant l_size > r_j
   |                      ^

houdafny.dfy(80,21): Error: this loop invariant could not be proved on entry
   |
80 |     invariant l_size != r_d
   |                      ^^

houdafny.dfy(80,21): Related message: loop invariant violation
   |
80 |     invariant l_size != r_d
   |                      ^^

houdafny.dfy(80,21): Error: this invariant could not be proved to be maintained by the loop
   |
80 |     invariant l_size != r_d
   |                      ^^

houdafny.dfy(80,21): Related message: loop invariant violation
   |
80 |     invariant l_size != r_d
   |                      ^^

houdafny.dfy(81,18): Error: this loop invariant could not be proved on entry
   |
81 |     invariant l_i != l_d
   |                   ^^

houdafny.dfy(81,18): Related message: loop invariant violation
   |
81 |     invariant l_i != l_d
   |                   ^^

houdafny.dfy(82,18): Error: this loop invariant could not be proved on entry
   |
82 |     invariant l_i != r_b
   |                   ^^

houdafny.dfy(82,18): Related message: loop invariant violation
   |
82 |     invariant l_i != r_b
   |                   ^^

houdafny.dfy(82,18): Error: this invariant could not be proved to be maintained by the loop
   |
82 |     invariant l_i != r_b
   |                   ^^

houdafny.dfy(82,18): Related message: loop invariant violation
   |
82 |     invariant l_i != r_b
   |                   ^^

houdafny.dfy(84,18): Error: this loop invariant could not be proved on entry
   |
84 |     invariant l_i != r_d
   |                   ^^

houdafny.dfy(84,18): Related message: loop invariant violation
   |
84 |     invariant l_i != r_d
   |                   ^^

houdafny.dfy(84,18): Error: this invariant could not be proved to be maintained by the loop
   |
84 |     invariant l_i != r_d
   |                   ^^

houdafny.dfy(84,18): Related message: loop invariant violation
   |
84 |     invariant l_i != r_d
   |                   ^^

houdafny.dfy(85,18): Error: this loop invariant could not be proved on entry
   |
85 |     invariant l_d != r_b
   |                   ^^

houdafny.dfy(85,18): Related message: loop invariant violation
   |
85 |     invariant l_d != r_b
   |                   ^^

houdafny.dfy(85,18): Error: this invariant could not be proved to be maintained by the loop
   |
85 |     invariant l_d != r_b
   |                   ^^

houdafny.dfy(85,18): Related message: loop invariant violation
   |
85 |     invariant l_d != r_b
   |                   ^^

houdafny.dfy(86,18): Error: this loop invariant could not be proved on entry
   |
86 |     invariant l_d != r_j
   |                   ^^

houdafny.dfy(86,18): Related message: loop invariant violation
   |
86 |     invariant l_d != r_j
   |                   ^^

houdafny.dfy(86,18): Error: this invariant could not be proved to be maintained by the loop
   |
86 |     invariant l_d != r_j
   |                   ^^

houdafny.dfy(86,18): Related message: loop invariant violation
   |
86 |     invariant l_d != r_j
   |                   ^^

houdafny.dfy(87,18): Error: this loop invariant could not be proved on entry
   |
87 |     invariant l_d != r_d
   |                   ^^

houdafny.dfy(87,18): Related message: loop invariant violation
   |
87 |     invariant l_d != r_d
   |                   ^^

houdafny.dfy(87,18): Error: this invariant could not be proved to be maintained by the loop
   |
87 |     invariant l_d != r_d
   |                   ^^

houdafny.dfy(87,18): Related message: loop invariant violation
   |
87 |     invariant l_d != r_d
   |                   ^^

houdafny.dfy(88,18): Error: this loop invariant could not be proved on entry
   |
88 |     invariant r_b != r_j
   |                   ^^

houdafny.dfy(88,18): Related message: loop invariant violation
   |
88 |     invariant r_b != r_j
   |                   ^^

houdafny.dfy(88,18): Error: this invariant could not be proved to be maintained by the loop
   |
88 |     invariant r_b != r_j
   |                   ^^

houdafny.dfy(88,18): Related message: loop invariant violation
   |
88 |     invariant r_b != r_j
   |                   ^^

houdafny.dfy(89,18): Error: this loop invariant could not be proved on entry
   |
89 |     invariant r_b != r_d
   |                   ^^

houdafny.dfy(89,18): Related message: loop invariant violation
   |
89 |     invariant r_b != r_d
   |                   ^^

houdafny.dfy(89,18): Error: this invariant could not be proved to be maintained by the loop
   |
89 |     invariant r_b != r_d
   |                   ^^

houdafny.dfy(89,18): Related message: loop invariant violation
   |
89 |     invariant r_b != r_d
   |                   ^^

houdafny.dfy(90,18): Error: this loop invariant could not be proved on entry
   |
90 |     invariant r_j != r_d
   |                   ^^

houdafny.dfy(90,18): Related message: loop invariant violation
   |
90 |     invariant r_j != r_d
   |                   ^^

houdafny.dfy(90,18): Error: this invariant could not be proved to be maintained by the loop
   |
90 |     invariant r_j != r_d
   |                   ^^

houdafny.dfy(90,18): Related message: loop invariant violation
   |
90 |     invariant r_j != r_d
   |                   ^^


Dafny program verifier finished with 0 verified, 24 errors

Writing Dafny to houdafny.dfy...
Done
Running Dafny verification...
houdafny.dfy(77,18): Error: this loop invariant could not be proved on entry
   |
77 |     invariant l_i > r_j
   |                   ^

houdafny.dfy(77,18): Related message: loop invariant violation
   |
77 |     invariant l_i > r_j
   |                   ^

houdafny.dfy(84,8): Error: assertion might not hold
   |
84 |   assert(l_d == r_d);
   |         ^^^^^^^^^^^^


Dafny program verifier finished with 0 verified, 2 errors

Writing Dafny to houdafny.dfy...
Done
Running Dafny verification...
houdafny.dfy(83,8): Error: assertion might not hold
   |
83 |   assert(l_d == r_d);
   |         ^^^^^^^^^^^^


Dafny program verifier finished with 0 verified, 1 error

Writing output to ./results/alignments/dafny/barthe/sa/loop-alignment-sa.dfy...
Done

Per-Task Times (ms)
-------------------
align-sa: 3676
aligned-crel: 0
invars-daikon: 1322
houdafny: 21246
aligned-output: 0
write-product: 0

KestRel completed in 26247ms
Verified: false

real	0m26.300s
user	0m28.331s
sys	0m1.636s
