Starting simulated annealing...
Initial score: 0.6221429
Score 0.39484352 at temperature 0.99925005
Score 0.2715873 at temperature 0.9987501
Score 0.23666668 at temperature 0.9450879
Simulated annealing complete.
Saw 2506 configurations
Best score: 0.23666668
Writing Daikon to daikon_output.c...
Done
Compiling Daikon output...
Running Kvasir...
==63401== kvasir-5.8.18, C/C++ Language Front-End for Daikon with DynComp comparability analysis tool.
==63401== Copyright (C) 2007-2022, University of Washington CSE PLSE Group
==63401== Using Valgrind-3.19.0.Fjalar and LibVEX; rerun with -h for copyright info
==63401== Command: ./daikon_output
==63401== 
==63401== 
==63401== For lists of detected and suppressed errors, rerun with: -s
==63401== ERROR SUMMARY: 0 errors from 0 contexts (suppressed: 0 from 0)
Running Daikon...
Writing Dafny to houdafny.dfy...
Done
Running Dafny verification...
houdafny.dfy(25,18): Error: this loop invariant could not be proved on entry
   |
25 |     invariant l_x != 0
   |                   ^^

houdafny.dfy(25,18): Related message: loop invariant violation
   |
25 |     invariant l_x != 0
   |                   ^^

houdafny.dfy(26,18): Error: this loop invariant could not be proved on entry
   |
26 |     invariant l_i != 0
   |                   ^^

houdafny.dfy(26,18): Related message: loop invariant violation
   |
26 |     invariant l_i != 0
   |                   ^^

houdafny.dfy(27,18): Error: this loop invariant could not be proved on entry
   |
27 |     invariant l_i >= 2
   |                   ^^

houdafny.dfy(27,18): Related message: loop invariant violation
   |
27 |     invariant l_i >= 2
   |                   ^^

houdafny.dfy(28,18): Error: this loop invariant could not be proved on entry
   |
28 |     invariant l_j != 0
   |                   ^^

houdafny.dfy(28,18): Related message: loop invariant violation
   |
28 |     invariant l_j != 0
   |                   ^^

houdafny.dfy(29,18): Error: this loop invariant could not be proved on entry
   |
29 |     invariant r_x != 0
   |                   ^^

houdafny.dfy(29,18): Related message: loop invariant violation
   |
29 |     invariant r_x != 0
   |                   ^^

houdafny.dfy(31,18): Error: this loop invariant could not be proved on entry
   |
31 |     invariant r_j != 0
   |                   ^^

houdafny.dfy(31,18): Related message: loop invariant violation
   |
31 |     invariant r_j != 0
   |                   ^^

houdafny.dfy(32,18): Error: this loop invariant could not be proved on entry
   |
32 |     invariant l_x != l_i
   |                   ^^

houdafny.dfy(32,18): Related message: loop invariant violation
   |
32 |     invariant l_x != l_i
   |                   ^^

houdafny.dfy(33,18): Error: this loop invariant could not be proved on entry
   |
33 |     invariant l_x != l_j
   |                   ^^

houdafny.dfy(33,18): Related message: loop invariant violation
   |
33 |     invariant l_x != l_j
   |                   ^^

houdafny.dfy(35,18): Error: this loop invariant could not be proved on entry
   |
35 |     invariant l_x != r_j
   |                   ^^

houdafny.dfy(35,18): Related message: loop invariant violation
   |
35 |     invariant l_x != r_j
   |                   ^^

houdafny.dfy(36,18): Error: this loop invariant could not be proved on entry
   |
36 |     invariant l_i != l_j
   |                   ^^

houdafny.dfy(36,18): Related message: loop invariant violation
   |
36 |     invariant l_i != l_j
   |                   ^^

houdafny.dfy(37,18): Error: this loop invariant could not be proved on entry
   |
37 |     invariant l_i != r_x
   |                   ^^

houdafny.dfy(37,18): Related message: loop invariant violation
   |
37 |     invariant l_i != r_x
   |                   ^^

houdafny.dfy(38,38): Error: this loop invariant could not be proved on entry
   |
38 |     invariant (2 * (l_i - (r_i - 4))) == 0
   |                                       ^^

houdafny.dfy(38,38): Related message: loop invariant violation
   |
38 |     invariant (2 * (l_i - (r_i - 4))) == 0
   |                                       ^^


Dafny program verifier finished with 0 verified, 12 errors

Writing Dafny to houdafny.dfy...
Done
Running Dafny verification...
houdafny.dfy(26,18): Error: this loop invariant could not be proved on entry
   |
26 |     invariant l_x != r_i
   |                   ^^

houdafny.dfy(26,18): Related message: loop invariant violation
   |
26 |     invariant l_x != r_i
   |                   ^^

houdafny.dfy(27,38): Error: this loop invariant could not be proved on entry
   |
27 |     invariant (2 * (l_i - (r_i - 4))) <= 0
   |                                       ^^

houdafny.dfy(27,38): Related message: loop invariant violation
   |
27 |     invariant (2 * (l_i - (r_i - 4))) <= 0
   |                                       ^^


Dafny program verifier finished with 0 verified, 2 errors

Writing Dafny to houdafny.dfy...
Done
Running Dafny verification...
houdafny.dfy(26,38): Error: this invariant could not be proved to be maintained by the loop
   |
26 |     invariant (2 * (l_i - (r_i - 4))) >= 0
   |                                       ^^

houdafny.dfy(26,38): Related message: loop invariant violation
   |
26 |     invariant (2 * (l_i - (r_i - 4))) >= 0
   |                                       ^^

houdafny.dfy(27,18): Error: this loop invariant could not be proved on entry
   |
27 |     invariant l_i != r_j
   |                   ^^

houdafny.dfy(27,18): Related message: loop invariant violation
   |
27 |     invariant l_i != r_j
   |                   ^^

houdafny.dfy(27,18): Error: this invariant could not be proved to be maintained by the loop
   |
27 |     invariant l_i != r_j
   |                   ^^

houdafny.dfy(27,18): Related message: loop invariant violation
   |
27 |     invariant l_i != r_j
   |                   ^^

houdafny.dfy(28,18): Error: this loop invariant could not be proved on entry
   |
28 |     invariant l_j != r_x
   |                   ^^

houdafny.dfy(28,18): Related message: loop invariant violation
   |
28 |     invariant l_j != r_x
   |                   ^^

houdafny.dfy(28,18): Error: this invariant could not be proved to be maintained by the loop
   |
28 |     invariant l_j != r_x
   |                   ^^

houdafny.dfy(28,18): Related message: loop invariant violation
   |
28 |     invariant l_j != r_x
   |                   ^^

houdafny.dfy(29,18): Error: this loop invariant could not be proved on entry
   |
29 |     invariant l_j != r_i
   |                   ^^

houdafny.dfy(29,18): Related message: loop invariant violation
   |
29 |     invariant l_j != r_i
   |                   ^^

houdafny.dfy(29,18): Error: this invariant could not be proved to be maintained by the loop
   |
29 |     invariant l_j != r_i
   |                   ^^

houdafny.dfy(29,18): Related message: loop invariant violation
   |
29 |     invariant l_j != r_i
   |                   ^^

houdafny.dfy(30,18): Error: this loop invariant could not be proved on entry
   |
30 |     invariant r_x != r_i
   |                   ^^

houdafny.dfy(30,18): Related message: loop invariant violation
   |
30 |     invariant r_x != r_i
   |                   ^^

houdafny.dfy(30,18): Error: this invariant could not be proved to be maintained by the loop
   |
30 |     invariant r_x != r_i
   |                   ^^

houdafny.dfy(30,18): Related message: loop invariant violation
   |
30 |     invariant r_x != r_i
   |                   ^^

houdafny.dfy(31,18): Error: this loop invariant could not be proved on entry
   |
31 |     invariant r_x != r_j
   |                   ^^

houdafny.dfy(31,18): Related message: loop invariant violation
   |
31 |     invariant r_x != r_j
   |                   ^^

houdafny.dfy(31,18): Error: this invariant could not be proved to be maintained by the loop
   |
31 |     invariant r_x != r_j
   |                   ^^

houdafny.dfy(31,18): Related message: loop invariant violation
   |
31 |     invariant r_x != r_j
   |                   ^^

houdafny.dfy(32,18): Error: this loop invariant could not be proved on entry
   |
32 |     invariant r_i != r_j
   |                   ^^

houdafny.dfy(32,18): Related message: loop invariant violation
   |
32 |     invariant r_i != r_j
   |                   ^^

houdafny.dfy(32,18): Error: this invariant could not be proved to be maintained by the loop
   |
32 |     invariant r_i != r_j
   |                   ^^

houdafny.dfy(32,18): Related message: loop invariant violation
   |
32 |     invariant r_i != r_j
   |                   ^^

houdafny.dfy(49,18): Error: this loop invariant could not be proved on entry
   |
49 |     invariant l_x != 0
   |                   ^^

houdafny.dfy(49,18): Related message: loop invariant violation
   |
49 |     invariant l_x != 0
   |                   ^^

houdafny.dfy(49,18): Error: this invariant could not be proved to be maintained by the loop
   |
49 |     invariant l_x != 0
   |                   ^^

houdafny.dfy(49,18): Related message: loop invariant violation
   |
49 |     invariant l_x != 0
   |                   ^^

houdafny.dfy(50,18): Error: this loop invariant could not be proved on entry
   |
50 |     invariant l_i != 0
   |                   ^^

houdafny.dfy(50,18): Related message: loop invariant violation
   |
50 |     invariant l_i != 0
   |                   ^^

houdafny.dfy(51,18): Error: this loop invariant could not be proved on entry
   |
51 |     invariant l_j != 0
   |                   ^^

houdafny.dfy(51,18): Related message: loop invariant violation
   |
51 |     invariant l_j != 0
   |                   ^^

houdafny.dfy(51,18): Error: this invariant could not be proved to be maintained by the loop
   |
51 |     invariant l_j != 0
   |                   ^^

houdafny.dfy(51,18): Related message: loop invariant violation
   |
51 |     invariant l_j != 0
   |                   ^^

houdafny.dfy(52,18): Error: this loop invariant could not be proved on entry
   |
52 |     invariant r_x != 0
   |                   ^^

houdafny.dfy(52,18): Related message: loop invariant violation
   |
52 |     invariant r_x != 0
   |                   ^^

houdafny.dfy(53,18): Error: this loop invariant could not be proved on entry
   |
53 |     invariant r_i != 0
   |                   ^^

houdafny.dfy(53,18): Related message: loop invariant violation
   |
53 |     invariant r_i != 0
   |                   ^^

houdafny.dfy(54,18): Error: this loop invariant could not be proved on entry
   |
54 |     invariant r_j != 0
   |                   ^^

houdafny.dfy(54,18): Related message: loop invariant violation
   |
54 |     invariant r_j != 0
   |                   ^^

houdafny.dfy(55,18): Error: this loop invariant could not be proved on entry
   |
55 |     invariant l_x != l_i
   |                   ^^

houdafny.dfy(55,18): Related message: loop invariant violation
   |
55 |     invariant l_x != l_i
   |                   ^^

houdafny.dfy(55,18): Error: this invariant could not be proved to be maintained by the loop
   |
55 |     invariant l_x != l_i
   |                   ^^

houdafny.dfy(55,18): Related message: loop invariant violation
   |
55 |     invariant l_x != l_i
   |                   ^^

houdafny.dfy(56,18): Error: this loop invariant could not be proved on entry
   |
56 |     invariant l_x != l_j
   |                   ^^

houdafny.dfy(56,18): Related message: loop invariant violation
   |
56 |     invariant l_x != l_j
   |                   ^^

houdafny.dfy(57,18): Error: this loop invariant could not be proved on entry
   |
57 |     invariant l_x != r_x
   |                   ^^

houdafny.dfy(57,18): Related message: loop invariant violation
   |
57 |     invariant l_x != r_x
   |                   ^^

houdafny.dfy(57,18): Error: this invariant could not be proved to be maintained by the loop
   |
57 |     invariant l_x != r_x
   |                   ^^

houdafny.dfy(57,18): Related message: loop invariant violation
   |
57 |     invariant l_x != r_x
   |                   ^^

houdafny.dfy(58,18): Error: this loop invariant could not be proved on entry
   |
58 |     invariant l_x != r_i
   |                   ^^

houdafny.dfy(58,18): Related message: loop invariant violation
   |
58 |     invariant l_x != r_i
   |                   ^^

houdafny.dfy(58,18): Error: this invariant could not be proved to be maintained by the loop
   |
58 |     invariant l_x != r_i
   |                   ^^

houdafny.dfy(58,18): Related message: loop invariant violation
   |
58 |     invariant l_x != r_i
   |                   ^^

houdafny.dfy(59,18): Error: this loop invariant could not be proved on entry
   |
59 |     invariant l_x != r_j
   |                   ^^

houdafny.dfy(59,18): Related message: loop invariant violation
   |
59 |     invariant l_x != r_j
   |                   ^^

houdafny.dfy(59,18): Error: this invariant could not be proved to be maintained by the loop
   |
59 |     invariant l_x != r_j
   |                   ^^

houdafny.dfy(59,18): Related message: loop invariant violation
   |
59 |     invariant l_x != r_j
   |                   ^^

houdafny.dfy(60,18): Error: this loop invariant could not be proved on entry
   |
60 |     invariant l_i != l_j
   |                   ^^

houdafny.dfy(60,18): Related message: loop invariant violation
   |
60 |     invariant l_i != l_j
   |                   ^^

houdafny.dfy(60,18): Error: this invariant could not be proved to be maintained by the loop
   |
60 |     invariant l_i != l_j
   |                   ^^

houdafny.dfy(60,18): Related message: loop invariant violation
   |
60 |     invariant l_i != l_j
   |                   ^^

houdafny.dfy(61,18): Error: this loop invariant could not be proved on entry
   |
61 |     invariant l_i != r_x
   |                   ^^

houdafny.dfy(61,18): Related message: loop invariant violation
   |
61 |     invariant l_i != r_x
   |                   ^^

houdafny.dfy(61,18): Error: this invariant could not be proved to be maintained by the loop
   |
61 |     invariant l_i != r_x
   |                   ^^

houdafny.dfy(61,18): Related message: loop invariant violation
   |
61 |     invariant l_i != r_x
   |                   ^^

houdafny.dfy(62,18): Error: this loop invariant could not be proved on entry
   |
62 |     invariant l_i < r_i
   |                   ^

houdafny.dfy(62,18): Related message: loop invariant violation
   |
62 |     invariant l_i < r_i
   |                   ^

houdafny.dfy(62,18): Error: this invariant could not be proved to be maintained by the loop
   |
62 |     invariant l_i < r_i
   |                   ^

houdafny.dfy(62,18): Related message: loop invariant violation
   |
62 |     invariant l_i < r_i
   |                   ^

houdafny.dfy(63,18): Error: this invariant could not be proved to be maintained by the loop
   |
63 |     invariant l_i != r_j
   |                   ^^

houdafny.dfy(63,18): Related message: loop invariant violation
   |
63 |     invariant l_i != r_j
   |                   ^^

houdafny.dfy(64,18): Error: this invariant could not be proved to be maintained by the loop
   |
64 |     invariant l_j != r_x
   |                   ^^

houdafny.dfy(64,18): Related message: loop invariant violation
   |
64 |     invariant l_j != r_x
   |                   ^^

houdafny.dfy(65,18): Error: this invariant could not be proved to be maintained by the loop
   |
65 |     invariant l_j != r_i
   |                   ^^

houdafny.dfy(65,18): Related message: loop invariant violation
   |
65 |     invariant l_j != r_i
   |                   ^^

houdafny.dfy(66,18): Error: this loop invariant could not be proved on entry
   |
66 |     invariant l_j != r_j
   |                   ^^

houdafny.dfy(66,18): Related message: loop invariant violation
   |
66 |     invariant l_j != r_j
   |                   ^^

houdafny.dfy(66,18): Error: this invariant could not be proved to be maintained by the loop
   |
66 |     invariant l_j != r_j
   |                   ^^

houdafny.dfy(66,18): Related message: loop invariant violation
   |
66 |     invariant l_j != r_j
   |                   ^^

houdafny.dfy(82,8): Error: assertion might not hold
   |
82 |   assert(l_x == r_x);
   |         ^^^^^^^^^^^^


Dafny program verifier finished with 0 verified, 42 errors

Writing Dafny to houdafny.dfy...
Done
Running Dafny verification...
houdafny.dfy(42,18): Error: this loop invariant could not be proved on entry
   |
42 |     invariant r_x != r_i
   |                   ^^

houdafny.dfy(42,18): Related message: loop invariant violation
   |
42 |     invariant r_x != r_i
   |                   ^^

houdafny.dfy(43,18): Error: this loop invariant could not be proved on entry
   |
43 |     invariant r_x != r_j
   |                   ^^

houdafny.dfy(43,18): Related message: loop invariant violation
   |
43 |     invariant r_x != r_j
   |                   ^^

houdafny.dfy(44,18): Error: this loop invariant could not be proved on entry
   |
44 |     invariant r_i != r_j
   |                   ^^

houdafny.dfy(44,18): Related message: loop invariant violation
   |
44 |     invariant r_i != r_j
   |                   ^^

houdafny.dfy(57,8): Error: assertion might not hold
   |
57 |   assert(l_x == r_x);
   |         ^^^^^^^^^^^^


Dafny program verifier finished with 0 verified, 4 errors

Writing Dafny to houdafny.dfy...
Done
Running Dafny verification...
houdafny.dfy(54,8): Error: assertion might not hold
   |
54 |   assert(l_x == r_x);
   |         ^^^^^^^^^^^^


Dafny program verifier finished with 0 verified, 1 error

Writing output to ./results/alignments/dafny/barthe/sa/strength-reduction-sa.dfy...
Done

Per-Task Times (ms)
-------------------
align-sa: 3016
aligned-crel: 0
invars-daikon: 900
houdafny: 37502
aligned-output: 0
write-product: 0

KestRel completed in 41420ms
Verified: false

real	0m41.440s
user	0m42.694s
sys	0m0.719s
