Starting simulated annealing...
Initial score: 0.9333333
Score 0.8666667 at temperature 0.9996667
Score 0.8333334 at temperature 0.99950004
Score 0.5133334 at temperature 0.9991667
Score 0.4076508 at temperature 0.99891675
Score 0.31333333 at temperature 0.9504208
Score 0.27 at temperature 0.87676024
Simulated annealing complete.
Saw 3283 configurations
Best score: 0.27
Writing Daikon to daikon_output.c...
Done
Compiling Daikon output...
Running Kvasir...
==63633== kvasir-5.8.18, C/C++ Language Front-End for Daikon with DynComp comparability analysis tool.
==63633== Copyright (C) 2007-2022, University of Washington CSE PLSE Group
==63633== Using Valgrind-3.19.0.Fjalar and LibVEX; rerun with -h for copyright info
==63633== Command: ./daikon_output
==63633== 
==63633== 
==63633== For lists of detected and suppressed errors, rerun with: -s
==63633== ERROR SUMMARY: 0 errors from 0 contexts (suppressed: 0 from 0)
Running Daikon...
Writing Dafny to houdafny.dfy...
Done
Running Dafny verification...

Dafny program verifier finished with 1 verified, 0 errors

Writing output to ./results/alignments/dafny/barthe/sa/unroll-sa.dfy...
Done

Per-Task Times (ms)
-------------------
align-sa: 2193
aligned-crel: 0
invars-daikon: 841
houdafny: 1769
aligned-output: 0
write-product: 0

KestRel completed in 4804ms
Verified: true

real	0m4.824s
user	0m5.755s
sys	0m0.158s
