                /\ r_d.Top@width':582 = mid_r_d.Top@width:655
                /\ r_b.Top@width':584 = mid_r_b.Top@width:656
                /\ mem_37@pos:179 = mid_mem_37@pos:657
                /\ mem_36@pos:177 = mid_mem_36@pos:658
                /\ mem_35@pos:175 = mid_mem_35@pos:659
                /\ mem_34@pos:173 = mid_mem_34@pos:660
                /\ r_d.Top@pos':594 = mid_r_d.Top@pos:661
                /\ r_b.Top@pos':596 = mid_r_b.Top@pos:662
                /\ mem_37:167 = mid_mem_37:663 /\ mem_36:165 = mid_mem_36:664
                /\ mem_35:163 = mid_mem_35:665 /\ mem_34:161 = mid_mem_34:666
                /\ r_d.Top':606 = mid_r_d.Top:667 /\ r_j':607 = mid_r_j:668
                /\ r_b.Top':610 = mid_r_b.Top:669)
               \/ (0 <= (19 + (-1 * r_j':607)) /\ 0 <= (-20 + _i':519)
                     /\ 0 <= (-21 + l_i':649) /\ 0 <= (-1 + r_j':607)
                     /\ 1 <= K:670
                     /\ (4 + (-4 * mid_r_j:668) + mid_mem_37@pos:657) = 0
                     /\ ((-4 * mid_r_j:668) + mid_mem_36@pos:658) = 0
                     /\ (4 + (-4 * mid_r_j:668) + mid_mem_35@pos:659) = 0
                     /\ (4 + (-4 * mid_r_j:668) + mid_mem_34@pos:660) = 0
                     /\ (-1 + mid_mem_37@width:651) = 0
                     /\ (-1 + mid_mem_36@width:652) = 0
                     /\ (-1 + mid_mem_35@width:653) = 0
                     /\ (-1 + mid_mem_34@width:654) = 0
                     /\ 0 <= (20 + (-1 * mid_r_j:668))
                     /\ 0 <= (-20 + _i':519) /\ 0 <= (-21 + l_i':649)
                     /\ 0 <= (-2 + mid_r_j:668)
                     /\ (!(0 <= K:670) \/ mid_r_j:668 = (r_j':607 + K:670))
                     /\ (!(0 <= K:670)
                           \/ (-1 * mid_r_j:668) <= ((-1 * r_j':607)
                                                       + (-1 * K:670)))
                     /\ (!(0 <= K:670) \/ mid_r_j:668 <= (r_j':607 + K:670))
                     /\ (!((0 <= K:670 /\ K:670 <= 0)) \/ 0 <= (-1 * K:670))
                     /\ (!(1 <= K:670)
                           \/ 0 <= (20 + (-1 * r_j':607) + (-1 * K:670)))
                     /\ (!((0 <= K:670 /\ K:670 <= 0)) \/ 0 <= K:670)
                     /\ (!(1 <= K:670) \/ 0 <= (-2 + r_j':607 + K:670))))
         /\ mid_mem_37@width:651 = mem_37@width':671
         /\ mid_mem_36@width:652 = mem_36@width':672
         /\ mid_mem_35@width:653 = mem_35@width':673
         /\ mid_mem_34@width:654 = mem_34@width':674
         /\ mid_r_d.Top@width:655 = r_d.Top@width':675
         /\ mid_r_b.Top@width:656 = r_b.Top@width':676
         /\ mid_mem_37@pos:657 = mem_37@pos':677
         /\ mid_mem_36@pos:658 = mem_36@pos':678
         /\ mid_mem_35@pos:659 = mem_35@pos':679
         /\ mid_mem_34@pos:660 = mem_34@pos':680
         /\ mid_r_d.Top@pos:661 = r_d.Top@pos':681
         /\ mid_r_b.Top@pos:662 = r_b.Top@pos':682
         /\ mid_mem_37:663 = mem_37':683 /\ mid_mem_36:664 = mem_36':684
         /\ mid_mem_35:665 = mem_35':685 /\ mid_mem_34:666 = mem_34':686
         /\ mid_r_d.Top:667 = r_d.Top':687 /\ mid_r_j:668 = r_j':688
         /\ mid_r_b.Top:669 = r_b.Top':689 /\ 0 <= (-20 + (_i':519))
         /\ 0 <= (-21 + (l_i':649)) /\ 0 <= (-1 + (r_j':688))
         /\ 19 < r_j':688
         /\ ((mem_41@width:123 = mid_mem_41@width:695
                /\ mem_40@width:121 = mid_mem_40@width:696
                /\ mem_41@pos:119 = mid_mem_41@pos:697
                /\ mem_40@pos:117 = mid_mem_40@pos:698
                /\ mem_41:115 = mid_mem_41:699 /\ mem_40:113 = mid_mem_40:700
                /\ 1 = mid__j:701)
               \/ (0 <= (19 + -1) /\ 0 <= (-20 + _i':519)
                     /\ 0 <= (-21 + l_i':649) /\ 0 <= (-20 + r_j':688)
                     /\ 0 <= (-1 + 1) /\ 1 <= K:702
                     /\ (4 + (-4 * mid__j:701) + mid_mem_41@pos:697) = 0
                     /\ (4 + (-4 * mid__j:701) + mid_mem_40@pos:698) = 0
                     /\ (-1 + mid_mem_41@width:695) = 0
                     /\ (-1 + mid_mem_40@width:696) = 0
                     /\ 0 <= (20 + (-1 * mid__j:701)) /\ 0 <= (-20 + _i':519)
                     /\ 0 <= (-21 + l_i':649) /\ 0 <= (-20 + r_j':688)
                     /\ 0 <= (-2 + mid__j:701)
                     /\ (!(0 <= K:702) \/ mid__j:701 = (1 + K:702))
                     /\ (!(0 <= K:702)
                           \/ (-1 * mid__j:701) <= (-1 + (-1 * K:702)))
                     /\ (!(0 <= K:702) \/ mid__j:701 <= (1 + K:702))
                     /\ (!((0 <= K:702 /\ K:702 <= 0)) \/ 0 <= (-1 * K:702))
                     /\ (!(1 <= K:702) \/ 0 <= (20 + -1 + (-1 * K:702)))
                     /\ (!((0 <= K:702 /\ K:702 <= 0)) \/ 0 <= K:702)
                     /\ (!(1 <= K:702) \/ 0 <= (-2 + 1 + K:702))))
         /\ mid_mem_41@width:695 = mem_41@width':703
         /\ mid_mem_40@width:696 = mem_40@width':704
         /\ mid_mem_41@pos:697 = mem_41@pos':705
         /\ mid_mem_40@pos:698 = mem_40@pos':706
         /\ mid_mem_41:699 = mem_41':707 /\ mid_mem_40:700 = mem_40':708
         /\ mid__j:701 = _j':709 /\ 0 <= (-20 + (_i':519))
         /\ 0 <= (-21 + (l_i':649)) /\ 0 <= (-20 + (r_j':688))
         /\ 0 <= (-1 + (_j':709)) /\ 0 <= (20 + (-1 * _j':709))
         /\ _j':709 < 20)}

Is SAT! (Assertion on line 46 FAILED)
---------------------------------------------

================================================
Bounds on Variables

================================================
Finished!

real	0m2.836s
user	0m2.776s
sys	0m0.024s
