                /\ mem_86:287 = mid_mem_86:1399
                /\ mem_85:289 = mid_mem_85:1400
                /\ mem_84:334 = mid_mem_84:1401
                /\ mem_83:332 = mid_mem_83:1402
                /\ tmp___0:230 = mid_tmp___0:1403 /\ 0 = mid__j:1404)
               \/ (0 <= (-8 + r_j':1363) /\ 0 <= (-10 + l_i':1294)
                     /\ 0 <= (-10 + _i':1041) /\ 1 <= K:1405
                     /\ (-4 + (-1 * mid_mem_84@pos:1395) + (4 * mid__j:1404)) = 0
                     /\ ((-1 * mid_mem_84@pos:1395) + mid_mem_83@pos:1396) = 0
                     /\ (-1 + mid_mem_83@width:1390) = 0
                     /\ (-1 + mid_mem_84@width:1389) = 0
                     /\ 0 <= (36 + (-1 * mid_mem_84@pos:1395))
                     /\ 0 <= (1 + (-1 * mid_tmp___0:1403))
                     /\ 0 <= (-8 + r_j':1363) /\ 0 <= (-10 + l_i':1294)
                     /\ 0 <= (-10 + _i':1041) /\ 0 <= mid_tmp___0:1403
                     /\ 0 <= mid_mem_84@pos:1395
                     /\ (!(0 <= K:1405) \/ mid__j:1404 = K:1405)
                     /\ (!(0 <= K:1405)
                           \/ (-1 * mid__j:1404) <= (-1 * K:1405))
                     /\ (!(0 <= K:1405) \/ mid__j:1404 <= K:1405)
                     /\ (!((0 <= K:1405 /\ K:1405 <= 0))
                           \/ 0 <= (-1 * K:1405))
                     /\ (!(1 <= K:1405) \/ 0 <= (10 + (-1 * K:1405)))
                     /\ (!((0 <= K:1405 /\ K:1405 <= 0)) \/ 0 <= K:1405)
                     /\ (!(1 <= K:1405) \/ 0 <= (-1 + K:1405))))
         /\ mid_mem_88@width:1385 = mem_88@width':1406
         /\ mid_mem_87@width:1386 = mem_87@width':1407
         /\ mid_mem_86@width:1387 = mem_86@width':1408
         /\ mid_mem_85@width:1388 = mem_85@width':1409
         /\ mid_mem_84@width:1389 = mem_84@width':1410
         /\ mid_mem_83@width:1390 = mem_83@width':1411
         /\ mid_mem_88@pos:1391 = mem_88@pos':1412
         /\ mid_mem_87@pos:1392 = mem_87@pos':1413
         /\ mid_mem_86@pos:1393 = mem_86@pos':1414
         /\ mid_mem_85@pos:1394 = mem_85@pos':1415
         /\ mid_mem_84@pos:1395 = mem_84@pos':1416
         /\ mid_mem_83@pos:1396 = mem_83@pos':1417
         /\ mid_mem_88:1397 = mem_88':1418 /\ mid_mem_87:1398 = mem_87':1419
         /\ mid_mem_86:1399 = mem_86':1420 /\ mid_mem_85:1400 = mem_85':1421
         /\ mid_mem_84:1401 = mem_84':1422 /\ mid_mem_83:1402 = mem_83':1423
         /\ mid_tmp___0:1403 = tmp___0':1424 /\ mid__j:1404 = _j':1425
         /\ 0 <= (-10 + (_i':1041)) /\ 0 <= (-10 + (l_i':1294))
         /\ 0 <= (-8 + (r_j':1363)) /\ 0 <= (_j':1425)
         /\ 0 <= (10 + (-1 * _j':1425)) /\ _j':1425 < 10
         /\ ((tr:1468 = tr:1469
                /\ ((tr:1470 = tr:1471
                       /\ ((tr:1472 = tr:1473 /\ 1 = phi_tmp___0:1474)
                             \/ (!(tr:1475 = tr:1476) /\ 0 = phi_tmp___0:1474))
                       /\ phi_tmp___0:1474 = phi_tmp___0:1477
                       /\ (tr:1478 + (4 * _j':1425)) = phi_mem_87:1479
                       /\ (tr:1480 + (4 * _j':1425)) = phi_mem_88:1481
                       /\ (4 * _j':1425) = phi_mem_87@pos:1482
                       /\ (4 * _j':1425) = phi_mem_88@pos:1483
                       /\ 1 = phi_mem_87@width:1484
                       /\ 1 = phi_mem_88@width:1485)
                      \/ (!(tr:1486 = tr:1487) /\ 0 = phi_tmp___0:1477
                            /\ mem_87':1419 = phi_mem_87:1479
                            /\ mem_88':1418 = phi_mem_88:1481
                            /\ mem_87@pos':1413 = phi_mem_87@pos:1482
                            /\ mem_88@pos':1412 = phi_mem_88@pos:1483
                            /\ mem_87@width':1407 = phi_mem_87@width:1484
                            /\ mem_88@width':1406 = phi_mem_88@width:1485))
                /\ phi_tmp___0:1477 = phi_tmp___0:1488
                /\ (tr:1489 + (4 * _j':1425)) = phi_mem_85:1490
                /\ (tr:1491 + (4 * _j':1425)) = phi_mem_86:1492
                /\ phi_mem_87:1479 = phi_mem_87:1493
                /\ phi_mem_88:1481 = phi_mem_88:1494
                /\ (4 * _j':1425) = phi_mem_85@pos:1495
                /\ (4 * _j':1425) = phi_mem_86@pos:1496
                /\ phi_mem_87@pos:1482 = phi_mem_87@pos:1497
                /\ phi_mem_88@pos:1483 = phi_mem_88@pos:1498
                /\ 1 = phi_mem_85@width:1499 /\ 1 = phi_mem_86@width:1500
                /\ phi_mem_87@width:1484 = phi_mem_87@width:1501
                /\ phi_mem_88@width:1485 = phi_mem_88@width:1502)
               \/ (!(tr:1503 = tr:1504) /\ 0 = phi_tmp___0:1488
                     /\ mem_85':1421 = phi_mem_85:1490
                     /\ mem_86':1420 = phi_mem_86:1492
                     /\ mem_87':1419 = phi_mem_87:1493
                     /\ mem_88':1418 = phi_mem_88:1494
                     /\ mem_85@pos':1415 = phi_mem_85@pos:1495
                     /\ mem_86@pos':1414 = phi_mem_86@pos:1496
                     /\ mem_87@pos':1413 = phi_mem_87@pos:1497
                     /\ mem_88@pos':1412 = phi_mem_88@pos:1498
                     /\ mem_85@width':1409 = phi_mem_85@width:1499
                     /\ mem_86@width':1408 = phi_mem_86@width:1500
                     /\ mem_87@width':1407 = phi_mem_87@width:1501
                     /\ mem_88@width':1406 = phi_mem_88@width:1502)))}

Is SAT! (Assertion on line 61 FAILED)
---------------------------------------------

================================================
Bounds on Variables

================================================
Finished!

real	0m11.568s
user	0m11.484s
sys	0m0.040s
