                                               + (-1/2 * havoc:33 * K:461)
                                               + (phi_l_i:222 * havoc:33
                                                    * K:461)
                                               + (havoc:167 * K:461)
                                               + (1/2 * havoc:33
                                                    * (K:461 * K:461))))
                     /\ (!((0 <= K:461 /\ K:461 <= 0))
                           \/ mid_l_x:460 = (phi_l_x:224
                                               + (-1/2 * havoc:33 * K:461)
                                               + (phi_l_i:222 * havoc:33
                                                    * K:461)
                                               + (havoc:167 * K:461)
                                               + (1/2 * havoc:33
                                                    * (K:461 * K:461))))
                     /\ (!(1 <= K:461)
                           \/ mid_l_x:460 = (phi_l_x:224
                                               + (-1/2 * havoc:33 * K:461)
                                               + (phi_l_i:222 * havoc:33
                                                    * K:461)
                                               + (havoc:167 * K:461)
                                               + (1/2 * havoc:33
                                                    * (K:461 * K:461))))
                     /\ (!((0 <= K:461 /\ K:461 <= 0))
                           \/ mid_l_x:460 = (phi_l_x:224
                                               + (-1/2 * havoc:33 * K:461)
                                               + (phi_l_i:222 * havoc:33
                                                    * K:461)
                                               + (havoc:167 * K:461)
                                               + (1/2 * havoc:33
                                                    * (K:461 * K:461))))
                     /\ (!(1 <= K:461)
                           \/ mid_l_x:460 = (phi_l_x:224
                                               + (-1/2 * havoc:33 * K:461)
                                               + (phi_l_i:222 * havoc:33
                                                    * K:461)
                                               + (havoc:167 * K:461)
                                               + (1/2 * havoc:33
                                                    * (K:461 * K:461))))
                     /\ (!(0 <= K:461)
                           \/ mid_l_x:460 = (phi_l_x:224
                                               + (-1/2 * havoc:33 * K:461)
                                               + (phi_l_i:222 * havoc:33
                                                    * K:461)
                                               + (havoc:167 * K:461)
                                               + (1/2 * havoc:33
                                                    * (K:461 * K:461))))
                     /\ (!(0 <= K:461) \/ mid_l_i:459 = (phi_l_i:222 + K:461))
                     /\ (!(0 <= K:461)
                           \/ (-1 * mid_l_i:459) <= ((-1 * phi_l_i:222)
                                                       + (-1 * K:461)))
                     /\ (!(0 <= K:461)
                           \/ mid_l_i:459 <= (phi_l_i:222 + K:461))
                     /\ (!((0 <= K:461 /\ K:461 <= 0)) \/ 0 <= K:461)
                     /\ (!(1 <= K:461) \/ 0 <= (-1 + phi_l_i:222 + K:461))))
         /\ mid_l_j:458 = l_j':462 /\ mid_l_i:459 = l_i':463
         /\ mid_l_x:460 = l_x':464 /\ (-1 + (phi_tmp___7:187)) = 0
         /\ 0 <= (l_i':463) /\ 0 <= (phi_r_i:220) /\ havoc:168 <= l_i':463
         /\ ((phi_r_j:219 = mid_r_j:465 /\ phi_r_i:220 = mid_r_i:466
                /\ phi_r_x:223 = mid_r_x:467)
               \/ ((-1 + phi_tmp___7:187) = 0
                     /\ 0 <= (-1 + (-1 * phi_r_i:220) + havoc:172)
                     /\ 0 <= (l_i':463 + (-1 * havoc:168)) /\ 0 <= l_i':463
                     /\ 0 <= phi_r_i:220 /\ 1 <= K:468
                     /\ (-1 + phi_tmp___7:187) = 0
                     /\ 0 <= ((-1 * mid_r_i:466) + havoc:172)
                     /\ 0 <= (l_i':463 + (-1 * havoc:168)) /\ 0 <= l_i':463
                     /\ 0 <= (-1 + mid_r_i:466)
                     /\ (!(0 <= K:468)
                           \/ mid_r_j:465 = (phi_r_j:219
                                               + (havoc:170 * K:468)))
                     /\ (!(0 <= K:468)
                           \/ mid_r_x:467 = (phi_r_x:223
                                               + (phi_r_j:219 * K:468)
                                               + (-1/2 * havoc:170 * K:468)
                                               + (1/2 * havoc:170
                                                    * (K:468 * K:468))))
                     /\ (!(0 <= K:468) \/ mid_r_i:466 = (phi_r_i:220 + K:468))
                     /\ (!(0 <= K:468)
                           \/ (-1 * mid_r_i:466) <= ((-1 * phi_r_i:220)
                                                       + (-1 * K:468)))
                     /\ (!(0 <= K:468)
                           \/ mid_r_i:466 <= (phi_r_i:220 + K:468))
                     /\ (!((0 <= K:468 /\ K:468 <= 0)) \/ 0 <= K:468)
                     /\ (!(1 <= K:468) \/ 0 <= (-1 + phi_r_i:220 + K:468))))
         /\ mid_r_j:465 = r_j':469 /\ mid_r_i:466 = r_i':470
         /\ mid_r_x:467 = r_x':471 /\ (-1 + (phi_tmp___7:187)) = 0
         /\ 0 <= (l_i':463) /\ 0 <= (r_i':470) /\ havoc:172 <= r_i':470)}

Is not SAT! (Assertion on line 42 PASSED)
---------------------------------------------

================================================
Bounds on Variables

================================================
Finished!

real	0m1.706s
user	0m1.652s
sys	0m0.032s
