               \/ (0 <= ((-1 * phi_l_i:140) + havoc:14) /\ 0 <= phi_r_x:139
                     /\ 0 <= (-1 + phi_r_i:138 + (-1 * phi_r_N:119))
                     /\ 0 <= (-1 + phi_r_i:138) /\ 0 <= phi_l_i:140
                     /\ 0 <= phi_l_x:141 /\ 1 <= K:283
                     /\ 0 <= (1 + (-1 * mid_l_i:281) + havoc:14)
                     /\ 0 <= phi_r_x:139
                     /\ 0 <= (-1 + phi_r_i:138 + (-1 * phi_r_N:119))
                     /\ 0 <= (-1 + phi_r_i:138) /\ 0 <= (-1 + mid_l_i:281)
                     /\ 0 <= (1 + mid_l_x:282 + (-1 * mid_l_i:281))
                     /\ (!(0 <= K:283) \/ mid_l_i:281 = (phi_l_i:140 + K:283))
                     /\ (!(0 <= K:283)
                           \/ mid_l_x:282 = (phi_l_x:141 + (-1/2 * K:283)
                                               + (phi_l_i:140 * K:283)
                                               + (1/2 * (K:283 * K:283))))
                     /\ (!(0 <= K:283)
                           \/ (-1 * mid_l_x:282) <= ((-1 * phi_l_x:141)
                                                       + (1/2 * K:283)
                                                       + ((-1 * phi_l_i:140)
                                                            * K:283)
                                                       + (-1/2
                                                            * (K:283 * K:283))))
                     /\ (!(0 <= K:283)
                           \/ mid_l_x:282 <= (phi_l_x:141 + (-1/2 * K:283)
                                                + (phi_l_i:140 * K:283)
                                                + (1/2 * (K:283 * K:283))))
                     /\ (!(0 <= K:283)
                           \/ (-1 * mid_l_i:281) <= ((-1 * phi_l_i:140)
                                                       + (-1 * K:283)))
                     /\ (!(0 <= K:283)
                           \/ mid_l_i:281 <= (phi_l_i:140 + K:283))
                     /\ (!((0 <= K:283 /\ K:283 <= 0)) \/ 0 <= K:283)
                     /\ (!(1 <= K:283) \/ 0 <= (-1 + phi_l_i:140 + K:283))
                     /\ (!((0 <= K:283 /\ K:283 <= 0))
                           \/ 0 <= ((-3/2 * K:283) + (phi_l_i:140 * K:283)
                                      + (1/2 * (K:283 * K:283))))
                     /\ (!(1 <= K:283)
                           \/ 0 <= (1 + phi_l_x:141 + (-1 * phi_l_i:140)
                                      + (-3/2 * K:283)
                                      + (phi_l_i:140 * K:283)
                                      + (1/2 * (K:283 * K:283))))))
         /\ mid_l_i:281 = l_i':284 /\ mid_l_x:282 = l_x':285
         /\ 0 <= (l_x':285) /\ 0 <= (l_i':284) /\ 0 <= (phi_r_x:139)
         /\ 0 <= (-1 + (phi_r_i:138)) /\ havoc:14 < l_i':284
         /\ ((phi_r_i:138 = mid_r_i:286 /\ phi_r_x:139 = mid_r_x:287)
               \/ (0 <= ((-1 * phi_r_i:138) + phi_r_N:119) /\ 0 <= l_x':285
                     /\ 0 <= (-1 + l_i':284 + (-1 * havoc:14))
                     /\ 0 <= l_i':284 /\ 0 <= (-1 + phi_r_i:138)
                     /\ 0 <= phi_r_x:139 /\ 1 <= K:288
                     /\ 0 <= (1 + (-1 * mid_r_i:286) + phi_r_N:119)
                     /\ 0 <= l_x':285
                     /\ 0 <= (-1 + l_i':284 + (-1 * havoc:14))
                     /\ 0 <= l_i':284 /\ 0 <= (-2 + mid_r_i:286)
                     /\ 0 <= (1 + mid_r_x:287 + (-1 * mid_r_i:286))
                     /\ (!(0 <= K:288) \/ mid_r_i:286 = (phi_r_i:138 + K:288))
                     /\ (!(0 <= K:288)
                           \/ mid_r_x:287 = (phi_r_x:139 + (-1/2 * K:288)
                                               + (phi_r_i:138 * K:288)
                                               + (1/2 * (K:288 * K:288))))
                     /\ (!(0 <= K:288)
                           \/ (-1 * mid_r_x:287) <= ((-1 * phi_r_x:139)
                                                       + (1/2 * K:288)
                                                       + ((-1 * phi_r_i:138)
                                                            * K:288)
                                                       + (-1/2
                                                            * (K:288 * K:288))))
                     /\ (!(0 <= K:288)
                           \/ mid_r_x:287 <= (phi_r_x:139 + (-1/2 * K:288)
                                                + (phi_r_i:138 * K:288)
                                                + (1/2 * (K:288 * K:288))))
                     /\ (!(0 <= K:288)
                           \/ (-1 * mid_r_i:286) <= ((-1 * phi_r_i:138)
                                                       + (-1 * K:288)))
                     /\ (!(0 <= K:288)
                           \/ mid_r_i:286 <= (phi_r_i:138 + K:288))
                     /\ (!((0 <= K:288 /\ K:288 <= 0)) \/ 0 <= K:288)
                     /\ (!(1 <= K:288) \/ 0 <= (-2 + phi_r_i:138 + K:288))
                     /\ (!((0 <= K:288 /\ K:288 <= 0))
                           \/ 0 <= ((-3/2 * K:288) + (phi_r_i:138 * K:288)
                                      + (1/2 * (K:288 * K:288))))
                     /\ (!(1 <= K:288)
                           \/ 0 <= (1 + phi_r_x:139 + (-1 * phi_r_i:138)
                                      + (-3/2 * K:288)
                                      + (phi_r_i:138 * K:288)
                                      + (1/2 * (K:288 * K:288))))))
         /\ mid_r_i:286 = r_i':289 /\ mid_r_x:287 = r_x':290
         /\ 0 <= (l_x':285) /\ 0 <= (l_i':284) /\ 0 <= (r_x':290)
         /\ 0 <= (-1 + (r_i':289)) /\ phi_r_N:119 < r_i':289)}

Is not SAT! (Assertion on line 31 PASSED)
---------------------------------------------

================================================
Bounds on Variables

================================================
Finished!

real	0m1.052s
user	0m1.000s
sys	0m0.036s
