                                    /\ (!(1 <= K:219) \/ 0 <= (-1 + K:219))))
                        /\ mid_l_j:217 = l_j':220
                        /\ mid_l_tick:218 = l_tick':221
                        /\ 0 <= (-10 + ((havoc:203 + 10)))
                        /\ 0 <= (l_tick':221) /\ 0 <= (l_j':220)
                        /\ l_j':220 <= 0 /\ havoc:216 = phi_r_low:226
                        /\ havoc:216 = phi_tmp___2:225
                        /\ l_tick':221 = phi_l_tick:224
                        /\ l_j':220 = phi_l_j:223 /\ l_k:6 = phi_l_k:222))
                 /\ (havoc:203 + 10) = phi_l_low:239
                 /\ phi_r_low:226 = phi_r_low:238
                 /\ phi_tmp___2:225 = phi_tmp___2:237
                 /\ havoc:203 = phi_l_i:236
                 /\ phi_l_tick:224 = phi_l_tick:235
                 /\ phi_l_j:223 = phi_l_j:234 /\ phi_l_k:222 = phi_l_k:233)
                \/ (havoc:203 = havoc:227 /\ havoc:203 < 0
                      /\ ((0 = mid_l_tick:228 /\ havoc:203 = mid_l_i:229)
                            \/ (0 <= (-1 + (-1 * havoc:203))
                                  /\ 0 <= (-1 + havoc:203) /\ 1 <= K:230
                                  /\ 0 <= (-1 + (-1 * havoc:203))
                                  /\ 0 <= (-1 + mid_l_tick:228)
                                  /\ 0 <= mid_l_i:229
                                  /\ (!(0 <= K:230) \/ mid_l_tick:228 = K:230)
                                  /\ (!(0 <= K:230)
                                        \/ mid_l_i:229 = (havoc:203
                                                            + (-1 * K:230)))
                                  /\ (!(0 <= K:230)
                                        \/ (-1 * mid_l_i:229) <= ((-1
                                                                    * havoc:203)
                                                                    + K:230))
                                  /\ (!(0 <= K:230)
                                        \/ mid_l_i:229 <= (havoc:203
                                                             + (-1 * K:230)))
                                  /\ (!(0 <= K:230)
                                        \/ (-1 * mid_l_tick:228) <= (
                                           -1 * K:230))
                                  /\ (!(0 <= K:230)
                                        \/ mid_l_tick:228 <= K:230)
                                  /\ (!((0 <= K:230 /\ K:230 <= 0))
                                        \/ 0 <= K:230)
                                  /\ (!(1 <= K:230) \/ 0 <= (-1 + K:230))
                                  /\ (!((0 <= K:230 /\ K:230 <= 0))
                                        \/ 0 <= (-1 * K:230))
                                  /\ (!(1 <= K:230)
                                        \/ 0 <= (havoc:203 + (-1 * K:230)))))
                      /\ mid_l_tick:228 = l_tick':231
                      /\ mid_l_i:229 = l_i':232
                      /\ 0 <= (-1 + (-1 * havoc:203)) /\ 0 <= (l_tick':231)
                      /\ l_i':232 <= 0 /\ havoc:203 = phi_l_low:239
                      /\ havoc:227 = phi_r_low:238
                      /\ havoc:227 = phi_tmp___2:237
                      /\ l_i':232 = phi_l_i:236
                      /\ l_tick':231 = phi_l_tick:235 /\ l_j:9 = phi_l_j:234
                      /\ l_k:6 = phi_l_k:233)) /\ phi_r_low:238 < 0
               /\ ((0 = mid_r_tick:255 /\ phi_r_low:238 = mid_r_i:256)
                     \/ (0 <= (-1 + (-1 * phi_r_low:238))
                           /\ 0 <= phi_l_tick:235
                           /\ 0 <= (-1 + phi_r_low:238) /\ 1 <= K:257
                           /\ 0 <= (-1 + (-1 * phi_r_low:238))
                           /\ 0 <= phi_l_tick:235
                           /\ 0 <= (-1 + mid_r_tick:255) /\ 0 <= mid_r_i:256
                           /\ (!(0 <= K:257) \/ mid_r_tick:255 = K:257)
                           /\ (!(0 <= K:257)
                                 \/ mid_r_i:256 = (phi_r_low:238
                                                     + (-1 * K:257)))
                           /\ (!(0 <= K:257)
                                 \/ (-1 * mid_r_i:256) <= ((-1
                                                              * phi_r_low:238)
                                                             + K:257))
                           /\ (!(0 <= K:257)
                                 \/ mid_r_i:256 <= (phi_r_low:238
                                                      + (-1 * K:257)))
                           /\ (!(0 <= K:257)
                                 \/ (-1 * mid_r_tick:255) <= (-1 * K:257))
                           /\ (!(0 <= K:257) \/ mid_r_tick:255 <= K:257)
                           /\ (!((0 <= K:257 /\ K:257 <= 0)) \/ 0 <= K:257)
                           /\ (!(1 <= K:257) \/ 0 <= (-1 + K:257))
                           /\ (!((0 <= K:257 /\ K:257 <= 0))
                                 \/ 0 <= (-1 * K:257))
                           /\ (!(1 <= K:257)
                                 \/ 0 <= (phi_r_low:238 + (-1 * K:257)))))
               /\ mid_r_tick:255 = r_tick':258 /\ mid_r_i:256 = r_i':259
               /\ 0 <= (-1 + (-1 * phi_r_low:238)) /\ 0 <= (phi_l_tick:235)
               /\ 0 <= (r_tick':258) /\ r_i':259 <= 0
               /\ phi_r_low:238 = phi_r_low:264 /\ r_i':259 = phi_r_i:263
               /\ r_tick':258 = phi_r_tick:262 /\ r_j:14 = phi_r_j:261
               /\ r_k:11 = phi_r_k:260))}

Is not SAT! (Assertion on line 55 PASSED)
---------------------------------------------

================================================
Bounds on Variables

================================================
Finished!

real	0m1.254s
user	0m1.212s
sys	0m0.024s
