 tmp___0 := phi_tmp___0:99
 tmp___1 := phi_tmp___1:98
 l_x := l_x':171
 l_i := l_i':170
 r_y := r_y':176
 r_j := r_j':175
 when (((!(havoc:15 = havoc:88) /\ havoc:88 = phi_r_n:100
           /\ havoc:88 = phi_tmp___0:99 /\ 0 = phi_tmp___1:98)
          \/ (((havoc:15 = havoc:89 /\ havoc:15 <= 0 /\ havoc:89 = phi_r_n:97
                  /\ havoc:89 = phi_tmp___0:96 /\ 0 = phi_tmp___1:95)
                 \/ (((havoc:15 = havoc:90 /\ 0 < havoc:15
                         /\ 100000 <= havoc:15 /\ havoc:90 = phi_r_n:94
                         /\ havoc:90 = phi_tmp___0:93 /\ 0 = phi_tmp___1:92)
                        \/ (havoc:15 = havoc:91 /\ 0 < havoc:15
                              /\ havoc:15 < 100000 /\ havoc:91 = phi_r_n:94
                              /\ havoc:91 = phi_tmp___0:93
                              /\ 1 = phi_tmp___1:92))
                       /\ phi_r_n:94 = phi_r_n:97
                       /\ phi_tmp___0:93 = phi_tmp___0:96
                       /\ phi_tmp___1:92 = phi_tmp___1:95))
                /\ phi_r_n:97 = phi_r_n:100
                /\ phi_tmp___0:96 = phi_tmp___0:99
                /\ phi_tmp___1:95 = phi_tmp___1:98)) /\ !(phi_tmp___1:98 = 0)
         /\ ((0 = mid_l_i:167 /\ 0 = mid_l_x:168)
               \/ ((-1 + phi_tmp___1:98) = 0 /\ 0 <= havoc:15 /\ 1 <= K:169
                     /\ (-1 + phi_tmp___1:98) = 0
                     /\ 0 <= (1 + (-1 * mid_l_i:167) + havoc:15)
                     /\ 0 <= (-1 + mid_l_i:167)
                     /\ 0 <= (1 + mid_l_x:168 + (-1 * mid_l_i:167))
                     /\ (!(0 <= K:169) \/ mid_l_i:167 = K:169)
                     /\ (!(0 <= K:169)
                           \/ mid_l_x:168 = ((-1/2 * K:169)
                                               + (1/2 * (K:169 * K:169))))
                     /\ (!(0 <= K:169)
                           \/ (-1 * mid_l_x:168) <= ((1/2 * K:169)
                                                       + (-1/2
                                                            * (K:169 * K:169))))
                     /\ (!(0 <= K:169)
                           \/ mid_l_x:168 <= ((-1/2 * K:169)
                                                + (1/2 * (K:169 * K:169))))
                     /\ (!(0 <= K:169) \/ (-1 * mid_l_i:167) <= (-1 * K:169))
                     /\ (!(0 <= K:169) \/ mid_l_i:167 <= K:169)
                     /\ (!((0 <= K:169 /\ K:169 <= 0)) \/ 0 <= K:169)
                     /\ (!(1 <= K:169) \/ 0 <= (-1 + K:169))
                     /\ (!((0 <= K:169 /\ K:169 <= 0))
                           \/ 0 <= ((-3/2 * K:169) + (1/2 * (K:169 * K:169))))
                     /\ (!(1 <= K:169)
                           \/ 0 <= (1 + (-3/2 * K:169)
                                      + (1/2 * (K:169 * K:169))))))
         /\ mid_l_i:167 = l_i':170 /\ mid_l_x:168 = l_x':171
         /\ (-1 + (phi_tmp___1:98)) = 0 /\ 0 <= (l_x':171) /\ 0 <= (l_i':170)
         /\ havoc:15 < l_i':170
         /\ ((1 = mid_r_j:172 /\ 0 = mid_r_y:173)
               \/ ((-1 + phi_tmp___1:98) = 0 /\ 0 <= (-1 + phi_r_n:100)
                     /\ 0 <= l_x':171 /\ 0 <= l_i':170 /\ 0 <= (-1 + 1)
                     /\ 1 <= K:174 /\ (-1 + phi_tmp___1:98) = 0
                     /\ 0 <= (1 + (-1 * mid_r_j:172) + phi_r_n:100)
                     /\ 0 <= l_x':171 /\ 0 <= l_i':170
                     /\ 0 <= (-2 + mid_r_j:172)
                     /\ 0 <= (1 + mid_r_y:173 + (-1 * mid_r_j:172))
                     /\ (!(0 <= K:174) \/ mid_r_j:172 = (1 + K:174))
                     /\ (!(0 <= K:174)
                           \/ mid_r_y:173 = ((-1/2 * K:174) + (K:174)
                                               + (1/2 * (K:174 * K:174))))
                     /\ (!(0 <= K:174)
                           \/ (-1 * mid_r_y:173) <= ((1/2 * K:174)
                                                       + (-1 * K:174)
                                                       + (-1/2
                                                            * (K:174 * K:174))))
                     /\ (!(0 <= K:174)
                           \/ mid_r_y:173 <= ((-1/2 * K:174) + (K:174)
                                                + (1/2 * (K:174 * K:174))))
                     /\ (!(0 <= K:174)
                           \/ (-1 * mid_r_j:172) <= (-1 + (-1 * K:174)))
                     /\ (!(0 <= K:174) \/ mid_r_j:172 <= (1 + K:174))
                     /\ (!((0 <= K:174 /\ K:174 <= 0)) \/ 0 <= K:174)
                     /\ (!(1 <= K:174) \/ 0 <= (-2 + 1 + K:174))
                     /\ (!((0 <= K:174 /\ K:174 <= 0))
                           \/ 0 <= ((-3/2 * K:174) + (K:174)
                                      + (1/2 * (K:174 * K:174))))
                     /\ (!(1 <= K:174)
                           \/ 0 <= (1 + -1 + (-3/2 * K:174) + (K:174)
                                      + (1/2 * (K:174 * K:174))))))
         /\ mid_r_j:172 = r_j':175 /\ mid_r_y:173 = r_y':176
         /\ (-1 + (phi_tmp___1:98)) = 0 /\ 0 <= (l_x':171) /\ 0 <= (l_i':170)
         /\ 0 <= (r_y':176) /\ 0 <= (-1 + (r_j':175))
         /\ phi_r_n:100 < r_j':175)}

Is not SAT! (Assertion on line 19 PASSED)
---------------------------------------------

================================================
Bounds on Variables

================================================
Finished!

real	0m0.753s
user	0m0.724s
sys	0m0.016s
