                                                       + (havoc:156
                                                            * (-1 + (-1 * q) + q ^ 2) ^ -1:55(
                                                            (K:208 + 1)))))
                           /\ (!(0 <= K:208)
                                 \/ (-1 * mid_r_f21:207) <= ((-1 * havoc:155)
                                                               + ((-1
                                                                    * havoc:155)
                                                                    * (-1 + (-1 * q) + q ^ 2) ^ -1:55(
                                                                    K:208))
                                                               + (-1
                                                                    * (
                                                                    -1
                                                                    * havoc:156)
                                                                    * (-1 + (-1 * q) + q ^ 2) ^ -1:55(
                                                                    K:208))
                                                               + ((-1
                                                                    * havoc:156)
                                                                    * (-1 + (-1 * q) + q ^ 2) ^ -1:55(
                                                                    (
                                                                    K:208 + 1)))))
                           /\ (!(0 <= K:208)
                                 \/ mid_r_f21:207 <= (havoc:155
                                                        + (havoc:155
                                                             * (-1 + (-1 * q) + q ^ 2) ^ -1:55(
                                                             K:208))
                                                        + (-1 * havoc:156
                                                             * (-1 + (-1 * q) + q ^ 2) ^ -1:55(
                                                             K:208))
                                                        + (havoc:156
                                                             * (-1 + (-1 * q) + q ^ 2) ^ -1:55(
                                                             (K:208 + 1)))))
                           /\ (!(0 <= K:208)
                                 \/ (-1 * mid_r_f22:206) <= ((-1 * havoc:156)
                                                               + (-1
                                                                    * (
                                                                    -1
                                                                    * havoc:155)
                                                                    * (-1 + (-1 * q) + q ^ 2) ^ -1:55(
                                                                    K:208))
                                                               + (2
                                                                    * (
                                                                    -1
                                                                    * havoc:156)
                                                                    * (-1 + (-1 * q) + q ^ 2) ^ -1:55(
                                                                    K:208))
                                                               + ((-1
                                                                    * havoc:155)
                                                                    * (-1 + (-1 * q) + q ^ 2) ^ -1:55(
                                                                    (
                                                                    K:208 + 1)))
                                                               + (-1
                                                                    * (
                                                                    -1
                                                                    * havoc:156)
                                                                    * (-1 + (-1 * q) + q ^ 2) ^ -1:55(
                                                                    (
                                                                    K:208 + 1)))))
                           /\ (!(0 <= K:208)
                                 \/ mid_r_f22:206 <= (havoc:156
                                                        + (-1 * havoc:155
                                                             * (-1 + (-1 * q) + q ^ 2) ^ -1:55(
                                                             K:208))
                                                        + (2 * havoc:156
                                                             * (-1 + (-1 * q) + q ^ 2) ^ -1:55(
                                                             K:208))
                                                        + (havoc:155
                                                             * (-1 + (-1 * q) + q ^ 2) ^ -1:55(
                                                             (K:208 + 1)))
                                                        + (-1 * havoc:156
                                                             * (-1 + (-1 * q) + q ^ 2) ^ -1:55(
                                                             (K:208 + 1)))))
                           /\ (!(0 <= K:208)
                                 \/ (-1 * mid_r_n2:205) <= ((-1 * havoc:157)
                                                              + K:208))
                           /\ (!(0 <= K:208)
                                 \/ mid_r_n2:205 <= (havoc:157 + (-1 * K:208)))
                           /\ (!((0 <= K:208 /\ K:208 <= 0))
                                 \/ 0 <= (-1 * K:208))
                           /\ (!(1 <= K:208)
                                 \/ 0 <= (havoc:157 + (-1 * K:208)))))
               /\ mid_r_n2:205 = r_n2':209 /\ mid_r_f22:206 = r_f22':210
               /\ mid_r_f21:207 = r_f21':211 /\ 0 <= (-1 * phi_l_n1:195)
               /\ 0 <= (phi_l_l1:194) /\ 0 <= (1 + (-1 * phi_l_l1:194))
               /\ (-1 + (phi_tmp___9:177)) = 0 /\ r_n2':209 <= 0
               /\ havoc:158 < r_f21':211 /\ r_f21':211 = phi_r_f21:215
               /\ r_f22':210 = phi_r_f22:214 /\ r_n2':209 = phi_r_n2:213
               /\ 1 = phi_r_l2:212))}

Is not SAT! (Assertion on line 33 PASSED)
---------------------------------------------

================================================
Bounds on Variables

================================================
Finished!

real	0m0.994s
user	0m0.948s
sys	0m0.024s
