                                   /\ (!(0 <= K:294)
                                         \/ mid_r_f21:293 <= (havoc:224
                                                                + (havoc:224
                                                                    * (-1 + (-1 * q) + q ^ 2) ^ -1:76(
                                                                    K:294))
                                                                + (-1
                                                                    * havoc:225
                                                                    * (-1 + (-1 * q) + q ^ 2) ^ -1:76(
                                                                    K:294))
                                                                + (havoc:225
                                                                    * (-1 + (-1 * q) + q ^ 2) ^ -1:76(
                                                                    (
                                                                    K:294 + 1)))))
                                   /\ (!(0 <= K:294)
                                         \/ (-1 * mid_r_f22:292) <= (
                                            (-1 * havoc:225)
                                              + (-1 * (-1 * havoc:224)
                                                   * (-1 + (-1 * q) + q ^ 2) ^ -1:76(
                                                   K:294))
                                              + (2 * (-1 * havoc:225)
                                                   * (-1 + (-1 * q) + q ^ 2) ^ -1:76(
                                                   K:294))
                                              + ((-1 * havoc:224)
                                                   * (-1 + (-1 * q) + q ^ 2) ^ -1:76(
                                                   (K:294 + 1)))
                                              + (-1 * (-1 * havoc:225)
                                                   * (-1 + (-1 * q) + q ^ 2) ^ -1:76(
                                                   (K:294 + 1)))))
                                   /\ (!(0 <= K:294)
                                         \/ mid_r_f22:292 <= (havoc:225
                                                                + (-1
                                                                    * havoc:224
                                                                    * (-1 + (-1 * q) + q ^ 2) ^ -1:76(
                                                                    K:294))
                                                                + (2
                                                                    * havoc:225
                                                                    * (-1 + (-1 * q) + q ^ 2) ^ -1:76(
                                                                    K:294))
                                                                + (havoc:224
                                                                    * (-1 + (-1 * q) + q ^ 2) ^ -1:76(
                                                                    (
                                                                    K:294 + 1)))
                                                                + (-1
                                                                    * havoc:225
                                                                    * (-1 + (-1 * q) + q ^ 2) ^ -1:76(
                                                                    (
                                                                    K:294 + 1)))))
                                   /\ (!(0 <= K:294)
                                         \/ (-1 * mid_r_n2:291) <= ((-1
                                                                    * havoc:226)
                                                                    + K:294))
                                   /\ (!(0 <= K:294)
                                         \/ mid_r_n2:291 <= (havoc:226
                                                               + (-1 * K:294)))
                                   /\ (!((0 <= K:294 /\ K:294 <= 0))
                                         \/ 0 <= (-1 * K:294))
                                   /\ (!(1 <= K:294)
                                         \/ 0 <= (havoc:226 + (-1 * K:294)))))
                       /\ mid_r_n2:291 = r_n2':295
                       /\ mid_r_f22:292 = r_f22':296
                       /\ mid_r_f21:293 = r_f21':297
                       /\ 0 <= (-1 * phi_l_n1:270)
                       /\ (-1 + (phi_tmp___13:252)) = 0 /\ r_n2':295 <= 0
                       /\ !(phi_r_h2:254 = 0) /\ l_l1':290 = phi_l_l1:303
                       /\ l_i1':289 = phi_l_i1:302
                       /\ r_f21':297 = phi_r_f21:301
                       /\ r_f22':296 = phi_r_f22:300
                       /\ r_n2':295 = phi_r_n2:299 /\ 1 = phi_r_x2:298))
                /\ phi_r_h2:254 = 0 /\ 1 = phi_r_x2:304))
         /\ ((havoc:229 = mid_r_i2:526 /\ havoc:227 = mid_r_l2:527)
               \/ ((-1 + phi_tmp___13:252) = 0
                     /\ 0 <= (-1 + (-1 * havoc:229) + phi_r_f21:301)
                     /\ 0 <= (-1 * phi_r_n2:299) /\ 0 <= (-1 * phi_l_n1:270)
                     /\ 1 <= K:528 /\ (-1 + phi_tmp___13:252) = 0
                     /\ 0 <= ((-1 * mid_r_i2:526) + phi_r_f21:301)
                     /\ 0 <= (-1 * phi_r_n2:299) /\ 0 <= (-1 * phi_l_n1:270)
                     /\ (!(0 <= K:528) \/ mid_r_i2:526 = (havoc:229 + K:528))
                     /\ (!(0 <= K:528)
                           \/ mid_r_l2:527 = (havoc:227
                                                + (phi_r_x2:304 * K:528)))
                     /\ (!(0 <= K:528)
                           \/ (-1 * mid_r_i2:526) <= ((-1 * havoc:229)
                                                        + (-1 * K:528)))
                     /\ (!(0 <= K:528) \/ mid_r_i2:526 <= (havoc:229 + K:528))))
         /\ mid_r_i2:526 = r_i2':529 /\ mid_r_l2:527 = r_l2':530
         /\ 0 <= (-1 * phi_l_n1:270) /\ 0 <= (-1 * phi_r_n2:299)
         /\ (-1 + (phi_tmp___13:252)) = 0 /\ phi_r_f21:301 <= r_i2':529)}

Is not SAT! (Assertion on line 49 PASSED)
---------------------------------------------

================================================
Bounds on Variables

================================================
Finished!

real	0m1.625s
user	0m1.576s
sys	0m0.028s
