                                         + (-1 * mid_mem_16:227) + alloc:37) = 0
                                   /\ (-4 + (4 * mid_l_i:228)
                                         + (-1 * mid_mem_16@pos:226)) = 0
                                   /\ 0 <= ((-1 * mid_l_i:228) + 10)
                                   /\ 0 <= (-1 + mid_l_i:228)
                                   /\ (!(0 <= K:229) \/ mid_l_i:228 = K:229)
                                   /\ (!(0 <= K:229)
                                         \/ (-1 * mid_l_i:228) <= (-1 * K:229))
                                   /\ (!(0 <= K:229) \/ mid_l_i:228 <= K:229)
                                   /\ (!((0 <= K:229 /\ K:229 <= 0))
                                         \/ 0 <= K:229)
                                   /\ (!(1 <= K:229) \/ 0 <= (-1 + K:229))))
                       /\ mid_mem_16@width:225 = mem_16@width':230
                       /\ mid_mem_16@pos:226 = mem_16@pos':231
                       /\ mid_mem_16:227 = mem_16':232
                       /\ mid_l_i:228 = l_i':233
                       /\ (-1 + (phi_tmp___3:213)) = 0 /\ 0 <= (l_i':233)
                       /\ l_i':233 < 10 /\ havoc:205 <= tr:234
                       /\ l_i':233 = phi_l_i:238
                       /\ (alloc:37 + (4 * l_i':233)) = phi_mem_16:237
                       /\ (4 * l_i':233) = phi_mem_16@pos:236
                       /\ 40 = phi_mem_16@width:235))
                /\ (phi_l_i:238 = mid_l_i:251
                      \/ ((-1 + phi_tmp___3:213) = 0
                            /\ 0 <= (-1 + (-1 * phi_l_i:238) + (10 + 1))
                            /\ 0 <= phi_l_i:238 /\ 1 <= K:252
                            /\ (-1 + phi_tmp___3:213) = 0
                            /\ 0 <= ((-1 * mid_l_i:251) + (10 + 1))
                            /\ 0 <= (-1 + mid_l_i:251)
                            /\ (!(0 <= K:252)
                                  \/ mid_l_i:251 = (phi_l_i:238 + K:252))
                            /\ (!(0 <= K:252)
                                  \/ (-1 * mid_l_i:251) <= ((-1 * phi_l_i:238)
                                                              + (-1 * K:252)))
                            /\ (!(0 <= K:252)
                                  \/ mid_l_i:251 <= (phi_l_i:238 + K:252))
                            /\ (!((0 <= K:252 /\ K:252 <= 0)) \/ 0 <= K:252)
                            /\ (!(1 <= K:252)
                                  \/ 0 <= (-1 + phi_l_i:238 + K:252))))
                /\ mid_l_i:251 = l_i':253 /\ (-1 + (phi_tmp___3:213)) = 0
                /\ 0 <= (l_i':253) /\ (10 + 1) <= l_i':253
                /\ ((mem_18@width:59 = mid_mem_18@width:254
                       /\ mem_18@pos:57 = mid_mem_18@pos:255
                       /\ mem_18:55 = mid_mem_18:256 /\ 0 = mid_r_j:257)
                      \/ ((-1 + phi_tmp___3:213) = 0 /\ 0 <= (-1 + 10)
                            /\ 0 <= l_i':253 /\ 1 <= K:258
                            /\ ((-1 * mid_mem_18@width:254) + 40) = 0
                            /\ (-1 + phi_tmp___3:213) = 0
                            /\ (-4 + (4 * mid_r_j:257)
                                  + (-1 * mid_mem_18:256) + alloc:206) = 0
                            /\ (-4 + (4 * mid_r_j:257)
                                  + (-1 * mid_mem_18@pos:255)) = 0
                            /\ 0 <= ((-1 * mid_r_j:257) + 10)
                            /\ 0 <= l_i':253 /\ 0 <= (-1 + mid_r_j:257)
                            /\ (!(0 <= K:258) \/ mid_r_j:257 = K:258)
                            /\ (!(0 <= K:258)
                                  \/ (-1 * mid_r_j:257) <= (-1 * K:258))
                            /\ (!(0 <= K:258) \/ mid_r_j:257 <= K:258)
                            /\ (!((0 <= K:258 /\ K:258 <= 0)) \/ 0 <= K:258)
                            /\ (!(1 <= K:258) \/ 0 <= (-1 + K:258))))
                /\ mid_mem_18@width:254 = mem_18@width':259
                /\ mid_mem_18@pos:255 = mem_18@pos':260
                /\ mid_mem_18:256 = mem_18':261 /\ mid_r_j:257 = r_j':262
                /\ (-1 + (phi_tmp___3:213)) = 0 /\ 0 <= (l_i':253)
                /\ 0 <= (r_j':262) /\ r_j':262 < 10
                /\ phi_r_val:215 <= tr:263 /\ l_i':253 = phi_l_i:268
                /\ r_j':262 = phi_r_j:267
                /\ (alloc:206 + (4 * r_j':262)) = phi_mem_18:266
                /\ (4 * r_j':262) = phi_mem_18@pos:265
                /\ 40 = phi_mem_18@width:264))
         /\ (phi_r_j:267 = mid_r_j:434
               \/ ((-1 + phi_tmp___3:213) = 0
                     /\ 0 <= (-1 + (-1 * phi_r_j:267) + (10 + 1))
                     /\ 0 <= phi_l_i:268 /\ 0 <= phi_r_j:267 /\ 1 <= K:435
                     /\ (-1 + phi_tmp___3:213) = 0
                     /\ 0 <= ((-1 * mid_r_j:434) + (10 + 1))
                     /\ 0 <= phi_l_i:268 /\ 0 <= (-1 + mid_r_j:434)
                     /\ (!(0 <= K:435) \/ mid_r_j:434 = (phi_r_j:267 + K:435))
                     /\ (!(0 <= K:435)
                           \/ (-1 * mid_r_j:434) <= ((-1 * phi_r_j:267)
                                                       + (-1 * K:435)))
                     /\ (!(0 <= K:435)
                           \/ mid_r_j:434 <= (phi_r_j:267 + K:435))
                     /\ (!((0 <= K:435 /\ K:435 <= 0)) \/ 0 <= K:435)
                     /\ (!(1 <= K:435) \/ 0 <= (-1 + phi_r_j:267 + K:435))))
         /\ mid_r_j:434 = r_j':436 /\ (-1 + (phi_tmp___3:213)) = 0
         /\ 0 <= (phi_l_i:268) /\ 0 <= (r_j':436) /\ (10 + 1) <= r_j':436)}

Is not SAT! (Assertion on line 29 PASSED)
---------------------------------------------

================================================
Bounds on Variables

================================================
Finished!

real	0m0.967s
user	0m0.896s
sys	0m0.056s
