Passing command-line option -cra-forward-inv to duet.
Passing command-line option -cra-split-loops to duet.
Passing command-line option -use-ocrs to duet.
Passing command-line option -cra-matrix to duet.
./results/alignments/icra/antonopoulos/unaligned/loop-tiling-una.c:7: Warning: Variable-sized local variable l_a
./results/alignments/icra/antonopoulos/unaligned/loop-tiling-una.c:8: Error: Length of array is not a constant: M
Error in doStatement (Errormsg.Error)
./results/alignments/icra/antonopoulos/unaligned/loop-tiling-una.c:19: Error: Cannot resolve variable r_a.
./results/alignments/icra/antonopoulos/unaligned/loop-tiling-una.c:19: Error: Expecting a pointer type in index:
 t1=TInt(int, )
t2=TInt(int, )

./results/alignments/icra/antonopoulos/unaligned/loop-tiling-una.c:19: Error: Expecting a pointer type in index:
 t1=TInt(int, )
t2=TInt(int, )

./results/alignments/icra/antonopoulos/unaligned/loop-tiling-una.c:19: Error: Expected lval for assignment. Got Const(Int64(0,int,None))
./results/alignments/icra/antonopoulos/unaligned/loop-tiling-una.c:28: Error: Cannot resolve variable r_a.
./results/alignments/icra/antonopoulos/unaligned/loop-tiling-una.c:28: Error: Expecting a pointer type in index:
 t1=TInt(int, )
t2=TInt(int, )

./results/alignments/icra/antonopoulos/unaligned/loop-tiling-una.c:28: Error: Expecting a pointer type in index:
 t1=TInt(int, )
t2=TInt(int, )

Could not parse input file
real	0m0.027s
user	0m0.012s
sys	0m0.008s
