                     /\ (!(0 <= K:250)
                           \/ ((-16 * mid_r_y:249) + (-1 * mid_r_z:248)) <= (
                              (-16 * havoc:239) + -16))))
         /\ mid_r_w:247 = r_w':251 /\ mid_r_z:248 = r_z':252
         /\ mid_r_y:249 = r_y':253 /\ 0 <= (4 + (-1 * l_y':246))
         /\ 0 <= (-24 + (l_z':245)) /\ 0 <= (l_w':244)
         /\ 0 <= (-16 + (r_z':252)) /\ 0 <= (r_w':251) /\ r_y':253 <= 4)}


contextWeight extend intraproceduralWeight = 
Base relation: 
{l_x := havoc:16
 tmp := havoc:16
 r_x := havoc:239
 tmp___0 := havoc:239
 l_y := l_y':246
 l_z := l_z':245
 l_w := l_w':244
 r_y := r_y':253
 r_z := r_z':252
 r_w := r_w':251
 when (havoc:16 = havoc:239
         /\ ((0 = mid_l_w:240 /\ 24 = mid_l_z:241 /\ havoc:16 = mid_l_y:242)
               \/ (0 <= (120 + (-24 * havoc:16) + -120 + (24 * havoc:16))
                     /\ 0 <= (1 + (-1 * (0 mod 2))) /\ 0 <= (0 mod 2)
                     /\ 0 <= (-24 + 24) /\ 0 <= (-5 + havoc:16) /\ 1 <= K:243
                     /\ 0 <= (1 + (-1 * ((-1 + mid_l_w:240) mod 2)))
                     /\ 0 <= ((-1 + mid_l_w:240) mod 2)
                     /\ 0 <= (-1 + mid_l_w:240)
                     /\ 0 <= (-120 + mid_l_z:241
                                + (96 * ((-1 + mid_l_w:240) mod 2)))
                     /\ 0 <= (-4 + mid_l_y:242
                                + (-1 * ((-1 + mid_l_w:240) mod 2)))
                     /\ (!(0 <= K:243) \/ mid_l_w:240 = K:243)
                     /\ (!(0 <= K:243) \/ (-1 * mid_l_w:240) <= (-1 * K:243))
                     /\ (!(0 <= K:243) \/ mid_l_w:240 <= K:243)
                     /\ (!(0 <= K:243) \/ mid_l_y:242 <= havoc:16)
                     /\ (!((0 <= K:243 /\ K:243 <= 0)) \/ 0 <= K:243)
                     /\ (!(1 <= K:243) \/ 0 <= (-1 + K:243))
                     /\ (!(1 <= K:243) \/ 0 <= (-5 + havoc:16))
                     /\ (!(0 <= K:243)
                           \/ (-1 * mid_l_y:242) <= ((-1 * havoc:16) + K:243))
                     /\ (!(0 <= K:243)
                           \/ ((-96 * mid_l_y:242) + (-1 * mid_l_z:241)) <= (
                              (-96 * havoc:16) + -24))))
         /\ mid_l_w:240 = l_w':244 /\ mid_l_z:241 = l_z':245
         /\ mid_l_y:242 = l_y':246 /\ 0 <= (-24 + (l_z':245))
         /\ 0 <= (l_w':244) /\ l_y':246 <= 4
         /\ ((0 = mid_r_w:247 /\ 16 = mid_r_z:248 /\ havoc:239 = mid_r_y:249)
               \/ (0 <= (2 + (-1 * (0 mod 3))) /\ 0 <= (4 + (-1 * l_y':246))
                     /\ 0 <= l_w':244 /\ 0 <= (-24 + l_z':245)
                     /\ 0 <= (0 mod 3) /\ 0 <= (-16 + 16)
                     /\ 0 <= (-5 + havoc:239) /\ 1 <= K:250
                     /\ 0 <= (2 + (-1 * ((-1 + mid_r_w:247) mod 3)))
                     /\ 0 <= (4 + (-1 * l_y':246)) /\ 0 <= l_w':244
                     /\ 0 <= (-24 + l_z':245)
                     /\ 0 <= ((-1 + mid_r_w:247) mod 3)
                     /\ 0 <= (-1 + mid_r_w:247) /\ 0 <= (-16 + mid_r_z:248)
                     /\ 0 <= (-32 + mid_r_z:248
                                + (16 * ((-1 + mid_r_w:247) mod 3)))
                     /\ 0 <= (-8 + (2 * mid_r_y:249)
                                + (-1 * ((-1 + mid_r_w:247) mod 3)))
                     /\ 0 <= (-96 + (16 * mid_r_y:249) + mid_r_z:248)
                     /\ (!(0 <= K:250) \/ mid_r_w:247 = K:250)
                     /\ (!(0 <= K:250) \/ (-1 * mid_r_w:247) <= (-1 * K:250))
                     /\ (!(0 <= K:250) \/ mid_r_w:247 <= K:250)
                     /\ (!(0 <= K:250)
                           \/ ((16 * mid_r_y:249) + mid_r_z:248) <= (
                              ((16 * havoc:239) + 16)
                                + (-16 * (-1 * havoc:239))
                                + (-1 * ((16 * havoc:239) + 16))
                                + (16 * (-1 * havoc:239) * pow:29(2, K:250))
                                + (((16 * havoc:239) + 16) * pow:29(2, K:250))
                                + (-16 * K:250)))
                     /\ (!(0 <= K:250) \/ mid_r_y:249 <= havoc:239)
                     /\ (!((0 <= K:250 /\ K:250 <= 0)) \/ 0 <= K:250)
                     /\ (!(1 <= K:250) \/ 0 <= (-1 + K:250))
                     /\ (!(1 <= K:250) \/ 0 <= (-5 + havoc:239))
                     /\ (!(0 <= K:250)
                           \/ (-1 * mid_r_y:249) <= ((-1 * havoc:239) + K:250))
                     /\ (!(0 <= K:250)
                           \/ ((-16 * mid_r_y:249) + (-1 * mid_r_z:248)) <= (
                              (-16 * havoc:239) + -16))))
         /\ mid_r_w:247 = r_w':251 /\ mid_r_z:248 = r_z':252
         /\ mid_r_y:249 = r_y':253 /\ 0 <= (4 + (-1 * l_y':246))
         /\ 0 <= (-24 + (l_z':245)) /\ 0 <= (l_w':244)
         /\ 0 <= (-16 + (r_z':252)) /\ 0 <= (r_w':251) /\ r_y':253 <= 4)}

Is SAT! (Assertion on line 27 FAILED)
---------------------------------------------

================================================
Bounds on Variables

================================================
Finished!

real	0m0.782s
user	0m0.740s
sys	0m0.024s
