Checking assertion at vertex 41, line 22

Base relation: 
{when !(l_y:6 = r_y:9)}


contextWeight = 
Base relation: 
{}


intraproceduralWeight = 
Base relation: 
{l_x := havoc:16
 tmp := havoc:16
 r_x := havoc:204
 tmp___0 := havoc:204
 l_y := l_y':209
 l_z := (2 * havoc:16)
 l_i := l_i':208
 r_y := (2 * r_y':214)
 r_z := havoc:204
 r_i := r_i':213
 when (havoc:16 = havoc:204
         /\ ((0 = mid_l_i:205 /\ 0 = mid_l_y:206)
               \/ (0 <= (-1 + (2 * havoc:16)) /\ 1 <= K:207
                     /\ 0 <= ((-1 * mid_l_i:205) + (2 * havoc:16))
                     /\ 0 <= (-1 + mid_l_i:205)
                     /\ (!(0 <= K:207) \/ mid_l_i:205 = K:207)
                     /\ (!(0 <= K:207) \/ mid_l_y:206 = (havoc:16 * K:207))
                     /\ (!(0 <= K:207) \/ (-1 * mid_l_i:205) <= (-1 * K:207))
                     /\ (!(0 <= K:207) \/ mid_l_i:205 <= K:207)
                     /\ (!((0 <= K:207 /\ K:207 <= 0)) \/ 0 <= K:207)
                     /\ (!(1 <= K:207) \/ 0 <= (-1 + K:207))))
         /\ mid_l_i:205 = l_i':208 /\ mid_l_y:206 = l_y':209
         /\ 0 <= (l_i':208) /\ (2 * havoc:16) <= l_i':208
         /\ ((0 = mid_r_i:210 /\ 0 = mid_r_y:211)
               \/ (0 <= (-1 + havoc:204) /\ 0 <= l_i':208 /\ 1 <= K:212
                     /\ 0 <= ((-1 * mid_r_i:210) + havoc:204)
                     /\ 0 <= l_i':208 /\ 0 <= (-1 + mid_r_i:210)
                     /\ (!(0 <= K:212) \/ mid_r_i:210 = K:212)
                     /\ (!(0 <= K:212) \/ mid_r_y:211 = (havoc:204 * K:212))
                     /\ (!(0 <= K:212) \/ (-1 * mid_r_i:210) <= (-1 * K:212))
                     /\ (!(0 <= K:212) \/ mid_r_i:210 <= K:212)
                     /\ (!((0 <= K:212 /\ K:212 <= 0)) \/ 0 <= K:212)
                     /\ (!(1 <= K:212) \/ 0 <= (-1 + K:212))))
         /\ mid_r_i:210 = r_i':213 /\ mid_r_y:211 = r_y':214
         /\ 0 <= (l_i':208) /\ 0 <= (r_i':213) /\ havoc:204 <= r_i':213)}


contextWeight extend intraproceduralWeight = 
Base relation: 
{l_x := havoc:16
 tmp := havoc:16
 r_x := havoc:204
 tmp___0 := havoc:204
 l_y := l_y':209
 l_z := (2 * havoc:16)
 l_i := l_i':208
 r_y := (2 * r_y':214)
 r_z := havoc:204
 r_i := r_i':213
 when (havoc:16 = havoc:204
         /\ ((0 = mid_l_i:205 /\ 0 = mid_l_y:206)
               \/ (0 <= (-1 + (2 * havoc:16)) /\ 1 <= K:207
                     /\ 0 <= ((-1 * mid_l_i:205) + (2 * havoc:16))
                     /\ 0 <= (-1 + mid_l_i:205)
                     /\ (!(0 <= K:207) \/ mid_l_i:205 = K:207)
                     /\ (!(0 <= K:207) \/ mid_l_y:206 = (havoc:16 * K:207))
                     /\ (!(0 <= K:207) \/ (-1 * mid_l_i:205) <= (-1 * K:207))
                     /\ (!(0 <= K:207) \/ mid_l_i:205 <= K:207)
                     /\ (!((0 <= K:207 /\ K:207 <= 0)) \/ 0 <= K:207)
                     /\ (!(1 <= K:207) \/ 0 <= (-1 + K:207))))
         /\ mid_l_i:205 = l_i':208 /\ mid_l_y:206 = l_y':209
         /\ 0 <= (l_i':208) /\ (2 * havoc:16) <= l_i':208
         /\ ((0 = mid_r_i:210 /\ 0 = mid_r_y:211)
               \/ (0 <= (-1 + havoc:204) /\ 0 <= l_i':208 /\ 1 <= K:212
                     /\ 0 <= ((-1 * mid_r_i:210) + havoc:204)
                     /\ 0 <= l_i':208 /\ 0 <= (-1 + mid_r_i:210)
                     /\ (!(0 <= K:212) \/ mid_r_i:210 = K:212)
                     /\ (!(0 <= K:212) \/ mid_r_y:211 = (havoc:204 * K:212))
                     /\ (!(0 <= K:212) \/ (-1 * mid_r_i:210) <= (-1 * K:212))
                     /\ (!(0 <= K:212) \/ mid_r_i:210 <= K:212)
                     /\ (!((0 <= K:212 /\ K:212 <= 0)) \/ 0 <= K:212)
                     /\ (!(1 <= K:212) \/ 0 <= (-1 + K:212))))
         /\ mid_r_i:210 = r_i':213 /\ mid_r_y:211 = r_y':214
         /\ 0 <= (l_i':208) /\ 0 <= (r_i':213) /\ havoc:204 <= r_i':213)}

Is not SAT! (Assertion on line 22 PASSED)
---------------------------------------------

================================================
Bounds on Variables

================================================
Finished!

real	0m0.614s
user	0m0.580s
sys	0m0.012s
