 l_i := l_i':150
 r_x := r_x':156
 r_i := r_i':155
 when (havoc:14 = havoc:146
         /\ ((0 = mid_l_i:147 /\ 0 = mid_l_x:148)
               \/ (0 <= havoc:14 /\ 1 <= K:149
                     /\ 0 <= (1 + (-1 * mid_l_i:147) + havoc:14)
                     /\ 0 <= (-1 + mid_l_i:147) /\ 0 <= (-1 + mid_l_x:148)
                     /\ (!(0 <= K:149) \/ mid_l_i:147 = K:149)
                     /\ (!(0 <= K:149) \/ mid_l_x:148 = K:149)
                     /\ (!(0 <= K:149) \/ (-1 * mid_l_x:148) <= (-1 * K:149))
                     /\ (!(0 <= K:149) \/ mid_l_x:148 <= K:149)
                     /\ (!(0 <= K:149) \/ (-1 * mid_l_i:147) <= (-1 * K:149))
                     /\ (!(0 <= K:149) \/ mid_l_i:147 <= K:149)
                     /\ (!((0 <= K:149 /\ K:149 <= 0)) \/ 0 <= K:149)
                     /\ (!(1 <= K:149) \/ 0 <= (-1 + K:149))
                     /\ (!((0 <= K:149 /\ K:149 <= 0)) \/ 0 <= K:149)
                     /\ (!(1 <= K:149) \/ 0 <= (-1 + K:149))))
         /\ mid_l_i:147 = l_i':150 /\ mid_l_x:148 = l_x':151
         /\ 0 <= (l_x':151) /\ 0 <= (l_i':150) /\ havoc:14 < l_i':150
         /\ ((0 = mid_r_i:152 /\ 0 = mid_r_x:153)
               \/ (0 <= havoc:146 /\ 0 <= l_x':151 /\ 0 <= l_i':150
                     /\ 1 <= K:154
                     /\ 0 <= (1 + (-1 * mid_r_i:152) + havoc:146)
                     /\ 0 <= l_x':151 /\ 0 <= l_i':150
                     /\ 0 <= (-1 + mid_r_i:152) /\ 0 <= (-1 + mid_r_x:153)
                     /\ (!(0 <= K:154) \/ mid_r_i:152 = K:154)
                     /\ (!(0 <= K:154) \/ mid_r_x:153 = K:154)
                     /\ (!(0 <= K:154) \/ (-1 * mid_r_x:153) <= (-1 * K:154))
                     /\ (!(0 <= K:154) \/ mid_r_x:153 <= K:154)
                     /\ (!(0 <= K:154) \/ (-1 * mid_r_i:152) <= (-1 * K:154))
                     /\ (!(0 <= K:154) \/ mid_r_i:152 <= K:154)
                     /\ (!((0 <= K:154 /\ K:154 <= 0)) \/ 0 <= K:154)
                     /\ (!(1 <= K:154) \/ 0 <= (-1 + K:154))
                     /\ (!((0 <= K:154 /\ K:154 <= 0)) \/ 0 <= K:154)
                     /\ (!(1 <= K:154) \/ 0 <= (-1 + K:154))))
         /\ mid_r_i:152 = r_i':155 /\ mid_r_x:153 = r_x':156
         /\ 0 <= (l_x':151) /\ 0 <= (l_i':150) /\ 0 <= (r_x':156)
         /\ 0 <= (r_i':155) /\ havoc:146 < r_i':155)}


contextWeight extend intraproceduralWeight = 
Base relation: 
{l_n := havoc:14
 tmp := havoc:14
 r_n := havoc:146
 tmp___0 := havoc:146
 l_x := l_x':151
 l_i := l_i':150
 r_x := r_x':156
 r_i := r_i':155
 when (havoc:14 = havoc:146
         /\ ((0 = mid_l_i:147 /\ 0 = mid_l_x:148)
               \/ (0 <= havoc:14 /\ 1 <= K:149
                     /\ 0 <= (1 + (-1 * mid_l_i:147) + havoc:14)
                     /\ 0 <= (-1 + mid_l_i:147) /\ 0 <= (-1 + mid_l_x:148)
                     /\ (!(0 <= K:149) \/ mid_l_i:147 = K:149)
                     /\ (!(0 <= K:149) \/ mid_l_x:148 = K:149)
                     /\ (!(0 <= K:149) \/ (-1 * mid_l_x:148) <= (-1 * K:149))
                     /\ (!(0 <= K:149) \/ mid_l_x:148 <= K:149)
                     /\ (!(0 <= K:149) \/ (-1 * mid_l_i:147) <= (-1 * K:149))
                     /\ (!(0 <= K:149) \/ mid_l_i:147 <= K:149)
                     /\ (!((0 <= K:149 /\ K:149 <= 0)) \/ 0 <= K:149)
                     /\ (!(1 <= K:149) \/ 0 <= (-1 + K:149))
                     /\ (!((0 <= K:149 /\ K:149 <= 0)) \/ 0 <= K:149)
                     /\ (!(1 <= K:149) \/ 0 <= (-1 + K:149))))
         /\ mid_l_i:147 = l_i':150 /\ mid_l_x:148 = l_x':151
         /\ 0 <= (l_x':151) /\ 0 <= (l_i':150) /\ havoc:14 < l_i':150
         /\ ((0 = mid_r_i:152 /\ 0 = mid_r_x:153)
               \/ (0 <= havoc:146 /\ 0 <= l_x':151 /\ 0 <= l_i':150
                     /\ 1 <= K:154
                     /\ 0 <= (1 + (-1 * mid_r_i:152) + havoc:146)
                     /\ 0 <= l_x':151 /\ 0 <= l_i':150
                     /\ 0 <= (-1 + mid_r_i:152) /\ 0 <= (-1 + mid_r_x:153)
                     /\ (!(0 <= K:154) \/ mid_r_i:152 = K:154)
                     /\ (!(0 <= K:154) \/ mid_r_x:153 = K:154)
                     /\ (!(0 <= K:154) \/ (-1 * mid_r_x:153) <= (-1 * K:154))
                     /\ (!(0 <= K:154) \/ mid_r_x:153 <= K:154)
                     /\ (!(0 <= K:154) \/ (-1 * mid_r_i:152) <= (-1 * K:154))
                     /\ (!(0 <= K:154) \/ mid_r_i:152 <= K:154)
                     /\ (!((0 <= K:154 /\ K:154 <= 0)) \/ 0 <= K:154)
                     /\ (!(1 <= K:154) \/ 0 <= (-1 + K:154))
                     /\ (!((0 <= K:154 /\ K:154 <= 0)) \/ 0 <= K:154)
                     /\ (!(1 <= K:154) \/ 0 <= (-1 + K:154))))
         /\ mid_r_i:152 = r_i':155 /\ mid_r_x:153 = r_x':156
         /\ 0 <= (l_x':151) /\ 0 <= (l_i':150) /\ 0 <= (r_x':156)
         /\ 0 <= (r_i':155) /\ havoc:146 < r_i':155)}

Is not SAT! (Assertion on line 19 PASSED)
---------------------------------------------

================================================
Bounds on Variables

================================================
Finished!

real	0m0.673s
user	0m0.644s
sys	0m0.012s
