
Beginning Iteration
-------------------
add_unrolls: false
depth: 1
cost function: optimize_structure
Treating naive product as final alignment.
Writing Daikon to /home/rob/code/kestrel/.kestrel-work/daikon_output.c...
Done
Compiling Daikon output...
Running Kvasir...
==341096== kvasir-5.8.18, C/C++ Language Front-End for Daikon with DynComp comparability analysis tool.
==341096== Copyright (C) 2007-2022, University of Washington CSE PLSE Group
==341096== Using Valgrind-3.19.0.Fjalar and LibVEX; rerun with -h for copyright info
==341096== Command: /home/rob/code/kestrel/.kestrel-work/daikon_output
==341096== 
==341097== 
==341097== For lists of detected and suppressed errors, rerun with: -s
==341097== ERROR SUMMARY: 0 errors from 0 contexts (suppressed: 0 from 0)
==341098== 
==341098== For lists of detected and suppressed errors, rerun with: -s
==341098== ERROR SUMMARY: 0 errors from 0 contexts (suppressed: 0 from 0)
==341099== 
==341099== For lists of detected and suppressed errors, rerun with: -s
==341099== ERROR SUMMARY: 0 errors from 0 contexts (suppressed: 0 from 0)
==341100== 
==341100== For lists of detected and suppressed errors, rerun with: -s
==341100== ERROR SUMMARY: 0 errors from 0 contexts (suppressed: 0 from 0)
==341101== 
==341101== For lists of detected and suppressed errors, rerun with: -s
==341101== ERROR SUMMARY: 0 errors from 0 contexts (suppressed: 0 from 0)
==341102== 
==341102== For lists of detected and suppressed errors, rerun with: -s
==341102== ERROR SUMMARY: 0 errors from 0 contexts (suppressed: 0 from 0)
==341103== 
==341103== For lists of detected and suppressed errors, rerun with: -s
==341103== ERROR SUMMARY: 0 errors from 0 contexts (suppressed: 0 from 0)
==341104== 
==341104== For lists of detected and suppressed errors, rerun with: -s
==341104== ERROR SUMMARY: 0 errors from 0 contexts (suppressed: 0 from 0)
==341105== 
==341105== For lists of detected and suppressed errors, rerun with: -s
==341105== ERROR SUMMARY: 0 errors from 0 contexts (suppressed: 0 from 0)
==341106== 
==341106== For lists of detected and suppressed errors, rerun with: -s
==341106== ERROR SUMMARY: 0 errors from 0 contexts (suppressed: 0 from 0)
==341107== 
==341107== For lists of detected and suppressed errors, rerun with: -s
==341107== ERROR SUMMARY: 0 errors from 0 contexts (suppressed: 0 from 0)
==341108== 
==341108== For lists of detected and suppressed errors, rerun with: -s
==341108== ERROR SUMMARY: 0 errors from 0 contexts (suppressed: 0 from 0)
==341109== 
==341109== For lists of detected and suppressed errors, rerun with: -s
==341109== ERROR SUMMARY: 0 errors from 0 contexts (suppressed: 0 from 0)
==341110== 
==341110== For lists of detected and suppressed errors, rerun with: -s
==341110== ERROR SUMMARY: 0 errors from 0 contexts (suppressed: 0 from 0)
==341111== 
==341111== For lists of detected and suppressed errors, rerun with: -s
==341111== ERROR SUMMARY: 0 errors from 0 contexts (suppressed: 0 from 0)
==341112== 
==341112== For lists of detected and suppressed errors, rerun with: -s
==341112== ERROR SUMMARY: 0 errors from 0 contexts (suppressed: 0 from 0)
==341113== 
==341113== For lists of detected and suppressed errors, rerun with: -s
==341113== ERROR SUMMARY: 0 errors from 0 contexts (suppressed: 0 from 0)
==341114== 
==341114== For lists of detected and suppressed errors, rerun with: -s
==341114== ERROR SUMMARY: 0 errors from 0 contexts (suppressed: 0 from 0)
==341115== 
==341115== For lists of detected and suppressed errors, rerun with: -s
==341115== ERROR SUMMARY: 0 errors from 0 contexts (suppressed: 0 from 0)
==341116== 
==341116== For lists of detected and suppressed errors, rerun with: -s
==341116== ERROR SUMMARY: 0 errors from 0 contexts (suppressed: 0 from 0)
==341096== 
==341096== For lists of detected and suppressed errors, rerun with: -s
==341096== ERROR SUMMARY: 0 errors from 0 contexts (suppressed: 0 from 0)
Running Daikon...
houdafny.dfy(19,2): Warning: assume statement has no {:axiom} annotation
   |
19 |   assume l_low == r_low;
   |   ^^^^^^^^^^^^^^^^^^^^^^

houdafny.dfy(25,2): Warning: assume statement has no {:axiom} annotation
   |
25 |   assume (l_r == 0) || (l_r == 1);
   |   ^^^^^^^^^^^^^^^^^^^^^^^^^^^^^^^^

houdafny.dfy(36,4): Warning: assume statement has no {:axiom} annotation
   |
36 |     assume (l_r == 0) || (l_r == 1);
   |     ^^^^^^^^^^^^^^^^^^^^^^^^^^^^^^^^

houdafny.dfy(28,18): Error: this loop invariant could not be proved on entry
 Related message: loop invariant violation
   |
28 |     invariant l_r == 1
   |               ^^^^^^^^

houdafny.dfy(28,18): Error: this invariant could not be proved to be maintained by the loop
 Related message: loop invariant violation
   |
28 |     invariant l_r == 1
   |               ^^^^^^^^

houdafny.dfy(31,18): Error: this loop invariant could not be proved on entry
 Related message: loop invariant violation
   |
31 |     invariant l_x >= 0
   |               ^^^^^^^^


Dafny program verifier finished with 0 verified, 3 errors

houdafny.dfy(19,2): Warning: assume statement has no {:axiom} annotation
   |
19 |   assume l_low == r_low;
   |   ^^^^^^^^^^^^^^^^^^^^^^

houdafny.dfy(25,2): Warning: assume statement has no {:axiom} annotation
   |
25 |   assume (l_r == 0) || (l_r == 1);
   |   ^^^^^^^^^^^^^^^^^^^^^^^^^^^^^^^^

houdafny.dfy(34,4): Warning: assume statement has no {:axiom} annotation
   |
34 |     assume (l_r == 0) || (l_r == 1);
   |     ^^^^^^^^^^^^^^^^^^^^^^^^^^^^^^^^

houdafny.dfy(29,18): Error: this loop invariant could not be proved on entry
 Related message: loop invariant violation
   |
29 |     invariant l_r >= 1
   |               ^^^^^^^^

houdafny.dfy(29,18): Error: this invariant could not be proved to be maintained by the loop
 Related message: loop invariant violation
   |
29 |     invariant l_r >= 1
   |               ^^^^^^^^


Dafny program verifier finished with 0 verified, 2 errors

houdafny.dfy(19,2): Warning: assume statement has no {:axiom} annotation
   |
19 |   assume l_low == r_low;
   |   ^^^^^^^^^^^^^^^^^^^^^^

houdafny.dfy(25,2): Warning: assume statement has no {:axiom} annotation
   |
25 |   assume (l_r == 0) || (l_r == 1);
   |   ^^^^^^^^^^^^^^^^^^^^^^^^^^^^^^^^

houdafny.dfy(33,4): Warning: assume statement has no {:axiom} annotation
   |
33 |     assume (l_r == 0) || (l_r == 1);
   |     ^^^^^^^^^^^^^^^^^^^^^^^^^^^^^^^^

houdafny.dfy(48,18): Error: this loop invariant could not be proved on entry
 Related message: loop invariant violation
   |
48 |     invariant l_r == 0
   |               ^^^^^^^^

houdafny.dfy(51,20): Error: this loop invariant could not be proved on entry
 Related message: loop invariant violation
   |
51 |     invariant l_ret != 0
   |               ^^^^^^^^^^

houdafny.dfy(52,20): Error: this loop invariant could not be proved on entry
 Related message: loop invariant violation
   |
52 |     invariant l_ret >= 1
   |               ^^^^^^^^^^

houdafny.dfy(56,18): Error: this loop invariant could not be proved on entry
 Related message: loop invariant violation
   |
56 |     invariant r_x >= 0
   |               ^^^^^^^^


Dafny program verifier finished with 0 verified, 4 errors

houdafny.dfy(19,2): Warning: assume statement has no {:axiom} annotation
   |
19 |   assume l_low == r_low;
   |   ^^^^^^^^^^^^^^^^^^^^^^

houdafny.dfy(25,2): Warning: assume statement has no {:axiom} annotation
   |
25 |   assume (l_r == 0) || (l_r == 1);
   |   ^^^^^^^^^^^^^^^^^^^^^^^^^^^^^^^^

houdafny.dfy(33,4): Warning: assume statement has no {:axiom} annotation
   |
33 |     assume (l_r == 0) || (l_r == 1);
   |     ^^^^^^^^^^^^^^^^^^^^^^^^^^^^^^^^

houdafny.dfy(49,18): Error: this loop invariant could not be proved on entry
 Related message: loop invariant violation
   |
49 |     invariant l_r >= 0
   |               ^^^^^^^^


Dafny program verifier finished with 0 verified, 1 error

houdafny.dfy(19,2): Warning: assume statement has no {:axiom} annotation
   |
19 |   assume l_low == r_low;
   |   ^^^^^^^^^^^^^^^^^^^^^^

houdafny.dfy(25,2): Warning: assume statement has no {:axiom} annotation
   |
25 |   assume (l_r == 0) || (l_r == 1);
   |   ^^^^^^^^^^^^^^^^^^^^^^^^^^^^^^^^

houdafny.dfy(33,4): Warning: assume statement has no {:axiom} annotation
   |
33 |     assume (l_r == 0) || (l_r == 1);
   |     ^^^^^^^^^^^^^^^^^^^^^^^^^^^^^^^^


Dafny program verifier finished with 1 verified, 0 errors


Aligned Product Program
-----------------------

function flip(): int

function havoc_1(l_high: int, r_low: int, r_high: int, l_x: int, l_low: int): int

function havoc_2(l_high: int, l_r: int, r_low: int, r_high: int, l_x: int, l_low: int): int

function choice_n_3(l_ret: int, r_x: int, l_x: int, l_low: int, l_high: int, l_r: int, r_low: int, r_high: int): int {
  1
 }

function choice_n_4(l_ret: int, r_x: int, l_x: int, l_low: int, l_high: int, l_r: int, r_low: int, r_high: int): int {
  1
 }

method Product(l_low: int, l_high: int, r_low: int, r_high: int)
  decreases *
{
  assume l_low == r_low;
  var l_x: int;
  l_x := l_high;
  var l_r: int;
  assert true;
  l_r := havoc_1(l_high, r_low, r_high, l_x, l_low);
  assume (l_r == 0) || (l_r == 1);
  while (l_r > 0)
    decreases *
    invariant l_r <= 1
  {
    l_x := (l_x + 1);
    assert true;
    l_r := havoc_2(l_high, l_r, r_low, r_high, l_x, l_low);
    assume (l_r == 0) || (l_r == 1);
  }
  var l_ret: int;
  l_ret := l_x;
  var r_x: int;
  r_x := r_high;
  var r_r: int;
  var n_3: int := choice_n_3(l_ret, r_x, l_x, l_low, l_high, l_r, r_low, r_high);
  assert (n_3 == 0) || (n_3 == 1);
  r_r := n_3;
  while (r_r > 0)
    decreases *
    invariant l_ret == l_x
    invariant l_ret <= l_x
    invariant l_ret >= l_x
    invariant l_r <= 0
    invariant r_r == 1
    invariant r_r <= 1
    invariant r_r >= 1
  {
    r_x := (r_x + 1);
    var n_4: int := choice_n_4(l_ret, r_x, l_x, l_low, l_high, l_r, r_low, r_high);
    assert (n_4 == 0) || (n_4 == 1);
    r_r := n_4;
  }
  var r_ret: int;
  r_ret := r_x;
  assert l_ret == r_ret;
}


Per-Task Times (ms)
-------------------
insert-elaenia-specs: 0
set-parameters: 0
print-info: 0
align-none: 0
aligned-crel: 0
print-info: 0
print-info: 0
print-info: 0
insert-elaenia-specs: 0
write-sketch: 0
solve-sketch: 405
elaenia-invars: 1949
houdafny: 5694
compound_task: 8050
repeat_range: 8050
write-dafny: 0
print-info: 0


Extraction Settings
-------------------
Max AST Depth: 1
Loop unrolling: false
Cost function: structure
Max AST Depth: 1

Elaenia completed in 8050ms
Verified: true
