
Beginning Iteration
-------------------
add_unrolls: false
depth: 1
cost function: optimize_structure
Treating naive product as final alignment.
Writing Daikon to /home/rob/code/kestrel/.kestrel-work/daikon_output.c...
Done
Compiling Daikon output...
Running Kvasir...
==340803== kvasir-5.8.18, C/C++ Language Front-End for Daikon with DynComp comparability analysis tool.
==340803== Copyright (C) 2007-2022, University of Washington CSE PLSE Group
==340803== Using Valgrind-3.19.0.Fjalar and LibVEX; rerun with -h for copyright info
==340803== Command: /home/rob/code/kestrel/.kestrel-work/daikon_output
==340803== 
==340804== 
==340804== For lists of detected and suppressed errors, rerun with: -s
==340804== ERROR SUMMARY: 0 errors from 0 contexts (suppressed: 0 from 0)
==340805== 
==340805== For lists of detected and suppressed errors, rerun with: -s
==340805== ERROR SUMMARY: 0 errors from 0 contexts (suppressed: 0 from 0)
==340806== 
==340806== For lists of detected and suppressed errors, rerun with: -s
==340806== ERROR SUMMARY: 0 errors from 0 contexts (suppressed: 0 from 0)
==340807== 
==340807== For lists of detected and suppressed errors, rerun with: -s
==340807== ERROR SUMMARY: 0 errors from 0 contexts (suppressed: 0 from 0)
==340808== 
==340808== For lists of detected and suppressed errors, rerun with: -s
==340808== ERROR SUMMARY: 0 errors from 0 contexts (suppressed: 0 from 0)
==340809== 
==340809== For lists of detected and suppressed errors, rerun with: -s
==340809== ERROR SUMMARY: 0 errors from 0 contexts (suppressed: 0 from 0)
==340810== 
==340810== For lists of detected and suppressed errors, rerun with: -s
==340810== ERROR SUMMARY: 0 errors from 0 contexts (suppressed: 0 from 0)
==340811== 
==340811== For lists of detected and suppressed errors, rerun with: -s
==340811== ERROR SUMMARY: 0 errors from 0 contexts (suppressed: 0 from 0)
==340812== 
==340812== For lists of detected and suppressed errors, rerun with: -s
==340812== ERROR SUMMARY: 0 errors from 0 contexts (suppressed: 0 from 0)
==340813== 
==340813== For lists of detected and suppressed errors, rerun with: -s
==340813== ERROR SUMMARY: 0 errors from 0 contexts (suppressed: 0 from 0)
==340814== 
==340814== For lists of detected and suppressed errors, rerun with: -s
==340814== ERROR SUMMARY: 0 errors from 0 contexts (suppressed: 0 from 0)
==340815== 
==340815== For lists of detected and suppressed errors, rerun with: -s
==340815== ERROR SUMMARY: 0 errors from 0 contexts (suppressed: 0 from 0)
==340816== 
==340816== For lists of detected and suppressed errors, rerun with: -s
==340816== ERROR SUMMARY: 0 errors from 0 contexts (suppressed: 0 from 0)
==340817== 
==340817== For lists of detected and suppressed errors, rerun with: -s
==340817== ERROR SUMMARY: 0 errors from 0 contexts (suppressed: 0 from 0)
==340818== 
==340818== For lists of detected and suppressed errors, rerun with: -s
==340818== ERROR SUMMARY: 0 errors from 0 contexts (suppressed: 0 from 0)
==340819== 
==340819== For lists of detected and suppressed errors, rerun with: -s
==340819== ERROR SUMMARY: 0 errors from 0 contexts (suppressed: 0 from 0)
==340820== 
==340820== For lists of detected and suppressed errors, rerun with: -s
==340820== ERROR SUMMARY: 0 errors from 0 contexts (suppressed: 0 from 0)
==340821== 
==340821== For lists of detected and suppressed errors, rerun with: -s
==340821== ERROR SUMMARY: 0 errors from 0 contexts (suppressed: 0 from 0)
==340822== 
==340822== For lists of detected and suppressed errors, rerun with: -s
==340822== ERROR SUMMARY: 0 errors from 0 contexts (suppressed: 0 from 0)
==340823== 
==340823== For lists of detected and suppressed errors, rerun with: -s
==340823== ERROR SUMMARY: 0 errors from 0 contexts (suppressed: 0 from 0)
==340803== 
==340803== For lists of detected and suppressed errors, rerun with: -s
==340803== ERROR SUMMARY: 0 errors from 0 contexts (suppressed: 0 from 0)
Running Daikon...
houdafny.dfy(19,2): Warning: assume statement has no {:axiom} annotation
   |
19 |   assume l_low == r_low;
   |   ^^^^^^^^^^^^^^^^^^^^^^

houdafny.dfy(25,2): Warning: assume statement has no {:axiom} annotation
   |
25 |   assume (l_r == 0) || (l_r == 1);
   |   ^^^^^^^^^^^^^^^^^^^^^^^^^^^^^^^^

houdafny.dfy(36,4): Warning: assume statement has no {:axiom} annotation
   |
36 |     assume (l_r == 0) || (l_r == 1);
   |     ^^^^^^^^^^^^^^^^^^^^^^^^^^^^^^^^

houdafny.dfy(28,18): Error: this loop invariant could not be proved on entry
 Related message: loop invariant violation
   |
28 |     invariant l_r == 1
   |               ^^^^^^^^

houdafny.dfy(28,18): Error: this invariant could not be proved to be maintained by the loop
 Related message: loop invariant violation
   |
28 |     invariant l_r == 1
   |               ^^^^^^^^

houdafny.dfy(31,18): Error: this loop invariant could not be proved on entry
 Related message: loop invariant violation
   |
31 |     invariant l_x != 0
   |               ^^^^^^^^

houdafny.dfy(31,18): Error: this invariant could not be proved to be maintained by the loop
 Related message: loop invariant violation
   |
31 |     invariant l_x != 0
   |               ^^^^^^^^


Dafny program verifier finished with 0 verified, 4 errors

houdafny.dfy(19,2): Warning: assume statement has no {:axiom} annotation
   |
19 |   assume l_low == r_low;
   |   ^^^^^^^^^^^^^^^^^^^^^^

houdafny.dfy(25,2): Warning: assume statement has no {:axiom} annotation
   |
25 |   assume (l_r == 0) || (l_r == 1);
   |   ^^^^^^^^^^^^^^^^^^^^^^^^^^^^^^^^

houdafny.dfy(34,4): Warning: assume statement has no {:axiom} annotation
   |
34 |     assume (l_r == 0) || (l_r == 1);
   |     ^^^^^^^^^^^^^^^^^^^^^^^^^^^^^^^^

houdafny.dfy(29,18): Error: this loop invariant could not be proved on entry
 Related message: loop invariant violation
   |
29 |     invariant l_r >= 1
   |               ^^^^^^^^

houdafny.dfy(29,18): Error: this invariant could not be proved to be maintained by the loop
 Related message: loop invariant violation
   |
29 |     invariant l_r >= 1
   |               ^^^^^^^^


Dafny program verifier finished with 0 verified, 2 errors

houdafny.dfy(19,2): Warning: assume statement has no {:axiom} annotation
   |
19 |   assume l_low == r_low;
   |   ^^^^^^^^^^^^^^^^^^^^^^

houdafny.dfy(25,2): Warning: assume statement has no {:axiom} annotation
   |
25 |   assume (l_r == 0) || (l_r == 1);
   |   ^^^^^^^^^^^^^^^^^^^^^^^^^^^^^^^^

houdafny.dfy(33,4): Warning: assume statement has no {:axiom} annotation
   |
33 |     assume (l_r == 0) || (l_r == 1);
   |     ^^^^^^^^^^^^^^^^^^^^^^^^^^^^^^^^

houdafny.dfy(48,20): Error: this loop invariant could not be proved on entry
 Related message: loop invariant violation
   |
48 |     invariant l_ret != 0
   |               ^^^^^^^^^^

houdafny.dfy(49,18): Error: this loop invariant could not be proved on entry
 Related message: loop invariant violation
   |
49 |     invariant l_x != 0
   |               ^^^^^^^^

houdafny.dfy(53,18): Error: this loop invariant could not be proved on entry
 Related message: loop invariant violation
   |
53 |     invariant r_x != 0
   |               ^^^^^^^^

houdafny.dfy(53,18): Error: this invariant could not be proved to be maintained by the loop
 Related message: loop invariant violation
   |
53 |     invariant r_x != 0
   |               ^^^^^^^^

houdafny.dfy(54,20): Error: this loop invariant could not be proved on entry
 Related message: loop invariant violation
   |
54 |     invariant l_ret >= l_x
   |               ^^^^^^^^^^^^


Dafny program verifier finished with 0 verified, 5 errors

houdafny.dfy(19,2): Warning: assume statement has no {:axiom} annotation
   |
19 |   assume l_low == r_low;
   |   ^^^^^^^^^^^^^^^^^^^^^^

houdafny.dfy(25,2): Warning: assume statement has no {:axiom} annotation
   |
25 |   assume (l_r == 0) || (l_r == 1);
   |   ^^^^^^^^^^^^^^^^^^^^^^^^^^^^^^^^

houdafny.dfy(33,4): Warning: assume statement has no {:axiom} annotation
   |
33 |     assume (l_r == 0) || (l_r == 1);
   |     ^^^^^^^^^^^^^^^^^^^^^^^^^^^^^^^^


Dafny program verifier finished with 1 verified, 0 errors


Aligned Product Program
-----------------------

function flip(): int

function havoc_1(r_high: int, l_low: int, l_x: int, r_low: int, l_high: int): int

function havoc_2(r_high: int, l_low: int, l_x: int, r_low: int, l_high: int, l_r: int): int

function choice_n_3(l_x: int, r_low: int, l_ret: int, l_r: int, r_high: int, l_low: int, r_x: int, l_high: int): int {
  1
 }

function choice_n_4(l_x: int, r_low: int, l_ret: int, l_r: int, r_high: int, l_low: int, r_x: int, l_high: int): int {
  1
 }

method Product(l_low: int, l_high: int, r_low: int, r_high: int)
  decreases *
{
  assume l_low == r_low;
  var l_x: int;
  l_x := l_low;
  var l_r: int;
  assert true;
  l_r := havoc_1(r_high, l_low, l_x, r_low, l_high);
  assume (l_r == 0) || (l_r == 1);
  while (l_r != 0)
    decreases *
    invariant l_r <= 1
  {
    l_x := (l_x + 1);
    assert true;
    l_r := havoc_2(r_high, l_low, l_x, r_low, l_high, l_r);
    assume (l_r == 0) || (l_r == 1);
  }
  var l_ret: int;
  l_ret := (l_high + l_x);
  var r_x: int;
  r_x := r_low;
  var r_r: int;
  var n_3: int := choice_n_3(l_x, r_low, l_ret, l_r, r_high, l_low, r_x, l_high);
  assert (n_3 == 0) || (n_3 == 1);
  r_r := n_3;
  while (r_r != 0)
    decreases *
    invariant l_r == 0
    invariant l_r <= 0
    invariant l_r >= 0
    invariant r_r == 1
    invariant r_r <= 1
    invariant r_r >= 1
  {
    r_x := (r_x + 1);
    var n_4: int := choice_n_4(l_x, r_low, l_ret, l_r, r_high, l_low, r_x, l_high);
    assert (n_4 == 0) || (n_4 == 1);
    r_r := n_4;
  }
  var r_ret: int;
  r_ret := (r_high + r_x);
  assert l_ret == r_ret;
}


Per-Task Times (ms)
-------------------
insert-elaenia-specs: 0
set-parameters: 0
print-info: 0
align-none: 0
aligned-crel: 0
print-info: 0
print-info: 0
print-info: 0
insert-elaenia-specs: 0
write-sketch: 0
solve-sketch: 406
elaenia-invars: 1957
houdafny: 4445
compound_task: 6810
repeat_range: 6810
write-dafny: 0
print-info: 0


Extraction Settings
-------------------
Max AST Depth: 1
Loop unrolling: false
Cost function: structure
Max AST Depth: 1

Elaenia completed in 6810ms
Verified: true
