
Beginning Iteration
-------------------
add_unrolls: false
depth: 1
cost function: optimize_structure
Computed alignment by local loop counting.
  UNSATISFIABLE ASSERTION Assert at sketch.sk:72 (2)

*** Rejected
    [0;31m[1751564576.4900 - ERROR] [SKETCH] Sketch Not Resolved Error:   UNSATISFIABLE ASSERTION Assert at sketch.sk:72 (2)

*** Rejected
The sketch could not be resolved.[0m
    [0;32m[1751564576.4970 - DEBUG] [SKETCH] stack trace written to file: /home/rob/.sketch/tmp/stacktrace.txt[0m
    [0;32m[1751564576.4971 - DEBUG] Backend solver input file at /home/rob/.sketch/tmp/sketch.sk/input0.tmp[0m
Failed to solve sketch.

Beginning Iteration
-------------------
add_unrolls: false
depth: 1
cost function: optimize_choice
Computed alignment by local loop counting.
Writing Daikon to /home/rob/code/kestrel/.kestrel-work/daikon_output.c...
Done
Compiling Daikon output...
Running Kvasir...
==53389== kvasir-5.8.18, C/C++ Language Front-End for Daikon with DynComp comparability analysis tool.
==53389== Copyright (C) 2007-2022, University of Washington CSE PLSE Group
==53389== Using Valgrind-3.19.0.Fjalar and LibVEX; rerun with -h for copyright info
==53389== Command: /home/rob/code/kestrel/.kestrel-work/daikon_output
==53389== 
==53392== 
==53392== For lists of detected and suppressed errors, rerun with: -s
==53392== ERROR SUMMARY: 0 errors from 0 contexts (suppressed: 0 from 0)
==53393== 
==53393== For lists of detected and suppressed errors, rerun with: -s
==53393== ERROR SUMMARY: 0 errors from 0 contexts (suppressed: 0 from 0)
==53394== 
==53394== For lists of detected and suppressed errors, rerun with: -s
==53394== ERROR SUMMARY: 0 errors from 0 contexts (suppressed: 0 from 0)
==53395== 
==53395== For lists of detected and suppressed errors, rerun with: -s
==53395== ERROR SUMMARY: 0 errors from 0 contexts (suppressed: 0 from 0)
==53396== 
==53396== For lists of detected and suppressed errors, rerun with: -s
==53396== ERROR SUMMARY: 0 errors from 0 contexts (suppressed: 0 from 0)
==53397== 
==53397== For lists of detected and suppressed errors, rerun with: -s
==53397== ERROR SUMMARY: 0 errors from 0 contexts (suppressed: 0 from 0)
==53398== 
==53398== For lists of detected and suppressed errors, rerun with: -s
==53398== ERROR SUMMARY: 0 errors from 0 contexts (suppressed: 0 from 0)
==53399== 
==53399== For lists of detected and suppressed errors, rerun with: -s
==53399== ERROR SUMMARY: 0 errors from 0 contexts (suppressed: 0 from 0)
==53400== 
==53400== For lists of detected and suppressed errors, rerun with: -s
==53400== ERROR SUMMARY: 0 errors from 0 contexts (suppressed: 0 from 0)
==53401== 
==53401== For lists of detected and suppressed errors, rerun with: -s
==53401== ERROR SUMMARY: 0 errors from 0 contexts (suppressed: 0 from 0)
==53402== 
==53402== For lists of detected and suppressed errors, rerun with: -s
==53402== ERROR SUMMARY: 0 errors from 0 contexts (suppressed: 0 from 0)
==53403== 
==53403== For lists of detected and suppressed errors, rerun with: -s
==53403== ERROR SUMMARY: 0 errors from 0 contexts (suppressed: 0 from 0)
==53404== 
==53404== For lists of detected and suppressed errors, rerun with: -s
==53404== ERROR SUMMARY: 0 errors from 0 contexts (suppressed: 0 from 0)
==53405== 
==53405== For lists of detected and suppressed errors, rerun with: -s
==53405== ERROR SUMMARY: 0 errors from 0 contexts (suppressed: 0 from 0)
==53406== 
==53406== For lists of detected and suppressed errors, rerun with: -s
==53406== ERROR SUMMARY: 0 errors from 0 contexts (suppressed: 0 from 0)
==53407== 
==53407== For lists of detected and suppressed errors, rerun with: -s
==53407== ERROR SUMMARY: 0 errors from 0 contexts (suppressed: 0 from 0)
==53408== 
==53408== For lists of detected and suppressed errors, rerun with: -s
==53408== ERROR SUMMARY: 0 errors from 0 contexts (suppressed: 0 from 0)
==53409== 
==53409== For lists of detected and suppressed errors, rerun with: -s
==53409== ERROR SUMMARY: 0 errors from 0 contexts (suppressed: 0 from 0)
==53410== 
==53410== For lists of detected and suppressed errors, rerun with: -s
==53410== ERROR SUMMARY: 0 errors from 0 contexts (suppressed: 0 from 0)
==53411== 
==53411== For lists of detected and suppressed errors, rerun with: -s
==53411== ERROR SUMMARY: 0 errors from 0 contexts (suppressed: 0 from 0)
==53389== 
==53389== For lists of detected and suppressed errors, rerun with: -s
==53389== ERROR SUMMARY: 0 errors from 0 contexts (suppressed: 0 from 0)
Running Daikon...
houdafny.dfy(19,2): Warning: assume statement has no {:axiom} annotation
   |
19 |   assume l_low == r_low;
   |   ^^^^^^^^^^^^^^^^^^^^^^

houdafny.dfy(25,2): Warning: assume statement has no {:axiom} annotation
   |
25 |   assume (l_r == 0) || (l_r == 1);
   |   ^^^^^^^^^^^^^^^^^^^^^^^^^^^^^^^^

houdafny.dfy(36,4): Warning: assume statement has no {:axiom} annotation
   |
36 |     assume (l_r == 0) || (l_r == 1);
   |     ^^^^^^^^^^^^^^^^^^^^^^^^^^^^^^^^

houdafny.dfy(28,18): Error: this loop invariant could not be proved on entry
 Related message: loop invariant violation
   |
28 |     invariant l_r == 1
   |               ^^^^^^^^

houdafny.dfy(28,18): Error: this invariant could not be proved to be maintained by the loop
 Related message: loop invariant violation
   |
28 |     invariant l_r == 1
   |               ^^^^^^^^

houdafny.dfy(31,18): Error: this loop invariant could not be proved on entry
 Related message: loop invariant violation
   |
31 |     invariant l_x >= 0
   |               ^^^^^^^^


Dafny program verifier finished with 0 verified, 3 errors

houdafny.dfy(19,2): Warning: assume statement has no {:axiom} annotation
   |
19 |   assume l_low == r_low;
   |   ^^^^^^^^^^^^^^^^^^^^^^

houdafny.dfy(25,2): Warning: assume statement has no {:axiom} annotation
   |
25 |   assume (l_r == 0) || (l_r == 1);
   |   ^^^^^^^^^^^^^^^^^^^^^^^^^^^^^^^^

houdafny.dfy(34,4): Warning: assume statement has no {:axiom} annotation
   |
34 |     assume (l_r == 0) || (l_r == 1);
   |     ^^^^^^^^^^^^^^^^^^^^^^^^^^^^^^^^

houdafny.dfy(29,18): Error: this loop invariant could not be proved on entry
 Related message: loop invariant violation
   |
29 |     invariant l_r >= 1
   |               ^^^^^^^^

houdafny.dfy(29,18): Error: this invariant could not be proved to be maintained by the loop
 Related message: loop invariant violation
   |
29 |     invariant l_r >= 1
   |               ^^^^^^^^


Dafny program verifier finished with 0 verified, 2 errors

houdafny.dfy(19,2): Warning: assume statement has no {:axiom} annotation
   |
19 |   assume l_low == r_low;
   |   ^^^^^^^^^^^^^^^^^^^^^^

houdafny.dfy(25,2): Warning: assume statement has no {:axiom} annotation
   |
25 |   assume (l_r == 0) || (l_r == 1);
   |   ^^^^^^^^^^^^^^^^^^^^^^^^^^^^^^^^

houdafny.dfy(33,4): Warning: assume statement has no {:axiom} annotation
   |
33 |     assume (l_r == 0) || (l_r == 1);
   |     ^^^^^^^^^^^^^^^^^^^^^^^^^^^^^^^^

houdafny.dfy(43,18): Error: this loop invariant could not be proved on entry
 Related message: loop invariant violation
   |
43 |     invariant l_r == 0
   |               ^^^^^^^^

houdafny.dfy(46,18): Error: this loop invariant could not be proved on entry
 Related message: loop invariant violation
   |
46 |     invariant l_x != 0
   |               ^^^^^^^^

houdafny.dfy(47,18): Error: this loop invariant could not be proved on entry
 Related message: loop invariant violation
   |
47 |     invariant l_x >= 1
   |               ^^^^^^^^

houdafny.dfy(51,18): Error: this loop invariant could not be proved on entry
 Related message: loop invariant violation
   |
51 |     invariant r_x >= 0
   |               ^^^^^^^^


Dafny program verifier finished with 0 verified, 4 errors

houdafny.dfy(19,2): Warning: assume statement has no {:axiom} annotation
   |
19 |   assume l_low == r_low;
   |   ^^^^^^^^^^^^^^^^^^^^^^

houdafny.dfy(25,2): Warning: assume statement has no {:axiom} annotation
   |
25 |   assume (l_r == 0) || (l_r == 1);
   |   ^^^^^^^^^^^^^^^^^^^^^^^^^^^^^^^^

houdafny.dfy(33,4): Warning: assume statement has no {:axiom} annotation
   |
33 |     assume (l_r == 0) || (l_r == 1);
   |     ^^^^^^^^^^^^^^^^^^^^^^^^^^^^^^^^

houdafny.dfy(44,18): Error: this loop invariant could not be proved on entry
 Related message: loop invariant violation
   |
44 |     invariant l_r >= 0
   |               ^^^^^^^^


Dafny program verifier finished with 0 verified, 1 error

houdafny.dfy(19,2): Warning: assume statement has no {:axiom} annotation
   |
19 |   assume l_low == r_low;
   |   ^^^^^^^^^^^^^^^^^^^^^^

houdafny.dfy(25,2): Warning: assume statement has no {:axiom} annotation
   |
25 |   assume (l_r == 0) || (l_r == 1);
   |   ^^^^^^^^^^^^^^^^^^^^^^^^^^^^^^^^

houdafny.dfy(33,4): Warning: assume statement has no {:axiom} annotation
   |
33 |     assume (l_r == 0) || (l_r == 1);
   |     ^^^^^^^^^^^^^^^^^^^^^^^^^^^^^^^^


Dafny program verifier finished with 1 verified, 0 errors


Aligned Product Program
-----------------------

function flip(): int

function havoc_1(l_high: int, r_high: int, l_low: int, r_low: int, l_x: int): int

function havoc_2(l_high: int, r_high: int, l_low: int, r_low: int, l_r: int, l_x: int): int

function choice_n_3(r_high: int, l_low: int, r_x: int, r_low: int, l_x: int, l_high: int, l_r: int): int {
  1
 }

function choice_n_4(r_high: int, l_low: int, r_x: int, r_low: int, l_x: int, l_high: int, r_r: int, l_r: int): int {
  r_r
 }

method Product(l_low: int, l_high: int, r_low: int, r_high: int)
  decreases *
{
  assume l_low == r_low;
  var l_x: int;
  l_x := l_high;
  var l_r: int;
  assert true;
  l_r := havoc_1(l_high, r_high, l_low, r_low, l_x);
  assume (l_r == 0) || (l_r == 1);
  while (l_r > 0)
    decreases *
    invariant l_r <= 1
  {
    l_x := (l_x + 1);
    assert true;
    l_r := havoc_2(l_high, r_high, l_low, r_low, l_r, l_x);
    assume (l_r == 0) || (l_r == 1);
  }
  var r_x: int;
  r_x := r_high;
  var r_r: int;
  var n_3: int := choice_n_3(r_high, l_low, r_x, r_low, l_x, l_high, l_r);
  assert (n_3 == 0) || (n_3 == 1);
  r_r := n_3;
  while (r_r > 0)
    decreases *
    invariant l_r <= 0
    invariant r_r == 1
    invariant r_r <= 1
    invariant r_r >= 1
  {
    r_x := (r_x + 1);
    var n_4: int := choice_n_4(r_high, l_low, r_x, r_low, l_x, l_high, r_r, l_r);
    assert (n_4 == 0) || (n_4 == 1);
    r_r := n_4;
  }
  var l_ret: int;
  l_ret := l_x;
  var r_ret: int;
  r_ret := r_x;
  assert l_ret == r_ret;
}


Per-Task Times (ms)
-------------------
insert-elaenia-specs: 0
set-parameters: 0
print-info: 0
elaenia-syntactic-alignment: 7
aligned-crel: 0
print-info: 0
print-info: 0
insert-elaenia-specs: 0
write-sketch: 0
solve-sketch: 1337
elaenia-invars: 0
houdafny: 0
compound_task: 1345
set-parameters: 0
print-info: 0
elaenia-syntactic-alignment: 8
aligned-crel: 0
print-info: 0
print-info: 0
insert-elaenia-specs: 0
write-sketch: 0
solve-sketch: 453
elaenia-invars: 1976
houdafny: 5640
repeat_range: 9425
write-dafny: 0
print-info: 0


Extraction Settings
-------------------
Max AST Depth: 1
Loop unrolling: false
Cost function: choice-information
Max AST Depth: 1

Elaenia completed in 9426ms
Verified: true
