
Beginning Iteration
-------------------
add_unrolls: false
depth: 1
cost function: optimize_structure
Computed alignment by local loop counting.
Writing Daikon to /home/rob/code/kestrel/.kestrel-work/daikon_output.c...
Done
Compiling Daikon output...
Running Kvasir...
==58190== kvasir-5.8.18, C/C++ Language Front-End for Daikon with DynComp comparability analysis tool.
==58190== Copyright (C) 2007-2022, University of Washington CSE PLSE Group
==58190== Using Valgrind-3.19.0.Fjalar and LibVEX; rerun with -h for copyright info
==58190== Command: /home/rob/code/kestrel/.kestrel-work/daikon_output
==58190== 
==58191== 
==58191== For lists of detected and suppressed errors, rerun with: -s
==58191== ERROR SUMMARY: 0 errors from 0 contexts (suppressed: 0 from 0)
==58192== 
==58192== For lists of detected and suppressed errors, rerun with: -s
==58192== ERROR SUMMARY: 0 errors from 0 contexts (suppressed: 0 from 0)
==58193== 
==58193== For lists of detected and suppressed errors, rerun with: -s
==58193== ERROR SUMMARY: 0 errors from 0 contexts (suppressed: 0 from 0)
==58194== 
==58194== For lists of detected and suppressed errors, rerun with: -s
==58194== ERROR SUMMARY: 0 errors from 0 contexts (suppressed: 0 from 0)
==58195== 
==58195== For lists of detected and suppressed errors, rerun with: -s
==58195== ERROR SUMMARY: 0 errors from 0 contexts (suppressed: 0 from 0)
==58196== 
==58196== For lists of detected and suppressed errors, rerun with: -s
==58196== ERROR SUMMARY: 0 errors from 0 contexts (suppressed: 0 from 0)
==58197== 
==58197== For lists of detected and suppressed errors, rerun with: -s
==58197== ERROR SUMMARY: 0 errors from 0 contexts (suppressed: 0 from 0)
==58198== 
==58198== For lists of detected and suppressed errors, rerun with: -s
==58198== ERROR SUMMARY: 0 errors from 0 contexts (suppressed: 0 from 0)
==58199== 
==58199== For lists of detected and suppressed errors, rerun with: -s
==58199== ERROR SUMMARY: 0 errors from 0 contexts (suppressed: 0 from 0)
==58200== 
==58200== For lists of detected and suppressed errors, rerun with: -s
==58200== ERROR SUMMARY: 0 errors from 0 contexts (suppressed: 0 from 0)
==58201== 
==58201== For lists of detected and suppressed errors, rerun with: -s
==58201== ERROR SUMMARY: 0 errors from 0 contexts (suppressed: 0 from 0)
==58202== 
==58202== For lists of detected and suppressed errors, rerun with: -s
==58202== ERROR SUMMARY: 0 errors from 0 contexts (suppressed: 0 from 0)
==58203== 
==58203== For lists of detected and suppressed errors, rerun with: -s
==58203== ERROR SUMMARY: 0 errors from 0 contexts (suppressed: 0 from 0)
==58204== 
==58204== For lists of detected and suppressed errors, rerun with: -s
==58204== ERROR SUMMARY: 0 errors from 0 contexts (suppressed: 0 from 0)
==58205== 
==58205== For lists of detected and suppressed errors, rerun with: -s
==58205== ERROR SUMMARY: 0 errors from 0 contexts (suppressed: 0 from 0)
==58206== 
==58206== For lists of detected and suppressed errors, rerun with: -s
==58206== ERROR SUMMARY: 0 errors from 0 contexts (suppressed: 0 from 0)
==58207== 
==58207== For lists of detected and suppressed errors, rerun with: -s
==58207== ERROR SUMMARY: 0 errors from 0 contexts (suppressed: 0 from 0)
==58208== 
==58208== For lists of detected and suppressed errors, rerun with: -s
==58208== ERROR SUMMARY: 0 errors from 0 contexts (suppressed: 0 from 0)
==58209== 
==58209== For lists of detected and suppressed errors, rerun with: -s
==58209== ERROR SUMMARY: 0 errors from 0 contexts (suppressed: 0 from 0)
==58210== 
==58210== For lists of detected and suppressed errors, rerun with: -s
==58210== ERROR SUMMARY: 0 errors from 0 contexts (suppressed: 0 from 0)
==58190== 
==58190== For lists of detected and suppressed errors, rerun with: -s
==58190== ERROR SUMMARY: 0 errors from 0 contexts (suppressed: 0 from 0)
Running Daikon...
houdafny.dfy(49,2): Warning: assume statement has no {:axiom} annotation
   |
49 |   assume (l_low == r_low) && ((l_high != 0) && (r_high == 0));
   |   ^^^^^^^^^^^^^^^^^^^^^^^^^^^^^^^^^^^^^^^^^^^^^^^^^^^^^^^^^^^^

houdafny.dfy(61,4): Warning: assume statement has no {:axiom} annotation
   |
61 |     assume true;
   |     ^^^^^^^^^^^^

houdafny.dfy(86,6): Warning: assume statement has no {:axiom} annotation
   |
86 |       assume true;
   |       ^^^^^^^^^^^^

houdafny.dfy(112,8): Warning: assume statement has no {:axiom} annotation
    |
112 |         assume (l_r == 0) || (l_r == 1);
    |         ^^^^^^^^^^^^^^^^^^^^^^^^^^^^^^^^

houdafny.dfy(120,12): Warning: assume statement has no {:axiom} annotation
    |
120 |             assume (l_r == 0) || (l_r == 1);
    |             ^^^^^^^^^^^^^^^^^^^^^^^^^^^^^^^^

houdafny.dfy(136,8): Warning: assume statement has no {:axiom} annotation
    |
136 |         assume (l_r == 0) || (l_r == 1);
    |         ^^^^^^^^^^^^^^^^^^^^^^^^^^^^^^^^

houdafny.dfy(147,10): Warning: assume statement has no {:axiom} annotation
    |
147 |           assume (l_r == 0) || (l_r == 1);
    |           ^^^^^^^^^^^^^^^^^^^^^^^^^^^^^^^^

houdafny.dfy(157,12): Warning: assume statement has no {:axiom} annotation
    |
157 |             assume !(r_r != 0);
    |             ^^^^^^^^^^^^^^^^^^^

houdafny.dfy(161,12): Warning: assume statement has no {:axiom} annotation
    |
161 |             assume (l_r == 0) || (l_r == 1);
    |             ^^^^^^^^^^^^^^^^^^^^^^^^^^^^^^^^

houdafny.dfy(168,12): Warning: assume statement has no {:axiom} annotation
    |
168 |             assume !(l_r != 0);
    |             ^^^^^^^^^^^^^^^^^^^

houdafny.dfy(180,2): Error: assertion might not hold
    |
180 |   assert l_ret == r_ret;
    |   ^^^^^^^^^^^^^^^^^^^^^^


Dafny program verifier finished with 0 verified, 1 error


Beginning Iteration
-------------------
add_unrolls: false
depth: 1
cost function: optimize_choice
Computed alignment by local loop counting.
Writing Daikon to /home/rob/code/kestrel/.kestrel-work/daikon_output.c...
Done
Compiling Daikon output...
Running Kvasir...
==58337== kvasir-5.8.18, C/C++ Language Front-End for Daikon with DynComp comparability analysis tool.
==58337== Copyright (C) 2007-2022, University of Washington CSE PLSE Group
==58337== Using Valgrind-3.19.0.Fjalar and LibVEX; rerun with -h for copyright info
==58337== Command: /home/rob/code/kestrel/.kestrel-work/daikon_output
==58337== 
==58338== 
==58338== For lists of detected and suppressed errors, rerun with: -s
==58338== ERROR SUMMARY: 0 errors from 0 contexts (suppressed: 0 from 0)
==58339== 
==58339== For lists of detected and suppressed errors, rerun with: -s
==58339== ERROR SUMMARY: 0 errors from 0 contexts (suppressed: 0 from 0)
==58340== 
==58340== For lists of detected and suppressed errors, rerun with: -s
==58340== ERROR SUMMARY: 0 errors from 0 contexts (suppressed: 0 from 0)
==58341== 
==58341== For lists of detected and suppressed errors, rerun with: -s
==58341== ERROR SUMMARY: 0 errors from 0 contexts (suppressed: 0 from 0)
==58342== 
==58342== For lists of detected and suppressed errors, rerun with: -s
==58342== ERROR SUMMARY: 0 errors from 0 contexts (suppressed: 0 from 0)
==58343== 
==58343== For lists of detected and suppressed errors, rerun with: -s
==58343== ERROR SUMMARY: 0 errors from 0 contexts (suppressed: 0 from 0)
==58344== 
==58344== For lists of detected and suppressed errors, rerun with: -s
==58344== ERROR SUMMARY: 0 errors from 0 contexts (suppressed: 0 from 0)
==58345== 
==58345== For lists of detected and suppressed errors, rerun with: -s
==58345== ERROR SUMMARY: 0 errors from 0 contexts (suppressed: 0 from 0)
==58346== 
==58346== For lists of detected and suppressed errors, rerun with: -s
==58346== ERROR SUMMARY: 0 errors from 0 contexts (suppressed: 0 from 0)
==58347== 
==58347== For lists of detected and suppressed errors, rerun with: -s
==58347== ERROR SUMMARY: 0 errors from 0 contexts (suppressed: 0 from 0)
==58348== 
==58348== For lists of detected and suppressed errors, rerun with: -s
==58348== ERROR SUMMARY: 0 errors from 0 contexts (suppressed: 0 from 0)
==58349== 
==58349== For lists of detected and suppressed errors, rerun with: -s
==58349== ERROR SUMMARY: 0 errors from 0 contexts (suppressed: 0 from 0)
==58350== 
==58350== For lists of detected and suppressed errors, rerun with: -s
==58350== ERROR SUMMARY: 0 errors from 0 contexts (suppressed: 0 from 0)
==58351== 
==58351== For lists of detected and suppressed errors, rerun with: -s
==58351== ERROR SUMMARY: 0 errors from 0 contexts (suppressed: 0 from 0)
==58352== 
==58352== For lists of detected and suppressed errors, rerun with: -s
==58352== ERROR SUMMARY: 0 errors from 0 contexts (suppressed: 0 from 0)
==58353== 
==58353== For lists of detected and suppressed errors, rerun with: -s
==58353== ERROR SUMMARY: 0 errors from 0 contexts (suppressed: 0 from 0)
==58354== 
==58354== For lists of detected and suppressed errors, rerun with: -s
==58354== ERROR SUMMARY: 0 errors from 0 contexts (suppressed: 0 from 0)
==58355== 
==58355== For lists of detected and suppressed errors, rerun with: -s
==58355== ERROR SUMMARY: 0 errors from 0 contexts (suppressed: 0 from 0)
==58356== 
==58356== For lists of detected and suppressed errors, rerun with: -s
==58356== ERROR SUMMARY: 0 errors from 0 contexts (suppressed: 0 from 0)
==58357== 
==58357== For lists of detected and suppressed errors, rerun with: -s
==58357== ERROR SUMMARY: 0 errors from 0 contexts (suppressed: 0 from 0)
==58337== 
==58337== For lists of detected and suppressed errors, rerun with: -s
==58337== ERROR SUMMARY: 0 errors from 0 contexts (suppressed: 0 from 0)
Running Daikon...
houdafny.dfy(45,2): Warning: assume statement has no {:axiom} annotation
   |
45 |   assume (l_low == r_low) && ((l_high != 0) && (r_high == 0));
   |   ^^^^^^^^^^^^^^^^^^^^^^^^^^^^^^^^^^^^^^^^^^^^^^^^^^^^^^^^^^^^

houdafny.dfy(57,4): Warning: assume statement has no {:axiom} annotation
   |
57 |     assume true;
   |     ^^^^^^^^^^^^

houdafny.dfy(82,6): Warning: assume statement has no {:axiom} annotation
   |
82 |       assume true;
   |       ^^^^^^^^^^^^

houdafny.dfy(108,8): Warning: assume statement has no {:axiom} annotation
    |
108 |         assume (l_r == 0) || (l_r == 1);
    |         ^^^^^^^^^^^^^^^^^^^^^^^^^^^^^^^^

houdafny.dfy(116,12): Warning: assume statement has no {:axiom} annotation
    |
116 |             assume (l_r == 0) || (l_r == 1);
    |             ^^^^^^^^^^^^^^^^^^^^^^^^^^^^^^^^

houdafny.dfy(132,8): Warning: assume statement has no {:axiom} annotation
    |
132 |         assume (l_r == 0) || (l_r == 1);
    |         ^^^^^^^^^^^^^^^^^^^^^^^^^^^^^^^^

houdafny.dfy(140,12): Warning: assume statement has no {:axiom} annotation
    |
140 |             assume (l_r == 0) || (l_r == 1);
    |             ^^^^^^^^^^^^^^^^^^^^^^^^^^^^^^^^

houdafny.dfy(162,2): Error: assertion might not hold
    |
162 |   assert l_ret == r_ret;
    |   ^^^^^^^^^^^^^^^^^^^^^^


Dafny program verifier finished with 0 verified, 1 error


Beginning Iteration
-------------------
add_unrolls: true
depth: 1
cost function: optimize_structure
Computed alignment by local loop counting.
Writing Daikon to /home/rob/code/kestrel/.kestrel-work/daikon_output.c...
Done
Compiling Daikon output...
Running Kvasir...
==58480== kvasir-5.8.18, C/C++ Language Front-End for Daikon with DynComp comparability analysis tool.
==58480== Copyright (C) 2007-2022, University of Washington CSE PLSE Group
==58480== Using Valgrind-3.19.0.Fjalar and LibVEX; rerun with -h for copyright info
==58480== Command: /home/rob/code/kestrel/.kestrel-work/daikon_output
==58480== 
==58481== 
==58481== For lists of detected and suppressed errors, rerun with: -s
==58481== ERROR SUMMARY: 0 errors from 0 contexts (suppressed: 0 from 0)
==58482== 
==58482== For lists of detected and suppressed errors, rerun with: -s
==58482== ERROR SUMMARY: 0 errors from 0 contexts (suppressed: 0 from 0)
==58483== 
==58483== For lists of detected and suppressed errors, rerun with: -s
==58483== ERROR SUMMARY: 0 errors from 0 contexts (suppressed: 0 from 0)
==58484== 
==58484== For lists of detected and suppressed errors, rerun with: -s
==58484== ERROR SUMMARY: 0 errors from 0 contexts (suppressed: 0 from 0)
==58485== 
==58485== For lists of detected and suppressed errors, rerun with: -s
==58485== ERROR SUMMARY: 0 errors from 0 contexts (suppressed: 0 from 0)
==58486== 
==58486== For lists of detected and suppressed errors, rerun with: -s
==58486== ERROR SUMMARY: 0 errors from 0 contexts (suppressed: 0 from 0)
==58487== 
==58487== For lists of detected and suppressed errors, rerun with: -s
==58487== ERROR SUMMARY: 0 errors from 0 contexts (suppressed: 0 from 0)
==58488== 
==58488== For lists of detected and suppressed errors, rerun with: -s
==58488== ERROR SUMMARY: 0 errors from 0 contexts (suppressed: 0 from 0)
==58489== 
==58489== For lists of detected and suppressed errors, rerun with: -s
==58489== ERROR SUMMARY: 0 errors from 0 contexts (suppressed: 0 from 0)
==58490== 
==58490== For lists of detected and suppressed errors, rerun with: -s
==58490== ERROR SUMMARY: 0 errors from 0 contexts (suppressed: 0 from 0)
==58491== 
==58491== For lists of detected and suppressed errors, rerun with: -s
==58491== ERROR SUMMARY: 0 errors from 0 contexts (suppressed: 0 from 0)
==58492== 
==58492== For lists of detected and suppressed errors, rerun with: -s
==58492== ERROR SUMMARY: 0 errors from 0 contexts (suppressed: 0 from 0)
==58493== 
==58493== For lists of detected and suppressed errors, rerun with: -s
==58493== ERROR SUMMARY: 0 errors from 0 contexts (suppressed: 0 from 0)
==58494== 
==58494== For lists of detected and suppressed errors, rerun with: -s
==58494== ERROR SUMMARY: 0 errors from 0 contexts (suppressed: 0 from 0)
==58495== 
==58495== For lists of detected and suppressed errors, rerun with: -s
==58495== ERROR SUMMARY: 0 errors from 0 contexts (suppressed: 0 from 0)
==58496== 
==58496== For lists of detected and suppressed errors, rerun with: -s
==58496== ERROR SUMMARY: 0 errors from 0 contexts (suppressed: 0 from 0)
==58497== 
==58497== For lists of detected and suppressed errors, rerun with: -s
==58497== ERROR SUMMARY: 0 errors from 0 contexts (suppressed: 0 from 0)
==58498== 
==58498== For lists of detected and suppressed errors, rerun with: -s
==58498== ERROR SUMMARY: 0 errors from 0 contexts (suppressed: 0 from 0)
==58499== 
==58499== For lists of detected and suppressed errors, rerun with: -s
==58499== ERROR SUMMARY: 0 errors from 0 contexts (suppressed: 0 from 0)
==58500== 
==58500== For lists of detected and suppressed errors, rerun with: -s
==58500== ERROR SUMMARY: 0 errors from 0 contexts (suppressed: 0 from 0)
==58480== 
==58480== For lists of detected and suppressed errors, rerun with: -s
==58480== ERROR SUMMARY: 0 errors from 0 contexts (suppressed: 0 from 0)
Running Daikon...
houdafny.dfy(51,2): Warning: assume statement has no {:axiom} annotation
   |
51 |   assume (l_low == r_low) && ((l_high != 0) && (r_high == 0));
   |   ^^^^^^^^^^^^^^^^^^^^^^^^^^^^^^^^^^^^^^^^^^^^^^^^^^^^^^^^^^^^

houdafny.dfy(63,4): Warning: assume statement has no {:axiom} annotation
   |
63 |     assume true;
   |     ^^^^^^^^^^^^

houdafny.dfy(88,6): Warning: assume statement has no {:axiom} annotation
   |
88 |       assume true;
   |       ^^^^^^^^^^^^

houdafny.dfy(114,8): Warning: assume statement has no {:axiom} annotation
    |
114 |         assume (l_r == 0) || (l_r == 1);
    |         ^^^^^^^^^^^^^^^^^^^^^^^^^^^^^^^^

houdafny.dfy(122,12): Warning: assume statement has no {:axiom} annotation
    |
122 |             assume (l_r == 0) || (l_r == 1);
    |             ^^^^^^^^^^^^^^^^^^^^^^^^^^^^^^^^

houdafny.dfy(138,8): Warning: assume statement has no {:axiom} annotation
    |
138 |         assume (l_r == 0) || (l_r == 1);
    |         ^^^^^^^^^^^^^^^^^^^^^^^^^^^^^^^^

houdafny.dfy(149,10): Warning: assume statement has no {:axiom} annotation
    |
149 |           assume (l_r == 0) || (l_r == 1);
    |           ^^^^^^^^^^^^^^^^^^^^^^^^^^^^^^^^

houdafny.dfy(159,12): Warning: assume statement has no {:axiom} annotation
    |
159 |             assume !(r_r != 0);
    |             ^^^^^^^^^^^^^^^^^^^

houdafny.dfy(163,12): Warning: assume statement has no {:axiom} annotation
    |
163 |             assume (l_r == 0) || (l_r == 1);
    |             ^^^^^^^^^^^^^^^^^^^^^^^^^^^^^^^^

houdafny.dfy(170,12): Warning: assume statement has no {:axiom} annotation
    |
170 |             assume !(l_r != 0);
    |             ^^^^^^^^^^^^^^^^^^^

houdafny.dfy(104,10): Error: assertion might not hold
    |
104 |           assert (n_5 == 0) || (n_5 == 1);
    |           ^^^^^^^^^^^^^^^^^^^^^^^^^^^^^^^^

houdafny.dfy(182,2): Error: assertion might not hold
    |
182 |   assert l_ret == r_ret;
    |   ^^^^^^^^^^^^^^^^^^^^^^


Dafny program verifier finished with 0 verified, 2 errors


Beginning Iteration
-------------------
add_unrolls: true
depth: 1
cost function: optimize_choice
Computed alignment by local loop counting.
Writing Daikon to /home/rob/code/kestrel/.kestrel-work/daikon_output.c...
Done
Compiling Daikon output...
Running Kvasir...
==58626== kvasir-5.8.18, C/C++ Language Front-End for Daikon with DynComp comparability analysis tool.
==58626== Copyright (C) 2007-2022, University of Washington CSE PLSE Group
==58626== Using Valgrind-3.19.0.Fjalar and LibVEX; rerun with -h for copyright info
==58626== Command: /home/rob/code/kestrel/.kestrel-work/daikon_output
==58626== 
==58627== 
==58627== For lists of detected and suppressed errors, rerun with: -s
==58627== ERROR SUMMARY: 0 errors from 0 contexts (suppressed: 0 from 0)
==58628== 
==58628== For lists of detected and suppressed errors, rerun with: -s
==58628== ERROR SUMMARY: 0 errors from 0 contexts (suppressed: 0 from 0)
==58629== 
==58629== For lists of detected and suppressed errors, rerun with: -s
==58629== ERROR SUMMARY: 0 errors from 0 contexts (suppressed: 0 from 0)
==58630== 
==58630== For lists of detected and suppressed errors, rerun with: -s
==58630== ERROR SUMMARY: 0 errors from 0 contexts (suppressed: 0 from 0)
==58631== 
==58631== For lists of detected and suppressed errors, rerun with: -s
==58631== ERROR SUMMARY: 0 errors from 0 contexts (suppressed: 0 from 0)
==58632== 
==58632== For lists of detected and suppressed errors, rerun with: -s
==58632== ERROR SUMMARY: 0 errors from 0 contexts (suppressed: 0 from 0)
==58633== 
==58633== For lists of detected and suppressed errors, rerun with: -s
==58633== ERROR SUMMARY: 0 errors from 0 contexts (suppressed: 0 from 0)
==58634== 
==58634== For lists of detected and suppressed errors, rerun with: -s
==58634== ERROR SUMMARY: 0 errors from 0 contexts (suppressed: 0 from 0)
==58638== 
==58638== For lists of detected and suppressed errors, rerun with: -s
==58638== ERROR SUMMARY: 0 errors from 0 contexts (suppressed: 0 from 0)
==58641== 
==58641== For lists of detected and suppressed errors, rerun with: -s
==58641== ERROR SUMMARY: 0 errors from 0 contexts (suppressed: 0 from 0)
==58642== 
==58642== For lists of detected and suppressed errors, rerun with: -s
==58642== ERROR SUMMARY: 0 errors from 0 contexts (suppressed: 0 from 0)
==58643== 
==58643== For lists of detected and suppressed errors, rerun with: -s
==58643== ERROR SUMMARY: 0 errors from 0 contexts (suppressed: 0 from 0)
==58644== 
==58644== For lists of detected and suppressed errors, rerun with: -s
==58644== ERROR SUMMARY: 0 errors from 0 contexts (suppressed: 0 from 0)
==58645== 
==58645== For lists of detected and suppressed errors, rerun with: -s
==58645== ERROR SUMMARY: 0 errors from 0 contexts (suppressed: 0 from 0)
==58646== 
==58646== For lists of detected and suppressed errors, rerun with: -s
==58646== ERROR SUMMARY: 0 errors from 0 contexts (suppressed: 0 from 0)
==58647== 
==58647== For lists of detected and suppressed errors, rerun with: -s
==58647== ERROR SUMMARY: 0 errors from 0 contexts (suppressed: 0 from 0)
==58648== 
==58648== For lists of detected and suppressed errors, rerun with: -s
==58648== ERROR SUMMARY: 0 errors from 0 contexts (suppressed: 0 from 0)
==58649== 
==58649== For lists of detected and suppressed errors, rerun with: -s
==58649== ERROR SUMMARY: 0 errors from 0 contexts (suppressed: 0 from 0)
==58650== 
==58650== For lists of detected and suppressed errors, rerun with: -s
==58650== ERROR SUMMARY: 0 errors from 0 contexts (suppressed: 0 from 0)
==58651== 
==58651== For lists of detected and suppressed errors, rerun with: -s
==58651== ERROR SUMMARY: 0 errors from 0 contexts (suppressed: 0 from 0)
==58626== 
==58626== For lists of detected and suppressed errors, rerun with: -s
==58626== ERROR SUMMARY: 0 errors from 0 contexts (suppressed: 0 from 0)
Running Daikon...
houdafny.dfy(45,2): Warning: assume statement has no {:axiom} annotation
   |
45 |   assume (l_low == r_low) && ((l_high != 0) && (r_high == 0));
   |   ^^^^^^^^^^^^^^^^^^^^^^^^^^^^^^^^^^^^^^^^^^^^^^^^^^^^^^^^^^^^

houdafny.dfy(57,4): Warning: assume statement has no {:axiom} annotation
   |
57 |     assume true;
   |     ^^^^^^^^^^^^

houdafny.dfy(82,6): Warning: assume statement has no {:axiom} annotation
   |
82 |       assume true;
   |       ^^^^^^^^^^^^

houdafny.dfy(108,8): Warning: assume statement has no {:axiom} annotation
    |
108 |         assume (l_r == 0) || (l_r == 1);
    |         ^^^^^^^^^^^^^^^^^^^^^^^^^^^^^^^^

houdafny.dfy(116,12): Warning: assume statement has no {:axiom} annotation
    |
116 |             assume (l_r == 0) || (l_r == 1);
    |             ^^^^^^^^^^^^^^^^^^^^^^^^^^^^^^^^

houdafny.dfy(132,8): Warning: assume statement has no {:axiom} annotation
    |
132 |         assume (l_r == 0) || (l_r == 1);
    |         ^^^^^^^^^^^^^^^^^^^^^^^^^^^^^^^^

houdafny.dfy(140,12): Warning: assume statement has no {:axiom} annotation
    |
140 |             assume (l_r == 0) || (l_r == 1);
    |             ^^^^^^^^^^^^^^^^^^^^^^^^^^^^^^^^

houdafny.dfy(162,2): Error: assertion might not hold
    |
162 |   assert l_ret == r_ret;
    |   ^^^^^^^^^^^^^^^^^^^^^^


Dafny program verifier finished with 0 verified, 1 error


Beginning Iteration
-------------------
add_unrolls: false
depth: 2
cost function: optimize_structure
Computed alignment by local loop counting.
    [0;31m[1751566120.4010 - ERROR] [SKETCH] Sketch Not Resolved Error: The sketch could not be resolved.[0m
    [0;32m[1751566120.5240 - DEBUG] [SKETCH] stack trace written to file: /home/rob/.sketch/tmp/stacktrace.txt[0m
    [0;32m[1751566120.5241 - DEBUG] Backend solver input file at /home/rob/.sketch/tmp/sketch.sk/input0.tmp[0m
Failed to solve sketch.

Beginning Iteration
-------------------
add_unrolls: false
depth: 2
cost function: optimize_choice
Computed alignment by local loop counting.
    [0;31m[1751566306.4360 - ERROR] [SKETCH] Sketch Not Resolved Error: The sketch could not be resolved.[0m
    [0;32m[1751566306.4650 - DEBUG] [SKETCH] stack trace written to file: /home/rob/.sketch/tmp/stacktrace.txt[0m
    [0;32m[1751566306.4651 - DEBUG] Backend solver input file at /home/rob/.sketch/tmp/sketch.sk/input0.tmp[0m
Failed to solve sketch.

Beginning Iteration
-------------------
add_unrolls: true
depth: 2
cost function: optimize_structure
Computed alignment by local loop counting.
    [0;31m[1751566511.9330 - ERROR] [SKETCH] Sketch Not Resolved Error: The sketch could not be resolved.[0m
    [0;32m[1751566512.0000 - DEBUG] [SKETCH] stack trace written to file: /home/rob/.sketch/tmp/stacktrace.txt[0m
    [0;32m[1751566512.0010 - DEBUG] Backend solver input file at /home/rob/.sketch/tmp/sketch.sk/input0.tmp[0m
Failed to solve sketch.

Beginning Iteration
-------------------
add_unrolls: true
depth: 2
cost function: optimize_choice
Computed alignment by local loop counting.
    [0;31m[1751566685.4240 - ERROR] [SKETCH] Sketch Not Resolved Error: The sketch could not be resolved.[0m
    [0;32m[1751566685.4550 - DEBUG] [SKETCH] stack trace written to file: /home/rob/.sketch/tmp/stacktrace.txt[0m
    [0;32m[1751566685.4551 - DEBUG] Backend solver input file at /home/rob/.sketch/tmp/sketch.sk/input0.tmp[0m
Failed to solve sketch.

Beginning Iteration
-------------------
add_unrolls: false
depth: 3
cost function: optimize_structure
Computed alignment by local loop counting.
    [0;31m[1751566854.7960 - ERROR] [SKETCH] Sketch Not Resolved Error: The sketch could not be resolved.[0m
    [0;32m[1751566854.8310 - DEBUG] [SKETCH] stack trace written to file: /home/rob/.sketch/tmp/stacktrace.txt[0m
    [0;32m[1751566854.8311 - DEBUG] Backend solver input file at /home/rob/.sketch/tmp/sketch.sk/input0.tmp[0m
Failed to solve sketch.

Beginning Iteration
-------------------
add_unrolls: false
depth: 3
cost function: optimize_choice
Computed alignment by local loop counting.
    [0;31m[1751567028.7360 - ERROR] [SKETCH] Sketch Not Resolved Error: The sketch could not be resolved.[0m
    [0;32m[1751567028.7580 - DEBUG] [SKETCH] stack trace written to file: /home/rob/.sketch/tmp/stacktrace.txt[0m
    [0;32m[1751567028.7590 - DEBUG] Backend solver input file at /home/rob/.sketch/tmp/sketch.sk/input0.tmp[0m
Failed to solve sketch.

Beginning Iteration
-------------------
add_unrolls: true
depth: 3
cost function: optimize_structure
Computed alignment by local loop counting.
    [0;31m[1751567203.8430 - ERROR] [SKETCH] Sketch Not Resolved Error: The sketch could not be resolved.[0m
    [0;32m[1751567203.8760 - DEBUG] [SKETCH] stack trace written to file: /home/rob/.sketch/tmp/stacktrace.txt[0m
    [0;32m[1751567203.8761 - DEBUG] Backend solver input file at /home/rob/.sketch/tmp/sketch.sk/input0.tmp[0m
Failed to solve sketch.

Beginning Iteration
-------------------
add_unrolls: true
depth: 3
cost function: optimize_choice
Computed alignment by local loop counting.
