
Beginning Iteration
-------------------
add_unrolls: false
depth: 1
cost function: optimize_structure
Computed alignment by local loop counting.
Writing Daikon to /home/rob/code/kestrel/.kestrel-work/daikon_output.c...
Done
Compiling Daikon output...
Running Kvasir...
==54734== kvasir-5.8.18, C/C++ Language Front-End for Daikon with DynComp comparability analysis tool.
==54734== Copyright (C) 2007-2022, University of Washington CSE PLSE Group
==54734== Using Valgrind-3.19.0.Fjalar and LibVEX; rerun with -h for copyright info
==54734== Command: /home/rob/code/kestrel/.kestrel-work/daikon_output
==54734== 
==54735== 
==54735== For lists of detected and suppressed errors, rerun with: -s
==54735== ERROR SUMMARY: 0 errors from 0 contexts (suppressed: 0 from 0)
Test case failed or timed out
==54739== 
==54739== For lists of detected and suppressed errors, rerun with: -s
==54739== ERROR SUMMARY: 0 errors from 0 contexts (suppressed: 0 from 0)
Test case failed or timed out
==54740== 
==54740== For lists of detected and suppressed errors, rerun with: -s
==54740== ERROR SUMMARY: 0 errors from 0 contexts (suppressed: 0 from 0)
Test case failed or timed out
Test case failed or timed out
==54743== 
==54743== For lists of detected and suppressed errors, rerun with: -s
==54743== ERROR SUMMARY: 0 errors from 0 contexts (suppressed: 0 from 0)
Test case failed or timed out
Test case failed or timed out
==54744== 
==54744== For lists of detected and suppressed errors, rerun with: -s
==54744== ERROR SUMMARY: 0 errors from 0 contexts (suppressed: 0 from 0)
Test case failed or timed out
Test case failed or timed out
Test case failed or timed out
==54745== 
==54745== For lists of detected and suppressed errors, rerun with: -s
==54745== ERROR SUMMARY: 0 errors from 0 contexts (suppressed: 0 from 0)
Test case failed or timed out
Test case failed or timed out
Test case failed or timed out
==54746== 
==54746== For lists of detected and suppressed errors, rerun with: -s
==54746== ERROR SUMMARY: 0 errors from 0 contexts (suppressed: 0 from 0)
Test case failed or timed out
Test case failed or timed out
Test case failed or timed out
Test case failed or timed out
==54749== 
==54749== For lists of detected and suppressed errors, rerun with: -s
==54749== ERROR SUMMARY: 0 errors from 0 contexts (suppressed: 0 from 0)
Test case failed or timed out
Test case failed or timed out
Test case failed or timed out
Test case failed or timed out
Test case failed or timed out
==54750== 
==54750== For lists of detected and suppressed errors, rerun with: -s
==54750== ERROR SUMMARY: 0 errors from 0 contexts (suppressed: 0 from 0)
Test case failed or timed out
Test case failed or timed out
Test case failed or timed out
Test case failed or timed out
Test case failed or timed out
==54751== 
==54751== For lists of detected and suppressed errors, rerun with: -s
==54751== ERROR SUMMARY: 0 errors from 0 contexts (suppressed: 0 from 0)
Test case failed or timed out
Test case failed or timed out
Test case failed or timed out
Test case failed or timed out
Test case failed or timed out
Test case failed or timed out
==54752== 
==54752== For lists of detected and suppressed errors, rerun with: -s
==54752== ERROR SUMMARY: 0 errors from 0 contexts (suppressed: 0 from 0)
Test case failed or timed out
Test case failed or timed out
Test case failed or timed out
Test case failed or timed out
Test case failed or timed out
Test case failed or timed out
==54753== 
==54753== For lists of detected and suppressed errors, rerun with: -s
==54753== ERROR SUMMARY: 0 errors from 0 contexts (suppressed: 0 from 0)
Test case failed or timed out
Test case failed or timed out
Test case failed or timed out
Test case failed or timed out
Test case failed or timed out
Test case failed or timed out
Test case failed or timed out
==54754== 
==54754== For lists of detected and suppressed errors, rerun with: -s
==54754== ERROR SUMMARY: 0 errors from 0 contexts (suppressed: 0 from 0)
Test case failed or timed out
Test case failed or timed out
Test case failed or timed out
Test case failed or timed out
Test case failed or timed out
Test case failed or timed out
Test case failed or timed out
==54756== 
==54756== For lists of detected and suppressed errors, rerun with: -s
==54756== ERROR SUMMARY: 0 errors from 0 contexts (suppressed: 0 from 0)
Test case failed or timed out
Test case failed or timed out
Test case failed or timed out
Test case failed or timed out
Test case failed or timed out
Test case failed or timed out
Test case failed or timed out
==54757== 
==54757== For lists of detected and suppressed errors, rerun with: -s
==54757== ERROR SUMMARY: 0 errors from 0 contexts (suppressed: 0 from 0)
Test case failed or timed out
Test case failed or timed out
Test case failed or timed out
Test case failed or timed out
Test case failed or timed out
Test case failed or timed out
Test case failed or timed out
Test case failed or timed out
==54759== 
==54759== For lists of detected and suppressed errors, rerun with: -s
==54759== ERROR SUMMARY: 0 errors from 0 contexts (suppressed: 0 from 0)
Test case failed or timed out
Test case failed or timed out
Test case failed or timed out
Test case failed or timed out
Test case failed or timed out
Test case failed or timed out
Test case failed or timed out
Test case failed or timed out
Test case failed or timed out
==54760== 
==54760== For lists of detected and suppressed errors, rerun with: -s
==54760== ERROR SUMMARY: 0 errors from 0 contexts (suppressed: 0 from 0)
Test case failed or timed out
Test case failed or timed out
Test case failed or timed out
Test case failed or timed out
Test case failed or timed out
Test case failed or timed out
Test case failed or timed out
Test case failed or timed out
Test case failed or timed out
==54761== 
==54761== For lists of detected and suppressed errors, rerun with: -s
==54761== ERROR SUMMARY: 0 errors from 0 contexts (suppressed: 0 from 0)
Test case failed or timed out
Test case failed or timed out
Test case failed or timed out
Test case failed or timed out
Test case failed or timed out
Test case failed or timed out
Test case failed or timed out
Test case failed or timed out
Test case failed or timed out
Test case failed or timed out
==54764== 
==54764== For lists of detected and suppressed errors, rerun with: -s
==54764== ERROR SUMMARY: 0 errors from 0 contexts (suppressed: 0 from 0)
Test case failed or timed out
Test case failed or timed out
Test case failed or timed out
Test case failed or timed out
Test case failed or timed out
Test case failed or timed out
Test case failed or timed out
Test case failed or timed out
Test case failed or timed out
Test case failed or timed out
==54765== 
==54765== For lists of detected and suppressed errors, rerun with: -s
==54765== ERROR SUMMARY: 0 errors from 0 contexts (suppressed: 0 from 0)
Test case failed or timed out
Test case failed or timed out
Test case failed or timed out
Test case failed or timed out
Test case failed or timed out
Test case failed or timed out
Test case failed or timed out
Test case failed or timed out
Test case failed or timed out
Test case failed or timed out
Test case failed or timed out
==54734== 
==54734== For lists of detected and suppressed errors, rerun with: -s
==54734== ERROR SUMMARY: 0 errors from 0 contexts (suppressed: 0 from 0)
Running Daikon...
houdafny.dfy(59,2): Warning: assume statement has no {:axiom} annotation
   |
59 |   assume (l_low == r_low) && ((l_low >= 0) && ((l_high == 1) && (r_high == 1)));
   |   ^^^^^^^^^^^^^^^^^^^^^^^^^^^^^^^^^^^^^^^^^^^^^^^^^^^^^^^^^^^^^^^^^^^^^^^^^^^^^^

houdafny.dfy(67,4): Warning: assume statement has no {:axiom} annotation
   |
67 |     assume l_x >= 0;
   |     ^^^^^^^^^^^^^^^^

houdafny.dfy(109,14): Warning: assume statement has no {:axiom} annotation
    |
109 |               assume !(1 == 1);
    |               ^^^^^^^^^^^^^^^^^

houdafny.dfy(117,14): Warning: assume statement has no {:axiom} annotation
    |
117 |               assume !(1 == 1);
    |               ^^^^^^^^^^^^^^^^^

houdafny.dfy(128,6): Warning: assume statement has no {:axiom} annotation
    |
128 |       assume l_x >= 0;
    |       ^^^^^^^^^^^^^^^^

houdafny.dfy(160,12): Warning: assume statement has no {:axiom} annotation
    |
160 |             assume !(r_r != 0);
    |             ^^^^^^^^^^^^^^^^^^^

houdafny.dfy(168,12): Warning: assume statement has no {:axiom} annotation
    |
168 |             assume !(1 == 1);
    |             ^^^^^^^^^^^^^^^^^

houdafny.dfy(183,8): Warning: assume statement has no {:axiom} annotation
    |
183 |         assume (l_r == 0) || (l_r == 1);
    |         ^^^^^^^^^^^^^^^^^^^^^^^^^^^^^^^^

houdafny.dfy(195,14): Warning: assume statement has no {:axiom} annotation
    |
195 |               assume (l_r == 0) || (l_r == 1);
    |               ^^^^^^^^^^^^^^^^^^^^^^^^^^^^^^^^

houdafny.dfy(206,12): Warning: assume statement has no {:axiom} annotation
    |
206 |             assume (l_r == 0) || (l_r == 1);
    |             ^^^^^^^^^^^^^^^^^^^^^^^^^^^^^^^^

houdafny.dfy(213,14): Warning: assume statement has no {:axiom} annotation
    |
213 |               assume !(1 == 1);
    |               ^^^^^^^^^^^^^^^^^

houdafny.dfy(217,14): Warning: assume statement has no {:axiom} annotation
    |
217 |               assume (l_r == 0) || (l_r == 1);
    |               ^^^^^^^^^^^^^^^^^^^^^^^^^^^^^^^^

houdafny.dfy(224,14): Warning: assume statement has no {:axiom} annotation
    |
224 |               assume !(l_r != 0);
    |               ^^^^^^^^^^^^^^^^^^^

houdafny.dfy(235,8): Warning: assume statement has no {:axiom} annotation
    |
235 |         assume (l_r == 0) || (l_r == 1);
    |         ^^^^^^^^^^^^^^^^^^^^^^^^^^^^^^^^

houdafny.dfy(247,10): Warning: assume statement has no {:axiom} annotation
    |
247 |           assume (l_r == 0) || (l_r == 1);
    |           ^^^^^^^^^^^^^^^^^^^^^^^^^^^^^^^^

houdafny.dfy(257,12): Warning: assume statement has no {:axiom} annotation
    |
257 |             assume !(r_r != 0);
    |             ^^^^^^^^^^^^^^^^^^^

houdafny.dfy(261,12): Warning: assume statement has no {:axiom} annotation
    |
261 |             assume (l_r == 0) || (l_r == 1);
    |             ^^^^^^^^^^^^^^^^^^^^^^^^^^^^^^^^

houdafny.dfy(268,12): Warning: assume statement has no {:axiom} annotation
    |
268 |             assume !(l_r != 0);
    |             ^^^^^^^^^^^^^^^^^^^


Dafny program verifier finished with 1 verified, 0 errors


Aligned Product Program
-----------------------

function arb_bool(): int

function arb_int(): int

function havoc_1(r_high: int, l_high: int, l_low: int, r_low: int): int

function havoc_3(r_high: int, l_high: int, l_low: int, r_low: int): int

function havoc_8(r_high: int, l_high: int, l_low: int, r_low: int, l_x: int): int

function havoc_10(r_high: int, l_high: int, l_low: int, r_low: int, l_r: int, l_x: int, r_x: int): int

function havoc_11(r_high: int, l_high: int, l_low: int, r_low: int, l_r: int, l_x: int, r_x: int): int

function havoc_12(r_high: int, l_high: int, l_low: int, r_low: int, l_r: int, l_x: int, r_x: int): int

function havoc_13(r_high: int, l_high: int, l_low: int, r_low: int, l_x: int): int

function havoc_15(r_high: int, l_high: int, r_r: int, l_low: int, r_low: int, l_r: int, l_x: int, r_x: int): int

function havoc_17(r_high: int, l_high: int, r_r: int, l_low: int, r_low: int, l_r: int, l_x: int, r_x: int): int

function choice_n_6(r_high: int, l_high: int, r_r: int, l_low: int, r_low: int, l_x: int, r_x: int): int

function choice_n_16(r_high: int, l_high: int, r_r: int, l_low: int, r_low: int, l_r: int, l_x: int, r_x: int): int

function choice_n_2(r_high: int, l_high: int, l_low: int, r_low: int, l_x: int): int {
  l_x
 }

function choice_n_5(r_high: int, l_ret: int, l_high: int, r_r: int, l_low: int, r_low: int, l_x: int, r_x: int): int {
  0
 }

function choice_n_18(r_high: int, l_high: int, r_r: int, l_low: int, r_low: int, l_r: int, l_x: int, r_x: int): int {
  0
 }

function choice_n_4(r_high: int, l_high: int, l_low: int, r_low: int, l_x: int, r_x: int): int {
  0
 }

function choice_n_7(r_high: int, l_high: int, r_r: int, l_low: int, r_low: int, l_x: int, r_x: int): int {
  0
 }

function choice_n_9(r_high: int, l_high: int, l_low: int, r_low: int, l_r: int, l_x: int): int {
  0
 }

function choice_n_14(r_high: int, l_high: int, l_low: int, r_low: int, l_r: int, l_x: int, r_x: int): int {
  0
 }

method Product(l_low: int, l_high: int, r_low: int, r_high: int)
  decreases *
{
  assume (l_low == r_low) && ((l_low >= 0) && ((l_high == 1) && (r_high == 1)));
  var l_ret: int;
  var l_x: int;
  var r_ret: int;
  var r_x: int;
  if ((l_high != 0) && (r_high != 0)) {
    assert true;
    l_x := havoc_1(r_high, l_high, l_low, r_low);
    assume l_x >= 0;
    var n_2: int := choice_n_2(r_high, l_high, l_low, r_low, l_x);
    assert n_2 >= 0;
    r_x := n_2;
    if ((l_x >= l_low) && (r_x >= r_low)) {
      l_ret := l_x;
      r_ret := r_x;
    } else {
      if ((l_x >= l_low) && (!(r_x >= r_low))) {
        l_ret := l_x;
        if (1 == 1) {
          while (1 == 1)
            decreases *
          {
            r_x := r_x;
          }
        }
      } else {
        if ((!(l_x >= l_low)) && (r_x >= r_low)) {
          while (1 == 1)
            decreases *
            invariant l_x == 3
            invariant l_x <= 3
            invariant l_x >= 3
            invariant r_x == 6
            invariant r_x <= 6
            invariant r_x >= 6
          {
            l_x := l_x;
          }
          r_ret := r_x;
        } else {
          while ((1 == 1) && (1 == 1))
            decreases *
          {
            l_x := l_x;
            r_x := r_x;
          }
          if (1 == 1) {
            while (1 == 1)
              decreases *
            {
              assume !(1 == 1);
              l_x := l_x;
            }
          }
          if (1 == 1) {
            while (1 == 1)
              decreases *
            {
              assume !(1 == 1);
              r_x := r_x;
            }
          }
        }
      }
    }
  } else {
    if ((l_high != 0) && (!(r_high != 0))) {
      assert true;
      l_x := havoc_3(r_high, l_high, l_low, r_low);
      assume l_x >= 0;
      r_x := r_low;
      var r_r: int;
      var n_4: int := choice_n_4(r_high, l_high, l_low, r_low, l_x, r_x);
      assert (n_4 == 0) || (n_4 == 1);
      r_r := n_4;
      if (l_x >= l_low) {
        l_ret := l_x;
        if (r_r != 0) {
          while (r_r != 0)
            decreases *
          {
            r_x := (r_x + 1);
            var n_5: int := choice_n_5(r_high, l_ret, l_high, r_r, l_low, r_low, l_x, r_x);
            assert (n_5 == 0) || (n_5 == 1);
            r_r := n_5;
          }
        }
      } else {
        while ((1 == 1) && (r_r != 0))
          decreases *
        {
          l_x := l_x;
          r_x := (r_x + 1);
          var n_7: int := choice_n_7(r_high, l_high, r_r, l_low, r_low, l_x, r_x);
          assert (n_7 == 0) || (n_7 == 1);
          r_r := n_7;
        }
        if (1 == 1) {
          while (1 == 1)
            decreases *
          {
            assume !(r_r != 0);
            l_x := l_x;
          }
        }
        if (r_r != 0) {
          while (r_r != 0)
            decreases *
          {
            assume !(1 == 1);
            r_x := (r_x + 1);
            var n_6: int := choice_n_6(r_high, l_high, r_r, l_low, r_low, l_x, r_x);
            assert (n_6 == 0) || (n_6 == 1);
            r_r := n_6;
          }
        }
      }
      r_ret := r_x;
    } else {
      if ((!(l_high != 0)) && (r_high != 0)) {
        l_x := l_low;
        var l_r: int;
        assert true;
        l_r := havoc_8(r_high, l_high, l_low, r_low, l_x);
        assume (l_r == 0) || (l_r == 1);
        var n_9: int := choice_n_9(r_high, l_high, l_low, r_low, l_r, l_x);
        assert n_9 >= 0;
        r_x := n_9;
        if (r_x >= r_low) {
          if (l_r != 0) {
            while (l_r != 0)
              decreases *
            {
              l_x := (l_x + 1);
              assert true;
              l_r := havoc_10(r_high, l_high, l_low, r_low, l_r, l_x, r_x);
              assume (l_r == 0) || (l_r == 1);
            }
          }
          r_ret := r_x;
        } else {
          while ((l_r != 0) && (1 == 1))
            decreases *
          {
            l_x := (l_x + 1);
            assert true;
            l_r := havoc_12(r_high, l_high, l_low, r_low, l_r, l_x, r_x);
            assume (l_r == 0) || (l_r == 1);
            r_x := r_x;
          }
          if (l_r != 0) {
            while (l_r != 0)
              decreases *
            {
              assume !(1 == 1);
              l_x := (l_x + 1);
              assert true;
              l_r := havoc_11(r_high, l_high, l_low, r_low, l_r, l_x, r_x);
              assume (l_r == 0) || (l_r == 1);
            }
          }
          if (1 == 1) {
            while (1 == 1)
              decreases *
            {
              assume !(l_r != 0);
              r_x := r_x;
            }
          }
        }
        l_ret := l_x;
      } else {
        l_x := l_low;
        var l_r: int;
        assert true;
        l_r := havoc_13(r_high, l_high, l_low, r_low, l_x);
        assume (l_r == 0) || (l_r == 1);
        r_x := r_low;
        var r_r: int;
        var n_14: int := choice_n_14(r_high, l_high, l_low, r_low, l_r, l_x, r_x);
        assert (n_14 == 0) || (n_14 == 1);
        r_r := n_14;
        while ((l_r != 0) && (r_r != 0))
          decreases *
        {
          l_x := (l_x + 1);
          assert true;
          l_r := havoc_17(r_high, l_high, r_r, l_low, r_low, l_r, l_x, r_x);
          assume (l_r == 0) || (l_r == 1);
          r_x := (r_x + 1);
          var n_18: int := choice_n_18(r_high, l_high, r_r, l_low, r_low, l_r, l_x, r_x);
          assert (n_18 == 0) || (n_18 == 1);
          r_r := n_18;
        }
        if (l_r != 0) {
          while (l_r != 0)
            decreases *
          {
            assume !(r_r != 0);
            l_x := (l_x + 1);
            assert true;
            l_r := havoc_15(r_high, l_high, r_r, l_low, r_low, l_r, l_x, r_x);
            assume (l_r == 0) || (l_r == 1);
          }
        }
        if (r_r != 0) {
          while (r_r != 0)
            decreases *
          {
            assume !(l_r != 0);
            r_x := (r_x + 1);
            var n_16: int := choice_n_16(r_high, l_high, r_r, l_low, r_low, l_r, l_x, r_x);
            assert (n_16 == 0) || (n_16 == 1);
            r_r := n_16;
          }
        }
        l_ret := l_x;
        r_ret := r_x;
      }
    }
  }
  assert l_ret == r_ret;
}


Per-Task Times (ms)
-------------------
insert-elaenia-specs: 0
set-parameters: 0
print-info: 0
elaenia-syntactic-alignment: 21
aligned-crel: 0
print-info: 0
print-info: 0
insert-elaenia-specs: 0
write-sketch: 1
solve-sketch: 550
elaenia-invars: 37101
houdafny: 1230
repeat_range: 38906
write-dafny: 1
print-info: 0


Extraction Settings
-------------------
Max AST Depth: 1
Loop unrolling: false
Cost function: structure
Max AST Depth: 1

Elaenia completed in 38908ms
Verified: true
