
Beginning Iteration
-------------------
add_unrolls: false
depth: 1
cost function: optimize_structure
Computed alignment by local loop counting.
  UNSATISFIABLE ASSERTION Assert at sketch.sk:281 (2)

*** Rejected
    [0;31m[1751564665.9460 - ERROR] [SKETCH] Sketch Not Resolved Error:   UNSATISFIABLE ASSERTION Assert at sketch.sk:281 (2)

*** Rejected
The sketch could not be resolved.[0m
    [0;32m[1751564665.9560 - DEBUG] [SKETCH] stack trace written to file: /home/rob/.sketch/tmp/stacktrace.txt[0m
    [0;32m[1751564665.9561 - DEBUG] Backend solver input file at /home/rob/.sketch/tmp/sketch.sk/input0.tmp[0m
Failed to solve sketch.

Beginning Iteration
-------------------
add_unrolls: false
depth: 1
cost function: optimize_choice
Computed alignment by local loop counting.
Writing Daikon to /home/rob/code/kestrel/.kestrel-work/daikon_output.c...
Done
Compiling Daikon output...
Running Kvasir...
==54473== kvasir-5.8.18, C/C++ Language Front-End for Daikon with DynComp comparability analysis tool.
==54473== Copyright (C) 2007-2022, University of Washington CSE PLSE Group
==54473== Using Valgrind-3.19.0.Fjalar and LibVEX; rerun with -h for copyright info
==54473== Command: /home/rob/code/kestrel/.kestrel-work/daikon_output
==54473== 
==54474== 
==54474== For lists of detected and suppressed errors, rerun with: -s
==54474== ERROR SUMMARY: 0 errors from 0 contexts (suppressed: 0 from 0)
==54475== 
==54475== For lists of detected and suppressed errors, rerun with: -s
==54475== ERROR SUMMARY: 0 errors from 0 contexts (suppressed: 0 from 0)
Test case failed or timed out
==54477== 
==54477== For lists of detected and suppressed errors, rerun with: -s
==54477== ERROR SUMMARY: 0 errors from 0 contexts (suppressed: 0 from 0)
Test case failed or timed out
==54478== 
==54478== For lists of detected and suppressed errors, rerun with: -s
==54478== ERROR SUMMARY: 0 errors from 0 contexts (suppressed: 0 from 0)
Test case failed or timed out
==54479== 
==54479== For lists of detected and suppressed errors, rerun with: -s
==54479== ERROR SUMMARY: 0 errors from 0 contexts (suppressed: 0 from 0)
Test case failed or timed out
==54480== 
==54480== For lists of detected and suppressed errors, rerun with: -s
==54480== ERROR SUMMARY: 0 errors from 0 contexts (suppressed: 0 from 0)
Test case failed or timed out
==54481== 
==54481== For lists of detected and suppressed errors, rerun with: -s
==54481== ERROR SUMMARY: 0 errors from 0 contexts (suppressed: 0 from 0)
Test case failed or timed out
==54482== 
==54482== For lists of detected and suppressed errors, rerun with: -s
==54482== ERROR SUMMARY: 0 errors from 0 contexts (suppressed: 0 from 0)
Test case failed or timed out
Test case failed or timed out
==54484== 
==54484== For lists of detected and suppressed errors, rerun with: -s
==54484== ERROR SUMMARY: 0 errors from 0 contexts (suppressed: 0 from 0)
Test case failed or timed out
Test case failed or timed out
==54485== 
==54485== For lists of detected and suppressed errors, rerun with: -s
==54485== ERROR SUMMARY: 0 errors from 0 contexts (suppressed: 0 from 0)
Test case failed or timed out
Test case failed or timed out
==54486== 
==54486== For lists of detected and suppressed errors, rerun with: -s
==54486== ERROR SUMMARY: 0 errors from 0 contexts (suppressed: 0 from 0)
Test case failed or timed out
Test case failed or timed out
Test case failed or timed out
==54488== 
==54488== For lists of detected and suppressed errors, rerun with: -s
==54488== ERROR SUMMARY: 0 errors from 0 contexts (suppressed: 0 from 0)
Test case failed or timed out
Test case failed or timed out
Test case failed or timed out
==54489== 
==54489== For lists of detected and suppressed errors, rerun with: -s
==54489== ERROR SUMMARY: 0 errors from 0 contexts (suppressed: 0 from 0)
Test case failed or timed out
Test case failed or timed out
Test case failed or timed out
Test case failed or timed out
==54491== 
==54491== For lists of detected and suppressed errors, rerun with: -s
==54491== ERROR SUMMARY: 0 errors from 0 contexts (suppressed: 0 from 0)
Test case failed or timed out
Test case failed or timed out
Test case failed or timed out
Test case failed or timed out
==54492== 
==54492== For lists of detected and suppressed errors, rerun with: -s
==54492== ERROR SUMMARY: 0 errors from 0 contexts (suppressed: 0 from 0)
Test case failed or timed out
Test case failed or timed out
Test case failed or timed out
Test case failed or timed out
Test case failed or timed out
==54495== 
==54495== For lists of detected and suppressed errors, rerun with: -s
==54495== ERROR SUMMARY: 0 errors from 0 contexts (suppressed: 0 from 0)
Test case failed or timed out
Test case failed or timed out
Test case failed or timed out
Test case failed or timed out
Test case failed or timed out
==54496== 
==54496== For lists of detected and suppressed errors, rerun with: -s
==54496== ERROR SUMMARY: 0 errors from 0 contexts (suppressed: 0 from 0)
Test case failed or timed out
Test case failed or timed out
Test case failed or timed out
Test case failed or timed out
Test case failed or timed out
==54497== 
==54497== For lists of detected and suppressed errors, rerun with: -s
==54497== ERROR SUMMARY: 0 errors from 0 contexts (suppressed: 0 from 0)
Test case failed or timed out
Test case failed or timed out
Test case failed or timed out
Test case failed or timed out
Test case failed or timed out
==54498== 
==54498== For lists of detected and suppressed errors, rerun with: -s
==54498== ERROR SUMMARY: 0 errors from 0 contexts (suppressed: 0 from 0)
Test case failed or timed out
Test case failed or timed out
Test case failed or timed out
Test case failed or timed out
Test case failed or timed out
Test case failed or timed out
==54499== 
==54499== For lists of detected and suppressed errors, rerun with: -s
==54499== ERROR SUMMARY: 0 errors from 0 contexts (suppressed: 0 from 0)
Test case failed or timed out
Test case failed or timed out
Test case failed or timed out
Test case failed or timed out
Test case failed or timed out
Test case failed or timed out
Test case failed or timed out
==54473== 
==54473== For lists of detected and suppressed errors, rerun with: -s
==54473== ERROR SUMMARY: 0 errors from 0 contexts (suppressed: 0 from 0)
Running Daikon...
houdafny.dfy(51,2): Warning: assume statement has no {:axiom} annotation
   |
51 |   assume (l_low == r_low) && ((l_low >= 0) && ((l_high == 0) && (r_high == 1)));
   |   ^^^^^^^^^^^^^^^^^^^^^^^^^^^^^^^^^^^^^^^^^^^^^^^^^^^^^^^^^^^^^^^^^^^^^^^^^^^^^^

houdafny.dfy(59,4): Warning: assume statement has no {:axiom} annotation
   |
59 |     assume l_x >= 0;
   |     ^^^^^^^^^^^^^^^^

houdafny.dfy(97,14): Warning: assume statement has no {:axiom} annotation
   |
97 |               assume !(1 == 1);
   |               ^^^^^^^^^^^^^^^^^

houdafny.dfy(105,14): Warning: assume statement has no {:axiom} annotation
    |
105 |               assume !(1 == 1);
    |               ^^^^^^^^^^^^^^^^^

houdafny.dfy(116,6): Warning: assume statement has no {:axiom} annotation
    |
116 |       assume l_x >= 0;
    |       ^^^^^^^^^^^^^^^^

houdafny.dfy(150,12): Warning: assume statement has no {:axiom} annotation
    |
150 |             assume !(r_r != 0);
    |             ^^^^^^^^^^^^^^^^^^^

houdafny.dfy(159,12): Warning: assume statement has no {:axiom} annotation
    |
159 |             assume !(1 == 1);
    |             ^^^^^^^^^^^^^^^^^

houdafny.dfy(174,8): Warning: assume statement has no {:axiom} annotation
    |
174 |         assume (l_r == 0) || (l_r == 1);
    |         ^^^^^^^^^^^^^^^^^^^^^^^^^^^^^^^^

houdafny.dfy(186,10): Warning: assume statement has no {:axiom} annotation
    |
186 |           assume (l_r == 0) || (l_r == 1);
    |           ^^^^^^^^^^^^^^^^^^^^^^^^^^^^^^^^

houdafny.dfy(214,8): Warning: assume statement has no {:axiom} annotation
    |
214 |         assume (l_r == 0) || (l_r == 1);
    |         ^^^^^^^^^^^^^^^^^^^^^^^^^^^^^^^^

houdafny.dfy(223,12): Warning: assume statement has no {:axiom} annotation
    |
223 |             assume (l_r == 0) || (l_r == 1);
    |             ^^^^^^^^^^^^^^^^^^^^^^^^^^^^^^^^

houdafny.dfy(178,24): Error: this loop invariant could not be proved on entry
 Related message: loop invariant violation
    |
178 |           invariant l_r == 1
    |                     ^^^^^^^^

houdafny.dfy(178,24): Error: this invariant could not be proved to be maintained by the loop
 Related message: loop invariant violation
    |
178 |           invariant l_r == 1
    |                     ^^^^^^^^


Dafny program verifier finished with 0 verified, 2 errors

houdafny.dfy(51,2): Warning: assume statement has no {:axiom} annotation
   |
51 |   assume (l_low == r_low) && ((l_low >= 0) && ((l_high == 0) && (r_high == 1)));
   |   ^^^^^^^^^^^^^^^^^^^^^^^^^^^^^^^^^^^^^^^^^^^^^^^^^^^^^^^^^^^^^^^^^^^^^^^^^^^^^^

houdafny.dfy(59,4): Warning: assume statement has no {:axiom} annotation
   |
59 |     assume l_x >= 0;
   |     ^^^^^^^^^^^^^^^^

houdafny.dfy(97,14): Warning: assume statement has no {:axiom} annotation
   |
97 |               assume !(1 == 1);
   |               ^^^^^^^^^^^^^^^^^

houdafny.dfy(105,14): Warning: assume statement has no {:axiom} annotation
    |
105 |               assume !(1 == 1);
    |               ^^^^^^^^^^^^^^^^^

houdafny.dfy(116,6): Warning: assume statement has no {:axiom} annotation
    |
116 |       assume l_x >= 0;
    |       ^^^^^^^^^^^^^^^^

houdafny.dfy(150,12): Warning: assume statement has no {:axiom} annotation
    |
150 |             assume !(r_r != 0);
    |             ^^^^^^^^^^^^^^^^^^^

houdafny.dfy(159,12): Warning: assume statement has no {:axiom} annotation
    |
159 |             assume !(1 == 1);
    |             ^^^^^^^^^^^^^^^^^

houdafny.dfy(174,8): Warning: assume statement has no {:axiom} annotation
    |
174 |         assume (l_r == 0) || (l_r == 1);
    |         ^^^^^^^^^^^^^^^^^^^^^^^^^^^^^^^^

houdafny.dfy(185,10): Warning: assume statement has no {:axiom} annotation
    |
185 |           assume (l_r == 0) || (l_r == 1);
    |           ^^^^^^^^^^^^^^^^^^^^^^^^^^^^^^^^

houdafny.dfy(213,8): Warning: assume statement has no {:axiom} annotation
    |
213 |         assume (l_r == 0) || (l_r == 1);
    |         ^^^^^^^^^^^^^^^^^^^^^^^^^^^^^^^^

houdafny.dfy(222,12): Warning: assume statement has no {:axiom} annotation
    |
222 |             assume (l_r == 0) || (l_r == 1);
    |             ^^^^^^^^^^^^^^^^^^^^^^^^^^^^^^^^

houdafny.dfy(179,24): Error: this loop invariant could not be proved on entry
 Related message: loop invariant violation
    |
179 |           invariant l_r >= 1
    |                     ^^^^^^^^

houdafny.dfy(179,24): Error: this invariant could not be proved to be maintained by the loop
 Related message: loop invariant violation
    |
179 |           invariant l_r >= 1
    |                     ^^^^^^^^


Dafny program verifier finished with 0 verified, 2 errors

houdafny.dfy(51,2): Warning: assume statement has no {:axiom} annotation
   |
51 |   assume (l_low == r_low) && ((l_low >= 0) && ((l_high == 0) && (r_high == 1)));
   |   ^^^^^^^^^^^^^^^^^^^^^^^^^^^^^^^^^^^^^^^^^^^^^^^^^^^^^^^^^^^^^^^^^^^^^^^^^^^^^^

houdafny.dfy(59,4): Warning: assume statement has no {:axiom} annotation
   |
59 |     assume l_x >= 0;
   |     ^^^^^^^^^^^^^^^^

houdafny.dfy(97,14): Warning: assume statement has no {:axiom} annotation
   |
97 |               assume !(1 == 1);
   |               ^^^^^^^^^^^^^^^^^

houdafny.dfy(105,14): Warning: assume statement has no {:axiom} annotation
    |
105 |               assume !(1 == 1);
    |               ^^^^^^^^^^^^^^^^^

houdafny.dfy(116,6): Warning: assume statement has no {:axiom} annotation
    |
116 |       assume l_x >= 0;
    |       ^^^^^^^^^^^^^^^^

houdafny.dfy(150,12): Warning: assume statement has no {:axiom} annotation
    |
150 |             assume !(r_r != 0);
    |             ^^^^^^^^^^^^^^^^^^^

houdafny.dfy(159,12): Warning: assume statement has no {:axiom} annotation
    |
159 |             assume !(1 == 1);
    |             ^^^^^^^^^^^^^^^^^

houdafny.dfy(174,8): Warning: assume statement has no {:axiom} annotation
    |
174 |         assume (l_r == 0) || (l_r == 1);
    |         ^^^^^^^^^^^^^^^^^^^^^^^^^^^^^^^^

houdafny.dfy(184,10): Warning: assume statement has no {:axiom} annotation
    |
184 |           assume (l_r == 0) || (l_r == 1);
    |           ^^^^^^^^^^^^^^^^^^^^^^^^^^^^^^^^

houdafny.dfy(212,8): Warning: assume statement has no {:axiom} annotation
    |
212 |         assume (l_r == 0) || (l_r == 1);
    |         ^^^^^^^^^^^^^^^^^^^^^^^^^^^^^^^^

houdafny.dfy(221,12): Warning: assume statement has no {:axiom} annotation
    |
221 |             assume (l_r == 0) || (l_r == 1);
    |             ^^^^^^^^^^^^^^^^^^^^^^^^^^^^^^^^


Dafny program verifier finished with 1 verified, 0 errors


Aligned Product Program
-----------------------

function arb_bool(): int

function arb_int(): int

function havoc_1(l_high: int, r_high: int, r_low: int, l_low: int): int

function havoc_3(l_high: int, r_high: int, r_low: int, l_low: int): int

function havoc_8(l_high: int, r_high: int, l_x: int, r_low: int, l_low: int): int

function havoc_9(l_high: int, r_high: int, l_x: int, r_low: int, l_low: int, l_r: int): int

function havoc_11(l_high: int, r_high: int, l_x: int, r_low: int, l_low: int): int

function havoc_12(l_high: int, r_high: int, l_x: int, r_low: int, l_low: int, l_r: int): int

function choice_n_6(l_high: int, r_high: int, l_x: int, r_low: int, l_low: int, r_r: int, r_x: int): int

function choice_n_2(l_high: int, r_high: int, l_x: int, r_low: int, l_low: int): int {
  0
 }

function choice_n_7(l_high: int, r_high: int, l_x: int, r_low: int, l_low: int, r_r: int, r_x: int): int {
  0
 }

function choice_n_14(l_high: int, r_high: int, l_x: int, r_low: int, l_low: int, l_r: int, r_r: int, r_x: int): int {
  0
 }

function choice_n_5(l_high: int, r_high: int, l_x: int, r_low: int, l_low: int, l_ret: int, r_r: int, r_x: int): int {
  0
 }

function choice_n_4(l_high: int, r_high: int, l_x: int, r_low: int, l_low: int, r_x: int): int {
  0
 }

function choice_n_13(l_high: int, r_high: int, l_x: int, r_low: int, l_low: int, l_r: int, r_x: int): int {
  0
 }

function choice_n_10(l_high: int, r_high: int, l_x: int, r_low: int, l_low: int, l_r: int): int {
  l_x
 }

method Product(l_low: int, l_high: int, r_low: int, r_high: int)
  decreases *
{
  assume (l_low == r_low) && ((l_low >= 0) && ((l_high == 0) && (r_high == 1)));
  var l_ret: int;
  var l_x: int;
  var r_ret: int;
  var r_x: int;
  if ((l_high != 0) && (r_high != 0)) {
    assert true;
    l_x := havoc_1(l_high, r_high, r_low, l_low);
    assume l_x >= 0;
    var n_2: int := choice_n_2(l_high, r_high, l_x, r_low, l_low);
    assert n_2 >= 0;
    r_x := n_2;
    if ((l_x >= l_low) && (r_x >= r_low)) {
      l_ret := l_x;
      r_ret := r_x;
    } else {
      if ((l_x >= l_low) && (!(r_x >= r_low))) {
        l_ret := l_x;
        if (1 == 1) {
          while (1 == 1)
            decreases *
          {
            r_x := r_x;
          }
        }
      } else {
        if ((!(l_x >= l_low)) && (r_x >= r_low)) {
          if (1 == 1) {
            while (1 == 1)
              decreases *
            {
              l_x := l_x;
            }
          }
          r_ret := r_x;
        } else {
          while ((1 == 1) && (1 == 1))
            decreases *
          {
            l_x := l_x;
            r_x := r_x;
          }
          if (1 == 1) {
            while (1 == 1)
              decreases *
            {
              assume !(1 == 1);
              l_x := l_x;
            }
          }
          if (1 == 1) {
            while (1 == 1)
              decreases *
            {
              assume !(1 == 1);
              r_x := r_x;
            }
          }
        }
      }
    }
  } else {
    if ((l_high != 0) && (!(r_high != 0))) {
      assert true;
      l_x := havoc_3(l_high, r_high, r_low, l_low);
      assume l_x >= 0;
      r_x := r_low;
      var r_r: int;
      var n_4: int := choice_n_4(l_high, r_high, l_x, r_low, l_low, r_x);
      assert (n_4 == 0) || (n_4 == 1);
      r_r := n_4;
      if (l_x >= l_low) {
        l_ret := l_x;
        if (r_r != 0) {
          while (r_r != 0)
            decreases *
            invariant l_x >= l_low
          {
            r_x := (r_x + 1);
            var n_5: int := choice_n_5(l_high, r_high, l_x, r_low, l_low, l_ret, r_r, r_x);
            assert (n_5 == 0) || (n_5 == 1);
            r_r := n_5;
          }
        }
      } else {
        while ((1 == 1) && (r_r != 0))
          decreases *
          invariant l_x >= l_low
        {
          l_x := l_x;
          r_x := (r_x + 1);
          var n_7: int := choice_n_7(l_high, r_high, l_x, r_low, l_low, r_r, r_x);
          assert (n_7 == 0) || (n_7 == 1);
          r_r := n_7;
        }
        if (1 == 1) {
          while (1 == 1)
            decreases *
          {
            assume !(r_r != 0);
            l_x := l_x;
          }
        }
        if (r_r != 0) {
          while (r_r != 0)
            decreases *
            invariant l_x >= l_low
          {
            assume !(1 == 1);
            r_x := (r_x + 1);
            var n_6: int := choice_n_6(l_high, r_high, l_x, r_low, l_low, r_r, r_x);
            assert (n_6 == 0) || (n_6 == 1);
            r_r := n_6;
          }
        }
      }
      r_ret := r_x;
    } else {
      if ((!(l_high != 0)) && (r_high != 0)) {
        l_x := l_low;
        var l_r: int;
        assert true;
        l_r := havoc_8(l_high, r_high, l_x, r_low, l_low);
        assume (l_r == 0) || (l_r == 1);
        while (l_r != 0)
          decreases *
          invariant l_x >= l_low
          invariant l_r <= 1
          invariant l_x >= 0
        {
          l_x := (l_x + 1);
          assert true;
          l_r := havoc_9(l_high, r_high, l_x, r_low, l_low, l_r);
          assume (l_r == 0) || (l_r == 1);
        }
        var n_10: int := choice_n_10(l_high, r_high, l_x, r_low, l_low, l_r);
        assert n_10 >= 0;
        r_x := n_10;
        l_ret := l_x;
        if (r_x >= r_low) {
          r_ret := r_x;
        } else {
          while (1 == 1)
            decreases *
            invariant l_r == 0
            invariant l_r <= 0
            invariant l_r >= 0
            invariant l_ret != 0
            invariant l_x != 0
            invariant r_x == 7
            invariant r_x <= 7
            invariant r_x >= 7
          {
            r_x := r_x;
          }
        }
      } else {
        l_x := l_low;
        var l_r: int;
        assert true;
        l_r := havoc_11(l_high, r_high, l_x, r_low, l_low);
        assume (l_r == 0) || (l_r == 1);
        if (l_r != 0) {
          while (l_r != 0)
            decreases *
            invariant l_x >= l_low
          {
            l_x := (l_x + 1);
            assert true;
            l_r := havoc_12(l_high, r_high, l_x, r_low, l_low, l_r);
            assume (l_r == 0) || (l_r == 1);
          }
        }
        r_x := r_low;
        var r_r: int;
        var n_13: int := choice_n_13(l_high, r_high, l_x, r_low, l_low, l_r, r_x);
        assert (n_13 == 0) || (n_13 == 1);
        r_r := n_13;
        if (r_r != 0) {
          while (r_r != 0)
            decreases *
            invariant l_x >= l_low
          {
            r_x := (r_x + 1);
            var n_14: int := choice_n_14(l_high, r_high, l_x, r_low, l_low, l_r, r_r, r_x);
            assert (n_14 == 0) || (n_14 == 1);
            r_r := n_14;
          }
        }
        l_ret := l_x;
        r_ret := r_x;
      }
    }
  }
  assert l_ret == r_ret;
}


Per-Task Times (ms)
-------------------
insert-elaenia-specs: 0
set-parameters: 0
print-info: 0
elaenia-syntactic-alignment: 21
aligned-crel: 0
print-info: 0
print-info: 0
insert-elaenia-specs: 0
write-sketch: 1
solve-sketch: 1493
elaenia-invars: 0
houdafny: 0
compound_task: 1517
set-parameters: 0
print-info: 0
elaenia-syntactic-alignment: 22
aligned-crel: 0
print-info: 0
print-info: 0
insert-elaenia-specs: 0
write-sketch: 1
solve-sketch: 529
elaenia-invars: 23422
houdafny: 3649
repeat_range: 29142
write-dafny: 0
print-info: 0


Extraction Settings
-------------------
Max AST Depth: 1
Loop unrolling: false
Cost function: choice-information
Max AST Depth: 1

Elaenia completed in 29143ms
Verified: true
