/usr/bin/clang-14 -c -emit-llvm -D__SEAHORN__ -fdeclspec -O1 -Xclang -disable-llvm-optzns -fgnu89-inline -m32 -I/home/usea/seahorn/include -o /tmp/sea-cyo9cb5x/code-sinking.bc ./results/alignments/barthe/count-loops/code-sinking.c
./results/alignments/barthe/count-loops/code-sinking.c:5:5: warning: variable length array folded to constant array as an extension [-Wgnu-folding-constant]
int a_1[N + 1];
    ^
./results/alignments/barthe/count-loops/code-sinking.c:6:5: warning: variable length array folded to constant array as an extension [-Wgnu-folding-constant]
int a_2[N + 1];
    ^
./results/alignments/barthe/count-loops/code-sinking.c:8:1: warning: return type of 'main' is not 'int' [-Wmain-return-type]
void main() {
^
./results/alignments/barthe/count-loops/code-sinking.c:8:1: note: change return type to 'int'
void main() {
^~~~
int
3 warnings generated.
/home/usea/seahorn/bin/seapp -o /tmp/sea-cyo9cb5x/code-sinking.pp.bc --simplifycfg-sink-common=false --strip-extern=false --promote-assumptions=false --kill-vaarg=true --ignore-def-verifier-fn=false --horn-keep-arith-overflow=false /tmp/sea-cyo9cb5x/code-sinking.bc
/home/usea/seahorn/bin/seapp --simplifycfg-sink-common=false -o /tmp/sea-cyo9cb5x/code-sinking.pp.ms.bc --horn-mixed-sem --ms-reduce-main /tmp/sea-cyo9cb5x/code-sinking.pp.bc
/home/usea/seahorn/bin/seaopt -f --simplifycfg-sink-common=false -o ./results/chc/bytecode/barthe/count-loops/code-sinking.bc -O3 --seaopt-enable-indvar=false --seaopt-enable-loop-idiom=false --unroll-threshold=150 --unroll-allow-partial=false --unroll-partial-threshold=0 --vectorize-slp=false /tmp/sea-cyo9cb5x/code-sinking.pp.ms.bc

real	0m0.109s
user	0m0.067s
sys	0m0.043s
