/usr/bin/clang-14 -c -emit-llvm -D__SEAHORN__ -fdeclspec -O1 -Xclang -disable-llvm-optzns -fgnu89-inline -m32 -I/home/usea/seahorn/include -o /tmp/sea-214lu5u5/static-caching.bc ./results/alignments/barthe/count-loops/static-caching.c
./results/alignments/barthe/count-loops/static-caching.c:7:5: warning: variable length array folded to constant array as an extension [-Wgnu-folding-constant]
int a[N][L];
    ^
./results/alignments/barthe/count-loops/static-caching.c:8:5: warning: variable length array folded to constant array as an extension [-Wgnu-folding-constant]
int b[N];
    ^
./results/alignments/barthe/count-loops/static-caching.c:9:5: warning: variable length array folded to constant array as an extension [-Wgnu-folding-constant]
int s_1[(N - M) + 1];
    ^
./results/alignments/barthe/count-loops/static-caching.c:10:5: warning: variable length array folded to constant array as an extension [-Wgnu-folding-constant]
int s_2[(N - M) + 1];
    ^
./results/alignments/barthe/count-loops/static-caching.c:12:1: warning: return type of 'main' is not 'int' [-Wmain-return-type]
void main() {
^
./results/alignments/barthe/count-loops/static-caching.c:12:1: note: change return type to 'int'
void main() {
^~~~
int
5 warnings generated.
/home/usea/seahorn/bin/seapp -o /tmp/sea-214lu5u5/static-caching.pp.bc --simplifycfg-sink-common=false --strip-extern=false --promote-assumptions=false --kill-vaarg=true --ignore-def-verifier-fn=false --horn-keep-arith-overflow=false /tmp/sea-214lu5u5/static-caching.bc
/home/usea/seahorn/bin/seapp --simplifycfg-sink-common=false -o /tmp/sea-214lu5u5/static-caching.pp.ms.bc --horn-mixed-sem --ms-reduce-main /tmp/sea-214lu5u5/static-caching.pp.bc
/home/usea/seahorn/bin/seaopt -f --simplifycfg-sink-common=false -o ./results/chc/bytecode/barthe/count-loops/static-caching.bc -O3 --seaopt-enable-indvar=false --seaopt-enable-loop-idiom=false --unroll-threshold=150 --unroll-allow-partial=false --unroll-partial-threshold=0 --vectorize-slp=false /tmp/sea-214lu5u5/static-caching.pp.ms.bc

real	0m0.104s
user	0m0.070s
sys	0m0.034s
