Computed alignment by local loop counting.
Writing Daikon to daikon_output.c...
Done
Compiling Daikon output...
Running Kvasir...
==28128== kvasir-5.8.18, C/C++ Language Front-End for Daikon with DynComp comparability analysis tool.
==28128== Copyright (C) 2007-2022, University of Washington CSE PLSE Group
==28128== Using Valgrind-3.19.0.Fjalar and LibVEX; rerun with -h for copyright info
==28128== Command: ./daikon_output
==28128== 
==28128== 
==28128== For lists of detected and suppressed errors, rerun with: -s
==28128== ERROR SUMMARY: 0 errors from 0 contexts (suppressed: 0 from 0)
Running Daikon...
Writing Dafny to houdafny.dfy...
Done
Running Dafny verification...
houdafny.dfy(23,20): Error: this invariant could not be proved to be maintained by the loop
   |
23 |     invariant l_sum == r_sum
   |                     ^^

houdafny.dfy(23,20): Related message: loop invariant violation
   |
23 |     invariant l_sum == r_sum
   |                     ^^

houdafny.dfy(29,21): Error: this loop invariant could not be proved on entry
   |
29 |     invariant l_tree != 0
   |                      ^^

houdafny.dfy(29,21): Related message: loop invariant violation
   |
29 |     invariant l_tree != 0
   |                      ^^

houdafny.dfy(29,21): Error: this invariant could not be proved to be maintained by the loop
   |
29 |     invariant l_tree != 0
   |                      ^^

houdafny.dfy(29,21): Related message: loop invariant violation
   |
29 |     invariant l_tree != 0
   |                      ^^

houdafny.dfy(31,21): Error: this invariant could not be proved to be maintained by the loop
   |
31 |     invariant l_tree != l_sum
   |                      ^^

houdafny.dfy(31,21): Related message: loop invariant violation
   |
31 |     invariant l_tree != l_sum
   |                      ^^


Dafny program verifier finished with 0 verified, 4 errors

Writing Dafny to houdafny.dfy...
Done
Running Dafny verification...
houdafny.dfy(24,20): Error: this invariant could not be proved to be maintained by the loop
   |
24 |     invariant l_sum >= r_sum
   |                     ^^

houdafny.dfy(24,20): Related message: loop invariant violation
   |
24 |     invariant l_sum >= r_sum
   |                     ^^


Dafny program verifier finished with 0 verified, 1 error

Writing Dafny to houdafny.dfy...
Done
Running Dafny verification...

Dafny program verifier finished with 1 verified, 0 errors

Writing output to ./results/alignments/dafny/adt/sa/bst-sum-sa.dfy...
Done

Per-Task Times (ms)
-------------------
align-count-loops: 0
aligned-crel: 0
invars-daikon: 1004
houdafny: 5499
align-sa: 0
aligned-crel: 0
invars-daikon: 0
houdafny: 0
aligned-output: 0
write-product: 1

KestRel completed in 6506ms
Verified: true

real	0m6.534s
user	0m7.547s
sys	0m0.357s
