Computed alignment by local loop counting.
Writing Daikon to daikon_output.c...
Done
Compiling Daikon output...
Running Kvasir...
==29082== kvasir-5.8.18, C/C++ Language Front-End for Daikon with DynComp comparability analysis tool.
==29082== Copyright (C) 2007-2022, University of Washington CSE PLSE Group
==29082== Using Valgrind-3.19.0.Fjalar and LibVEX; rerun with -h for copyright info
==29082== Command: ./daikon_output
==29082== 
==29082== 
==29082== For lists of detected and suppressed errors, rerun with: -s
==29082== ERROR SUMMARY: 0 errors from 0 contexts (suppressed: 0 from 0)
Running Daikon...
Writing Dafny to houdafny.dfy...
Done
Running Dafny verification...
houdafny.dfy(21,42): Warning: For expression "(forall sll: int, dll: int :: !(r(sll, dll) == 1) || sll_val(sll) == dll_val(dll)) && forall sll: int, dll: int :: (forall sll: int, dll: int :: !(r(sll, dll) == 1) || sll_next(sll) == dll_next(dll)) && forall sll: int, dll: int :: forall sll: int, dll: int :: !(r(sll, dll) == 1) || sll_null(sll) == dll_null(dll)":
   /!\ No terms found to trigger on.
   |
21 |   assume((r(l_lst_in, r_lst_in) == 1) && (forall sll: int, dll: int :: ((!(r(sll, dll) == 1)) || (r(sll_next(sll), dll_next(dll)) == 1)) && (forall sll: int, dll: int :: ((!(r(sll, dll) == 1)) || (sll_val(sll) == dll_val(dll))) && (forall sll: int, dll: int :: ((!(r(sll, dll) == 1)) || (sll_next(sll) == dll_next(dll))) && forall sll: int, dll: int :: ((!(r(sll, dll) == 1)) || (sll_null(sll) == dll_null(dll)))))));
   |                                           ^^^^^^


Dafny program verifier finished with 1 verified, 0 errors

Writing output to ./results/alignments/dafny/adt/sa/list-length-sa.dfy...
Done

Per-Task Times (ms)
-------------------
align-count-loops: 0
aligned-crel: 0
invars-daikon: 750
houdafny: 2388
align-sa: 0
aligned-crel: 0
invars-daikon: 0
houdafny: 0
aligned-output: 0
write-product: 0

KestRel completed in 3140ms
Verified: true

real	0m3.169s
user	0m3.258s
sys	0m0.185s
