{}


intraproceduralWeight = 
Base relation: 
{l_x := havoc:14
 tmp := havoc:14
 r_x := havoc:196
 tmp___0 := havoc:196
 l_z := l_z':201
 l_y := l_y':200
 r_z := r_z':206
 r_y := (2 * r_y':205)
 when (havoc:14 = havoc:196
         /\ ((0 = mid_l_y:197 /\ (2 * havoc:14) = mid_l_z:198)
               \/ (0 <= (-1 + (2 * havoc:14)) /\ 1 <= K:199
                     /\ 0 <= mid_l_z:198
                     /\ (!(0 <= K:199) \/ mid_l_y:197 = (havoc:14 * K:199))
                     /\ (!(0 <= K:199)
                           \/ mid_l_z:198 = ((2 * havoc:14) + (-1 * K:199)))
                     /\ (!(0 <= K:199)
                           \/ (-1 * mid_l_z:198) <= ((-1 * (2 * havoc:14))
                                                       + K:199))
                     /\ (!(0 <= K:199)
                           \/ mid_l_z:198 <= ((2 * havoc:14) + (-1 * K:199)))
                     /\ (!((0 <= K:199 /\ K:199 <= 0)) \/ 0 <= (-1 * K:199))
                     /\ (!(1 <= K:199)
                           \/ 0 <= ((2 * havoc:14) + (-1 * K:199)))))
         /\ mid_l_y:197 = l_y':200 /\ mid_l_z:198 = l_z':201 /\ l_z':201 <= 0
         /\ ((0 = mid_r_y:202 /\ havoc:196 = mid_r_z:203)
               \/ (0 <= (-1 * l_z':201) /\ 0 <= (-1 + havoc:196)
                     /\ 1 <= K:204 /\ 0 <= (-1 * l_z':201)
                     /\ 0 <= mid_r_z:203
                     /\ (!(0 <= K:204) \/ mid_r_y:202 = (havoc:196 * K:204))
                     /\ (!(0 <= K:204)
                           \/ mid_r_z:203 = (havoc:196 + (-1 * K:204)))
                     /\ (!(0 <= K:204)
                           \/ (-1 * mid_r_z:203) <= ((-1 * havoc:196) + K:204))
                     /\ (!(0 <= K:204)
                           \/ mid_r_z:203 <= (havoc:196 + (-1 * K:204)))
                     /\ (!((0 <= K:204 /\ K:204 <= 0)) \/ 0 <= (-1 * K:204))
                     /\ (!(1 <= K:204) \/ 0 <= (havoc:196 + (-1 * K:204)))))
         /\ mid_r_y:202 = r_y':205 /\ mid_r_z:203 = r_z':206
         /\ 0 <= (-1 * l_z':201) /\ r_z':206 <= 0)}


contextWeight extend intraproceduralWeight = 
Base relation: 
{l_x := havoc:14
 tmp := havoc:14
 r_x := havoc:196
 tmp___0 := havoc:196
 l_z := l_z':201
 l_y := l_y':200
 r_z := r_z':206
 r_y := (2 * r_y':205)
 when (havoc:14 = havoc:196
         /\ ((0 = mid_l_y:197 /\ (2 * havoc:14) = mid_l_z:198)
               \/ (0 <= (-1 + (2 * havoc:14)) /\ 1 <= K:199
                     /\ 0 <= mid_l_z:198
                     /\ (!(0 <= K:199) \/ mid_l_y:197 = (havoc:14 * K:199))
                     /\ (!(0 <= K:199)
                           \/ mid_l_z:198 = ((2 * havoc:14) + (-1 * K:199)))
                     /\ (!(0 <= K:199)
                           \/ (-1 * mid_l_z:198) <= ((-1 * (2 * havoc:14))
                                                       + K:199))
                     /\ (!(0 <= K:199)
                           \/ mid_l_z:198 <= ((2 * havoc:14) + (-1 * K:199)))
                     /\ (!((0 <= K:199 /\ K:199 <= 0)) \/ 0 <= (-1 * K:199))
                     /\ (!(1 <= K:199)
                           \/ 0 <= ((2 * havoc:14) + (-1 * K:199)))))
         /\ mid_l_y:197 = l_y':200 /\ mid_l_z:198 = l_z':201 /\ l_z':201 <= 0
         /\ ((0 = mid_r_y:202 /\ havoc:196 = mid_r_z:203)
               \/ (0 <= (-1 * l_z':201) /\ 0 <= (-1 + havoc:196)
                     /\ 1 <= K:204 /\ 0 <= (-1 * l_z':201)
                     /\ 0 <= mid_r_z:203
                     /\ (!(0 <= K:204) \/ mid_r_y:202 = (havoc:196 * K:204))
                     /\ (!(0 <= K:204)
                           \/ mid_r_z:203 = (havoc:196 + (-1 * K:204)))
                     /\ (!(0 <= K:204)
                           \/ (-1 * mid_r_z:203) <= ((-1 * havoc:196) + K:204))
                     /\ (!(0 <= K:204)
                           \/ mid_r_z:203 <= (havoc:196 + (-1 * K:204)))
                     /\ (!((0 <= K:204 /\ K:204 <= 0)) \/ 0 <= (-1 * K:204))
                     /\ (!(1 <= K:204) \/ 0 <= (havoc:196 + (-1 * K:204)))))
         /\ mid_r_y:202 = r_y':205 /\ mid_r_z:203 = r_z':206
         /\ 0 <= (-1 * l_z':201) /\ r_z':206 <= 0)}

Is not SAT! (Assertion on line 22 PASSED)
---------------------------------------------

================================================
Bounds on Variables

================================================
Finished!

real	0m0.637s
user	0m0.592s
sys	0m0.016s
