         /\ (-1 + (phi_tmp___3:172)) = 0 /\ 0 <= (l_i':436) /\ (l_y':435) = 0
         /\ havoc:152 <= l_i':436
         /\ ((l_y':435 = mid_l_y:437 /\ l_i':436 = mid_l_i:438)
               \/ ((-1 + phi_tmp___3:172) = 0 /\ (-1 + 1) = 0 /\ l_y':435 = 0
                     /\ 0 <= (-1 + (-1 * l_i':436) + havoc:21)
                     /\ 0 <= l_i':436 /\ 1 <= K:439
                     /\ (-1 + phi_tmp___3:172) = 0 /\ (-1 + 1) = 0
                     /\ mid_l_y:437 = 0
                     /\ 0 <= ((-1 * mid_l_i:438) + havoc:21)
                     /\ 0 <= (-1 + mid_l_i:438)
                     /\ (!((0 <= K:439 /\ K:439 <= 0))
                           \/ mid_l_y:437 = l_y':435)
                     /\ (!(1 <= K:439) \/ mid_l_y:437 = 0)
                     /\ (!(0 <= K:439) \/ mid_l_i:438 = (l_i':436 + K:439))
                     /\ (!(0 <= K:439)
                           \/ (-1 * mid_l_i:438) <= ((-1 * l_i':436)
                                                       + (-1 * K:439)))
                     /\ (!(0 <= K:439) \/ mid_l_i:438 <= (l_i':436 + K:439))
                     /\ (!((0 <= K:439 /\ K:439 <= 0))
                           \/ (-1 * mid_l_y:437) <= (-1 * l_y':435))
                     /\ (!(1 <= K:439) \/ (-1 * mid_l_y:437) <= 0)
                     /\ (!((0 <= K:439 /\ K:439 <= 0))
                           \/ mid_l_y:437 <= l_y':435)
                     /\ (!(1 <= K:439) \/ mid_l_y:437 <= 0)
                     /\ (!((1 <= K:439 /\ K:439 <= 1)) \/ 0 <= l_y':435)
                     /\ (!((1 <= K:439 /\ K:439 <= 1))
                           \/ 0 <= (-1 * l_y':435))
                     /\ (!((0 <= K:439 /\ K:439 <= 0)) \/ 0 <= K:439)
                     /\ (!(1 <= K:439) \/ 0 <= (-1 + l_i':436 + K:439))))
         /\ mid_l_y:437 = l_y':440 /\ mid_l_i:438 = l_i':441
         /\ (-1 + (phi_tmp___3:172)) = 0 /\ 0 <= (l_i':441) /\ (l_y':440) = 0
         /\ (-1 + 1) = 0 /\ havoc:21 <= l_i':441
         /\ ((0 = mid_r_y:442 /\ 0 = mid_r_i:443)
               \/ ((-1 + phi_tmp___3:172) = 0 /\ l_y':440 = 0 /\ (-1 + 1) = 0
                     /\ 0 <= (-1 + phi_r_h:174) /\ 0 <= l_i':441
                     /\ 1 <= K:444 /\ (-1 + phi_tmp___3:172) = 0
                     /\ l_y':440 = 0 /\ (-1 + 1) = 0 /\ mid_r_y:442 = 0
                     /\ 0 <= ((-1 * mid_r_i:443) + phi_r_h:174)
                     /\ 0 <= l_i':441 /\ 0 <= (-1 + mid_r_i:443)
                     /\ (!((0 <= K:444 /\ K:444 <= 0)) \/ mid_r_y:442 = 0)
                     /\ (!(1 <= K:444) \/ mid_r_y:442 = 0)
                     /\ (!(0 <= K:444) \/ mid_r_i:443 = K:444)
                     /\ (!(0 <= K:444) \/ (-1 * mid_r_i:443) <= (-1 * K:444))
                     /\ (!(0 <= K:444) \/ mid_r_i:443 <= K:444)
                     /\ (!((0 <= K:444 /\ K:444 <= 0))
                           \/ (-1 * mid_r_y:442) <= 0)
                     /\ (!(1 <= K:444) \/ (-1 * mid_r_y:442) <= 0)
                     /\ (!((0 <= K:444 /\ K:444 <= 0)) \/ mid_r_y:442 <= 0)
                     /\ (!(1 <= K:444) \/ mid_r_y:442 <= 0)
                     /\ (!((0 <= K:444 /\ K:444 <= 0)) \/ 0 <= K:444)
                     /\ (!(1 <= K:444) \/ 0 <= (-1 + K:444))))
         /\ mid_r_y:442 = r_y':445 /\ mid_r_i:443 = r_i':446
         /\ (-1 + (phi_tmp___3:172)) = 0 /\ 0 <= (l_i':441) /\ (l_y':440) = 0
         /\ (-1 + 1) = 0 /\ 0 <= (r_i':446) /\ (r_y':445) = 0
         /\ phi_r_h:174 <= r_i':446
         /\ ((r_y':445 = mid_r_y:447 /\ r_i':446 = mid_r_i:448)
               \/ ((-1 + phi_tmp___3:172) = 0 /\ l_y':440 = 0 /\ (-1 + 1) = 0
                     /\ (-1 + 1) = 0 /\ r_y':445 = 0
                     /\ 0 <= (-1 + (-1 * r_i':446) + havoc:153)
                     /\ 0 <= l_i':441 /\ 0 <= r_i':446 /\ 1 <= K:449
                     /\ (-1 + phi_tmp___3:172) = 0 /\ l_y':440 = 0
                     /\ (-1 + 1) = 0 /\ (-1 + 1) = 0 /\ mid_r_y:447 = 0
                     /\ 0 <= ((-1 * mid_r_i:448) + havoc:153)
                     /\ 0 <= l_i':441 /\ 0 <= (-1 + mid_r_i:448)
                     /\ (!((0 <= K:449 /\ K:449 <= 0))
                           \/ mid_r_y:447 = r_y':445)
                     /\ (!(1 <= K:449) \/ mid_r_y:447 = 0)
                     /\ (!(0 <= K:449) \/ mid_r_i:448 = (r_i':446 + K:449))
                     /\ (!(0 <= K:449)
                           \/ (-1 * mid_r_i:448) <= ((-1 * r_i':446)
                                                       + (-1 * K:449)))
                     /\ (!(0 <= K:449) \/ mid_r_i:448 <= (r_i':446 + K:449))
                     /\ (!((0 <= K:449 /\ K:449 <= 0))
                           \/ (-1 * mid_r_y:447) <= (-1 * r_y':445))
                     /\ (!(1 <= K:449) \/ (-1 * mid_r_y:447) <= 0)
                     /\ (!((0 <= K:449 /\ K:449 <= 0))
                           \/ mid_r_y:447 <= r_y':445)
                     /\ (!(1 <= K:449) \/ mid_r_y:447 <= 0)
                     /\ (!((1 <= K:449 /\ K:449 <= 1)) \/ 0 <= r_y':445)
                     /\ (!((1 <= K:449 /\ K:449 <= 1))
                           \/ 0 <= (-1 * r_y':445))
                     /\ (!((0 <= K:449 /\ K:449 <= 0)) \/ 0 <= K:449)
                     /\ (!(1 <= K:449) \/ 0 <= (-1 + r_i':446 + K:449))))
         /\ mid_r_y:447 = r_y':450 /\ mid_r_i:448 = r_i':451
         /\ (-1 + (phi_tmp___3:172)) = 0 /\ 0 <= (l_i':441) /\ (l_y':440) = 0
         /\ (-1 + 1) = 0 /\ 0 <= (r_i':451) /\ (r_y':450) = 0 /\ (-1 + 1) = 0
         /\ havoc:153 <= r_i':451)}

Is not SAT! (Assertion on line 33 PASSED)
---------------------------------------------

================================================
Bounds on Variables

================================================
Finished!

real	0m1.024s
user	0m0.992s
sys	0m0.012s
