                                                    * K:158)
                                               + (-1/2 * (K:158 * K:158))
                                               + (havoc:19 * (K:158 * K:158))
                                               + (1/3
                                                    * (K:158 * K:158 * K:158))))
                     /\ (!(0 <= K:158) \/ mid_l_a:157 = (havoc:19 + K:158))
                     /\ (!(0 <= K:158)
                           \/ (-1 * mid_l_a:157) <= ((-1 * havoc:19)
                                                       + (-1 * K:158)))
                     /\ (!(0 <= K:158) \/ mid_l_a:157 <= (havoc:19 + K:158))))
         /\ mid_l_c:156 = l_c':159 /\ mid_l_a:157 = l_a':160
         /\ (-1 + (phi_tmp___3:92)) = 0 /\ havoc:84 <= l_a':160
         /\ ((0 = mid_r_c:161 /\ havoc:85 = mid_r_a:162)
               \/ ((-1 + phi_tmp___3:92) = 0
                     /\ 0 <= (-1 + (-1 * havoc:85) + phi_r_b:94)
                     /\ 1 <= K:163 /\ (-1 + phi_tmp___3:92) = 0
                     /\ 0 <= ((-1 * mid_r_a:162) + phi_r_b:94)
                     /\ (!((0 <= K:163 /\ K:163 <= 0))
                           \/ mid_r_c:161 = ((1/6 * K:163)
                                               + (-1 * havoc:85 * K:163)
                                               + ((havoc:85 * havoc:85)
                                                    * K:163)
                                               + (-1/2 * (K:163 * K:163))
                                               + (havoc:85 * (K:163 * K:163))
                                               + (1/3
                                                    * (K:163 * K:163 * K:163))))
                     /\ (!(1 <= K:163)
                           \/ mid_r_c:161 = ((1/6 * K:163)
                                               + (-1 * havoc:85 * K:163)
                                               + ((havoc:85 * havoc:85)
                                                    * K:163)
                                               + (-1/2 * (K:163 * K:163))
                                               + (havoc:85 * (K:163 * K:163))
                                               + (1/3
                                                    * (K:163 * K:163 * K:163))))
                     /\ (!((0 <= K:163 /\ K:163 <= 0))
                           \/ mid_r_c:161 = ((1/6 * K:163)
                                               + (-1 * havoc:85 * K:163)
                                               + ((havoc:85 * havoc:85)
                                                    * K:163)
                                               + (-1/2 * (K:163 * K:163))
                                               + (havoc:85 * (K:163 * K:163))
                                               + (1/3
                                                    * (K:163 * K:163 * K:163))))
                     /\ (!(1 <= K:163)
                           \/ mid_r_c:161 = ((1/6 * K:163)
                                               + (-1 * havoc:85 * K:163)
                                               + ((havoc:85 * havoc:85)
                                                    * K:163)
                                               + (-1/2 * (K:163 * K:163))
                                               + (havoc:85 * (K:163 * K:163))
                                               + (1/3
                                                    * (K:163 * K:163 * K:163))))
                     /\ (!((0 <= K:163 /\ K:163 <= 0))
                           \/ mid_r_c:161 = ((1/6 * K:163)
                                               + (-1 * havoc:85 * K:163)
                                               + ((havoc:85 * havoc:85)
                                                    * K:163)
                                               + (-1/2 * (K:163 * K:163))
                                               + (havoc:85 * (K:163 * K:163))
                                               + (1/3
                                                    * (K:163 * K:163 * K:163))))
                     /\ (!(1 <= K:163)
                           \/ mid_r_c:161 = ((1/6 * K:163)
                                               + (-1 * havoc:85 * K:163)
                                               + ((havoc:85 * havoc:85)
                                                    * K:163)
                                               + (-1/2 * (K:163 * K:163))
                                               + (havoc:85 * (K:163 * K:163))
                                               + (1/3
                                                    * (K:163 * K:163 * K:163))))
                     /\ (!(0 <= K:163)
                           \/ mid_r_c:161 = ((1/6 * K:163)
                                               + (-1 * havoc:85 * K:163)
                                               + ((havoc:85 * havoc:85)
                                                    * K:163)
                                               + (-1/2 * (K:163 * K:163))
                                               + (havoc:85 * (K:163 * K:163))
                                               + (1/3
                                                    * (K:163 * K:163 * K:163))))
                     /\ (!(0 <= K:163) \/ mid_r_a:162 = (havoc:85 + K:163))
                     /\ (!(0 <= K:163)
                           \/ (-1 * mid_r_a:162) <= ((-1 * havoc:85)
                                                       + (-1 * K:163)))
                     /\ (!(0 <= K:163) \/ mid_r_a:162 <= (havoc:85 + K:163))))
         /\ mid_r_c:161 = r_c':164 /\ mid_r_a:162 = r_a':165
         /\ (-1 + (phi_tmp___3:92)) = 0 /\ phi_r_b:94 <= r_a':165)}

Is not SAT! (Assertion on line 19 PASSED)
---------------------------------------------

================================================
Bounds on Variables

================================================
Finished!

real	0m1.057s
user	0m1.020s
sys	0m0.012s
