Computed alignment by local loop counting.
Writing Daikon to daikon_output.c...
Done
Compiling Daikon output...
Running Kvasir...
==30709== kvasir-5.8.18, C/C++ Language Front-End for Daikon with DynComp comparability analysis tool.
==30709== Copyright (C) 2007-2022, University of Washington CSE PLSE Group
==30709== Using Valgrind-3.19.0.Fjalar and LibVEX; rerun with -h for copyright info
==30709== Command: ./daikon_output
==30709== 
==30709== 
==30709== For lists of detected and suppressed errors, rerun with: -s
==30709== ERROR SUMMARY: 0 errors from 0 contexts (suppressed: 0 from 0)
Running Daikon...
Writing Dafny to houdafny.dfy...
Done
Running Dafny verification...
houdafny.dfy(31,18): Error: this loop invariant could not be proved on entry
   |
31 |     invariant l_a != 0
   |                   ^^

houdafny.dfy(31,18): Related message: loop invariant violation
   |
31 |     invariant l_a != 0
   |                   ^^

houdafny.dfy(32,18): Error: this loop invariant could not be proved on entry
   |
32 |     invariant l_n != 0
   |                   ^^

houdafny.dfy(32,18): Related message: loop invariant violation
   |
32 |     invariant l_n != 0
   |                   ^^

houdafny.dfy(33,18): Error: this loop invariant could not be proved on entry
   |
33 |     invariant l_n >= 1
   |                   ^^

houdafny.dfy(33,18): Related message: loop invariant violation
   |
33 |     invariant l_n >= 1
   |                   ^^

houdafny.dfy(34,18): Error: this loop invariant could not be proved on entry
   |
34 |     invariant l_m != 0
   |                   ^^

houdafny.dfy(34,18): Related message: loop invariant violation
   |
34 |     invariant l_m != 0
   |                   ^^

houdafny.dfy(35,18): Error: this loop invariant could not be proved on entry
   |
35 |     invariant l_m >= 1
   |                   ^^

houdafny.dfy(35,18): Related message: loop invariant violation
   |
35 |     invariant l_m >= 1
   |                   ^^

houdafny.dfy(38,18): Error: this loop invariant could not be proved on entry
   |
38 |     invariant l_a != l_n
   |                   ^^

houdafny.dfy(38,18): Related message: loop invariant violation
   |
38 |     invariant l_a != l_n
   |                   ^^

houdafny.dfy(39,18): Error: this loop invariant could not be proved on entry
   |
39 |     invariant l_a != l_m
   |                   ^^

houdafny.dfy(39,18): Related message: loop invariant violation
   |
39 |     invariant l_a != l_m
   |                   ^^

houdafny.dfy(41,18): Error: this loop invariant could not be proved on entry
   |
41 |     invariant l_a != r_a
   |                   ^^

houdafny.dfy(41,18): Related message: loop invariant violation
   |
41 |     invariant l_a != r_a
   |                   ^^


Dafny program verifier finished with 0 verified, 8 errors

Writing Dafny to houdafny.dfy...
Done
Running Dafny verification...
houdafny.dfy(32,18): Error: this loop invariant could not be proved on entry
   |
32 |     invariant r_a != 0
   |                   ^^

houdafny.dfy(32,18): Related message: loop invariant violation
   |
32 |     invariant r_a != 0
   |                   ^^

houdafny.dfy(34,18): Error: this loop invariant could not be proved on entry
   |
34 |     invariant l_n > l_x
   |                   ^

houdafny.dfy(34,18): Related message: loop invariant violation
   |
34 |     invariant l_n > l_x
   |                   ^

houdafny.dfy(35,18): Error: this loop invariant could not be proved on entry
   |
35 |     invariant l_n != r_a
   |                   ^^

houdafny.dfy(35,18): Related message: loop invariant violation
   |
35 |     invariant l_n != r_a
   |                   ^^

houdafny.dfy(36,18): Error: this loop invariant could not be proved on entry
   |
36 |     invariant l_m != r_a
   |                   ^^

houdafny.dfy(36,18): Related message: loop invariant violation
   |
36 |     invariant l_m != r_a
   |                   ^^

houdafny.dfy(50,20): Error: this loop invariant could not be proved on entry
   |
50 |       invariant l_a != 0
   |                     ^^

houdafny.dfy(50,20): Related message: loop invariant violation
   |
50 |       invariant l_a != 0
   |                     ^^

houdafny.dfy(60,20): Error: this loop invariant could not be proved on entry
   |
60 |       invariant l_a != l_n
   |                     ^^

houdafny.dfy(60,20): Related message: loop invariant violation
   |
60 |       invariant l_a != l_n
   |                     ^^

houdafny.dfy(61,20): Error: this loop invariant could not be proved on entry
   |
61 |       invariant l_a != l_m
   |                     ^^

houdafny.dfy(61,20): Related message: loop invariant violation
   |
61 |       invariant l_a != l_m
   |                     ^^

houdafny.dfy(62,20): Error: this loop invariant could not be proved on entry
   |
62 |       invariant l_a != l_x
   |                     ^^

houdafny.dfy(62,20): Related message: loop invariant violation
   |
62 |       invariant l_a != l_x
   |                     ^^

houdafny.dfy(63,20): Error: this loop invariant could not be proved on entry
   |
63 |       invariant l_a != r_a
   |                     ^^

houdafny.dfy(63,20): Related message: loop invariant violation
   |
63 |       invariant l_a != r_a
   |                     ^^

houdafny.dfy(64,20): Error: this loop invariant could not be proved on entry
   |
64 |       invariant l_a != r_i
   |                     ^^

houdafny.dfy(64,20): Related message: loop invariant violation
   |
64 |       invariant l_a != r_i
   |                     ^^

houdafny.dfy(71,20): Error: this loop invariant could not be proved on entry
   |
71 |       invariant l_x != r_a
   |                     ^^

houdafny.dfy(71,20): Related message: loop invariant violation
   |
71 |       invariant l_x != r_a
   |                     ^^

houdafny.dfy(72,34): Error: this loop invariant could not be proved on entry
   |
72 |       invariant (l_x - (r_i - 1)) == 0
   |                                   ^^

houdafny.dfy(72,34): Related message: loop invariant violation
   |
72 |       invariant (l_x - (r_i - 1)) == 0
   |                                   ^^

houdafny.dfy(88,18): Error: this loop invariant could not be proved on entry
   |
88 |     invariant l_n == r_i
   |                   ^^

houdafny.dfy(88,18): Related message: loop invariant violation
   |
88 |     invariant l_n == r_i
   |                   ^^


Dafny program verifier finished with 0 verified, 13 errors

Writing Dafny to houdafny.dfy...
Done
Running Dafny verification...
houdafny.dfy(32,18): Error: this loop invariant could not be proved on entry
   |
32 |     invariant l_a != l_x
   |                   ^^

houdafny.dfy(32,18): Related message: loop invariant violation
   |
32 |     invariant l_a != l_x
   |                   ^^

houdafny.dfy(52,20): Error: this loop invariant could not be proved on entry
   |
52 |       invariant r_a != 0
   |                     ^^

houdafny.dfy(52,20): Related message: loop invariant violation
   |
52 |       invariant r_a != 0
   |                     ^^

houdafny.dfy(55,20): Error: this loop invariant could not be proved on entry
   |
55 |       invariant l_a != r_j
   |                     ^^

houdafny.dfy(55,20): Related message: loop invariant violation
   |
55 |       invariant l_a != r_j
   |                     ^^

houdafny.dfy(57,20): Error: this loop invariant could not be proved on entry
   |
57 |       invariant l_n != r_a
   |                     ^^

houdafny.dfy(57,20): Related message: loop invariant violation
   |
57 |       invariant l_n != r_a
   |                     ^^

houdafny.dfy(59,20): Error: this loop invariant could not be proved on entry
   |
59 |       invariant l_m != r_a
   |                     ^^

houdafny.dfy(59,20): Related message: loop invariant violation
   |
59 |       invariant l_m != r_a
   |                     ^^

houdafny.dfy(61,34): Error: this loop invariant could not be proved on entry
   |
61 |       invariant (l_x - (r_i - 1)) <= 0
   |                                   ^^

houdafny.dfy(61,34): Related message: loop invariant violation
   |
61 |       invariant (l_x - (r_i - 1)) <= 0
   |                                   ^^

houdafny.dfy(76,18): Error: this loop invariant could not be proved on entry
   |
76 |     invariant l_n <= r_i
   |                   ^^

houdafny.dfy(76,18): Related message: loop invariant violation
   |
76 |     invariant l_n <= r_i
   |                   ^^

houdafny.dfy(77,18): Error: this loop invariant could not be proved on entry
   |
77 |     invariant l_n >= r_i
   |                   ^^

houdafny.dfy(77,18): Related message: loop invariant violation
   |
77 |     invariant l_n >= r_i
   |                   ^^

houdafny.dfy(81,18): Error: this loop invariant could not be proved on entry
   |
81 |     invariant l_a != 0
   |                   ^^

houdafny.dfy(81,18): Related message: loop invariant violation
   |
81 |     invariant l_a != 0
   |                   ^^

houdafny.dfy(81,18): Error: this invariant could not be proved to be maintained by the loop
   |
81 |     invariant l_a != 0
   |                   ^^

houdafny.dfy(81,18): Related message: loop invariant violation
   |
81 |     invariant l_a != 0
   |                   ^^

houdafny.dfy(82,18): Error: this loop invariant could not be proved on entry
   |
82 |     invariant l_n != 0
   |                   ^^

houdafny.dfy(82,18): Related message: loop invariant violation
   |
82 |     invariant l_n != 0
   |                   ^^

houdafny.dfy(84,18): Error: this loop invariant could not be proved on entry
   |
84 |     invariant l_m != 0
   |                   ^^

houdafny.dfy(84,18): Related message: loop invariant violation
   |
84 |     invariant l_m != 0
   |                   ^^

houdafny.dfy(85,18): Error: this loop invariant could not be proved on entry
   |
85 |     invariant l_m >= 2
   |                   ^^

houdafny.dfy(85,18): Related message: loop invariant violation
   |
85 |     invariant l_m >= 2
   |                   ^^

houdafny.dfy(88,18): Error: this loop invariant could not be proved on entry
   |
88 |     invariant r_a != 0
   |                   ^^

houdafny.dfy(88,18): Related message: loop invariant violation
   |
88 |     invariant r_a != 0
   |                   ^^

houdafny.dfy(89,18): Error: this invariant could not be proved to be maintained by the loop
   |
89 |     invariant l_a != l_n
   |                   ^^

houdafny.dfy(89,18): Related message: loop invariant violation
   |
89 |     invariant l_a != l_n
   |                   ^^

houdafny.dfy(90,18): Error: this loop invariant could not be proved on entry
   |
90 |     invariant l_a != l_m
   |                   ^^

houdafny.dfy(90,18): Related message: loop invariant violation
   |
90 |     invariant l_a != l_m
   |                   ^^

houdafny.dfy(90,18): Error: this invariant could not be proved to be maintained by the loop
   |
90 |     invariant l_a != l_m
   |                   ^^

houdafny.dfy(90,18): Related message: loop invariant violation
   |
90 |     invariant l_a != l_m
   |                   ^^

houdafny.dfy(91,18): Error: this invariant could not be proved to be maintained by the loop
   |
91 |     invariant l_a != l_x
   |                   ^^

houdafny.dfy(91,18): Related message: loop invariant violation
   |
91 |     invariant l_a != l_x
   |                   ^^

houdafny.dfy(92,18): Error: this loop invariant could not be proved on entry
   |
92 |     invariant l_a != r_a
   |                   ^^

houdafny.dfy(92,18): Related message: loop invariant violation
   |
92 |     invariant l_a != r_a
   |                   ^^

houdafny.dfy(92,18): Error: this invariant could not be proved to be maintained by the loop
   |
92 |     invariant l_a != r_a
   |                   ^^

houdafny.dfy(92,18): Related message: loop invariant violation
   |
92 |     invariant l_a != r_a
   |                   ^^

houdafny.dfy(95,18): Error: this loop invariant could not be proved on entry
   |
95 |     invariant l_m != r_a
   |                   ^^

houdafny.dfy(95,18): Related message: loop invariant violation
   |
95 |     invariant l_m != r_a
   |                   ^^

houdafny.dfy(96,18): Error: this invariant could not be proved to be maintained by the loop
   |
96 |     invariant l_x != r_a
   |                   ^^

houdafny.dfy(96,18): Related message: loop invariant violation
   |
96 |     invariant l_x != r_a
   |                   ^^

houdafny.dfy(106,18): Error: this loop invariant could not be proved on entry
    |
106 |     invariant l_m == l_x
    |                   ^^

houdafny.dfy(106,18): Related message: loop invariant violation
    |
106 |     invariant l_m == l_x
    |                   ^^

houdafny.dfy(114,18): Error: this loop invariant could not be proved on entry
    |
114 |     invariant l_m == 0
    |                   ^^

houdafny.dfy(114,18): Related message: loop invariant violation
    |
114 |     invariant l_m == 0
    |                   ^^


Dafny program verifier finished with 0 verified, 24 errors

Writing Dafny to houdafny.dfy...
Done
Running Dafny verification...
houdafny.dfy(32,18): Error: this loop invariant could not be proved on entry
   |
32 |     invariant l_x != r_a
   |                   ^^

houdafny.dfy(32,18): Related message: loop invariant violation
   |
32 |     invariant l_x != r_a
   |                   ^^

houdafny.dfy(55,20): Error: this invariant could not be proved to be maintained by the loop
   |
55 |       invariant l_m > r_j
   |                     ^

houdafny.dfy(55,20): Related message: loop invariant violation
   |
55 |       invariant l_m > r_j
   |                     ^

houdafny.dfy(57,20): Error: this invariant could not be proved to be maintained by the loop
   |
57 |       invariant r_a != r_i
   |                     ^^

houdafny.dfy(57,20): Related message: loop invariant violation
   |
57 |       invariant r_a != r_i
   |                     ^^

houdafny.dfy(58,20): Error: this loop invariant could not be proved on entry
   |
58 |       invariant r_a != r_j
   |                     ^^

houdafny.dfy(58,20): Related message: loop invariant violation
   |
58 |       invariant r_a != r_j
   |                     ^^

houdafny.dfy(58,20): Error: this invariant could not be proved to be maintained by the loop
   |
58 |       invariant r_a != r_j
   |                     ^^

houdafny.dfy(58,20): Related message: loop invariant violation
   |
58 |       invariant r_a != r_j
   |                     ^^

houdafny.dfy(73,18): Error: this loop invariant could not be proved on entry
   |
73 |     invariant l_n >= 1
   |                   ^^

houdafny.dfy(73,18): Related message: loop invariant violation
   |
73 |     invariant l_n >= 1
   |                   ^^

houdafny.dfy(74,18): Error: this loop invariant could not be proved on entry
   |
74 |     invariant l_x != 0
   |                   ^^

houdafny.dfy(74,18): Related message: loop invariant violation
   |
74 |     invariant l_x != 0
   |                   ^^

houdafny.dfy(76,18): Error: this loop invariant could not be proved on entry
   |
76 |     invariant l_n <= l_x
   |                   ^^

houdafny.dfy(76,18): Related message: loop invariant violation
   |
76 |     invariant l_n <= l_x
   |                   ^^

houdafny.dfy(77,18): Error: this loop invariant could not be proved on entry
   |
77 |     invariant l_n != r_a
   |                   ^^

houdafny.dfy(77,18): Related message: loop invariant violation
   |
77 |     invariant l_n != r_a
   |                   ^^

houdafny.dfy(88,18): Error: this loop invariant could not be proved on entry
   |
88 |     invariant l_m >= l_x
   |                   ^^

houdafny.dfy(88,18): Related message: loop invariant violation
   |
88 |     invariant l_m >= l_x
   |                   ^^

houdafny.dfy(92,18): Error: this loop invariant could not be proved on entry
   |
92 |     invariant l_a != 0
   |                   ^^

houdafny.dfy(92,18): Related message: loop invariant violation
   |
92 |     invariant l_a != 0
   |                   ^^

houdafny.dfy(94,18): Error: this loop invariant could not be proved on entry
   |
94 |     invariant l_m <= 0
   |                   ^^

houdafny.dfy(94,18): Related message: loop invariant violation
   |
94 |     invariant l_m <= 0
   |                   ^^


Dafny program verifier finished with 0 verified, 12 errors

Writing Dafny to houdafny.dfy...
Done
Running Dafny verification...
houdafny.dfy(69,18): Error: this loop invariant could not be proved on entry
   |
69 |     invariant l_x >= 1
   |                   ^^

houdafny.dfy(69,18): Related message: loop invariant violation
   |
69 |     invariant l_x >= 1
   |                   ^^

houdafny.dfy(79,18): Error: this loop invariant could not be proved on entry
   |
79 |     invariant l_m <= l_x
   |                   ^^

houdafny.dfy(79,18): Related message: loop invariant violation
   |
79 |     invariant l_m <= l_x
   |                   ^^

houdafny.dfy(83,18): Error: this loop invariant could not be proved on entry
   |
83 |     invariant l_n != 0
   |                   ^^

houdafny.dfy(83,18): Related message: loop invariant violation
   |
83 |     invariant l_n != 0
   |                   ^^

houdafny.dfy(84,18): Error: this loop invariant could not be proved on entry
   |
84 |     invariant l_m >= 0
   |                   ^^

houdafny.dfy(84,18): Related message: loop invariant violation
   |
84 |     invariant l_m >= 0
   |                   ^^

houdafny.dfy(85,18): Error: this loop invariant could not be proved on entry
   |
85 |     invariant r_a != 0
   |                   ^^

houdafny.dfy(85,18): Related message: loop invariant violation
   |
85 |     invariant r_a != 0
   |                   ^^

houdafny.dfy(87,18): Error: this loop invariant could not be proved on entry
   |
87 |     invariant l_n > l_m
   |                   ^

houdafny.dfy(87,18): Related message: loop invariant violation
   |
87 |     invariant l_n > l_m
   |                   ^

houdafny.dfy(88,18): Error: this loop invariant could not be proved on entry
   |
88 |     invariant l_n > r_i
   |                   ^

houdafny.dfy(88,18): Related message: loop invariant violation
   |
88 |     invariant l_n > r_i
   |                   ^

houdafny.dfy(88,18): Error: this invariant could not be proved to be maintained by the loop
   |
88 |     invariant l_n > r_i
   |                   ^

houdafny.dfy(88,18): Related message: loop invariant violation
   |
88 |     invariant l_n > r_i
   |                   ^


Dafny program verifier finished with 0 verified, 8 errors

Writing Dafny to houdafny.dfy...
Done
Running Dafny verification...
houdafny.dfy(82,18): Error: this loop invariant could not be proved on entry
   |
82 |     invariant l_m <= r_i
   |                   ^^

houdafny.dfy(82,18): Related message: loop invariant violation
   |
82 |     invariant l_m <= r_i
   |                   ^^

houdafny.dfy(93,8): Error: assertion might not hold
   |
93 |   assert(forall i: int, j: int :: (read(l_a, (i * l_n) + j) == read(read(r_a, i), j)));
   |         ^^^^^^^^^^^^^^^^^^^^^^^^^^^^^^^^^^^^^^^^^^^^^^^^^^^^^^^^^^^^^^^^^^^^^^^^^^^^^^


Dafny program verifier finished with 0 verified, 2 errors

Writing Dafny to houdafny.dfy...
Done
Running Dafny verification...
houdafny.dfy(92,8): Error: assertion might not hold
   |
92 |   assert(forall i: int, j: int :: (read(l_a, (i * l_n) + j) == read(read(r_a, i), j)));
   |         ^^^^^^^^^^^^^^^^^^^^^^^^^^^^^^^^^^^^^^^^^^^^^^^^^^^^^^^^^^^^^^^^^^^^^^^^^^^^^^


Dafny program verifier finished with 0 verified, 1 error

Starting simulated annealing...
Initial score: 0.486387
Score 0.47972035 at temperature 0.99258393
Simulated annealing complete.
Saw 2020 configurations
Best score: 0.47972035
Writing Daikon to daikon_output.c...
Done
Compiling Daikon output...
Running Kvasir...
==31006== kvasir-5.8.18, C/C++ Language Front-End for Daikon with DynComp comparability analysis tool.
==31006== Copyright (C) 2007-2022, University of Washington CSE PLSE Group
==31006== Using Valgrind-3.19.0.Fjalar and LibVEX; rerun with -h for copyright info
==31006== Command: ./daikon_output
==31006== 
==31006== 
==31006== For lists of detected and suppressed errors, rerun with: -s
==31006== ERROR SUMMARY: 0 errors from 0 contexts (suppressed: 0 from 0)
Running Daikon...
Writing Dafny to houdafny.dfy...
Done
Running Dafny verification...
houdafny.dfy(28,18): Error: this loop invariant could not be proved on entry
   |
28 |     invariant l_a != 0
   |                   ^^

houdafny.dfy(28,18): Related message: loop invariant violation
   |
28 |     invariant l_a != 0
   |                   ^^

houdafny.dfy(29,18): Error: this loop invariant could not be proved on entry
   |
29 |     invariant l_n != 0
   |                   ^^

houdafny.dfy(29,18): Related message: loop invariant violation
   |
29 |     invariant l_n != 0
   |                   ^^

houdafny.dfy(30,18): Error: this loop invariant could not be proved on entry
   |
30 |     invariant l_n >= 1
   |                   ^^

houdafny.dfy(30,18): Related message: loop invariant violation
   |
30 |     invariant l_n >= 1
   |                   ^^

houdafny.dfy(31,18): Error: this loop invariant could not be proved on entry
   |
31 |     invariant l_m != 0
   |                   ^^

houdafny.dfy(31,18): Related message: loop invariant violation
   |
31 |     invariant l_m != 0
   |                   ^^

houdafny.dfy(32,18): Error: this loop invariant could not be proved on entry
   |
32 |     invariant l_m >= 1
   |                   ^^

houdafny.dfy(32,18): Related message: loop invariant violation
   |
32 |     invariant l_m >= 1
   |                   ^^

houdafny.dfy(36,18): Error: this loop invariant could not be proved on entry
   |
36 |     invariant l_a != l_n
   |                   ^^

houdafny.dfy(36,18): Related message: loop invariant violation
   |
36 |     invariant l_a != l_n
   |                   ^^

houdafny.dfy(37,18): Error: this loop invariant could not be proved on entry
   |
37 |     invariant l_a != l_m
   |                   ^^

houdafny.dfy(37,18): Related message: loop invariant violation
   |
37 |     invariant l_a != l_m
   |                   ^^

houdafny.dfy(39,18): Error: this loop invariant could not be proved on entry
   |
39 |     invariant l_a != r_a
   |                   ^^

houdafny.dfy(39,18): Related message: loop invariant violation
   |
39 |     invariant l_a != r_a
   |                   ^^


Dafny program verifier finished with 0 verified, 8 errors

Writing Dafny to houdafny.dfy...
Done
Running Dafny verification...
houdafny.dfy(29,18): Error: this loop invariant could not be proved on entry
   |
29 |     invariant r_a != 0
   |                   ^^

houdafny.dfy(29,18): Related message: loop invariant violation
   |
29 |     invariant r_a != 0
   |                   ^^

houdafny.dfy(33,18): Error: this loop invariant could not be proved on entry
   |
33 |     invariant l_n != r_a
   |                   ^^

houdafny.dfy(33,18): Related message: loop invariant violation
   |
33 |     invariant l_n != r_a
   |                   ^^

houdafny.dfy(34,18): Error: this loop invariant could not be proved on entry
   |
34 |     invariant l_n > r_i
   |                   ^

houdafny.dfy(34,18): Related message: loop invariant violation
   |
34 |     invariant l_n > r_i
   |                   ^

houdafny.dfy(35,18): Error: this loop invariant could not be proved on entry
   |
35 |     invariant l_m != r_a
   |                   ^^

houdafny.dfy(35,18): Related message: loop invariant violation
   |
35 |     invariant l_m != r_a
   |                   ^^

houdafny.dfy(58,20): Error: this loop invariant could not be proved on entry
   |
58 |       invariant l_a != 0
   |                     ^^

houdafny.dfy(58,20): Related message: loop invariant violation
   |
58 |       invariant l_a != 0
   |                     ^^

houdafny.dfy(64,20): Error: this loop invariant could not be proved on entry
   |
64 |       invariant l_x >= 2
   |                     ^^

houdafny.dfy(64,20): Related message: loop invariant violation
   |
64 |       invariant l_x >= 2
   |                     ^^

houdafny.dfy(65,20): Error: this invariant could not be proved to be maintained by the loop
   |
65 |       invariant r_a != 0
   |                     ^^

houdafny.dfy(65,20): Related message: loop invariant violation
   |
65 |       invariant r_a != 0
   |                     ^^

houdafny.dfy(68,20): Error: this loop invariant could not be proved on entry
   |
68 |       invariant l_a != l_n
   |                     ^^

houdafny.dfy(68,20): Related message: loop invariant violation
   |
68 |       invariant l_a != l_n
   |                     ^^

houdafny.dfy(69,20): Error: this loop invariant could not be proved on entry
   |
69 |       invariant l_a != l_m
   |                     ^^

houdafny.dfy(69,20): Related message: loop invariant violation
   |
69 |       invariant l_a != l_m
   |                     ^^

houdafny.dfy(70,20): Error: this loop invariant could not be proved on entry
   |
70 |       invariant l_a != l_x
   |                     ^^

houdafny.dfy(70,20): Related message: loop invariant violation
   |
70 |       invariant l_a != l_x
   |                     ^^

houdafny.dfy(71,20): Error: this loop invariant could not be proved on entry
   |
71 |       invariant l_a != r_a
   |                     ^^

houdafny.dfy(71,20): Related message: loop invariant violation
   |
71 |       invariant l_a != r_a
   |                     ^^

houdafny.dfy(71,20): Error: this invariant could not be proved to be maintained by the loop
   |
71 |       invariant l_a != r_a
   |                     ^^

houdafny.dfy(71,20): Related message: loop invariant violation
   |
71 |       invariant l_a != r_a
   |                     ^^

houdafny.dfy(72,20): Error: this loop invariant could not be proved on entry
   |
72 |       invariant l_a != r_i
   |                     ^^

houdafny.dfy(72,20): Related message: loop invariant violation
   |
72 |       invariant l_a != r_i
   |                     ^^

houdafny.dfy(73,20): Error: this invariant could not be proved to be maintained by the loop
   |
73 |       invariant l_a != r_j
   |                     ^^

houdafny.dfy(73,20): Related message: loop invariant violation
   |
73 |       invariant l_a != r_j
   |                     ^^

houdafny.dfy(74,20): Error: this invariant could not be proved to be maintained by the loop
   |
74 |       invariant l_n != r_a
   |                     ^^

houdafny.dfy(74,20): Related message: loop invariant violation
   |
74 |       invariant l_n != r_a
   |                     ^^

houdafny.dfy(76,20): Error: this invariant could not be proved to be maintained by the loop
   |
76 |       invariant l_m != r_a
   |                     ^^

houdafny.dfy(76,20): Related message: loop invariant violation
   |
76 |       invariant l_m != r_a
   |                     ^^

houdafny.dfy(77,20): Error: this invariant could not be proved to be maintained by the loop
   |
77 |       invariant l_m > r_j
   |                     ^

houdafny.dfy(77,20): Related message: loop invariant violation
   |
77 |       invariant l_m > r_j
   |                     ^

houdafny.dfy(78,20): Error: this loop invariant could not be proved on entry
   |
78 |       invariant l_x != r_a
   |                     ^^

houdafny.dfy(78,20): Related message: loop invariant violation
   |
78 |       invariant l_x != r_a
   |                     ^^

houdafny.dfy(78,20): Error: this invariant could not be proved to be maintained by the loop
   |
78 |       invariant l_x != r_a
   |                     ^^

houdafny.dfy(78,20): Related message: loop invariant violation
   |
78 |       invariant l_x != r_a
   |                     ^^

houdafny.dfy(80,20): Error: this invariant could not be proved to be maintained by the loop
   |
80 |       invariant r_a != r_i
   |                     ^^

houdafny.dfy(80,20): Related message: loop invariant violation
   |
80 |       invariant r_a != r_i
   |                     ^^

houdafny.dfy(81,20): Error: this invariant could not be proved to be maintained by the loop
   |
81 |       invariant r_a != r_j
   |                     ^^

houdafny.dfy(81,20): Related message: loop invariant violation
   |
81 |       invariant r_a != r_j
   |                     ^^

houdafny.dfy(93,18): Error: this loop invariant could not be proved on entry
   |
93 |     invariant l_n == r_i
   |                   ^^

houdafny.dfy(93,18): Related message: loop invariant violation
   |
93 |     invariant l_n == r_i
   |                   ^^


Dafny program verifier finished with 0 verified, 22 errors

Writing Dafny to houdafny.dfy...
Done
Running Dafny verification...
houdafny.dfy(30,18): Error: this loop invariant could not be proved on entry
   |
30 |     invariant l_a != l_x
   |                   ^^

houdafny.dfy(30,18): Related message: loop invariant violation
   |
30 |     invariant l_a != l_x
   |                   ^^

houdafny.dfy(30,18): Error: this invariant could not be proved to be maintained by the loop
   |
30 |     invariant l_a != l_x
   |                   ^^

houdafny.dfy(30,18): Related message: loop invariant violation
   |
30 |     invariant l_a != l_x
   |                   ^^

houdafny.dfy(31,18): Error: this invariant could not be proved to be maintained by the loop
   |
31 |     invariant l_a != r_i
   |                   ^^

houdafny.dfy(31,18): Related message: loop invariant violation
   |
31 |     invariant l_a != r_i
   |                   ^^

houdafny.dfy(32,18): Error: this invariant could not be proved to be maintained by the loop
   |
32 |     invariant l_x != r_a
   |                   ^^

houdafny.dfy(32,18): Related message: loop invariant violation
   |
32 |     invariant l_x != r_a
   |                   ^^

houdafny.dfy(33,32): Error: this invariant could not be proved to be maintained by the loop
   |
33 |     invariant (l_x - (2 * r_i)) == 0
   |                                 ^^

houdafny.dfy(33,32): Related message: loop invariant violation
   |
33 |     invariant (l_x - (2 * r_i)) == 0
   |                                 ^^

houdafny.dfy(37,18): Error: this invariant could not be proved to be maintained by the loop
   |
37 |     invariant r_a != r_i
   |                   ^^

houdafny.dfy(37,18): Related message: loop invariant violation
   |
37 |     invariant r_a != r_i
   |                   ^^

houdafny.dfy(74,18): Error: this loop invariant could not be proved on entry
   |
74 |     invariant l_n <= r_i
   |                   ^^

houdafny.dfy(74,18): Related message: loop invariant violation
   |
74 |     invariant l_n <= r_i
   |                   ^^

houdafny.dfy(75,18): Error: this loop invariant could not be proved on entry
   |
75 |     invariant l_n >= r_i
   |                   ^^

houdafny.dfy(75,18): Related message: loop invariant violation
   |
75 |     invariant l_n >= r_i
   |                   ^^

houdafny.dfy(79,18): Error: this loop invariant could not be proved on entry
   |
79 |     invariant l_a != 0
   |                   ^^

houdafny.dfy(79,18): Related message: loop invariant violation
   |
79 |     invariant l_a != 0
   |                   ^^

houdafny.dfy(79,18): Error: this invariant could not be proved to be maintained by the loop
   |
79 |     invariant l_a != 0
   |                   ^^

houdafny.dfy(79,18): Related message: loop invariant violation
   |
79 |     invariant l_a != 0
   |                   ^^

houdafny.dfy(80,18): Error: this loop invariant could not be proved on entry
   |
80 |     invariant l_n != 0
   |                   ^^

houdafny.dfy(80,18): Related message: loop invariant violation
   |
80 |     invariant l_n != 0
   |                   ^^

houdafny.dfy(82,18): Error: this loop invariant could not be proved on entry
   |
82 |     invariant l_m != 0
   |                   ^^

houdafny.dfy(82,18): Related message: loop invariant violation
   |
82 |     invariant l_m != 0
   |                   ^^

houdafny.dfy(85,18): Error: this loop invariant could not be proved on entry
   |
85 |     invariant r_a != 0
   |                   ^^

houdafny.dfy(85,18): Related message: loop invariant violation
   |
85 |     invariant r_a != 0
   |                   ^^

houdafny.dfy(86,18): Error: this invariant could not be proved to be maintained by the loop
   |
86 |     invariant l_a != l_n
   |                   ^^

houdafny.dfy(86,18): Related message: loop invariant violation
   |
86 |     invariant l_a != l_n
   |                   ^^

houdafny.dfy(87,18): Error: this loop invariant could not be proved on entry
   |
87 |     invariant l_a != l_m
   |                   ^^

houdafny.dfy(87,18): Related message: loop invariant violation
   |
87 |     invariant l_a != l_m
   |                   ^^

houdafny.dfy(87,18): Error: this invariant could not be proved to be maintained by the loop
   |
87 |     invariant l_a != l_m
   |                   ^^

houdafny.dfy(87,18): Related message: loop invariant violation
   |
87 |     invariant l_a != l_m
   |                   ^^

houdafny.dfy(88,18): Error: this invariant could not be proved to be maintained by the loop
   |
88 |     invariant l_a != l_x
   |                   ^^

houdafny.dfy(88,18): Related message: loop invariant violation
   |
88 |     invariant l_a != l_x
   |                   ^^

houdafny.dfy(89,18): Error: this loop invariant could not be proved on entry
   |
89 |     invariant l_a != r_a
   |                   ^^

houdafny.dfy(89,18): Related message: loop invariant violation
   |
89 |     invariant l_a != r_a
   |                   ^^

houdafny.dfy(89,18): Error: this invariant could not be proved to be maintained by the loop
   |
89 |     invariant l_a != r_a
   |                   ^^

houdafny.dfy(89,18): Related message: loop invariant violation
   |
89 |     invariant l_a != r_a
   |                   ^^

houdafny.dfy(92,18): Error: this loop invariant could not be proved on entry
   |
92 |     invariant l_m != r_a
   |                   ^^

houdafny.dfy(92,18): Related message: loop invariant violation
   |
92 |     invariant l_m != r_a
   |                   ^^

houdafny.dfy(93,18): Error: this invariant could not be proved to be maintained by the loop
   |
93 |     invariant l_x != r_a
   |                   ^^

houdafny.dfy(93,18): Related message: loop invariant violation
   |
93 |     invariant l_x != r_a
   |                   ^^

houdafny.dfy(115,18): Error: this loop invariant could not be proved on entry
    |
115 |     invariant l_n > l_m
    |                   ^

houdafny.dfy(115,18): Related message: loop invariant violation
    |
115 |     invariant l_n > l_m
    |                   ^

houdafny.dfy(116,18): Error: this loop invariant could not be proved on entry
    |
116 |     invariant l_n >= l_x
    |                   ^^

houdafny.dfy(116,18): Related message: loop invariant violation
    |
116 |     invariant l_n >= l_x
    |                   ^^


Dafny program verifier finished with 0 verified, 23 errors

Writing Dafny to houdafny.dfy...
Done
Running Dafny verification...
houdafny.dfy(31,32): Error: this invariant could not be proved to be maintained by the loop
   |
31 |     invariant (l_x - (2 * r_i)) >= 0
   |                                 ^^

houdafny.dfy(31,32): Related message: loop invariant violation
   |
31 |     invariant (l_x - (2 * r_i)) >= 0
   |                                 ^^

houdafny.dfy(72,18): Error: this loop invariant could not be proved on entry
   |
72 |     invariant l_n >= 1
   |                   ^^

houdafny.dfy(72,18): Related message: loop invariant violation
   |
72 |     invariant l_n >= 1
   |                   ^^

houdafny.dfy(73,18): Error: this loop invariant could not be proved on entry
   |
73 |     invariant l_x != 0
   |                   ^^

houdafny.dfy(73,18): Related message: loop invariant violation
   |
73 |     invariant l_x != 0
   |                   ^^

houdafny.dfy(75,18): Error: this loop invariant could not be proved on entry
   |
75 |     invariant l_n < l_x
   |                   ^

houdafny.dfy(75,18): Related message: loop invariant violation
   |
75 |     invariant l_n < l_x
   |                   ^

houdafny.dfy(76,18): Error: this loop invariant could not be proved on entry
   |
76 |     invariant l_n != r_a
   |                   ^^

houdafny.dfy(76,18): Related message: loop invariant violation
   |
76 |     invariant l_n != r_a
   |                   ^^

houdafny.dfy(89,18): Error: this loop invariant could not be proved on entry
   |
89 |     invariant l_a != 0
   |                   ^^

houdafny.dfy(89,18): Related message: loop invariant violation
   |
89 |     invariant l_a != 0
   |                   ^^

houdafny.dfy(91,18): Error: this loop invariant could not be proved on entry
   |
91 |     invariant r_a != 0
   |                   ^^

houdafny.dfy(91,18): Related message: loop invariant violation
   |
91 |     invariant r_a != 0
   |                   ^^

houdafny.dfy(93,18): Error: this loop invariant could not be proved on entry
   |
93 |     invariant l_a != l_n
   |                   ^^

houdafny.dfy(93,18): Related message: loop invariant violation
   |
93 |     invariant l_a != l_n
   |                   ^^

houdafny.dfy(94,18): Error: this loop invariant could not be proved on entry
   |
94 |     invariant l_a != l_m
   |                   ^^

houdafny.dfy(94,18): Related message: loop invariant violation
   |
94 |     invariant l_a != l_m
   |                   ^^

houdafny.dfy(95,18): Error: this loop invariant could not be proved on entry
   |
95 |     invariant l_a != l_x
   |                   ^^

houdafny.dfy(95,18): Related message: loop invariant violation
   |
95 |     invariant l_a != l_x
   |                   ^^

houdafny.dfy(96,18): Error: this loop invariant could not be proved on entry
   |
96 |     invariant l_a != r_a
   |                   ^^

houdafny.dfy(96,18): Related message: loop invariant violation
   |
96 |     invariant l_a != r_a
   |                   ^^

houdafny.dfy(97,18): Error: this loop invariant could not be proved on entry
   |
97 |     invariant l_a != r_i
   |                   ^^

houdafny.dfy(97,18): Related message: loop invariant violation
   |
97 |     invariant l_a != r_i
   |                   ^^

houdafny.dfy(99,18): Error: this loop invariant could not be proved on entry
   |
99 |     invariant l_n > r_i
   |                   ^

houdafny.dfy(99,18): Related message: loop invariant violation
   |
99 |     invariant l_n > r_i
   |                   ^

houdafny.dfy(101,18): Error: this loop invariant could not be proved on entry
    |
101 |     invariant l_m != r_a
    |                   ^^

houdafny.dfy(101,18): Related message: loop invariant violation
    |
101 |     invariant l_m != r_a
    |                   ^^

houdafny.dfy(103,18): Error: this loop invariant could not be proved on entry
    |
103 |     invariant l_x != r_a
    |                   ^^

houdafny.dfy(103,18): Related message: loop invariant violation
    |
103 |     invariant l_x != r_a
    |                   ^^

houdafny.dfy(104,18): Error: this loop invariant could not be proved on entry
    |
104 |     invariant r_a != r_i
    |                   ^^

houdafny.dfy(104,18): Related message: loop invariant violation
    |
104 |     invariant r_a != r_i
    |                   ^^

houdafny.dfy(109,20): Error: this loop invariant could not be proved on entry
    |
109 |       invariant l_n == l_x
    |                     ^^

houdafny.dfy(109,20): Related message: loop invariant violation
    |
109 |       invariant l_n == l_x
    |                     ^^


Dafny program verifier finished with 0 verified, 17 errors

Writing Dafny to houdafny.dfy...
Done
Running Dafny verification...
houdafny.dfy(71,18): Error: this loop invariant could not be proved on entry
   |
71 |     invariant l_x >= 2
   |                   ^^

houdafny.dfy(71,18): Related message: loop invariant violation
   |
71 |     invariant l_x >= 2
   |                   ^^

houdafny.dfy(84,18): Error: this loop invariant could not be proved on entry
   |
84 |     invariant l_n != 0
   |                   ^^

houdafny.dfy(84,18): Related message: loop invariant violation
   |
84 |     invariant l_n != 0
   |                   ^^

houdafny.dfy(86,18): Error: this loop invariant could not be proved on entry
   |
86 |     invariant l_n != r_a
   |                   ^^

houdafny.dfy(86,18): Related message: loop invariant violation
   |
86 |     invariant l_n != r_a
   |                   ^^

houdafny.dfy(87,18): Error: this loop invariant could not be proved on entry
   |
87 |     invariant l_m <= l_x
   |                   ^^

houdafny.dfy(87,18): Related message: loop invariant violation
   |
87 |     invariant l_m <= l_x
   |                   ^^

houdafny.dfy(88,18): Error: this loop invariant could not be proved on entry
   |
88 |     invariant l_m <= r_i
   |                   ^^

houdafny.dfy(88,18): Related message: loop invariant violation
   |
88 |     invariant l_m <= r_i
   |                   ^^

houdafny.dfy(93,20): Error: this loop invariant could not be proved on entry
   |
93 |       invariant l_n <= l_x
   |                     ^^

houdafny.dfy(93,20): Related message: loop invariant violation
   |
93 |       invariant l_n <= l_x
   |                     ^^

houdafny.dfy(94,20): Error: this loop invariant could not be proved on entry
   |
94 |       invariant l_n >= l_x
   |                     ^^

houdafny.dfy(94,20): Related message: loop invariant violation
   |
94 |       invariant l_n >= l_x
   |                     ^^

houdafny.dfy(101,20): Error: this loop invariant could not be proved on entry
    |
101 |       invariant l_a != 0
    |                     ^^

houdafny.dfy(101,20): Related message: loop invariant violation
    |
101 |       invariant l_a != 0
    |                     ^^

houdafny.dfy(103,20): Error: this loop invariant could not be proved on entry
    |
103 |       invariant l_m == 1
    |                     ^^

houdafny.dfy(103,20): Related message: loop invariant violation
    |
103 |       invariant l_m == 1
    |                     ^^

houdafny.dfy(106,20): Error: this loop invariant could not be proved on entry
    |
106 |       invariant r_a != 0
    |                     ^^

houdafny.dfy(106,20): Related message: loop invariant violation
    |
106 |       invariant r_a != 0
    |                     ^^

houdafny.dfy(106,20): Error: this invariant could not be proved to be maintained by the loop
    |
106 |       invariant r_a != 0
    |                     ^^

houdafny.dfy(106,20): Related message: loop invariant violation
    |
106 |       invariant r_a != 0
    |                     ^^

houdafny.dfy(108,20): Error: this invariant could not be proved to be maintained by the loop
    |
108 |       invariant r_j == 0
    |                     ^^

houdafny.dfy(108,20): Related message: loop invariant violation
    |
108 |       invariant r_j == 0
    |                     ^^

houdafny.dfy(111,20): Error: this loop invariant could not be proved on entry
    |
111 |       invariant l_a != l_n
    |                     ^^

houdafny.dfy(111,20): Related message: loop invariant violation
    |
111 |       invariant l_a != l_n
    |                     ^^

houdafny.dfy(112,20): Error: this loop invariant could not be proved on entry
    |
112 |       invariant l_a != l_m
    |                     ^^

houdafny.dfy(112,20): Related message: loop invariant violation
    |
112 |       invariant l_a != l_m
    |                     ^^

houdafny.dfy(113,20): Error: this loop invariant could not be proved on entry
    |
113 |       invariant l_a != r_a
    |                     ^^

houdafny.dfy(113,20): Related message: loop invariant violation
    |
113 |       invariant l_a != r_a
    |                     ^^

houdafny.dfy(114,20): Error: this loop invariant could not be proved on entry
    |
114 |       invariant l_a != r_i
    |                     ^^

houdafny.dfy(114,20): Related message: loop invariant violation
    |
114 |       invariant l_a != r_i
    |                     ^^

houdafny.dfy(120,20): Error: this loop invariant could not be proved on entry
    |
120 |       invariant l_m != r_a
    |                     ^^

houdafny.dfy(120,20): Related message: loop invariant violation
    |
120 |       invariant l_m != r_a
    |                     ^^

houdafny.dfy(121,20): Error: this loop invariant could not be proved on entry
    |
121 |       invariant l_m < r_i
    |                     ^

houdafny.dfy(121,20): Related message: loop invariant violation
    |
121 |       invariant l_m < r_i
    |                     ^

houdafny.dfy(122,20): Error: this loop invariant could not be proved on entry
    |
122 |       invariant r_a != r_i
    |                     ^^

houdafny.dfy(122,20): Related message: loop invariant violation
    |
122 |       invariant r_a != r_i
    |                     ^^

houdafny.dfy(131,8): Error: assertion might not hold
    |
131 |   assert(forall i: int, j: int :: (read(l_a, (i * l_n) + j) == read(read(r_a, i), j)));
    |         ^^^^^^^^^^^^^^^^^^^^^^^^^^^^^^^^^^^^^^^^^^^^^^^^^^^^^^^^^^^^^^^^^^^^^^^^^^^^^^


Dafny program verifier finished with 0 verified, 20 errors

Writing Dafny to houdafny.dfy...
Done
Running Dafny verification...
houdafny.dfy(95,20): Error: this loop invariant could not be proved on entry
   |
95 |       invariant l_m <= 1
   |                     ^^

houdafny.dfy(95,20): Related message: loop invariant violation
   |
95 |       invariant l_m <= 1
   |                     ^^

houdafny.dfy(96,20): Error: this loop invariant could not be proved on entry
   |
96 |       invariant l_m >= 1
   |                     ^^

houdafny.dfy(96,20): Related message: loop invariant violation
   |
96 |       invariant l_m >= 1
   |                     ^^

houdafny.dfy(97,20): Error: this loop invariant could not be proved on entry
   |
97 |       invariant r_i != 0
   |                     ^^

houdafny.dfy(97,20): Related message: loop invariant violation
   |
97 |       invariant r_i != 0
   |                     ^^

houdafny.dfy(98,20): Error: this invariant could not be proved to be maintained by the loop
   |
98 |       invariant r_j <= 0
   |                     ^^

houdafny.dfy(98,20): Related message: loop invariant violation
   |
98 |       invariant r_j <= 0
   |                     ^^

houdafny.dfy(100,20): Error: this loop invariant could not be proved on entry
    |
100 |       invariant l_a != r_j
    |                     ^^

houdafny.dfy(100,20): Related message: loop invariant violation
    |
100 |       invariant l_a != r_j
    |                     ^^

houdafny.dfy(102,20): Error: this loop invariant could not be proved on entry
    |
102 |       invariant l_n != r_a
    |                     ^^

houdafny.dfy(102,20): Related message: loop invariant violation
    |
102 |       invariant l_n != r_a
    |                     ^^

houdafny.dfy(105,20): Error: this loop invariant could not be proved on entry
    |
105 |       invariant r_a != r_j
    |                     ^^

houdafny.dfy(105,20): Related message: loop invariant violation
    |
105 |       invariant r_a != r_j
    |                     ^^

houdafny.dfy(113,8): Error: assertion might not hold
    |
113 |   assert(forall i: int, j: int :: (read(l_a, (i * l_n) + j) == read(read(r_a, i), j)));
    |         ^^^^^^^^^^^^^^^^^^^^^^^^^^^^^^^^^^^^^^^^^^^^^^^^^^^^^^^^^^^^^^^^^^^^^^^^^^^^^^


Dafny program verifier finished with 0 verified, 8 errors

Writing Dafny to houdafny.dfy...
Done
Running Dafny verification...
houdafny.dfy(96,20): Error: this loop invariant could not be proved on entry
   |
96 |       invariant l_n > l_m
   |                     ^

houdafny.dfy(96,20): Related message: loop invariant violation
   |
96 |       invariant l_n > l_m
   |                     ^

houdafny.dfy(99,20): Error: this loop invariant could not be proved on entry
   |
99 |       invariant r_i > r_j
   |                     ^

houdafny.dfy(99,20): Related message: loop invariant violation
   |
99 |       invariant r_i > r_j
   |                     ^

houdafny.dfy(99,20): Error: this invariant could not be proved to be maintained by the loop
   |
99 |       invariant r_i > r_j
   |                     ^

houdafny.dfy(99,20): Related message: loop invariant violation
   |
99 |       invariant r_i > r_j
   |                     ^

houdafny.dfy(106,8): Error: assertion might not hold
    |
106 |   assert(forall i: int, j: int :: (read(l_a, (i * l_n) + j) == read(read(r_a, i), j)));
    |         ^^^^^^^^^^^^^^^^^^^^^^^^^^^^^^^^^^^^^^^^^^^^^^^^^^^^^^^^^^^^^^^^^^^^^^^^^^^^^^


Dafny program verifier finished with 0 verified, 4 errors

Writing Dafny to houdafny.dfy...
Done
Running Dafny verification...
houdafny.dfy(97,20): Error: this invariant could not be proved to be maintained by the loop
   |
97 |       invariant l_n > r_j
   |                     ^

houdafny.dfy(97,20): Related message: loop invariant violation
   |
97 |       invariant l_n > r_j
   |                     ^

houdafny.dfy(104,8): Error: assertion might not hold
    |
104 |   assert(forall i: int, j: int :: (read(l_a, (i * l_n) + j) == read(read(r_a, i), j)));
    |         ^^^^^^^^^^^^^^^^^^^^^^^^^^^^^^^^^^^^^^^^^^^^^^^^^^^^^^^^^^^^^^^^^^^^^^^^^^^^^^


Dafny program verifier finished with 0 verified, 2 errors

Writing Dafny to houdafny.dfy...
Done
Running Dafny verification...
houdafny.dfy(103,8): Error: assertion might not hold
    |
103 |   assert(forall i: int, j: int :: (read(l_a, (i * l_n) + j) == read(read(r_a, i), j)));
    |         ^^^^^^^^^^^^^^^^^^^^^^^^^^^^^^^^^^^^^^^^^^^^^^^^^^^^^^^^^^^^^^^^^^^^^^^^^^^^^^


Dafny program verifier finished with 0 verified, 1 error

Writing output to ./results/alignments/dafny/antonopoulos/sa/loop-tiling-sa.dfy...
Done

Per-Task Times (ms)
-------------------
align-count-loops: 0
aligned-crel: 0
invars-daikon: 1097
houdafny: 13375
align-sa: 7434
aligned-crel: 0
invars-daikon: 1022
houdafny: 17270
aligned-output: 0
write-product: 0

KestRel completed in 40202ms
Verified: false

real	0m40.227s
user	0m43.009s
sys	0m2.136s
