Computed alignment by local loop counting.
Writing Daikon to daikon_output.c...
Done
Compiling Daikon output...
Running Kvasir...
==31387== kvasir-5.8.18, C/C++ Language Front-End for Daikon with DynComp comparability analysis tool.
==31387== Copyright (C) 2007-2022, University of Washington CSE PLSE Group
==31387== Using Valgrind-3.19.0.Fjalar and LibVEX; rerun with -h for copyright info
==31387== Command: ./daikon_output
==31387== 
==31387== 
==31387== For lists of detected and suppressed errors, rerun with: -s
==31387== ERROR SUMMARY: 0 errors from 0 contexts (suppressed: 0 from 0)
Running Daikon...
Writing Dafny to houdafny.dfy...
Done
Running Dafny verification...
houdafny.dfy(14,18): Error: this loop invariant could not be proved on entry
   |
14 |     invariant l_y != 0
   |                   ^^

houdafny.dfy(14,18): Related message: loop invariant violation
   |
14 |     invariant l_y != 0
   |                   ^^

houdafny.dfy(18,18): Error: this loop invariant could not be proved on entry
   |
18 |     invariant l_y != l_z
   |                   ^^

houdafny.dfy(18,18): Related message: loop invariant violation
   |
18 |     invariant l_y != l_z
   |                   ^^

houdafny.dfy(19,18): Error: this invariant could not be proved to be maintained by the loop
   |
19 |     invariant l_y <= r_y
   |                   ^^

houdafny.dfy(19,18): Related message: loop invariant violation
   |
19 |     invariant l_y <= r_y
   |                   ^^

houdafny.dfy(20,18): Error: this invariant could not be proved to be maintained by the loop
   |
20 |     invariant l_z != r_y
   |                   ^^

houdafny.dfy(20,18): Related message: loop invariant violation
   |
20 |     invariant l_z != r_y
   |                   ^^

houdafny.dfy(44,18): Error: this loop invariant could not be proved on entry
   |
44 |     invariant l_y == 4
   |                   ^^

houdafny.dfy(44,18): Related message: loop invariant violation
   |
44 |     invariant l_y == 4
   |                   ^^

houdafny.dfy(47,18): Error: this loop invariant could not be proved on entry
   |
47 |     invariant l_w != 0
   |                   ^^

houdafny.dfy(47,18): Related message: loop invariant violation
   |
47 |     invariant l_w != 0
   |                   ^^

houdafny.dfy(49,18): Error: this loop invariant could not be proved on entry
   |
49 |     invariant r_z >= 0
   |                   ^^

houdafny.dfy(49,18): Related message: loop invariant violation
   |
49 |     invariant r_z >= 0
   |                   ^^

houdafny.dfy(50,18): Error: this loop invariant could not be proved on entry
   |
50 |     invariant r_w != 0
   |                   ^^

houdafny.dfy(50,18): Related message: loop invariant violation
   |
50 |     invariant r_w != 0
   |                   ^^

houdafny.dfy(52,18): Error: this loop invariant could not be proved on entry
   |
52 |     invariant l_y < r_y
   |                   ^

houdafny.dfy(52,18): Related message: loop invariant violation
   |
52 |     invariant l_y < r_y
   |                   ^

houdafny.dfy(52,18): Error: this invariant could not be proved to be maintained by the loop
   |
52 |     invariant l_y < r_y
   |                   ^

houdafny.dfy(52,18): Related message: loop invariant violation
   |
52 |     invariant l_y < r_y
   |                   ^

houdafny.dfy(53,18): Error: this invariant could not be proved to be maintained by the loop
   |
53 |     invariant l_z != r_y
   |                   ^^

houdafny.dfy(53,18): Related message: loop invariant violation
   |
53 |     invariant l_z != r_y
   |                   ^^


Dafny program verifier finished with 0 verified, 11 errors

Writing Dafny to houdafny.dfy...
Done
Running Dafny verification...
houdafny.dfy(15,18): Error: this loop invariant could not be proved on entry
   |
15 |     invariant r_y != 0
   |                   ^^

houdafny.dfy(15,18): Related message: loop invariant violation
   |
15 |     invariant r_y != 0
   |                   ^^

houdafny.dfy(30,4): Error: cannot prove termination; try supplying a decreases clause for the loop
   |
30 |     while (l_y > 4) {
   |     ^^^^^

houdafny.dfy(41,18): Error: this loop invariant could not be proved on entry
   |
41 |     invariant l_y >= 4
   |                   ^^

houdafny.dfy(41,18): Related message: loop invariant violation
   |
41 |     invariant l_y >= 4
   |                   ^^

houdafny.dfy(43,18): Error: this loop invariant could not be proved on entry
   |
43 |     invariant l_y != l_z
   |                   ^^

houdafny.dfy(43,18): Related message: loop invariant violation
   |
43 |     invariant l_y != l_z
   |                   ^^

houdafny.dfy(51,8): Error: assertion might not hold
   |
51 |   assert(l_z > r_z);
   |         ^^^^^^^^^^^


Dafny program verifier finished with 0 verified, 5 errors

Writing Dafny to houdafny.dfy...
Done
Running Dafny verification...
houdafny.dfy(29,4): Error: cannot prove termination; try supplying a decreases clause for the loop
   |
29 |     while (l_y > 4) {
   |     ^^^^^

houdafny.dfy(40,18): Error: this loop invariant could not be proved on entry
   |
40 |     invariant r_y != 0
   |                   ^^

houdafny.dfy(40,18): Related message: loop invariant violation
   |
40 |     invariant r_y != 0
   |                   ^^

houdafny.dfy(48,8): Error: assertion might not hold
   |
48 |   assert(l_z > r_z);
   |         ^^^^^^^^^^^


Dafny program verifier finished with 0 verified, 3 errors

Writing Dafny to houdafny.dfy...
Done
Running Dafny verification...
houdafny.dfy(29,4): Error: cannot prove termination; try supplying a decreases clause for the loop
   |
29 |     while (l_y > 4) {
   |     ^^^^^

houdafny.dfy(47,8): Error: assertion might not hold
   |
47 |   assert(l_z > r_z);
   |         ^^^^^^^^^^^


Dafny program verifier finished with 0 verified, 2 errors

Starting simulated annealing...
Initial score: 0.29718184
Score 0.2858566 at temperature 0.9396717
Score 0.25183335 at temperature 0.91992337
Score 0.24655572 at temperature 0.9196734
Simulated annealing complete.
Saw 2887 configurations
Best score: 0.24655572
Writing Daikon to daikon_output.c...
Done
Compiling Daikon output...
Running Kvasir...
==31571== kvasir-5.8.18, C/C++ Language Front-End for Daikon with DynComp comparability analysis tool.
==31571== Copyright (C) 2007-2022, University of Washington CSE PLSE Group
==31571== Using Valgrind-3.19.0.Fjalar and LibVEX; rerun with -h for copyright info
==31571== Command: ./daikon_output
==31571== 
==31571== 
==31571== For lists of detected and suppressed errors, rerun with: -s
==31571== ERROR SUMMARY: 0 errors from 0 contexts (suppressed: 0 from 0)
Running Daikon...
Writing Dafny to houdafny.dfy...
Done
Running Dafny verification...
houdafny.dfy(28,18): Error: this loop invariant could not be proved on entry
   |
28 |     invariant l_y != 0
   |                   ^^

houdafny.dfy(28,18): Related message: loop invariant violation
   |
28 |     invariant l_y != 0
   |                   ^^

houdafny.dfy(31,18): Error: this loop invariant could not be proved on entry
   |
31 |     invariant r_w != 0
   |                   ^^

houdafny.dfy(31,18): Related message: loop invariant violation
   |
31 |     invariant r_w != 0
   |                   ^^

houdafny.dfy(32,18): Error: this loop invariant could not be proved on entry
   |
32 |     invariant r_w >= 2
   |                   ^^

houdafny.dfy(32,18): Related message: loop invariant violation
   |
32 |     invariant r_w >= 2
   |                   ^^

houdafny.dfy(33,18): Error: this loop invariant could not be proved on entry
   |
33 |     invariant l_z != r_y
   |                   ^^

houdafny.dfy(33,18): Related message: loop invariant violation
   |
33 |     invariant l_z != r_y
   |                   ^^

houdafny.dfy(33,18): Error: this invariant could not be proved to be maintained by the loop
   |
33 |     invariant l_z != r_y
   |                   ^^

houdafny.dfy(33,18): Related message: loop invariant violation
   |
33 |     invariant l_z != r_y
   |                   ^^

houdafny.dfy(47,4): Error: cannot prove termination; try supplying a decreases clause for the loop
   |
47 |     while (l_y > 4) {
   |     ^^^^^

houdafny.dfy(57,18): Error: this loop invariant could not be proved on entry
   |
57 |     invariant l_y == 4
   |                   ^^

houdafny.dfy(57,18): Related message: loop invariant violation
   |
57 |     invariant l_y == 4
   |                   ^^

houdafny.dfy(60,18): Error: this loop invariant could not be proved on entry
   |
60 |     invariant l_w != 0
   |                   ^^

houdafny.dfy(60,18): Related message: loop invariant violation
   |
60 |     invariant l_w != 0
   |                   ^^

houdafny.dfy(62,18): Error: this loop invariant could not be proved on entry
   |
62 |     invariant r_z >= 0
   |                   ^^

houdafny.dfy(62,18): Related message: loop invariant violation
   |
62 |     invariant r_z >= 0
   |                   ^^

houdafny.dfy(64,18): Error: this loop invariant could not be proved on entry
   |
64 |     invariant l_y != l_z
   |                   ^^

houdafny.dfy(64,18): Related message: loop invariant violation
   |
64 |     invariant l_y != l_z
   |                   ^^

houdafny.dfy(65,18): Error: this loop invariant could not be proved on entry
   |
65 |     invariant l_y < r_y
   |                   ^

houdafny.dfy(65,18): Related message: loop invariant violation
   |
65 |     invariant l_y < r_y
   |                   ^

houdafny.dfy(65,18): Error: this invariant could not be proved to be maintained by the loop
   |
65 |     invariant l_y < r_y
   |                   ^

houdafny.dfy(65,18): Related message: loop invariant violation
   |
65 |     invariant l_y < r_y
   |                   ^

houdafny.dfy(66,18): Error: this invariant could not be proved to be maintained by the loop
   |
66 |     invariant l_z != r_y
   |                   ^^

houdafny.dfy(66,18): Related message: loop invariant violation
   |
66 |     invariant l_z != r_y
   |                   ^^


Dafny program verifier finished with 0 verified, 13 errors

Writing Dafny to houdafny.dfy...
Done
Running Dafny verification...
houdafny.dfy(29,18): Error: this loop invariant could not be proved on entry
   |
29 |     invariant r_y != 0
   |                   ^^

houdafny.dfy(29,18): Related message: loop invariant violation
   |
29 |     invariant r_y != 0
   |                   ^^

houdafny.dfy(43,4): Error: cannot prove termination; try supplying a decreases clause for the loop
   |
43 |     while (l_y > 4) {
   |     ^^^^^

houdafny.dfy(54,18): Error: this loop invariant could not be proved on entry
   |
54 |     invariant l_y >= 4
   |                   ^^

houdafny.dfy(54,18): Related message: loop invariant violation
   |
54 |     invariant l_y >= 4
   |                   ^^

houdafny.dfy(56,18): Error: this loop invariant could not be proved on entry
   |
56 |     invariant r_w != 0
   |                   ^^

houdafny.dfy(56,18): Related message: loop invariant violation
   |
56 |     invariant r_w != 0
   |                   ^^

houdafny.dfy(64,8): Error: assertion might not hold
   |
64 |   assert(l_z > r_z);
   |         ^^^^^^^^^^^


Dafny program verifier finished with 0 verified, 5 errors

Writing Dafny to houdafny.dfy...
Done
Running Dafny verification...
houdafny.dfy(42,4): Error: cannot prove termination; try supplying a decreases clause for the loop
   |
42 |     while (l_y > 4) {
   |     ^^^^^

houdafny.dfy(53,18): Error: this loop invariant could not be proved on entry
   |
53 |     invariant r_y != 0
   |                   ^^

houdafny.dfy(53,18): Related message: loop invariant violation
   |
53 |     invariant r_y != 0
   |                   ^^

houdafny.dfy(61,8): Error: assertion might not hold
   |
61 |   assert(l_z > r_z);
   |         ^^^^^^^^^^^


Dafny program verifier finished with 0 verified, 3 errors

Writing Dafny to houdafny.dfy...
Done
Running Dafny verification...
houdafny.dfy(42,4): Error: cannot prove termination; try supplying a decreases clause for the loop
   |
42 |     while (l_y > 4) {
   |     ^^^^^

houdafny.dfy(60,8): Error: assertion might not hold
   |
60 |   assert(l_z > r_z);
   |         ^^^^^^^^^^^


Dafny program verifier finished with 0 verified, 2 errors

Writing output to ./results/alignments/dafny/antonopoulos/sa/naumann-sa.dfy...
Done

Per-Task Times (ms)
-------------------
align-count-loops: 1
aligned-crel: 0
invars-daikon: 806
houdafny: 6889
align-sa: 2913
aligned-crel: 0
invars-daikon: 832
houdafny: 6915
aligned-output: 0
write-product: 0

KestRel completed in 18359ms
Verified: false

real	0m18.380s
user	0m19.803s
sys	0m0.999s
