Computed alignment by local loop counting.
Writing Daikon to daikon_output.c...
Done
Compiling Daikon output...
Running Kvasir...
==32588== kvasir-5.8.18, C/C++ Language Front-End for Daikon with DynComp comparability analysis tool.
==32588== Copyright (C) 2007-2022, University of Washington CSE PLSE Group
==32588== Using Valgrind-3.19.0.Fjalar and LibVEX; rerun with -h for copyright info
==32588== Command: ./daikon_output
==32588== 
==32588== 
==32588== For lists of detected and suppressed errors, rerun with: -s
==32588== ERROR SUMMARY: 0 errors from 0 contexts (suppressed: 0 from 0)
Running Daikon...
Writing Dafny to houdafny.dfy...
Done
Running Dafny verification...

Dafny program verifier finished with 1 verified, 0 errors

Writing output to ./results/alignments/dafny/antonopoulos/sa/simple-sa.dfy...
Done

Per-Task Times (ms)
-------------------
align-count-loops: 0
aligned-crel: 0
invars-daikon: 823
houdafny: 1657
align-sa: 0
aligned-crel: 0
invars-daikon: 0
houdafny: 0
aligned-output: 0
write-product: 0

KestRel completed in 2481ms
Verified: true

real	0m2.502s
user	0m3.342s
sys	0m0.123s
