                                     /\ mem_25@pos':2182 = phi_mem_25@pos:2202
                                     /\ 40 = phi_mem_24@width:2201
                                     /\ mem_25@width':2180 = phi_mem_25@width:2200))
                              /\ phi_r_j:2207 < (10 + 1)
                              /\ (phi_r_j:2207 + 1) = phi_r_j:2208))
                       /\ phi_r_j:2208 < (10 + 1)
                       /\ (phi_r_j:2208 + 1) = phi_r_j:2209))
                /\ ((phi_l_i:1949 = mid_l_i:2220
                       /\ phi_r_j:2209 = mid_r_j:2221)
                      \/ ((-1 + phi_tmp___3:1776) = 0
                            /\ 0 <= (-1 + (-1 * phi_r_j:2209) + (10 + 1))
                            /\ 0 <= (-1 + (-1 * phi_l_i:1949) + (10 + 1))
                            /\ 0 <= phi_l_i:1949 /\ 0 <= phi_r_j:2209
                            /\ 1 <= K:2222 /\ (-1 + phi_tmp___3:1776) = 0
                            /\ 0 <= ((-1 * mid_r_j:2221) + (10 + 1))
                            /\ 0 <= ((-1 * mid_l_i:2220) + (10 + 1))
                            /\ 0 <= (-1 + mid_l_i:2220)
                            /\ 0 <= (-1 + mid_r_j:2221)
                            /\ (!(0 <= K:2222)
                                  \/ mid_l_i:2220 = (phi_l_i:1949 + K:2222))
                            /\ (!(0 <= K:2222)
                                  \/ mid_r_j:2221 = (phi_r_j:2209 + K:2222))
                            /\ (!(0 <= K:2222)
                                  \/ (-1 * mid_r_j:2221) <= ((-1
                                                                * phi_r_j:2209)
                                                               + (-1 * K:2222)))
                            /\ (!(0 <= K:2222)
                                  \/ mid_r_j:2221 <= (phi_r_j:2209 + K:2222))
                            /\ (!(0 <= K:2222)
                                  \/ (-1 * mid_l_i:2220) <= ((-1
                                                                * phi_l_i:1949)
                                                               + (-1 * K:2222)))
                            /\ (!(0 <= K:2222)
                                  \/ mid_l_i:2220 <= (phi_l_i:1949 + K:2222))
                            /\ (!((0 <= K:2222 /\ K:2222 <= 0))
                                  \/ 0 <= K:2222)
                            /\ (!(1 <= K:2222)
                                  \/ 0 <= (-1 + phi_l_i:1949 + K:2222))
                            /\ (!((0 <= K:2222 /\ K:2222 <= 0))
                                  \/ 0 <= K:2222)
                            /\ (!(1 <= K:2222)
                                  \/ 0 <= (-1 + phi_r_j:2209 + K:2222))))
                /\ mid_l_i:2220 = l_i':2223 /\ mid_r_j:2221 = r_j':2224
                /\ (-1 + (phi_tmp___3:1776)) = 0 /\ 0 <= (r_j':2224)
                /\ 0 <= (l_i':2223) /\ l_i':2223 < (10 + 1)
                /\ (10 + 1) <= r_j':2224 /\ r_j':2224 = phi_r_j:2226
                /\ l_i':2223 = phi_l_i:2225))
         /\ (phi_l_i:2225 = mid_l_i:2276
               \/ ((-1 + phi_tmp___3:1776) = 0
                     /\ 0 <= (-1 + (-1 * phi_l_i:2225) + (10 + 1))
                     /\ 0 <= (phi_r_j:2226 + (-1 * (10 + 1)))
                     /\ 0 <= phi_r_j:2226 /\ 0 <= phi_l_i:2225 /\ 1 <= K:2277
                     /\ (-1 + phi_tmp___3:1776) = 0
                     /\ 0 <= ((-1 * mid_l_i:2276) + (10 + 1))
                     /\ 0 <= (phi_r_j:2226 + (-1 * (10 + 1)))
                     /\ 0 <= phi_r_j:2226 /\ 0 <= (-1 + mid_l_i:2276)
                     /\ (!(0 <= K:2277)
                           \/ mid_l_i:2276 = (phi_l_i:2225 + K:2277))
                     /\ (!(0 <= K:2277)
                           \/ (-1 * mid_l_i:2276) <= ((-1 * phi_l_i:2225)
                                                        + (-1 * K:2277)))
                     /\ (!(0 <= K:2277)
                           \/ mid_l_i:2276 <= (phi_l_i:2225 + K:2277))
                     /\ (!((0 <= K:2277 /\ K:2277 <= 0)) \/ 0 <= K:2277)
                     /\ (!(1 <= K:2277) \/ 0 <= (-1 + phi_l_i:2225 + K:2277))))
         /\ mid_l_i:2276 = l_i':2278 /\ (-1 + (phi_tmp___3:1776)) = 0
         /\ 0 <= (phi_r_j:2226) /\ 0 <= (l_i':2278) /\ (10 + 1) <= l_i':2278
         /\ (phi_r_j:2226 = mid_r_j:2279
               \/ ((-1 + phi_tmp___3:1776) = 0
                     /\ 0 <= (-1 + (-1 * phi_r_j:2226) + (10 + 1))
                     /\ 0 <= (l_i':2278 + (-1 * (10 + 1))) /\ 0 <= l_i':2278
                     /\ 0 <= phi_r_j:2226 /\ 1 <= K:2280
                     /\ (-1 + phi_tmp___3:1776) = 0
                     /\ 0 <= ((-1 * mid_r_j:2279) + (10 + 1))
                     /\ 0 <= (l_i':2278 + (-1 * (10 + 1))) /\ 0 <= l_i':2278
                     /\ 0 <= (-1 + mid_r_j:2279)
                     /\ (!(0 <= K:2280)
                           \/ mid_r_j:2279 = (phi_r_j:2226 + K:2280))
                     /\ (!(0 <= K:2280)
                           \/ (-1 * mid_r_j:2279) <= ((-1 * phi_r_j:2226)
                                                        + (-1 * K:2280)))
                     /\ (!(0 <= K:2280)
                           \/ mid_r_j:2279 <= (phi_r_j:2226 + K:2280))
                     /\ (!((0 <= K:2280 /\ K:2280 <= 0)) \/ 0 <= K:2280)
                     /\ (!(1 <= K:2280) \/ 0 <= (-1 + phi_r_j:2226 + K:2280))))
         /\ mid_r_j:2279 = r_j':2281 /\ (-1 + (phi_tmp___3:1776)) = 0
         /\ 0 <= (r_j':2281) /\ 0 <= (l_i':2278) /\ (10 + 1) <= r_j':2281)}

Is not SAT! (Assertion on line 53 PASSED)
---------------------------------------------

================================================
Bounds on Variables

================================================
Finished!

real	0m8.539s
user	0m8.360s
sys	0m0.140s
