                         /\ havoc:109 = phi_tmp___0:114 /\ 0 = phi_l_y:113
                         /\ 0 = phi_l_i:112 /\ havoc:109 = phi_r_z:111)
                        \/ (havoc:16 = havoc:110 /\ 0 < (2 * havoc:16)
                              /\ havoc:110 = phi_r_x:115
                              /\ havoc:110 = phi_tmp___0:114
                              /\ havoc:16 = phi_l_y:113 /\ 1 = phi_l_i:112
                              /\ havoc:110 = phi_r_z:111))
                       /\ phi_l_i:112 < (2 * havoc:16)
                       /\ (phi_l_y:113 + havoc:16) = phi_l_y:117
                       /\ (phi_l_i:112 + 1) = phi_l_i:116))
                /\ ((0 = mid_r_i:127 /\ 0 = mid_r_y:128
                       /\ phi_l_i:116 = mid_l_i:129
                       /\ phi_l_y:117 = mid_l_y:130)
                      \/ (0 <= (-1 + (-1 * phi_l_i:116) + (2 * havoc:16))
                            /\ 0 <= (-1 + phi_r_z:111) /\ 0 <= phi_l_i:116
                            /\ 1 <= K:131
                            /\ 0 <= ((-1 * mid_l_i:129) + (2 * havoc:16))
                            /\ 0 <= ((-1 * mid_r_i:127) + phi_r_z:111)
                            /\ 0 <= (-1 + mid_r_i:127)
                            /\ 0 <= (-1 + mid_l_i:129)
                            /\ (!(0 <= K:131) \/ mid_r_i:127 = K:131)
                            /\ (!(0 <= K:131)
                                  \/ mid_r_y:128 = (phi_r_x:115 * K:131))
                            /\ (!(0 <= K:131)
                                  \/ mid_l_i:129 = (phi_l_i:116 + K:131))
                            /\ (!(0 <= K:131)
                                  \/ mid_l_y:130 = (phi_l_y:117
                                                      + (havoc:16 * K:131)))
                            /\ (!(0 <= K:131)
                                  \/ (-1 * mid_l_i:129) <= ((-1 * phi_l_i:116)
                                                              + (-1 * K:131)))
                            /\ (!(0 <= K:131)
                                  \/ mid_l_i:129 <= (phi_l_i:116 + K:131))
                            /\ (!(0 <= K:131)
                                  \/ (-1 * mid_r_i:127) <= (-1 * K:131))
                            /\ (!(0 <= K:131) \/ mid_r_i:127 <= K:131)
                            /\ (!((0 <= K:131 /\ K:131 <= 0)) \/ 0 <= K:131)
                            /\ (!(1 <= K:131) \/ 0 <= (-1 + K:131))
                            /\ (!((0 <= K:131 /\ K:131 <= 0)) \/ 0 <= K:131)
                            /\ (!(1 <= K:131)
                                  \/ 0 <= (-1 + phi_l_i:116 + K:131))))
                /\ mid_r_i:127 = r_i':132 /\ mid_r_y:128 = r_y':133
                /\ mid_l_i:129 = l_i':134 /\ mid_l_y:130 = l_y':135
                /\ 0 <= (l_i':134) /\ 0 <= (r_i':132)
                /\ l_i':134 < (2 * havoc:16) /\ phi_r_z:111 <= r_i':132
                /\ l_y':135 = phi_l_y:139 /\ l_i':134 = phi_l_i:138
                /\ r_y':133 = phi_r_y:137 /\ r_i':132 = phi_r_i:136))
         /\ ((phi_l_i:138 = mid_l_i:341 /\ phi_l_y:139 = mid_l_y:342)
               \/ (0 <= (-1 + (-1 * phi_l_i:138) + (2 * havoc:16))
                     /\ 0 <= (phi_r_i:136 + (-1 * phi_r_z:111))
                     /\ 0 <= phi_r_i:136 /\ 0 <= phi_l_i:138 /\ 1 <= K:343
                     /\ 0 <= ((-1 * mid_l_i:341) + (2 * havoc:16))
                     /\ 0 <= (phi_r_i:136 + (-1 * phi_r_z:111))
                     /\ 0 <= phi_r_i:136 /\ 0 <= (-1 + mid_l_i:341)
                     /\ (!(0 <= K:343) \/ mid_l_i:341 = (phi_l_i:138 + K:343))
                     /\ (!(0 <= K:343)
                           \/ mid_l_y:342 = (phi_l_y:139 + (havoc:16 * K:343)))
                     /\ (!(0 <= K:343)
                           \/ (-1 * mid_l_i:341) <= ((-1 * phi_l_i:138)
                                                       + (-1 * K:343)))
                     /\ (!(0 <= K:343)
                           \/ mid_l_i:341 <= (phi_l_i:138 + K:343))
                     /\ (!((0 <= K:343 /\ K:343 <= 0)) \/ 0 <= K:343)
                     /\ (!(1 <= K:343) \/ 0 <= (-1 + phi_l_i:138 + K:343))))
         /\ mid_l_i:341 = l_i':344 /\ mid_l_y:342 = l_y':345
         /\ 0 <= (l_i':344) /\ 0 <= (phi_r_i:136)
         /\ (2 * havoc:16) <= l_i':344
         /\ ((phi_r_i:136 = mid_r_i:346 /\ phi_r_y:137 = mid_r_y:347)
               \/ (0 <= (-1 + (-1 * phi_r_i:136) + phi_r_z:111)
                     /\ 0 <= (l_i':344 + (-1 * (2 * havoc:16)))
                     /\ 0 <= l_i':344 /\ 0 <= phi_r_i:136 /\ 1 <= K:348
                     /\ 0 <= ((-1 * mid_r_i:346) + phi_r_z:111)
                     /\ 0 <= (l_i':344 + (-1 * (2 * havoc:16)))
                     /\ 0 <= l_i':344 /\ 0 <= (-1 + mid_r_i:346)
                     /\ (!(0 <= K:348) \/ mid_r_i:346 = (phi_r_i:136 + K:348))
                     /\ (!(0 <= K:348)
                           \/ mid_r_y:347 = (phi_r_y:137
                                               + (phi_r_x:115 * K:348)))
                     /\ (!(0 <= K:348)
                           \/ (-1 * mid_r_i:346) <= ((-1 * phi_r_i:136)
                                                       + (-1 * K:348)))
                     /\ (!(0 <= K:348)
                           \/ mid_r_i:346 <= (phi_r_i:136 + K:348))
                     /\ (!((0 <= K:348 /\ K:348 <= 0)) \/ 0 <= K:348)
                     /\ (!(1 <= K:348) \/ 0 <= (-1 + phi_r_i:136 + K:348))))
         /\ mid_r_i:346 = r_i':349 /\ mid_r_y:347 = r_y':350
         /\ 0 <= (l_i':344) /\ 0 <= (r_i':349) /\ phi_r_z:111 <= r_i':349)}

Is not SAT! (Assertion on line 38 PASSED)
---------------------------------------------

================================================
Bounds on Variables

================================================
Finished!

real	0m0.885s
user	0m0.844s
sys	0m0.012s
