                            /\ (!(0 <= K:138) \/ mid_l_x:137 = K:138)
                            /\ (!(0 <= K:138)
                                  \/ (-1 * mid_l_x:137) <= (-1 * K:138))
                            /\ (!(0 <= K:138) \/ mid_l_x:137 <= K:138)
                            /\ (!(0 <= K:138)
                                  \/ (-1 * mid_l_i:136) <= (-1 * K:138))
                            /\ (!(0 <= K:138) \/ mid_l_i:136 <= K:138)
                            /\ (!(0 <= K:138)
                                  \/ (-1 * mid_r_x:135) <= (-1 * K:138))
                            /\ (!(0 <= K:138) \/ mid_r_x:135 <= K:138)
                            /\ (!(0 <= K:138)
                                  \/ (-1 * mid_r_i:134) <= (-1 * K:138))
                            /\ (!(0 <= K:138) \/ mid_r_i:134 <= K:138)
                            /\ (!((0 <= K:138 /\ K:138 <= 0)) \/ 0 <= K:138)
                            /\ (!(1 <= K:138) \/ 0 <= (-1 + K:138))
                            /\ (!((0 <= K:138 /\ K:138 <= 0)) \/ 0 <= K:138)
                            /\ (!(1 <= K:138) \/ 0 <= (-1 + K:138))
                            /\ (!((0 <= K:138 /\ K:138 <= 0)) \/ 0 <= K:138)
                            /\ (!(1 <= K:138) \/ 0 <= (-1 + K:138))
                            /\ (!((0 <= K:138 /\ K:138 <= 0)) \/ 0 <= K:138)
                            /\ (!(1 <= K:138) \/ 0 <= (-1 + K:138))))
                /\ mid_r_i:134 = r_i':139 /\ mid_r_x:135 = r_x':140
                /\ mid_l_i:136 = l_i':141 /\ mid_l_x:137 = l_x':142
                /\ 0 <= (l_x':142) /\ 0 <= (l_i':141) /\ 0 <= (r_x':140)
                /\ 0 <= (r_i':139) /\ l_i':141 <= havoc:14
                /\ havoc:133 < r_i':139 /\ havoc:133 = phi_r_n:148
                /\ havoc:133 = phi_tmp___0:147 /\ l_x':142 = phi_l_x:146
                /\ l_i':141 = phi_l_i:145 /\ r_x':140 = phi_r_x:144
                /\ r_i':139 = phi_r_i:143))
         /\ ((phi_l_i:145 = mid_l_i:293 /\ phi_l_x:146 = mid_l_x:294)
               \/ (0 <= ((-1 * phi_l_i:145) + havoc:14) /\ 0 <= phi_r_x:144
                     /\ 0 <= (-1 + phi_r_i:143 + (-1 * phi_r_n:148))
                     /\ 0 <= phi_r_i:143 /\ 0 <= phi_l_i:145
                     /\ 0 <= phi_l_x:146 /\ 1 <= K:295
                     /\ 0 <= (1 + (-1 * mid_l_i:293) + havoc:14)
                     /\ 0 <= phi_r_x:144
                     /\ 0 <= (-1 + phi_r_i:143 + (-1 * phi_r_n:148))
                     /\ 0 <= phi_r_i:143 /\ 0 <= (-1 + mid_l_i:293)
                     /\ 0 <= (-1 + mid_l_x:294)
                     /\ (!(0 <= K:295) \/ mid_l_i:293 = (phi_l_i:145 + K:295))
                     /\ (!(0 <= K:295) \/ mid_l_x:294 = (phi_l_x:146 + K:295))
                     /\ (!(0 <= K:295)
                           \/ (-1 * mid_l_x:294) <= ((-1 * phi_l_x:146)
                                                       + (-1 * K:295)))
                     /\ (!(0 <= K:295)
                           \/ mid_l_x:294 <= (phi_l_x:146 + K:295))
                     /\ (!(0 <= K:295)
                           \/ (-1 * mid_l_i:293) <= ((-1 * phi_l_i:145)
                                                       + (-1 * K:295)))
                     /\ (!(0 <= K:295)
                           \/ mid_l_i:293 <= (phi_l_i:145 + K:295))
                     /\ (!((0 <= K:295 /\ K:295 <= 0)) \/ 0 <= K:295)
                     /\ (!(1 <= K:295) \/ 0 <= (-1 + phi_l_i:145 + K:295))
                     /\ (!((0 <= K:295 /\ K:295 <= 0)) \/ 0 <= K:295)
                     /\ (!(1 <= K:295) \/ 0 <= (-1 + phi_l_x:146 + K:295))))
         /\ mid_l_i:293 = l_i':296 /\ mid_l_x:294 = l_x':297
         /\ 0 <= (l_x':297) /\ 0 <= (l_i':296) /\ 0 <= (phi_r_x:144)
         /\ 0 <= (phi_r_i:143) /\ havoc:14 < l_i':296
         /\ ((phi_r_i:143 = mid_r_i:298 /\ phi_r_x:144 = mid_r_x:299)
               \/ (0 <= ((-1 * phi_r_i:143) + phi_r_n:148) /\ 0 <= l_x':297
                     /\ 0 <= (-1 + l_i':296 + (-1 * havoc:14))
                     /\ 0 <= l_i':296 /\ 0 <= phi_r_i:143 /\ 0 <= phi_r_x:144
                     /\ 1 <= K:300
                     /\ 0 <= (1 + (-1 * mid_r_i:298) + phi_r_n:148)
                     /\ 0 <= l_x':297
                     /\ 0 <= (-1 + l_i':296 + (-1 * havoc:14))
                     /\ 0 <= l_i':296 /\ 0 <= (-1 + mid_r_i:298)
                     /\ 0 <= (-1 + mid_r_x:299)
                     /\ (!(0 <= K:300) \/ mid_r_i:298 = (phi_r_i:143 + K:300))
                     /\ (!(0 <= K:300) \/ mid_r_x:299 = (phi_r_x:144 + K:300))
                     /\ (!(0 <= K:300)
                           \/ (-1 * mid_r_x:299) <= ((-1 * phi_r_x:144)
                                                       + (-1 * K:300)))
                     /\ (!(0 <= K:300)
                           \/ mid_r_x:299 <= (phi_r_x:144 + K:300))
                     /\ (!(0 <= K:300)
                           \/ (-1 * mid_r_i:298) <= ((-1 * phi_r_i:143)
                                                       + (-1 * K:300)))
                     /\ (!(0 <= K:300)
                           \/ mid_r_i:298 <= (phi_r_i:143 + K:300))
                     /\ (!((0 <= K:300 /\ K:300 <= 0)) \/ 0 <= K:300)
                     /\ (!(1 <= K:300) \/ 0 <= (-1 + phi_r_i:143 + K:300))
                     /\ (!((0 <= K:300 /\ K:300 <= 0)) \/ 0 <= K:300)
                     /\ (!(1 <= K:300) \/ 0 <= (-1 + phi_r_x:144 + K:300))))
         /\ mid_r_i:298 = r_i':301 /\ mid_r_x:299 = r_x':302
         /\ 0 <= (l_x':297) /\ 0 <= (l_i':296) /\ 0 <= (r_x':302)
         /\ 0 <= (r_i':301) /\ phi_r_n:148 < r_i':301)}

Is not SAT! (Assertion on line 27 PASSED)
---------------------------------------------

================================================
Bounds on Variables

================================================
Finished!

real	0m0.928s
user	0m0.840s
sys	0m0.072s
