Computed alignment by local loop counting.
Writing Daikon to daikon_output.c...
Done
Compiling Daikon output...
Running Kvasir...
==39224== kvasir-5.8.18, C/C++ Language Front-End for Daikon with DynComp comparability analysis tool.
==39224== Copyright (C) 2007-2022, University of Washington CSE PLSE Group
==39224== Using Valgrind-3.19.0.Fjalar and LibVEX; rerun with -h for copyright info
==39224== Command: ./daikon_output
==39224== 
==39224== 
==39224== For lists of detected and suppressed errors, rerun with: -s
==39224== ERROR SUMMARY: 0 errors from 0 contexts (suppressed: 0 from 0)
Running Daikon...
Writing Dafny to houdafny.dfy...
Done
Running Dafny verification...
houdafny.dfy(27,18): Error: this invariant could not be proved to be maintained by the loop
   |
27 |     invariant l_i == 0
   |                   ^^

houdafny.dfy(27,18): Related message: loop invariant violation
   |
27 |     invariant l_i == 0
   |                   ^^


Dafny program verifier finished with 0 verified, 1 error

Writing Dafny to houdafny.dfy...
Done
Running Dafny verification...
houdafny.dfy(27,18): Error: this invariant could not be proved to be maintained by the loop
   |
27 |     invariant l_i <= 0
   |                   ^^

houdafny.dfy(27,18): Related message: loop invariant violation
   |
27 |     invariant l_i <= 0
   |                   ^^


Dafny program verifier finished with 0 verified, 1 error

Writing Dafny to houdafny.dfy...
Done
Running Dafny verification...
houdafny.dfy(66,20): Error: this loop invariant could not be proved on entry
   |
66 |     invariant l_ret == l_comp
   |                     ^^

houdafny.dfy(66,20): Related message: loop invariant violation
   |
66 |     invariant l_ret == l_comp
   |                     ^^

houdafny.dfy(73,18): Error: this loop invariant could not be proved on entry
   |
73 |     invariant l_i == 0
   |                   ^^

houdafny.dfy(73,18): Related message: loop invariant violation
   |
73 |     invariant l_i == 0
   |                   ^^


Dafny program verifier finished with 0 verified, 2 errors

Writing Dafny to houdafny.dfy...
Done
Running Dafny verification...
houdafny.dfy(67,20): Error: this loop invariant could not be proved on entry
   |
67 |     invariant l_ret >= l_comp
   |                     ^^

houdafny.dfy(67,20): Related message: loop invariant violation
   |
67 |     invariant l_ret >= l_comp
   |                     ^^

houdafny.dfy(72,18): Error: this loop invariant could not be proved on entry
   |
72 |     invariant l_i <= 0
   |                   ^^

houdafny.dfy(72,18): Related message: loop invariant violation
   |
72 |     invariant l_i <= 0
   |                   ^^


Dafny program verifier finished with 0 verified, 2 errors

Writing Dafny to houdafny.dfy...
Done
Running Dafny verification...
houdafny.dfy(96,20): Error: this loop invariant could not be proved on entry
   |
96 |     invariant l_ret == l_comp
   |                     ^^

houdafny.dfy(96,20): Related message: loop invariant violation
   |
96 |     invariant l_ret == l_comp
   |                     ^^

houdafny.dfy(103,18): Error: this loop invariant could not be proved on entry
    |
103 |     invariant l_i == 0
    |                   ^^

houdafny.dfy(103,18): Related message: loop invariant violation
    |
103 |     invariant l_i == 0
    |                   ^^


Dafny program verifier finished with 0 verified, 2 errors

Writing Dafny to houdafny.dfy...
Done
Running Dafny verification...
houdafny.dfy(97,20): Error: this loop invariant could not be proved on entry
   |
97 |     invariant l_ret >= l_comp
   |                     ^^

houdafny.dfy(97,20): Related message: loop invariant violation
   |
97 |     invariant l_ret >= l_comp
   |                     ^^

houdafny.dfy(102,18): Error: this loop invariant could not be proved on entry
    |
102 |     invariant l_i <= 0
    |                   ^^

houdafny.dfy(102,18): Related message: loop invariant violation
    |
102 |     invariant l_i <= 0
    |                   ^^


Dafny program verifier finished with 0 verified, 2 errors

Writing Dafny to houdafny.dfy...
Done
Running Dafny verification...

Dafny program verifier finished with 1 verified, 0 errors

Writing output to ./results/alignments/dafny/sousa/sa/chromosome-sa.dfy...
Done

Per-Task Times (ms)
-------------------
align-count-loops: 7
aligned-crel: 0
invars-daikon: 792
houdafny: 12663
align-sa: 0
aligned-crel: 0
invars-daikon: 0
houdafny: 0
aligned-output: 0
write-product: 0

KestRel completed in 13464ms
Verified: true

real	0m13.484s
user	0m13.827s
sys	0m0.653s
