Computed alignment by local loop counting.
Writing Daikon to daikon_output.c...
Done
Compiling Daikon output...
Running Kvasir...
==39528== kvasir-5.8.18, C/C++ Language Front-End for Daikon with DynComp comparability analysis tool.
==39528== Copyright (C) 2007-2022, University of Washington CSE PLSE Group
==39528== Using Valgrind-3.19.0.Fjalar and LibVEX; rerun with -h for copyright info
==39528== Command: ./daikon_output
==39528== 
==39528== 
==39528== For lists of detected and suppressed errors, rerun with: -s
==39528== ERROR SUMMARY: 0 errors from 0 contexts (suppressed: 0 from 0)
Running Daikon...
Writing Dafny to houdafny.dfy...
Done
Running Dafny verification...

Dafny program verifier finished with 1 verified, 0 errors

Writing output to ./results/alignments/dafny/sousa/sa/col_item-sa.dfy...
Done

Per-Task Times (ms)
-------------------
align-count-loops: 6
aligned-crel: 0
invars-daikon: 741
houdafny: 1633
align-sa: 0
aligned-crel: 0
invars-daikon: 0
houdafny: 0
aligned-output: 0
write-product: 0

KestRel completed in 2381ms
Verified: true

real	0m2.402s
user	0m3.010s
sys	0m0.166s
