Treating naive product as final alignment.
Writing Daikon to daikon_output.c...
Done
Compiling Daikon output...
Running Kvasir...
==29319== kvasir-5.8.18, C/C++ Language Front-End for Daikon with DynComp comparability analysis tool.
==29319== Copyright (C) 2007-2022, University of Washington CSE PLSE Group
==29319== Using Valgrind-3.19.0.Fjalar and LibVEX; rerun with -h for copyright info
==29319== Command: ./daikon_output
==29319== 
==29319== 
==29319== For lists of detected and suppressed errors, rerun with: -s
==29319== ERROR SUMMARY: 0 errors from 0 contexts (suppressed: 0 from 0)
Running Daikon...
Writing Dafny to houdafny.dfy...
Done
Running Dafny verification...
houdafny.dfy(18,20): Error: this loop invariant could not be proved on entry
   |
18 |     invariant l_arr != 0
   |                     ^^

houdafny.dfy(18,20): Related message: loop invariant violation
   |
18 |     invariant l_arr != 0
   |                     ^^

houdafny.dfy(19,20): Error: this loop invariant could not be proved on entry
   |
19 |     invariant l_len != 0
   |                     ^^

houdafny.dfy(19,20): Related message: loop invariant violation
   |
19 |     invariant l_len != 0
   |                     ^^

houdafny.dfy(20,20): Error: this loop invariant could not be proved on entry
   |
20 |     invariant l_len >= 2
   |                     ^^

houdafny.dfy(20,20): Related message: loop invariant violation
   |
20 |     invariant l_len >= 2
   |                     ^^

houdafny.dfy(23,20): Error: this loop invariant could not be proved on entry
   |
23 |     invariant l_arr != l_len
   |                     ^^

houdafny.dfy(23,20): Related message: loop invariant violation
   |
23 |     invariant l_arr != l_len
   |                     ^^

houdafny.dfy(24,20): Error: this loop invariant could not be proved on entry
   |
24 |     invariant l_arr != l_val
   |                     ^^

houdafny.dfy(24,20): Related message: loop invariant violation
   |
24 |     invariant l_arr != l_val
   |                     ^^

houdafny.dfy(25,20): Error: this invariant could not be proved to be maintained by the loop
   |
25 |     invariant l_arr != l_i
   |                     ^^

houdafny.dfy(25,20): Related message: loop invariant violation
   |
25 |     invariant l_arr != l_i
   |                     ^^

houdafny.dfy(26,20): Error: this loop invariant could not be proved on entry
   |
26 |     invariant l_len != l_val
   |                     ^^

houdafny.dfy(26,20): Related message: loop invariant violation
   |
26 |     invariant l_len != l_val
   |                     ^^

houdafny.dfy(27,20): Error: this invariant could not be proved to be maintained by the loop
   |
27 |     invariant l_len > l_i
   |                     ^

houdafny.dfy(27,20): Related message: loop invariant violation
   |
27 |     invariant l_len > l_i
   |                     ^

houdafny.dfy(36,20): Error: this loop invariant could not be proved on entry
   |
36 |     invariant l_arr != 0
   |                     ^^

houdafny.dfy(36,20): Related message: loop invariant violation
   |
36 |     invariant l_arr != 0
   |                     ^^

houdafny.dfy(40,20): Error: this loop invariant could not be proved on entry
   |
40 |     invariant l_arr != l_len
   |                     ^^

houdafny.dfy(40,20): Related message: loop invariant violation
   |
40 |     invariant l_arr != l_len
   |                     ^^

houdafny.dfy(41,20): Error: this loop invariant could not be proved on entry
   |
41 |     invariant l_arr != l_val
   |                     ^^

houdafny.dfy(41,20): Related message: loop invariant violation
   |
41 |     invariant l_arr != l_val
   |                     ^^

houdafny.dfy(42,20): Error: this loop invariant could not be proved on entry
   |
42 |     invariant l_arr != l_i
   |                     ^^

houdafny.dfy(42,20): Related message: loop invariant violation
   |
42 |     invariant l_arr != l_i
   |                     ^^

houdafny.dfy(42,20): Error: this invariant could not be proved to be maintained by the loop
   |
42 |     invariant l_arr != l_i
   |                     ^^

houdafny.dfy(42,20): Related message: loop invariant violation
   |
42 |     invariant l_arr != l_i
   |                     ^^

houdafny.dfy(43,20): Error: this loop invariant could not be proved on entry
   |
43 |     invariant l_len != l_val
   |                     ^^

houdafny.dfy(43,20): Related message: loop invariant violation
   |
43 |     invariant l_len != l_val
   |                     ^^

houdafny.dfy(44,20): Error: this invariant could not be proved to be maintained by the loop
   |
44 |     invariant l_len > l_i
   |                     ^

houdafny.dfy(44,20): Related message: loop invariant violation
   |
44 |     invariant l_len > l_i
   |                     ^


Dafny program verifier finished with 0 verified, 15 errors

Writing Dafny to houdafny.dfy...
Done
Running Dafny verification...
houdafny.dfy(40,20): Error: this loop invariant could not be proved on entry
   |
40 |     invariant l_len == l_i
   |                     ^^

houdafny.dfy(40,20): Related message: loop invariant violation
   |
40 |     invariant l_len == l_i
   |                     ^^

houdafny.dfy(43,20): Error: this loop invariant could not be proved on entry
   |
43 |     invariant l_arr != 0
   |                     ^^

houdafny.dfy(43,20): Related message: loop invariant violation
   |
43 |     invariant l_arr != 0
   |                     ^^

houdafny.dfy(46,20): Error: this loop invariant could not be proved on entry
   |
46 |     invariant r_arr != 0
   |                     ^^

houdafny.dfy(46,20): Related message: loop invariant violation
   |
46 |     invariant r_arr != 0
   |                     ^^

houdafny.dfy(47,20): Error: this loop invariant could not be proved on entry
   |
47 |     invariant r_len != 0
   |                     ^^

houdafny.dfy(47,20): Related message: loop invariant violation
   |
47 |     invariant r_len != 0
   |                     ^^

houdafny.dfy(48,20): Error: this loop invariant could not be proved on entry
   |
48 |     invariant r_len >= 2
   |                     ^^

houdafny.dfy(48,20): Related message: loop invariant violation
   |
48 |     invariant r_len >= 2
   |                     ^^

houdafny.dfy(51,20): Error: this loop invariant could not be proved on entry
   |
51 |     invariant l_arr != l_len
   |                     ^^

houdafny.dfy(51,20): Related message: loop invariant violation
   |
51 |     invariant l_arr != l_len
   |                     ^^

houdafny.dfy(52,20): Error: this loop invariant could not be proved on entry
   |
52 |     invariant l_arr != l_val
   |                     ^^

houdafny.dfy(52,20): Related message: loop invariant violation
   |
52 |     invariant l_arr != l_val
   |                     ^^

houdafny.dfy(53,20): Error: this loop invariant could not be proved on entry
   |
53 |     invariant l_arr != r_arr
   |                     ^^

houdafny.dfy(53,20): Related message: loop invariant violation
   |
53 |     invariant l_arr != r_arr
   |                     ^^

houdafny.dfy(54,20): Error: this loop invariant could not be proved on entry
   |
54 |     invariant l_arr != r_len
   |                     ^^

houdafny.dfy(54,20): Related message: loop invariant violation
   |
54 |     invariant l_arr != r_len
   |                     ^^

houdafny.dfy(55,20): Error: this loop invariant could not be proved on entry
   |
55 |     invariant l_arr != r_val
   |                     ^^

houdafny.dfy(55,20): Related message: loop invariant violation
   |
55 |     invariant l_arr != r_val
   |                     ^^

houdafny.dfy(57,20): Error: this loop invariant could not be proved on entry
   |
57 |     invariant l_len != l_val
   |                     ^^

houdafny.dfy(57,20): Related message: loop invariant violation
   |
57 |     invariant l_len != l_val
   |                     ^^

houdafny.dfy(58,20): Error: this loop invariant could not be proved on entry
   |
58 |     invariant l_len != r_arr
   |                     ^^

houdafny.dfy(58,20): Related message: loop invariant violation
   |
58 |     invariant l_len != r_arr
   |                     ^^

houdafny.dfy(59,36): Error: this loop invariant could not be proved on entry
   |
59 |     invariant (l_len - (r_len - 1)) == 0
   |                                     ^^

houdafny.dfy(59,36): Related message: loop invariant violation
   |
59 |     invariant (l_len - (r_len - 1)) == 0
   |                                     ^^


Dafny program verifier finished with 0 verified, 13 errors

Writing Dafny to houdafny.dfy...
Done
Running Dafny verification...
houdafny.dfy(41,20): Error: this loop invariant could not be proved on entry
   |
41 |     invariant l_len >= l_i
   |                     ^^

houdafny.dfy(41,20): Related message: loop invariant violation
   |
41 |     invariant l_len >= l_i
   |                     ^^

houdafny.dfy(46,20): Error: this loop invariant could not be proved on entry
   |
46 |     invariant l_arr != r_j
   |                     ^^

houdafny.dfy(46,20): Related message: loop invariant violation
   |
46 |     invariant l_arr != r_j
   |                     ^^

houdafny.dfy(47,36): Error: this loop invariant could not be proved on entry
   |
47 |     invariant (l_len - (r_len - 1)) <= 0
   |                                     ^^

houdafny.dfy(47,36): Related message: loop invariant violation
   |
47 |     invariant (l_len - (r_len - 1)) <= 0
   |                                     ^^


Dafny program verifier finished with 0 verified, 3 errors

Writing Dafny to houdafny.dfy...
Done
Running Dafny verification...
houdafny.dfy(46,20): Error: this loop invariant could not be proved on entry
   |
46 |     invariant l_len != r_val
   |                     ^^

houdafny.dfy(46,20): Related message: loop invariant violation
   |
46 |     invariant l_len != r_val
   |                     ^^

houdafny.dfy(48,20): Error: this loop invariant could not be proved on entry
   |
48 |     invariant l_val != r_arr
   |                     ^^

houdafny.dfy(48,20): Related message: loop invariant violation
   |
48 |     invariant l_val != r_arr
   |                     ^^

houdafny.dfy(49,20): Error: this loop invariant could not be proved on entry
   |
49 |     invariant l_val != r_len
   |                     ^^

houdafny.dfy(49,20): Related message: loop invariant violation
   |
49 |     invariant l_val != r_len
   |                     ^^

houdafny.dfy(50,20): Error: this loop invariant could not be proved on entry
   |
50 |     invariant l_val != r_val
   |                     ^^

houdafny.dfy(50,20): Related message: loop invariant violation
   |
50 |     invariant l_val != r_val
   |                     ^^

houdafny.dfy(51,20): Error: this loop invariant could not be proved on entry
   |
51 |     invariant r_arr != r_len
   |                     ^^

houdafny.dfy(51,20): Related message: loop invariant violation
   |
51 |     invariant r_arr != r_len
   |                     ^^

houdafny.dfy(52,20): Error: this loop invariant could not be proved on entry
   |
52 |     invariant r_arr != r_val
   |                     ^^

houdafny.dfy(52,20): Related message: loop invariant violation
   |
52 |     invariant r_arr != r_val
   |                     ^^

houdafny.dfy(53,20): Error: this loop invariant could not be proved on entry
   |
53 |     invariant r_arr != r_j
   |                     ^^

houdafny.dfy(53,20): Related message: loop invariant violation
   |
53 |     invariant r_arr != r_j
   |                     ^^

houdafny.dfy(53,20): Error: this invariant could not be proved to be maintained by the loop
   |
53 |     invariant r_arr != r_j
   |                     ^^

houdafny.dfy(53,20): Related message: loop invariant violation
   |
53 |     invariant r_arr != r_j
   |                     ^^

houdafny.dfy(54,20): Error: this loop invariant could not be proved on entry
   |
54 |     invariant r_len != r_val
   |                     ^^

houdafny.dfy(54,20): Related message: loop invariant violation
   |
54 |     invariant r_len != r_val
   |                     ^^

houdafny.dfy(55,20): Error: this loop invariant could not be proved on entry
   |
55 |     invariant r_len > r_j
   |                     ^

houdafny.dfy(55,20): Related message: loop invariant violation
   |
55 |     invariant r_len > r_j
   |                     ^

houdafny.dfy(55,20): Error: this invariant could not be proved to be maintained by the loop
   |
55 |     invariant r_len > r_j
   |                     ^

houdafny.dfy(55,20): Related message: loop invariant violation
   |
55 |     invariant r_len > r_j
   |                     ^

houdafny.dfy(64,20): Error: this loop invariant could not be proved on entry
   |
64 |     invariant l_len == l_i
   |                     ^^

houdafny.dfy(64,20): Related message: loop invariant violation
   |
64 |     invariant l_len == l_i
   |                     ^^

houdafny.dfy(70,20): Error: this loop invariant could not be proved on entry
   |
70 |     invariant l_arr != 0
   |                     ^^

houdafny.dfy(70,20): Related message: loop invariant violation
   |
70 |     invariant l_arr != 0
   |                     ^^

houdafny.dfy(73,20): Error: this loop invariant could not be proved on entry
   |
73 |     invariant r_arr != 0
   |                     ^^

houdafny.dfy(73,20): Related message: loop invariant violation
   |
73 |     invariant r_arr != 0
   |                     ^^

houdafny.dfy(76,20): Error: this loop invariant could not be proved on entry
   |
76 |     invariant l_arr != l_len
   |                     ^^

houdafny.dfy(76,20): Related message: loop invariant violation
   |
76 |     invariant l_arr != l_len
   |                     ^^

houdafny.dfy(77,20): Error: this loop invariant could not be proved on entry
   |
77 |     invariant l_arr != l_val
   |                     ^^

houdafny.dfy(77,20): Related message: loop invariant violation
   |
77 |     invariant l_arr != l_val
   |                     ^^

houdafny.dfy(78,20): Error: this loop invariant could not be proved on entry
   |
78 |     invariant l_arr != r_arr
   |                     ^^

houdafny.dfy(78,20): Related message: loop invariant violation
   |
78 |     invariant l_arr != r_arr
   |                     ^^

houdafny.dfy(79,20): Error: this loop invariant could not be proved on entry
   |
79 |     invariant l_arr != r_val
   |                     ^^

houdafny.dfy(79,20): Related message: loop invariant violation
   |
79 |     invariant l_arr != r_val
   |                     ^^

houdafny.dfy(80,20): Error: this loop invariant could not be proved on entry
   |
80 |     invariant l_arr != r_j
   |                     ^^

houdafny.dfy(80,20): Related message: loop invariant violation
   |
80 |     invariant l_arr != r_j
   |                     ^^

houdafny.dfy(80,20): Error: this invariant could not be proved to be maintained by the loop
   |
80 |     invariant l_arr != r_j
   |                     ^^

houdafny.dfy(80,20): Related message: loop invariant violation
   |
80 |     invariant l_arr != r_j
   |                     ^^

houdafny.dfy(81,20): Error: this loop invariant could not be proved on entry
   |
81 |     invariant l_len != l_val
   |                     ^^

houdafny.dfy(81,20): Related message: loop invariant violation
   |
81 |     invariant l_len != l_val
   |                     ^^

houdafny.dfy(82,20): Error: this loop invariant could not be proved on entry
   |
82 |     invariant l_len != r_arr
   |                     ^^

houdafny.dfy(82,20): Related message: loop invariant violation
   |
82 |     invariant l_len != r_arr
   |                     ^^

houdafny.dfy(84,20): Error: this invariant could not be proved to be maintained by the loop
   |
84 |     invariant l_len > r_j
   |                     ^

houdafny.dfy(84,20): Related message: loop invariant violation
   |
84 |     invariant l_len > r_j
   |                     ^

houdafny.dfy(85,20): Error: this loop invariant could not be proved on entry
   |
85 |     invariant l_val != r_arr
   |                     ^^

houdafny.dfy(85,20): Related message: loop invariant violation
   |
85 |     invariant l_val != r_arr
   |                     ^^

houdafny.dfy(87,20): Error: this loop invariant could not be proved on entry
   |
87 |     invariant r_arr != r_val
   |                     ^^

houdafny.dfy(87,20): Related message: loop invariant violation
   |
87 |     invariant r_arr != r_val
   |                     ^^

houdafny.dfy(88,20): Error: this loop invariant could not be proved on entry
   |
88 |     invariant r_arr != r_j
   |                     ^^

houdafny.dfy(88,20): Related message: loop invariant violation
   |
88 |     invariant r_arr != r_j
   |                     ^^

houdafny.dfy(88,20): Error: this invariant could not be proved to be maintained by the loop
   |
88 |     invariant r_arr != r_j
   |                     ^^

houdafny.dfy(88,20): Related message: loop invariant violation
   |
88 |     invariant r_arr != r_j
   |                     ^^


Dafny program verifier finished with 0 verified, 27 errors

Writing Dafny to houdafny.dfy...
Done
Running Dafny verification...
houdafny.dfy(56,20): Error: this loop invariant could not be proved on entry
   |
56 |     invariant l_len >= l_i
   |                     ^^

houdafny.dfy(56,20): Related message: loop invariant violation
   |
56 |     invariant l_len >= l_i
   |                     ^^

houdafny.dfy(64,20): Error: this loop invariant could not be proved on entry
   |
64 |     invariant l_len != r_val
   |                     ^^

houdafny.dfy(64,20): Related message: loop invariant violation
   |
64 |     invariant l_len != r_val
   |                     ^^

houdafny.dfy(65,20): Error: this loop invariant could not be proved on entry
   |
65 |     invariant l_val != r_val
   |                     ^^

houdafny.dfy(65,20): Related message: loop invariant violation
   |
65 |     invariant l_val != r_val
   |                     ^^

houdafny.dfy(69,8): Error: assertion might not hold
   |
69 |   assert(l_i == r_j);
   |         ^^^^^^^^^^^^


Dafny program verifier finished with 0 verified, 4 errors

Writing Dafny to houdafny.dfy...
Done
Running Dafny verification...
houdafny.dfy(66,8): Error: assertion might not hold
   |
66 |   assert(l_i == r_j);
   |         ^^^^^^^^^^^^


Dafny program verifier finished with 0 verified, 1 error

Writing output to ./results/alignments/dafny/antonopoulos/unaligned/array-insert-una.dfy...
Done

Per-Task Times (ms)
-------------------
align-none: 0
aligned-crel: 0
invars-daikon: 1067
houdafny: 11573
aligned-output: 0
write-product: 0

KestRel completed in 12641ms
Verified: false

real	0m12.692s
user	0m14.277s
sys	0m1.040s
