Treating naive product as final alignment.
Writing Daikon to daikon_output.c...
Done
Compiling Daikon output...
Running Kvasir...
==29590== kvasir-5.8.18, C/C++ Language Front-End for Daikon with DynComp comparability analysis tool.
==29590== Copyright (C) 2007-2022, University of Washington CSE PLSE Group
==29590== Using Valgrind-3.19.0.Fjalar and LibVEX; rerun with -h for copyright info
==29590== Command: ./daikon_output
==29590== 
==29590== 
==29590== For lists of detected and suppressed errors, rerun with: -s
==29590== ERROR SUMMARY: 0 errors from 0 contexts (suppressed: 0 from 0)
Running Daikon...
Writing Dafny to houdafny.dfy...
Done
Running Dafny verification...
houdafny.dfy(18,18): Error: this loop invariant could not be proved on entry
   |
18 |     invariant l_a != 0
   |                   ^^

houdafny.dfy(18,18): Related message: loop invariant violation
   |
18 |     invariant l_a != 0
   |                   ^^

houdafny.dfy(18,18): Error: this invariant could not be proved to be maintained by the loop
   |
18 |     invariant l_a != 0
   |                   ^^

houdafny.dfy(18,18): Related message: loop invariant violation
   |
18 |     invariant l_a != 0
   |                   ^^

houdafny.dfy(19,18): Error: this loop invariant could not be proved on entry
   |
19 |     invariant l_n != 0
   |                   ^^

houdafny.dfy(19,18): Related message: loop invariant violation
   |
19 |     invariant l_n != 0
   |                   ^^

houdafny.dfy(20,18): Error: this loop invariant could not be proved on entry
   |
20 |     invariant l_n >= 1
   |                   ^^

houdafny.dfy(20,18): Related message: loop invariant violation
   |
20 |     invariant l_n >= 1
   |                   ^^

houdafny.dfy(21,18): Error: this loop invariant could not be proved on entry
   |
21 |     invariant l_m != 0
   |                   ^^

houdafny.dfy(21,18): Related message: loop invariant violation
   |
21 |     invariant l_m != 0
   |                   ^^

houdafny.dfy(22,18): Error: this loop invariant could not be proved on entry
   |
22 |     invariant l_m >= 1
   |                   ^^

houdafny.dfy(22,18): Related message: loop invariant violation
   |
22 |     invariant l_m >= 1
   |                   ^^

houdafny.dfy(24,18): Error: this loop invariant could not be proved on entry
   |
24 |     invariant l_a != l_n
   |                   ^^

houdafny.dfy(24,18): Related message: loop invariant violation
   |
24 |     invariant l_a != l_n
   |                   ^^

houdafny.dfy(24,18): Error: this invariant could not be proved to be maintained by the loop
   |
24 |     invariant l_a != l_n
   |                   ^^

houdafny.dfy(24,18): Related message: loop invariant violation
   |
24 |     invariant l_a != l_n
   |                   ^^

houdafny.dfy(25,18): Error: this loop invariant could not be proved on entry
   |
25 |     invariant l_a != l_m
   |                   ^^

houdafny.dfy(25,18): Related message: loop invariant violation
   |
25 |     invariant l_a != l_m
   |                   ^^

houdafny.dfy(25,18): Error: this invariant could not be proved to be maintained by the loop
   |
25 |     invariant l_a != l_m
   |                   ^^

houdafny.dfy(25,18): Related message: loop invariant violation
   |
25 |     invariant l_a != l_m
   |                   ^^

houdafny.dfy(26,18): Error: this invariant could not be proved to be maintained by the loop
   |
26 |     invariant l_a != l_x
   |                   ^^

houdafny.dfy(26,18): Related message: loop invariant violation
   |
26 |     invariant l_a != l_x
   |                   ^^

houdafny.dfy(53,18): Error: this loop invariant could not be proved on entry
   |
53 |     invariant l_a != r_a
   |                   ^^

houdafny.dfy(53,18): Related message: loop invariant violation
   |
53 |     invariant l_a != r_a
   |                   ^^

houdafny.dfy(59,18): Error: this loop invariant could not be proved on entry
   |
59 |     invariant l_x != r_a
   |                   ^^

houdafny.dfy(59,18): Related message: loop invariant violation
   |
59 |     invariant l_x != r_a
   |                   ^^

houdafny.dfy(77,20): Error: this invariant could not be proved to be maintained by the loop
   |
77 |       invariant r_a != 0
   |                     ^^

houdafny.dfy(77,20): Related message: loop invariant violation
   |
77 |       invariant r_a != 0
   |                     ^^

houdafny.dfy(83,20): Error: this invariant could not be proved to be maintained by the loop
   |
83 |       invariant l_a != r_a
   |                     ^^

houdafny.dfy(83,20): Related message: loop invariant violation
   |
83 |       invariant l_a != r_a
   |                     ^^

houdafny.dfy(85,20): Error: this invariant could not be proved to be maintained by the loop
   |
85 |       invariant l_a != r_j
   |                     ^^

houdafny.dfy(85,20): Related message: loop invariant violation
   |
85 |       invariant l_a != r_j
   |                     ^^

houdafny.dfy(87,20): Error: this invariant could not be proved to be maintained by the loop
   |
87 |       invariant l_n != r_a
   |                     ^^

houdafny.dfy(87,20): Related message: loop invariant violation
   |
87 |       invariant l_n != r_a
   |                     ^^

houdafny.dfy(90,20): Error: this invariant could not be proved to be maintained by the loop
   |
90 |       invariant l_m != r_a
   |                     ^^

houdafny.dfy(90,20): Related message: loop invariant violation
   |
90 |       invariant l_m != r_a
   |                     ^^

houdafny.dfy(91,20): Error: this invariant could not be proved to be maintained by the loop
   |
91 |       invariant l_m > r_j
   |                     ^

houdafny.dfy(91,20): Related message: loop invariant violation
   |
91 |       invariant l_m > r_j
   |                     ^

houdafny.dfy(92,20): Error: this invariant could not be proved to be maintained by the loop
   |
92 |       invariant l_x != r_a
   |                     ^^

houdafny.dfy(92,20): Related message: loop invariant violation
   |
92 |       invariant l_x != r_a
   |                     ^^

houdafny.dfy(95,20): Error: this invariant could not be proved to be maintained by the loop
   |
95 |       invariant r_a != r_i
   |                     ^^

houdafny.dfy(95,20): Related message: loop invariant violation
   |
95 |       invariant r_a != r_i
   |                     ^^

houdafny.dfy(96,20): Error: this invariant could not be proved to be maintained by the loop
   |
96 |       invariant r_a != r_j
   |                     ^^

houdafny.dfy(96,20): Related message: loop invariant violation
   |
96 |       invariant r_a != r_j
   |                     ^^


Dafny program verifier finished with 0 verified, 22 errors

Writing Dafny to houdafny.dfy...
Done
Running Dafny verification...
houdafny.dfy(35,18): Error: this loop invariant could not be proved on entry
   |
35 |     invariant l_a != 0
   |                   ^^

houdafny.dfy(35,18): Related message: loop invariant violation
   |
35 |     invariant l_a != 0
   |                   ^^

houdafny.dfy(36,18): Error: this loop invariant could not be proved on entry
   |
36 |     invariant l_n != 0
   |                   ^^

houdafny.dfy(36,18): Related message: loop invariant violation
   |
36 |     invariant l_n != 0
   |                   ^^

houdafny.dfy(37,18): Error: this loop invariant could not be proved on entry
   |
37 |     invariant l_n >= 1
   |                   ^^

houdafny.dfy(37,18): Related message: loop invariant violation
   |
37 |     invariant l_n >= 1
   |                   ^^

houdafny.dfy(38,18): Error: this loop invariant could not be proved on entry
   |
38 |     invariant l_m >= 0
   |                   ^^

houdafny.dfy(38,18): Related message: loop invariant violation
   |
38 |     invariant l_m >= 0
   |                   ^^

houdafny.dfy(40,18): Error: this loop invariant could not be proved on entry
   |
40 |     invariant r_a != 0
   |                   ^^

houdafny.dfy(40,18): Related message: loop invariant violation
   |
40 |     invariant r_a != 0
   |                   ^^

houdafny.dfy(40,18): Error: this invariant could not be proved to be maintained by the loop
   |
40 |     invariant r_a != 0
   |                   ^^

houdafny.dfy(40,18): Related message: loop invariant violation
   |
40 |     invariant r_a != 0
   |                   ^^

houdafny.dfy(42,18): Error: this loop invariant could not be proved on entry
   |
42 |     invariant l_a != l_n
   |                   ^^

houdafny.dfy(42,18): Related message: loop invariant violation
   |
42 |     invariant l_a != l_n
   |                   ^^

houdafny.dfy(43,18): Error: this loop invariant could not be proved on entry
   |
43 |     invariant l_a != l_m
   |                   ^^

houdafny.dfy(43,18): Related message: loop invariant violation
   |
43 |     invariant l_a != l_m
   |                   ^^

houdafny.dfy(44,18): Error: this loop invariant could not be proved on entry
   |
44 |     invariant l_a != l_x
   |                   ^^

houdafny.dfy(44,18): Related message: loop invariant violation
   |
44 |     invariant l_a != l_x
   |                   ^^

houdafny.dfy(45,18): Error: this invariant could not be proved to be maintained by the loop
   |
45 |     invariant l_a != r_i
   |                   ^^

houdafny.dfy(45,18): Related message: loop invariant violation
   |
45 |     invariant l_a != r_i
   |                   ^^

houdafny.dfy(46,18): Error: this loop invariant could not be proved on entry
   |
46 |     invariant l_n != r_a
   |                   ^^

houdafny.dfy(46,18): Related message: loop invariant violation
   |
46 |     invariant l_n != r_a
   |                   ^^

houdafny.dfy(46,18): Error: this invariant could not be proved to be maintained by the loop
   |
46 |     invariant l_n != r_a
   |                   ^^

houdafny.dfy(46,18): Related message: loop invariant violation
   |
46 |     invariant l_n != r_a
   |                   ^^

houdafny.dfy(47,18): Error: this invariant could not be proved to be maintained by the loop
   |
47 |     invariant l_n > r_i
   |                   ^

houdafny.dfy(47,18): Related message: loop invariant violation
   |
47 |     invariant l_n > r_i
   |                   ^

houdafny.dfy(49,18): Error: this loop invariant could not be proved on entry
   |
49 |     invariant l_m != r_a
   |                   ^^

houdafny.dfy(49,18): Related message: loop invariant violation
   |
49 |     invariant l_m != r_a
   |                   ^^

houdafny.dfy(49,18): Error: this invariant could not be proved to be maintained by the loop
   |
49 |     invariant l_m != r_a
   |                   ^^

houdafny.dfy(49,18): Related message: loop invariant violation
   |
49 |     invariant l_m != r_a
   |                   ^^

houdafny.dfy(50,18): Error: this invariant could not be proved to be maintained by the loop
   |
50 |     invariant r_a != r_i
   |                   ^^

houdafny.dfy(50,18): Related message: loop invariant violation
   |
50 |     invariant r_a != r_i
   |                   ^^

houdafny.dfy(64,20): Error: this loop invariant could not be proved on entry
   |
64 |       invariant l_m != 0
   |                     ^^

houdafny.dfy(64,20): Related message: loop invariant violation
   |
64 |       invariant l_m != 0
   |                     ^^

houdafny.dfy(77,20): Error: this invariant could not be proved to be maintained by the loop
   |
77 |       invariant l_x > r_j
   |                     ^

houdafny.dfy(77,20): Related message: loop invariant violation
   |
77 |       invariant l_x > r_j
   |                     ^


Dafny program verifier finished with 0 verified, 18 errors

Writing Dafny to houdafny.dfy...
Done
Running Dafny verification...
houdafny.dfy(37,18): Error: this loop invariant could not be proved on entry
   |
37 |     invariant l_m <= l_x
   |                   ^^

houdafny.dfy(37,18): Related message: loop invariant violation
   |
37 |     invariant l_m <= l_x
   |                   ^^

houdafny.dfy(48,20): Error: this loop invariant could not be proved on entry
   |
48 |       invariant l_a != 0
   |                     ^^

houdafny.dfy(48,20): Related message: loop invariant violation
   |
48 |       invariant l_a != 0
   |                     ^^

houdafny.dfy(51,20): Error: this loop invariant could not be proved on entry
   |
51 |       invariant l_m >= 1
   |                     ^^

houdafny.dfy(51,20): Related message: loop invariant violation
   |
51 |       invariant l_m >= 1
   |                     ^^

houdafny.dfy(55,20): Error: this loop invariant could not be proved on entry
   |
55 |       invariant l_a != l_n
   |                     ^^

houdafny.dfy(55,20): Related message: loop invariant violation
   |
55 |       invariant l_a != l_n
   |                     ^^

houdafny.dfy(56,20): Error: this loop invariant could not be proved on entry
   |
56 |       invariant l_a != l_m
   |                     ^^

houdafny.dfy(56,20): Related message: loop invariant violation
   |
56 |       invariant l_a != l_m
   |                     ^^

houdafny.dfy(57,20): Error: this loop invariant could not be proved on entry
   |
57 |       invariant l_a != l_x
   |                     ^^

houdafny.dfy(57,20): Related message: loop invariant violation
   |
57 |       invariant l_a != l_x
   |                     ^^

houdafny.dfy(58,20): Error: this loop invariant could not be proved on entry
   |
58 |       invariant l_a != r_i
   |                     ^^

houdafny.dfy(58,20): Related message: loop invariant violation
   |
58 |       invariant l_a != r_i
   |                     ^^

houdafny.dfy(69,8): Error: assertion might not hold
   |
69 |   assert(forall i: int, j: int :: (read(l_a, (i * l_n) + j) == read(read(r_a, i), j)));
   |         ^^^^^^^^^^^^^^^^^^^^^^^^^^^^^^^^^^^^^^^^^^^^^^^^^^^^^^^^^^^^^^^^^^^^^^^^^^^^^^


Dafny program verifier finished with 0 verified, 8 errors

Writing Dafny to houdafny.dfy...
Done
Running Dafny verification...
houdafny.dfy(49,20): Error: this loop invariant could not be proved on entry
   |
49 |       invariant l_x != 0
   |                     ^^

houdafny.dfy(49,20): Related message: loop invariant violation
   |
49 |       invariant l_x != 0
   |                     ^^

houdafny.dfy(52,20): Error: this loop invariant could not be proved on entry
   |
52 |       invariant l_n <= l_x
   |                     ^^

houdafny.dfy(52,20): Related message: loop invariant violation
   |
52 |       invariant l_n <= l_x
   |                     ^^

houdafny.dfy(62,8): Error: assertion might not hold
   |
62 |   assert(forall i: int, j: int :: (read(l_a, (i * l_n) + j) == read(read(r_a, i), j)));
   |         ^^^^^^^^^^^^^^^^^^^^^^^^^^^^^^^^^^^^^^^^^^^^^^^^^^^^^^^^^^^^^^^^^^^^^^^^^^^^^^


Dafny program verifier finished with 0 verified, 3 errors

Writing Dafny to houdafny.dfy...
Done
Running Dafny verification...
houdafny.dfy(53,20): Error: this loop invariant could not be proved on entry
   |
53 |       invariant l_x > r_i
   |                     ^

houdafny.dfy(53,20): Related message: loop invariant violation
   |
53 |       invariant l_x > r_i
   |                     ^

houdafny.dfy(60,8): Error: assertion might not hold
   |
60 |   assert(forall i: int, j: int :: (read(l_a, (i * l_n) + j) == read(read(r_a, i), j)));
   |         ^^^^^^^^^^^^^^^^^^^^^^^^^^^^^^^^^^^^^^^^^^^^^^^^^^^^^^^^^^^^^^^^^^^^^^^^^^^^^^


Dafny program verifier finished with 0 verified, 2 errors

Writing Dafny to houdafny.dfy...
Done
Running Dafny verification...
houdafny.dfy(59,8): Error: assertion might not hold
   |
59 |   assert(forall i: int, j: int :: (read(l_a, (i * l_n) + j) == read(read(r_a, i), j)));
   |         ^^^^^^^^^^^^^^^^^^^^^^^^^^^^^^^^^^^^^^^^^^^^^^^^^^^^^^^^^^^^^^^^^^^^^^^^^^^^^^


Dafny program verifier finished with 0 verified, 1 error

Writing output to ./results/alignments/dafny/antonopoulos/unaligned/loop-tiling-una.dfy...
Done

Per-Task Times (ms)
-------------------
align-none: 0
aligned-crel: 0
invars-daikon: 1049
houdafny: 11371
aligned-output: 0
write-product: 0

KestRel completed in 12420ms
Verified: false

real	0m12.445s
user	0m13.756s
sys	0m0.782s
