Treating naive product as final alignment.
Writing Daikon to daikon_output.c...
Done
Compiling Daikon output...
Running Kvasir...
==29859== kvasir-5.8.18, C/C++ Language Front-End for Daikon with DynComp comparability analysis tool.
==29859== Copyright (C) 2007-2022, University of Washington CSE PLSE Group
==29859== Using Valgrind-3.19.0.Fjalar and LibVEX; rerun with -h for copyright info
==29859== Command: ./daikon_output
==29859== 
==29859== 
==29859== For lists of detected and suppressed errors, rerun with: -s
==29859== ERROR SUMMARY: 0 errors from 0 contexts (suppressed: 0 from 0)
Running Daikon...
Writing Dafny to houdafny.dfy...
Done
Running Dafny verification...
houdafny.dfy(11,18): Error: this loop invariant could not be proved on entry
   |
11 |     invariant l_y != 0
   |                   ^^

houdafny.dfy(11,18): Related message: loop invariant violation
   |
11 |     invariant l_y != 0
   |                   ^^

houdafny.dfy(13,18): Error: this loop invariant could not be proved on entry
   |
13 |     invariant l_y != l_z
   |                   ^^

houdafny.dfy(13,18): Related message: loop invariant violation
   |
13 |     invariant l_y != l_z
   |                   ^^

houdafny.dfy(26,18): Error: this loop invariant could not be proved on entry
   |
26 |     invariant l_y == 4
   |                   ^^

houdafny.dfy(26,18): Related message: loop invariant violation
   |
26 |     invariant l_y == 4
   |                   ^^

houdafny.dfy(29,18): Error: this loop invariant could not be proved on entry
   |
29 |     invariant l_w != 0
   |                   ^^

houdafny.dfy(29,18): Related message: loop invariant violation
   |
29 |     invariant l_w != 0
   |                   ^^

houdafny.dfy(34,18): Error: this loop invariant could not be proved on entry
   |
34 |     invariant l_y < r_y
   |                   ^

houdafny.dfy(34,18): Related message: loop invariant violation
   |
34 |     invariant l_y < r_y
   |                   ^

houdafny.dfy(34,18): Error: this invariant could not be proved to be maintained by the loop
   |
34 |     invariant l_y < r_y
   |                   ^

houdafny.dfy(34,18): Related message: loop invariant violation
   |
34 |     invariant l_y < r_y
   |                   ^

houdafny.dfy(35,18): Error: this loop invariant could not be proved on entry
   |
35 |     invariant l_z != r_y
   |                   ^^

houdafny.dfy(35,18): Related message: loop invariant violation
   |
35 |     invariant l_z != r_y
   |                   ^^

houdafny.dfy(35,18): Error: this invariant could not be proved to be maintained by the loop
   |
35 |     invariant l_z != r_y
   |                   ^^

houdafny.dfy(35,18): Related message: loop invariant violation
   |
35 |     invariant l_z != r_y
   |                   ^^


Dafny program verifier finished with 0 verified, 8 errors

Writing Dafny to houdafny.dfy...
Done
Running Dafny verification...
houdafny.dfy(25,18): Error: this loop invariant could not be proved on entry
   |
25 |     invariant l_y >= 4
   |                   ^^

houdafny.dfy(25,18): Related message: loop invariant violation
   |
25 |     invariant l_y >= 4
   |                   ^^

houdafny.dfy(26,18): Error: this loop invariant could not be proved on entry
   |
26 |     invariant l_w >= 1
   |                   ^^

houdafny.dfy(26,18): Related message: loop invariant violation
   |
26 |     invariant l_w >= 1
   |                   ^^

houdafny.dfy(27,18): Error: this loop invariant could not be proved on entry
   |
27 |     invariant r_y != 0
   |                   ^^

houdafny.dfy(27,18): Related message: loop invariant violation
   |
27 |     invariant r_y != 0
   |                   ^^

houdafny.dfy(29,18): Error: this loop invariant could not be proved on entry
   |
29 |     invariant l_y != l_z
   |                   ^^

houdafny.dfy(29,18): Related message: loop invariant violation
   |
29 |     invariant l_y != l_z
   |                   ^^

houdafny.dfy(37,8): Error: assertion might not hold
   |
37 |   assert(l_z > r_z);
   |         ^^^^^^^^^^^


Dafny program verifier finished with 0 verified, 5 errors

Writing Dafny to houdafny.dfy...
Done
Running Dafny verification...
houdafny.dfy(33,8): Error: assertion might not hold
   |
33 |   assert(l_z > r_z);
   |         ^^^^^^^^^^^


Dafny program verifier finished with 0 verified, 1 error

Writing output to ./results/alignments/dafny/antonopoulos/unaligned/naumann-una.dfy...
Done

Per-Task Times (ms)
-------------------
align-none: 0
aligned-crel: 0
invars-daikon: 902
houdafny: 5078
aligned-output: 0
write-product: 0

KestRel completed in 5981ms
Verified: false

real	0m6.002s
user	0m6.832s
sys	0m0.433s
