Treating naive product as final alignment.
Writing Daikon to daikon_output.c...
Done
Compiling Daikon output...
Running Kvasir...
==30282== kvasir-5.8.18, C/C++ Language Front-End for Daikon with DynComp comparability analysis tool.
==30282== Copyright (C) 2007-2022, University of Washington CSE PLSE Group
==30282== Using Valgrind-3.19.0.Fjalar and LibVEX; rerun with -h for copyright info
==30282== Command: ./daikon_output
==30282== 
==30282== 
==30282== For lists of detected and suppressed errors, rerun with: -s
==30282== ERROR SUMMARY: 0 errors from 0 contexts (suppressed: 0 from 0)
Running Daikon...
Writing Dafny to houdafny.dfy...
Done
Running Dafny verification...
houdafny.dfy(20,18): Error: this loop invariant could not be proved on entry
   |
20 |     invariant l_x != 0
   |                   ^^

houdafny.dfy(20,18): Related message: loop invariant violation
   |
20 |     invariant l_x != 0
   |                   ^^

houdafny.dfy(21,18): Error: this loop invariant could not be proved on entry
   |
21 |     invariant l_i != 0
   |                   ^^

houdafny.dfy(21,18): Related message: loop invariant violation
   |
21 |     invariant l_i != 0
   |                   ^^

houdafny.dfy(24,18): Error: this invariant could not be proved to be maintained by the loop
   |
24 |     invariant l_i > r_i
   |                   ^

houdafny.dfy(24,18): Related message: loop invariant violation
   |
24 |     invariant l_i > r_i
   |                   ^

houdafny.dfy(29,8): Error: assertion might not hold
   |
29 |   assert(l_x == r_x);
   |         ^^^^^^^^^^^^


Dafny program verifier finished with 0 verified, 4 errors

Writing Dafny to houdafny.dfy...
Done
Running Dafny verification...
houdafny.dfy(26,8): Error: assertion might not hold
   |
26 |   assert(l_x == r_x);
   |         ^^^^^^^^^^^^


Dafny program verifier finished with 0 verified, 1 error

Writing output to ./results/alignments/dafny/antonopoulos/unaligned/simple-una.dfy...
Done

Per-Task Times (ms)
-------------------
align-none: 0
aligned-crel: 0
invars-daikon: 812
houdafny: 3351
aligned-output: 0
write-product: 0

KestRel completed in 4163ms
Verified: false

real	0m4.184s
user	0m5.009s
sys	0m0.249s
