
Unaligned Product Program
--------------------------

void main(int l_n, int r_n) {
  int l_x = 0;
  int l_i = 0;
  while (l_i <= l_n) {
    l_x = (l_x + l_i);
    l_i = (l_i + 1);
  }
  int r_y = 0;
  int r_j = 1;
  while (r_j <= r_n) {
    r_y = (r_y + r_j);
    r_j = (r_j + 1);
  }
 }

--------------------------

Unaligned Eggroll
--------------------------
(fundef
  (specifiers (type void))
  main
  (params
    (param-declaration (specifiers (type int)) l_n)
    (param-declaration (specifiers (type int)) r_n))
  (<|>
    (seq
      (basic-block
        (declaration (specifiers (type int)) l_x (initializer (const-int 0)))
        (declaration (specifiers (type int)) l_i (initializer (const-int 0))))
      (while
        (<= l_i l_n)
        (basic-block (= l_x (+ l_x l_i)) (= l_i (+ l_i (const-int 1))))))
    (seq
      (basic-block
        (declaration (specifiers (type int)) r_y (initializer (const-int 0)))
        (declaration (specifiers (type int)) r_j (initializer (const-int 1))))
      (while
        (<= r_j r_n)
        (basic-block (= r_y (+ r_y r_j)) (= r_j (+ r_j (const-int 1))))))))
--------------------------
Computed alignment by local loop counting.

Aligned Eggroll
--------------------------
(fundef
  (specifiers (type void))
  main
  (params
    (param-declaration (specifiers (type int)) l_n)
    (param-declaration (specifiers (type int)) r_n))
  (seq
    (<|>
      (basic-block
        (declaration (specifiers (type int)) l_x (initializer (const-int 0)))
        (declaration (specifiers (type int)) l_i (initializer (const-int 0))))
      (basic-block
        (declaration (specifiers (type int)) r_y (initializer (const-int 0)))
        (declaration (specifiers (type int)) r_j (initializer (const-int 1)))))
    (while-lockstep
      0
      0
      (<= l_i l_n)
      (<= r_j r_n)
      (basic-block (= l_x (+ l_x l_i)) (= l_i (+ l_i (const-int 1))))
      (basic-block (= r_y (+ r_y r_j)) (= r_j (+ r_j (const-int 1))))
      (<|>
        (basic-block (= l_x (+ l_x l_i)) (= l_i (+ l_i (const-int 1))))
        (basic-block (= r_y (+ r_y r_j)) (= r_j (+ r_j (const-int 1))))))))
--------------------------

Aligned Product Program
--------------------------
#include "seahorn/seahorn.h"
extern int arb_int();

void main() {
  int l_n = arb_int();
  int r_n = arb_int();
  assume((l_n == r_n) && ((l_n > 0) && (l_n < 100000)));
  int l_x = 0;
  int l_i = 0;
  int r_y = 0;
  int r_j = 1;
  while ((l_i <= l_n) && (r_j <= r_n)) {
    l_x = (l_x + l_i);
    l_i = (l_i + 1);
    r_y = (r_y + r_j);
    r_j = (r_j + 1);
  }
  while (l_i <= l_n) {
    assume(!(r_j <= r_n));
    l_x = (l_x + l_i);
    l_i = (l_i + 1);
  }
  while (r_j <= r_n) {
    assume(!(l_i <= l_n));
    r_y = (r_y + r_j);
    r_j = (r_j + 1);
  }
  sassert(l_x == r_y);
 }

--------------------------
Writing output to ./results/alignments/icra/count-loops/BCK2011_gauss-cou.c...
Done

real	0m0.025s
user	0m0.018s
sys	0m0.007s
