
Beginning Iteration
-------------------
add_unrolls: false
depth: 1
cost function: optimize_structure
Treating naive product as final alignment.
  UNSATISFIABLE ASSERTION Assert at sketch.sk:106 (2)

*** Rejected
    [0;31m[1751870732.7100 - ERROR] [SKETCH] Sketch Not Resolved Error:   UNSATISFIABLE ASSERTION Assert at sketch.sk:106 (2)

*** Rejected
The sketch could not be resolved.[0m
    [0;32m[1751870732.7180 - DEBUG] [SKETCH] stack trace written to file: /home/rob/.sketch/tmp/stacktrace.txt[0m
    [0;32m[1751870732.7181 - DEBUG] Backend solver input file at /home/rob/.sketch/tmp/sketch.sk/input0.tmp[0m
Failed to solve sketch.

Beginning Iteration
-------------------
add_unrolls: false
depth: 1
cost function: optimize_choice
Treating naive product as final alignment.
  UNSATISFIABLE ASSERTION Assert at sketch.sk:106 (2)

*** Rejected
    [0;31m[1751870736.1090 - ERROR] [SKETCH] Sketch Not Resolved Error:   UNSATISFIABLE ASSERTION Assert at sketch.sk:106 (2)

*** Rejected
The sketch could not be resolved.[0m
    [0;32m[1751870736.1170 - DEBUG] [SKETCH] stack trace written to file: /home/rob/.sketch/tmp/stacktrace.txt[0m
    [0;32m[1751870736.1171 - DEBUG] Backend solver input file at /home/rob/.sketch/tmp/sketch.sk/input0.tmp[0m
Failed to solve sketch.

Beginning Iteration
-------------------
add_unrolls: true
depth: 1
cost function: optimize_structure
Treating naive product as final alignment.
  UNSATISFIABLE ASSERTION Assert at sketch.sk:106 (2)

*** Rejected
    [0;31m[1751870737.4880 - ERROR] [SKETCH] Sketch Not Resolved Error:   UNSATISFIABLE ASSERTION Assert at sketch.sk:106 (2)

*** Rejected
The sketch could not be resolved.[0m
    [0;32m[1751870737.4950 - DEBUG] [SKETCH] stack trace written to file: /home/rob/.sketch/tmp/stacktrace.txt[0m
    [0;32m[1751870737.4951 - DEBUG] Backend solver input file at /home/rob/.sketch/tmp/sketch.sk/input0.tmp[0m
Failed to solve sketch.

Beginning Iteration
-------------------
add_unrolls: true
depth: 1
cost function: optimize_choice
Treating naive product as final alignment.
  UNSATISFIABLE ASSERTION Assert at sketch.sk:106 (2)

*** Rejected
    [0;31m[1751870738.8570 - ERROR] [SKETCH] Sketch Not Resolved Error:   UNSATISFIABLE ASSERTION Assert at sketch.sk:106 (2)

*** Rejected
The sketch could not be resolved.[0m
    [0;32m[1751870738.8640 - DEBUG] [SKETCH] stack trace written to file: /home/rob/.sketch/tmp/stacktrace.txt[0m
    [0;32m[1751870738.8641 - DEBUG] Backend solver input file at /home/rob/.sketch/tmp/sketch.sk/input0.tmp[0m
Failed to solve sketch.

Beginning Iteration
-------------------
add_unrolls: false
depth: 2
cost function: optimize_structure
Treating naive product as final alignment.


*** Rejected
    [0;31m[1751870740.3150 - ERROR] [SKETCH] Sketch Not Resolved Error: 

*** Rejected
The sketch could not be resolved.[0m
    [0;32m[1751870740.3330 - DEBUG] [SKETCH] stack trace written to file: /home/rob/.sketch/tmp/stacktrace.txt[0m
    [0;32m[1751870740.3331 - DEBUG] Backend solver input file at /home/rob/.sketch/tmp/sketch.sk/input0.tmp[0m
Failed to solve sketch.

Beginning Iteration
-------------------
add_unrolls: false
depth: 2
cost function: optimize_choice
Treating naive product as final alignment.


*** Rejected
    [0;31m[1751870741.7470 - ERROR] [SKETCH] Sketch Not Resolved Error: 

*** Rejected
The sketch could not be resolved.[0m
    [0;32m[1751870741.7550 - DEBUG] [SKETCH] stack trace written to file: /home/rob/.sketch/tmp/stacktrace.txt[0m
    [0;32m[1751870741.7551 - DEBUG] Backend solver input file at /home/rob/.sketch/tmp/sketch.sk/input0.tmp[0m
Failed to solve sketch.

Beginning Iteration
-------------------
add_unrolls: true
depth: 2
cost function: optimize_structure
Treating naive product as final alignment.


*** Rejected
    [0;31m[1751870743.1640 - ERROR] [SKETCH] Sketch Not Resolved Error: 

*** Rejected
The sketch could not be resolved.[0m
    [0;32m[1751870743.1710 - DEBUG] [SKETCH] stack trace written to file: /home/rob/.sketch/tmp/stacktrace.txt[0m
    [0;32m[1751870743.1711 - DEBUG] Backend solver input file at /home/rob/.sketch/tmp/sketch.sk/input0.tmp[0m
Failed to solve sketch.

Beginning Iteration
-------------------
add_unrolls: true
depth: 2
cost function: optimize_choice
Treating naive product as final alignment.


*** Rejected
    [0;31m[1751870744.6020 - ERROR] [SKETCH] Sketch Not Resolved Error: 

*** Rejected
The sketch could not be resolved.[0m
    [0;32m[1751870744.6110 - DEBUG] [SKETCH] stack trace written to file: /home/rob/.sketch/tmp/stacktrace.txt[0m
    [0;32m[1751870744.6111 - DEBUG] Backend solver input file at /home/rob/.sketch/tmp/sketch.sk/input0.tmp[0m
Failed to solve sketch.

Beginning Iteration
-------------------
add_unrolls: false
depth: 3
cost function: optimize_structure
Treating naive product as final alignment.
Writing Daikon to /home/rob/code/kestrel/.kestrel-work/daikon_output.c...
Done
Compiling Daikon output...
Running Kvasir...
==309914== kvasir-5.8.18, C/C++ Language Front-End for Daikon with DynComp comparability analysis tool.
==309914== Copyright (C) 2007-2022, University of Washington CSE PLSE Group
==309914== Using Valgrind-3.19.0.Fjalar and LibVEX; rerun with -h for copyright info
==309914== Command: /home/rob/code/kestrel/.kestrel-work/daikon_output
==309914== 
==309921== 
==309921== For lists of detected and suppressed errors, rerun with: -s
==309921== ERROR SUMMARY: 0 errors from 0 contexts (suppressed: 0 from 0)
==309922== 
==309922== For lists of detected and suppressed errors, rerun with: -s
==309922== ERROR SUMMARY: 0 errors from 0 contexts (suppressed: 0 from 0)
==309923== 
==309923== For lists of detected and suppressed errors, rerun with: -s
==309923== ERROR SUMMARY: 0 errors from 0 contexts (suppressed: 0 from 0)
==309924== 
==309924== For lists of detected and suppressed errors, rerun with: -s
==309924== ERROR SUMMARY: 0 errors from 0 contexts (suppressed: 0 from 0)
==309925== 
==309925== For lists of detected and suppressed errors, rerun with: -s
==309925== ERROR SUMMARY: 0 errors from 0 contexts (suppressed: 0 from 0)
==309926== 
==309926== For lists of detected and suppressed errors, rerun with: -s
==309926== ERROR SUMMARY: 0 errors from 0 contexts (suppressed: 0 from 0)
==309927== 
==309927== For lists of detected and suppressed errors, rerun with: -s
==309927== ERROR SUMMARY: 0 errors from 0 contexts (suppressed: 0 from 0)
==309928== 
==309928== For lists of detected and suppressed errors, rerun with: -s
==309928== ERROR SUMMARY: 0 errors from 0 contexts (suppressed: 0 from 0)
==309929== 
==309929== For lists of detected and suppressed errors, rerun with: -s
==309929== ERROR SUMMARY: 0 errors from 0 contexts (suppressed: 0 from 0)
==309930== 
==309930== For lists of detected and suppressed errors, rerun with: -s
==309930== ERROR SUMMARY: 0 errors from 0 contexts (suppressed: 0 from 0)
==309931== 
==309931== For lists of detected and suppressed errors, rerun with: -s
==309931== ERROR SUMMARY: 0 errors from 0 contexts (suppressed: 0 from 0)
==309932== 
==309932== For lists of detected and suppressed errors, rerun with: -s
==309932== ERROR SUMMARY: 0 errors from 0 contexts (suppressed: 0 from 0)
==309933== 
==309933== For lists of detected and suppressed errors, rerun with: -s
==309933== ERROR SUMMARY: 0 errors from 0 contexts (suppressed: 0 from 0)
==309934== 
==309934== For lists of detected and suppressed errors, rerun with: -s
==309934== ERROR SUMMARY: 0 errors from 0 contexts (suppressed: 0 from 0)
==309935== 
==309935== For lists of detected and suppressed errors, rerun with: -s
==309935== ERROR SUMMARY: 0 errors from 0 contexts (suppressed: 0 from 0)
==309936== 
==309936== For lists of detected and suppressed errors, rerun with: -s
==309936== ERROR SUMMARY: 0 errors from 0 contexts (suppressed: 0 from 0)
==309937== 
==309937== For lists of detected and suppressed errors, rerun with: -s
==309937== ERROR SUMMARY: 0 errors from 0 contexts (suppressed: 0 from 0)
==309938== 
==309938== For lists of detected and suppressed errors, rerun with: -s
==309938== ERROR SUMMARY: 0 errors from 0 contexts (suppressed: 0 from 0)
==309939== 
==309939== For lists of detected and suppressed errors, rerun with: -s
==309939== ERROR SUMMARY: 0 errors from 0 contexts (suppressed: 0 from 0)
==309940== 
==309940== For lists of detected and suppressed errors, rerun with: -s
==309940== ERROR SUMMARY: 0 errors from 0 contexts (suppressed: 0 from 0)
==309914== 
==309914== For lists of detected and suppressed errors, rerun with: -s
==309914== ERROR SUMMARY: 0 errors from 0 contexts (suppressed: 0 from 0)
Running Daikon...
houdafny.dfy(15,2): Warning: assume statement has no {:axiom} annotation
   |
15 |   assume (l_size + 1) == l_a.Length;
   |   ^^^^^^^^^^^^^^^^^^^^^^^^^^^^^^^^^^

houdafny.dfy(16,2): Warning: assume statement has no {:axiom} annotation
   |
16 |   assume (r_size + 1) == r_a.Length;
   |   ^^^^^^^^^^^^^^^^^^^^^^^^^^^^^^^^^^

houdafny.dfy(17,2): Warning: assume statement has no {:axiom} annotation
   |
17 |   assume l_a != r_a;
   |   ^^^^^^^^^^^^^^^^^^

houdafny.dfy(18,2): Warning: assume statement has no {:axiom} annotation
   |
18 |   assume (l_size == r_size) && ((l_size > 0) && forall arr_eq_n: nat :: (((arr_eq_n < l_a.Length) && (arr_eq_n < r_a.Length)) ==> (l_a[arr_eq_n] == r_a[arr_eq_n])));
   |   ^^^^^^^^^^^^^^^^^^^^^^^^^^^^^^^^^^^^^^^^^^^^^^^^^^^^^^^^^^^^^^^^^^^^^^^^^^^^^^^^^^^^^^^^^^^^^^^^^^^^^^^^^^^^^^^^^^^^^^^^^^^^^^^^^^^^^^^^^^^^^^^^^^^^^^^^^^^^^^^^^^^

houdafny.dfy(36,4): Warning: assume statement has no {:axiom} annotation
   |
36 |     assume ((!(l_max < l_a[l_i])) || (l_cmp < 10)) && (((!(l_max == l_a[l_i])) || (l_cmp == 10)) && ((!(l_max > l_a[l_i])) || (l_cmp > 10)));
   |     ^^^^^^^^^^^^^^^^^^^^^^^^^^^^^^^^^^^^^^^^^^^^^^^^^^^^^^^^^^^^^^^^^^^^^^^^^^^^^^^^^^^^^^^^^^^^^^^^^^^^^^^^^^^^^^^^^^^^^^^^^^^^^^^^^^^^^^^^^

houdafny.dfy(63,18): Error: this loop invariant could not be proved on entry
 Related message: loop invariant violation
   |
63 |     invariant l_t == 0
   |               ^^^^^^^^

houdafny.dfy(68,18): Error: this invariant could not be proved to be maintained by the loop
 Related message: loop invariant violation
   |
68 |     invariant r_t == 0
   |               ^^^^^^^^

houdafny.dfy(72,18): Error: this invariant could not be proved to be maintained by the loop
 Related message: loop invariant violation
   |
72 |     invariant l_i > r_j
   |               ^^^^^^^^^


Dafny program verifier finished with 0 verified, 3 errors

houdafny.dfy(15,2): Warning: assume statement has no {:axiom} annotation
   |
15 |   assume (l_size + 1) == l_a.Length;
   |   ^^^^^^^^^^^^^^^^^^^^^^^^^^^^^^^^^^

houdafny.dfy(16,2): Warning: assume statement has no {:axiom} annotation
   |
16 |   assume (r_size + 1) == r_a.Length;
   |   ^^^^^^^^^^^^^^^^^^^^^^^^^^^^^^^^^^

houdafny.dfy(17,2): Warning: assume statement has no {:axiom} annotation
   |
17 |   assume l_a != r_a;
   |   ^^^^^^^^^^^^^^^^^^

houdafny.dfy(18,2): Warning: assume statement has no {:axiom} annotation
   |
18 |   assume (l_size == r_size) && ((l_size > 0) && forall arr_eq_n: nat :: (((arr_eq_n < l_a.Length) && (arr_eq_n < r_a.Length)) ==> (l_a[arr_eq_n] == r_a[arr_eq_n])));
   |   ^^^^^^^^^^^^^^^^^^^^^^^^^^^^^^^^^^^^^^^^^^^^^^^^^^^^^^^^^^^^^^^^^^^^^^^^^^^^^^^^^^^^^^^^^^^^^^^^^^^^^^^^^^^^^^^^^^^^^^^^^^^^^^^^^^^^^^^^^^^^^^^^^^^^^^^^^^^^^^^^^^^

houdafny.dfy(36,4): Warning: assume statement has no {:axiom} annotation
   |
36 |     assume ((!(l_max < l_a[l_i])) || (l_cmp < 10)) && (((!(l_max == l_a[l_i])) || (l_cmp == 10)) && ((!(l_max > l_a[l_i])) || (l_cmp > 10)));
   |     ^^^^^^^^^^^^^^^^^^^^^^^^^^^^^^^^^^^^^^^^^^^^^^^^^^^^^^^^^^^^^^^^^^^^^^^^^^^^^^^^^^^^^^^^^^^^^^^^^^^^^^^^^^^^^^^^^^^^^^^^^^^^^^^^^^^^^^^^^

houdafny.dfy(63,18): Error: this loop invariant could not be proved on entry
 Related message: loop invariant violation
   |
63 |     invariant l_t <= 0
   |               ^^^^^^^^

houdafny.dfy(64,18): Error: this loop invariant could not be proved on entry
 Related message: loop invariant violation
   |
64 |     invariant l_t >= 0
   |               ^^^^^^^^

houdafny.dfy(67,18): Error: this invariant could not be proved to be maintained by the loop
 Related message: loop invariant violation
   |
67 |     invariant r_t <= 0
   |               ^^^^^^^^

houdafny.dfy(68,18): Error: this invariant could not be proved to be maintained by the loop
 Related message: loop invariant violation
   |
68 |     invariant r_t >= 0
   |               ^^^^^^^^

houdafny.dfy(90,2): Error: assertion might not hold
   |
90 |   assert forall arr_eq_n: nat :: (((arr_eq_n < l_a.Length) && (arr_eq_n < r_a.Length)) ==> (l_a[arr_eq_n] == r_a[arr_eq_n]));
   |   ^^^^^^^^^^^^^^^^^^^^^^^^^^^^^^^^^^^^^^^^^^^^^^^^^^^^^^^^^^^^^^^^^^^^^^^^^^^^^^^^^^^^^^^^^^^^^^^^^^^^^^^^^^^^^^^^^^^^^^^^^^^


Dafny program verifier finished with 0 verified, 5 errors

houdafny.dfy(15,2): Warning: assume statement has no {:axiom} annotation
   |
15 |   assume (l_size + 1) == l_a.Length;
   |   ^^^^^^^^^^^^^^^^^^^^^^^^^^^^^^^^^^

houdafny.dfy(16,2): Warning: assume statement has no {:axiom} annotation
   |
16 |   assume (r_size + 1) == r_a.Length;
   |   ^^^^^^^^^^^^^^^^^^^^^^^^^^^^^^^^^^

houdafny.dfy(17,2): Warning: assume statement has no {:axiom} annotation
   |
17 |   assume l_a != r_a;
   |   ^^^^^^^^^^^^^^^^^^

houdafny.dfy(18,2): Warning: assume statement has no {:axiom} annotation
   |
18 |   assume (l_size == r_size) && ((l_size > 0) && forall arr_eq_n: nat :: (((arr_eq_n < l_a.Length) && (arr_eq_n < r_a.Length)) ==> (l_a[arr_eq_n] == r_a[arr_eq_n])));
   |   ^^^^^^^^^^^^^^^^^^^^^^^^^^^^^^^^^^^^^^^^^^^^^^^^^^^^^^^^^^^^^^^^^^^^^^^^^^^^^^^^^^^^^^^^^^^^^^^^^^^^^^^^^^^^^^^^^^^^^^^^^^^^^^^^^^^^^^^^^^^^^^^^^^^^^^^^^^^^^^^^^^^

houdafny.dfy(36,4): Warning: assume statement has no {:axiom} annotation
   |
36 |     assume ((!(l_max < l_a[l_i])) || (l_cmp < 10)) && (((!(l_max == l_a[l_i])) || (l_cmp == 10)) && ((!(l_max > l_a[l_i])) || (l_cmp > 10)));
   |     ^^^^^^^^^^^^^^^^^^^^^^^^^^^^^^^^^^^^^^^^^^^^^^^^^^^^^^^^^^^^^^^^^^^^^^^^^^^^^^^^^^^^^^^^^^^^^^^^^^^^^^^^^^^^^^^^^^^^^^^^^^^^^^^^^^^^^^^^^

houdafny.dfy(86,2): Error: assertion might not hold
   |
86 |   assert forall arr_eq_n: nat :: (((arr_eq_n < l_a.Length) && (arr_eq_n < r_a.Length)) ==> (l_a[arr_eq_n] == r_a[arr_eq_n]));
   |   ^^^^^^^^^^^^^^^^^^^^^^^^^^^^^^^^^^^^^^^^^^^^^^^^^^^^^^^^^^^^^^^^^^^^^^^^^^^^^^^^^^^^^^^^^^^^^^^^^^^^^^^^^^^^^^^^^^^^^^^^^^^


Dafny program verifier finished with 0 verified, 1 error


Beginning Iteration
-------------------
add_unrolls: false
depth: 3
cost function: optimize_choice
Treating naive product as final alignment.
Writing Daikon to /home/rob/code/kestrel/.kestrel-work/daikon_output.c...
Done
Compiling Daikon output...
Running Kvasir...
==310167== kvasir-5.8.18, C/C++ Language Front-End for Daikon with DynComp comparability analysis tool.
==310167== Copyright (C) 2007-2022, University of Washington CSE PLSE Group
==310167== Using Valgrind-3.19.0.Fjalar and LibVEX; rerun with -h for copyright info
==310167== Command: /home/rob/code/kestrel/.kestrel-work/daikon_output
==310167== 
==310168== 
==310168== For lists of detected and suppressed errors, rerun with: -s
==310168== ERROR SUMMARY: 0 errors from 0 contexts (suppressed: 0 from 0)
==310169== 
==310169== For lists of detected and suppressed errors, rerun with: -s
==310169== ERROR SUMMARY: 0 errors from 0 contexts (suppressed: 0 from 0)
==310170== 
==310170== For lists of detected and suppressed errors, rerun with: -s
==310170== ERROR SUMMARY: 0 errors from 0 contexts (suppressed: 0 from 0)
==310171== 
==310171== For lists of detected and suppressed errors, rerun with: -s
==310171== ERROR SUMMARY: 0 errors from 0 contexts (suppressed: 0 from 0)
==310172== 
==310172== For lists of detected and suppressed errors, rerun with: -s
==310172== ERROR SUMMARY: 0 errors from 0 contexts (suppressed: 0 from 0)
==310173== 
==310173== For lists of detected and suppressed errors, rerun with: -s
==310173== ERROR SUMMARY: 0 errors from 0 contexts (suppressed: 0 from 0)
==310174== 
==310174== For lists of detected and suppressed errors, rerun with: -s
==310174== ERROR SUMMARY: 0 errors from 0 contexts (suppressed: 0 from 0)
==310175== 
==310175== For lists of detected and suppressed errors, rerun with: -s
==310175== ERROR SUMMARY: 0 errors from 0 contexts (suppressed: 0 from 0)
==310176== 
==310176== For lists of detected and suppressed errors, rerun with: -s
==310176== ERROR SUMMARY: 0 errors from 0 contexts (suppressed: 0 from 0)
==310177== 
==310177== For lists of detected and suppressed errors, rerun with: -s
==310177== ERROR SUMMARY: 0 errors from 0 contexts (suppressed: 0 from 0)
==310178== 
==310178== For lists of detected and suppressed errors, rerun with: -s
==310178== ERROR SUMMARY: 0 errors from 0 contexts (suppressed: 0 from 0)
==310179== 
==310179== For lists of detected and suppressed errors, rerun with: -s
==310179== ERROR SUMMARY: 0 errors from 0 contexts (suppressed: 0 from 0)
==310180== 
==310180== For lists of detected and suppressed errors, rerun with: -s
==310180== ERROR SUMMARY: 0 errors from 0 contexts (suppressed: 0 from 0)
==310181== 
==310181== For lists of detected and suppressed errors, rerun with: -s
==310181== ERROR SUMMARY: 0 errors from 0 contexts (suppressed: 0 from 0)
==310182== 
==310182== For lists of detected and suppressed errors, rerun with: -s
==310182== ERROR SUMMARY: 0 errors from 0 contexts (suppressed: 0 from 0)
==310183== 
==310183== For lists of detected and suppressed errors, rerun with: -s
==310183== ERROR SUMMARY: 0 errors from 0 contexts (suppressed: 0 from 0)
==310184== 
==310184== For lists of detected and suppressed errors, rerun with: -s
==310184== ERROR SUMMARY: 0 errors from 0 contexts (suppressed: 0 from 0)
==310185== 
==310185== For lists of detected and suppressed errors, rerun with: -s
==310185== ERROR SUMMARY: 0 errors from 0 contexts (suppressed: 0 from 0)
==310186== 
==310186== For lists of detected and suppressed errors, rerun with: -s
==310186== ERROR SUMMARY: 0 errors from 0 contexts (suppressed: 0 from 0)
==310187== 
==310187== For lists of detected and suppressed errors, rerun with: -s
==310187== ERROR SUMMARY: 0 errors from 0 contexts (suppressed: 0 from 0)
==310167== 
==310167== For lists of detected and suppressed errors, rerun with: -s
==310167== ERROR SUMMARY: 0 errors from 0 contexts (suppressed: 0 from 0)
Running Daikon...
houdafny.dfy(15,2): Warning: assume statement has no {:axiom} annotation
   |
15 |   assume (l_size + 1) == l_a.Length;
   |   ^^^^^^^^^^^^^^^^^^^^^^^^^^^^^^^^^^

houdafny.dfy(16,2): Warning: assume statement has no {:axiom} annotation
   |
16 |   assume (r_size + 1) == r_a.Length;
   |   ^^^^^^^^^^^^^^^^^^^^^^^^^^^^^^^^^^

houdafny.dfy(17,2): Warning: assume statement has no {:axiom} annotation
   |
17 |   assume l_a != r_a;
   |   ^^^^^^^^^^^^^^^^^^

houdafny.dfy(18,2): Warning: assume statement has no {:axiom} annotation
   |
18 |   assume (l_size == r_size) && ((l_size > 0) && forall arr_eq_n: nat :: (((arr_eq_n < l_a.Length) && (arr_eq_n < r_a.Length)) ==> (l_a[arr_eq_n] == r_a[arr_eq_n])));
   |   ^^^^^^^^^^^^^^^^^^^^^^^^^^^^^^^^^^^^^^^^^^^^^^^^^^^^^^^^^^^^^^^^^^^^^^^^^^^^^^^^^^^^^^^^^^^^^^^^^^^^^^^^^^^^^^^^^^^^^^^^^^^^^^^^^^^^^^^^^^^^^^^^^^^^^^^^^^^^^^^^^^^

houdafny.dfy(37,4): Warning: assume statement has no {:axiom} annotation
   |
37 |     assume ((!(l_max < l_a[l_i])) || (l_cmp < 10)) && (((!(l_max == l_a[l_i])) || (l_cmp == 10)) && ((!(l_max > l_a[l_i])) || (l_cmp > 10)));
   |     ^^^^^^^^^^^^^^^^^^^^^^^^^^^^^^^^^^^^^^^^^^^^^^^^^^^^^^^^^^^^^^^^^^^^^^^^^^^^^^^^^^^^^^^^^^^^^^^^^^^^^^^^^^^^^^^^^^^^^^^^^^^^^^^^^^^^^^^^^

houdafny.dfy(64,18): Error: this loop invariant could not be proved on entry
 Related message: loop invariant violation
   |
64 |     invariant l_t == 0
   |               ^^^^^^^^

houdafny.dfy(69,18): Error: this invariant could not be proved to be maintained by the loop
 Related message: loop invariant violation
   |
69 |     invariant r_t == 0
   |               ^^^^^^^^

houdafny.dfy(73,18): Error: this invariant could not be proved to be maintained by the loop
 Related message: loop invariant violation
   |
73 |     invariant l_i > r_j
   |               ^^^^^^^^^


Dafny program verifier finished with 0 verified, 3 errors

houdafny.dfy(15,2): Warning: assume statement has no {:axiom} annotation
   |
15 |   assume (l_size + 1) == l_a.Length;
   |   ^^^^^^^^^^^^^^^^^^^^^^^^^^^^^^^^^^

houdafny.dfy(16,2): Warning: assume statement has no {:axiom} annotation
   |
16 |   assume (r_size + 1) == r_a.Length;
   |   ^^^^^^^^^^^^^^^^^^^^^^^^^^^^^^^^^^

houdafny.dfy(17,2): Warning: assume statement has no {:axiom} annotation
   |
17 |   assume l_a != r_a;
   |   ^^^^^^^^^^^^^^^^^^

houdafny.dfy(18,2): Warning: assume statement has no {:axiom} annotation
   |
18 |   assume (l_size == r_size) && ((l_size > 0) && forall arr_eq_n: nat :: (((arr_eq_n < l_a.Length) && (arr_eq_n < r_a.Length)) ==> (l_a[arr_eq_n] == r_a[arr_eq_n])));
   |   ^^^^^^^^^^^^^^^^^^^^^^^^^^^^^^^^^^^^^^^^^^^^^^^^^^^^^^^^^^^^^^^^^^^^^^^^^^^^^^^^^^^^^^^^^^^^^^^^^^^^^^^^^^^^^^^^^^^^^^^^^^^^^^^^^^^^^^^^^^^^^^^^^^^^^^^^^^^^^^^^^^^

houdafny.dfy(37,4): Warning: assume statement has no {:axiom} annotation
   |
37 |     assume ((!(l_max < l_a[l_i])) || (l_cmp < 10)) && (((!(l_max == l_a[l_i])) || (l_cmp == 10)) && ((!(l_max > l_a[l_i])) || (l_cmp > 10)));
   |     ^^^^^^^^^^^^^^^^^^^^^^^^^^^^^^^^^^^^^^^^^^^^^^^^^^^^^^^^^^^^^^^^^^^^^^^^^^^^^^^^^^^^^^^^^^^^^^^^^^^^^^^^^^^^^^^^^^^^^^^^^^^^^^^^^^^^^^^^^

houdafny.dfy(64,18): Error: this loop invariant could not be proved on entry
 Related message: loop invariant violation
   |
64 |     invariant l_t <= 0
   |               ^^^^^^^^

houdafny.dfy(65,18): Error: this loop invariant could not be proved on entry
 Related message: loop invariant violation
   |
65 |     invariant l_t >= 0
   |               ^^^^^^^^

houdafny.dfy(68,18): Error: this invariant could not be proved to be maintained by the loop
 Related message: loop invariant violation
   |
68 |     invariant r_t <= 0
   |               ^^^^^^^^

houdafny.dfy(69,18): Error: this invariant could not be proved to be maintained by the loop
 Related message: loop invariant violation
   |
69 |     invariant r_t >= 0
   |               ^^^^^^^^

houdafny.dfy(93,2): Error: assertion might not hold
   |
93 |   assert forall arr_eq_n: nat :: (((arr_eq_n < l_a.Length) && (arr_eq_n < r_a.Length)) ==> (l_a[arr_eq_n] == r_a[arr_eq_n]));
   |   ^^^^^^^^^^^^^^^^^^^^^^^^^^^^^^^^^^^^^^^^^^^^^^^^^^^^^^^^^^^^^^^^^^^^^^^^^^^^^^^^^^^^^^^^^^^^^^^^^^^^^^^^^^^^^^^^^^^^^^^^^^^


Dafny program verifier finished with 0 verified, 5 errors

houdafny.dfy(15,2): Warning: assume statement has no {:axiom} annotation
   |
15 |   assume (l_size + 1) == l_a.Length;
   |   ^^^^^^^^^^^^^^^^^^^^^^^^^^^^^^^^^^

houdafny.dfy(16,2): Warning: assume statement has no {:axiom} annotation
   |
16 |   assume (r_size + 1) == r_a.Length;
   |   ^^^^^^^^^^^^^^^^^^^^^^^^^^^^^^^^^^

houdafny.dfy(17,2): Warning: assume statement has no {:axiom} annotation
   |
17 |   assume l_a != r_a;
   |   ^^^^^^^^^^^^^^^^^^

houdafny.dfy(18,2): Warning: assume statement has no {:axiom} annotation
   |
18 |   assume (l_size == r_size) && ((l_size > 0) && forall arr_eq_n: nat :: (((arr_eq_n < l_a.Length) && (arr_eq_n < r_a.Length)) ==> (l_a[arr_eq_n] == r_a[arr_eq_n])));
   |   ^^^^^^^^^^^^^^^^^^^^^^^^^^^^^^^^^^^^^^^^^^^^^^^^^^^^^^^^^^^^^^^^^^^^^^^^^^^^^^^^^^^^^^^^^^^^^^^^^^^^^^^^^^^^^^^^^^^^^^^^^^^^^^^^^^^^^^^^^^^^^^^^^^^^^^^^^^^^^^^^^^^

houdafny.dfy(37,4): Warning: assume statement has no {:axiom} annotation
   |
37 |     assume ((!(l_max < l_a[l_i])) || (l_cmp < 10)) && (((!(l_max == l_a[l_i])) || (l_cmp == 10)) && ((!(l_max > l_a[l_i])) || (l_cmp > 10)));
   |     ^^^^^^^^^^^^^^^^^^^^^^^^^^^^^^^^^^^^^^^^^^^^^^^^^^^^^^^^^^^^^^^^^^^^^^^^^^^^^^^^^^^^^^^^^^^^^^^^^^^^^^^^^^^^^^^^^^^^^^^^^^^^^^^^^^^^^^^^^

houdafny.dfy(89,2): Error: assertion might not hold
   |
89 |   assert forall arr_eq_n: nat :: (((arr_eq_n < l_a.Length) && (arr_eq_n < r_a.Length)) ==> (l_a[arr_eq_n] == r_a[arr_eq_n]));
   |   ^^^^^^^^^^^^^^^^^^^^^^^^^^^^^^^^^^^^^^^^^^^^^^^^^^^^^^^^^^^^^^^^^^^^^^^^^^^^^^^^^^^^^^^^^^^^^^^^^^^^^^^^^^^^^^^^^^^^^^^^^^^


Dafny program verifier finished with 0 verified, 1 error


Beginning Iteration
-------------------
add_unrolls: true
depth: 3
cost function: optimize_structure
Treating naive product as final alignment.
Writing Daikon to /home/rob/code/kestrel/.kestrel-work/daikon_output.c...
Done
Compiling Daikon output...
Running Kvasir...
==310427== kvasir-5.8.18, C/C++ Language Front-End for Daikon with DynComp comparability analysis tool.
==310427== Copyright (C) 2007-2022, University of Washington CSE PLSE Group
==310427== Using Valgrind-3.19.0.Fjalar and LibVEX; rerun with -h for copyright info
==310427== Command: /home/rob/code/kestrel/.kestrel-work/daikon_output
==310427== 
==310430== 
==310430== For lists of detected and suppressed errors, rerun with: -s
==310430== ERROR SUMMARY: 0 errors from 0 contexts (suppressed: 0 from 0)
==310431== 
==310431== For lists of detected and suppressed errors, rerun with: -s
==310431== ERROR SUMMARY: 0 errors from 0 contexts (suppressed: 0 from 0)
==310432== 
==310432== For lists of detected and suppressed errors, rerun with: -s
==310432== ERROR SUMMARY: 0 errors from 0 contexts (suppressed: 0 from 0)
==310433== 
==310433== For lists of detected and suppressed errors, rerun with: -s
==310433== ERROR SUMMARY: 0 errors from 0 contexts (suppressed: 0 from 0)
==310434== 
==310434== For lists of detected and suppressed errors, rerun with: -s
==310434== ERROR SUMMARY: 0 errors from 0 contexts (suppressed: 0 from 0)
==310435== 
==310435== For lists of detected and suppressed errors, rerun with: -s
==310435== ERROR SUMMARY: 0 errors from 0 contexts (suppressed: 0 from 0)
==310436== 
==310436== For lists of detected and suppressed errors, rerun with: -s
==310436== ERROR SUMMARY: 0 errors from 0 contexts (suppressed: 0 from 0)
==310437== 
==310437== For lists of detected and suppressed errors, rerun with: -s
==310437== ERROR SUMMARY: 0 errors from 0 contexts (suppressed: 0 from 0)
==310438== 
==310438== For lists of detected and suppressed errors, rerun with: -s
==310438== ERROR SUMMARY: 0 errors from 0 contexts (suppressed: 0 from 0)
==310439== 
==310439== For lists of detected and suppressed errors, rerun with: -s
==310439== ERROR SUMMARY: 0 errors from 0 contexts (suppressed: 0 from 0)
==310440== 
==310440== For lists of detected and suppressed errors, rerun with: -s
==310440== ERROR SUMMARY: 0 errors from 0 contexts (suppressed: 0 from 0)
==310441== 
==310441== For lists of detected and suppressed errors, rerun with: -s
==310441== ERROR SUMMARY: 0 errors from 0 contexts (suppressed: 0 from 0)
==310442== 
==310442== For lists of detected and suppressed errors, rerun with: -s
==310442== ERROR SUMMARY: 0 errors from 0 contexts (suppressed: 0 from 0)
==310443== 
==310443== For lists of detected and suppressed errors, rerun with: -s
==310443== ERROR SUMMARY: 0 errors from 0 contexts (suppressed: 0 from 0)
==310444== 
==310444== For lists of detected and suppressed errors, rerun with: -s
==310444== ERROR SUMMARY: 0 errors from 0 contexts (suppressed: 0 from 0)
==310445== 
==310445== For lists of detected and suppressed errors, rerun with: -s
==310445== ERROR SUMMARY: 0 errors from 0 contexts (suppressed: 0 from 0)
==310446== 
==310446== For lists of detected and suppressed errors, rerun with: -s
==310446== ERROR SUMMARY: 0 errors from 0 contexts (suppressed: 0 from 0)
==310447== 
==310447== For lists of detected and suppressed errors, rerun with: -s
==310447== ERROR SUMMARY: 0 errors from 0 contexts (suppressed: 0 from 0)
==310448== 
==310448== For lists of detected and suppressed errors, rerun with: -s
==310448== ERROR SUMMARY: 0 errors from 0 contexts (suppressed: 0 from 0)
==310449== 
==310449== For lists of detected and suppressed errors, rerun with: -s
==310449== ERROR SUMMARY: 0 errors from 0 contexts (suppressed: 0 from 0)
==310427== 
==310427== For lists of detected and suppressed errors, rerun with: -s
==310427== ERROR SUMMARY: 0 errors from 0 contexts (suppressed: 0 from 0)
Running Daikon...
houdafny.dfy(15,2): Warning: assume statement has no {:axiom} annotation
   |
15 |   assume (l_size + 1) == l_a.Length;
   |   ^^^^^^^^^^^^^^^^^^^^^^^^^^^^^^^^^^

houdafny.dfy(16,2): Warning: assume statement has no {:axiom} annotation
   |
16 |   assume (r_size + 1) == r_a.Length;
   |   ^^^^^^^^^^^^^^^^^^^^^^^^^^^^^^^^^^

houdafny.dfy(17,2): Warning: assume statement has no {:axiom} annotation
   |
17 |   assume l_a != r_a;
   |   ^^^^^^^^^^^^^^^^^^

houdafny.dfy(18,2): Warning: assume statement has no {:axiom} annotation
   |
18 |   assume (l_size == r_size) && ((l_size > 0) && forall arr_eq_n: nat :: (((arr_eq_n < l_a.Length) && (arr_eq_n < r_a.Length)) ==> (l_a[arr_eq_n] == r_a[arr_eq_n])));
   |   ^^^^^^^^^^^^^^^^^^^^^^^^^^^^^^^^^^^^^^^^^^^^^^^^^^^^^^^^^^^^^^^^^^^^^^^^^^^^^^^^^^^^^^^^^^^^^^^^^^^^^^^^^^^^^^^^^^^^^^^^^^^^^^^^^^^^^^^^^^^^^^^^^^^^^^^^^^^^^^^^^^^

houdafny.dfy(37,4): Warning: assume statement has no {:axiom} annotation
   |
37 |     assume ((!(l_max < l_a[l_i])) || (l_cmp < 10)) && (((!(l_max == l_a[l_i])) || (l_cmp == 10)) && ((!(l_max > l_a[l_i])) || (l_cmp > 10)));
   |     ^^^^^^^^^^^^^^^^^^^^^^^^^^^^^^^^^^^^^^^^^^^^^^^^^^^^^^^^^^^^^^^^^^^^^^^^^^^^^^^^^^^^^^^^^^^^^^^^^^^^^^^^^^^^^^^^^^^^^^^^^^^^^^^^^^^^^^^^^

houdafny.dfy(64,18): Error: this loop invariant could not be proved on entry
 Related message: loop invariant violation
   |
64 |     invariant l_t == 0
   |               ^^^^^^^^

houdafny.dfy(69,18): Error: this invariant could not be proved to be maintained by the loop
 Related message: loop invariant violation
   |
69 |     invariant r_t == 0
   |               ^^^^^^^^

houdafny.dfy(73,18): Error: this invariant could not be proved to be maintained by the loop
 Related message: loop invariant violation
   |
73 |     invariant l_i > r_j
   |               ^^^^^^^^^


Dafny program verifier finished with 0 verified, 3 errors

houdafny.dfy(15,2): Warning: assume statement has no {:axiom} annotation
   |
15 |   assume (l_size + 1) == l_a.Length;
   |   ^^^^^^^^^^^^^^^^^^^^^^^^^^^^^^^^^^

houdafny.dfy(16,2): Warning: assume statement has no {:axiom} annotation
   |
16 |   assume (r_size + 1) == r_a.Length;
   |   ^^^^^^^^^^^^^^^^^^^^^^^^^^^^^^^^^^

houdafny.dfy(17,2): Warning: assume statement has no {:axiom} annotation
   |
17 |   assume l_a != r_a;
   |   ^^^^^^^^^^^^^^^^^^

houdafny.dfy(18,2): Warning: assume statement has no {:axiom} annotation
   |
18 |   assume (l_size == r_size) && ((l_size > 0) && forall arr_eq_n: nat :: (((arr_eq_n < l_a.Length) && (arr_eq_n < r_a.Length)) ==> (l_a[arr_eq_n] == r_a[arr_eq_n])));
   |   ^^^^^^^^^^^^^^^^^^^^^^^^^^^^^^^^^^^^^^^^^^^^^^^^^^^^^^^^^^^^^^^^^^^^^^^^^^^^^^^^^^^^^^^^^^^^^^^^^^^^^^^^^^^^^^^^^^^^^^^^^^^^^^^^^^^^^^^^^^^^^^^^^^^^^^^^^^^^^^^^^^^

houdafny.dfy(37,4): Warning: assume statement has no {:axiom} annotation
   |
37 |     assume ((!(l_max < l_a[l_i])) || (l_cmp < 10)) && (((!(l_max == l_a[l_i])) || (l_cmp == 10)) && ((!(l_max > l_a[l_i])) || (l_cmp > 10)));
   |     ^^^^^^^^^^^^^^^^^^^^^^^^^^^^^^^^^^^^^^^^^^^^^^^^^^^^^^^^^^^^^^^^^^^^^^^^^^^^^^^^^^^^^^^^^^^^^^^^^^^^^^^^^^^^^^^^^^^^^^^^^^^^^^^^^^^^^^^^^

houdafny.dfy(64,18): Error: this loop invariant could not be proved on entry
 Related message: loop invariant violation
   |
64 |     invariant l_t <= 0
   |               ^^^^^^^^

houdafny.dfy(65,18): Error: this loop invariant could not be proved on entry
 Related message: loop invariant violation
   |
65 |     invariant l_t >= 0
   |               ^^^^^^^^

houdafny.dfy(68,18): Error: this invariant could not be proved to be maintained by the loop
 Related message: loop invariant violation
   |
68 |     invariant r_t <= 0
   |               ^^^^^^^^

houdafny.dfy(69,18): Error: this invariant could not be proved to be maintained by the loop
 Related message: loop invariant violation
   |
69 |     invariant r_t >= 0
   |               ^^^^^^^^

houdafny.dfy(93,2): Error: assertion might not hold
   |
93 |   assert forall arr_eq_n: nat :: (((arr_eq_n < l_a.Length) && (arr_eq_n < r_a.Length)) ==> (l_a[arr_eq_n] == r_a[arr_eq_n]));
   |   ^^^^^^^^^^^^^^^^^^^^^^^^^^^^^^^^^^^^^^^^^^^^^^^^^^^^^^^^^^^^^^^^^^^^^^^^^^^^^^^^^^^^^^^^^^^^^^^^^^^^^^^^^^^^^^^^^^^^^^^^^^^


Dafny program verifier finished with 0 verified, 5 errors

houdafny.dfy(15,2): Warning: assume statement has no {:axiom} annotation
   |
15 |   assume (l_size + 1) == l_a.Length;
   |   ^^^^^^^^^^^^^^^^^^^^^^^^^^^^^^^^^^

houdafny.dfy(16,2): Warning: assume statement has no {:axiom} annotation
   |
16 |   assume (r_size + 1) == r_a.Length;
   |   ^^^^^^^^^^^^^^^^^^^^^^^^^^^^^^^^^^

houdafny.dfy(17,2): Warning: assume statement has no {:axiom} annotation
   |
17 |   assume l_a != r_a;
   |   ^^^^^^^^^^^^^^^^^^

houdafny.dfy(18,2): Warning: assume statement has no {:axiom} annotation
   |
18 |   assume (l_size == r_size) && ((l_size > 0) && forall arr_eq_n: nat :: (((arr_eq_n < l_a.Length) && (arr_eq_n < r_a.Length)) ==> (l_a[arr_eq_n] == r_a[arr_eq_n])));
   |   ^^^^^^^^^^^^^^^^^^^^^^^^^^^^^^^^^^^^^^^^^^^^^^^^^^^^^^^^^^^^^^^^^^^^^^^^^^^^^^^^^^^^^^^^^^^^^^^^^^^^^^^^^^^^^^^^^^^^^^^^^^^^^^^^^^^^^^^^^^^^^^^^^^^^^^^^^^^^^^^^^^^

houdafny.dfy(37,4): Warning: assume statement has no {:axiom} annotation
   |
37 |     assume ((!(l_max < l_a[l_i])) || (l_cmp < 10)) && (((!(l_max == l_a[l_i])) || (l_cmp == 10)) && ((!(l_max > l_a[l_i])) || (l_cmp > 10)));
   |     ^^^^^^^^^^^^^^^^^^^^^^^^^^^^^^^^^^^^^^^^^^^^^^^^^^^^^^^^^^^^^^^^^^^^^^^^^^^^^^^^^^^^^^^^^^^^^^^^^^^^^^^^^^^^^^^^^^^^^^^^^^^^^^^^^^^^^^^^^

houdafny.dfy(89,2): Error: assertion might not hold
   |
89 |   assert forall arr_eq_n: nat :: (((arr_eq_n < l_a.Length) && (arr_eq_n < r_a.Length)) ==> (l_a[arr_eq_n] == r_a[arr_eq_n]));
   |   ^^^^^^^^^^^^^^^^^^^^^^^^^^^^^^^^^^^^^^^^^^^^^^^^^^^^^^^^^^^^^^^^^^^^^^^^^^^^^^^^^^^^^^^^^^^^^^^^^^^^^^^^^^^^^^^^^^^^^^^^^^^


Dafny program verifier finished with 0 verified, 1 error


Beginning Iteration
-------------------
add_unrolls: true
depth: 3
cost function: optimize_choice
Treating naive product as final alignment.
Writing Daikon to /home/rob/code/kestrel/.kestrel-work/daikon_output.c...
Done
Compiling Daikon output...
Running Kvasir...
==310678== kvasir-5.8.18, C/C++ Language Front-End for Daikon with DynComp comparability analysis tool.
==310678== Copyright (C) 2007-2022, University of Washington CSE PLSE Group
==310678== Using Valgrind-3.19.0.Fjalar and LibVEX; rerun with -h for copyright info
==310678== Command: /home/rob/code/kestrel/.kestrel-work/daikon_output
==310678== 
==310679== 
==310679== For lists of detected and suppressed errors, rerun with: -s
==310679== ERROR SUMMARY: 0 errors from 0 contexts (suppressed: 0 from 0)
==310680== 
==310680== For lists of detected and suppressed errors, rerun with: -s
==310680== ERROR SUMMARY: 0 errors from 0 contexts (suppressed: 0 from 0)
==310681== 
==310681== For lists of detected and suppressed errors, rerun with: -s
==310681== ERROR SUMMARY: 0 errors from 0 contexts (suppressed: 0 from 0)
==310682== 
==310682== For lists of detected and suppressed errors, rerun with: -s
==310682== ERROR SUMMARY: 0 errors from 0 contexts (suppressed: 0 from 0)
==310683== 
==310683== For lists of detected and suppressed errors, rerun with: -s
==310683== ERROR SUMMARY: 0 errors from 0 contexts (suppressed: 0 from 0)
==310684== 
==310684== For lists of detected and suppressed errors, rerun with: -s
==310684== ERROR SUMMARY: 0 errors from 0 contexts (suppressed: 0 from 0)
==310685== 
==310685== For lists of detected and suppressed errors, rerun with: -s
==310685== ERROR SUMMARY: 0 errors from 0 contexts (suppressed: 0 from 0)
==310686== 
==310686== For lists of detected and suppressed errors, rerun with: -s
==310686== ERROR SUMMARY: 0 errors from 0 contexts (suppressed: 0 from 0)
==310687== 
==310687== For lists of detected and suppressed errors, rerun with: -s
==310687== ERROR SUMMARY: 0 errors from 0 contexts (suppressed: 0 from 0)
==310688== 
==310688== For lists of detected and suppressed errors, rerun with: -s
==310688== ERROR SUMMARY: 0 errors from 0 contexts (suppressed: 0 from 0)
==310689== 
==310689== For lists of detected and suppressed errors, rerun with: -s
==310689== ERROR SUMMARY: 0 errors from 0 contexts (suppressed: 0 from 0)
==310690== 
==310690== For lists of detected and suppressed errors, rerun with: -s
==310690== ERROR SUMMARY: 0 errors from 0 contexts (suppressed: 0 from 0)
==310691== 
==310691== For lists of detected and suppressed errors, rerun with: -s
==310691== ERROR SUMMARY: 0 errors from 0 contexts (suppressed: 0 from 0)
==310692== 
==310692== For lists of detected and suppressed errors, rerun with: -s
==310692== ERROR SUMMARY: 0 errors from 0 contexts (suppressed: 0 from 0)
==310693== 
==310693== For lists of detected and suppressed errors, rerun with: -s
==310693== ERROR SUMMARY: 0 errors from 0 contexts (suppressed: 0 from 0)
==310694== 
==310694== For lists of detected and suppressed errors, rerun with: -s
==310694== ERROR SUMMARY: 0 errors from 0 contexts (suppressed: 0 from 0)
==310695== 
==310695== For lists of detected and suppressed errors, rerun with: -s
==310695== ERROR SUMMARY: 0 errors from 0 contexts (suppressed: 0 from 0)
==310696== 
==310696== For lists of detected and suppressed errors, rerun with: -s
==310696== ERROR SUMMARY: 0 errors from 0 contexts (suppressed: 0 from 0)
==310697== 
==310697== For lists of detected and suppressed errors, rerun with: -s
==310697== ERROR SUMMARY: 0 errors from 0 contexts (suppressed: 0 from 0)
==310698== 
==310698== For lists of detected and suppressed errors, rerun with: -s
==310698== ERROR SUMMARY: 0 errors from 0 contexts (suppressed: 0 from 0)
==310678== 
==310678== For lists of detected and suppressed errors, rerun with: -s
==310678== ERROR SUMMARY: 0 errors from 0 contexts (suppressed: 0 from 0)
Running Daikon...
houdafny.dfy(15,2): Warning: assume statement has no {:axiom} annotation
   |
15 |   assume (l_size + 1) == l_a.Length;
   |   ^^^^^^^^^^^^^^^^^^^^^^^^^^^^^^^^^^

houdafny.dfy(16,2): Warning: assume statement has no {:axiom} annotation
   |
16 |   assume (r_size + 1) == r_a.Length;
   |   ^^^^^^^^^^^^^^^^^^^^^^^^^^^^^^^^^^

houdafny.dfy(17,2): Warning: assume statement has no {:axiom} annotation
   |
17 |   assume l_a != r_a;
   |   ^^^^^^^^^^^^^^^^^^

houdafny.dfy(18,2): Warning: assume statement has no {:axiom} annotation
   |
18 |   assume (l_size == r_size) && ((l_size > 0) && forall arr_eq_n: nat :: (((arr_eq_n < l_a.Length) && (arr_eq_n < r_a.Length)) ==> (l_a[arr_eq_n] == r_a[arr_eq_n])));
   |   ^^^^^^^^^^^^^^^^^^^^^^^^^^^^^^^^^^^^^^^^^^^^^^^^^^^^^^^^^^^^^^^^^^^^^^^^^^^^^^^^^^^^^^^^^^^^^^^^^^^^^^^^^^^^^^^^^^^^^^^^^^^^^^^^^^^^^^^^^^^^^^^^^^^^^^^^^^^^^^^^^^^

houdafny.dfy(37,4): Warning: assume statement has no {:axiom} annotation
   |
37 |     assume ((!(l_max < l_a[l_i])) || (l_cmp < 10)) && (((!(l_max == l_a[l_i])) || (l_cmp == 10)) && ((!(l_max > l_a[l_i])) || (l_cmp > 10)));
   |     ^^^^^^^^^^^^^^^^^^^^^^^^^^^^^^^^^^^^^^^^^^^^^^^^^^^^^^^^^^^^^^^^^^^^^^^^^^^^^^^^^^^^^^^^^^^^^^^^^^^^^^^^^^^^^^^^^^^^^^^^^^^^^^^^^^^^^^^^^

houdafny.dfy(64,18): Error: this loop invariant could not be proved on entry
 Related message: loop invariant violation
   |
64 |     invariant l_t == 0
   |               ^^^^^^^^

houdafny.dfy(69,18): Error: this invariant could not be proved to be maintained by the loop
 Related message: loop invariant violation
   |
69 |     invariant r_t == 0
   |               ^^^^^^^^

houdafny.dfy(73,18): Error: this invariant could not be proved to be maintained by the loop
 Related message: loop invariant violation
   |
73 |     invariant l_i > r_j
   |               ^^^^^^^^^


Dafny program verifier finished with 0 verified, 3 errors

houdafny.dfy(15,2): Warning: assume statement has no {:axiom} annotation
   |
15 |   assume (l_size + 1) == l_a.Length;
   |   ^^^^^^^^^^^^^^^^^^^^^^^^^^^^^^^^^^

houdafny.dfy(16,2): Warning: assume statement has no {:axiom} annotation
   |
16 |   assume (r_size + 1) == r_a.Length;
   |   ^^^^^^^^^^^^^^^^^^^^^^^^^^^^^^^^^^

houdafny.dfy(17,2): Warning: assume statement has no {:axiom} annotation
   |
17 |   assume l_a != r_a;
   |   ^^^^^^^^^^^^^^^^^^

houdafny.dfy(18,2): Warning: assume statement has no {:axiom} annotation
   |
18 |   assume (l_size == r_size) && ((l_size > 0) && forall arr_eq_n: nat :: (((arr_eq_n < l_a.Length) && (arr_eq_n < r_a.Length)) ==> (l_a[arr_eq_n] == r_a[arr_eq_n])));
   |   ^^^^^^^^^^^^^^^^^^^^^^^^^^^^^^^^^^^^^^^^^^^^^^^^^^^^^^^^^^^^^^^^^^^^^^^^^^^^^^^^^^^^^^^^^^^^^^^^^^^^^^^^^^^^^^^^^^^^^^^^^^^^^^^^^^^^^^^^^^^^^^^^^^^^^^^^^^^^^^^^^^^

houdafny.dfy(37,4): Warning: assume statement has no {:axiom} annotation
   |
37 |     assume ((!(l_max < l_a[l_i])) || (l_cmp < 10)) && (((!(l_max == l_a[l_i])) || (l_cmp == 10)) && ((!(l_max > l_a[l_i])) || (l_cmp > 10)));
   |     ^^^^^^^^^^^^^^^^^^^^^^^^^^^^^^^^^^^^^^^^^^^^^^^^^^^^^^^^^^^^^^^^^^^^^^^^^^^^^^^^^^^^^^^^^^^^^^^^^^^^^^^^^^^^^^^^^^^^^^^^^^^^^^^^^^^^^^^^^

houdafny.dfy(64,18): Error: this loop invariant could not be proved on entry
 Related message: loop invariant violation
   |
64 |     invariant l_t <= 0
   |               ^^^^^^^^

houdafny.dfy(65,18): Error: this loop invariant could not be proved on entry
 Related message: loop invariant violation
   |
65 |     invariant l_t >= 0
   |               ^^^^^^^^

houdafny.dfy(68,18): Error: this invariant could not be proved to be maintained by the loop
 Related message: loop invariant violation
   |
68 |     invariant r_t <= 0
   |               ^^^^^^^^

houdafny.dfy(69,18): Error: this invariant could not be proved to be maintained by the loop
 Related message: loop invariant violation
   |
69 |     invariant r_t >= 0
   |               ^^^^^^^^

houdafny.dfy(93,2): Error: assertion might not hold
   |
93 |   assert forall arr_eq_n: nat :: (((arr_eq_n < l_a.Length) && (arr_eq_n < r_a.Length)) ==> (l_a[arr_eq_n] == r_a[arr_eq_n]));
   |   ^^^^^^^^^^^^^^^^^^^^^^^^^^^^^^^^^^^^^^^^^^^^^^^^^^^^^^^^^^^^^^^^^^^^^^^^^^^^^^^^^^^^^^^^^^^^^^^^^^^^^^^^^^^^^^^^^^^^^^^^^^^


Dafny program verifier finished with 0 verified, 5 errors

houdafny.dfy(15,2): Warning: assume statement has no {:axiom} annotation
   |
15 |   assume (l_size + 1) == l_a.Length;
   |   ^^^^^^^^^^^^^^^^^^^^^^^^^^^^^^^^^^

houdafny.dfy(16,2): Warning: assume statement has no {:axiom} annotation
   |
16 |   assume (r_size + 1) == r_a.Length;
   |   ^^^^^^^^^^^^^^^^^^^^^^^^^^^^^^^^^^

houdafny.dfy(17,2): Warning: assume statement has no {:axiom} annotation
   |
17 |   assume l_a != r_a;
   |   ^^^^^^^^^^^^^^^^^^

houdafny.dfy(18,2): Warning: assume statement has no {:axiom} annotation
   |
18 |   assume (l_size == r_size) && ((l_size > 0) && forall arr_eq_n: nat :: (((arr_eq_n < l_a.Length) && (arr_eq_n < r_a.Length)) ==> (l_a[arr_eq_n] == r_a[arr_eq_n])));
   |   ^^^^^^^^^^^^^^^^^^^^^^^^^^^^^^^^^^^^^^^^^^^^^^^^^^^^^^^^^^^^^^^^^^^^^^^^^^^^^^^^^^^^^^^^^^^^^^^^^^^^^^^^^^^^^^^^^^^^^^^^^^^^^^^^^^^^^^^^^^^^^^^^^^^^^^^^^^^^^^^^^^^

houdafny.dfy(37,4): Warning: assume statement has no {:axiom} annotation
   |
37 |     assume ((!(l_max < l_a[l_i])) || (l_cmp < 10)) && (((!(l_max == l_a[l_i])) || (l_cmp == 10)) && ((!(l_max > l_a[l_i])) || (l_cmp > 10)));
   |     ^^^^^^^^^^^^^^^^^^^^^^^^^^^^^^^^^^^^^^^^^^^^^^^^^^^^^^^^^^^^^^^^^^^^^^^^^^^^^^^^^^^^^^^^^^^^^^^^^^^^^^^^^^^^^^^^^^^^^^^^^^^^^^^^^^^^^^^^^

houdafny.dfy(89,2): Error: assertion might not hold
   |
89 |   assert forall arr_eq_n: nat :: (((arr_eq_n < l_a.Length) && (arr_eq_n < r_a.Length)) ==> (l_a[arr_eq_n] == r_a[arr_eq_n]));
   |   ^^^^^^^^^^^^^^^^^^^^^^^^^^^^^^^^^^^^^^^^^^^^^^^^^^^^^^^^^^^^^^^^^^^^^^^^^^^^^^^^^^^^^^^^^^^^^^^^^^^^^^^^^^^^^^^^^^^^^^^^^^^


Dafny program verifier finished with 0 verified, 1 error


Beginning Iteration
-------------------
add_unrolls: false
depth: 4
cost function: optimize_structure
Treating naive product as final alignment.
