
Beginning Iteration
-------------------
add_unrolls: false
depth: 1
cost function: optimize_structure
Treating naive product as final alignment.
  UNSATISFIABLE ASSERTION Assert at sketch.sk:133 (2)

*** Rejected
    [0;31m[1751871148.7400 - ERROR] [SKETCH] Sketch Not Resolved Error:   UNSATISFIABLE ASSERTION Assert at sketch.sk:133 (2)

*** Rejected
The sketch could not be resolved.[0m
    [0;32m[1751871148.7460 - DEBUG] [SKETCH] stack trace written to file: /home/rob/.sketch/tmp/stacktrace.txt[0m
    [0;32m[1751871148.7461 - DEBUG] Backend solver input file at /home/rob/.sketch/tmp/sketch.sk/input0.tmp[0m
Failed to solve sketch.

Beginning Iteration
-------------------
add_unrolls: false
depth: 1
cost function: optimize_choice
Treating naive product as final alignment.
  UNSATISFIABLE ASSERTION Assert at sketch.sk:133 (2)

*** Rejected
    [0;31m[1751871150.1630 - ERROR] [SKETCH] Sketch Not Resolved Error:   UNSATISFIABLE ASSERTION Assert at sketch.sk:133 (2)

*** Rejected
The sketch could not be resolved.[0m
    [0;32m[1751871150.1690 - DEBUG] [SKETCH] stack trace written to file: /home/rob/.sketch/tmp/stacktrace.txt[0m
    [0;32m[1751871150.1691 - DEBUG] Backend solver input file at /home/rob/.sketch/tmp/sketch.sk/input0.tmp[0m
Failed to solve sketch.

Beginning Iteration
-------------------
add_unrolls: true
depth: 1
cost function: optimize_structure
Treating naive product as final alignment.
  UNSATISFIABLE ASSERTION Assert at sketch.sk:133 (2)

*** Rejected
    [0;31m[1751871151.6040 - ERROR] [SKETCH] Sketch Not Resolved Error:   UNSATISFIABLE ASSERTION Assert at sketch.sk:133 (2)

*** Rejected
The sketch could not be resolved.[0m
    [0;32m[1751871151.6190 - DEBUG] [SKETCH] stack trace written to file: /home/rob/.sketch/tmp/stacktrace.txt[0m
    [0;32m[1751871151.6191 - DEBUG] Backend solver input file at /home/rob/.sketch/tmp/sketch.sk/input0.tmp[0m
Failed to solve sketch.

Beginning Iteration
-------------------
add_unrolls: true
depth: 1
cost function: optimize_choice
Treating naive product as final alignment.
  UNSATISFIABLE ASSERTION Assert at sketch.sk:133 (2)

*** Rejected
    [0;31m[1751871153.0590 - ERROR] [SKETCH] Sketch Not Resolved Error:   UNSATISFIABLE ASSERTION Assert at sketch.sk:133 (2)

*** Rejected
The sketch could not be resolved.[0m
    [0;32m[1751871153.0680 - DEBUG] [SKETCH] stack trace written to file: /home/rob/.sketch/tmp/stacktrace.txt[0m
    [0;32m[1751871153.0681 - DEBUG] Backend solver input file at /home/rob/.sketch/tmp/sketch.sk/input0.tmp[0m
Failed to solve sketch.

Beginning Iteration
-------------------
add_unrolls: false
depth: 2
cost function: optimize_structure
Treating naive product as final alignment.
  UNSATISFIABLE ASSERTION Assert at sketch.sk:133 (2)

*** Rejected
    [0;31m[1751871154.5970 - ERROR] [SKETCH] Sketch Not Resolved Error:   UNSATISFIABLE ASSERTION Assert at sketch.sk:133 (2)

*** Rejected
The sketch could not be resolved.[0m
    [0;32m[1751871154.6060 - DEBUG] [SKETCH] stack trace written to file: /home/rob/.sketch/tmp/stacktrace.txt[0m
    [0;32m[1751871154.6061 - DEBUG] Backend solver input file at /home/rob/.sketch/tmp/sketch.sk/input0.tmp[0m
Failed to solve sketch.

Beginning Iteration
-------------------
add_unrolls: false
depth: 2
cost function: optimize_choice
Treating naive product as final alignment.


*** Rejected
    [0;31m[1751871156.1550 - ERROR] [SKETCH] Sketch Not Resolved Error: 

*** Rejected
The sketch could not be resolved.[0m
    [0;32m[1751871156.1650 - DEBUG] [SKETCH] stack trace written to file: /home/rob/.sketch/tmp/stacktrace.txt[0m
    [0;32m[1751871156.1651 - DEBUG] Backend solver input file at /home/rob/.sketch/tmp/sketch.sk/input0.tmp[0m
Failed to solve sketch.

Beginning Iteration
-------------------
add_unrolls: true
depth: 2
cost function: optimize_structure
Treating naive product as final alignment.


*** Rejected
    [0;31m[1751871157.6980 - ERROR] [SKETCH] Sketch Not Resolved Error: 

*** Rejected
The sketch could not be resolved.[0m
    [0;32m[1751871157.7160 - DEBUG] [SKETCH] stack trace written to file: /home/rob/.sketch/tmp/stacktrace.txt[0m
    [0;32m[1751871157.7161 - DEBUG] Backend solver input file at /home/rob/.sketch/tmp/sketch.sk/input0.tmp[0m
Failed to solve sketch.

Beginning Iteration
-------------------
add_unrolls: true
depth: 2
cost function: optimize_choice
Treating naive product as final alignment.


*** Rejected
    [0;31m[1751871159.3390 - ERROR] [SKETCH] Sketch Not Resolved Error: 

*** Rejected
The sketch could not be resolved.[0m
    [0;32m[1751871159.3470 - DEBUG] [SKETCH] stack trace written to file: /home/rob/.sketch/tmp/stacktrace.txt[0m
    [0;32m[1751871159.3471 - DEBUG] Backend solver input file at /home/rob/.sketch/tmp/sketch.sk/input0.tmp[0m
Failed to solve sketch.

Beginning Iteration
-------------------
add_unrolls: false
depth: 3
cost function: optimize_structure
Treating naive product as final alignment.
  UNSATISFIABLE ASSERTION Assert at sketch.sk:133 (2)

*** Rejected
    [0;31m[1751871162.6570 - ERROR] [SKETCH] Sketch Not Resolved Error:   UNSATISFIABLE ASSERTION Assert at sketch.sk:133 (2)

*** Rejected
The sketch could not be resolved.[0m
    [0;32m[1751871162.6640 - DEBUG] [SKETCH] stack trace written to file: /home/rob/.sketch/tmp/stacktrace.txt[0m
    [0;32m[1751871162.6641 - DEBUG] Backend solver input file at /home/rob/.sketch/tmp/sketch.sk/input0.tmp[0m
Failed to solve sketch.

Beginning Iteration
-------------------
add_unrolls: false
depth: 3
cost function: optimize_choice
Treating naive product as final alignment.
  UNSATISFIABLE ASSERTION Assert at sketch.sk:133 (2)

*** Rejected
    [0;31m[1751871164.9160 - ERROR] [SKETCH] Sketch Not Resolved Error:   UNSATISFIABLE ASSERTION Assert at sketch.sk:133 (2)

*** Rejected
The sketch could not be resolved.[0m
    [0;32m[1751871164.9230 - DEBUG] [SKETCH] stack trace written to file: /home/rob/.sketch/tmp/stacktrace.txt[0m
    [0;32m[1751871164.9231 - DEBUG] Backend solver input file at /home/rob/.sketch/tmp/sketch.sk/input0.tmp[0m
Failed to solve sketch.

Beginning Iteration
-------------------
add_unrolls: true
depth: 3
cost function: optimize_structure
Treating naive product as final alignment.
  UNSATISFIABLE ASSERTION Assert at sketch.sk:133 (2)

*** Rejected
    [0;31m[1751871168.2420 - ERROR] [SKETCH] Sketch Not Resolved Error:   UNSATISFIABLE ASSERTION Assert at sketch.sk:133 (2)

*** Rejected
The sketch could not be resolved.[0m
    [0;32m[1751871168.2490 - DEBUG] [SKETCH] stack trace written to file: /home/rob/.sketch/tmp/stacktrace.txt[0m
    [0;32m[1751871168.2491 - DEBUG] Backend solver input file at /home/rob/.sketch/tmp/sketch.sk/input0.tmp[0m
Failed to solve sketch.

Beginning Iteration
-------------------
add_unrolls: true
depth: 3
cost function: optimize_choice
Treating naive product as final alignment.
  UNSATISFIABLE ASSERTION Assert at sketch.sk:133 (2)

*** Rejected
    [0;31m[1751871171.6200 - ERROR] [SKETCH] Sketch Not Resolved Error:   UNSATISFIABLE ASSERTION Assert at sketch.sk:133 (2)

*** Rejected
The sketch could not be resolved.[0m
    [0;32m[1751871171.6270 - DEBUG] [SKETCH] stack trace written to file: /home/rob/.sketch/tmp/stacktrace.txt[0m
    [0;32m[1751871171.6271 - DEBUG] Backend solver input file at /home/rob/.sketch/tmp/sketch.sk/input0.tmp[0m
Failed to solve sketch.

Beginning Iteration
-------------------
add_unrolls: false
depth: 4
cost function: optimize_structure
Treating naive product as final alignment.
  UNSATISFIABLE ASSERTION Assert at sketch.sk:133 (2)

*** Rejected
    [0;31m[1751871256.3680 - ERROR] [SKETCH] Sketch Not Resolved Error:   UNSATISFIABLE ASSERTION Assert at sketch.sk:133 (2)

*** Rejected
The sketch could not be resolved.[0m
    [0;32m[1751871256.3750 - DEBUG] [SKETCH] stack trace written to file: /home/rob/.sketch/tmp/stacktrace.txt[0m
    [0;32m[1751871256.3751 - DEBUG] Backend solver input file at /home/rob/.sketch/tmp/sketch.sk/input0.tmp[0m
Failed to solve sketch.

Beginning Iteration
-------------------
add_unrolls: false
depth: 4
cost function: optimize_choice
Treating naive product as final alignment.
  UNSATISFIABLE ASSERTION Assert at sketch.sk:133 (2)

*** Rejected
    [0;31m[1751871337.7550 - ERROR] [SKETCH] Sketch Not Resolved Error:   UNSATISFIABLE ASSERTION Assert at sketch.sk:133 (2)

*** Rejected
The sketch could not be resolved.[0m
    [0;32m[1751871337.7610 - DEBUG] [SKETCH] stack trace written to file: /home/rob/.sketch/tmp/stacktrace.txt[0m
    [0;32m[1751871337.7611 - DEBUG] Backend solver input file at /home/rob/.sketch/tmp/sketch.sk/input0.tmp[0m
Failed to solve sketch.

Beginning Iteration
-------------------
add_unrolls: true
depth: 4
cost function: optimize_structure
Treating naive product as final alignment.
