/usr/bin/clang-14 -c -emit-llvm -D__SEAHORN__ -fdeclspec -O1 -Xclang -disable-llvm-optzns -fgnu89-inline -m64 -I/home/usea/seahorn/include -o /tmp/sea-cses6jas/array-int-una.bc ./results/alignments/sousa/unaligned/array-int-una.c
./results/alignments/sousa/unaligned/array-int-una.c:5:5: warning: variable length array folded to constant array as an extension [-Wgnu-folding-constant]
int left_o1[left_o1_length];
    ^
./results/alignments/sousa/unaligned/array-int-una.c:6:5: warning: variable length array folded to constant array as an extension [-Wgnu-folding-constant]
int left_o2[left_o2_length];
    ^
./results/alignments/sousa/unaligned/array-int-una.c:9:5: warning: variable length array folded to constant array as an extension [-Wgnu-folding-constant]
int right_o1[right_o1_length];
    ^
./results/alignments/sousa/unaligned/array-int-una.c:10:5: warning: variable length array folded to constant array as an extension [-Wgnu-folding-constant]
int right_o2[right_o2_length];
    ^
./results/alignments/sousa/unaligned/array-int-una.c:12:1: warning: return type of 'main' is not 'int' [-Wmain-return-type]
void main() {
^
./results/alignments/sousa/unaligned/array-int-una.c:12:1: note: change return type to 'int'
void main() {
^~~~
int
5 warnings generated.
/home/usea/seahorn/bin/seapp -o /tmp/sea-cses6jas/array-int-una.pp.bc --simplifycfg-sink-common=false --strip-extern=false --promote-assumptions=false --kill-vaarg=true --ignore-def-verifier-fn=false --horn-keep-arith-overflow=false /tmp/sea-cses6jas/array-int-una.bc
/home/usea/seahorn/bin/seapp --simplifycfg-sink-common=false -o /tmp/sea-cses6jas/array-int-una.pp.ms.bc --horn-mixed-sem --ms-reduce-main /tmp/sea-cses6jas/array-int-una.pp.bc
/home/usea/seahorn/bin/seaopt -f --simplifycfg-sink-common=false -o /tmp/sea-cses6jas/array-int-una.pp.ms.o.bc -O3 --seaopt-enable-indvar=false --seaopt-enable-loop-idiom=false --unroll-threshold=150 --unroll-allow-partial=false --unroll-partial-threshold=0 --vectorize-slp=false /tmp/sea-cses6jas/array-int-una.pp.ms.bc
/home/usea/seahorn/bin/seahorn --keep-shadows=true --sea-dsa=ci --horn-solve -horn-inter-proc -horn-sem-lvl=mem --horn-step=large /tmp/sea-cses6jas/array-int-una.pp.ms.o.bc --horn-strictly-la=false
WARNING: no assertion was found so either program does not have assertions or frontend discharged them.
unsat

real	0m0.115s
user	0m0.067s
sys	0m0.048s
