
Beginning Iteration
-------------------
add_unrolls: false
depth: 1
cost function: optimize_structure
Computed alignment by local loop counting.
  UNSATISFIABLE ASSERTION Assert at sketch.sk:44 (2)

*** Rejected
    [0;31m[1751564008.8260 - ERROR] [SKETCH] Sketch Not Resolved Error:   UNSATISFIABLE ASSERTION Assert at sketch.sk:44 (2)

*** Rejected
The sketch could not be resolved.[0m
    [0;32m[1751564008.8320 - DEBUG] [SKETCH] stack trace written to file: /home/rob/.sketch/tmp/stacktrace.txt[0m
    [0;32m[1751564008.8321 - DEBUG] Backend solver input file at /home/rob/.sketch/tmp/sketch.sk/input0.tmp[0m
Failed to solve sketch.

Beginning Iteration
-------------------
add_unrolls: false
depth: 1
cost function: optimize_choice
Computed alignment by local loop counting.
  UNSATISFIABLE ASSERTION Assert at sketch.sk:44 (2)

*** Rejected
    [0;31m[1751564010.1250 - ERROR] [SKETCH] Sketch Not Resolved Error:   UNSATISFIABLE ASSERTION Assert at sketch.sk:44 (2)

*** Rejected
The sketch could not be resolved.[0m
    [0;32m[1751564010.1310 - DEBUG] [SKETCH] stack trace written to file: /home/rob/.sketch/tmp/stacktrace.txt[0m
    [0;32m[1751564010.1320 - DEBUG] Backend solver input file at /home/rob/.sketch/tmp/sketch.sk/input0.tmp[0m
Failed to solve sketch.

Beginning Iteration
-------------------
add_unrolls: true
depth: 1
cost function: optimize_structure
Computed alignment by local loop counting.
  UNSATISFIABLE ASSERTION Assert at sketch.sk:44 (2)

*** Rejected
    [0;31m[1751564011.4290 - ERROR] [SKETCH] Sketch Not Resolved Error:   UNSATISFIABLE ASSERTION Assert at sketch.sk:44 (2)

*** Rejected
The sketch could not be resolved.[0m
    [0;32m[1751564011.4350 - DEBUG] [SKETCH] stack trace written to file: /home/rob/.sketch/tmp/stacktrace.txt[0m
    [0;32m[1751564011.4351 - DEBUG] Backend solver input file at /home/rob/.sketch/tmp/sketch.sk/input0.tmp[0m
Failed to solve sketch.

Beginning Iteration
-------------------
add_unrolls: true
depth: 1
cost function: optimize_choice
Computed alignment by local loop counting.
  UNSATISFIABLE ASSERTION Assert at sketch.sk:44 (2)

*** Rejected
    [0;31m[1751564012.7560 - ERROR] [SKETCH] Sketch Not Resolved Error:   UNSATISFIABLE ASSERTION Assert at sketch.sk:44 (2)

*** Rejected
The sketch could not be resolved.[0m
    [0;32m[1751564012.7630 - DEBUG] [SKETCH] stack trace written to file: /home/rob/.sketch/tmp/stacktrace.txt[0m
    [0;32m[1751564012.7631 - DEBUG] Backend solver input file at /home/rob/.sketch/tmp/sketch.sk/input0.tmp[0m
Failed to solve sketch.

Beginning Iteration
-------------------
add_unrolls: false
depth: 2
cost function: optimize_structure
Computed alignment by local loop counting.
Writing Daikon to /home/rob/code/kestrel/.kestrel-work/daikon_output.c...
Done
Compiling Daikon output...
Running Kvasir...
==47966== kvasir-5.8.18, C/C++ Language Front-End for Daikon with DynComp comparability analysis tool.
==47966== Copyright (C) 2007-2022, University of Washington CSE PLSE Group
==47966== Using Valgrind-3.19.0.Fjalar and LibVEX; rerun with -h for copyright info
==47966== Command: /home/rob/code/kestrel/.kestrel-work/daikon_output
==47966== 
==47967== 
==47967== For lists of detected and suppressed errors, rerun with: -s
==47967== ERROR SUMMARY: 0 errors from 0 contexts (suppressed: 0 from 0)
==47968== 
==47968== For lists of detected and suppressed errors, rerun with: -s
==47968== ERROR SUMMARY: 0 errors from 0 contexts (suppressed: 0 from 0)
==47969== 
==47969== For lists of detected and suppressed errors, rerun with: -s
==47969== ERROR SUMMARY: 0 errors from 0 contexts (suppressed: 0 from 0)
==47970== 
==47970== For lists of detected and suppressed errors, rerun with: -s
==47970== ERROR SUMMARY: 0 errors from 0 contexts (suppressed: 0 from 0)
==47971== 
==47971== For lists of detected and suppressed errors, rerun with: -s
==47971== ERROR SUMMARY: 0 errors from 0 contexts (suppressed: 0 from 0)
==47972== 
==47972== For lists of detected and suppressed errors, rerun with: -s
==47972== ERROR SUMMARY: 0 errors from 0 contexts (suppressed: 0 from 0)
==47973== 
==47973== For lists of detected and suppressed errors, rerun with: -s
==47973== ERROR SUMMARY: 0 errors from 0 contexts (suppressed: 0 from 0)
==47974== 
==47974== For lists of detected and suppressed errors, rerun with: -s
==47974== ERROR SUMMARY: 0 errors from 0 contexts (suppressed: 0 from 0)
==47975== 
==47975== For lists of detected and suppressed errors, rerun with: -s
==47975== ERROR SUMMARY: 0 errors from 0 contexts (suppressed: 0 from 0)
==47976== 
==47976== For lists of detected and suppressed errors, rerun with: -s
==47976== ERROR SUMMARY: 0 errors from 0 contexts (suppressed: 0 from 0)
==47977== 
==47977== For lists of detected and suppressed errors, rerun with: -s
==47977== ERROR SUMMARY: 0 errors from 0 contexts (suppressed: 0 from 0)
==47978== 
==47978== For lists of detected and suppressed errors, rerun with: -s
==47978== ERROR SUMMARY: 0 errors from 0 contexts (suppressed: 0 from 0)
==47979== 
==47979== For lists of detected and suppressed errors, rerun with: -s
==47979== ERROR SUMMARY: 0 errors from 0 contexts (suppressed: 0 from 0)
==47980== 
==47980== For lists of detected and suppressed errors, rerun with: -s
==47980== ERROR SUMMARY: 0 errors from 0 contexts (suppressed: 0 from 0)
==47981== 
==47981== For lists of detected and suppressed errors, rerun with: -s
==47981== ERROR SUMMARY: 0 errors from 0 contexts (suppressed: 0 from 0)
==47983== 
==47983== For lists of detected and suppressed errors, rerun with: -s
==47983== ERROR SUMMARY: 0 errors from 0 contexts (suppressed: 0 from 0)
==47984== 
==47984== For lists of detected and suppressed errors, rerun with: -s
==47984== ERROR SUMMARY: 0 errors from 0 contexts (suppressed: 0 from 0)
==47985== 
==47985== For lists of detected and suppressed errors, rerun with: -s
==47985== ERROR SUMMARY: 0 errors from 0 contexts (suppressed: 0 from 0)
==47986== 
==47986== For lists of detected and suppressed errors, rerun with: -s
==47986== ERROR SUMMARY: 0 errors from 0 contexts (suppressed: 0 from 0)
==47987== 
==47987== For lists of detected and suppressed errors, rerun with: -s
==47987== ERROR SUMMARY: 0 errors from 0 contexts (suppressed: 0 from 0)
==47966== 
==47966== For lists of detected and suppressed errors, rerun with: -s
==47966== ERROR SUMMARY: 0 errors from 0 contexts (suppressed: 0 from 0)
Running Daikon...
houdafny.dfy(13,2): Warning: assume statement has no {:axiom} annotation
   |
13 |   assume true;
   |   ^^^^^^^^^^^^

houdafny.dfy(17,2): Warning: assume statement has no {:axiom} annotation
   |
17 |   assume (l_r == 0) || (l_r == 1);
   |   ^^^^^^^^^^^^^^^^^^^^^^^^^^^^^^^^


Dafny program verifier finished with 1 verified, 0 errors


Aligned Product Program
-----------------------

function flipCoin(): int

function havoc_1(): int

function choice_n_2(l_r: int, l_ret: int): int {
  if (l_ret < l_r) then l_ret else 1
 }

method Product()
  decreases *
{
  assume true;
  var l_r: int;
  assert true;
  l_r := havoc_1();
  assume (l_r == 0) || (l_r == 1);
  var l_ret: int;
  l_ret := 0;
  var r_r: int;
  var n_2: int := choice_n_2(l_r, l_ret);
  assert (n_2 == 0) || (n_2 == 1);
  r_r := n_2;
  var r_ret: int;
  r_ret := 0;
  if ((l_r == 0) && (r_r == 0)) {
    l_ret := 20;
    r_ret := 10;
  } else {
    if ((l_r == 0) && (!(r_r == 0))) {
      l_ret := 20;
      r_ret := 20;
    } else {
      if ((!(l_r == 0)) && (r_r == 0)) {
        l_ret := 10;
        r_ret := 10;
      } else {
        l_ret := 10;
        r_ret := 20;
      }
    }
  }
  assert l_ret == r_ret;
}


Per-Task Times (ms)
-------------------
insert-elaenia-specs: 0
set-parameters: 0
print-info: 0
elaenia-syntactic-alignment: 0
aligned-crel: 0
print-info: 0
print-info: 0
insert-elaenia-specs: 0
write-sketch: 0
solve-sketch: 1305
elaenia-invars: 0
houdafny: 0
compound_task: 1306
set-parameters: 0
print-info: 0
elaenia-syntactic-alignment: 1
aligned-crel: 0
print-info: 0
print-info: 0
insert-elaenia-specs: 0
write-sketch: 0
solve-sketch: 1297
elaenia-invars: 0
houdafny: 0
compound_task: 1299
set-parameters: 0
print-info: 0
elaenia-syntactic-alignment: 0
aligned-crel: 0
print-info: 0
print-info: 0
insert-elaenia-specs: 0
write-sketch: 0
solve-sketch: 1312
elaenia-invars: 0
houdafny: 0
compound_task: 1313
set-parameters: 0
print-info: 0
elaenia-syntactic-alignment: 0
aligned-crel: 0
print-info: 0
print-info: 0
insert-elaenia-specs: 0
write-sketch: 0
solve-sketch: 1329
elaenia-invars: 0
houdafny: 0
compound_task: 1331
set-parameters: 0
print-info: 0
elaenia-syntactic-alignment: 0
aligned-crel: 0
print-info: 0
print-info: 0
insert-elaenia-specs: 0
write-sketch: 0
solve-sketch: 365
elaenia-invars: 1665
houdafny: 1057
repeat_range: 8342
write-dafny: 0
print-info: 0


Extraction Settings
-------------------
Max AST Depth: 2
Loop unrolling: false
Cost function: structure
Max AST Depth: 2

Elaenia completed in 8342ms
Verified: true
