
Beginning Iteration
-------------------
add_unrolls: false
depth: 1
cost function: optimize_structure
Computed alignment by local loop counting.
Writing Daikon to /home/rob/code/kestrel/.kestrel-work/daikon_output.c...
Done
Compiling Daikon output...
Running Kvasir...
==48140== kvasir-5.8.18, C/C++ Language Front-End for Daikon with DynComp comparability analysis tool.
==48140== Copyright (C) 2007-2022, University of Washington CSE PLSE Group
==48140== Using Valgrind-3.19.0.Fjalar and LibVEX; rerun with -h for copyright info
==48140== Command: /home/rob/code/kestrel/.kestrel-work/daikon_output
==48140== 
==48141== 
==48141== For lists of detected and suppressed errors, rerun with: -s
==48141== ERROR SUMMARY: 0 errors from 0 contexts (suppressed: 0 from 0)
==48142== 
==48142== For lists of detected and suppressed errors, rerun with: -s
==48142== ERROR SUMMARY: 0 errors from 0 contexts (suppressed: 0 from 0)
==48143== 
==48143== For lists of detected and suppressed errors, rerun with: -s
==48143== ERROR SUMMARY: 0 errors from 0 contexts (suppressed: 0 from 0)
==48144== 
==48144== For lists of detected and suppressed errors, rerun with: -s
==48144== ERROR SUMMARY: 0 errors from 0 contexts (suppressed: 0 from 0)
==48145== 
==48145== For lists of detected and suppressed errors, rerun with: -s
==48145== ERROR SUMMARY: 0 errors from 0 contexts (suppressed: 0 from 0)
==48146== 
==48146== For lists of detected and suppressed errors, rerun with: -s
==48146== ERROR SUMMARY: 0 errors from 0 contexts (suppressed: 0 from 0)
==48147== 
==48147== For lists of detected and suppressed errors, rerun with: -s
==48147== ERROR SUMMARY: 0 errors from 0 contexts (suppressed: 0 from 0)
==48148== 
==48148== For lists of detected and suppressed errors, rerun with: -s
==48148== ERROR SUMMARY: 0 errors from 0 contexts (suppressed: 0 from 0)
==48149== 
==48149== For lists of detected and suppressed errors, rerun with: -s
==48149== ERROR SUMMARY: 0 errors from 0 contexts (suppressed: 0 from 0)
==48150== 
==48150== For lists of detected and suppressed errors, rerun with: -s
==48150== ERROR SUMMARY: 0 errors from 0 contexts (suppressed: 0 from 0)
==48151== 
==48151== For lists of detected and suppressed errors, rerun with: -s
==48151== ERROR SUMMARY: 0 errors from 0 contexts (suppressed: 0 from 0)
==48152== 
==48152== For lists of detected and suppressed errors, rerun with: -s
==48152== ERROR SUMMARY: 0 errors from 0 contexts (suppressed: 0 from 0)
==48153== 
==48153== For lists of detected and suppressed errors, rerun with: -s
==48153== ERROR SUMMARY: 0 errors from 0 contexts (suppressed: 0 from 0)
==48154== 
==48154== For lists of detected and suppressed errors, rerun with: -s
==48154== ERROR SUMMARY: 0 errors from 0 contexts (suppressed: 0 from 0)
==48155== 
==48155== For lists of detected and suppressed errors, rerun with: -s
==48155== ERROR SUMMARY: 0 errors from 0 contexts (suppressed: 0 from 0)
==48156== 
==48156== For lists of detected and suppressed errors, rerun with: -s
==48156== ERROR SUMMARY: 0 errors from 0 contexts (suppressed: 0 from 0)
==48157== 
==48157== For lists of detected and suppressed errors, rerun with: -s
==48157== ERROR SUMMARY: 0 errors from 0 contexts (suppressed: 0 from 0)
==48158== 
==48158== For lists of detected and suppressed errors, rerun with: -s
==48158== ERROR SUMMARY: 0 errors from 0 contexts (suppressed: 0 from 0)
==48159== 
==48159== For lists of detected and suppressed errors, rerun with: -s
==48159== ERROR SUMMARY: 0 errors from 0 contexts (suppressed: 0 from 0)
==48160== 
==48160== For lists of detected and suppressed errors, rerun with: -s
==48160== ERROR SUMMARY: 0 errors from 0 contexts (suppressed: 0 from 0)
==48140== 
==48140== For lists of detected and suppressed errors, rerun with: -s
==48140== ERROR SUMMARY: 0 errors from 0 contexts (suppressed: 0 from 0)
Running Daikon...
houdafny.dfy(11,2): Warning: assume statement has no {:axiom} annotation
   |
11 |   assume (r_handValue_in >= 2) && (r_handValue_in <= 20);
   |   ^^^^^^^^^^^^^^^^^^^^^^^^^^^^^^^^^^^^^^^^^^^^^^^^^^^^^^^


Dafny program verifier finished with 1 verified, 0 errors


Aligned Product Program
-----------------------

function draw(): int

function choice_n_1(l_x: int, r_handValue: int): int {
  1
 }

method Product(r_handValue_in: int)
  decreases *
{
  assume (r_handValue_in >= 2) && (r_handValue_in <= 20);
  var l_x: int;
  l_x := 0;
  var r_handValue: int;
  r_handValue := r_handValue_in;
  while (r_handValue < 21)
    decreases *
    invariant r_handValue <= 21
    invariant l_x == 0
    invariant l_x <= 0
    invariant l_x >= 0
    invariant r_handValue != 0
    invariant r_handValue >= 2
  {
    var r_card: int;
    var n_1: int := choice_n_1(l_x, r_handValue);
    assert (n_1 >= 1) && (n_1 <= 10);
    r_card := n_1;
    r_handValue := (r_handValue + r_card);
  }
  assert r_handValue == 21;
}


Per-Task Times (ms)
-------------------
insert-elaenia-specs: 0
set-parameters: 0
print-info: 0
elaenia-syntactic-alignment: 0
aligned-crel: 0
print-info: 0
print-info: 0
insert-elaenia-specs: 0
write-sketch: 0
solve-sketch: 414
elaenia-invars: 1742
houdafny: 1019
repeat_range: 3178
write-dafny: 0
print-info: 0


Extraction Settings
-------------------
Max AST Depth: 1
Loop unrolling: false
Cost function: structure
Max AST Depth: 1

Elaenia completed in 3178ms
Verified: true
