
Beginning Iteration
-------------------
add_unrolls: false
depth: 1
cost function: optimize_structure
Computed alignment by local loop counting.
Writing Daikon to /home/rob/code/kestrel/.kestrel-work/daikon_output.c...
Done
Compiling Daikon output...
Running Kvasir...
==50820== kvasir-5.8.18, C/C++ Language Front-End for Daikon with DynComp comparability analysis tool.
==50820== Copyright (C) 2007-2022, University of Washington CSE PLSE Group
==50820== Using Valgrind-3.19.0.Fjalar and LibVEX; rerun with -h for copyright info
==50820== Command: /home/rob/code/kestrel/.kestrel-work/daikon_output
==50820==
==50821==
==50821== For lists of detected and suppressed errors, rerun with: -s
==50821== ERROR SUMMARY: 0 errors from 0 contexts (suppressed: 0 from 0)
==50822==
==50822== For lists of detected and suppressed errors, rerun with: -s
==50822== ERROR SUMMARY: 0 errors from 0 contexts (suppressed: 0 from 0)
==50824==
==50824== For lists of detected and suppressed errors, rerun with: -s
==50824== ERROR SUMMARY: 0 errors from 0 contexts (suppressed: 0 from 0)
==50825==
==50825== For lists of detected and suppressed errors, rerun with: -s
==50825== ERROR SUMMARY: 0 errors from 0 contexts (suppressed: 0 from 0)
==50826==
==50826== For lists of detected and suppressed errors, rerun with: -s
==50826== ERROR SUMMARY: 0 errors from 0 contexts (suppressed: 0 from 0)
==50827==
==50827== For lists of detected and suppressed errors, rerun with: -s
==50827== ERROR SUMMARY: 0 errors from 0 contexts (suppressed: 0 from 0)
==50828==
==50828== For lists of detected and suppressed errors, rerun with: -s
==50828== ERROR SUMMARY: 0 errors from 0 contexts (suppressed: 0 from 0)
==50829==
==50829== For lists of detected and suppressed errors, rerun with: -s
==50829== ERROR SUMMARY: 0 errors from 0 contexts (suppressed: 0 from 0)
==50830==
==50830== For lists of detected and suppressed errors, rerun with: -s
==50830== ERROR SUMMARY: 0 errors from 0 contexts (suppressed: 0 from 0)
==50831==
==50831== For lists of detected and suppressed errors, rerun with: -s
==50831== ERROR SUMMARY: 0 errors from 0 contexts (suppressed: 0 from 0)
==50832==
==50832== For lists of detected and suppressed errors, rerun with: -s
==50832== ERROR SUMMARY: 0 errors from 0 contexts (suppressed: 0 from 0)
==50833==
==50833== For lists of detected and suppressed errors, rerun with: -s
==50833== ERROR SUMMARY: 0 errors from 0 contexts (suppressed: 0 from 0)
==50834==
==50834== For lists of detected and suppressed errors, rerun with: -s
==50834== ERROR SUMMARY: 0 errors from 0 contexts (suppressed: 0 from 0)
==50835==
==50835== For lists of detected and suppressed errors, rerun with: -s
==50835== ERROR SUMMARY: 0 errors from 0 contexts (suppressed: 0 from 0)
==50836==
==50836== For lists of detected and suppressed errors, rerun with: -s
==50836== ERROR SUMMARY: 0 errors from 0 contexts (suppressed: 0 from 0)
==50837==
==50837== For lists of detected and suppressed errors, rerun with: -s
==50837== ERROR SUMMARY: 0 errors from 0 contexts (suppressed: 0 from 0)
==50838==
==50838== For lists of detected and suppressed errors, rerun with: -s
==50838== ERROR SUMMARY: 0 errors from 0 contexts (suppressed: 0 from 0)
==50839==
==50839== For lists of detected and suppressed errors, rerun with: -s
==50839== ERROR SUMMARY: 0 errors from 0 contexts (suppressed: 0 from 0)
==50840==
==50840== For lists of detected and suppressed errors, rerun with: -s
==50840== ERROR SUMMARY: 0 errors from 0 contexts (suppressed: 0 from 0)
==50841==
==50841== For lists of detected and suppressed errors, rerun with: -s
==50841== ERROR SUMMARY: 0 errors from 0 contexts (suppressed: 0 from 0)
==50820==
==50820== For lists of detected and suppressed errors, rerun with: -s
==50820== ERROR SUMMARY: 0 errors from 0 contexts (suppressed: 0 from 0)
Running Daikon...
houdafny.dfy(19,2): Warning: assume statement has no {:axiom} annotation
   |
19 |   assume true;
   |   ^^^^^^^^^^^^

houdafny.dfy(36,4): Warning: assume statement has no {:axiom} annotation
   |
36 |     assume (0 <= l_r) && ((l_r < 10) && ((l_r % 2) == 1));
   |     ^^^^^^^^^^^^^^^^^^^^^^^^^^^^^^^^^^^^^^^^^^^^^^^^^^^^^^

houdafny.dfy(44,6): Warning: assume statement has no {:axiom} annotation
   |
44 |       assume l_sum > 100;
   |       ^^^^^^^^^^^^^^^^^^^

houdafny.dfy(45,6): Warning: assume statement has no {:axiom} annotation
   |
45 |       assume r_sum > 100;
   |       ^^^^^^^^^^^^^^^^^^^

houdafny.dfy(48,8): Warning: assume statement has no {:axiom} annotation
   |
48 |         assume l_sum > 100;
   |         ^^^^^^^^^^^^^^^^^^^

houdafny.dfy(51,10): Warning: assume statement has no {:axiom} annotation
   |
51 |           assume r_sum > 100;
   |           ^^^^^^^^^^^^^^^^^^^

houdafny.dfy(63,6): Warning: assume statement has no {:axiom} annotation
   |
63 |       assume !(r_sum <= 100);
   |       ^^^^^^^^^^^^^^^^^^^^^^^

houdafny.dfy(67,6): Warning: assume statement has no {:axiom} annotation
   |
67 |       assume (0 <= l_r) && ((l_r < 10) && ((l_r % 2) == 1));
   |       ^^^^^^^^^^^^^^^^^^^^^^^^^^^^^^^^^^^^^^^^^^^^^^^^^^^^^^

houdafny.dfy(70,8): Warning: assume statement has no {:axiom} annotation
   |
70 |         assume l_sum > 100;
   |         ^^^^^^^^^^^^^^^^^^^

houdafny.dfy(81,6): Warning: assume statement has no {:axiom} annotation
   |
81 |       assume !(l_sum <= 100);
   |       ^^^^^^^^^^^^^^^^^^^^^^^

houdafny.dfy(88,8): Warning: assume statement has no {:axiom} annotation
   |
88 |         assume r_sum > 100;
   |         ^^^^^^^^^^^^^^^^^^^


Dafny program verifier finished with 1 verified, 0 errors


Aligned Product Program
-----------------------

function randI(): int

function randOdd(): int

function havoc_1(r_i: int, r_sum: int, l_i: int, l_sum: int): int

function havoc_3(r_i: int, r_sum: int, l_i: int, l_sum: int): int

function choice_n_2(r_i: int, r_sum: int, l_i: int, l_sum: int): int

function choice_n_4(r_i: int, r_sum: int, l_i: int, l_sum: int, l_r: int): int {
  l_r
 }

method Product()
  decreases *
{
  assume true;
  var l_sum: int;
  l_sum := 0;
  var l_i: int;
  l_i := 0;
  var r_sum: int;
  r_sum := 0;
  var r_i: int;
  r_i := 0;
  while ((l_sum <= 100) && (r_sum <= 100))
    decreases *
    invariant l_sum == r_sum
    invariant l_i == r_i
  {
    var l_r: int;
    assert true;
    l_r := havoc_3(r_i, r_sum, l_i, l_sum);
    assume (0 <= l_r) && ((l_r < 10) && ((l_r % 2) == 1));
    l_sum := ((l_sum + l_r) + 1);
    var r_r: int;
    var n_4: int := choice_n_4(r_i, r_sum, l_i, l_sum, l_r);
    assert (0 <= n_4) && (n_4 < 10);
    r_r := n_4;
    r_sum := ((r_sum + r_r) + 1);
    if ((l_i > 5) && (r_i > 5)) {
      assume l_sum > 100;
      assume r_sum > 100;
    } else {
      if ((l_i > 5) && (!(r_i > 5))) {
        assume l_sum > 100;
      } else {
        if ((!(l_i > 5)) && (r_i > 5)) {
          assume r_sum > 100;
        } else {
        }
      }
    }
    l_i := (l_i + 1);
    r_i := (r_i + 1);
  }
  if (l_sum <= 100) {
    while (l_sum <= 100)
      decreases *
    {
      assume !(r_sum <= 100);
      var l_r: int;
      assert true;
      l_r := havoc_1(r_i, r_sum, l_i, l_sum);
      assume (0 <= l_r) && ((l_r < 10) && ((l_r % 2) == 1));
      l_sum := ((l_sum + l_r) + 1);
      if (l_i > 5) {
        assume l_sum > 100;
      }
      l_i := (l_i + 1);
    }
  }
  if (r_sum <= 100) {
    while (r_sum <= 100)
      decreases *
      invariant l_sum == r_sum
      invariant l_i == r_i
    {
      assume !(l_sum <= 100);
      var r_r: int;
      var n_2: int := choice_n_2(r_i, r_sum, l_i, l_sum);
      assert (0 <= n_2) && (n_2 < 10);
      r_r := n_2;
      r_sum := ((r_sum + r_r) + 1);
      if (r_i > 5) {
        assume r_sum > 100;
      }
      r_i := (r_i + 1);
    }
  }
  assert l_sum == r_sum;
}


Per-Task Times (ms)
-------------------
insert-elaenia-specs: 0
set-parameters: 0
print-info: 0
elaenia-syntactic-alignment: 9
aligned-crel: 0
print-info: 0
print-info: 0
insert-elaenia-specs: 0
write-sketch: 0
solve-sketch: 382
elaenia-invars: 1828
houdafny: 1083
repeat_range: 3303
write-dafny: 0
print-info: 0


Extraction Settings
-------------------
Max AST Depth: 1
Loop unrolling: false
Cost function: structure
Max AST Depth: 1

Elaenia completed in 3304ms
Verified: true