
Beginning Iteration
-------------------
add_unrolls: false
depth: 1
cost function: optimize_structure
Computed alignment by local loop counting.
  UNSATISFIABLE ASSERTION Assert at sketch.sk:65 (2)

*** Rejected
    [0;31m[1751564249.1980 - ERROR] [SKETCH] Sketch Not Resolved Error:   UNSATISFIABLE ASSERTION Assert at sketch.sk:65 (2)

*** Rejected
The sketch could not be resolved.[0m
    [0;32m[1751564249.2050 - DEBUG] [SKETCH] stack trace written to file: /home/rob/.sketch/tmp/stacktrace.txt[0m
    [0;32m[1751564249.2051 - DEBUG] Backend solver input file at /home/rob/.sketch/tmp/sketch.sk/input0.tmp[0m
Failed to solve sketch.

Beginning Iteration
-------------------
add_unrolls: false
depth: 1
cost function: optimize_choice
Computed alignment by local loop counting.
  UNSATISFIABLE ASSERTION Assert at sketch.sk:65 (2)

*** Rejected
    [0;31m[1751564250.5430 - ERROR] [SKETCH] Sketch Not Resolved Error:   UNSATISFIABLE ASSERTION Assert at sketch.sk:65 (2)

*** Rejected
The sketch could not be resolved.[0m
    [0;32m[1751564250.5500 - DEBUG] [SKETCH] stack trace written to file: /home/rob/.sketch/tmp/stacktrace.txt[0m
    [0;32m[1751564250.5501 - DEBUG] Backend solver input file at /home/rob/.sketch/tmp/sketch.sk/input0.tmp[0m
Failed to solve sketch.

Beginning Iteration
-------------------
add_unrolls: true
depth: 1
cost function: optimize_structure
Computed alignment by local loop counting.
  UNSATISFIABLE ASSERTION Assert at sketch.sk:65 (2)

*** Rejected
    [0;31m[1751564251.8980 - ERROR] [SKETCH] Sketch Not Resolved Error:   UNSATISFIABLE ASSERTION Assert at sketch.sk:65 (2)

*** Rejected
The sketch could not be resolved.[0m
    [0;32m[1751564251.9050 - DEBUG] [SKETCH] stack trace written to file: /home/rob/.sketch/tmp/stacktrace.txt[0m
    [0;32m[1751564251.9051 - DEBUG] Backend solver input file at /home/rob/.sketch/tmp/sketch.sk/input0.tmp[0m
Failed to solve sketch.

Beginning Iteration
-------------------
add_unrolls: true
depth: 1
cost function: optimize_choice
Computed alignment by local loop counting.
  UNSATISFIABLE ASSERTION Assert at sketch.sk:65 (2)

*** Rejected
    [0;31m[1751564253.2520 - ERROR] [SKETCH] Sketch Not Resolved Error:   UNSATISFIABLE ASSERTION Assert at sketch.sk:65 (2)

*** Rejected
The sketch could not be resolved.[0m
    [0;32m[1751564253.2580 - DEBUG] [SKETCH] stack trace written to file: /home/rob/.sketch/tmp/stacktrace.txt[0m
    [0;32m[1751564253.2590 - DEBUG] Backend solver input file at /home/rob/.sketch/tmp/sketch.sk/input0.tmp[0m
Failed to solve sketch.

Beginning Iteration
-------------------
add_unrolls: false
depth: 2
cost function: optimize_structure
Computed alignment by local loop counting.


*** Rejected
    [0;31m[1751564254.6360 - ERROR] [SKETCH] Sketch Not Resolved Error: 

*** Rejected
The sketch could not be resolved.[0m
    [0;32m[1751564254.6430 - DEBUG] [SKETCH] stack trace written to file: /home/rob/.sketch/tmp/stacktrace.txt[0m
    [0;32m[1751564254.6431 - DEBUG] Backend solver input file at /home/rob/.sketch/tmp/sketch.sk/input0.tmp[0m
Failed to solve sketch.

Beginning Iteration
-------------------
add_unrolls: false
depth: 2
cost function: optimize_choice
Computed alignment by local loop counting.


*** Rejected
    [0;31m[1751564256.0250 - ERROR] [SKETCH] Sketch Not Resolved Error: 

*** Rejected
The sketch could not be resolved.[0m
    [0;32m[1751564256.0320 - DEBUG] [SKETCH] stack trace written to file: /home/rob/.sketch/tmp/stacktrace.txt[0m
    [0;32m[1751564256.0321 - DEBUG] Backend solver input file at /home/rob/.sketch/tmp/sketch.sk/input0.tmp[0m
Failed to solve sketch.

Beginning Iteration
-------------------
add_unrolls: true
depth: 2
cost function: optimize_structure
Computed alignment by local loop counting.


*** Rejected
    [0;31m[1751564258.4120 - ERROR] [SKETCH] Sketch Not Resolved Error: 

*** Rejected
The sketch could not be resolved.[0m
    [0;32m[1751564258.4190 - DEBUG] [SKETCH] stack trace written to file: /home/rob/.sketch/tmp/stacktrace.txt[0m
    [0;32m[1751564258.4191 - DEBUG] Backend solver input file at /home/rob/.sketch/tmp/sketch.sk/input0.tmp[0m
Failed to solve sketch.

Beginning Iteration
-------------------
add_unrolls: true
depth: 2
cost function: optimize_choice
Computed alignment by local loop counting.


*** Rejected
    [0;31m[1751564259.8210 - ERROR] [SKETCH] Sketch Not Resolved Error: 

*** Rejected
The sketch could not be resolved.[0m
    [0;32m[1751564259.8280 - DEBUG] [SKETCH] stack trace written to file: /home/rob/.sketch/tmp/stacktrace.txt[0m
    [0;32m[1751564259.8281 - DEBUG] Backend solver input file at /home/rob/.sketch/tmp/sketch.sk/input0.tmp[0m
Failed to solve sketch.

Beginning Iteration
-------------------
add_unrolls: false
depth: 3
cost function: optimize_structure
Computed alignment by local loop counting.
Writing Daikon to /home/rob/code/kestrel/.kestrel-work/daikon_output.c...
Done
Compiling Daikon output...
Running Kvasir...
==51781== kvasir-5.8.18, C/C++ Language Front-End for Daikon with DynComp comparability analysis tool.
==51781== Copyright (C) 2007-2022, University of Washington CSE PLSE Group
==51781== Using Valgrind-3.19.0.Fjalar and LibVEX; rerun with -h for copyright info
==51781== Command: /home/rob/code/kestrel/.kestrel-work/daikon_output
==51781== 
==51782== 
==51782== For lists of detected and suppressed errors, rerun with: -s
==51782== ERROR SUMMARY: 0 errors from 0 contexts (suppressed: 0 from 0)
==51783== 
==51783== For lists of detected and suppressed errors, rerun with: -s
==51783== ERROR SUMMARY: 0 errors from 0 contexts (suppressed: 0 from 0)
==51784== 
==51784== For lists of detected and suppressed errors, rerun with: -s
==51784== ERROR SUMMARY: 0 errors from 0 contexts (suppressed: 0 from 0)
==51785== 
==51785== For lists of detected and suppressed errors, rerun with: -s
==51785== ERROR SUMMARY: 0 errors from 0 contexts (suppressed: 0 from 0)
==51786== 
==51786== For lists of detected and suppressed errors, rerun with: -s
==51786== ERROR SUMMARY: 0 errors from 0 contexts (suppressed: 0 from 0)
==51787== 
==51787== For lists of detected and suppressed errors, rerun with: -s
==51787== ERROR SUMMARY: 0 errors from 0 contexts (suppressed: 0 from 0)
==51788== 
==51788== For lists of detected and suppressed errors, rerun with: -s
==51788== ERROR SUMMARY: 0 errors from 0 contexts (suppressed: 0 from 0)
==51789== 
==51789== For lists of detected and suppressed errors, rerun with: -s
==51789== ERROR SUMMARY: 0 errors from 0 contexts (suppressed: 0 from 0)
==51790== 
==51790== For lists of detected and suppressed errors, rerun with: -s
==51790== ERROR SUMMARY: 0 errors from 0 contexts (suppressed: 0 from 0)
==51791== 
==51791== For lists of detected and suppressed errors, rerun with: -s
==51791== ERROR SUMMARY: 0 errors from 0 contexts (suppressed: 0 from 0)
==51792== 
==51792== For lists of detected and suppressed errors, rerun with: -s
==51792== ERROR SUMMARY: 0 errors from 0 contexts (suppressed: 0 from 0)
==51793== 
==51793== For lists of detected and suppressed errors, rerun with: -s
==51793== ERROR SUMMARY: 0 errors from 0 contexts (suppressed: 0 from 0)
==51794== 
==51794== For lists of detected and suppressed errors, rerun with: -s
==51794== ERROR SUMMARY: 0 errors from 0 contexts (suppressed: 0 from 0)
==51795== 
==51795== For lists of detected and suppressed errors, rerun with: -s
==51795== ERROR SUMMARY: 0 errors from 0 contexts (suppressed: 0 from 0)
==51796== 
==51796== For lists of detected and suppressed errors, rerun with: -s
==51796== ERROR SUMMARY: 0 errors from 0 contexts (suppressed: 0 from 0)
==51797== 
==51797== For lists of detected and suppressed errors, rerun with: -s
==51797== ERROR SUMMARY: 0 errors from 0 contexts (suppressed: 0 from 0)
==51798== 
==51798== For lists of detected and suppressed errors, rerun with: -s
==51798== ERROR SUMMARY: 0 errors from 0 contexts (suppressed: 0 from 0)
==51799== 
==51799== For lists of detected and suppressed errors, rerun with: -s
==51799== ERROR SUMMARY: 0 errors from 0 contexts (suppressed: 0 from 0)
==51800== 
==51800== For lists of detected and suppressed errors, rerun with: -s
==51800== ERROR SUMMARY: 0 errors from 0 contexts (suppressed: 0 from 0)
==51801== 
==51801== For lists of detected and suppressed errors, rerun with: -s
==51801== ERROR SUMMARY: 0 errors from 0 contexts (suppressed: 0 from 0)
==51781== 
==51781== For lists of detected and suppressed errors, rerun with: -s
==51781== ERROR SUMMARY: 0 errors from 0 contexts (suppressed: 0 from 0)
Running Daikon...
houdafny.dfy(13,2): Warning: assume statement has no {:axiom} annotation
   |
13 |   assume l_low_in == r_low_in;
   |   ^^^^^^^^^^^^^^^^^^^^^^^^^^^^

houdafny.dfy(42,2): Warning: assume statement has no {:axiom} annotation
   |
42 |   assume (l_flip == 0) || (l_flip == 1);
   |   ^^^^^^^^^^^^^^^^^^^^^^^^^^^^^^^^^^^^^^

houdafny.dfy(64,16): Error: assertion might not hold
   |
64 |   assert (l_low == r_low) && (l_ret == r_ret);
   |           ^^^^^^^^^^^^^^

houdafny.dfy(64,36): Error: assertion might not hold
   |
64 |   assert (l_low == r_low) && (l_ret == r_ret);
   |                               ^^^^^^^^^^^^^^


Dafny program verifier finished with 0 verified, 2 errors


Beginning Iteration
-------------------
add_unrolls: false
depth: 3
cost function: optimize_choice
Computed alignment by local loop counting.
Writing Daikon to /home/rob/code/kestrel/.kestrel-work/daikon_output.c...
Done
Compiling Daikon output...
Running Kvasir...
==51929== kvasir-5.8.18, C/C++ Language Front-End for Daikon with DynComp comparability analysis tool.
==51929== Copyright (C) 2007-2022, University of Washington CSE PLSE Group
==51929== Using Valgrind-3.19.0.Fjalar and LibVEX; rerun with -h for copyright info
==51929== Command: /home/rob/code/kestrel/.kestrel-work/daikon_output
==51929== 
==51930== 
==51930== For lists of detected and suppressed errors, rerun with: -s
==51930== ERROR SUMMARY: 0 errors from 0 contexts (suppressed: 0 from 0)
==51931== 
==51931== For lists of detected and suppressed errors, rerun with: -s
==51931== ERROR SUMMARY: 0 errors from 0 contexts (suppressed: 0 from 0)
==51932== 
==51932== For lists of detected and suppressed errors, rerun with: -s
==51932== ERROR SUMMARY: 0 errors from 0 contexts (suppressed: 0 from 0)
==51933== 
==51933== For lists of detected and suppressed errors, rerun with: -s
==51933== ERROR SUMMARY: 0 errors from 0 contexts (suppressed: 0 from 0)
==51934== 
==51934== For lists of detected and suppressed errors, rerun with: -s
==51934== ERROR SUMMARY: 0 errors from 0 contexts (suppressed: 0 from 0)
==51935== 
==51935== For lists of detected and suppressed errors, rerun with: -s
==51935== ERROR SUMMARY: 0 errors from 0 contexts (suppressed: 0 from 0)
==51936== 
==51936== For lists of detected and suppressed errors, rerun with: -s
==51936== ERROR SUMMARY: 0 errors from 0 contexts (suppressed: 0 from 0)
==51937== 
==51937== For lists of detected and suppressed errors, rerun with: -s
==51937== ERROR SUMMARY: 0 errors from 0 contexts (suppressed: 0 from 0)
==51938== 
==51938== For lists of detected and suppressed errors, rerun with: -s
==51938== ERROR SUMMARY: 0 errors from 0 contexts (suppressed: 0 from 0)
==51939== 
==51939== For lists of detected and suppressed errors, rerun with: -s
==51939== ERROR SUMMARY: 0 errors from 0 contexts (suppressed: 0 from 0)
==51940== 
==51940== For lists of detected and suppressed errors, rerun with: -s
==51940== ERROR SUMMARY: 0 errors from 0 contexts (suppressed: 0 from 0)
==51941== 
==51941== For lists of detected and suppressed errors, rerun with: -s
==51941== ERROR SUMMARY: 0 errors from 0 contexts (suppressed: 0 from 0)
==51942== 
==51942== For lists of detected and suppressed errors, rerun with: -s
==51942== ERROR SUMMARY: 0 errors from 0 contexts (suppressed: 0 from 0)
==51943== 
==51943== For lists of detected and suppressed errors, rerun with: -s
==51943== ERROR SUMMARY: 0 errors from 0 contexts (suppressed: 0 from 0)
==51944== 
==51944== For lists of detected and suppressed errors, rerun with: -s
==51944== ERROR SUMMARY: 0 errors from 0 contexts (suppressed: 0 from 0)
==51945== 
==51945== For lists of detected and suppressed errors, rerun with: -s
==51945== ERROR SUMMARY: 0 errors from 0 contexts (suppressed: 0 from 0)
==51946== 
==51946== For lists of detected and suppressed errors, rerun with: -s
==51946== ERROR SUMMARY: 0 errors from 0 contexts (suppressed: 0 from 0)
==51947== 
==51947== For lists of detected and suppressed errors, rerun with: -s
==51947== ERROR SUMMARY: 0 errors from 0 contexts (suppressed: 0 from 0)
==51948== 
==51948== For lists of detected and suppressed errors, rerun with: -s
==51948== ERROR SUMMARY: 0 errors from 0 contexts (suppressed: 0 from 0)
==51949== 
==51949== For lists of detected and suppressed errors, rerun with: -s
==51949== ERROR SUMMARY: 0 errors from 0 contexts (suppressed: 0 from 0)
==51929== 
==51929== For lists of detected and suppressed errors, rerun with: -s
==51929== ERROR SUMMARY: 0 errors from 0 contexts (suppressed: 0 from 0)
Running Daikon...
houdafny.dfy(13,2): Warning: assume statement has no {:axiom} annotation
   |
13 |   assume l_low_in == r_low_in;
   |   ^^^^^^^^^^^^^^^^^^^^^^^^^^^^

houdafny.dfy(42,2): Warning: assume statement has no {:axiom} annotation
   |
42 |   assume (l_flip == 0) || (l_flip == 1);
   |   ^^^^^^^^^^^^^^^^^^^^^^^^^^^^^^^^^^^^^^


Dafny program verifier finished with 1 verified, 0 errors


Aligned Product Program
-----------------------

function flipCoin(): int

function havoc_1(r_high: int, l_low: int, l_high: int, r_low: int): int

function choice_n_2(r_high: int, l_low: int, l_high: int, l_flip: int, r_low: int): int {
  if ((if (l_low < 1) then r_low else l_flip) < (r_low + l_flip)) then (if ((if (l_low < 1) then r_low else l_flip) < (r_low + l_flip)) then (if (l_low < r_low) then l_low else l_flip) else 0) else (if ((if (l_low < 1) then r_low else l_flip) < (r_low + l_flip)) then 0 else (if (l_flip < l_low) then l_low else r_low))
 }

method Product(l_low_in: int, l_high_in: int, r_low_in: int, r_high_in: int)
  decreases *
{
  assume l_low_in == r_low_in;
  var l_low: int;
  l_low := l_low_in;
  var l_high: int;
  l_high := l_high_in;
  var r_low: int;
  r_low := r_low_in;
  var r_high: int;
  r_high := r_high_in;
  if ((l_low < l_high) && (r_low < r_high)) {
    l_low := 0;
    r_low := 0;
  } else {
    if ((l_low < l_high) && (!(r_low < r_high))) {
      l_low := 0;
      r_low := 1;
    } else {
      if ((!(l_low < l_high)) && (r_low < r_high)) {
        l_low := 1;
        r_low := 0;
      } else {
        l_low := 1;
        r_low := 1;
      }
    }
  }
  var l_flip: int;
  assert true;
  l_flip := havoc_1(r_high, l_low, l_high, r_low);
  assume (l_flip == 0) || (l_flip == 1);
  var r_flip: int;
  var n_2: int := choice_n_2(r_high, l_low, l_high, l_flip, r_low);
  assert (n_2 == 0) || (n_2 == 1);
  r_flip := n_2;
  if ((l_flip == 0) && (r_flip == 0)) {
    l_low := (1 - l_low);
    r_low := (1 - r_low);
  } else {
    if ((l_flip == 0) && (!(r_flip == 0))) {
      l_low := (1 - l_low);
    } else {
      if ((!(l_flip == 0)) && (r_flip == 0)) {
        r_low := (1 - r_low);
      } else {
      }
    }
  }
  var l_ret: int;
  l_ret := l_low;
  var r_ret: int;
  r_ret := r_low;
  assert (l_low == r_low) && (l_ret == r_ret);
}


Per-Task Times (ms)
-------------------
insert-elaenia-specs: 0
set-parameters: 0
print-info: 0
elaenia-syntactic-alignment: 37
aligned-crel: 0
print-info: 0
print-info: 0
insert-elaenia-specs: 0
write-sketch: 0
solve-sketch: 1304
elaenia-invars: 0
houdafny: 0
compound_task: 1342
set-parameters: 0
print-info: 0
elaenia-syntactic-alignment: 38
aligned-crel: 0
print-info: 0
print-info: 0
insert-elaenia-specs: 0
write-sketch: 0
solve-sketch: 1316
elaenia-invars: 0
houdafny: 0
compound_task: 1355
set-parameters: 0
print-info: 0
elaenia-syntactic-alignment: 37
aligned-crel: 0
print-info: 0
print-info: 0
insert-elaenia-specs: 0
write-sketch: 0
solve-sketch: 1316
elaenia-invars: 0
houdafny: 0
compound_task: 1354
set-parameters: 0
print-info: 0
elaenia-syntactic-alignment: 37
aligned-crel: 0
print-info: 0
print-info: 0
insert-elaenia-specs: 0
write-sketch: 0
solve-sketch: 1305
elaenia-invars: 0
houdafny: 0
compound_task: 1343
set-parameters: 0
print-info: 0
elaenia-syntactic-alignment: 37
aligned-crel: 0
print-info: 0
print-info: 0
insert-elaenia-specs: 0
write-sketch: 0
solve-sketch: 1346
elaenia-invars: 0
houdafny: 0
compound_task: 1384
set-parameters: 0
print-info: 0
elaenia-syntactic-alignment: 38
aligned-crel: 0
print-info: 0
print-info: 0
insert-elaenia-specs: 0
write-sketch: 0
solve-sketch: 1349
elaenia-invars: 0
houdafny: 0
compound_task: 1388
set-parameters: 0
print-info: 0
elaenia-syntactic-alignment: 37
aligned-crel: 0
print-info: 0
print-info: 0
insert-elaenia-specs: 0
write-sketch: 0
solve-sketch: 2362
elaenia-invars: 0
houdafny: 0
compound_task: 2400
set-parameters: 0
print-info: 0
elaenia-syntactic-alignment: 37
aligned-crel: 0
print-info: 0
print-info: 0
insert-elaenia-specs: 0
write-sketch: 0
solve-sketch: 1357
elaenia-invars: 0
houdafny: 0
compound_task: 1395
set-parameters: 0
print-info: 0
elaenia-syntactic-alignment: 38
aligned-crel: 0
print-info: 0
print-info: 0
insert-elaenia-specs: 0
write-sketch: 0
solve-sketch: 18244
elaenia-invars: 1834
houdafny: 1157
compound_task: 21275
set-parameters: 0
print-info: 0
elaenia-syntactic-alignment: 38
aligned-crel: 0
print-info: 0
print-info: 0
insert-elaenia-specs: 0
write-sketch: 0
solve-sketch: 8620
elaenia-invars: 1766
houdafny: 1052
repeat_range: 44720
write-dafny: 0
print-info: 0


Extraction Settings
-------------------
Max AST Depth: 3
Loop unrolling: false
Cost function: choice-information
Max AST Depth: 3

Elaenia completed in 44720ms
Verified: true
