
Beginning Iteration
-------------------
add_unrolls: false
depth: 1
cost function: optimize_structure
Computed alignment by local loop counting.
Writing Daikon to /home/rob/code/kestrel/.kestrel-work/daikon_output.c...
Done
Compiling Daikon output...
Running Kvasir...
==52441== kvasir-5.8.18, C/C++ Language Front-End for Daikon with DynComp comparability analysis tool.
==52441== Copyright (C) 2007-2022, University of Washington CSE PLSE Group
==52441== Using Valgrind-3.19.0.Fjalar and LibVEX; rerun with -h for copyright info
==52441== Command: /home/rob/code/kestrel/.kestrel-work/daikon_output
==52441== 
==52442== 
==52442== For lists of detected and suppressed errors, rerun with: -s
==52442== ERROR SUMMARY: 0 errors from 0 contexts (suppressed: 0 from 0)
==52443== 
==52443== For lists of detected and suppressed errors, rerun with: -s
==52443== ERROR SUMMARY: 0 errors from 0 contexts (suppressed: 0 from 0)
==52444== 
==52444== For lists of detected and suppressed errors, rerun with: -s
==52444== ERROR SUMMARY: 0 errors from 0 contexts (suppressed: 0 from 0)
==52445== 
==52445== For lists of detected and suppressed errors, rerun with: -s
==52445== ERROR SUMMARY: 0 errors from 0 contexts (suppressed: 0 from 0)
==52446== 
==52446== For lists of detected and suppressed errors, rerun with: -s
==52446== ERROR SUMMARY: 0 errors from 0 contexts (suppressed: 0 from 0)
==52447== 
==52447== For lists of detected and suppressed errors, rerun with: -s
==52447== ERROR SUMMARY: 0 errors from 0 contexts (suppressed: 0 from 0)
==52448== 
==52448== For lists of detected and suppressed errors, rerun with: -s
==52448== ERROR SUMMARY: 0 errors from 0 contexts (suppressed: 0 from 0)
==52449== 
==52449== For lists of detected and suppressed errors, rerun with: -s
==52449== ERROR SUMMARY: 0 errors from 0 contexts (suppressed: 0 from 0)
==52450== 
==52450== For lists of detected and suppressed errors, rerun with: -s
==52450== ERROR SUMMARY: 0 errors from 0 contexts (suppressed: 0 from 0)
==52451== 
==52451== For lists of detected and suppressed errors, rerun with: -s
==52451== ERROR SUMMARY: 0 errors from 0 contexts (suppressed: 0 from 0)
==52452== 
==52452== For lists of detected and suppressed errors, rerun with: -s
==52452== ERROR SUMMARY: 0 errors from 0 contexts (suppressed: 0 from 0)
==52453== 
==52453== For lists of detected and suppressed errors, rerun with: -s
==52453== ERROR SUMMARY: 0 errors from 0 contexts (suppressed: 0 from 0)
==52454== 
==52454== For lists of detected and suppressed errors, rerun with: -s
==52454== ERROR SUMMARY: 0 errors from 0 contexts (suppressed: 0 from 0)
==52455== 
==52455== For lists of detected and suppressed errors, rerun with: -s
==52455== ERROR SUMMARY: 0 errors from 0 contexts (suppressed: 0 from 0)
==52456== 
==52456== For lists of detected and suppressed errors, rerun with: -s
==52456== ERROR SUMMARY: 0 errors from 0 contexts (suppressed: 0 from 0)
==52457== 
==52457== For lists of detected and suppressed errors, rerun with: -s
==52457== ERROR SUMMARY: 0 errors from 0 contexts (suppressed: 0 from 0)
==52458== 
==52458== For lists of detected and suppressed errors, rerun with: -s
==52458== ERROR SUMMARY: 0 errors from 0 contexts (suppressed: 0 from 0)
==52459== 
==52459== For lists of detected and suppressed errors, rerun with: -s
==52459== ERROR SUMMARY: 0 errors from 0 contexts (suppressed: 0 from 0)
==52460== 
==52460== For lists of detected and suppressed errors, rerun with: -s
==52460== ERROR SUMMARY: 0 errors from 0 contexts (suppressed: 0 from 0)
==52461== 
==52461== For lists of detected and suppressed errors, rerun with: -s
==52461== ERROR SUMMARY: 0 errors from 0 contexts (suppressed: 0 from 0)
==52441== 
==52441== For lists of detected and suppressed errors, rerun with: -s
==52441== ERROR SUMMARY: 0 errors from 0 contexts (suppressed: 0 from 0)
Running Daikon...
houdafny.dfy(15,2): Warning: assume statement has no {:axiom} annotation
   |
15 |   assume true;
   |   ^^^^^^^^^^^^

houdafny.dfy(19,2): Warning: assume statement has no {:axiom} annotation
   |
19 |   assume (l_x >= 0) && ((l_x < 20) && ((l_x % 2) == 1));
   |   ^^^^^^^^^^^^^^^^^^^^^^^^^^^^^^^^^^^^^^^^^^^^^^^^^^^^^^


Dafny program verifier finished with 1 verified, 0 errors


Aligned Product Program
-----------------------

function originalRand(): int

function refinedRand(): int

function havoc_1(): int

function choice_n_2(l_x: int): int {
  l_x
 }

method Product()
  decreases *
{
  assume true;
  var l_x: int;
  assert true;
  l_x := havoc_1();
  assume (l_x >= 0) && ((l_x < 20) && ((l_x % 2) == 1));
  var r_x: int;
  var n_2: int := choice_n_2(l_x);
  assert (n_2 >= 0) && (n_2 < 20);
  r_x := n_2;
  assert l_x == r_x;
}


Per-Task Times (ms)
-------------------
insert-elaenia-specs: 0
set-parameters: 0
print-info: 0
elaenia-syntactic-alignment: 0
aligned-crel: 0
print-info: 0
print-info: 0
insert-elaenia-specs: 0
write-sketch: 0
solve-sketch: 316
elaenia-invars: 1721
houdafny: 1014
repeat_range: 3053
write-dafny: 0
print-info: 0


Extraction Settings
-------------------
Max AST Depth: 1
Loop unrolling: false
Cost function: structure
Max AST Depth: 1

Elaenia completed in 3053ms
Verified: true
