
Beginning Iteration
-------------------
add_unrolls: false
depth: 1
cost function: optimize_structure
Treating naive product as final alignment.


*** Rejected
    [0;31m[1751873974.2620 - ERROR] [SKETCH] Sketch Not Resolved Error: 

*** Rejected
The sketch could not be resolved.[0m
    [0;32m[1751873974.2690 - DEBUG] [SKETCH] stack trace written to file: /home/rob/.sketch/tmp/stacktrace.txt[0m
    [0;32m[1751873974.2691 - DEBUG] Backend solver input file at /home/rob/.sketch/tmp/sketch.sk/input0.tmp[0m
Failed to solve sketch.

Beginning Iteration
-------------------
add_unrolls: false
depth: 1
cost function: optimize_choice
Treating naive product as final alignment.


*** Rejected
    [0;31m[1751873975.5740 - ERROR] [SKETCH] Sketch Not Resolved Error: 

*** Rejected
The sketch could not be resolved.[0m
    [0;32m[1751873975.5830 - DEBUG] [SKETCH] stack trace written to file: /home/rob/.sketch/tmp/stacktrace.txt[0m
    [0;32m[1751873975.5831 - DEBUG] Backend solver input file at /home/rob/.sketch/tmp/sketch.sk/input0.tmp[0m
Failed to solve sketch.

Beginning Iteration
-------------------
add_unrolls: true
depth: 1
cost function: optimize_structure
Treating naive product as final alignment.
Skipping loop unroll for program without loops.

Beginning Iteration
-------------------
add_unrolls: true
depth: 1
cost function: optimize_choice
Treating naive product as final alignment.
Skipping loop unroll for program without loops.

Beginning Iteration
-------------------
add_unrolls: false
depth: 2
cost function: optimize_structure
Treating naive product as final alignment.


*** Rejected
    [0;31m[1751873976.9480 - ERROR] [SKETCH] Sketch Not Resolved Error: 

*** Rejected
The sketch could not be resolved.[0m
    [0;32m[1751873976.9560 - DEBUG] [SKETCH] stack trace written to file: /home/rob/.sketch/tmp/stacktrace.txt[0m
    [0;32m[1751873976.9561 - DEBUG] Backend solver input file at /home/rob/.sketch/tmp/sketch.sk/input0.tmp[0m
Failed to solve sketch.

Beginning Iteration
-------------------
add_unrolls: false
depth: 2
cost function: optimize_choice
Treating naive product as final alignment.


*** Rejected
    [0;31m[1751873978.3820 - ERROR] [SKETCH] Sketch Not Resolved Error: 

*** Rejected
The sketch could not be resolved.[0m
    [0;32m[1751873978.3880 - DEBUG] [SKETCH] stack trace written to file: /home/rob/.sketch/tmp/stacktrace.txt[0m
    [0;32m[1751873978.3890 - DEBUG] Backend solver input file at /home/rob/.sketch/tmp/sketch.sk/input0.tmp[0m
Failed to solve sketch.

Beginning Iteration
-------------------
add_unrolls: true
depth: 2
cost function: optimize_structure
Treating naive product as final alignment.
Skipping loop unroll for program without loops.

Beginning Iteration
-------------------
add_unrolls: true
depth: 2
cost function: optimize_choice
Treating naive product as final alignment.
Skipping loop unroll for program without loops.

Beginning Iteration
-------------------
add_unrolls: false
depth: 3
cost function: optimize_structure
Treating naive product as final alignment.
Writing Daikon to /home/rob/code/kestrel/.kestrel-work/daikon_output.c...
Done
Compiling Daikon output...
Running Kvasir...
==328995== kvasir-5.8.18, C/C++ Language Front-End for Daikon with DynComp comparability analysis tool.
==328995== Copyright (C) 2007-2022, University of Washington CSE PLSE Group
==328995== Using Valgrind-3.19.0.Fjalar and LibVEX; rerun with -h for copyright info
==328995== Command: /home/rob/code/kestrel/.kestrel-work/daikon_output
==328995== 
==329000== 
==329000== For lists of detected and suppressed errors, rerun with: -s
==329000== ERROR SUMMARY: 0 errors from 0 contexts (suppressed: 0 from 0)
==329001== 
==329001== For lists of detected and suppressed errors, rerun with: -s
==329001== ERROR SUMMARY: 0 errors from 0 contexts (suppressed: 0 from 0)
==329002== 
==329002== For lists of detected and suppressed errors, rerun with: -s
==329002== ERROR SUMMARY: 0 errors from 0 contexts (suppressed: 0 from 0)
==329003== 
==329003== For lists of detected and suppressed errors, rerun with: -s
==329003== ERROR SUMMARY: 0 errors from 0 contexts (suppressed: 0 from 0)
==329004== 
==329004== For lists of detected and suppressed errors, rerun with: -s
==329004== ERROR SUMMARY: 0 errors from 0 contexts (suppressed: 0 from 0)
==329005== 
==329005== For lists of detected and suppressed errors, rerun with: -s
==329005== ERROR SUMMARY: 0 errors from 0 contexts (suppressed: 0 from 0)
==329006== 
==329006== For lists of detected and suppressed errors, rerun with: -s
==329006== ERROR SUMMARY: 0 errors from 0 contexts (suppressed: 0 from 0)
==329007== 
==329007== For lists of detected and suppressed errors, rerun with: -s
==329007== ERROR SUMMARY: 0 errors from 0 contexts (suppressed: 0 from 0)
==329008== 
==329008== For lists of detected and suppressed errors, rerun with: -s
==329008== ERROR SUMMARY: 0 errors from 0 contexts (suppressed: 0 from 0)
==329009== 
==329009== For lists of detected and suppressed errors, rerun with: -s
==329009== ERROR SUMMARY: 0 errors from 0 contexts (suppressed: 0 from 0)
==329010== 
==329010== For lists of detected and suppressed errors, rerun with: -s
==329010== ERROR SUMMARY: 0 errors from 0 contexts (suppressed: 0 from 0)
==329011== 
==329011== For lists of detected and suppressed errors, rerun with: -s
==329011== ERROR SUMMARY: 0 errors from 0 contexts (suppressed: 0 from 0)
==329012== 
==329012== For lists of detected and suppressed errors, rerun with: -s
==329012== ERROR SUMMARY: 0 errors from 0 contexts (suppressed: 0 from 0)
==329013== 
==329013== For lists of detected and suppressed errors, rerun with: -s
==329013== ERROR SUMMARY: 0 errors from 0 contexts (suppressed: 0 from 0)
==329014== 
==329014== For lists of detected and suppressed errors, rerun with: -s
==329014== ERROR SUMMARY: 0 errors from 0 contexts (suppressed: 0 from 0)
==329015== 
==329015== For lists of detected and suppressed errors, rerun with: -s
==329015== ERROR SUMMARY: 0 errors from 0 contexts (suppressed: 0 from 0)
==329016== 
==329016== For lists of detected and suppressed errors, rerun with: -s
==329016== ERROR SUMMARY: 0 errors from 0 contexts (suppressed: 0 from 0)
==329017== 
==329017== For lists of detected and suppressed errors, rerun with: -s
==329017== ERROR SUMMARY: 0 errors from 0 contexts (suppressed: 0 from 0)
==329018== 
==329018== For lists of detected and suppressed errors, rerun with: -s
==329018== ERROR SUMMARY: 0 errors from 0 contexts (suppressed: 0 from 0)
==329019== 
==329019== For lists of detected and suppressed errors, rerun with: -s
==329019== ERROR SUMMARY: 0 errors from 0 contexts (suppressed: 0 from 0)
==328995== 
==328995== For lists of detected and suppressed errors, rerun with: -s
==328995== ERROR SUMMARY: 0 errors from 0 contexts (suppressed: 0 from 0)
Running Daikon...
houdafny.dfy(13,2): Warning: assume statement has no {:axiom} annotation
   |
13 |   assume l_low_in == r_low_in;
   |   ^^^^^^^^^^^^^^^^^^^^^^^^^^^^

houdafny.dfy(26,2): Warning: assume statement has no {:axiom} annotation
   |
26 |   assume (l_flip == 0) || (l_flip == 1);
   |   ^^^^^^^^^^^^^^^^^^^^^^^^^^^^^^^^^^^^^^


Dafny program verifier finished with 1 verified, 0 errors


Aligned Product Program
-----------------------

function flipCoin(): int

function havoc_1(l_high: int, l_low: int): int

function choice_n_2(l_flip: int, r_low: int, r_high: int, l_low: int, l_high: int, l_ret: int): int {
  if (1 == l_low) then r_low else (1 - r_low)
 }

method Product(l_low_in: int, l_high_in: int, r_low_in: int, r_high_in: int)
  decreases *
{
  assume l_low_in == r_low_in;
  var l_low: int;
  l_low := l_low_in;
  var l_high: int;
  l_high := l_high_in;
  if (l_low < l_high) {
    l_low := 0;
  } else {
    l_low := 1;
  }
  var l_flip: int;
  assert true;
  l_flip := havoc_1(l_high, l_low);
  assume (l_flip == 0) || (l_flip == 1);
  if (l_flip == 0) {
    l_low := (1 - l_low);
  }
  var l_ret: int;
  l_ret := l_low;
  var r_low: int;
  r_low := r_low_in;
  var r_high: int;
  r_high := r_high_in;
  if (r_low < r_high) {
    r_low := 0;
  } else {
    r_low := 1;
  }
  var r_flip: int;
  var n_2: int := choice_n_2(l_flip, r_low, r_high, l_low, l_high, l_ret);
  assert (n_2 == 0) || (n_2 == 1);
  r_flip := n_2;
  if (r_flip == 0) {
    r_low := (1 - r_low);
  }
  var r_ret: int;
  r_ret := r_low;
  assert (l_low == r_low) && (l_ret == r_ret);
}


Per-Task Times (ms)
-------------------
insert-elaenia-specs: 0
set-parameters: 0
print-info: 0
align-none: 0
aligned-crel: 0
print-info: 0
print-info: 0
print-info: 0
insert-elaenia-specs: 0
write-sketch: 0
solve-sketch: 1315
elaenia-invars: 0
houdafny: 0
compound_task: 1315
compound_task: 1315
set-parameters: 0
print-info: 0
align-none: 0
aligned-crel: 0
print-info: 0
print-info: 0
print-info: 0
insert-elaenia-specs: 0
write-sketch: 0
solve-sketch: 1319
elaenia-invars: 0
houdafny: 0
compound_task: 1320
compound_task: 1320
set-parameters: 0
print-info: 0
align-none: 0
aligned-crel: 0
print-info: 0
print-info: 0
print-info: 0
compound_task: 0
compound_task: 0
set-parameters: 0
print-info: 0
align-none: 0
aligned-crel: 0
print-info: 0
print-info: 0
print-info: 0
compound_task: 0
compound_task: 0
set-parameters: 0
print-info: 0
align-none: 0
aligned-crel: 0
print-info: 0
print-info: 0
print-info: 0
insert-elaenia-specs: 0
write-sketch: 0
solve-sketch: 1382
elaenia-invars: 0
houdafny: 0
compound_task: 1382
compound_task: 1383
set-parameters: 0
print-info: 0
align-none: 0
aligned-crel: 0
print-info: 0
print-info: 0
print-info: 0
insert-elaenia-specs: 0
write-sketch: 1
solve-sketch: 1409
elaenia-invars: 0
houdafny: 0
compound_task: 1410
compound_task: 1411
set-parameters: 0
print-info: 0
align-none: 0
aligned-crel: 0
print-info: 0
print-info: 0
print-info: 0
compound_task: 0
compound_task: 0
set-parameters: 0
print-info: 0
align-none: 0
aligned-crel: 0
print-info: 0
print-info: 0
print-info: 0
compound_task: 0
compound_task: 0
set-parameters: 0
print-info: 0
align-none: 0
aligned-crel: 0
print-info: 0
print-info: 0
print-info: 0
insert-elaenia-specs: 0
write-sketch: 0
solve-sketch: 1866
elaenia-invars: 1821
houdafny: 1067
compound_task: 4755
repeat_range: 10188
write-dafny: 0
print-info: 0


Extraction Settings
-------------------
Max AST Depth: 3
Loop unrolling: false
Cost function: structure
Max AST Depth: 3

Elaenia completed in 10188ms
Verified: true
