
Beginning Iteration
-------------------
add_unrolls: false
depth: 1
cost function: optimize_structure
Treating naive product as final alignment.
Writing Daikon to /home/rob/code/kestrel/.kestrel-work/daikon_output.c...
Done
Compiling Daikon output...
Running Kvasir...
==333417== kvasir-5.8.18, C/C++ Language Front-End for Daikon with DynComp comparability analysis tool.
==333417== Copyright (C) 2007-2022, University of Washington CSE PLSE Group
==333417== Using Valgrind-3.19.0.Fjalar and LibVEX; rerun with -h for copyright info
==333417== Command: /home/rob/code/kestrel/.kestrel-work/daikon_output
==333417== 
==333418== 
==333418== For lists of detected and suppressed errors, rerun with: -s
==333418== ERROR SUMMARY: 0 errors from 0 contexts (suppressed: 0 from 0)
==333419== 
==333419== For lists of detected and suppressed errors, rerun with: -s
==333419== ERROR SUMMARY: 0 errors from 0 contexts (suppressed: 0 from 0)
==333420== 
==333420== For lists of detected and suppressed errors, rerun with: -s
==333420== ERROR SUMMARY: 0 errors from 0 contexts (suppressed: 0 from 0)
==333421== 
==333421== For lists of detected and suppressed errors, rerun with: -s
==333421== ERROR SUMMARY: 0 errors from 0 contexts (suppressed: 0 from 0)
==333422== 
==333422== For lists of detected and suppressed errors, rerun with: -s
==333422== ERROR SUMMARY: 0 errors from 0 contexts (suppressed: 0 from 0)
==333423== 
==333423== For lists of detected and suppressed errors, rerun with: -s
==333423== ERROR SUMMARY: 0 errors from 0 contexts (suppressed: 0 from 0)
==333424== 
==333424== For lists of detected and suppressed errors, rerun with: -s
==333424== ERROR SUMMARY: 0 errors from 0 contexts (suppressed: 0 from 0)
==333425== 
==333425== For lists of detected and suppressed errors, rerun with: -s
==333425== ERROR SUMMARY: 0 errors from 0 contexts (suppressed: 0 from 0)
==333426== 
==333426== For lists of detected and suppressed errors, rerun with: -s
==333426== ERROR SUMMARY: 0 errors from 0 contexts (suppressed: 0 from 0)
==333427== 
==333427== For lists of detected and suppressed errors, rerun with: -s
==333427== ERROR SUMMARY: 0 errors from 0 contexts (suppressed: 0 from 0)
==333428== 
==333428== For lists of detected and suppressed errors, rerun with: -s
==333428== ERROR SUMMARY: 0 errors from 0 contexts (suppressed: 0 from 0)
==333429== 
==333429== For lists of detected and suppressed errors, rerun with: -s
==333429== ERROR SUMMARY: 0 errors from 0 contexts (suppressed: 0 from 0)
==333430== 
==333430== For lists of detected and suppressed errors, rerun with: -s
==333430== ERROR SUMMARY: 0 errors from 0 contexts (suppressed: 0 from 0)
==333431== 
==333431== For lists of detected and suppressed errors, rerun with: -s
==333431== ERROR SUMMARY: 0 errors from 0 contexts (suppressed: 0 from 0)
==333438== 
==333438== For lists of detected and suppressed errors, rerun with: -s
==333438== ERROR SUMMARY: 0 errors from 0 contexts (suppressed: 0 from 0)
==333439== 
==333439== For lists of detected and suppressed errors, rerun with: -s
==333439== ERROR SUMMARY: 0 errors from 0 contexts (suppressed: 0 from 0)
==333440== 
==333440== For lists of detected and suppressed errors, rerun with: -s
==333440== ERROR SUMMARY: 0 errors from 0 contexts (suppressed: 0 from 0)
==333441== 
==333441== For lists of detected and suppressed errors, rerun with: -s
==333441== ERROR SUMMARY: 0 errors from 0 contexts (suppressed: 0 from 0)
==333442== 
==333442== For lists of detected and suppressed errors, rerun with: -s
==333442== ERROR SUMMARY: 0 errors from 0 contexts (suppressed: 0 from 0)
==333443== 
==333443== For lists of detected and suppressed errors, rerun with: -s
==333443== ERROR SUMMARY: 0 errors from 0 contexts (suppressed: 0 from 0)
==333417== 
==333417== For lists of detected and suppressed errors, rerun with: -s
==333417== ERROR SUMMARY: 0 errors from 0 contexts (suppressed: 0 from 0)
Running Daikon...
houdafny.dfy(15,2): Warning: assume statement has no {:axiom} annotation
   |
15 |   assume true;
   |   ^^^^^^^^^^^^

houdafny.dfy(19,2): Warning: assume statement has no {:axiom} annotation
   |
19 |   assume (l_x >= 0) && ((l_x < 20) && ((l_x % 2) == 1));
   |   ^^^^^^^^^^^^^^^^^^^^^^^^^^^^^^^^^^^^^^^^^^^^^^^^^^^^^^


Dafny program verifier finished with 1 verified, 0 errors


Aligned Product Program
-----------------------

function originalRand(): int

function refinedRand(): int

function havoc_1(): int

function choice_n_2(l_x: int): int {
  l_x
 }

method Product()
  decreases *
{
  assume true;
  var l_x: int;
  assert true;
  l_x := havoc_1();
  assume (l_x >= 0) && ((l_x < 20) && ((l_x % 2) == 1));
  var r_x: int;
  var n_2: int := choice_n_2(l_x);
  assert (n_2 >= 0) && (n_2 < 20);
  r_x := n_2;
  assert l_x == r_x;
}


Per-Task Times (ms)
-------------------
insert-elaenia-specs: 0
set-parameters: 0
print-info: 0
align-none: 0
aligned-crel: 0
print-info: 0
print-info: 0
print-info: 0
insert-elaenia-specs: 0
write-sketch: 0
solve-sketch: 333
elaenia-invars: 1632
houdafny: 998
compound_task: 2964
repeat_range: 2965
write-dafny: 0
print-info: 0


Extraction Settings
-------------------
Max AST Depth: 1
Loop unrolling: false
Cost function: structure
Max AST Depth: 1

Elaenia completed in 2965ms
Verified: true
