
Beginning Iteration
-------------------
add_unrolls: false
depth: 1
cost function: optimize_structure
Treating naive product as final alignment.


*** Rejected
    [0;31m[1751873427.5610 - ERROR] [SKETCH] Sketch Not Resolved Error: 

*** Rejected
The sketch could not be resolved.[0m
    [0;32m[1751873427.5680 - DEBUG] [SKETCH] stack trace written to file: /home/rob/.sketch/tmp/stacktrace.txt[0m
    [0;32m[1751873427.5681 - DEBUG] Backend solver input file at /home/rob/.sketch/tmp/sketch.sk/input0.tmp[0m
Failed to solve sketch.

Beginning Iteration
-------------------
add_unrolls: false
depth: 1
cost function: optimize_choice
Treating naive product as final alignment.


*** Rejected
    [0;31m[1751873428.9260 - ERROR] [SKETCH] Sketch Not Resolved Error: 

*** Rejected
The sketch could not be resolved.[0m
    [0;32m[1751873428.9350 - DEBUG] [SKETCH] stack trace written to file: /home/rob/.sketch/tmp/stacktrace.txt[0m
    [0;32m[1751873428.9360 - DEBUG] Backend solver input file at /home/rob/.sketch/tmp/sketch.sk/input0.tmp[0m
Failed to solve sketch.

Beginning Iteration
-------------------
add_unrolls: true
depth: 1
cost function: optimize_structure
Treating naive product as final alignment.
Skipping loop unroll for program without loops.

Beginning Iteration
-------------------
add_unrolls: true
depth: 1
cost function: optimize_choice
Treating naive product as final alignment.
Skipping loop unroll for program without loops.

Beginning Iteration
-------------------
add_unrolls: false
depth: 2
cost function: optimize_structure
Treating naive product as final alignment.
Writing Daikon to /home/rob/code/kestrel/.kestrel-work/daikon_output.c...
Done
Compiling Daikon output...
Running Kvasir...
==318633== kvasir-5.8.18, C/C++ Language Front-End for Daikon with DynComp comparability analysis tool.
==318633== Copyright (C) 2007-2022, University of Washington CSE PLSE Group
==318633== Using Valgrind-3.19.0.Fjalar and LibVEX; rerun with -h for copyright info
==318633== Command: /home/rob/code/kestrel/.kestrel-work/daikon_output
==318633== 
==318638== 
==318638== For lists of detected and suppressed errors, rerun with: -s
==318638== ERROR SUMMARY: 0 errors from 0 contexts (suppressed: 0 from 0)
==318639== 
==318639== For lists of detected and suppressed errors, rerun with: -s
==318639== ERROR SUMMARY: 0 errors from 0 contexts (suppressed: 0 from 0)
==318640== 
==318640== For lists of detected and suppressed errors, rerun with: -s
==318640== ERROR SUMMARY: 0 errors from 0 contexts (suppressed: 0 from 0)
==318641== 
==318641== For lists of detected and suppressed errors, rerun with: -s
==318641== ERROR SUMMARY: 0 errors from 0 contexts (suppressed: 0 from 0)
==318642== 
==318642== For lists of detected and suppressed errors, rerun with: -s
==318642== ERROR SUMMARY: 0 errors from 0 contexts (suppressed: 0 from 0)
==318643== 
==318643== For lists of detected and suppressed errors, rerun with: -s
==318643== ERROR SUMMARY: 0 errors from 0 contexts (suppressed: 0 from 0)
==318644== 
==318644== For lists of detected and suppressed errors, rerun with: -s
==318644== ERROR SUMMARY: 0 errors from 0 contexts (suppressed: 0 from 0)
==318645== 
==318645== For lists of detected and suppressed errors, rerun with: -s
==318645== ERROR SUMMARY: 0 errors from 0 contexts (suppressed: 0 from 0)
==318646== 
==318646== For lists of detected and suppressed errors, rerun with: -s
==318646== ERROR SUMMARY: 0 errors from 0 contexts (suppressed: 0 from 0)
==318647== 
==318647== For lists of detected and suppressed errors, rerun with: -s
==318647== ERROR SUMMARY: 0 errors from 0 contexts (suppressed: 0 from 0)
==318648== 
==318648== For lists of detected and suppressed errors, rerun with: -s
==318648== ERROR SUMMARY: 0 errors from 0 contexts (suppressed: 0 from 0)
==318649== 
==318649== For lists of detected and suppressed errors, rerun with: -s
==318649== ERROR SUMMARY: 0 errors from 0 contexts (suppressed: 0 from 0)
==318650== 
==318650== For lists of detected and suppressed errors, rerun with: -s
==318650== ERROR SUMMARY: 0 errors from 0 contexts (suppressed: 0 from 0)
==318651== 
==318651== For lists of detected and suppressed errors, rerun with: -s
==318651== ERROR SUMMARY: 0 errors from 0 contexts (suppressed: 0 from 0)
==318652== 
==318652== For lists of detected and suppressed errors, rerun with: -s
==318652== ERROR SUMMARY: 0 errors from 0 contexts (suppressed: 0 from 0)
==318654== 
==318654== For lists of detected and suppressed errors, rerun with: -s
==318654== ERROR SUMMARY: 0 errors from 0 contexts (suppressed: 0 from 0)
==318655== 
==318655== For lists of detected and suppressed errors, rerun with: -s
==318655== ERROR SUMMARY: 0 errors from 0 contexts (suppressed: 0 from 0)
==318656== 
==318656== For lists of detected and suppressed errors, rerun with: -s
==318656== ERROR SUMMARY: 0 errors from 0 contexts (suppressed: 0 from 0)
==318657== 
==318657== For lists of detected and suppressed errors, rerun with: -s
==318657== ERROR SUMMARY: 0 errors from 0 contexts (suppressed: 0 from 0)
==318658== 
==318658== For lists of detected and suppressed errors, rerun with: -s
==318658== ERROR SUMMARY: 0 errors from 0 contexts (suppressed: 0 from 0)
==318633== 
==318633== For lists of detected and suppressed errors, rerun with: -s
==318633== ERROR SUMMARY: 0 errors from 0 contexts (suppressed: 0 from 0)
Running Daikon...
houdafny.dfy(13,2): Warning: assume statement has no {:axiom} annotation
   |
13 |   assume true;
   |   ^^^^^^^^^^^^

houdafny.dfy(17,2): Warning: assume statement has no {:axiom} annotation
   |
17 |   assume (l_r == 0) || (l_r == 1);
   |   ^^^^^^^^^^^^^^^^^^^^^^^^^^^^^^^^


Dafny program verifier finished with 1 verified, 0 errors


Aligned Product Program
-----------------------

function flipCoin(): int

function havoc_1(): int

function choice_n_2(l_ret: int, l_r: int): int {
  1 - l_r
 }

method Product()
  decreases *
{
  assume true;
  var l_r: int;
  assert true;
  l_r := havoc_1();
  assume (l_r == 0) || (l_r == 1);
  var l_ret: int;
  l_ret := 0;
  if (l_r == 0) {
    l_ret := 20;
  } else {
    l_ret := 10;
  }
  var r_r: int;
  var n_2: int := choice_n_2(l_ret, l_r);
  assert (n_2 == 0) || (n_2 == 1);
  r_r := n_2;
  var r_ret: int;
  r_ret := 0;
  if (r_r == 0) {
    r_ret := 10;
  } else {
    r_ret := 20;
  }
  assert l_ret == r_ret;
}


Per-Task Times (ms)
-------------------
insert-elaenia-specs: 0
set-parameters: 0
print-info: 0
align-none: 0
aligned-crel: 0
print-info: 0
print-info: 0
print-info: 0
insert-elaenia-specs: 0
write-sketch: 0
solve-sketch: 2320
elaenia-invars: 0
houdafny: 0
compound_task: 2320
compound_task: 2320
set-parameters: 0
print-info: 0
align-none: 0
aligned-crel: 0
print-info: 0
print-info: 0
print-info: 0
insert-elaenia-specs: 0
write-sketch: 0
solve-sketch: 1347
elaenia-invars: 0
houdafny: 0
compound_task: 1348
compound_task: 1349
set-parameters: 0
print-info: 0
align-none: 0
aligned-crel: 0
print-info: 0
print-info: 0
print-info: 0
compound_task: 0
compound_task: 0
set-parameters: 0
print-info: 0
align-none: 0
aligned-crel: 0
print-info: 0
print-info: 0
print-info: 0
compound_task: 0
compound_task: 0
set-parameters: 0
print-info: 0
align-none: 0
aligned-crel: 0
print-info: 0
print-info: 0
print-info: 0
insert-elaenia-specs: 0
write-sketch: 0
solve-sketch: 421
elaenia-invars: 1685
houdafny: 1010
compound_task: 3117
repeat_range: 6788
write-dafny: 0
print-info: 0


Extraction Settings
-------------------
Max AST Depth: 2
Loop unrolling: false
Cost function: structure
Max AST Depth: 2

Elaenia completed in 6788ms
Verified: true
