
Beginning Iteration
-------------------
add_unrolls: false
depth: 1
cost function: optimize_structure
Treating naive product as final alignment.
Writing Daikon to /home/rob/code/kestrel/.kestrel-work/daikon_output.c...
Done
Compiling Daikon output...
Running Kvasir...
==318798== kvasir-5.8.18, C/C++ Language Front-End for Daikon with DynComp comparability analysis tool.
==318798== Copyright (C) 2007-2022, University of Washington CSE PLSE Group
==318798== Using Valgrind-3.19.0.Fjalar and LibVEX; rerun with -h for copyright info
==318798== Command: /home/rob/code/kestrel/.kestrel-work/daikon_output
==318798== 
==318799== 
==318799== For lists of detected and suppressed errors, rerun with: -s
==318799== ERROR SUMMARY: 0 errors from 0 contexts (suppressed: 0 from 0)
==318800== 
==318800== For lists of detected and suppressed errors, rerun with: -s
==318800== ERROR SUMMARY: 0 errors from 0 contexts (suppressed: 0 from 0)
==318801== 
==318801== For lists of detected and suppressed errors, rerun with: -s
==318801== ERROR SUMMARY: 0 errors from 0 contexts (suppressed: 0 from 0)
==318802== 
==318802== For lists of detected and suppressed errors, rerun with: -s
==318802== ERROR SUMMARY: 0 errors from 0 contexts (suppressed: 0 from 0)
==318803== 
==318803== For lists of detected and suppressed errors, rerun with: -s
==318803== ERROR SUMMARY: 0 errors from 0 contexts (suppressed: 0 from 0)
==318810== 
==318810== For lists of detected and suppressed errors, rerun with: -s
==318810== ERROR SUMMARY: 0 errors from 0 contexts (suppressed: 0 from 0)
==318811== 
==318811== For lists of detected and suppressed errors, rerun with: -s
==318811== ERROR SUMMARY: 0 errors from 0 contexts (suppressed: 0 from 0)
==318812== 
==318812== For lists of detected and suppressed errors, rerun with: -s
==318812== ERROR SUMMARY: 0 errors from 0 contexts (suppressed: 0 from 0)
==318813== 
==318813== For lists of detected and suppressed errors, rerun with: -s
==318813== ERROR SUMMARY: 0 errors from 0 contexts (suppressed: 0 from 0)
==318814== 
==318814== For lists of detected and suppressed errors, rerun with: -s
==318814== ERROR SUMMARY: 0 errors from 0 contexts (suppressed: 0 from 0)
==318815== 
==318815== For lists of detected and suppressed errors, rerun with: -s
==318815== ERROR SUMMARY: 0 errors from 0 contexts (suppressed: 0 from 0)
==318816== 
==318816== For lists of detected and suppressed errors, rerun with: -s
==318816== ERROR SUMMARY: 0 errors from 0 contexts (suppressed: 0 from 0)
==318817== 
==318817== For lists of detected and suppressed errors, rerun with: -s
==318817== ERROR SUMMARY: 0 errors from 0 contexts (suppressed: 0 from 0)
==318818== 
==318818== For lists of detected and suppressed errors, rerun with: -s
==318818== ERROR SUMMARY: 0 errors from 0 contexts (suppressed: 0 from 0)
==318819== 
==318819== For lists of detected and suppressed errors, rerun with: -s
==318819== ERROR SUMMARY: 0 errors from 0 contexts (suppressed: 0 from 0)
==318820== 
==318820== For lists of detected and suppressed errors, rerun with: -s
==318820== ERROR SUMMARY: 0 errors from 0 contexts (suppressed: 0 from 0)
==318821== 
==318821== For lists of detected and suppressed errors, rerun with: -s
==318821== ERROR SUMMARY: 0 errors from 0 contexts (suppressed: 0 from 0)
==318822== 
==318822== For lists of detected and suppressed errors, rerun with: -s
==318822== ERROR SUMMARY: 0 errors from 0 contexts (suppressed: 0 from 0)
==318823== 
==318823== For lists of detected and suppressed errors, rerun with: -s
==318823== ERROR SUMMARY: 0 errors from 0 contexts (suppressed: 0 from 0)
==318824== 
==318824== For lists of detected and suppressed errors, rerun with: -s
==318824== ERROR SUMMARY: 0 errors from 0 contexts (suppressed: 0 from 0)
==318798== 
==318798== For lists of detected and suppressed errors, rerun with: -s
==318798== ERROR SUMMARY: 0 errors from 0 contexts (suppressed: 0 from 0)
Running Daikon...
houdafny.dfy(11,2): Warning: assume statement has no {:axiom} annotation
   |
11 |   assume (r_handValue_in >= 2) && (r_handValue_in <= 20);
   |   ^^^^^^^^^^^^^^^^^^^^^^^^^^^^^^^^^^^^^^^^^^^^^^^^^^^^^^^


Dafny program verifier finished with 1 verified, 0 errors


Aligned Product Program
-----------------------

function draw(): int

function choice_n_1(l_x: int, r_handValue: int): int {
  1
 }

method Product(r_handValue_in: int)
  decreases *
{
  assume (r_handValue_in >= 2) && (r_handValue_in <= 20);
  var l_x: int;
  l_x := 0;
  var r_handValue: int;
  r_handValue := r_handValue_in;
  while (r_handValue < 21)
    decreases *
    invariant r_handValue <= 21
    invariant l_x == 0
    invariant l_x <= 0
    invariant l_x >= 0
    invariant r_handValue != 0
    invariant r_handValue >= 2
  {
    var r_card: int;
    var n_1: int := choice_n_1(l_x, r_handValue);
    assert (n_1 >= 1) && (n_1 <= 10);
    r_card := n_1;
    r_handValue := (r_handValue + r_card);
  }
  assert r_handValue == 21;
}


Per-Task Times (ms)
-------------------
insert-elaenia-specs: 0
set-parameters: 0
print-info: 0
align-none: 0
aligned-crel: 0
print-info: 0
print-info: 0
print-info: 0
insert-elaenia-specs: 0
write-sketch: 0
solve-sketch: 434
elaenia-invars: 1746
houdafny: 1121
compound_task: 3302
repeat_range: 3303
write-dafny: 0
print-info: 0


Extraction Settings
-------------------
Max AST Depth: 1
Loop unrolling: false
Cost function: structure
Max AST Depth: 1

Elaenia completed in 3303ms
Verified: true
