
Beginning Iteration
-------------------
add_unrolls: false
depth: 1
cost function: optimize_structure
Treating naive product as final alignment.
Writing Daikon to /home/rob/code/kestrel/.kestrel-work/daikon_output.c...
Done
Compiling Daikon output...
Running Kvasir...
==328594== kvasir-5.8.18, C/C++ Language Front-End for Daikon with DynComp comparability analysis tool.
==328594== Copyright (C) 2007-2022, University of Washington CSE PLSE Group
==328594== Using Valgrind-3.19.0.Fjalar and LibVEX; rerun with -h for copyright info
==328594== Command: /home/rob/code/kestrel/.kestrel-work/daikon_output
==328594== 
==328595== 
==328595== For lists of detected and suppressed errors, rerun with: -s
==328595== ERROR SUMMARY: 0 errors from 0 contexts (suppressed: 0 from 0)
==328596== 
==328596== For lists of detected and suppressed errors, rerun with: -s
==328596== ERROR SUMMARY: 0 errors from 0 contexts (suppressed: 0 from 0)
==328597== 
==328597== For lists of detected and suppressed errors, rerun with: -s
==328597== ERROR SUMMARY: 0 errors from 0 contexts (suppressed: 0 from 0)
==328598== 
==328598== For lists of detected and suppressed errors, rerun with: -s
==328598== ERROR SUMMARY: 0 errors from 0 contexts (suppressed: 0 from 0)
==328599== 
==328599== For lists of detected and suppressed errors, rerun with: -s
==328599== ERROR SUMMARY: 0 errors from 0 contexts (suppressed: 0 from 0)
==328600== 
==328600== For lists of detected and suppressed errors, rerun with: -s
==328600== ERROR SUMMARY: 0 errors from 0 contexts (suppressed: 0 from 0)
==328601== 
==328601== For lists of detected and suppressed errors, rerun with: -s
==328601== ERROR SUMMARY: 0 errors from 0 contexts (suppressed: 0 from 0)
==328602== 
==328602== For lists of detected and suppressed errors, rerun with: -s
==328602== ERROR SUMMARY: 0 errors from 0 contexts (suppressed: 0 from 0)
==328603== 
==328603== For lists of detected and suppressed errors, rerun with: -s
==328603== ERROR SUMMARY: 0 errors from 0 contexts (suppressed: 0 from 0)
==328604== 
==328604== For lists of detected and suppressed errors, rerun with: -s
==328604== ERROR SUMMARY: 0 errors from 0 contexts (suppressed: 0 from 0)
==328605== 
==328605== For lists of detected and suppressed errors, rerun with: -s
==328605== ERROR SUMMARY: 0 errors from 0 contexts (suppressed: 0 from 0)
==328607== 
==328607== For lists of detected and suppressed errors, rerun with: -s
==328607== ERROR SUMMARY: 0 errors from 0 contexts (suppressed: 0 from 0)
==328608== 
==328608== For lists of detected and suppressed errors, rerun with: -s
==328608== ERROR SUMMARY: 0 errors from 0 contexts (suppressed: 0 from 0)
==328609== 
==328609== For lists of detected and suppressed errors, rerun with: -s
==328609== ERROR SUMMARY: 0 errors from 0 contexts (suppressed: 0 from 0)
==328610== 
==328610== For lists of detected and suppressed errors, rerun with: -s
==328610== ERROR SUMMARY: 0 errors from 0 contexts (suppressed: 0 from 0)
==328611== 
==328611== For lists of detected and suppressed errors, rerun with: -s
==328611== ERROR SUMMARY: 0 errors from 0 contexts (suppressed: 0 from 0)
==328612== 
==328612== For lists of detected and suppressed errors, rerun with: -s
==328612== ERROR SUMMARY: 0 errors from 0 contexts (suppressed: 0 from 0)
==328614== 
==328614== For lists of detected and suppressed errors, rerun with: -s
==328614== ERROR SUMMARY: 0 errors from 0 contexts (suppressed: 0 from 0)
==328615== 
==328615== For lists of detected and suppressed errors, rerun with: -s
==328615== ERROR SUMMARY: 0 errors from 0 contexts (suppressed: 0 from 0)
==328616== 
==328616== For lists of detected and suppressed errors, rerun with: -s
==328616== ERROR SUMMARY: 0 errors from 0 contexts (suppressed: 0 from 0)
==328594== 
==328594== For lists of detected and suppressed errors, rerun with: -s
==328594== ERROR SUMMARY: 0 errors from 0 contexts (suppressed: 0 from 0)
Running Daikon...
houdafny.dfy(13,2): Warning: assume statement has no {:axiom} annotation
   |
13 |   assume l_low == r_low;
   |   ^^^^^^^^^^^^^^^^^^^^^^

houdafny.dfy(17,2): Warning: assume statement has no {:axiom} annotation
   |
17 |   assume (0 <= l_r) && (l_r < 100);
   |   ^^^^^^^^^^^^^^^^^^^^^^^^^^^^^^^^^


Dafny program verifier finished with 1 verified, 0 errors


Aligned Product Program
-----------------------

function randInt(): int

function havoc_1(l_high: int, r_high: int, r_low: int, l_low: int): int

function choice_n_2(l_high: int, r_high: int, l_r: int, r_low: int, l_low: int): int {
  0
 }

method Product(l_low: int, l_high: int, r_low: int, r_high: int)
  decreases *
{
  assume l_low == r_low;
  var l_r: int;
  assert true;
  l_r := havoc_1(l_high, r_high, r_low, l_low);
  assume (0 <= l_r) && (l_r < 100);
  var l_ret: int;
  if (l_r == 5000) {
    l_ret := (l_high + l_low);
  } else {
    l_ret := l_low;
  }
  var r_r: int;
  var n_2: int := choice_n_2(l_high, r_high, l_r, r_low, l_low);
  assert (0 <= n_2) && (n_2 < 100);
  r_r := n_2;
  var r_ret: int;
  if (r_r == 5000) {
    r_ret := (r_high + r_low);
  } else {
    r_ret := r_low;
  }
  assert (l_low == r_low) && (l_ret == r_ret);
}


Per-Task Times (ms)
-------------------
insert-elaenia-specs: 0
set-parameters: 0
print-info: 0
align-none: 0
aligned-crel: 0
print-info: 0
print-info: 0
print-info: 0
insert-elaenia-specs: 0
write-sketch: 0
solve-sketch: 352
elaenia-invars: 1732
houdafny: 1056
compound_task: 3142
repeat_range: 3143
write-dafny: 0
print-info: 0


Extraction Settings
-------------------
Max AST Depth: 1
Loop unrolling: false
Cost function: structure
Max AST Depth: 1

Elaenia completed in 3143ms
Verified: true
