
Unaligned Product Program
--------------------------

void main(int l_A[A_SIZE], int l_val, int r_A[A_SIZE], int r_val) {
  int l_i = 0;
  while ((l_i < A_SIZE) && (l_A[l_i] < l_val)) {
    l_i = (l_i + 1);
  }
  int l_len = A_SIZE + 1;
  l_A[l_i] = l_val;
  while (l_i < l_len) {
    l_i = (l_i + 1);
  }
  int r_j = 0;
  while ((r_j < A_SIZE) && (r_A[r_j] < r_val)) {
    r_j = (r_j + 1);
  }
  int r_len = A_SIZE + 1;
  r_A[r_j] = r_val;
  while (r_j < r_len) {
    r_j = (r_j + 1);
  }
 }

--------------------------

Unaligned Eggroll
--------------------------
(fundef
  (specifiers (type void))
  main
  (params
    (param-declaration
      (specifiers (type int))
      (sized-array l_A (array-sizes A_SIZE)))
    (param-declaration (specifiers (type int)) l_val)
    (param-declaration
      (specifiers (type int))
      (sized-array r_A (array-sizes A_SIZE)))
    (param-declaration (specifiers (type int)) r_val))
  (<|>
    (seq
      (basic-block
        (declaration (specifiers (type int)) l_i (initializer (const-int 0))))
      (seq
        (while
          (&& (< l_i A_SIZE) (< (index l_A l_i) l_val))
          (basic-block (= l_i (+ l_i (const-int 1)))))
        (seq
          (basic-block
            (declaration
              (specifiers (type int))
              l_len
              (initializer (+ A_SIZE (const-int 1))))
            (= (index l_A l_i) l_val))
          (while (< l_i l_len) (basic-block (= l_i (+ l_i (const-int 1))))))))
    (seq
      (basic-block
        (declaration (specifiers (type int)) r_j (initializer (const-int 0))))
      (seq
        (while
          (&& (< r_j A_SIZE) (< (index r_A r_j) r_val))
          (basic-block (= r_j (+ r_j (const-int 1)))))
        (seq
          (basic-block
            (declaration
              (specifiers (type int))
              r_len
              (initializer (+ A_SIZE (const-int 1))))
            (= (index r_A r_j) r_val))
          (while (< r_j r_len) (basic-block (= r_j (+ r_j (const-int 1))))))))))
--------------------------

Pre-SA Initial Alignment
--------------------------
(fundef
  (specifiers (type void))
  main
  (params
    (param-declaration
      (specifiers (type int))
      (sized-array l_A (array-sizes A_SIZE)))
    (param-declaration (specifiers (type int)) l_val)
    (param-declaration
      (specifiers (type int))
      (sized-array r_A (array-sizes A_SIZE)))
    (param-declaration (specifiers (type int)) r_val))
  (seq
    (seq
      (<|>
        (basic-block
          (declaration (specifiers (type int)) l_i (initializer (const-int 0))))
        (basic-block
          (declaration (specifiers (type int)) r_j (initializer (const-int 0)))))
      (while-lockstep
        0
        0
        (&& (< l_i A_SIZE) (< (index l_A l_i) l_val))
        (&& (< r_j A_SIZE) (< (index r_A r_j) r_val))
        (basic-block (= l_i (+ l_i (const-int 1))))
        (basic-block (= r_j (+ r_j (const-int 1))))
        (<|>
          (basic-block (= l_i (+ l_i (const-int 1))))
          (basic-block (= r_j (+ r_j (const-int 1)))))))
    (seq
      (<|>
        (basic-block
          (declaration
            (specifiers (type int))
            l_len
            (initializer (+ A_SIZE (const-int 1))))
          (= (index l_A l_i) l_val))
        (basic-block
          (declaration
            (specifiers (type int))
            r_len
            (initializer (+ A_SIZE (const-int 1))))
          (= (index r_A r_j) r_val)))
      (while-lockstep
        0
        0
        (< l_i l_len)
        (< r_j r_len)
        (basic-block (= l_i (+ l_i (const-int 1))))
        (basic-block (= r_j (+ r_j (const-int 1))))
        (<|>
          (basic-block (= l_i (+ l_i (const-int 1))))
          (basic-block (= r_j (+ r_j (const-int 1)))))))))
--------------------------
Starting simulated annealing...
Initial score: 0.7298089
Score 0.72446704 at temperature 0.99958336
Score 0.7224382 at temperature 0.9990001
Score 0.7066847 at temperature 0.99891675
Score 0.6956786 at temperature 0.95125407
Simulated annealing complete.
Saw 2522 configurations
Best score: 0.6956786

Aligned Eggroll
--------------------------
(fundef
  (specifiers (type void))
  main
  (params
    (param-declaration
      (specifiers (type int))
      (sized-array l_A (array-sizes A_SIZE)))
    (param-declaration (specifiers (type int)) l_val)
    (param-declaration
      (specifiers (type int))
      (sized-array r_A (array-sizes A_SIZE)))
    (param-declaration (specifiers (type int)) r_val))
  (seq
    (<|
      (basic-block
        (declaration (specifiers (type int)) l_i (initializer (const-int 0)))))
    (seq
      (seq
        (seq
          (|>
            (basic-block
              (declaration (specifiers (type int)) r_j (initializer (const-int 0)))))
          (while-lockstep
            0
            2
            (&& (< l_i A_SIZE) (< (index l_A l_i) l_val))
            (&& (< r_j A_SIZE) (< (index r_A r_j) r_val))
            (basic-block (= l_i (+ l_i (const-int 1))))
            (basic-block (= r_j (+ r_j (const-int 1))))
            (seq
              (|> (basic-block (= r_j (+ r_j (const-int 1)))))
              (<| (basic-block (= l_i (+ l_i (const-int 1))))))))
        (<|>
          (basic-block
            (declaration
              (specifiers (type int))
              l_len
              (initializer (+ A_SIZE (const-int 1))))
            (= (index l_A l_i) l_val))
          (basic-block
            (declaration
              (specifiers (type int))
              r_len
              (initializer (+ A_SIZE (const-int 1))))
            (= (index r_A r_j) r_val))))
      (while-lockstep
        0
        2
        (< l_i l_len)
        (< r_j r_len)
        (basic-block (= l_i (+ l_i (const-int 1))))
        (basic-block (= r_j (+ r_j (const-int 1))))
        (seq
          (|> (basic-block (= r_j (+ r_j (const-int 1)))))
          (<| (basic-block (= l_i (+ l_i (const-int 1))))))))))
--------------------------

Aligned Product Program
--------------------------
#include "seahorn/seahorn.h"
extern int arb_int();
const int A_SIZE = 10;
extern int shiftArray(int* A, int idx, int amt);

void main() {
  int l_A[A_SIZE];
  int l_val = arb_int();
  int r_A[A_SIZE];
  int r_val = arb_int();
  assume((l_val > 0) && (r_val > 0));
  int l_i = 0;
  int r_j = 0;
  if ((r_j < A_SIZE) && (r_A[r_j] < r_val)) {
    r_j = (r_j + 1);
  }
  if ((r_j < A_SIZE) && (r_A[r_j] < r_val)) {
    r_j = (r_j + 1);
  }
  while (((l_i < A_SIZE) && (l_A[l_i] < l_val)) && ((r_j < A_SIZE) && (r_A[r_j] < r_val))) {
    r_j = (r_j + 1);
    l_i = (l_i + 1);
  }
  while ((l_i < A_SIZE) && (l_A[l_i] < l_val)) {
    assume(!((r_j < A_SIZE) && (r_A[r_j] < r_val)));
    l_i = (l_i + 1);
  }
  while ((r_j < A_SIZE) && (r_A[r_j] < r_val)) {
    assume(!((l_i < A_SIZE) && (l_A[l_i] < l_val)));
    r_j = (r_j + 1);
  }
  int l_len = A_SIZE + 1;
  l_A[l_i] = l_val;
  int r_len = A_SIZE + 1;
  r_A[r_j] = r_val;
  if (r_j < r_len) {
    r_j = (r_j + 1);
  }
  if (r_j < r_len) {
    r_j = (r_j + 1);
  }
  while ((l_i < l_len) && (r_j < r_len)) {
    r_j = (r_j + 1);
    l_i = (l_i + 1);
  }
  while (l_i < l_len) {
    assume(!(r_j < r_len));
    l_i = (l_i + 1);
  }
  while (r_j < r_len) {
    assume(!(l_i < l_len));
    r_j = (r_j + 1);
  }
  sassert(l_i == r_j);
 }

--------------------------
Writing output to ./results/alignments/antonopoulos/sa/array-insert-sa.c...
Done

real	0m5.135s
user	0m5.107s
sys	0m0.014s
