Treating naive product as final alignment.
Writing Daikon to daikon_output.c...
Done
Compiling Daikon output...
Running Kvasir...
==37872== kvasir-5.8.18, C/C++ Language Front-End for Daikon with DynComp comparability analysis tool.
==37872== Copyright (C) 2007-2022, University of Washington CSE PLSE Group
==37872== Using Valgrind-3.19.0.Fjalar and LibVEX; rerun with -h for copyright info
==37872== Command: ./daikon_output
==37872== 
==37872== 
==37872== For lists of detected and suppressed errors, rerun with: -s
==37872== ERROR SUMMARY: 0 errors from 0 contexts (suppressed: 0 from 0)
Running Daikon...
Writing Dafny to houdafny.dfy...
Done
Running Dafny verification...
houdafny.dfy(21,19): Error: this loop invariant could not be proved on entry
   |
21 |     invariant l_o1 != 0
   |                    ^^

houdafny.dfy(21,19): Related message: loop invariant violation
   |
21 |     invariant l_o1 != 0
   |                    ^^

houdafny.dfy(22,21): Error: this loop invariant could not be proved on entry
   |
22 |     invariant l_len1 != 0
   |                      ^^

houdafny.dfy(22,21): Related message: loop invariant violation
   |
22 |     invariant l_len1 != 0
   |                      ^^

houdafny.dfy(23,19): Error: this loop invariant could not be proved on entry
   |
23 |     invariant l_o2 != 0
   |                    ^^

houdafny.dfy(23,19): Related message: loop invariant violation
   |
23 |     invariant l_o2 != 0
   |                    ^^

houdafny.dfy(24,21): Error: this loop invariant could not be proved on entry
   |
24 |     invariant l_len2 != 0
   |                      ^^

houdafny.dfy(24,21): Related message: loop invariant violation
   |
24 |     invariant l_len2 != 0
   |                      ^^

houdafny.dfy(28,22): Error: this invariant could not be proved to be maintained by the loop
   |
28 |     invariant l_index == 0
   |                       ^^

houdafny.dfy(28,22): Related message: loop invariant violation
   |
28 |     invariant l_index == 0
   |                       ^^

houdafny.dfy(31,19): Error: this loop invariant could not be proved on entry
   |
31 |     invariant l_o1 != l_len1
   |                    ^^

houdafny.dfy(31,19): Related message: loop invariant violation
   |
31 |     invariant l_o1 != l_len1
   |                    ^^

houdafny.dfy(32,19): Error: this loop invariant could not be proved on entry
   |
32 |     invariant l_o1 != l_o2
   |                    ^^

houdafny.dfy(32,19): Related message: loop invariant violation
   |
32 |     invariant l_o1 != l_o2
   |                    ^^

houdafny.dfy(33,19): Error: this loop invariant could not be proved on entry
   |
33 |     invariant l_o1 != l_len2
   |                    ^^

houdafny.dfy(33,19): Related message: loop invariant violation
   |
33 |     invariant l_o1 != l_len2
   |                    ^^

houdafny.dfy(35,21): Error: this loop invariant could not be proved on entry
   |
35 |     invariant l_len1 != l_o2
   |                      ^^

houdafny.dfy(35,21): Related message: loop invariant violation
   |
35 |     invariant l_len1 != l_o2
   |                      ^^

houdafny.dfy(36,21): Error: this loop invariant could not be proved on entry
   |
36 |     invariant l_len1 != l_len2
   |                      ^^

houdafny.dfy(36,21): Related message: loop invariant violation
   |
36 |     invariant l_len1 != l_len2
   |                      ^^

houdafny.dfy(38,19): Error: this loop invariant could not be proved on entry
   |
38 |     invariant l_o2 != l_len2
   |                    ^^

houdafny.dfy(38,19): Related message: loop invariant violation
   |
38 |     invariant l_o2 != l_len2
   |                    ^^

houdafny.dfy(97,23): Error: this loop invariant could not be proved on entry
   |
97 |     invariant l_aentry != 0
   |                        ^^

houdafny.dfy(97,23): Related message: loop invariant violation
   |
97 |     invariant l_aentry != 0
   |                        ^^

houdafny.dfy(98,23): Error: this loop invariant could not be proved on entry
   |
98 |     invariant l_bentry != 0
   |                        ^^

houdafny.dfy(98,23): Related message: loop invariant violation
   |
98 |     invariant l_bentry != 0
   |                        ^^

houdafny.dfy(106,19): Error: this loop invariant could not be proved on entry
    |
106 |     invariant l_o1 != l_aentry
    |                    ^^

houdafny.dfy(106,19): Related message: loop invariant violation
    |
106 |     invariant l_o1 != l_aentry
    |                    ^^

houdafny.dfy(107,19): Error: this loop invariant could not be proved on entry
    |
107 |     invariant l_o1 != l_bentry
    |                    ^^

houdafny.dfy(107,19): Related message: loop invariant violation
    |
107 |     invariant l_o1 != l_bentry
    |                    ^^

houdafny.dfy(111,21): Error: this loop invariant could not be proved on entry
    |
111 |     invariant l_len1 != l_aentry
    |                      ^^

houdafny.dfy(111,21): Related message: loop invariant violation
    |
111 |     invariant l_len1 != l_aentry
    |                      ^^

houdafny.dfy(112,21): Error: this loop invariant could not be proved on entry
    |
112 |     invariant l_len1 != l_bentry
    |                      ^^

houdafny.dfy(112,21): Related message: loop invariant violation
    |
112 |     invariant l_len1 != l_bentry
    |                      ^^

houdafny.dfy(115,19): Error: this loop invariant could not be proved on entry
    |
115 |     invariant l_o2 != l_aentry
    |                    ^^

houdafny.dfy(115,19): Related message: loop invariant violation
    |
115 |     invariant l_o2 != l_aentry
    |                    ^^

houdafny.dfy(116,19): Error: this loop invariant could not be proved on entry
    |
116 |     invariant l_o2 != l_bentry
    |                    ^^

houdafny.dfy(116,19): Related message: loop invariant violation
    |
116 |     invariant l_o2 != l_bentry
    |                    ^^

houdafny.dfy(118,21): Error: this loop invariant could not be proved on entry
    |
118 |     invariant l_len2 != l_aentry
    |                      ^^

houdafny.dfy(118,21): Related message: loop invariant violation
    |
118 |     invariant l_len2 != l_aentry
    |                      ^^

houdafny.dfy(119,21): Error: this loop invariant could not be proved on entry
    |
119 |     invariant l_len2 != l_bentry
    |                      ^^

houdafny.dfy(119,21): Related message: loop invariant violation
    |
119 |     invariant l_len2 != l_bentry
    |                      ^^


Dafny program verifier finished with 0 verified, 21 errors

Writing Dafny to houdafny.dfy...
Done
Running Dafny verification...
houdafny.dfy(24,22): Error: this invariant could not be proved to be maintained by the loop
   |
24 |     invariant l_index <= 0
   |                       ^^

houdafny.dfy(24,22): Related message: loop invariant violation
   |
24 |     invariant l_index <= 0
   |                       ^^

houdafny.dfy(26,19): Error: this loop invariant could not be proved on entry
   |
26 |     invariant l_o1 != l_index
   |                    ^^

houdafny.dfy(26,19): Related message: loop invariant violation
   |
26 |     invariant l_o1 != l_index
   |                    ^^

houdafny.dfy(27,21): Error: this loop invariant could not be proved on entry
   |
27 |     invariant l_len1 > l_index
   |                      ^

houdafny.dfy(27,21): Related message: loop invariant violation
   |
27 |     invariant l_len1 > l_index
   |                      ^

houdafny.dfy(28,19): Error: this loop invariant could not be proved on entry
   |
28 |     invariant l_o2 != l_index
   |                    ^^

houdafny.dfy(28,19): Related message: loop invariant violation
   |
28 |     invariant l_o2 != l_index
   |                    ^^

houdafny.dfy(29,21): Error: this loop invariant could not be proved on entry
   |
29 |     invariant l_len2 > l_index
   |                      ^

houdafny.dfy(29,21): Related message: loop invariant violation
   |
29 |     invariant l_len2 > l_index
   |                      ^

houdafny.dfy(89,19): Error: this loop invariant could not be proved on entry
   |
89 |     invariant l_o1 != l_len1
   |                    ^^

houdafny.dfy(89,19): Related message: loop invariant violation
   |
89 |     invariant l_o1 != l_len1
   |                    ^^

houdafny.dfy(91,19): Error: this loop invariant could not be proved on entry
   |
91 |     invariant l_o1 != l_len2
   |                    ^^

houdafny.dfy(91,19): Related message: loop invariant violation
   |
91 |     invariant l_o1 != l_len2
   |                    ^^

houdafny.dfy(93,21): Error: this loop invariant could not be proved on entry
   |
93 |     invariant l_len1 != l_o2
   |                      ^^

houdafny.dfy(93,21): Related message: loop invariant violation
   |
93 |     invariant l_len1 != l_o2
   |                      ^^

houdafny.dfy(94,21): Error: this loop invariant could not be proved on entry
   |
94 |     invariant l_len1 != l_len2
   |                      ^^

houdafny.dfy(94,21): Related message: loop invariant violation
   |
94 |     invariant l_len1 != l_len2
   |                      ^^

houdafny.dfy(96,19): Error: this loop invariant could not be proved on entry
   |
96 |     invariant l_o2 != l_len2
   |                    ^^

houdafny.dfy(96,19): Related message: loop invariant violation
   |
96 |     invariant l_o2 != l_len2
   |                    ^^

houdafny.dfy(99,22): Error: this loop invariant could not be proved on entry
   |
99 |     invariant l_index != l_aentry
   |                       ^^

houdafny.dfy(99,22): Related message: loop invariant violation
   |
99 |     invariant l_index != l_aentry
   |                       ^^

houdafny.dfy(100,22): Error: this loop invariant could not be proved on entry
    |
100 |     invariant l_index != l_bentry
    |                       ^^

houdafny.dfy(100,22): Related message: loop invariant violation
    |
100 |     invariant l_index != l_bentry
    |                       ^^


Dafny program verifier finished with 0 verified, 12 errors

Writing Dafny to houdafny.dfy...
Done
Running Dafny verification...
houdafny.dfy(70,22): Error: this loop invariant could not be proved on entry
   |
70 |     invariant l_index == r_index
   |                       ^^

houdafny.dfy(70,22): Related message: loop invariant violation
   |
70 |     invariant l_index == r_index
   |                       ^^

houdafny.dfy(73,19): Error: this loop invariant could not be proved on entry
   |
73 |     invariant l_o1 != 0
   |                    ^^

houdafny.dfy(73,19): Related message: loop invariant violation
   |
73 |     invariant l_o1 != 0
   |                    ^^

houdafny.dfy(74,21): Error: this loop invariant could not be proved on entry
   |
74 |     invariant l_len1 != 0
   |                      ^^

houdafny.dfy(74,21): Related message: loop invariant violation
   |
74 |     invariant l_len1 != 0
   |                      ^^

houdafny.dfy(75,19): Error: this loop invariant could not be proved on entry
   |
75 |     invariant l_o2 != 0
   |                    ^^

houdafny.dfy(75,19): Related message: loop invariant violation
   |
75 |     invariant l_o2 != 0
   |                    ^^

houdafny.dfy(76,21): Error: this loop invariant could not be proved on entry
   |
76 |     invariant l_len2 != 0
   |                      ^^

houdafny.dfy(76,21): Related message: loop invariant violation
   |
76 |     invariant l_len2 != 0
   |                      ^^


Dafny program verifier finished with 0 verified, 5 errors

Writing Dafny to houdafny.dfy...
Done
Running Dafny verification...
houdafny.dfy(70,22): Error: this loop invariant could not be proved on entry
   |
70 |     invariant l_index <= r_index
   |                       ^^

houdafny.dfy(70,22): Related message: loop invariant violation
   |
70 |     invariant l_index <= r_index
   |                       ^^

houdafny.dfy(72,20): Error: this loop invariant could not be proved on entry
   |
72 |     invariant l_ret != 0
   |                     ^^

houdafny.dfy(72,20): Related message: loop invariant violation
   |
72 |     invariant l_ret != 0
   |                     ^^

houdafny.dfy(80,19): Error: this loop invariant could not be proved on entry
   |
80 |     invariant l_o1 != l_index
   |                    ^^

houdafny.dfy(80,19): Related message: loop invariant violation
   |
80 |     invariant l_o1 != l_index
   |                    ^^

houdafny.dfy(82,19): Error: this loop invariant could not be proved on entry
   |
82 |     invariant l_o2 != l_index
   |                    ^^

houdafny.dfy(82,19): Related message: loop invariant violation
   |
82 |     invariant l_o2 != l_index
   |                    ^^


Dafny program verifier finished with 0 verified, 4 errors

Writing Dafny to houdafny.dfy...
Done
Running Dafny verification...
houdafny.dfy(71,22): Error: this loop invariant could not be proved on entry
   |
71 |     invariant l_index == 0
   |                       ^^

houdafny.dfy(71,22): Related message: loop invariant violation
   |
71 |     invariant l_index == 0
   |                       ^^

houdafny.dfy(77,19): Error: this loop invariant could not be proved on entry
   |
77 |     invariant l_o1 != l_o2
   |                    ^^

houdafny.dfy(77,19): Related message: loop invariant violation
   |
77 |     invariant l_o1 != l_o2
   |                    ^^

houdafny.dfy(78,21): Error: this loop invariant could not be proved on entry
   |
78 |     invariant l_len1 > l_index
   |                      ^

houdafny.dfy(78,21): Related message: loop invariant violation
   |
78 |     invariant l_len1 > l_index
   |                      ^

houdafny.dfy(79,21): Error: this loop invariant could not be proved on entry
   |
79 |     invariant l_len2 > l_index
   |                      ^

houdafny.dfy(79,21): Related message: loop invariant violation
   |
79 |     invariant l_len2 > l_index
   |                      ^


Dafny program verifier finished with 0 verified, 4 errors

Writing Dafny to houdafny.dfy...
Done
Running Dafny verification...
houdafny.dfy(71,22): Error: this loop invariant could not be proved on entry
   |
71 |     invariant l_index <= 0
   |                       ^^

houdafny.dfy(71,22): Related message: loop invariant violation
   |
71 |     invariant l_index <= 0
   |                       ^^

houdafny.dfy(76,14): Error: variable 'l_aentry', which is subject to definite-assignment rules, might be uninitialized here
   |
76 |     invariant l_aentry != l_bentry
   |               ^^^^^^^^

houdafny.dfy(76,23): Error: this loop invariant could not be proved on entry
   |
76 |     invariant l_aentry != l_bentry
   |                        ^^

houdafny.dfy(76,23): Related message: loop invariant violation
   |
76 |     invariant l_aentry != l_bentry
   |                        ^^

houdafny.dfy(76,26): Error: variable 'l_bentry', which is subject to definite-assignment rules, might be uninitialized here
   |
76 |     invariant l_aentry != l_bentry
   |                           ^^^^^^^^


Dafny program verifier finished with 0 verified, 4 errors

Writing Dafny to houdafny.dfy...
Done
Running Dafny verification...
houdafny.dfy(97,8): Error: assertion might not hold
   |
97 |   assert(l_ret == (-1 * r_ret));
   |         ^^^^^^^^^^^^^^^^^^^^^^^


Dafny program verifier finished with 0 verified, 1 error

Writing output to ./results/alignments/dafny/sousa/unaligned/array-int-una.dfy...
Done

Per-Task Times (ms)
-------------------
align-none: 0
aligned-crel: 0
invars-daikon: 844
houdafny: 12682
aligned-output: 0
write-product: 1

KestRel completed in 13528ms
Verified: false

real	0m13.549s
user	0m14.395s
sys	0m0.863s
