Treating naive product as final alignment.
Writing Daikon to daikon_output.c...
Done
Compiling Daikon output...
Running Kvasir...
==38178== kvasir-5.8.18, C/C++ Language Front-End for Daikon with DynComp comparability analysis tool.
==38178== Copyright (C) 2007-2022, University of Washington CSE PLSE Group
==38178== Using Valgrind-3.19.0.Fjalar and LibVEX; rerun with -h for copyright info
==38178== Command: ./daikon_output
==38178== 
==38178== 
==38178== For lists of detected and suppressed errors, rerun with: -s
==38178== ERROR SUMMARY: 0 errors from 0 contexts (suppressed: 0 from 0)
Running Daikon...
Writing Dafny to houdafny.dfy...
Done
Running Dafny verification...
houdafny.dfy(21,18): Error: this invariant could not be proved to be maintained by the loop
   |
21 |     invariant l_i == 0
   |                   ^^

houdafny.dfy(21,18): Related message: loop invariant violation
   |
21 |     invariant l_i == 0
   |                   ^^


Dafny program verifier finished with 0 verified, 1 error

Writing Dafny to houdafny.dfy...
Done
Running Dafny verification...
houdafny.dfy(21,18): Error: this invariant could not be proved to be maintained by the loop
   |
21 |     invariant l_i <= 0
   |                   ^^

houdafny.dfy(21,18): Related message: loop invariant violation
   |
21 |     invariant l_i <= 0
   |                   ^^


Dafny program verifier finished with 0 verified, 1 error

Writing Dafny to houdafny.dfy...
Done
Running Dafny verification...
houdafny.dfy(49,18): Error: this loop invariant could not be proved on entry
   |
49 |     invariant l_i == r_i
   |                   ^^

houdafny.dfy(49,18): Related message: loop invariant violation
   |
49 |     invariant l_i == r_i
   |                   ^^


Dafny program verifier finished with 0 verified, 1 error

Writing Dafny to houdafny.dfy...
Done
Running Dafny verification...
houdafny.dfy(49,18): Error: this loop invariant could not be proved on entry
   |
49 |     invariant l_i <= r_i
   |                   ^^

houdafny.dfy(49,18): Related message: loop invariant violation
   |
49 |     invariant l_i <= r_i
   |                   ^^


Dafny program verifier finished with 0 verified, 1 error

Writing Dafny to houdafny.dfy...
Done
Running Dafny verification...
houdafny.dfy(50,20): Error: this loop invariant could not be proved on entry
   |
50 |     invariant l_ret != 0
   |                     ^^

houdafny.dfy(50,20): Related message: loop invariant violation
   |
50 |     invariant l_ret != 0
   |                     ^^

houdafny.dfy(51,18): Error: this loop invariant could not be proved on entry
   |
51 |     invariant l_i == 0
   |                   ^^

houdafny.dfy(51,18): Related message: loop invariant violation
   |
51 |     invariant l_i == 0
   |                   ^^


Dafny program verifier finished with 0 verified, 2 errors

Writing Dafny to houdafny.dfy...
Done
Running Dafny verification...
houdafny.dfy(50,18): Error: this loop invariant could not be proved on entry
   |
50 |     invariant l_i <= 0
   |                   ^^

houdafny.dfy(50,18): Related message: loop invariant violation
   |
50 |     invariant l_i <= 0
   |                   ^^


Dafny program verifier finished with 0 verified, 1 error

Writing Dafny to houdafny.dfy...
Done
Running Dafny verification...
houdafny.dfy(76,8): Error: assertion might not hold
   |
76 |   assert(l_ret == (-1 * r_ret));
   |         ^^^^^^^^^^^^^^^^^^^^^^^


Dafny program verifier finished with 0 verified, 1 error

Writing output to ./results/alignments/dafny/sousa/unaligned/chromosome-una.dfy...
Done

Per-Task Times (ms)
-------------------
align-none: 0
aligned-crel: 0
invars-daikon: 799
houdafny: 12488
aligned-output: 0
write-product: 0

KestRel completed in 13288ms
Verified: false

real	0m13.309s
user	0m13.735s
sys	0m0.583s
