Treating naive product as final alignment.
Writing Daikon to daikon_output.c...
Done
Compiling Daikon output...
Running Kvasir...
==38480== kvasir-5.8.18, C/C++ Language Front-End for Daikon with DynComp comparability analysis tool.
==38480== Copyright (C) 2007-2022, University of Washington CSE PLSE Group
==38480== Using Valgrind-3.19.0.Fjalar and LibVEX; rerun with -h for copyright info
==38480== Command: ./daikon_output
==38480== 
==38480== 
==38480== For lists of detected and suppressed errors, rerun with: -s
==38480== ERROR SUMMARY: 0 errors from 0 contexts (suppressed: 0 from 0)
Running Daikon...
Writing Dafny to houdafny.dfy...
Done
Running Dafny verification...

Dafny program verifier finished with 1 verified, 0 errors

Writing output to ./results/alignments/dafny/sousa/unaligned/col_item-una.dfy...
Done

Per-Task Times (ms)
-------------------
align-none: 0
aligned-crel: 0
invars-daikon: 745
houdafny: 1652
aligned-output: 0
write-product: 0

KestRel completed in 2398ms
Verified: true

real	0m2.419s
user	0m3.049s
sys	0m0.156s
