Treating naive product as final alignment.
Writing Daikon to daikon_output.c...
Done
Compiling Daikon output...
Running Kvasir...
==38798== kvasir-5.8.18, C/C++ Language Front-End for Daikon with DynComp comparability analysis tool.
==38798== Copyright (C) 2007-2022, University of Washington CSE PLSE Group
==38798== Using Valgrind-3.19.0.Fjalar and LibVEX; rerun with -h for copyright info
==38798== Command: ./daikon_output
==38798== 
==38798== 
==38798== For lists of detected and suppressed errors, rerun with: -s
==38798== ERROR SUMMARY: 0 errors from 0 contexts (suppressed: 0 from 0)
Running Daikon...
Writing Dafny to houdafny.dfy...
Done
Running Dafny verification...

Dafny program verifier finished with 1 verified, 0 errors

Writing output to ./results/alignments/dafny/sousa/unaligned/node-una.dfy...
Done

Per-Task Times (ms)
-------------------
align-none: 0
aligned-crel: 0
invars-daikon: 721
houdafny: 1626
aligned-output: 0
write-product: 0

KestRel completed in 2348ms
Verified: true

real	0m2.368s
user	0m2.873s
sys	0m0.137s
