/usr/bin/clang-14 -c -emit-llvm -D__SEAHORN__ -fdeclspec -O1 -Xclang -disable-llvm-optzns -fgnu89-inline -m32 -I/home/usea/seahorn/include -o /tmp/sea-11y4mcx1/array-int.bc ./results/alignments/sousa/unaligned/array-int.c
./results/alignments/sousa/unaligned/array-int.c:6:5: warning: variable length array folded to constant array as an extension [-Wgnu-folding-constant]
int left_o1[left_o1_length];
    ^
./results/alignments/sousa/unaligned/array-int.c:7:5: warning: variable length array folded to constant array as an extension [-Wgnu-folding-constant]
int left_o2[left_o2_length];
    ^
./results/alignments/sousa/unaligned/array-int.c:10:5: warning: variable length array folded to constant array as an extension [-Wgnu-folding-constant]
int right_o1[right_o1_length];
    ^
./results/alignments/sousa/unaligned/array-int.c:11:5: warning: variable length array folded to constant array as an extension [-Wgnu-folding-constant]
int right_o2[right_o2_length];
    ^
./results/alignments/sousa/unaligned/array-int.c:13:1: warning: return type of 'main' is not 'int' [-Wmain-return-type]
void main() {
^
./results/alignments/sousa/unaligned/array-int.c:13:1: note: change return type to 'int'
void main() {
^~~~
int
5 warnings generated.
/home/usea/seahorn/bin/seapp -o /tmp/sea-11y4mcx1/array-int.pp.bc --simplifycfg-sink-common=false --strip-extern=false --promote-assumptions=false --kill-vaarg=true --ignore-def-verifier-fn=false --horn-keep-arith-overflow=false /tmp/sea-11y4mcx1/array-int.bc
/home/usea/seahorn/bin/seapp --simplifycfg-sink-common=false -o /tmp/sea-11y4mcx1/array-int.pp.ms.bc --horn-mixed-sem --ms-reduce-main /tmp/sea-11y4mcx1/array-int.pp.bc
/home/usea/seahorn/bin/seaopt -f --simplifycfg-sink-common=false -o ./results/chc/bytecode/sousa/unaligned/array-int.bc -O3 --seaopt-enable-indvar=false --seaopt-enable-loop-idiom=false --unroll-threshold=150 --unroll-allow-partial=false --unroll-partial-threshold=0 --vectorize-slp=false /tmp/sea-11y4mcx1/array-int.pp.ms.bc

real	0m0.102s
user	0m0.070s
sys	0m0.033s
