/usr/bin/clang-14 -c -emit-llvm -D__SEAHORN__ -fdeclspec -O1 -Xclang -disable-llvm-optzns -fgnu89-inline -m32 -I/home/usea/seahorn/include -o /tmp/sea-0_6baiya/chromosome.bc ./results/alignments/sousa/unaligned/chromosome.c
./results/alignments/sousa/unaligned/chromosome.c:5:7: warning: variable length array folded to constant array as an extension [-Wgnu-folding-constant]
float left_o1_score[N];
      ^
./results/alignments/sousa/unaligned/chromosome.c:6:7: warning: variable length array folded to constant array as an extension [-Wgnu-folding-constant]
float left_o2_score[N];
      ^
./results/alignments/sousa/unaligned/chromosome.c:7:7: warning: variable length array folded to constant array as an extension [-Wgnu-folding-constant]
float right_o1_score[N];
      ^
./results/alignments/sousa/unaligned/chromosome.c:8:7: warning: variable length array folded to constant array as an extension [-Wgnu-folding-constant]
float right_o2_score[N];
      ^
./results/alignments/sousa/unaligned/chromosome.c:10:1: warning: return type of 'main' is not 'int' [-Wmain-return-type]
void main() {
^
./results/alignments/sousa/unaligned/chromosome.c:10:1: note: change return type to 'int'
void main() {
^~~~
int
5 warnings generated.
/home/usea/seahorn/bin/seapp -o /tmp/sea-0_6baiya/chromosome.pp.bc --simplifycfg-sink-common=false --strip-extern=false --promote-assumptions=false --kill-vaarg=true --ignore-def-verifier-fn=false --horn-keep-arith-overflow=false /tmp/sea-0_6baiya/chromosome.bc
/home/usea/seahorn/bin/seapp --simplifycfg-sink-common=false -o /tmp/sea-0_6baiya/chromosome.pp.ms.bc --horn-mixed-sem --ms-reduce-main /tmp/sea-0_6baiya/chromosome.pp.bc
/home/usea/seahorn/bin/seaopt -f --simplifycfg-sink-common=false -o ./results/chc/bytecode/sousa/unaligned/chromosome.bc -O3 --seaopt-enable-indvar=false --seaopt-enable-loop-idiom=false --unroll-threshold=150 --unroll-allow-partial=false --unroll-partial-threshold=0 --vectorize-slp=false /tmp/sea-0_6baiya/chromosome.pp.ms.bc

real	0m0.102s
user	0m0.073s
sys	0m0.030s
