Computed alignment by local loop counting.
Writing Daikon to daikon_output.c...
Done
Compiling Daikon output...
Running Kvasir...
==34526== kvasir-5.8.18, C/C++ Language Front-End for Daikon with DynComp comparability analysis tool.
==34526== Copyright (C) 2007-2022, University of Washington CSE PLSE Group
==34526== Using Valgrind-3.19.0.Fjalar and LibVEX; rerun with -h for copyright info
==34526== Command: ./daikon_output
==34526== 
==34526== 
==34526== For lists of detected and suppressed errors, rerun with: -s
==34526== ERROR SUMMARY: 0 errors from 0 contexts (suppressed: 0 from 0)
Running Daikon...
Writing Dafny to houdafny.dfy...
Done
Running Dafny verification...
houdafny.dfy(1,27): Warning: deprecated style: a semi-colon is not needed here
  |
1 | const epsilon: real := 0.01;
  |                            ^

houdafny.dfy(20,21): Error: this loop invariant could not be proved on entry
   |
20 |     invariant l_list == r_list
   |                      ^^

houdafny.dfy(20,21): Related message: loop invariant violation
   |
20 |     invariant l_list == r_list
   |                      ^^

houdafny.dfy(29,21): Error: this loop invariant could not be proved on entry
   |
29 |     invariant l_list != 0
   |                      ^^

houdafny.dfy(29,21): Related message: loop invariant violation
   |
29 |     invariant l_list != 0
   |                      ^^

houdafny.dfy(30,21): Error: this loop invariant could not be proved on entry
   |
30 |     invariant l_size != 0
   |                      ^^

houdafny.dfy(30,21): Related message: loop invariant violation
   |
30 |     invariant l_size != 0
   |                      ^^

houdafny.dfy(32,21): Error: this loop invariant could not be proved on entry
   |
32 |     invariant l_list != l_size
   |                      ^^

houdafny.dfy(32,21): Related message: loop invariant violation
   |
32 |     invariant l_list != l_size
   |                      ^^

houdafny.dfy(34,21): Error: this loop invariant could not be proved on entry
   |
34 |     invariant l_size > l_i
   |                      ^

houdafny.dfy(34,21): Related message: loop invariant violation
   |
34 |     invariant l_size > l_i
   |                      ^

houdafny.dfy(53,23): Error: this invariant could not be proved to be maintained by the loop
   |
53 |       invariant l_list != 0
   |                        ^^

houdafny.dfy(53,23): Related message: loop invariant violation
   |
53 |       invariant l_list != 0
   |                        ^^

houdafny.dfy(56,20): Error: this loop invariant could not be proved on entry
   |
56 |       invariant l_j != 0
   |                     ^^

houdafny.dfy(56,20): Related message: loop invariant violation
   |
56 |       invariant l_j != 0
   |                     ^^

houdafny.dfy(56,20): Error: this invariant could not be proved to be maintained by the loop
   |
56 |       invariant l_j != 0
   |                     ^^

houdafny.dfy(56,20): Related message: loop invariant violation
   |
56 |       invariant l_j != 0
   |                     ^^

houdafny.dfy(58,23): Error: this invariant could not be proved to be maintained by the loop
   |
58 |       invariant l_list != l_size
   |                        ^^

houdafny.dfy(58,23): Related message: loop invariant violation
   |
58 |       invariant l_list != l_size
   |                        ^^

houdafny.dfy(59,23): Error: this invariant could not be proved to be maintained by the loop
   |
59 |       invariant l_list != l_i
   |                        ^^

houdafny.dfy(59,23): Related message: loop invariant violation
   |
59 |       invariant l_list != l_i
   |                        ^^

houdafny.dfy(60,23): Error: this loop invariant could not be proved on entry
   |
60 |       invariant l_list != l_j
   |                        ^^

houdafny.dfy(60,23): Related message: loop invariant violation
   |
60 |       invariant l_list != l_j
   |                        ^^

houdafny.dfy(60,23): Error: this invariant could not be proved to be maintained by the loop
   |
60 |       invariant l_list != l_j
   |                        ^^

houdafny.dfy(60,23): Related message: loop invariant violation
   |
60 |       invariant l_list != l_j
   |                        ^^

houdafny.dfy(63,20): Error: this loop invariant could not be proved on entry
   |
63 |       invariant l_i < l_j
   |                     ^

houdafny.dfy(63,20): Related message: loop invariant violation
   |
63 |       invariant l_i < l_j
   |                     ^

houdafny.dfy(63,20): Error: this invariant could not be proved to be maintained by the loop
   |
63 |       invariant l_i < l_j
   |                     ^

houdafny.dfy(63,20): Related message: loop invariant violation
   |
63 |       invariant l_i < l_j
   |                     ^


Dafny program verifier finished with 0 verified, 14 errors

Writing Dafny to houdafny.dfy...
Done
Running Dafny verification...
houdafny.dfy(1,27): Warning: deprecated style: a semi-colon is not needed here
  |
1 | const epsilon: real := 0.01;
  |                            ^

houdafny.dfy(20,21): Error: this loop invariant could not be proved on entry
   |
20 |     invariant l_list <= r_list
   |                      ^^

houdafny.dfy(20,21): Related message: loop invariant violation
   |
20 |     invariant l_list <= r_list
   |                      ^^

houdafny.dfy(21,21): Error: this loop invariant could not be proved on entry
   |
21 |     invariant l_list >= r_list
   |                      ^^

houdafny.dfy(21,21): Related message: loop invariant violation
   |
21 |     invariant l_list >= r_list
   |                      ^^

houdafny.dfy(29,21): Error: this loop invariant could not be proved on entry
   |
29 |     invariant l_list != l_i
   |                      ^^

houdafny.dfy(29,21): Related message: loop invariant violation
   |
29 |     invariant l_list != l_i
   |                      ^^

houdafny.dfy(29,21): Error: this invariant could not be proved to be maintained by the loop
   |
29 |     invariant l_list != l_i
   |                      ^^

houdafny.dfy(29,21): Related message: loop invariant violation
   |
29 |     invariant l_list != l_i
   |                      ^^

houdafny.dfy(50,20): Error: this loop invariant could not be proved on entry
   |
50 |       invariant l_j >= 1
   |                     ^^

houdafny.dfy(50,20): Related message: loop invariant violation
   |
50 |       invariant l_j >= 1
   |                     ^^

houdafny.dfy(50,20): Error: this invariant could not be proved to be maintained by the loop
   |
50 |       invariant l_j >= 1
   |                     ^^

houdafny.dfy(50,20): Related message: loop invariant violation
   |
50 |       invariant l_j >= 1
   |                     ^^


Dafny program verifier finished with 0 verified, 6 errors

Writing Dafny to houdafny.dfy...
Done
Running Dafny verification...
houdafny.dfy(1,27): Warning: deprecated style: a semi-colon is not needed here
  |
1 | const epsilon: real := 0.01;
  |                            ^

houdafny.dfy(33,23): Error: this loop invariant could not be proved on entry
   |
33 |       invariant l_list == r_list
   |                        ^^

houdafny.dfy(33,23): Related message: loop invariant violation
   |
33 |       invariant l_list == r_list
   |                        ^^


Dafny program verifier finished with 0 verified, 1 error

Writing Dafny to houdafny.dfy...
Done
Running Dafny verification...
houdafny.dfy(1,27): Warning: deprecated style: a semi-colon is not needed here
  |
1 | const epsilon: real := 0.01;
  |                            ^

houdafny.dfy(33,23): Error: this loop invariant could not be proved on entry
   |
33 |       invariant l_list <= r_list
   |                        ^^

houdafny.dfy(33,23): Related message: loop invariant violation
   |
33 |       invariant l_list <= r_list
   |                        ^^

houdafny.dfy(34,23): Error: this loop invariant could not be proved on entry
   |
34 |       invariant l_list >= r_list
   |                        ^^

houdafny.dfy(34,23): Related message: loop invariant violation
   |
34 |       invariant l_list >= r_list
   |                        ^^


Dafny program verifier finished with 0 verified, 2 errors

Writing Dafny to houdafny.dfy...
Done
Running Dafny verification...
houdafny.dfy(1,27): Warning: deprecated style: a semi-colon is not needed here
  |
1 | const epsilon: real := 0.01;
  |                            ^


Dafny program verifier finished with 1 verified, 0 errors

Writing output to ./results/alignments/dafny/barthe/sa/bubblesort-sa.dfy...
Done

Per-Task Times (ms)
-------------------
align-count-loops: 7
aligned-crel: 1
invars-daikon: 7480
houdafny: 9989
align-sa: 0
aligned-crel: 0
invars-daikon: 0
houdafny: 0
aligned-output: 1
write-product: 0

KestRel completed in 17480ms
Verified: true

real	0m17.781s
user	0m19.981s
sys	0m1.202s
