Computed alignment by local loop counting.
Writing Daikon to daikon_output.c...
Done
Compiling Daikon output...
Running Kvasir...
==35518== kvasir-5.8.18, C/C++ Language Front-End for Daikon with DynComp comparability analysis tool.
==35518== Copyright (C) 2007-2022, University of Washington CSE PLSE Group
==35518== Using Valgrind-3.19.0.Fjalar and LibVEX; rerun with -h for copyright info
==35518== Command: ./daikon_output
==35518== 
==35518== 
==35518== For lists of detected and suppressed errors, rerun with: -s
==35518== ERROR SUMMARY: 0 errors from 0 contexts (suppressed: 0 from 0)
Running Daikon...
Writing Dafny to houdafny.dfy...
Done
Running Dafny verification...
houdafny.dfy(26,18): Error: this loop invariant could not be proved on entry
   |
26 |     invariant l_i == (r_j + 2)
   |                   ^^

houdafny.dfy(26,18): Related message: loop invariant violation
   |
26 |     invariant l_i == (r_j + 2)
   |                   ^^


Dafny program verifier finished with 0 verified, 1 error

Writing Dafny to houdafny.dfy...
Done
Running Dafny verification...
houdafny.dfy(26,14): Error: this loop invariant could not be proved on entry
   |
26 |     invariant forall i: int :: (read(l_a, i) == read(r_a, i))
   |               ^^^^^^

houdafny.dfy(26,14): Related message: loop invariant violation
   |
26 |     invariant forall i: int :: (read(l_a, i) == read(r_a, i))
   |               ^^^^^^


Dafny program verifier finished with 0 verified, 1 error

Writing Dafny to houdafny.dfy...
Done
Running Dafny verification...
houdafny.dfy(25,14): Error: this invariant could not be proved to be maintained by the loop
   |
25 |     invariant forall i: int :: ((!((i != r_j) && (i != (r_j + 1)))) || (read(l_c, i) == read(r_c, i)))
   |               ^^^^^^

houdafny.dfy(25,14): Related message: loop invariant violation
   |
25 |     invariant forall i: int :: ((!((i != r_j) && (i != (r_j + 1)))) || (read(l_c, i) == read(r_c, i)))
   |               ^^^^^^

houdafny.dfy(26,33): Error: this loop invariant could not be proved on entry
   |
26 |     invariant read(l_b, r_j + 1) == (read(r_b, r_j + 1) + read(l_a, r_j + 1))
   |                                  ^^

houdafny.dfy(26,33): Related message: loop invariant violation
   |
26 |     invariant read(l_b, r_j + 1) == (read(r_b, r_j + 1) + read(l_a, r_j + 1))
   |                                  ^^

houdafny.dfy(26,33): Error: this invariant could not be proved to be maintained by the loop
   |
26 |     invariant read(l_b, r_j + 1) == (read(r_b, r_j + 1) + read(l_a, r_j + 1))
   |                                  ^^

houdafny.dfy(26,33): Related message: loop invariant violation
   |
26 |     invariant read(l_b, r_j + 1) == (read(r_b, r_j + 1) + read(l_a, r_j + 1))
   |                                  ^^

houdafny.dfy(27,14): Error: this loop invariant could not be proved on entry
   |
27 |     invariant forall i: int :: ((!(i != (r_j + 1))) || (read(l_b, i) == read(r_b, i)))
   |               ^^^^^^

houdafny.dfy(27,14): Related message: loop invariant violation
   |
27 |     invariant forall i: int :: ((!(i != (r_j + 1))) || (read(l_b, i) == read(r_b, i)))
   |               ^^^^^^

houdafny.dfy(27,14): Error: this invariant could not be proved to be maintained by the loop
   |
27 |     invariant forall i: int :: ((!(i != (r_j + 1))) || (read(l_b, i) == read(r_b, i)))
   |               ^^^^^^

houdafny.dfy(27,14): Related message: loop invariant violation
   |
27 |     invariant forall i: int :: ((!(i != (r_j + 1))) || (read(l_b, i) == read(r_b, i)))
   |               ^^^^^^

houdafny.dfy(28,29): Error: this loop invariant could not be proved on entry
   |
28 |     invariant read(l_c, r_j) == (read(r_c, r_j) + read(l_b, r_j))
   |                              ^^

houdafny.dfy(28,29): Related message: loop invariant violation
   |
28 |     invariant read(l_c, r_j) == (read(r_c, r_j) + read(l_b, r_j))
   |                              ^^

houdafny.dfy(29,33): Error: this loop invariant could not be proved on entry
   |
29 |     invariant read(l_c, r_j + 1) == (read(r_c, r_j + 1) + read(l_b, r_j + 1))
   |                                  ^^

houdafny.dfy(29,33): Related message: loop invariant violation
   |
29 |     invariant read(l_c, r_j + 1) == (read(r_c, r_j + 1) + read(l_b, r_j + 1))
   |                                  ^^

houdafny.dfy(29,33): Error: this invariant could not be proved to be maintained by the loop
   |
29 |     invariant read(l_c, r_j + 1) == (read(r_c, r_j + 1) + read(l_b, r_j + 1))
   |                                  ^^

houdafny.dfy(29,33): Related message: loop invariant violation
   |
29 |     invariant read(l_c, r_j + 1) == (read(r_c, r_j + 1) + read(l_b, r_j + 1))
   |                                  ^^

houdafny.dfy(36,18): Error: this loop invariant could not be proved on entry
   |
36 |     invariant l_a != 0
   |                   ^^

houdafny.dfy(36,18): Related message: loop invariant violation
   |
36 |     invariant l_a != 0
   |                   ^^

houdafny.dfy(36,18): Error: this invariant could not be proved to be maintained by the loop
   |
36 |     invariant l_a != 0
   |                   ^^

houdafny.dfy(36,18): Related message: loop invariant violation
   |
36 |     invariant l_a != 0
   |                   ^^

houdafny.dfy(37,18): Error: this loop invariant could not be proved on entry
   |
37 |     invariant l_b != 0
   |                   ^^

houdafny.dfy(37,18): Related message: loop invariant violation
   |
37 |     invariant l_b != 0
   |                   ^^

houdafny.dfy(37,18): Error: this invariant could not be proved to be maintained by the loop
   |
37 |     invariant l_b != 0
   |                   ^^

houdafny.dfy(37,18): Related message: loop invariant violation
   |
37 |     invariant l_b != 0
   |                   ^^

houdafny.dfy(38,18): Error: this loop invariant could not be proved on entry
   |
38 |     invariant l_c != 0
   |                   ^^

houdafny.dfy(38,18): Related message: loop invariant violation
   |
38 |     invariant l_c != 0
   |                   ^^

houdafny.dfy(38,18): Error: this invariant could not be proved to be maintained by the loop
   |
38 |     invariant l_c != 0
   |                   ^^

houdafny.dfy(38,18): Related message: loop invariant violation
   |
38 |     invariant l_c != 0
   |                   ^^

houdafny.dfy(41,18): Error: this loop invariant could not be proved on entry
   |
41 |     invariant r_a != 0
   |                   ^^

houdafny.dfy(41,18): Related message: loop invariant violation
   |
41 |     invariant r_a != 0
   |                   ^^

houdafny.dfy(41,18): Error: this invariant could not be proved to be maintained by the loop
   |
41 |     invariant r_a != 0
   |                   ^^

houdafny.dfy(41,18): Related message: loop invariant violation
   |
41 |     invariant r_a != 0
   |                   ^^

houdafny.dfy(42,18): Error: this loop invariant could not be proved on entry
   |
42 |     invariant r_b != 0
   |                   ^^

houdafny.dfy(42,18): Related message: loop invariant violation
   |
42 |     invariant r_b != 0
   |                   ^^

houdafny.dfy(42,18): Error: this invariant could not be proved to be maintained by the loop
   |
42 |     invariant r_b != 0
   |                   ^^

houdafny.dfy(42,18): Related message: loop invariant violation
   |
42 |     invariant r_b != 0
   |                   ^^

houdafny.dfy(43,18): Error: this loop invariant could not be proved on entry
   |
43 |     invariant r_c != 0
   |                   ^^

houdafny.dfy(43,18): Related message: loop invariant violation
   |
43 |     invariant r_c != 0
   |                   ^^

houdafny.dfy(43,18): Error: this invariant could not be proved to be maintained by the loop
   |
43 |     invariant r_c != 0
   |                   ^^

houdafny.dfy(43,18): Related message: loop invariant violation
   |
43 |     invariant r_c != 0
   |                   ^^

houdafny.dfy(44,18): Error: this invariant could not be proved to be maintained by the loop
   |
44 |     invariant l_a != l_b
   |                   ^^

houdafny.dfy(44,18): Related message: loop invariant violation
   |
44 |     invariant l_a != l_b
   |                   ^^

houdafny.dfy(45,18): Error: this loop invariant could not be proved on entry
   |
45 |     invariant l_a != l_c
   |                   ^^

houdafny.dfy(45,18): Related message: loop invariant violation
   |
45 |     invariant l_a != l_c
   |                   ^^

houdafny.dfy(45,18): Error: this invariant could not be proved to be maintained by the loop
   |
45 |     invariant l_a != l_c
   |                   ^^

houdafny.dfy(45,18): Related message: loop invariant violation
   |
45 |     invariant l_a != l_c
   |                   ^^

houdafny.dfy(46,18): Error: this loop invariant could not be proved on entry
   |
46 |     invariant l_a != l_size
   |                   ^^

houdafny.dfy(46,18): Related message: loop invariant violation
   |
46 |     invariant l_a != l_size
   |                   ^^

houdafny.dfy(46,18): Error: this invariant could not be proved to be maintained by the loop
   |
46 |     invariant l_a != l_size
   |                   ^^

houdafny.dfy(46,18): Related message: loop invariant violation
   |
46 |     invariant l_a != l_size
   |                   ^^

houdafny.dfy(47,18): Error: this invariant could not be proved to be maintained by the loop
   |
47 |     invariant l_a != l_i
   |                   ^^

houdafny.dfy(47,18): Related message: loop invariant violation
   |
47 |     invariant l_a != l_i
   |                   ^^

houdafny.dfy(48,18): Error: this invariant could not be proved to be maintained by the loop
   |
48 |     invariant l_a != r_a
   |                   ^^

houdafny.dfy(48,18): Related message: loop invariant violation
   |
48 |     invariant l_a != r_a
   |                   ^^

houdafny.dfy(49,18): Error: this invariant could not be proved to be maintained by the loop
   |
49 |     invariant l_a != r_b
   |                   ^^

houdafny.dfy(49,18): Related message: loop invariant violation
   |
49 |     invariant l_a != r_b
   |                   ^^

houdafny.dfy(50,18): Error: this loop invariant could not be proved on entry
   |
50 |     invariant l_a != r_c
   |                   ^^

houdafny.dfy(50,18): Related message: loop invariant violation
   |
50 |     invariant l_a != r_c
   |                   ^^

houdafny.dfy(50,18): Error: this invariant could not be proved to be maintained by the loop
   |
50 |     invariant l_a != r_c
   |                   ^^

houdafny.dfy(50,18): Related message: loop invariant violation
   |
50 |     invariant l_a != r_c
   |                   ^^

houdafny.dfy(51,18): Error: this loop invariant could not be proved on entry
   |
51 |     invariant l_b != l_c
   |                   ^^

houdafny.dfy(51,18): Related message: loop invariant violation
   |
51 |     invariant l_b != l_c
   |                   ^^

houdafny.dfy(51,18): Error: this invariant could not be proved to be maintained by the loop
   |
51 |     invariant l_b != l_c
   |                   ^^

houdafny.dfy(51,18): Related message: loop invariant violation
   |
51 |     invariant l_b != l_c
   |                   ^^

houdafny.dfy(52,18): Error: this loop invariant could not be proved on entry
   |
52 |     invariant l_b != l_size
   |                   ^^

houdafny.dfy(52,18): Related message: loop invariant violation
   |
52 |     invariant l_b != l_size
   |                   ^^

houdafny.dfy(52,18): Error: this invariant could not be proved to be maintained by the loop
   |
52 |     invariant l_b != l_size
   |                   ^^

houdafny.dfy(52,18): Related message: loop invariant violation
   |
52 |     invariant l_b != l_size
   |                   ^^

houdafny.dfy(53,18): Error: this invariant could not be proved to be maintained by the loop
   |
53 |     invariant l_b != l_i
   |                   ^^

houdafny.dfy(53,18): Related message: loop invariant violation
   |
53 |     invariant l_b != l_i
   |                   ^^

houdafny.dfy(54,18): Error: this invariant could not be proved to be maintained by the loop
   |
54 |     invariant l_b != r_a
   |                   ^^

houdafny.dfy(54,18): Related message: loop invariant violation
   |
54 |     invariant l_b != r_a
   |                   ^^

houdafny.dfy(55,18): Error: this loop invariant could not be proved on entry
   |
55 |     invariant l_b != r_b
   |                   ^^

houdafny.dfy(55,18): Related message: loop invariant violation
   |
55 |     invariant l_b != r_b
   |                   ^^

houdafny.dfy(55,18): Error: this invariant could not be proved to be maintained by the loop
   |
55 |     invariant l_b != r_b
   |                   ^^

houdafny.dfy(55,18): Related message: loop invariant violation
   |
55 |     invariant l_b != r_b
   |                   ^^

houdafny.dfy(56,18): Error: this loop invariant could not be proved on entry
   |
56 |     invariant l_b != r_c
   |                   ^^

houdafny.dfy(56,18): Related message: loop invariant violation
   |
56 |     invariant l_b != r_c
   |                   ^^

houdafny.dfy(56,18): Error: this invariant could not be proved to be maintained by the loop
   |
56 |     invariant l_b != r_c
   |                   ^^

houdafny.dfy(56,18): Related message: loop invariant violation
   |
56 |     invariant l_b != r_c
   |                   ^^

houdafny.dfy(57,18): Error: this loop invariant could not be proved on entry
   |
57 |     invariant l_c != l_size
   |                   ^^

houdafny.dfy(57,18): Related message: loop invariant violation
   |
57 |     invariant l_c != l_size
   |                   ^^

houdafny.dfy(57,18): Error: this invariant could not be proved to be maintained by the loop
   |
57 |     invariant l_c != l_size
   |                   ^^

houdafny.dfy(57,18): Related message: loop invariant violation
   |
57 |     invariant l_c != l_size
   |                   ^^

houdafny.dfy(58,18): Error: this invariant could not be proved to be maintained by the loop
   |
58 |     invariant l_c != l_i
   |                   ^^

houdafny.dfy(58,18): Related message: loop invariant violation
   |
58 |     invariant l_c != l_i
   |                   ^^

houdafny.dfy(59,18): Error: this loop invariant could not be proved on entry
   |
59 |     invariant l_c != r_a
   |                   ^^

houdafny.dfy(59,18): Related message: loop invariant violation
   |
59 |     invariant l_c != r_a
   |                   ^^

houdafny.dfy(59,18): Error: this invariant could not be proved to be maintained by the loop
   |
59 |     invariant l_c != r_a
   |                   ^^

houdafny.dfy(59,18): Related message: loop invariant violation
   |
59 |     invariant l_c != r_a
   |                   ^^

houdafny.dfy(60,18): Error: this loop invariant could not be proved on entry
   |
60 |     invariant l_c != r_b
   |                   ^^

houdafny.dfy(60,18): Related message: loop invariant violation
   |
60 |     invariant l_c != r_b
   |                   ^^

houdafny.dfy(60,18): Error: this invariant could not be proved to be maintained by the loop
   |
60 |     invariant l_c != r_b
   |                   ^^

houdafny.dfy(60,18): Related message: loop invariant violation
   |
60 |     invariant l_c != r_b
   |                   ^^

houdafny.dfy(62,21): Error: this loop invariant could not be proved on entry
   |
62 |     invariant l_size != r_a
   |                      ^^

houdafny.dfy(62,21): Related message: loop invariant violation
   |
62 |     invariant l_size != r_a
   |                      ^^

houdafny.dfy(62,21): Error: this invariant could not be proved to be maintained by the loop
   |
62 |     invariant l_size != r_a
   |                      ^^

houdafny.dfy(62,21): Related message: loop invariant violation
   |
62 |     invariant l_size != r_a
   |                      ^^

houdafny.dfy(63,21): Error: this loop invariant could not be proved on entry
   |
63 |     invariant l_size != r_b
   |                      ^^

houdafny.dfy(63,21): Related message: loop invariant violation
   |
63 |     invariant l_size != r_b
   |                      ^^

houdafny.dfy(63,21): Error: this invariant could not be proved to be maintained by the loop
   |
63 |     invariant l_size != r_b
   |                      ^^

houdafny.dfy(63,21): Related message: loop invariant violation
   |
63 |     invariant l_size != r_b
   |                      ^^

houdafny.dfy(64,21): Error: this loop invariant could not be proved on entry
   |
64 |     invariant l_size != r_c
   |                      ^^

houdafny.dfy(64,21): Related message: loop invariant violation
   |
64 |     invariant l_size != r_c
   |                      ^^

houdafny.dfy(64,21): Error: this invariant could not be proved to be maintained by the loop
   |
64 |     invariant l_size != r_c
   |                      ^^

houdafny.dfy(64,21): Related message: loop invariant violation
   |
64 |     invariant l_size != r_c
   |                      ^^

houdafny.dfy(65,18): Error: this invariant could not be proved to be maintained by the loop
   |
65 |     invariant l_i != r_a
   |                   ^^

houdafny.dfy(65,18): Related message: loop invariant violation
   |
65 |     invariant l_i != r_a
   |                   ^^

houdafny.dfy(66,18): Error: this invariant could not be proved to be maintained by the loop
   |
66 |     invariant l_i != r_b
   |                   ^^

houdafny.dfy(66,18): Related message: loop invariant violation
   |
66 |     invariant l_i != r_b
   |                   ^^

houdafny.dfy(67,18): Error: this invariant could not be proved to be maintained by the loop
   |
67 |     invariant l_i != r_c
   |                   ^^

houdafny.dfy(67,18): Related message: loop invariant violation
   |
67 |     invariant l_i != r_c
   |                   ^^

houdafny.dfy(68,18): Error: this invariant could not be proved to be maintained by the loop
   |
68 |     invariant r_a != r_b
   |                   ^^

houdafny.dfy(68,18): Related message: loop invariant violation
   |
68 |     invariant r_a != r_b
   |                   ^^

houdafny.dfy(69,18): Error: this loop invariant could not be proved on entry
   |
69 |     invariant r_a != r_c
   |                   ^^

houdafny.dfy(69,18): Related message: loop invariant violation
   |
69 |     invariant r_a != r_c
   |                   ^^

houdafny.dfy(69,18): Error: this invariant could not be proved to be maintained by the loop
   |
69 |     invariant r_a != r_c
   |                   ^^

houdafny.dfy(69,18): Related message: loop invariant violation
   |
69 |     invariant r_a != r_c
   |                   ^^

houdafny.dfy(70,18): Error: this loop invariant could not be proved on entry
   |
70 |     invariant r_b != r_c
   |                   ^^

houdafny.dfy(70,18): Related message: loop invariant violation
   |
70 |     invariant r_b != r_c
   |                   ^^

houdafny.dfy(70,18): Error: this invariant could not be proved to be maintained by the loop
   |
70 |     invariant r_b != r_c
   |                   ^^

houdafny.dfy(70,18): Related message: loop invariant violation
   |
70 |     invariant r_b != r_c
   |                   ^^

houdafny.dfy(84,18): Error: this loop invariant could not be proved on entry
   |
84 |     invariant l_i == (r_j + 2)
   |                   ^^

houdafny.dfy(84,18): Related message: loop invariant violation
   |
84 |     invariant l_i == (r_j + 2)
   |                   ^^


Dafny program verifier finished with 0 verified, 62 errors

Writing Dafny to houdafny.dfy...
Done
Running Dafny verification...
houdafny.dfy(46,14): Error: this loop invariant could not be proved on entry
   |
46 |     invariant forall i: int :: ((!((i != r_j) && (i != (r_j + 1)))) || (read(l_c, i) == read(r_c, i)))
   |               ^^^^^^

houdafny.dfy(46,14): Related message: loop invariant violation
   |
46 |     invariant forall i: int :: ((!((i != r_j) && (i != (r_j + 1)))) || (read(l_c, i) == read(r_c, i)))
   |               ^^^^^^

houdafny.dfy(47,14): Error: this loop invariant could not be proved on entry
   |
47 |     invariant forall i: int :: (read(l_a, i) == read(r_a, i))
   |               ^^^^^^

houdafny.dfy(47,14): Related message: loop invariant violation
   |
47 |     invariant forall i: int :: (read(l_a, i) == read(r_a, i))
   |               ^^^^^^

houdafny.dfy(48,33): Error: this loop invariant could not be proved on entry
   |
48 |     invariant read(l_b, r_j + 1) == (read(r_b, r_j + 1) + read(l_a, r_j + 1))
   |                                  ^^

houdafny.dfy(48,33): Related message: loop invariant violation
   |
48 |     invariant read(l_b, r_j + 1) == (read(r_b, r_j + 1) + read(l_a, r_j + 1))
   |                                  ^^

houdafny.dfy(49,14): Error: this loop invariant could not be proved on entry
   |
49 |     invariant forall i: int :: ((!(i != (r_j + 1))) || (read(l_b, i) == read(r_b, i)))
   |               ^^^^^^

houdafny.dfy(49,14): Related message: loop invariant violation
   |
49 |     invariant forall i: int :: ((!(i != (r_j + 1))) || (read(l_b, i) == read(r_b, i)))
   |               ^^^^^^

houdafny.dfy(50,29): Error: this loop invariant could not be proved on entry
   |
50 |     invariant read(l_c, r_j) == (read(r_c, r_j) + read(l_b, r_j))
   |                              ^^

houdafny.dfy(50,29): Related message: loop invariant violation
   |
50 |     invariant read(l_c, r_j) == (read(r_c, r_j) + read(l_b, r_j))
   |                              ^^

houdafny.dfy(51,33): Error: this loop invariant could not be proved on entry
   |
51 |     invariant read(l_c, r_j + 1) == (read(r_c, r_j + 1) + read(l_b, r_j + 1))
   |                                  ^^

houdafny.dfy(51,33): Related message: loop invariant violation
   |
51 |     invariant read(l_c, r_j + 1) == (read(r_c, r_j + 1) + read(l_b, r_j + 1))
   |                                  ^^

houdafny.dfy(55,18): Error: this loop invariant could not be proved on entry
   |
55 |     invariant l_a != 0
   |                   ^^

houdafny.dfy(55,18): Related message: loop invariant violation
   |
55 |     invariant l_a != 0
   |                   ^^

houdafny.dfy(56,18): Error: this loop invariant could not be proved on entry
   |
56 |     invariant l_b != 0
   |                   ^^

houdafny.dfy(56,18): Related message: loop invariant violation
   |
56 |     invariant l_b != 0
   |                   ^^

houdafny.dfy(57,18): Error: this loop invariant could not be proved on entry
   |
57 |     invariant l_c != 0
   |                   ^^

houdafny.dfy(57,18): Related message: loop invariant violation
   |
57 |     invariant l_c != 0
   |                   ^^

houdafny.dfy(59,18): Error: this loop invariant could not be proved on entry
   |
59 |     invariant l_i != 0
   |                   ^^

houdafny.dfy(59,18): Related message: loop invariant violation
   |
59 |     invariant l_i != 0
   |                   ^^

houdafny.dfy(60,18): Error: this loop invariant could not be proved on entry
   |
60 |     invariant r_a != 0
   |                   ^^

houdafny.dfy(60,18): Related message: loop invariant violation
   |
60 |     invariant r_a != 0
   |                   ^^

houdafny.dfy(61,18): Error: this loop invariant could not be proved on entry
   |
61 |     invariant r_b != 0
   |                   ^^

houdafny.dfy(61,18): Related message: loop invariant violation
   |
61 |     invariant r_b != 0
   |                   ^^

houdafny.dfy(62,18): Error: this loop invariant could not be proved on entry
   |
62 |     invariant r_c != 0
   |                   ^^

houdafny.dfy(62,18): Related message: loop invariant violation
   |
62 |     invariant r_c != 0
   |                   ^^

houdafny.dfy(64,18): Error: this loop invariant could not be proved on entry
   |
64 |     invariant l_a != l_b
   |                   ^^

houdafny.dfy(64,18): Related message: loop invariant violation
   |
64 |     invariant l_a != l_b
   |                   ^^

houdafny.dfy(65,18): Error: this loop invariant could not be proved on entry
   |
65 |     invariant l_a != l_c
   |                   ^^

houdafny.dfy(65,18): Related message: loop invariant violation
   |
65 |     invariant l_a != l_c
   |                   ^^

houdafny.dfy(66,18): Error: this loop invariant could not be proved on entry
   |
66 |     invariant l_a != l_size
   |                   ^^

houdafny.dfy(66,18): Related message: loop invariant violation
   |
66 |     invariant l_a != l_size
   |                   ^^

houdafny.dfy(67,18): Error: this loop invariant could not be proved on entry
   |
67 |     invariant l_a != l_i
   |                   ^^

houdafny.dfy(67,18): Related message: loop invariant violation
   |
67 |     invariant l_a != l_i
   |                   ^^

houdafny.dfy(68,18): Error: this loop invariant could not be proved on entry
   |
68 |     invariant l_a != r_a
   |                   ^^

houdafny.dfy(68,18): Related message: loop invariant violation
   |
68 |     invariant l_a != r_a
   |                   ^^

houdafny.dfy(69,18): Error: this loop invariant could not be proved on entry
   |
69 |     invariant l_a != r_b
   |                   ^^

houdafny.dfy(69,18): Related message: loop invariant violation
   |
69 |     invariant l_a != r_b
   |                   ^^

houdafny.dfy(70,18): Error: this loop invariant could not be proved on entry
   |
70 |     invariant l_a != r_c
   |                   ^^

houdafny.dfy(70,18): Related message: loop invariant violation
   |
70 |     invariant l_a != r_c
   |                   ^^

houdafny.dfy(72,18): Error: this loop invariant could not be proved on entry
   |
72 |     invariant l_b != l_c
   |                   ^^

houdafny.dfy(72,18): Related message: loop invariant violation
   |
72 |     invariant l_b != l_c
   |                   ^^

houdafny.dfy(73,18): Error: this loop invariant could not be proved on entry
   |
73 |     invariant l_b != l_size
   |                   ^^

houdafny.dfy(73,18): Related message: loop invariant violation
   |
73 |     invariant l_b != l_size
   |                   ^^

houdafny.dfy(74,18): Error: this loop invariant could not be proved on entry
   |
74 |     invariant l_b != l_i
   |                   ^^

houdafny.dfy(74,18): Related message: loop invariant violation
   |
74 |     invariant l_b != l_i
   |                   ^^

houdafny.dfy(75,18): Error: this loop invariant could not be proved on entry
   |
75 |     invariant l_b != r_a
   |                   ^^

houdafny.dfy(75,18): Related message: loop invariant violation
   |
75 |     invariant l_b != r_a
   |                   ^^

houdafny.dfy(76,18): Error: this loop invariant could not be proved on entry
   |
76 |     invariant l_b != r_b
   |                   ^^

houdafny.dfy(76,18): Related message: loop invariant violation
   |
76 |     invariant l_b != r_b
   |                   ^^

houdafny.dfy(77,18): Error: this loop invariant could not be proved on entry
   |
77 |     invariant l_b != r_c
   |                   ^^

houdafny.dfy(77,18): Related message: loop invariant violation
   |
77 |     invariant l_b != r_c
   |                   ^^

houdafny.dfy(79,18): Error: this loop invariant could not be proved on entry
   |
79 |     invariant l_c != l_size
   |                   ^^

houdafny.dfy(79,18): Related message: loop invariant violation
   |
79 |     invariant l_c != l_size
   |                   ^^

houdafny.dfy(80,18): Error: this loop invariant could not be proved on entry
   |
80 |     invariant l_c != l_i
   |                   ^^

houdafny.dfy(80,18): Related message: loop invariant violation
   |
80 |     invariant l_c != l_i
   |                   ^^

houdafny.dfy(81,18): Error: this loop invariant could not be proved on entry
   |
81 |     invariant l_c != r_a
   |                   ^^

houdafny.dfy(81,18): Related message: loop invariant violation
   |
81 |     invariant l_c != r_a
   |                   ^^

houdafny.dfy(82,18): Error: this loop invariant could not be proved on entry
   |
82 |     invariant l_c != r_b
   |                   ^^

houdafny.dfy(82,18): Related message: loop invariant violation
   |
82 |     invariant l_c != r_b
   |                   ^^

houdafny.dfy(83,18): Error: this loop invariant could not be proved on entry
   |
83 |     invariant l_c != r_c
   |                   ^^

houdafny.dfy(83,18): Related message: loop invariant violation
   |
83 |     invariant l_c != r_c
   |                   ^^

houdafny.dfy(86,21): Error: this loop invariant could not be proved on entry
   |
86 |     invariant l_size != r_a
   |                      ^^

houdafny.dfy(86,21): Related message: loop invariant violation
   |
86 |     invariant l_size != r_a
   |                      ^^

houdafny.dfy(87,21): Error: this loop invariant could not be proved on entry
   |
87 |     invariant l_size != r_b
   |                      ^^

houdafny.dfy(87,21): Related message: loop invariant violation
   |
87 |     invariant l_size != r_b
   |                      ^^

houdafny.dfy(88,21): Error: this loop invariant could not be proved on entry
   |
88 |     invariant l_size != r_c
   |                      ^^

houdafny.dfy(88,21): Related message: loop invariant violation
   |
88 |     invariant l_size != r_c
   |                      ^^

houdafny.dfy(89,35): Error: this loop invariant could not be proved on entry
   |
89 |     invariant (l_size - (r_j - 2)) == 0
   |                                    ^^

houdafny.dfy(89,35): Related message: loop invariant violation
   |
89 |     invariant (l_size - (r_j - 2)) == 0
   |                                    ^^


Dafny program verifier finished with 0 verified, 35 errors

Writing Dafny to houdafny.dfy...
Done
Running Dafny verification...
houdafny.dfy(50,18): Error: this loop invariant could not be proved on entry
   |
50 |     invariant r_j != 0
   |                   ^^

houdafny.dfy(50,18): Related message: loop invariant violation
   |
50 |     invariant r_j != 0
   |                   ^^

houdafny.dfy(51,18): Error: this loop invariant could not be proved on entry
   |
51 |     invariant l_a != r_j
   |                   ^^

houdafny.dfy(51,18): Related message: loop invariant violation
   |
51 |     invariant l_a != r_j
   |                   ^^

houdafny.dfy(52,18): Error: this loop invariant could not be proved on entry
   |
52 |     invariant l_b != r_j
   |                   ^^

houdafny.dfy(52,18): Related message: loop invariant violation
   |
52 |     invariant l_b != r_j
   |                   ^^

houdafny.dfy(53,18): Error: this loop invariant could not be proved on entry
   |
53 |     invariant l_c != r_j
   |                   ^^

houdafny.dfy(53,18): Related message: loop invariant violation
   |
53 |     invariant l_c != r_j
   |                   ^^

houdafny.dfy(55,35): Error: this loop invariant could not be proved on entry
   |
55 |     invariant (l_size - (r_j - 2)) <= 0
   |                                    ^^

houdafny.dfy(55,35): Related message: loop invariant violation
   |
55 |     invariant (l_size - (r_j - 2)) <= 0
   |                                    ^^


Dafny program verifier finished with 0 verified, 5 errors

Writing Dafny to houdafny.dfy...
Done
Running Dafny verification...
houdafny.dfy(50,21): Error: this invariant could not be proved to be maintained by the loop
   |
50 |     invariant l_size > l_i
   |                      ^

houdafny.dfy(50,21): Related message: loop invariant violation
   |
50 |     invariant l_size > l_i
   |                      ^

houdafny.dfy(52,18): Error: this loop invariant could not be proved on entry
   |
52 |     invariant l_i != r_a
   |                   ^^

houdafny.dfy(52,18): Related message: loop invariant violation
   |
52 |     invariant l_i != r_a
   |                   ^^

houdafny.dfy(52,18): Error: this invariant could not be proved to be maintained by the loop
   |
52 |     invariant l_i != r_a
   |                   ^^

houdafny.dfy(52,18): Related message: loop invariant violation
   |
52 |     invariant l_i != r_a
   |                   ^^

houdafny.dfy(53,18): Error: this loop invariant could not be proved on entry
   |
53 |     invariant l_i != r_b
   |                   ^^

houdafny.dfy(53,18): Related message: loop invariant violation
   |
53 |     invariant l_i != r_b
   |                   ^^

houdafny.dfy(53,18): Error: this invariant could not be proved to be maintained by the loop
   |
53 |     invariant l_i != r_b
   |                   ^^

houdafny.dfy(53,18): Related message: loop invariant violation
   |
53 |     invariant l_i != r_b
   |                   ^^

houdafny.dfy(54,18): Error: this loop invariant could not be proved on entry
   |
54 |     invariant l_i != r_c
   |                   ^^

houdafny.dfy(54,18): Related message: loop invariant violation
   |
54 |     invariant l_i != r_c
   |                   ^^

houdafny.dfy(54,18): Error: this invariant could not be proved to be maintained by the loop
   |
54 |     invariant l_i != r_c
   |                   ^^

houdafny.dfy(54,18): Related message: loop invariant violation
   |
54 |     invariant l_i != r_c
   |                   ^^

houdafny.dfy(56,18): Error: this loop invariant could not be proved on entry
   |
56 |     invariant r_a != r_b
   |                   ^^

houdafny.dfy(56,18): Related message: loop invariant violation
   |
56 |     invariant r_a != r_b
   |                   ^^

houdafny.dfy(57,18): Error: this loop invariant could not be proved on entry
   |
57 |     invariant r_a != r_c
   |                   ^^

houdafny.dfy(57,18): Related message: loop invariant violation
   |
57 |     invariant r_a != r_c
   |                   ^^

houdafny.dfy(59,18): Error: this loop invariant could not be proved on entry
   |
59 |     invariant r_b != r_c
   |                   ^^

houdafny.dfy(59,18): Related message: loop invariant violation
   |
59 |     invariant r_b != r_c
   |                   ^^


Dafny program verifier finished with 0 verified, 10 errors

Writing Dafny to houdafny.dfy...
Done
Running Dafny verification...
houdafny.dfy(52,18): Error: this loop invariant could not be proved on entry
   |
52 |     invariant r_a != r_j
   |                   ^^

houdafny.dfy(52,18): Related message: loop invariant violation
   |
52 |     invariant r_a != r_j
   |                   ^^

houdafny.dfy(53,18): Error: this loop invariant could not be proved on entry
   |
53 |     invariant r_b != r_j
   |                   ^^

houdafny.dfy(53,18): Related message: loop invariant violation
   |
53 |     invariant r_b != r_j
   |                   ^^

houdafny.dfy(54,18): Error: this loop invariant could not be proved on entry
   |
54 |     invariant r_c != r_j
   |                   ^^

houdafny.dfy(54,18): Related message: loop invariant violation
   |
54 |     invariant r_c != r_j
   |                   ^^

houdafny.dfy(72,8): Error: assertion might not hold
   |
72 |   assert(forall i: int :: (read(l_a, i) == read(r_a, i)) && (forall i: int :: (read(l_b, i) == read(r_b, i)) && forall i: int :: (read(l_c, i) == read(r_c, i))));
   |         ^^^^^^^^^^^^^^^^^^^^^^^^^^^^^^^^^^^^^^^^^^^^^^^^^^^^^^^^^^^^^^^^^^^^^^^^^^^^^^^^^^^^^^^^^^^^^^^^^^^^^^^^^^^^^^^^^^^^^^^^^^^^^^^^^^^^^^^^^^^^^^^^^^^^^^^^^


Dafny program verifier finished with 0 verified, 4 errors

Writing Dafny to houdafny.dfy...
Done
Running Dafny verification...
houdafny.dfy(69,8): Error: assertion might not hold
   |
69 |   assert(forall i: int :: (read(l_a, i) == read(r_a, i)) && (forall i: int :: (read(l_b, i) == read(r_b, i)) && forall i: int :: (read(l_c, i) == read(r_c, i))));
   |         ^^^^^^^^^^^^^^^^^^^^^^^^^^^^^^^^^^^^^^^^^^^^^^^^^^^^^^^^^^^^^^^^^^^^^^^^^^^^^^^^^^^^^^^^^^^^^^^^^^^^^^^^^^^^^^^^^^^^^^^^^^^^^^^^^^^^^^^^^^^^^^^^^^^^^^^^^


Dafny program verifier finished with 0 verified, 1 error

Starting simulated annealing...
Initial score: 0.6681375
Score 0.47282138 at temperature 0.99950004
Score 0.4334709 at temperature 0.8762603
Simulated annealing complete.
Saw 3422 configurations
Best score: 0.4334709
Writing Daikon to daikon_output.c...
Done
Compiling Daikon output...
Running Kvasir...
==35853== kvasir-5.8.18, C/C++ Language Front-End for Daikon with DynComp comparability analysis tool.
==35853== Copyright (C) 2007-2022, University of Washington CSE PLSE Group
==35853== Using Valgrind-3.19.0.Fjalar and LibVEX; rerun with -h for copyright info
==35853== Command: ./daikon_output
==35853== 
==35853== 
==35853== For lists of detected and suppressed errors, rerun with: -s
==35853== ERROR SUMMARY: 0 errors from 0 contexts (suppressed: 0 from 0)
Running Daikon...
Writing Dafny to houdafny.dfy...
Done
Running Dafny verification...
houdafny.dfy(44,18): Error: this loop invariant could not be proved on entry
   |
44 |     invariant l_a == r_a
   |                   ^^

houdafny.dfy(44,18): Related message: loop invariant violation
   |
44 |     invariant l_a == r_a
   |                   ^^

houdafny.dfy(50,18): Error: this loop invariant could not be proved on entry
   |
50 |     invariant l_a != 0
   |                   ^^

houdafny.dfy(50,18): Related message: loop invariant violation
   |
50 |     invariant l_a != 0
   |                   ^^

houdafny.dfy(51,18): Error: this loop invariant could not be proved on entry
   |
51 |     invariant l_b != 0
   |                   ^^

houdafny.dfy(51,18): Related message: loop invariant violation
   |
51 |     invariant l_b != 0
   |                   ^^

houdafny.dfy(52,18): Error: this loop invariant could not be proved on entry
   |
52 |     invariant l_c != 0
   |                   ^^

houdafny.dfy(52,18): Related message: loop invariant violation
   |
52 |     invariant l_c != 0
   |                   ^^

houdafny.dfy(56,18): Error: this loop invariant could not be proved on entry
   |
56 |     invariant r_b != 0
   |                   ^^

houdafny.dfy(56,18): Related message: loop invariant violation
   |
56 |     invariant r_b != 0
   |                   ^^

houdafny.dfy(57,18): Error: this loop invariant could not be proved on entry
   |
57 |     invariant r_c != 0
   |                   ^^

houdafny.dfy(57,18): Related message: loop invariant violation
   |
57 |     invariant r_c != 0
   |                   ^^

houdafny.dfy(59,18): Error: this loop invariant could not be proved on entry
   |
59 |     invariant l_a != l_b
   |                   ^^

houdafny.dfy(59,18): Related message: loop invariant violation
   |
59 |     invariant l_a != l_b
   |                   ^^

houdafny.dfy(60,18): Error: this loop invariant could not be proved on entry
   |
60 |     invariant l_a != l_c
   |                   ^^

houdafny.dfy(60,18): Related message: loop invariant violation
   |
60 |     invariant l_a != l_c
   |                   ^^

houdafny.dfy(61,18): Error: this loop invariant could not be proved on entry
   |
61 |     invariant l_a != l_size
   |                   ^^

houdafny.dfy(61,18): Related message: loop invariant violation
   |
61 |     invariant l_a != l_size
   |                   ^^

houdafny.dfy(62,18): Error: this loop invariant could not be proved on entry
   |
62 |     invariant l_a != l_i
   |                   ^^

houdafny.dfy(62,18): Related message: loop invariant violation
   |
62 |     invariant l_a != l_i
   |                   ^^

houdafny.dfy(63,18): Error: this loop invariant could not be proved on entry
   |
63 |     invariant l_a != r_b
   |                   ^^

houdafny.dfy(63,18): Related message: loop invariant violation
   |
63 |     invariant l_a != r_b
   |                   ^^

houdafny.dfy(64,18): Error: this loop invariant could not be proved on entry
   |
64 |     invariant l_a != r_c
   |                   ^^

houdafny.dfy(64,18): Related message: loop invariant violation
   |
64 |     invariant l_a != r_c
   |                   ^^

houdafny.dfy(66,18): Error: this loop invariant could not be proved on entry
   |
66 |     invariant l_b != l_c
   |                   ^^

houdafny.dfy(66,18): Related message: loop invariant violation
   |
66 |     invariant l_b != l_c
   |                   ^^

houdafny.dfy(67,18): Error: this loop invariant could not be proved on entry
   |
67 |     invariant l_b != l_size
   |                   ^^

houdafny.dfy(67,18): Related message: loop invariant violation
   |
67 |     invariant l_b != l_size
   |                   ^^

houdafny.dfy(68,18): Error: this loop invariant could not be proved on entry
   |
68 |     invariant l_b != l_i
   |                   ^^

houdafny.dfy(68,18): Related message: loop invariant violation
   |
68 |     invariant l_b != l_i
   |                   ^^

houdafny.dfy(69,18): Error: this loop invariant could not be proved on entry
   |
69 |     invariant l_b != r_b
   |                   ^^

houdafny.dfy(69,18): Related message: loop invariant violation
   |
69 |     invariant l_b != r_b
   |                   ^^

houdafny.dfy(70,18): Error: this loop invariant could not be proved on entry
   |
70 |     invariant l_b != r_c
   |                   ^^

houdafny.dfy(70,18): Related message: loop invariant violation
   |
70 |     invariant l_b != r_c
   |                   ^^

houdafny.dfy(72,18): Error: this loop invariant could not be proved on entry
   |
72 |     invariant l_c != l_size
   |                   ^^

houdafny.dfy(72,18): Related message: loop invariant violation
   |
72 |     invariant l_c != l_size
   |                   ^^

houdafny.dfy(73,18): Error: this loop invariant could not be proved on entry
   |
73 |     invariant l_c != l_i
   |                   ^^

houdafny.dfy(73,18): Related message: loop invariant violation
   |
73 |     invariant l_c != l_i
   |                   ^^

houdafny.dfy(74,18): Error: this loop invariant could not be proved on entry
   |
74 |     invariant l_c != r_b
   |                   ^^

houdafny.dfy(74,18): Related message: loop invariant violation
   |
74 |     invariant l_c != r_b
   |                   ^^

houdafny.dfy(75,18): Error: this loop invariant could not be proved on entry
   |
75 |     invariant l_c != r_c
   |                   ^^

houdafny.dfy(75,18): Related message: loop invariant violation
   |
75 |     invariant l_c != r_c
   |                   ^^

houdafny.dfy(77,21): Error: this loop invariant could not be proved on entry
   |
77 |     invariant l_size > l_i
   |                      ^

houdafny.dfy(77,21): Related message: loop invariant violation
   |
77 |     invariant l_size > l_i
   |                      ^

houdafny.dfy(78,21): Error: this loop invariant could not be proved on entry
   |
78 |     invariant l_size != r_b
   |                      ^^

houdafny.dfy(78,21): Related message: loop invariant violation
   |
78 |     invariant l_size != r_b
   |                      ^^

houdafny.dfy(79,21): Error: this loop invariant could not be proved on entry
   |
79 |     invariant l_size != r_c
   |                      ^^

houdafny.dfy(79,21): Related message: loop invariant violation
   |
79 |     invariant l_size != r_c
   |                      ^^

houdafny.dfy(81,18): Error: this loop invariant could not be proved on entry
   |
81 |     invariant l_i != r_b
   |                   ^^

houdafny.dfy(81,18): Related message: loop invariant violation
   |
81 |     invariant l_i != r_b
   |                   ^^

houdafny.dfy(82,18): Error: this loop invariant could not be proved on entry
   |
82 |     invariant l_i != r_c
   |                   ^^

houdafny.dfy(82,18): Related message: loop invariant violation
   |
82 |     invariant l_i != r_c
   |                   ^^

houdafny.dfy(83,32): Error: this loop invariant could not be proved on entry
   |
83 |     invariant (l_i - (r_j - 2)) == 0
   |                                 ^^

houdafny.dfy(83,32): Related message: loop invariant violation
   |
83 |     invariant (l_i - (r_j - 2)) == 0
   |                                 ^^


Dafny program verifier finished with 0 verified, 27 errors

Writing Dafny to houdafny.dfy...
Done
Running Dafny verification...
houdafny.dfy(44,18): Error: this loop invariant could not be proved on entry
   |
44 |     invariant l_a <= r_a
   |                   ^^

houdafny.dfy(44,18): Related message: loop invariant violation
   |
44 |     invariant l_a <= r_a
   |                   ^^

houdafny.dfy(45,18): Error: this loop invariant could not be proved on entry
   |
45 |     invariant l_a >= r_a
   |                   ^^

houdafny.dfy(45,18): Related message: loop invariant violation
   |
45 |     invariant l_a >= r_a
   |                   ^^

houdafny.dfy(53,18): Error: this loop invariant could not be proved on entry
   |
53 |     invariant l_a != r_j
   |                   ^^

houdafny.dfy(53,18): Related message: loop invariant violation
   |
53 |     invariant l_a != r_j
   |                   ^^

houdafny.dfy(54,18): Error: this loop invariant could not be proved on entry
   |
54 |     invariant l_b != r_j
   |                   ^^

houdafny.dfy(54,18): Related message: loop invariant violation
   |
54 |     invariant l_b != r_j
   |                   ^^

houdafny.dfy(55,18): Error: this loop invariant could not be proved on entry
   |
55 |     invariant l_c != r_j
   |                   ^^

houdafny.dfy(55,18): Related message: loop invariant violation
   |
55 |     invariant l_c != r_j
   |                   ^^

houdafny.dfy(57,32): Error: this loop invariant could not be proved on entry
   |
57 |     invariant (l_i - (r_j - 2)) <= 0
   |                                 ^^

houdafny.dfy(57,32): Related message: loop invariant violation
   |
57 |     invariant (l_i - (r_j - 2)) <= 0
   |                                 ^^


Dafny program verifier finished with 0 verified, 6 errors

Writing Dafny to houdafny.dfy...
Done
Running Dafny verification...
houdafny.dfy(53,18): Error: this loop invariant could not be proved on entry
   |
53 |     invariant r_b != r_c
   |                   ^^

houdafny.dfy(53,18): Related message: loop invariant violation
   |
53 |     invariant r_b != r_c
   |                   ^^

houdafny.dfy(53,18): Error: this invariant could not be proved to be maintained by the loop
   |
53 |     invariant r_b != r_c
   |                   ^^

houdafny.dfy(53,18): Related message: loop invariant violation
   |
53 |     invariant r_b != r_c
   |                   ^^

houdafny.dfy(54,18): Error: this loop invariant could not be proved on entry
   |
54 |     invariant r_b != r_j
   |                   ^^

houdafny.dfy(54,18): Related message: loop invariant violation
   |
54 |     invariant r_b != r_j
   |                   ^^

houdafny.dfy(54,18): Error: this invariant could not be proved to be maintained by the loop
   |
54 |     invariant r_b != r_j
   |                   ^^

houdafny.dfy(54,18): Related message: loop invariant violation
   |
54 |     invariant r_b != r_j
   |                   ^^

houdafny.dfy(55,18): Error: this loop invariant could not be proved on entry
   |
55 |     invariant r_c != r_j
   |                   ^^

houdafny.dfy(55,18): Related message: loop invariant violation
   |
55 |     invariant r_c != r_j
   |                   ^^

houdafny.dfy(55,18): Error: this invariant could not be proved to be maintained by the loop
   |
55 |     invariant r_c != r_j
   |                   ^^

houdafny.dfy(55,18): Related message: loop invariant violation
   |
55 |     invariant r_c != r_j
   |                   ^^


Dafny program verifier finished with 0 verified, 6 errors

Writing Dafny to houdafny.dfy...
Done
Running Dafny verification...

Dafny program verifier finished with 1 verified, 0 errors

Writing output to ./results/alignments/dafny/barthe/sa/loop-pipelining-sa.dfy...
Done

Per-Task Times (ms)
-------------------
align-count-loops: 1
aligned-crel: 0
invars-daikon: 1923
houdafny: 16136
align-sa: 7216
aligned-crel: 0
invars-daikon: 1786
houdafny: 8056
aligned-output: 0
write-product: 0

KestRel completed in 35123ms
Verified: true

real	0m35.189s
user	0m39.582s
sys	0m2.079s
