Computed alignment by local loop counting.
Writing Daikon to daikon_output.c...
Done
Compiling Daikon output...
Running Kvasir...
==37383== kvasir-5.8.18, C/C++ Language Front-End for Daikon with DynComp comparability analysis tool.
==37383== Copyright (C) 2007-2022, University of Washington CSE PLSE Group
==37383== Using Valgrind-3.19.0.Fjalar and LibVEX; rerun with -h for copyright info
==37383== Command: ./daikon_output
==37383== 
==37383== 
==37383== For lists of detected and suppressed errors, rerun with: -s
==37383== ERROR SUMMARY: 0 errors from 0 contexts (suppressed: 0 from 0)
Running Daikon...
Writing Dafny to houdafny.dfy...
Done
Running Dafny verification...
houdafny.dfy(20,32): Error: this loop invariant could not be proved on entry
   |
20 |     invariant (l_i - (r_i + 1)) == 0
   |                                 ^^

houdafny.dfy(20,32): Related message: loop invariant violation
   |
20 |     invariant (l_i - (r_i + 1)) == 0
   |                                 ^^


Dafny program verifier finished with 0 verified, 1 error

Writing Dafny to houdafny.dfy...
Done
Running Dafny verification...
houdafny.dfy(21,32): Error: this loop invariant could not be proved on entry
   |
21 |     invariant (l_i - (r_i + 1)) >= 0
   |                                 ^^

houdafny.dfy(21,32): Related message: loop invariant violation
   |
21 |     invariant (l_i - (r_i + 1)) >= 0
   |                                 ^^


Dafny program verifier finished with 0 verified, 1 error

Writing Dafny to houdafny.dfy...
Done
Running Dafny verification...
houdafny.dfy(18,18): Error: this invariant could not be proved to be maintained by the loop
   |
18 |     invariant l_x != r_i
   |                   ^^

houdafny.dfy(18,18): Related message: loop invariant violation
   |
18 |     invariant l_x != r_i
   |                   ^^

houdafny.dfy(24,40): Error: this invariant could not be proved to be maintained by the loop
   |
24 |     invariant (l_x - (r_x + (r_i - 1))) == 0
   |                                         ^^

houdafny.dfy(24,40): Related message: loop invariant violation
   |
24 |     invariant (l_x - (r_x + (r_i - 1))) == 0
   |                                         ^^


Dafny program verifier finished with 0 verified, 2 errors

Writing Dafny to houdafny.dfy...
Done
Running Dafny verification...
houdafny.dfy(24,40): Error: this invariant could not be proved to be maintained by the loop
   |
24 |     invariant (l_x - (r_x + (r_i - 1))) >= 0
   |                                         ^^

houdafny.dfy(24,40): Related message: loop invariant violation
   |
24 |     invariant (l_x - (r_x + (r_i - 1))) >= 0
   |                                         ^^


Dafny program verifier finished with 0 verified, 1 error

Writing Dafny to houdafny.dfy...
Done
Running Dafny verification...
houdafny.dfy(20,34): Error: this invariant could not be proved to be maintained by the loop
   |
20 |     invariant (l_x + (l_i - r_x)) == 0
   |                                   ^^

houdafny.dfy(20,34): Related message: loop invariant violation
   |
20 |     invariant (l_x + (l_i - r_x)) == 0
   |                                   ^^

houdafny.dfy(32,18): Error: this loop invariant could not be proved on entry
   |
32 |     invariant l_x != 0
   |                   ^^

houdafny.dfy(32,18): Related message: loop invariant violation
   |
32 |     invariant l_x != 0
   |                   ^^

houdafny.dfy(33,18): Error: this loop invariant could not be proved on entry
   |
33 |     invariant l_i != 0
   |                   ^^

houdafny.dfy(33,18): Related message: loop invariant violation
   |
33 |     invariant l_i != 0
   |                   ^^

houdafny.dfy(36,18): Error: this loop invariant could not be proved on entry
   |
36 |     invariant l_x > l_i
   |                   ^

houdafny.dfy(36,18): Related message: loop invariant violation
   |
36 |     invariant l_x > l_i
   |                   ^

houdafny.dfy(38,18): Error: this loop invariant could not be proved on entry
   |
38 |     invariant l_x > r_i
   |                   ^

houdafny.dfy(38,18): Related message: loop invariant violation
   |
38 |     invariant l_x > r_i
   |                   ^

houdafny.dfy(40,32): Error: this loop invariant could not be proved on entry
   |
40 |     invariant (l_i - (r_i + 1)) == 0
   |                                 ^^

houdafny.dfy(40,32): Related message: loop invariant violation
   |
40 |     invariant (l_i - (r_i + 1)) == 0
   |                                 ^^

houdafny.dfy(47,40): Error: this loop invariant could not be proved on entry
   |
47 |     invariant (l_x - (r_x + (r_i - 1))) == 0
   |                                         ^^

houdafny.dfy(47,40): Related message: loop invariant violation
   |
47 |     invariant (l_x - (r_x + (r_i - 1))) == 0
   |                                         ^^


Dafny program verifier finished with 0 verified, 7 errors

Writing Dafny to houdafny.dfy...
Done
Running Dafny verification...
houdafny.dfy(20,34): Error: this invariant could not be proved to be maintained by the loop
   |
20 |     invariant (l_x + (l_i - r_x)) <= 0
   |                                   ^^

houdafny.dfy(20,34): Related message: loop invariant violation
   |
20 |     invariant (l_x + (l_i - r_x)) <= 0
   |                                   ^^

houdafny.dfy(21,34): Error: this invariant could not be proved to be maintained by the loop
   |
21 |     invariant (l_x + (l_i - r_x)) >= 0
   |                                   ^^

houdafny.dfy(21,34): Related message: loop invariant violation
   |
21 |     invariant (l_x + (l_i - r_x)) >= 0
   |                                   ^^

houdafny.dfy(31,18): Error: this loop invariant could not be proved on entry
   |
31 |     invariant r_x != 0
   |                   ^^

houdafny.dfy(31,18): Related message: loop invariant violation
   |
31 |     invariant r_x != 0
   |                   ^^

houdafny.dfy(33,18): Error: this loop invariant could not be proved on entry
   |
33 |     invariant l_x < r_x
   |                   ^

houdafny.dfy(33,18): Related message: loop invariant violation
   |
33 |     invariant l_x < r_x
   |                   ^

houdafny.dfy(34,18): Error: this loop invariant could not be proved on entry
   |
34 |     invariant l_i < r_x
   |                   ^

houdafny.dfy(34,18): Related message: loop invariant violation
   |
34 |     invariant l_i < r_x
   |                   ^

houdafny.dfy(36,32): Error: this loop invariant could not be proved on entry
   |
36 |     invariant (l_i - (r_i + 1)) >= 0
   |                                 ^^

houdafny.dfy(36,32): Related message: loop invariant violation
   |
36 |     invariant (l_i - (r_i + 1)) >= 0
   |                                 ^^

houdafny.dfy(42,40): Error: this loop invariant could not be proved on entry
   |
42 |     invariant (l_x - (r_x + (r_i - 1))) >= 0
   |                                         ^^

houdafny.dfy(42,40): Related message: loop invariant violation
   |
42 |     invariant (l_x - (r_x + (r_i - 1))) >= 0
   |                                         ^^


Dafny program verifier finished with 0 verified, 7 errors

Writing Dafny to houdafny.dfy...
Done
Running Dafny verification...
houdafny.dfy(17,18): Error: this invariant could not be proved to be maintained by the loop
   |
17 |     invariant l_x <= r_x
   |                   ^^

houdafny.dfy(17,18): Related message: loop invariant violation
   |
17 |     invariant l_x <= r_x
   |                   ^^

houdafny.dfy(31,18): Error: this loop invariant could not be proved on entry
   |
31 |     invariant r_x > r_i
   |                   ^

houdafny.dfy(31,18): Related message: loop invariant violation
   |
31 |     invariant r_x > r_i
   |                   ^

houdafny.dfy(32,34): Error: this loop invariant could not be proved on entry
   |
32 |     invariant (l_x + (l_i - r_x)) == 0
   |                                   ^^

houdafny.dfy(32,34): Related message: loop invariant violation
   |
32 |     invariant (l_x + (l_i - r_x)) == 0
   |                                   ^^

houdafny.dfy(32,34): Error: this invariant could not be proved to be maintained by the loop
   |
32 |     invariant (l_x + (l_i - r_x)) == 0
   |                                   ^^

houdafny.dfy(32,34): Related message: loop invariant violation
   |
32 |     invariant (l_x + (l_i - r_x)) == 0
   |                                   ^^

houdafny.dfy(46,8): Error: assertion might not hold
   |
46 |   assert(l_x == r_x);
   |         ^^^^^^^^^^^^


Dafny program verifier finished with 0 verified, 5 errors

Writing Dafny to houdafny.dfy...
Done
Running Dafny verification...
houdafny.dfy(30,34): Error: this loop invariant could not be proved on entry
   |
30 |     invariant (l_x + (l_i - r_x)) <= 0
   |                                   ^^

houdafny.dfy(30,34): Related message: loop invariant violation
   |
30 |     invariant (l_x + (l_i - r_x)) <= 0
   |                                   ^^

houdafny.dfy(30,34): Error: this invariant could not be proved to be maintained by the loop
   |
30 |     invariant (l_x + (l_i - r_x)) <= 0
   |                                   ^^

houdafny.dfy(30,34): Related message: loop invariant violation
   |
30 |     invariant (l_x + (l_i - r_x)) <= 0
   |                                   ^^

houdafny.dfy(31,34): Error: this loop invariant could not be proved on entry
   |
31 |     invariant (l_x + (l_i - r_x)) >= 0
   |                                   ^^

houdafny.dfy(31,34): Related message: loop invariant violation
   |
31 |     invariant (l_x + (l_i - r_x)) >= 0
   |                                   ^^

houdafny.dfy(43,8): Error: assertion might not hold
   |
43 |   assert(l_x == r_x);
   |         ^^^^^^^^^^^^


Dafny program verifier finished with 0 verified, 4 errors

Writing Dafny to houdafny.dfy...
Done
Running Dafny verification...
houdafny.dfy(30,40): Error: this invariant could not be proved to be maintained by the loop
   |
30 |     invariant (l_x - (r_x + (r_i - 1))) <= 0
   |                                         ^^

houdafny.dfy(30,40): Related message: loop invariant violation
   |
30 |     invariant (l_x - (r_x + (r_i - 1))) <= 0
   |                                         ^^

houdafny.dfy(41,8): Error: assertion might not hold
   |
41 |   assert(l_x == r_x);
   |         ^^^^^^^^^^^^


Dafny program verifier finished with 0 verified, 2 errors

Writing Dafny to houdafny.dfy...
Done
Running Dafny verification...
houdafny.dfy(40,8): Error: assertion might not hold
   |
40 |   assert(l_x == r_x);
   |         ^^^^^^^^^^^^


Dafny program verifier finished with 0 verified, 1 error

Starting simulated annealing...
Initial score: 0.3941111
Score 0.3480519 at temperature 0.9936672
Score 0.29 at temperature 0.84551287
Simulated annealing complete.
Saw 3630 configurations
Best score: 0.29
Writing Daikon to daikon_output.c...
Done
Compiling Daikon output...
Running Kvasir...
==37789== kvasir-5.8.18, C/C++ Language Front-End for Daikon with DynComp comparability analysis tool.
==37789== Copyright (C) 2007-2022, University of Washington CSE PLSE Group
==37789== Using Valgrind-3.19.0.Fjalar and LibVEX; rerun with -h for copyright info
==37789== Command: ./daikon_output
==37789== 
==37789== 
==37789== For lists of detected and suppressed errors, rerun with: -s
==37789== ERROR SUMMARY: 0 errors from 0 contexts (suppressed: 0 from 0)
Running Daikon...
Writing Dafny to houdafny.dfy...
Done
Running Dafny verification...

Dafny program verifier finished with 1 verified, 0 errors

Writing output to ./results/alignments/dafny/barthe/sa/unroll-sa.dfy...
Done

Per-Task Times (ms)
-------------------
align-count-loops: 0
aligned-crel: 0
invars-daikon: 875
houdafny: 17220
align-sa: 2842
aligned-crel: 0
invars-daikon: 842
houdafny: 1784
aligned-output: 0
write-product: 0

KestRel completed in 23566ms
Verified: true

real	0m23.587s
user	0m24.878s
sys	0m1.108s
