/usr/bin/clang-14 -c -emit-llvm -D__SEAHORN__ -fdeclspec -O1 -Xclang -disable-llvm-optzns -fgnu89-inline -m32 -I/home/usea/seahorn/include -o /tmp/sea-9q1f_wcm/loop-tiling.bc ./results/alignments/antonopoulos/unaligned/loop-tiling.c
./results/alignments/antonopoulos/unaligned/loop-tiling.c:6:5: warning: variable length array folded to constant array as an extension [-Wgnu-folding-constant]
int a_1[N * M];
    ^
./results/alignments/antonopoulos/unaligned/loop-tiling.c:7:5: warning: variable length array folded to constant array as an extension [-Wgnu-folding-constant]
int a_2[N][M];
    ^
./results/alignments/antonopoulos/unaligned/loop-tiling.c:8:5: warning: variable length array folded to constant array as an extension [-Wgnu-folding-constant]
int f[N * M];
    ^
./results/alignments/antonopoulos/unaligned/loop-tiling.c:10:1: warning: return type of 'main' is not 'int' [-Wmain-return-type]
void main() {
^
./results/alignments/antonopoulos/unaligned/loop-tiling.c:10:1: note: change return type to 'int'
void main() {
^~~~
int
4 warnings generated.
/home/usea/seahorn/bin/seapp -o /tmp/sea-9q1f_wcm/loop-tiling.pp.bc --simplifycfg-sink-common=false --strip-extern=false --promote-assumptions=false --kill-vaarg=true --ignore-def-verifier-fn=false --horn-keep-arith-overflow=false /tmp/sea-9q1f_wcm/loop-tiling.bc
/home/usea/seahorn/bin/seapp --simplifycfg-sink-common=false -o /tmp/sea-9q1f_wcm/loop-tiling.pp.ms.bc --horn-mixed-sem --ms-reduce-main /tmp/sea-9q1f_wcm/loop-tiling.pp.bc
/home/usea/seahorn/bin/seaopt -f --simplifycfg-sink-common=false -o ./results/chc/bytecode/antonopoulos/unaligned/loop-tiling.bc -O3 --seaopt-enable-indvar=false --seaopt-enable-loop-idiom=false --unroll-threshold=150 --unroll-allow-partial=false --unroll-partial-threshold=0 --vectorize-slp=false /tmp/sea-9q1f_wcm/loop-tiling.pp.ms.bc

real	0m0.104s
user	0m0.072s
sys	0m0.033s
