Starting simulated annealing...
Initial score: 0.5958731
Score 0.56888896 at temperature 0.9952504
Score 0.56730163 at temperature 0.99508375
Score 0.49215442 at temperature 0.97083575
Score 0.48097134 at temperature 0.93825513
Score 0.47920614 at temperature 0.93800515
Score 0.47138327 at temperature 0.89267564
Simulated annealing complete.
Saw 3280 configurations
Best score: 0.47138327
Writing Daikon to daikon_output.c...
Done
Compiling Daikon output...
Running Kvasir...
==60125== kvasir-5.8.18, C/C++ Language Front-End for Daikon with DynComp comparability analysis tool.
==60125== Copyright (C) 2007-2022, University of Washington CSE PLSE Group
==60125== Using Valgrind-3.19.0.Fjalar and LibVEX; rerun with -h for copyright info
==60125== Command: ./daikon_output
==60125== 
==60125== 
==60125== For lists of detected and suppressed errors, rerun with: -s
==60125== ERROR SUMMARY: 0 errors from 0 contexts (suppressed: 0 from 0)
Running Daikon...
Writing Dafny to houdafny.dfy...
Done
Running Dafny verification...
houdafny.dfy(30,20): Error: this loop invariant could not be proved on entry
   |
30 |     invariant l_arr != 0
   |                     ^^

houdafny.dfy(30,20): Related message: loop invariant violation
   |
30 |     invariant l_arr != 0
   |                     ^^

houdafny.dfy(31,20): Error: this loop invariant could not be proved on entry
   |
31 |     invariant l_len != 0
   |                     ^^

houdafny.dfy(31,20): Related message: loop invariant violation
   |
31 |     invariant l_len != 0
   |                     ^^

houdafny.dfy(33,18): Error: this loop invariant could not be proved on entry
   |
33 |     invariant l_i != 0
   |                   ^^

houdafny.dfy(33,18): Related message: loop invariant violation
   |
33 |     invariant l_i != 0
   |                   ^^

houdafny.dfy(35,20): Error: this loop invariant could not be proved on entry
   |
35 |     invariant r_arr != 0
   |                     ^^

houdafny.dfy(35,20): Related message: loop invariant violation
   |
35 |     invariant r_arr != 0
   |                     ^^

houdafny.dfy(38,20): Error: this loop invariant could not be proved on entry
   |
38 |     invariant l_arr != l_len
   |                     ^^

houdafny.dfy(38,20): Related message: loop invariant violation
   |
38 |     invariant l_arr != l_len
   |                     ^^

houdafny.dfy(39,20): Error: this loop invariant could not be proved on entry
   |
39 |     invariant l_arr != l_val
   |                     ^^

houdafny.dfy(39,20): Related message: loop invariant violation
   |
39 |     invariant l_arr != l_val
   |                     ^^

houdafny.dfy(40,20): Error: this loop invariant could not be proved on entry
   |
40 |     invariant l_arr != l_i
   |                     ^^

houdafny.dfy(40,20): Related message: loop invariant violation
   |
40 |     invariant l_arr != l_i
   |                     ^^

houdafny.dfy(41,20): Error: this loop invariant could not be proved on entry
   |
41 |     invariant l_arr > r_arr
   |                     ^

houdafny.dfy(41,20): Related message: loop invariant violation
   |
41 |     invariant l_arr > r_arr
   |                     ^

houdafny.dfy(42,20): Error: this loop invariant could not be proved on entry
   |
42 |     invariant l_arr != r_val
   |                     ^^

houdafny.dfy(42,20): Related message: loop invariant violation
   |
42 |     invariant l_arr != r_val
   |                     ^^

houdafny.dfy(44,20): Error: this loop invariant could not be proved on entry
   |
44 |     invariant l_len < l_val
   |                     ^

houdafny.dfy(44,20): Related message: loop invariant violation
   |
44 |     invariant l_len < l_val
   |                     ^

houdafny.dfy(45,20): Error: this loop invariant could not be proved on entry
   |
45 |     invariant l_len > l_i
   |                     ^

houdafny.dfy(45,20): Related message: loop invariant violation
   |
45 |     invariant l_len > l_i
   |                     ^

houdafny.dfy(46,20): Error: this loop invariant could not be proved on entry
   |
46 |     invariant l_len > r_arr
   |                     ^

houdafny.dfy(46,20): Related message: loop invariant violation
   |
46 |     invariant l_len > r_arr
   |                     ^

houdafny.dfy(47,20): Error: this loop invariant could not be proved on entry
   |
47 |     invariant l_len < r_val
   |                     ^

houdafny.dfy(47,20): Related message: loop invariant violation
   |
47 |     invariant l_len < r_val
   |                     ^

houdafny.dfy(51,20): Error: this loop invariant could not be proved on entry
   |
51 |     invariant l_val > r_val
   |                     ^

houdafny.dfy(51,20): Related message: loop invariant violation
   |
51 |     invariant l_val > r_val
   |                     ^

houdafny.dfy(53,18): Error: this loop invariant could not be proved on entry
   |
53 |     invariant l_i > r_arr
   |                   ^

houdafny.dfy(53,18): Related message: loop invariant violation
   |
53 |     invariant l_i > r_arr
   |                   ^

houdafny.dfy(55,38): Error: this loop invariant could not be proved on entry
   |
55 |     invariant (2 * (l_i - (r_j - 2))) == 0
   |                                       ^^

houdafny.dfy(55,38): Related message: loop invariant violation
   |
55 |     invariant (2 * (l_i - (r_j - 2))) == 0
   |                                       ^^


Dafny program verifier finished with 0 verified, 16 errors

Writing Dafny to houdafny.dfy...
Done
Running Dafny verification...
houdafny.dfy(31,18): Error: this loop invariant could not be proved on entry
   |
31 |     invariant l_i >= 1
   |                   ^^

houdafny.dfy(31,18): Related message: loop invariant violation
   |
31 |     invariant l_i >= 1
   |                   ^^

houdafny.dfy(34,20): Error: this loop invariant could not be proved on entry
   |
34 |     invariant l_arr != r_j
   |                     ^^

houdafny.dfy(34,20): Related message: loop invariant violation
   |
34 |     invariant l_arr != r_j
   |                     ^^

houdafny.dfy(36,20): Error: this loop invariant could not be proved on entry
   |
36 |     invariant l_val > l_i
   |                     ^

houdafny.dfy(36,20): Related message: loop invariant violation
   |
36 |     invariant l_val > l_i
   |                     ^

houdafny.dfy(37,20): Error: this loop invariant could not be proved on entry
   |
37 |     invariant l_val > r_arr
   |                     ^

houdafny.dfy(37,20): Related message: loop invariant violation
   |
37 |     invariant l_val > r_arr
   |                     ^

houdafny.dfy(39,18): Error: this loop invariant could not be proved on entry
   |
39 |     invariant l_i < r_val
   |                   ^

houdafny.dfy(39,18): Related message: loop invariant violation
   |
39 |     invariant l_i < r_val
   |                   ^

houdafny.dfy(40,38): Error: this loop invariant could not be proved on entry
   |
40 |     invariant (2 * (l_i - (r_j - 2))) <= 0
   |                                       ^^

houdafny.dfy(40,38): Related message: loop invariant violation
   |
40 |     invariant (2 * (l_i - (r_j - 2))) <= 0
   |                                       ^^


Dafny program verifier finished with 0 verified, 6 errors

Writing Dafny to houdafny.dfy...
Done
Running Dafny verification...
houdafny.dfy(33,20): Error: this loop invariant could not be proved on entry
   |
33 |     invariant l_len > r_j
   |                     ^

houdafny.dfy(33,20): Related message: loop invariant violation
   |
33 |     invariant l_len > r_j
   |                     ^

houdafny.dfy(33,20): Error: this invariant could not be proved to be maintained by the loop
   |
33 |     invariant l_len > r_j
   |                     ^

houdafny.dfy(33,20): Related message: loop invariant violation
   |
33 |     invariant l_len > r_j
   |                     ^

houdafny.dfy(34,20): Error: this invariant could not be proved to be maintained by the loop
   |
34 |     invariant l_val > r_j
   |                     ^

houdafny.dfy(34,20): Related message: loop invariant violation
   |
34 |     invariant l_val > r_j
   |                     ^

houdafny.dfy(35,38): Error: this invariant could not be proved to be maintained by the loop
   |
35 |     invariant (2 * (l_i - (r_j - 2))) >= 0
   |                                       ^^

houdafny.dfy(35,38): Related message: loop invariant violation
   |
35 |     invariant (2 * (l_i - (r_j - 2))) >= 0
   |                                       ^^

houdafny.dfy(36,20): Error: this loop invariant could not be proved on entry
   |
36 |     invariant r_arr < r_val
   |                     ^

houdafny.dfy(36,20): Related message: loop invariant violation
   |
36 |     invariant r_arr < r_val
   |                     ^

houdafny.dfy(37,20): Error: this loop invariant could not be proved on entry
   |
37 |     invariant r_arr < r_j
   |                     ^

houdafny.dfy(37,20): Related message: loop invariant violation
   |
37 |     invariant r_arr < r_j
   |                     ^

houdafny.dfy(38,20): Error: this invariant could not be proved to be maintained by the loop
   |
38 |     invariant r_val > r_j
   |                     ^

houdafny.dfy(38,20): Related message: loop invariant violation
   |
38 |     invariant r_val > r_j
   |                     ^

houdafny.dfy(52,20): Error: this loop invariant could not be proved on entry
   |
52 |     invariant l_arr != 0
   |                     ^^

houdafny.dfy(52,20): Related message: loop invariant violation
   |
52 |     invariant l_arr != 0
   |                     ^^

houdafny.dfy(56,18): Error: this loop invariant could not be proved on entry
   |
56 |     invariant l_i != 0
   |                   ^^

houdafny.dfy(56,18): Related message: loop invariant violation
   |
56 |     invariant l_i != 0
   |                   ^^

houdafny.dfy(60,20): Error: this loop invariant could not be proved on entry
   |
60 |     invariant l_arr != l_len
   |                     ^^

houdafny.dfy(60,20): Related message: loop invariant violation
   |
60 |     invariant l_arr != l_len
   |                     ^^

houdafny.dfy(61,20): Error: this loop invariant could not be proved on entry
   |
61 |     invariant l_arr != l_val
   |                     ^^

houdafny.dfy(61,20): Related message: loop invariant violation
   |
61 |     invariant l_arr != l_val
   |                     ^^

houdafny.dfy(62,20): Error: this loop invariant could not be proved on entry
   |
62 |     invariant l_arr != l_i
   |                     ^^

houdafny.dfy(62,20): Related message: loop invariant violation
   |
62 |     invariant l_arr != l_i
   |                     ^^

houdafny.dfy(62,20): Error: this invariant could not be proved to be maintained by the loop
   |
62 |     invariant l_arr != l_i
   |                     ^^

houdafny.dfy(62,20): Related message: loop invariant violation
   |
62 |     invariant l_arr != l_i
   |                     ^^

houdafny.dfy(63,20): Error: this loop invariant could not be proved on entry
   |
63 |     invariant l_arr != r_arr
   |                     ^^

houdafny.dfy(63,20): Related message: loop invariant violation
   |
63 |     invariant l_arr != r_arr
   |                     ^^

houdafny.dfy(64,20): Error: this loop invariant could not be proved on entry
   |
64 |     invariant l_arr != r_val
   |                     ^^

houdafny.dfy(64,20): Related message: loop invariant violation
   |
64 |     invariant l_arr != r_val
   |                     ^^

houdafny.dfy(65,20): Error: this loop invariant could not be proved on entry
   |
65 |     invariant l_arr != r_j
   |                     ^^

houdafny.dfy(65,20): Related message: loop invariant violation
   |
65 |     invariant l_arr != r_j
   |                     ^^

houdafny.dfy(66,20): Error: this loop invariant could not be proved on entry
   |
66 |     invariant l_len != l_val
   |                     ^^

houdafny.dfy(66,20): Related message: loop invariant violation
   |
66 |     invariant l_len != l_val
   |                     ^^

houdafny.dfy(67,20): Error: this loop invariant could not be proved on entry
   |
67 |     invariant l_len > l_i
   |                     ^

houdafny.dfy(67,20): Related message: loop invariant violation
   |
67 |     invariant l_len > l_i
   |                     ^

houdafny.dfy(67,20): Error: this invariant could not be proved to be maintained by the loop
   |
67 |     invariant l_len > l_i
   |                     ^

houdafny.dfy(67,20): Related message: loop invariant violation
   |
67 |     invariant l_len > l_i
   |                     ^

houdafny.dfy(69,20): Error: this loop invariant could not be proved on entry
   |
69 |     invariant l_len != r_val
   |                     ^^

houdafny.dfy(69,20): Related message: loop invariant violation
   |
69 |     invariant l_len != r_val
   |                     ^^

houdafny.dfy(74,18): Error: this loop invariant could not be proved on entry
   |
74 |     invariant l_i != r_j
   |                   ^^

houdafny.dfy(74,18): Related message: loop invariant violation
   |
74 |     invariant l_i != r_j
   |                   ^^

houdafny.dfy(74,18): Error: this invariant could not be proved to be maintained by the loop
   |
74 |     invariant l_i != r_j
   |                   ^^

houdafny.dfy(74,18): Related message: loop invariant violation
   |
74 |     invariant l_i != r_j
   |                   ^^

houdafny.dfy(90,18): Error: this loop invariant could not be proved on entry
   |
90 |     invariant l_i == 0
   |                   ^^

houdafny.dfy(90,18): Related message: loop invariant violation
   |
90 |     invariant l_i == 0
   |                   ^^


Dafny program verifier finished with 0 verified, 23 errors

Writing Dafny to houdafny.dfy...
Done
Running Dafny verification...
houdafny.dfy(46,20): Error: this loop invariant could not be proved on entry
   |
46 |     invariant l_len != 0
   |                     ^^

houdafny.dfy(46,20): Related message: loop invariant violation
   |
46 |     invariant l_len != 0
   |                     ^^

houdafny.dfy(49,18): Error: this loop invariant could not be proved on entry
   |
49 |     invariant l_i >= 1
   |                   ^^

houdafny.dfy(49,18): Related message: loop invariant violation
   |
49 |     invariant l_i >= 1
   |                   ^^

houdafny.dfy(50,20): Error: this loop invariant could not be proved on entry
   |
50 |     invariant r_arr != 0
   |                     ^^

houdafny.dfy(50,20): Related message: loop invariant violation
   |
50 |     invariant r_arr != 0
   |                     ^^

houdafny.dfy(52,20): Error: this loop invariant could not be proved on entry
   |
52 |     invariant l_len != r_arr
   |                     ^^

houdafny.dfy(52,20): Related message: loop invariant violation
   |
52 |     invariant l_len != r_arr
   |                     ^^

houdafny.dfy(54,20): Error: this loop invariant could not be proved on entry
   |
54 |     invariant l_val != r_arr
   |                     ^^

houdafny.dfy(54,20): Related message: loop invariant violation
   |
54 |     invariant l_val != r_arr
   |                     ^^

houdafny.dfy(55,20): Error: this loop invariant could not be proved on entry
   |
55 |     invariant l_val > r_j
   |                     ^

houdafny.dfy(55,20): Related message: loop invariant violation
   |
55 |     invariant l_val > r_j
   |                     ^

houdafny.dfy(56,18): Error: this loop invariant could not be proved on entry
   |
56 |     invariant l_i != r_arr
   |                   ^^

houdafny.dfy(56,18): Related message: loop invariant violation
   |
56 |     invariant l_i != r_arr
   |                   ^^

houdafny.dfy(56,18): Error: this invariant could not be proved to be maintained by the loop
   |
56 |     invariant l_i != r_arr
   |                   ^^

houdafny.dfy(56,18): Related message: loop invariant violation
   |
56 |     invariant l_i != r_arr
   |                   ^^

houdafny.dfy(57,20): Error: this loop invariant could not be proved on entry
   |
57 |     invariant r_arr != r_val
   |                     ^^

houdafny.dfy(57,20): Related message: loop invariant violation
   |
57 |     invariant r_arr != r_val
   |                     ^^

houdafny.dfy(58,20): Error: this loop invariant could not be proved on entry
   |
58 |     invariant r_arr != r_j
   |                     ^^

houdafny.dfy(58,20): Related message: loop invariant violation
   |
58 |     invariant r_arr != r_j
   |                     ^^

houdafny.dfy(59,20): Error: this loop invariant could not be proved on entry
   |
59 |     invariant r_val > r_j
   |                     ^

houdafny.dfy(59,20): Related message: loop invariant violation
   |
59 |     invariant r_val > r_j
   |                     ^

houdafny.dfy(69,20): Error: this loop invariant could not be proved on entry
   |
69 |     invariant l_arr != 0
   |                     ^^

houdafny.dfy(69,20): Related message: loop invariant violation
   |
69 |     invariant l_arr != 0
   |                     ^^

houdafny.dfy(72,18): Error: this loop invariant could not be proved on entry
   |
72 |     invariant l_i <= 0
   |                   ^^

houdafny.dfy(72,18): Related message: loop invariant violation
   |
72 |     invariant l_i <= 0
   |                   ^^


Dafny program verifier finished with 0 verified, 13 errors

Writing Dafny to houdafny.dfy...
Done
Running Dafny verification...
houdafny.dfy(59,20): Error: this loop invariant could not be proved on entry
   |
59 |     invariant l_len != 0
   |                     ^^

houdafny.dfy(59,20): Related message: loop invariant violation
   |
59 |     invariant l_len != 0
   |                     ^^

houdafny.dfy(62,20): Error: this loop invariant could not be proved on entry
   |
62 |     invariant r_arr != 0
   |                     ^^

houdafny.dfy(62,20): Related message: loop invariant violation
   |
62 |     invariant r_arr != 0
   |                     ^^

houdafny.dfy(65,20): Error: this loop invariant could not be proved on entry
   |
65 |     invariant l_arr != l_len
   |                     ^^

houdafny.dfy(65,20): Related message: loop invariant violation
   |
65 |     invariant l_arr != l_len
   |                     ^^

houdafny.dfy(66,20): Error: this loop invariant could not be proved on entry
   |
66 |     invariant l_arr != l_val
   |                     ^^

houdafny.dfy(66,20): Related message: loop invariant violation
   |
66 |     invariant l_arr != l_val
   |                     ^^

houdafny.dfy(67,20): Error: this loop invariant could not be proved on entry
   |
67 |     invariant l_arr != l_i
   |                     ^^

houdafny.dfy(67,20): Related message: loop invariant violation
   |
67 |     invariant l_arr != l_i
   |                     ^^

houdafny.dfy(68,20): Error: this loop invariant could not be proved on entry
   |
68 |     invariant l_arr != r_arr
   |                     ^^

houdafny.dfy(68,20): Related message: loop invariant violation
   |
68 |     invariant l_arr != r_arr
   |                     ^^

houdafny.dfy(69,20): Error: this loop invariant could not be proved on entry
   |
69 |     invariant l_arr != r_val
   |                     ^^

houdafny.dfy(69,20): Related message: loop invariant violation
   |
69 |     invariant l_arr != r_val
   |                     ^^

houdafny.dfy(70,20): Error: this loop invariant could not be proved on entry
   |
70 |     invariant l_arr != r_j
   |                     ^^

houdafny.dfy(70,20): Related message: loop invariant violation
   |
70 |     invariant l_arr != r_j
   |                     ^^

houdafny.dfy(70,20): Error: this invariant could not be proved to be maintained by the loop
   |
70 |     invariant l_arr != r_j
   |                     ^^

houdafny.dfy(70,20): Related message: loop invariant violation
   |
70 |     invariant l_arr != r_j
   |                     ^^

houdafny.dfy(71,20): Error: this loop invariant could not be proved on entry
   |
71 |     invariant l_len != l_val
   |                     ^^

houdafny.dfy(71,20): Related message: loop invariant violation
   |
71 |     invariant l_len != l_val
   |                     ^^

houdafny.dfy(72,20): Error: this loop invariant could not be proved on entry
   |
72 |     invariant l_len > l_i
   |                     ^

houdafny.dfy(72,20): Related message: loop invariant violation
   |
72 |     invariant l_len > l_i
   |                     ^

houdafny.dfy(73,20): Error: this loop invariant could not be proved on entry
   |
73 |     invariant l_len != r_arr
   |                     ^^

houdafny.dfy(73,20): Related message: loop invariant violation
   |
73 |     invariant l_len != r_arr
   |                     ^^

houdafny.dfy(74,20): Error: this loop invariant could not be proved on entry
   |
74 |     invariant l_len != r_val
   |                     ^^

houdafny.dfy(74,20): Related message: loop invariant violation
   |
74 |     invariant l_len != r_val
   |                     ^^

houdafny.dfy(75,20): Error: this loop invariant could not be proved on entry
   |
75 |     invariant l_len > r_j
   |                     ^

houdafny.dfy(75,20): Related message: loop invariant violation
   |
75 |     invariant l_len > r_j
   |                     ^

houdafny.dfy(75,20): Error: this invariant could not be proved to be maintained by the loop
   |
75 |     invariant l_len > r_j
   |                     ^

houdafny.dfy(75,20): Related message: loop invariant violation
   |
75 |     invariant l_len > r_j
   |                     ^

houdafny.dfy(76,20): Error: this loop invariant could not be proved on entry
   |
76 |     invariant l_val > l_i
   |                     ^

houdafny.dfy(76,20): Related message: loop invariant violation
   |
76 |     invariant l_val > l_i
   |                     ^

houdafny.dfy(77,20): Error: this loop invariant could not be proved on entry
   |
77 |     invariant l_val != r_arr
   |                     ^^

houdafny.dfy(77,20): Related message: loop invariant violation
   |
77 |     invariant l_val != r_arr
   |                     ^^

houdafny.dfy(78,20): Error: this loop invariant could not be proved on entry
   |
78 |     invariant l_val != r_val
   |                     ^^

houdafny.dfy(78,20): Related message: loop invariant violation
   |
78 |     invariant l_val != r_val
   |                     ^^

houdafny.dfy(79,18): Error: this loop invariant could not be proved on entry
   |
79 |     invariant l_i != r_arr
   |                   ^^

houdafny.dfy(79,18): Related message: loop invariant violation
   |
79 |     invariant l_i != r_arr
   |                   ^^

houdafny.dfy(80,18): Error: this loop invariant could not be proved on entry
   |
80 |     invariant l_i < r_val
   |                   ^

houdafny.dfy(80,18): Related message: loop invariant violation
   |
80 |     invariant l_i < r_val
   |                   ^

houdafny.dfy(81,18): Error: this loop invariant could not be proved on entry
   |
81 |     invariant l_i <= r_j
   |                   ^^

houdafny.dfy(81,18): Related message: loop invariant violation
   |
81 |     invariant l_i <= r_j
   |                   ^^

houdafny.dfy(82,20): Error: this loop invariant could not be proved on entry
   |
82 |     invariant r_arr != r_val
   |                     ^^

houdafny.dfy(82,20): Related message: loop invariant violation
   |
82 |     invariant r_arr != r_val
   |                     ^^

houdafny.dfy(83,20): Error: this loop invariant could not be proved on entry
   |
83 |     invariant r_arr != r_j
   |                     ^^

houdafny.dfy(83,20): Related message: loop invariant violation
   |
83 |     invariant r_arr != r_j
   |                     ^^

houdafny.dfy(83,20): Error: this invariant could not be proved to be maintained by the loop
   |
83 |     invariant r_arr != r_j
   |                     ^^

houdafny.dfy(83,20): Related message: loop invariant violation
   |
83 |     invariant r_arr != r_j
   |                     ^^

houdafny.dfy(103,20): Error: this loop invariant could not be proved on entry
    |
103 |     invariant l_arr != 0
    |                     ^^

houdafny.dfy(103,20): Related message: loop invariant violation
    |
103 |     invariant l_arr != 0
    |                     ^^

houdafny.dfy(108,20): Error: this loop invariant could not be proved on entry
    |
108 |     invariant r_arr != 0
    |                     ^^

houdafny.dfy(108,20): Related message: loop invariant violation
    |
108 |     invariant r_arr != 0
    |                     ^^

houdafny.dfy(111,20): Error: this loop invariant could not be proved on entry
    |
111 |     invariant l_arr != l_len
    |                     ^^

houdafny.dfy(111,20): Related message: loop invariant violation
    |
111 |     invariant l_arr != l_len
    |                     ^^

houdafny.dfy(112,20): Error: this loop invariant could not be proved on entry
    |
112 |     invariant l_arr != l_val
    |                     ^^

houdafny.dfy(112,20): Related message: loop invariant violation
    |
112 |     invariant l_arr != l_val
    |                     ^^

houdafny.dfy(113,20): Error: this loop invariant could not be proved on entry
    |
113 |     invariant l_arr != l_i
    |                     ^^

houdafny.dfy(113,20): Related message: loop invariant violation
    |
113 |     invariant l_arr != l_i
    |                     ^^

houdafny.dfy(113,20): Error: this invariant could not be proved to be maintained by the loop
    |
113 |     invariant l_arr != l_i
    |                     ^^

houdafny.dfy(113,20): Related message: loop invariant violation
    |
113 |     invariant l_arr != l_i
    |                     ^^

houdafny.dfy(114,20): Error: this loop invariant could not be proved on entry
    |
114 |     invariant l_arr != r_arr
    |                     ^^

houdafny.dfy(114,20): Related message: loop invariant violation
    |
114 |     invariant l_arr != r_arr
    |                     ^^

houdafny.dfy(115,20): Error: this loop invariant could not be proved on entry
    |
115 |     invariant l_arr != r_val
    |                     ^^

houdafny.dfy(115,20): Related message: loop invariant violation
    |
115 |     invariant l_arr != r_val
    |                     ^^

houdafny.dfy(116,20): Error: this loop invariant could not be proved on entry
    |
116 |     invariant l_arr != r_j
    |                     ^^

houdafny.dfy(116,20): Related message: loop invariant violation
    |
116 |     invariant l_arr != r_j
    |                     ^^

houdafny.dfy(116,20): Error: this invariant could not be proved to be maintained by the loop
    |
116 |     invariant l_arr != r_j
    |                     ^^

houdafny.dfy(116,20): Related message: loop invariant violation
    |
116 |     invariant l_arr != r_j
    |                     ^^

houdafny.dfy(117,20): Error: this loop invariant could not be proved on entry
    |
117 |     invariant l_len != l_val
    |                     ^^

houdafny.dfy(117,20): Related message: loop invariant violation
    |
117 |     invariant l_len != l_val
    |                     ^^

houdafny.dfy(118,20): Error: this invariant could not be proved to be maintained by the loop
    |
118 |     invariant l_len > l_i
    |                     ^

houdafny.dfy(118,20): Related message: loop invariant violation
    |
118 |     invariant l_len > l_i
    |                     ^

houdafny.dfy(119,20): Error: this loop invariant could not be proved on entry
    |
119 |     invariant l_len != r_arr
    |                     ^^

houdafny.dfy(119,20): Related message: loop invariant violation
    |
119 |     invariant l_len != r_arr
    |                     ^^

houdafny.dfy(120,20): Error: this loop invariant could not be proved on entry
    |
120 |     invariant l_len != r_val
    |                     ^^

houdafny.dfy(120,20): Related message: loop invariant violation
    |
120 |     invariant l_len != r_val
    |                     ^^

houdafny.dfy(121,20): Error: this invariant could not be proved to be maintained by the loop
    |
121 |     invariant l_len > r_j
    |                     ^

houdafny.dfy(121,20): Related message: loop invariant violation
    |
121 |     invariant l_len > r_j
    |                     ^

houdafny.dfy(122,20): Error: this loop invariant could not be proved on entry
    |
122 |     invariant l_val != r_arr
    |                     ^^

houdafny.dfy(122,20): Related message: loop invariant violation
    |
122 |     invariant l_val != r_arr
    |                     ^^

houdafny.dfy(123,18): Error: this loop invariant could not be proved on entry
    |
123 |     invariant l_i != r_arr
    |                   ^^

houdafny.dfy(123,18): Related message: loop invariant violation
    |
123 |     invariant l_i != r_arr
    |                   ^^

houdafny.dfy(123,18): Error: this invariant could not be proved to be maintained by the loop
    |
123 |     invariant l_i != r_arr
    |                   ^^

houdafny.dfy(123,18): Related message: loop invariant violation
    |
123 |     invariant l_i != r_arr
    |                   ^^

houdafny.dfy(124,18): Error: this loop invariant could not be proved on entry
    |
124 |     invariant l_i != r_j
    |                   ^^

houdafny.dfy(124,18): Related message: loop invariant violation
    |
124 |     invariant l_i != r_j
    |                   ^^

houdafny.dfy(125,20): Error: this loop invariant could not be proved on entry
    |
125 |     invariant r_arr != r_val
    |                     ^^

houdafny.dfy(125,20): Related message: loop invariant violation
    |
125 |     invariant r_arr != r_val
    |                     ^^

houdafny.dfy(126,20): Error: this loop invariant could not be proved on entry
    |
126 |     invariant r_arr != r_j
    |                     ^^

houdafny.dfy(126,20): Related message: loop invariant violation
    |
126 |     invariant r_arr != r_j
    |                     ^^

houdafny.dfy(126,20): Error: this invariant could not be proved to be maintained by the loop
    |
126 |     invariant r_arr != r_j
    |                     ^^

houdafny.dfy(126,20): Related message: loop invariant violation
    |
126 |     invariant r_arr != r_j
    |                     ^^


Dafny program verifier finished with 0 verified, 46 errors

Writing Dafny to houdafny.dfy...
Done
Running Dafny verification...
houdafny.dfy(98,20): Error: this loop invariant could not be proved on entry
   |
98 |     invariant l_len == r_j
   |                     ^^

houdafny.dfy(98,20): Related message: loop invariant violation
   |
98 |     invariant l_len == r_j
   |                     ^^

houdafny.dfy(101,20): Error: this loop invariant could not be proved on entry
    |
101 |     invariant l_arr != 0
    |                     ^^

houdafny.dfy(101,20): Related message: loop invariant violation
    |
101 |     invariant l_arr != 0
    |                     ^^

houdafny.dfy(105,18): Error: this loop invariant could not be proved on entry
    |
105 |     invariant l_i >= 2
    |                   ^^

houdafny.dfy(105,18): Related message: loop invariant violation
    |
105 |     invariant l_i >= 2
    |                   ^^

houdafny.dfy(106,20): Error: this loop invariant could not be proved on entry
    |
106 |     invariant r_arr != 0
    |                     ^^

houdafny.dfy(106,20): Related message: loop invariant violation
    |
106 |     invariant r_arr != 0
    |                     ^^

houdafny.dfy(108,20): Error: this loop invariant could not be proved on entry
    |
108 |     invariant l_arr > l_len
    |                     ^

houdafny.dfy(108,20): Related message: loop invariant violation
    |
108 |     invariant l_arr > l_len
    |                     ^

houdafny.dfy(109,20): Error: this loop invariant could not be proved on entry
    |
109 |     invariant l_arr > l_val
    |                     ^

houdafny.dfy(109,20): Related message: loop invariant violation
    |
109 |     invariant l_arr > l_val
    |                     ^

houdafny.dfy(111,20): Error: this loop invariant could not be proved on entry
    |
111 |     invariant l_arr != r_arr
    |                     ^^

houdafny.dfy(111,20): Related message: loop invariant violation
    |
111 |     invariant l_arr != r_arr
    |                     ^^

houdafny.dfy(112,20): Error: this loop invariant could not be proved on entry
    |
112 |     invariant l_arr > r_val
    |                     ^

houdafny.dfy(112,20): Related message: loop invariant violation
    |
112 |     invariant l_arr > r_val
    |                     ^

houdafny.dfy(113,20): Error: this loop invariant could not be proved on entry
    |
113 |     invariant l_len != l_val
    |                     ^^

houdafny.dfy(113,20): Related message: loop invariant violation
    |
113 |     invariant l_len != l_val
    |                     ^^

houdafny.dfy(114,20): Error: this loop invariant could not be proved on entry
    |
114 |     invariant l_len > l_i
    |                     ^

houdafny.dfy(114,20): Related message: loop invariant violation
    |
114 |     invariant l_len > l_i
    |                     ^

houdafny.dfy(114,20): Error: this invariant could not be proved to be maintained by the loop
    |
114 |     invariant l_len > l_i
    |                     ^

houdafny.dfy(114,20): Related message: loop invariant violation
    |
114 |     invariant l_len > l_i
    |                     ^

houdafny.dfy(115,20): Error: this loop invariant could not be proved on entry
    |
115 |     invariant l_len < r_arr
    |                     ^

houdafny.dfy(115,20): Related message: loop invariant violation
    |
115 |     invariant l_len < r_arr
    |                     ^

houdafny.dfy(116,20): Error: this loop invariant could not be proved on entry
    |
116 |     invariant l_len != r_val
    |                     ^^

houdafny.dfy(116,20): Related message: loop invariant violation
    |
116 |     invariant l_len != r_val
    |                     ^^

houdafny.dfy(117,20): Error: this loop invariant could not be proved on entry
    |
117 |     invariant l_val < r_arr
    |                     ^

houdafny.dfy(117,20): Related message: loop invariant violation
    |
117 |     invariant l_val < r_arr
    |                     ^

houdafny.dfy(118,20): Error: this loop invariant could not be proved on entry
    |
118 |     invariant l_val != r_val
    |                     ^^

houdafny.dfy(118,20): Related message: loop invariant violation
    |
118 |     invariant l_val != r_val
    |                     ^^

houdafny.dfy(120,20): Error: this loop invariant could not be proved on entry
    |
120 |     invariant r_arr > r_val
    |                     ^

houdafny.dfy(120,20): Related message: loop invariant violation
    |
120 |     invariant r_arr > r_val
    |                     ^


Dafny program verifier finished with 0 verified, 16 errors

Writing Dafny to houdafny.dfy...
Done
Running Dafny verification...
houdafny.dfy(98,20): Error: this loop invariant could not be proved on entry
   |
98 |     invariant l_len <= r_j
   |                     ^^

houdafny.dfy(98,20): Related message: loop invariant violation
   |
98 |     invariant l_len <= r_j
   |                     ^^

houdafny.dfy(104,20): Error: this loop invariant could not be proved on entry
    |
104 |     invariant l_arr > l_i
    |                     ^

houdafny.dfy(104,20): Related message: loop invariant violation
    |
104 |     invariant l_arr > l_i
    |                     ^

houdafny.dfy(104,20): Error: this invariant could not be proved to be maintained by the loop
    |
104 |     invariant l_arr > l_i
    |                     ^

houdafny.dfy(104,20): Related message: loop invariant violation
    |
104 |     invariant l_arr > l_i
    |                     ^

houdafny.dfy(105,18): Error: this loop invariant could not be proved on entry
    |
105 |     invariant l_i < r_arr
    |                   ^

houdafny.dfy(105,18): Related message: loop invariant violation
    |
105 |     invariant l_i < r_arr
    |                   ^

houdafny.dfy(105,18): Error: this invariant could not be proved to be maintained by the loop
    |
105 |     invariant l_i < r_arr
    |                   ^

houdafny.dfy(105,18): Related message: loop invariant violation
    |
105 |     invariant l_i < r_arr
    |                   ^

houdafny.dfy(126,20): Error: this loop invariant could not be proved on entry
    |
126 |     invariant l_arr != l_val
    |                     ^^

houdafny.dfy(126,20): Related message: loop invariant violation
    |
126 |     invariant l_arr != l_val
    |                     ^^

houdafny.dfy(127,20): Error: this loop invariant could not be proved on entry
    |
127 |     invariant l_arr != r_arr
    |                     ^^

houdafny.dfy(127,20): Related message: loop invariant violation
    |
127 |     invariant l_arr != r_arr
    |                     ^^

houdafny.dfy(128,20): Error: this loop invariant could not be proved on entry
    |
128 |     invariant l_arr != r_val
    |                     ^^

houdafny.dfy(128,20): Related message: loop invariant violation
    |
128 |     invariant l_arr != r_val
    |                     ^^

houdafny.dfy(130,20): Error: this loop invariant could not be proved on entry
    |
130 |     invariant l_len != l_val
    |                     ^^

houdafny.dfy(130,20): Related message: loop invariant violation
    |
130 |     invariant l_len != l_val
    |                     ^^

houdafny.dfy(132,20): Error: this loop invariant could not be proved on entry
    |
132 |     invariant l_len > r_j
    |                     ^

houdafny.dfy(132,20): Related message: loop invariant violation
    |
132 |     invariant l_len > r_j
    |                     ^


Dafny program verifier finished with 0 verified, 10 errors

Writing Dafny to houdafny.dfy...
Done
Running Dafny verification...
houdafny.dfy(115,20): Error: this loop invariant could not be proved on entry
    |
115 |     invariant l_arr != 0
    |                     ^^

houdafny.dfy(115,20): Related message: loop invariant violation
    |
115 |     invariant l_arr != 0
    |                     ^^

houdafny.dfy(119,20): Error: this loop invariant could not be proved on entry
    |
119 |     invariant r_arr != 0
    |                     ^^

houdafny.dfy(119,20): Related message: loop invariant violation
    |
119 |     invariant r_arr != 0
    |                     ^^

houdafny.dfy(122,20): Error: this loop invariant could not be proved on entry
    |
122 |     invariant l_arr != l_len
    |                     ^^

houdafny.dfy(122,20): Related message: loop invariant violation
    |
122 |     invariant l_arr != l_len
    |                     ^^

houdafny.dfy(123,20): Error: this loop invariant could not be proved on entry
    |
123 |     invariant l_arr != r_j
    |                     ^^

houdafny.dfy(123,20): Related message: loop invariant violation
    |
123 |     invariant l_arr != r_j
    |                     ^^

houdafny.dfy(123,20): Error: this invariant could not be proved to be maintained by the loop
    |
123 |     invariant l_arr != r_j
    |                     ^^

houdafny.dfy(123,20): Related message: loop invariant violation
    |
123 |     invariant l_arr != r_j
    |                     ^^

houdafny.dfy(124,20): Error: this loop invariant could not be proved on entry
    |
124 |     invariant l_len != r_arr
    |                     ^^

houdafny.dfy(124,20): Related message: loop invariant violation
    |
124 |     invariant l_len != r_arr
    |                     ^^

houdafny.dfy(125,20): Error: this loop invariant could not be proved on entry
    |
125 |     invariant l_val != r_arr
    |                     ^^

houdafny.dfy(125,20): Related message: loop invariant violation
    |
125 |     invariant l_val != r_arr
    |                     ^^

houdafny.dfy(126,20): Error: this loop invariant could not be proved on entry
    |
126 |     invariant r_arr != r_val
    |                     ^^

houdafny.dfy(126,20): Related message: loop invariant violation
    |
126 |     invariant r_arr != r_val
    |                     ^^

houdafny.dfy(127,20): Error: this loop invariant could not be proved on entry
    |
127 |     invariant r_arr != r_j
    |                     ^^

houdafny.dfy(127,20): Related message: loop invariant violation
    |
127 |     invariant r_arr != r_j
    |                     ^^

houdafny.dfy(127,20): Error: this invariant could not be proved to be maintained by the loop
    |
127 |     invariant r_arr != r_j
    |                     ^^

houdafny.dfy(127,20): Related message: loop invariant violation
    |
127 |     invariant r_arr != r_j
    |                     ^^


Dafny program verifier finished with 0 verified, 10 errors

Writing Dafny to houdafny.dfy...
Done
Running Dafny verification...

Dafny program verifier finished with 1 verified, 0 errors

Writing output to ./results/alignments/dafny/antonopoulos/sa/array-insert-sa.dfy...
Done

Per-Task Times (ms)
-------------------
align-sa: 6250
aligned-crel: 0
invars-daikon: 1213
houdafny: 18209
aligned-output: 0
write-product: 0

KestRel completed in 25674ms
Verified: true

real	0m25.731s
user	0m28.552s
sys	0m2.020s
