Starting simulated annealing...
Initial score: 0.7933334
Score 0.7733334 at temperature 0.99950004
Score 0.6407652 at temperature 0.9985001
Score 0.60928303 at temperature 0.9868344
Score 0.6078208 at temperature 0.9809182
Score 0.6068169 at temperature 0.96858597
Score 0.59358007 at temperature 0.9638364
Score 0.5801355 at temperature 0.9635864
Score 0.5632467 at temperature 0.8885093
Simulated annealing complete.
Saw 3250 configurations
Best score: 0.5632467
Writing Daikon to daikon_output.c...
Done
Compiling Daikon output...
Running Kvasir...
==60531== kvasir-5.8.18, C/C++ Language Front-End for Daikon with DynComp comparability analysis tool.
==60531== Copyright (C) 2007-2022, University of Washington CSE PLSE Group
==60531== Using Valgrind-3.19.0.Fjalar and LibVEX; rerun with -h for copyright info
==60531== Command: ./daikon_output
==60531== 
==60531== 
==60531== For lists of detected and suppressed errors, rerun with: -s
==60531== ERROR SUMMARY: 0 errors from 0 contexts (suppressed: 0 from 0)
Running Daikon...
Writing Dafny to houdafny.dfy...
Done
Running Dafny verification...
houdafny.dfy(28,18): Error: this loop invariant could not be proved on entry
   |
28 |     invariant l_a != 0
   |                   ^^

houdafny.dfy(28,18): Related message: loop invariant violation
   |
28 |     invariant l_a != 0
   |                   ^^

houdafny.dfy(29,18): Error: this loop invariant could not be proved on entry
   |
29 |     invariant l_n != 0
   |                   ^^

houdafny.dfy(29,18): Related message: loop invariant violation
   |
29 |     invariant l_n != 0
   |                   ^^

houdafny.dfy(30,18): Error: this loop invariant could not be proved on entry
   |
30 |     invariant l_n >= 1
   |                   ^^

houdafny.dfy(30,18): Related message: loop invariant violation
   |
30 |     invariant l_n >= 1
   |                   ^^

houdafny.dfy(31,18): Error: this loop invariant could not be proved on entry
   |
31 |     invariant l_m != 0
   |                   ^^

houdafny.dfy(31,18): Related message: loop invariant violation
   |
31 |     invariant l_m != 0
   |                   ^^

houdafny.dfy(32,18): Error: this loop invariant could not be proved on entry
   |
32 |     invariant l_m >= 1
   |                   ^^

houdafny.dfy(32,18): Related message: loop invariant violation
   |
32 |     invariant l_m >= 1
   |                   ^^

houdafny.dfy(36,18): Error: this loop invariant could not be proved on entry
   |
36 |     invariant l_a != l_n
   |                   ^^

houdafny.dfy(36,18): Related message: loop invariant violation
   |
36 |     invariant l_a != l_n
   |                   ^^

houdafny.dfy(37,18): Error: this loop invariant could not be proved on entry
   |
37 |     invariant l_a != l_m
   |                   ^^

houdafny.dfy(37,18): Related message: loop invariant violation
   |
37 |     invariant l_a != l_m
   |                   ^^

houdafny.dfy(39,18): Error: this loop invariant could not be proved on entry
   |
39 |     invariant l_a != r_a
   |                   ^^

houdafny.dfy(39,18): Related message: loop invariant violation
   |
39 |     invariant l_a != r_a
   |                   ^^


Dafny program verifier finished with 0 verified, 8 errors

Writing Dafny to houdafny.dfy...
Done
Running Dafny verification...
houdafny.dfy(29,18): Error: this loop invariant could not be proved on entry
   |
29 |     invariant r_a != 0
   |                   ^^

houdafny.dfy(29,18): Related message: loop invariant violation
   |
29 |     invariant r_a != 0
   |                   ^^

houdafny.dfy(33,18): Error: this loop invariant could not be proved on entry
   |
33 |     invariant l_n != r_a
   |                   ^^

houdafny.dfy(33,18): Related message: loop invariant violation
   |
33 |     invariant l_n != r_a
   |                   ^^

houdafny.dfy(34,18): Error: this loop invariant could not be proved on entry
   |
34 |     invariant l_n > r_i
   |                   ^

houdafny.dfy(34,18): Related message: loop invariant violation
   |
34 |     invariant l_n > r_i
   |                   ^

houdafny.dfy(35,18): Error: this loop invariant could not be proved on entry
   |
35 |     invariant l_m != r_a
   |                   ^^

houdafny.dfy(35,18): Related message: loop invariant violation
   |
35 |     invariant l_m != r_a
   |                   ^^

houdafny.dfy(58,20): Error: this loop invariant could not be proved on entry
   |
58 |       invariant l_a != 0
   |                     ^^

houdafny.dfy(58,20): Related message: loop invariant violation
   |
58 |       invariant l_a != 0
   |                     ^^

houdafny.dfy(64,20): Error: this loop invariant could not be proved on entry
   |
64 |       invariant l_x >= 2
   |                     ^^

houdafny.dfy(64,20): Related message: loop invariant violation
   |
64 |       invariant l_x >= 2
   |                     ^^

houdafny.dfy(65,20): Error: this invariant could not be proved to be maintained by the loop
   |
65 |       invariant r_a != 0
   |                     ^^

houdafny.dfy(65,20): Related message: loop invariant violation
   |
65 |       invariant r_a != 0
   |                     ^^

houdafny.dfy(68,20): Error: this loop invariant could not be proved on entry
   |
68 |       invariant l_a != l_n
   |                     ^^

houdafny.dfy(68,20): Related message: loop invariant violation
   |
68 |       invariant l_a != l_n
   |                     ^^

houdafny.dfy(69,20): Error: this loop invariant could not be proved on entry
   |
69 |       invariant l_a != l_m
   |                     ^^

houdafny.dfy(69,20): Related message: loop invariant violation
   |
69 |       invariant l_a != l_m
   |                     ^^

houdafny.dfy(70,20): Error: this loop invariant could not be proved on entry
   |
70 |       invariant l_a != l_x
   |                     ^^

houdafny.dfy(70,20): Related message: loop invariant violation
   |
70 |       invariant l_a != l_x
   |                     ^^

houdafny.dfy(71,20): Error: this loop invariant could not be proved on entry
   |
71 |       invariant l_a != r_a
   |                     ^^

houdafny.dfy(71,20): Related message: loop invariant violation
   |
71 |       invariant l_a != r_a
   |                     ^^

houdafny.dfy(71,20): Error: this invariant could not be proved to be maintained by the loop
   |
71 |       invariant l_a != r_a
   |                     ^^

houdafny.dfy(71,20): Related message: loop invariant violation
   |
71 |       invariant l_a != r_a
   |                     ^^

houdafny.dfy(72,20): Error: this loop invariant could not be proved on entry
   |
72 |       invariant l_a != r_i
   |                     ^^

houdafny.dfy(72,20): Related message: loop invariant violation
   |
72 |       invariant l_a != r_i
   |                     ^^

houdafny.dfy(73,20): Error: this invariant could not be proved to be maintained by the loop
   |
73 |       invariant l_a != r_j
   |                     ^^

houdafny.dfy(73,20): Related message: loop invariant violation
   |
73 |       invariant l_a != r_j
   |                     ^^

houdafny.dfy(74,20): Error: this invariant could not be proved to be maintained by the loop
   |
74 |       invariant l_n != r_a
   |                     ^^

houdafny.dfy(74,20): Related message: loop invariant violation
   |
74 |       invariant l_n != r_a
   |                     ^^

houdafny.dfy(76,20): Error: this invariant could not be proved to be maintained by the loop
   |
76 |       invariant l_m != r_a
   |                     ^^

houdafny.dfy(76,20): Related message: loop invariant violation
   |
76 |       invariant l_m != r_a
   |                     ^^

houdafny.dfy(77,20): Error: this invariant could not be proved to be maintained by the loop
   |
77 |       invariant l_m > r_j
   |                     ^

houdafny.dfy(77,20): Related message: loop invariant violation
   |
77 |       invariant l_m > r_j
   |                     ^

houdafny.dfy(78,20): Error: this loop invariant could not be proved on entry
   |
78 |       invariant l_x != r_a
   |                     ^^

houdafny.dfy(78,20): Related message: loop invariant violation
   |
78 |       invariant l_x != r_a
   |                     ^^

houdafny.dfy(78,20): Error: this invariant could not be proved to be maintained by the loop
   |
78 |       invariant l_x != r_a
   |                     ^^

houdafny.dfy(78,20): Related message: loop invariant violation
   |
78 |       invariant l_x != r_a
   |                     ^^

houdafny.dfy(80,20): Error: this invariant could not be proved to be maintained by the loop
   |
80 |       invariant r_a != r_i
   |                     ^^

houdafny.dfy(80,20): Related message: loop invariant violation
   |
80 |       invariant r_a != r_i
   |                     ^^

houdafny.dfy(81,20): Error: this invariant could not be proved to be maintained by the loop
   |
81 |       invariant r_a != r_j
   |                     ^^

houdafny.dfy(81,20): Related message: loop invariant violation
   |
81 |       invariant r_a != r_j
   |                     ^^

houdafny.dfy(93,18): Error: this loop invariant could not be proved on entry
   |
93 |     invariant l_n == r_i
   |                   ^^

houdafny.dfy(93,18): Related message: loop invariant violation
   |
93 |     invariant l_n == r_i
   |                   ^^


Dafny program verifier finished with 0 verified, 22 errors

Writing Dafny to houdafny.dfy...
Done
Running Dafny verification...
houdafny.dfy(30,18): Error: this loop invariant could not be proved on entry
   |
30 |     invariant l_a != l_x
   |                   ^^

houdafny.dfy(30,18): Related message: loop invariant violation
   |
30 |     invariant l_a != l_x
   |                   ^^

houdafny.dfy(30,18): Error: this invariant could not be proved to be maintained by the loop
   |
30 |     invariant l_a != l_x
   |                   ^^

houdafny.dfy(30,18): Related message: loop invariant violation
   |
30 |     invariant l_a != l_x
   |                   ^^

houdafny.dfy(31,18): Error: this invariant could not be proved to be maintained by the loop
   |
31 |     invariant l_a != r_i
   |                   ^^

houdafny.dfy(31,18): Related message: loop invariant violation
   |
31 |     invariant l_a != r_i
   |                   ^^

houdafny.dfy(32,18): Error: this invariant could not be proved to be maintained by the loop
   |
32 |     invariant l_x != r_a
   |                   ^^

houdafny.dfy(32,18): Related message: loop invariant violation
   |
32 |     invariant l_x != r_a
   |                   ^^

houdafny.dfy(33,32): Error: this invariant could not be proved to be maintained by the loop
   |
33 |     invariant (l_x - (2 * r_i)) == 0
   |                                 ^^

houdafny.dfy(33,32): Related message: loop invariant violation
   |
33 |     invariant (l_x - (2 * r_i)) == 0
   |                                 ^^

houdafny.dfy(37,18): Error: this invariant could not be proved to be maintained by the loop
   |
37 |     invariant r_a != r_i
   |                   ^^

houdafny.dfy(37,18): Related message: loop invariant violation
   |
37 |     invariant r_a != r_i
   |                   ^^

houdafny.dfy(74,18): Error: this loop invariant could not be proved on entry
   |
74 |     invariant l_n <= r_i
   |                   ^^

houdafny.dfy(74,18): Related message: loop invariant violation
   |
74 |     invariant l_n <= r_i
   |                   ^^

houdafny.dfy(75,18): Error: this loop invariant could not be proved on entry
   |
75 |     invariant l_n >= r_i
   |                   ^^

houdafny.dfy(75,18): Related message: loop invariant violation
   |
75 |     invariant l_n >= r_i
   |                   ^^

houdafny.dfy(79,18): Error: this loop invariant could not be proved on entry
   |
79 |     invariant l_a != 0
   |                   ^^

houdafny.dfy(79,18): Related message: loop invariant violation
   |
79 |     invariant l_a != 0
   |                   ^^

houdafny.dfy(79,18): Error: this invariant could not be proved to be maintained by the loop
   |
79 |     invariant l_a != 0
   |                   ^^

houdafny.dfy(79,18): Related message: loop invariant violation
   |
79 |     invariant l_a != 0
   |                   ^^

houdafny.dfy(80,18): Error: this loop invariant could not be proved on entry
   |
80 |     invariant l_n != 0
   |                   ^^

houdafny.dfy(80,18): Related message: loop invariant violation
   |
80 |     invariant l_n != 0
   |                   ^^

houdafny.dfy(82,18): Error: this loop invariant could not be proved on entry
   |
82 |     invariant l_m != 0
   |                   ^^

houdafny.dfy(82,18): Related message: loop invariant violation
   |
82 |     invariant l_m != 0
   |                   ^^

houdafny.dfy(85,18): Error: this loop invariant could not be proved on entry
   |
85 |     invariant r_a != 0
   |                   ^^

houdafny.dfy(85,18): Related message: loop invariant violation
   |
85 |     invariant r_a != 0
   |                   ^^

houdafny.dfy(86,18): Error: this invariant could not be proved to be maintained by the loop
   |
86 |     invariant l_a != l_n
   |                   ^^

houdafny.dfy(86,18): Related message: loop invariant violation
   |
86 |     invariant l_a != l_n
   |                   ^^

houdafny.dfy(87,18): Error: this loop invariant could not be proved on entry
   |
87 |     invariant l_a != l_m
   |                   ^^

houdafny.dfy(87,18): Related message: loop invariant violation
   |
87 |     invariant l_a != l_m
   |                   ^^

houdafny.dfy(87,18): Error: this invariant could not be proved to be maintained by the loop
   |
87 |     invariant l_a != l_m
   |                   ^^

houdafny.dfy(87,18): Related message: loop invariant violation
   |
87 |     invariant l_a != l_m
   |                   ^^

houdafny.dfy(88,18): Error: this invariant could not be proved to be maintained by the loop
   |
88 |     invariant l_a != l_x
   |                   ^^

houdafny.dfy(88,18): Related message: loop invariant violation
   |
88 |     invariant l_a != l_x
   |                   ^^

houdafny.dfy(89,18): Error: this loop invariant could not be proved on entry
   |
89 |     invariant l_a != r_a
   |                   ^^

houdafny.dfy(89,18): Related message: loop invariant violation
   |
89 |     invariant l_a != r_a
   |                   ^^

houdafny.dfy(89,18): Error: this invariant could not be proved to be maintained by the loop
   |
89 |     invariant l_a != r_a
   |                   ^^

houdafny.dfy(89,18): Related message: loop invariant violation
   |
89 |     invariant l_a != r_a
   |                   ^^

houdafny.dfy(92,18): Error: this loop invariant could not be proved on entry
   |
92 |     invariant l_m != r_a
   |                   ^^

houdafny.dfy(92,18): Related message: loop invariant violation
   |
92 |     invariant l_m != r_a
   |                   ^^

houdafny.dfy(93,18): Error: this invariant could not be proved to be maintained by the loop
   |
93 |     invariant l_x != r_a
   |                   ^^

houdafny.dfy(93,18): Related message: loop invariant violation
   |
93 |     invariant l_x != r_a
   |                   ^^

houdafny.dfy(116,18): Error: this loop invariant could not be proved on entry
    |
116 |     invariant l_n > l_m
    |                   ^

houdafny.dfy(116,18): Related message: loop invariant violation
    |
116 |     invariant l_n > l_m
    |                   ^

houdafny.dfy(117,18): Error: this loop invariant could not be proved on entry
    |
117 |     invariant l_n >= l_x
    |                   ^^

houdafny.dfy(117,18): Related message: loop invariant violation
    |
117 |     invariant l_n >= l_x
    |                   ^^


Dafny program verifier finished with 0 verified, 23 errors

Writing Dafny to houdafny.dfy...
Done
Running Dafny verification...
houdafny.dfy(31,32): Error: this invariant could not be proved to be maintained by the loop
   |
31 |     invariant (l_x - (2 * r_i)) >= 0
   |                                 ^^

houdafny.dfy(31,32): Related message: loop invariant violation
   |
31 |     invariant (l_x - (2 * r_i)) >= 0
   |                                 ^^

houdafny.dfy(72,18): Error: this loop invariant could not be proved on entry
   |
72 |     invariant l_n >= 1
   |                   ^^

houdafny.dfy(72,18): Related message: loop invariant violation
   |
72 |     invariant l_n >= 1
   |                   ^^

houdafny.dfy(73,18): Error: this loop invariant could not be proved on entry
   |
73 |     invariant l_x != 0
   |                   ^^

houdafny.dfy(73,18): Related message: loop invariant violation
   |
73 |     invariant l_x != 0
   |                   ^^

houdafny.dfy(75,18): Error: this loop invariant could not be proved on entry
   |
75 |     invariant l_n < l_x
   |                   ^

houdafny.dfy(75,18): Related message: loop invariant violation
   |
75 |     invariant l_n < l_x
   |                   ^

houdafny.dfy(76,18): Error: this loop invariant could not be proved on entry
   |
76 |     invariant l_n != r_a
   |                   ^^

houdafny.dfy(76,18): Related message: loop invariant violation
   |
76 |     invariant l_n != r_a
   |                   ^^

houdafny.dfy(89,18): Error: this loop invariant could not be proved on entry
   |
89 |     invariant l_a != 0
   |                   ^^

houdafny.dfy(89,18): Related message: loop invariant violation
   |
89 |     invariant l_a != 0
   |                   ^^

houdafny.dfy(92,18): Error: this loop invariant could not be proved on entry
   |
92 |     invariant r_a != 0
   |                   ^^

houdafny.dfy(92,18): Related message: loop invariant violation
   |
92 |     invariant r_a != 0
   |                   ^^

houdafny.dfy(94,18): Error: this loop invariant could not be proved on entry
   |
94 |     invariant l_a != l_n
   |                   ^^

houdafny.dfy(94,18): Related message: loop invariant violation
   |
94 |     invariant l_a != l_n
   |                   ^^

houdafny.dfy(95,18): Error: this loop invariant could not be proved on entry
   |
95 |     invariant l_a != l_m
   |                   ^^

houdafny.dfy(95,18): Related message: loop invariant violation
   |
95 |     invariant l_a != l_m
   |                   ^^

houdafny.dfy(96,18): Error: this loop invariant could not be proved on entry
   |
96 |     invariant l_a != l_x
   |                   ^^

houdafny.dfy(96,18): Related message: loop invariant violation
   |
96 |     invariant l_a != l_x
   |                   ^^

houdafny.dfy(97,18): Error: this loop invariant could not be proved on entry
   |
97 |     invariant l_a != r_a
   |                   ^^

houdafny.dfy(97,18): Related message: loop invariant violation
   |
97 |     invariant l_a != r_a
   |                   ^^

houdafny.dfy(98,18): Error: this loop invariant could not be proved on entry
   |
98 |     invariant l_a != r_i
   |                   ^^

houdafny.dfy(98,18): Related message: loop invariant violation
   |
98 |     invariant l_a != r_i
   |                   ^^

houdafny.dfy(100,18): Error: this loop invariant could not be proved on entry
    |
100 |     invariant l_n > r_i
    |                   ^

houdafny.dfy(100,18): Related message: loop invariant violation
    |
100 |     invariant l_n > r_i
    |                   ^

houdafny.dfy(102,18): Error: this loop invariant could not be proved on entry
    |
102 |     invariant l_m != r_a
    |                   ^^

houdafny.dfy(102,18): Related message: loop invariant violation
    |
102 |     invariant l_m != r_a
    |                   ^^

houdafny.dfy(104,18): Error: this loop invariant could not be proved on entry
    |
104 |     invariant l_x != r_a
    |                   ^^

houdafny.dfy(104,18): Related message: loop invariant violation
    |
104 |     invariant l_x != r_a
    |                   ^^

houdafny.dfy(105,18): Error: this loop invariant could not be proved on entry
    |
105 |     invariant r_a != r_i
    |                   ^^

houdafny.dfy(105,18): Related message: loop invariant violation
    |
105 |     invariant r_a != r_i
    |                   ^^

houdafny.dfy(110,20): Error: this loop invariant could not be proved on entry
    |
110 |       invariant l_n == l_x
    |                     ^^

houdafny.dfy(110,20): Related message: loop invariant violation
    |
110 |       invariant l_n == l_x
    |                     ^^


Dafny program verifier finished with 0 verified, 17 errors

Writing Dafny to houdafny.dfy...
Done
Running Dafny verification...
houdafny.dfy(71,18): Error: this loop invariant could not be proved on entry
   |
71 |     invariant l_x >= 2
   |                   ^^

houdafny.dfy(71,18): Related message: loop invariant violation
   |
71 |     invariant l_x >= 2
   |                   ^^

houdafny.dfy(84,18): Error: this loop invariant could not be proved on entry
   |
84 |     invariant l_n != 0
   |                   ^^

houdafny.dfy(84,18): Related message: loop invariant violation
   |
84 |     invariant l_n != 0
   |                   ^^

houdafny.dfy(85,18): Error: this loop invariant could not be proved on entry
   |
85 |     invariant l_n >= 1
   |                   ^^

houdafny.dfy(85,18): Related message: loop invariant violation
   |
85 |     invariant l_n >= 1
   |                   ^^

houdafny.dfy(87,18): Error: this loop invariant could not be proved on entry
   |
87 |     invariant l_n != r_a
   |                   ^^

houdafny.dfy(87,18): Related message: loop invariant violation
   |
87 |     invariant l_n != r_a
   |                   ^^

houdafny.dfy(89,18): Error: this loop invariant could not be proved on entry
   |
89 |     invariant l_m <= r_i
   |                   ^^

houdafny.dfy(89,18): Related message: loop invariant violation
   |
89 |     invariant l_m <= r_i
   |                   ^^

houdafny.dfy(94,20): Error: this loop invariant could not be proved on entry
   |
94 |       invariant l_n <= l_x
   |                     ^^

houdafny.dfy(94,20): Related message: loop invariant violation
   |
94 |       invariant l_n <= l_x
   |                     ^^

houdafny.dfy(95,20): Error: this loop invariant could not be proved on entry
   |
95 |       invariant l_n >= l_x
   |                     ^^

houdafny.dfy(95,20): Related message: loop invariant violation
   |
95 |       invariant l_n >= l_x
   |                     ^^

houdafny.dfy(102,20): Error: this loop invariant could not be proved on entry
    |
102 |       invariant l_a == -295677805
    |                     ^^

houdafny.dfy(102,20): Related message: loop invariant violation
    |
102 |       invariant l_a == -295677805
    |                     ^^

houdafny.dfy(105,20): Error: this loop invariant could not be proved on entry
    |
105 |       invariant l_n == 5
    |                     ^^

houdafny.dfy(105,20): Related message: loop invariant violation
    |
105 |       invariant l_n == 5
    |                     ^^

houdafny.dfy(108,20): Error: this loop invariant could not be proved on entry
    |
108 |       invariant l_m == 1
    |                     ^^

houdafny.dfy(108,20): Related message: loop invariant violation
    |
108 |       invariant l_m == 1
    |                     ^^

houdafny.dfy(111,20): Error: this loop invariant could not be proved on entry
    |
111 |       invariant r_a != 0
    |                     ^^

houdafny.dfy(111,20): Related message: loop invariant violation
    |
111 |       invariant r_a != 0
    |                     ^^

houdafny.dfy(111,20): Error: this invariant could not be proved to be maintained by the loop
    |
111 |       invariant r_a != 0
    |                     ^^

houdafny.dfy(111,20): Related message: loop invariant violation
    |
111 |       invariant r_a != 0
    |                     ^^

houdafny.dfy(113,20): Error: this invariant could not be proved to be maintained by the loop
    |
113 |       invariant r_j == 0
    |                     ^^

houdafny.dfy(113,20): Related message: loop invariant violation
    |
113 |       invariant r_j == 0
    |                     ^^

houdafny.dfy(116,20): Error: this loop invariant could not be proved on entry
    |
116 |       invariant l_a != r_a
    |                     ^^

houdafny.dfy(116,20): Related message: loop invariant violation
    |
116 |       invariant l_a != r_a
    |                     ^^

houdafny.dfy(120,20): Error: this loop invariant could not be proved on entry
    |
120 |       invariant l_m != r_a
    |                     ^^

houdafny.dfy(120,20): Related message: loop invariant violation
    |
120 |       invariant l_m != r_a
    |                     ^^

houdafny.dfy(121,20): Error: this loop invariant could not be proved on entry
    |
121 |       invariant l_m < r_i
    |                     ^

houdafny.dfy(121,20): Related message: loop invariant violation
    |
121 |       invariant l_m < r_i
    |                     ^

houdafny.dfy(122,20): Error: this loop invariant could not be proved on entry
    |
122 |       invariant r_a != r_i
    |                     ^^

houdafny.dfy(122,20): Related message: loop invariant violation
    |
122 |       invariant r_a != r_i
    |                     ^^

houdafny.dfy(131,8): Error: assertion might not hold
    |
131 |   assert(forall i: int, j: int :: (read(l_a, (i * l_n) + j) == read(read(r_a, i), j)));
    |         ^^^^^^^^^^^^^^^^^^^^^^^^^^^^^^^^^^^^^^^^^^^^^^^^^^^^^^^^^^^^^^^^^^^^^^^^^^^^^^


Dafny program verifier finished with 0 verified, 18 errors

Writing Dafny to houdafny.dfy...
Done
Running Dafny verification...
houdafny.dfy(84,18): Error: this loop invariant could not be proved on entry
   |
84 |     invariant l_m <= l_x
   |                   ^^

houdafny.dfy(84,18): Related message: loop invariant violation
   |
84 |     invariant l_m <= l_x
   |                   ^^

houdafny.dfy(95,20): Error: this loop invariant could not be proved on entry
   |
95 |       invariant l_a <= -295677805
   |                     ^^

houdafny.dfy(95,20): Related message: loop invariant violation
   |
95 |       invariant l_a <= -295677805
   |                     ^^

houdafny.dfy(96,20): Error: this loop invariant could not be proved on entry
   |
96 |       invariant l_a >= -295677805
   |                     ^^

houdafny.dfy(96,20): Related message: loop invariant violation
   |
96 |       invariant l_a >= -295677805
   |                     ^^

houdafny.dfy(97,20): Error: this loop invariant could not be proved on entry
   |
97 |       invariant l_n <= 5
   |                     ^^

houdafny.dfy(97,20): Related message: loop invariant violation
   |
97 |       invariant l_n <= 5
   |                     ^^

houdafny.dfy(98,20): Error: this loop invariant could not be proved on entry
   |
98 |       invariant l_n >= 5
   |                     ^^

houdafny.dfy(98,20): Related message: loop invariant violation
   |
98 |       invariant l_n >= 5
   |                     ^^

houdafny.dfy(99,20): Error: this loop invariant could not be proved on entry
   |
99 |       invariant l_m <= 1
   |                     ^^

houdafny.dfy(99,20): Related message: loop invariant violation
   |
99 |       invariant l_m <= 1
   |                     ^^

houdafny.dfy(100,20): Error: this loop invariant could not be proved on entry
    |
100 |       invariant l_m >= 1
    |                     ^^

houdafny.dfy(100,20): Related message: loop invariant violation
    |
100 |       invariant l_m >= 1
    |                     ^^

houdafny.dfy(101,20): Error: this loop invariant could not be proved on entry
    |
101 |       invariant r_i != 0
    |                     ^^

houdafny.dfy(101,20): Related message: loop invariant violation
    |
101 |       invariant r_i != 0
    |                     ^^

houdafny.dfy(102,20): Error: this invariant could not be proved to be maintained by the loop
    |
102 |       invariant r_j <= 0
    |                     ^^

houdafny.dfy(102,20): Related message: loop invariant violation
    |
102 |       invariant r_j <= 0
    |                     ^^

houdafny.dfy(105,20): Error: this loop invariant could not be proved on entry
    |
105 |       invariant l_n != r_a
    |                     ^^

houdafny.dfy(105,20): Related message: loop invariant violation
    |
105 |       invariant l_n != r_a
    |                     ^^

houdafny.dfy(107,20): Error: this loop invariant could not be proved on entry
    |
107 |       invariant r_a != r_j
    |                     ^^

houdafny.dfy(107,20): Related message: loop invariant violation
    |
107 |       invariant r_a != r_j
    |                     ^^

houdafny.dfy(115,8): Error: assertion might not hold
    |
115 |   assert(forall i: int, j: int :: (read(l_a, (i * l_n) + j) == read(read(r_a, i), j)));
    |         ^^^^^^^^^^^^^^^^^^^^^^^^^^^^^^^^^^^^^^^^^^^^^^^^^^^^^^^^^^^^^^^^^^^^^^^^^^^^^^


Dafny program verifier finished with 0 verified, 12 errors

Writing Dafny to houdafny.dfy...
Done
Running Dafny verification...
houdafny.dfy(95,20): Error: this loop invariant could not be proved on entry
   |
95 |       invariant l_a < r_i
   |                     ^

houdafny.dfy(95,20): Related message: loop invariant violation
   |
95 |       invariant l_a < r_i
   |                     ^

houdafny.dfy(97,20): Error: this loop invariant could not be proved on entry
   |
97 |       invariant r_i > r_j
   |                     ^

houdafny.dfy(97,20): Related message: loop invariant violation
   |
97 |       invariant r_i > r_j
   |                     ^

houdafny.dfy(97,20): Error: this invariant could not be proved to be maintained by the loop
   |
97 |       invariant r_i > r_j
   |                     ^

houdafny.dfy(97,20): Related message: loop invariant violation
   |
97 |       invariant r_i > r_j
   |                     ^

houdafny.dfy(104,8): Error: assertion might not hold
    |
104 |   assert(forall i: int, j: int :: (read(l_a, (i * l_n) + j) == read(read(r_a, i), j)));
    |         ^^^^^^^^^^^^^^^^^^^^^^^^^^^^^^^^^^^^^^^^^^^^^^^^^^^^^^^^^^^^^^^^^^^^^^^^^^^^^^


Dafny program verifier finished with 0 verified, 4 errors

Writing Dafny to houdafny.dfy...
Done
Running Dafny verification...
houdafny.dfy(102,8): Error: assertion might not hold
    |
102 |   assert(forall i: int, j: int :: (read(l_a, (i * l_n) + j) == read(read(r_a, i), j)));
    |         ^^^^^^^^^^^^^^^^^^^^^^^^^^^^^^^^^^^^^^^^^^^^^^^^^^^^^^^^^^^^^^^^^^^^^^^^^^^^^^


Dafny program verifier finished with 0 verified, 1 error

Writing output to ./results/alignments/dafny/antonopoulos/sa/loop-tiling-sa.dfy...
Done

Per-Task Times (ms)
-------------------
align-sa: 11344
aligned-crel: 0
invars-daikon: 1072
houdafny: 15520
aligned-output: 0
write-product: 0

KestRel completed in 27938ms
Verified: false

real	0m27.963s
user	0m29.349s
sys	0m1.335s
