Starting simulated annealing...
Initial score: 0.755
Score 0.7099999 at temperature 0.996167
Score 0.5536795 at temperature 0.9945838
Score 0.455873 at temperature 0.99233395
Score 0.42902118 at temperature 0.9907508
Score 0.40906477 at temperature 0.988001
Score 0.3926637 at temperature 0.97958505
Score 0.325673 at temperature 0.97933507
Score 0.32241663 at temperature 0.9346721
Simulated annealing complete.
Saw 2717 configurations
Best score: 0.32241663
Writing Daikon to daikon_output.c...
Done
Compiling Daikon output...
Running Kvasir...
==60890== kvasir-5.8.18, C/C++ Language Front-End for Daikon with DynComp comparability analysis tool.
==60890== Copyright (C) 2007-2022, University of Washington CSE PLSE Group
==60890== Using Valgrind-3.19.0.Fjalar and LibVEX; rerun with -h for copyright info
==60890== Command: ./daikon_output
==60890== 
==60890== 
==60890== For lists of detected and suppressed errors, rerun with: -s
==60890== ERROR SUMMARY: 0 errors from 0 contexts (suppressed: 0 from 0)
Running Daikon...
Writing Dafny to houdafny.dfy...
Done
Running Dafny verification...
houdafny.dfy(21,18): Error: this loop invariant could not be proved on entry
   |
21 |     invariant l_y != 0
   |                   ^^

houdafny.dfy(21,18): Related message: loop invariant violation
   |
21 |     invariant l_y != 0
   |                   ^^

houdafny.dfy(22,18): Error: this loop invariant could not be proved on entry
   |
22 |     invariant l_w != 0
   |                   ^^

houdafny.dfy(22,18): Related message: loop invariant violation
   |
22 |     invariant l_w != 0
   |                   ^^

houdafny.dfy(27,18): Error: this invariant could not be proved to be maintained by the loop
   |
27 |     invariant l_z != r_y
   |                   ^^

houdafny.dfy(27,18): Related message: loop invariant violation
   |
27 |     invariant l_z != r_y
   |                   ^^

houdafny.dfy(51,18): Error: this loop invariant could not be proved on entry
   |
51 |     invariant r_y == 4
   |                   ^^

houdafny.dfy(51,18): Related message: loop invariant violation
   |
51 |     invariant r_y == 4
   |                   ^^

houdafny.dfy(54,18): Error: this loop invariant could not be proved on entry
   |
54 |     invariant r_w != 0
   |                   ^^

houdafny.dfy(54,18): Related message: loop invariant violation
   |
54 |     invariant r_w != 0
   |                   ^^

houdafny.dfy(56,18): Error: this loop invariant could not be proved on entry
   |
56 |     invariant l_y > r_y
   |                   ^

houdafny.dfy(56,18): Related message: loop invariant violation
   |
56 |     invariant l_y > r_y
   |                   ^

houdafny.dfy(56,18): Error: this invariant could not be proved to be maintained by the loop
   |
56 |     invariant l_y > r_y
   |                   ^

houdafny.dfy(56,18): Related message: loop invariant violation
   |
56 |     invariant l_y > r_y
   |                   ^


Dafny program verifier finished with 0 verified, 7 errors

Writing Dafny to houdafny.dfy...
Done
Running Dafny verification...
houdafny.dfy(21,18): Error: this loop invariant could not be proved on entry
   |
21 |     invariant l_w >= 1
   |                   ^^

houdafny.dfy(21,18): Related message: loop invariant violation
   |
21 |     invariant l_w >= 1
   |                   ^^

houdafny.dfy(46,18): Error: this loop invariant could not be proved on entry
   |
46 |     invariant l_y != 0
   |                   ^^

houdafny.dfy(46,18): Related message: loop invariant violation
   |
46 |     invariant l_y != 0
   |                   ^^

houdafny.dfy(48,18): Error: this loop invariant could not be proved on entry
   |
48 |     invariant r_y <= 4
   |                   ^^

houdafny.dfy(48,18): Related message: loop invariant violation
   |
48 |     invariant r_y <= 4
   |                   ^^

houdafny.dfy(49,18): Error: this loop invariant could not be proved on entry
   |
49 |     invariant r_y >= 4
   |                   ^^

houdafny.dfy(49,18): Related message: loop invariant violation
   |
49 |     invariant r_y >= 4
   |                   ^^

houdafny.dfy(51,18): Error: this loop invariant could not be proved on entry
   |
51 |     invariant l_z != r_y
   |                   ^^

houdafny.dfy(51,18): Related message: loop invariant violation
   |
51 |     invariant l_z != r_y
   |                   ^^

houdafny.dfy(68,8): Error: assertion might not hold
   |
68 |   assert(l_z > r_z);
   |         ^^^^^^^^^^^


Dafny program verifier finished with 0 verified, 6 errors

Writing Dafny to houdafny.dfy...
Done
Running Dafny verification...
houdafny.dfy(21,18): Error: this loop invariant could not be proved on entry
   |
21 |     invariant r_y != 0
   |                   ^^

houdafny.dfy(21,18): Related message: loop invariant violation
   |
21 |     invariant r_y != 0
   |                   ^^

houdafny.dfy(45,18): Error: this loop invariant could not be proved on entry
   |
45 |     invariant l_w != 0
   |                   ^^

houdafny.dfy(45,18): Related message: loop invariant violation
   |
45 |     invariant l_w != 0
   |                   ^^

houdafny.dfy(55,4): Error: cannot prove termination; try supplying a decreases clause for the loop
   |
55 |     while (r_y > 4) {
   |     ^^^^^

houdafny.dfy(63,8): Error: assertion might not hold
   |
63 |   assert(l_z > r_z);
   |         ^^^^^^^^^^^


Dafny program verifier finished with 0 verified, 4 errors

Writing Dafny to houdafny.dfy...
Done
Running Dafny verification...
houdafny.dfy(53,4): Error: cannot prove termination; try supplying a decreases clause for the loop
   |
53 |     while (r_y > 4) {
   |     ^^^^^

houdafny.dfy(61,8): Error: assertion might not hold
   |
61 |   assert(l_z > r_z);
   |         ^^^^^^^^^^^


Dafny program verifier finished with 0 verified, 2 errors

Writing output to ./results/alignments/dafny/antonopoulos/sa/naumann-sa.dfy...
Done

Per-Task Times (ms)
-------------------
align-sa: 2097
aligned-crel: 0
invars-daikon: 889
houdafny: 7039
aligned-output: 0
write-product: 0

KestRel completed in 10026ms
Verified: false

real	0m10.047s
user	0m10.850s
sys	0m0.455s
