Starting simulated annealing...
Initial score: 0.9125
Score 0.90999997 at temperature 0.99658364
Score 0.8333334 at temperature 0.99300057
Score 0.77500004 at temperature 0.9856679
Score 0.75 at temperature 0.9833347
Score 0.45113128 at temperature 0.9704191
Score 0.32850704 at temperature 0.8912591
Score 0.2523813 at temperature 0.8880093
Score 0.19800217 at temperature 0.8350971
Simulated annealing complete.
Saw 3871 configurations
Best score: 0.19800217
Writing Daikon to daikon_output.c...
Done
Compiling Daikon output...
Running Kvasir...
==61081== kvasir-5.8.18, C/C++ Language Front-End for Daikon with DynComp comparability analysis tool.
==61081== Copyright (C) 2007-2022, University of Washington CSE PLSE Group
==61081== Using Valgrind-3.19.0.Fjalar and LibVEX; rerun with -h for copyright info
==61081== Command: ./daikon_output
==61081== 
==61081== 
==61081== For lists of detected and suppressed errors, rerun with: -s
==61081== ERROR SUMMARY: 0 errors from 0 contexts (suppressed: 0 from 0)
Running Daikon...
Writing Dafny to houdafny.dfy...
Done
Running Dafny verification...
houdafny.dfy(17,18): Error: this loop invariant could not be proved on entry
   |
17 |     invariant l_z != 0
   |                   ^^

houdafny.dfy(17,18): Related message: loop invariant violation
   |
17 |     invariant l_z != 0
   |                   ^^

houdafny.dfy(29,18): Error: this loop invariant could not be proved on entry
   |
29 |     invariant l_z > l_i
   |                   ^

houdafny.dfy(29,18): Related message: loop invariant violation
   |
29 |     invariant l_z > l_i
   |                   ^

houdafny.dfy(29,18): Error: this invariant could not be proved to be maintained by the loop
   |
29 |     invariant l_z > l_i
   |                   ^

houdafny.dfy(29,18): Related message: loop invariant violation
   |
29 |     invariant l_z > l_i
   |                   ^


Dafny program verifier finished with 0 verified, 3 errors

Writing Dafny to houdafny.dfy...
Done
Running Dafny verification...
houdafny.dfy(19,18): Error: this loop invariant could not be proved on entry
   |
19 |     invariant r_z != 0
   |                   ^^

houdafny.dfy(19,18): Related message: loop invariant violation
   |
19 |     invariant r_z != 0
   |                   ^^

houdafny.dfy(31,18): Error: this loop invariant could not be proved on entry
   |
31 |     invariant l_z > r_z
   |                   ^

houdafny.dfy(31,18): Related message: loop invariant violation
   |
31 |     invariant l_z > r_z
   |                   ^

houdafny.dfy(33,18): Error: this invariant could not be proved to be maintained by the loop
   |
33 |     invariant l_i <= r_y
   |                   ^^

houdafny.dfy(33,18): Related message: loop invariant violation
   |
33 |     invariant l_i <= r_y
   |                   ^^

houdafny.dfy(39,18): Error: this invariant could not be proved to be maintained by the loop
   |
39 |     invariant r_z > r_i
   |                   ^

houdafny.dfy(39,18): Related message: loop invariant violation
   |
39 |     invariant r_z > r_i
   |                   ^


Dafny program verifier finished with 0 verified, 4 errors

Writing Dafny to houdafny.dfy...
Done
Running Dafny verification...
houdafny.dfy(25,18): Error: this loop invariant could not be proved on entry
   |
25 |     invariant l_y != r_z
   |                   ^^

houdafny.dfy(25,18): Related message: loop invariant violation
   |
25 |     invariant l_y != r_z
   |                   ^^

houdafny.dfy(30,18): Error: this loop invariant could not be proved on entry
   |
30 |     invariant l_z > r_i
   |                   ^

houdafny.dfy(30,18): Related message: loop invariant violation
   |
30 |     invariant l_z > r_i
   |                   ^


Dafny program verifier finished with 0 verified, 2 errors

Writing Dafny to houdafny.dfy...
Done
Running Dafny verification...

Dafny program verifier finished with 1 verified, 0 errors

Writing output to ./results/alignments/dafny/antonopoulos/sa/shemer-sa.dfy...
Done

Per-Task Times (ms)
-------------------
align-sa: 3464
aligned-crel: 0
invars-daikon: 898
houdafny: 6783
aligned-output: 0
write-product: 0

KestRel completed in 11146ms
Verified: true

real	0m11.167s
user	0m12.179s
sys	0m0.372s
