Starting simulated annealing...
Initial score: 0.82666665
Score 0.7933334 at temperature 0.99716693
Score 0.61 at temperature 0.996167
Score 0.5457778 at temperature 0.98783433
Score 0.46000004 at temperature 0.98408467
Score 0.42000002 at temperature 0.97925174
Score 0.3344156 at temperature 0.9701691
Score 0.2599697 at temperature 0.9552537
Simulated annealing complete.
Saw 2396 configurations
Best score: 0.2599697
Writing Daikon to daikon_output.c...
Done
Compiling Daikon output...
Running Kvasir...
==61271== kvasir-5.8.18, C/C++ Language Front-End for Daikon with DynComp comparability analysis tool.
==61271== Copyright (C) 2007-2022, University of Washington CSE PLSE Group
==61271== Using Valgrind-3.19.0.Fjalar and LibVEX; rerun with -h for copyright info
==61271== Command: ./daikon_output
==61271== 
==61271== 
==61271== For lists of detected and suppressed errors, rerun with: -s
==61271== ERROR SUMMARY: 0 errors from 0 contexts (suppressed: 0 from 0)
Running Daikon...
Writing Dafny to houdafny.dfy...
Done
Running Dafny verification...

Dafny program verifier finished with 1 verified, 0 errors

Writing output to ./results/alignments/dafny/antonopoulos/sa/simple-sa.dfy...
Done

Per-Task Times (ms)
-------------------
align-sa: 1371
aligned-crel: 0
invars-daikon: 790
houdafny: 1671
aligned-output: 0
write-product: 2

KestRel completed in 3836ms
Verified: true

real	0m3.857s
user	0m4.634s
sys	0m0.140s
