/usr/bin/clang-10 -c -emit-llvm -D__SEAHORN__ -fdeclspec -O1 -Xclang -disable-llvm-optzns -fgnu89-inline -m64 -I/home/usea/seahorn/include -o /tmp/sea-buihfel5/loop-tiling.bc ./results/antonopoulos/unaligned/loop-tiling.c
./results/antonopoulos/unaligned/loop-tiling.c:10:1: warning: return type of 'main' is not 'int' [-Wmain-return-type]
void main() {
^
./results/antonopoulos/unaligned/loop-tiling.c:10:1: note: change return type to 'int'
void main() {
^~~~
int
1 warning generated.
/home/usea/seahorn/bin/seapp -o /tmp/sea-buihfel5/loop-tiling.pp.bc --simplifycfg-sink-common=false --strip-extern=false --promote-assumptions=false --kill-vaarg=true --horn-keep-arith-overflow=false /tmp/sea-buihfel5/loop-tiling.bc
/home/usea/seahorn/bin/seapp --simplifycfg-sink-common=false -o /tmp/sea-buihfel5/loop-tiling.pp.ms.bc --horn-mixed-sem --ms-reduce-main /tmp/sea-buihfel5/loop-tiling.pp.bc
/home/usea/seahorn/bin/seaopt -f --simplifycfg-sink-common=false -o /tmp/sea-buihfel5/loop-tiling.pp.ms.o.bc -O3 --seaopt-enable-indvar=false --seaopt-enable-loop-idiom=false --unroll-threshold=150 --unroll-allow-partial=false --unroll-partial-threshold=0 --vectorize-loops=false --disable-slp-vectorization=true /tmp/sea-buihfel5/loop-tiling.pp.ms.bc
/home/usea/seahorn/bin/seahorn --keep-shadows=true --sea-dsa=ci --horn-solve -horn-inter-proc -horn-sem-lvl=mem --horn-step=large /tmp/sea-buihfel5/loop-tiling.pp.ms.o.bc
WARNING: initializing DSA node due to memset()
WARNING: initializing DSA node due to memset()
WARNING: initializing DSA node due to memset()
WARNING: initializing DSA node due to memset()
WARNING: initializing DSA node due to memset()
WARNING: initializing DSA node due to memset()
WARNING: initializing DSA node due to memset()
WARNING: initializing DSA node due to memset()
WARNING: initializing DSA node due to memset()
WARNING: initializing DSA node due to memset()
WARNING: initializing DSA node due to memset()
WARNING: initializing DSA node due to memset()
WARNING: initializing DSA node due to memset()
WARNING: initializing DSA node due to memset()
WARNING: initializing DSA node due to memset()
WARNING: initializing DSA node due to memset()
WARNING: initializing DSA node due to memset()
WARNING: initializing DSA node due to memset()
WARNING: initializing DSA node due to memset()
WARNING: initializing DSA node due to memset()
WARNING: initializing DSA node due to memset()
WARNING: initializing DSA node due to memset()
WARNING: initializing DSA node due to memset()
WARNING: initializing DSA node due to memset()
WARNING: initializing DSA node due to memset()
WARNING: initializing DSA node due to memset()
WARNING: initializing DSA node due to memset()
WARNING: initializing DSA node due to memset()
WARNING: initializing DSA node due to memset()
WARNING: initializing DSA node due to memset()
unsat

real	0m0.198s
user	0m0.116s
sys	0m0.040s
