Treating naive product as final alignment.
Writing Daikon to daikon_output.c...
Done
Compiling Daikon output...
Running Kvasir...
==26747== kvasir-5.8.18, C/C++ Language Front-End for Daikon with DynComp comparability analysis tool.
==26747== Copyright (C) 2007-2022, University of Washington CSE PLSE Group
==26747== Using Valgrind-3.19.0.Fjalar and LibVEX; rerun with -h for copyright info
==26747== Command: ./daikon_output
==26747== 
==26747== 
==26747== For lists of detected and suppressed errors, rerun with: -s
==26747== ERROR SUMMARY: 0 errors from 0 contexts (suppressed: 0 from 0)
Running Daikon...
Writing Dafny to houdafny.dfy...
Done
Running Dafny verification...
houdafny.dfy(19,21): Error: this loop invariant could not be proved on entry
   |
19 |     invariant l_tree != 0
   |                      ^^

houdafny.dfy(19,21): Related message: loop invariant violation
   |
19 |     invariant l_tree != 0
   |                      ^^

houdafny.dfy(19,21): Error: this invariant could not be proved to be maintained by the loop
   |
19 |     invariant l_tree != 0
   |                      ^^

houdafny.dfy(19,21): Related message: loop invariant violation
   |
19 |     invariant l_tree != 0
   |                      ^^

houdafny.dfy(20,20): Error: this loop invariant could not be proved on entry
   |
20 |     invariant l_val != 0
   |                     ^^

houdafny.dfy(20,20): Related message: loop invariant violation
   |
20 |     invariant l_val != 0
   |                     ^^

houdafny.dfy(24,21): Error: this loop invariant could not be proved on entry
   |
24 |     invariant l_tree != l_val
   |                      ^^

houdafny.dfy(24,21): Related message: loop invariant violation
   |
24 |     invariant l_tree != l_val
   |                      ^^

houdafny.dfy(24,21): Error: this invariant could not be proved to be maintained by the loop
   |
24 |     invariant l_tree != l_val
   |                      ^^

houdafny.dfy(24,21): Related message: loop invariant violation
   |
24 |     invariant l_tree != l_val
   |                      ^^

houdafny.dfy(38,21): Error: this invariant could not be proved to be maintained by the loop
   |
38 |     invariant r_tree != 0
   |                      ^^

houdafny.dfy(38,21): Related message: loop invariant violation
   |
38 |     invariant r_tree != 0
   |                      ^^

houdafny.dfy(39,20): Error: this loop invariant could not be proved on entry
   |
39 |     invariant r_val != 0
   |                     ^^

houdafny.dfy(39,20): Related message: loop invariant violation
   |
39 |     invariant r_val != 0
   |                     ^^

houdafny.dfy(44,21): Error: this loop invariant could not be proved on entry
   |
44 |     invariant l_tree > r_tree
   |                      ^

houdafny.dfy(44,21): Related message: loop invariant violation
   |
44 |     invariant l_tree > r_tree
   |                      ^

houdafny.dfy(44,21): Error: this invariant could not be proved to be maintained by the loop
   |
44 |     invariant l_tree > r_tree
   |                      ^

houdafny.dfy(44,21): Related message: loop invariant violation
   |
44 |     invariant l_tree > r_tree
   |                      ^

houdafny.dfy(45,21): Error: this loop invariant could not be proved on entry
   |
45 |     invariant l_tree != r_val
   |                      ^^

houdafny.dfy(45,21): Related message: loop invariant violation
   |
45 |     invariant l_tree != r_val
   |                      ^^

houdafny.dfy(46,20): Error: this invariant could not be proved to be maintained by the loop
   |
46 |     invariant l_val != r_tree
   |                     ^^

houdafny.dfy(46,20): Related message: loop invariant violation
   |
46 |     invariant l_val != r_tree
   |                     ^^

houdafny.dfy(47,20): Error: this loop invariant could not be proved on entry
   |
47 |     invariant l_val < r_val
   |                     ^

houdafny.dfy(47,20): Related message: loop invariant violation
   |
47 |     invariant l_val < r_val
   |                     ^

houdafny.dfy(48,21): Error: this loop invariant could not be proved on entry
   |
48 |     invariant r_tree != r_val
   |                      ^^

houdafny.dfy(48,21): Related message: loop invariant violation
   |
48 |     invariant r_tree != r_val
   |                      ^^

houdafny.dfy(48,21): Error: this invariant could not be proved to be maintained by the loop
   |
48 |     invariant r_tree != r_val
   |                      ^^

houdafny.dfy(48,21): Related message: loop invariant violation
   |
48 |     invariant r_tree != r_val
   |                      ^^

houdafny.dfy(55,8): Error: assertion might not hold
   |
55 |   assert(r_found <= l_found);
   |         ^^^^^^^^^^^^^^^^^^^^


Dafny program verifier finished with 0 verified, 15 errors

Writing Dafny to houdafny.dfy...
Done
Running Dafny verification...
houdafny.dfy(33,21): Error: this loop invariant could not be proved on entry
   |
33 |     invariant l_tree != 0
   |                      ^^

houdafny.dfy(33,21): Related message: loop invariant violation
   |
33 |     invariant l_tree != 0
   |                      ^^

houdafny.dfy(34,20): Error: this loop invariant could not be proved on entry
   |
34 |     invariant l_val != 0
   |                     ^^

houdafny.dfy(34,20): Related message: loop invariant violation
   |
34 |     invariant l_val != 0
   |                     ^^

houdafny.dfy(38,21): Error: this loop invariant could not be proved on entry
   |
38 |     invariant l_tree != l_val
   |                      ^^

houdafny.dfy(38,21): Related message: loop invariant violation
   |
38 |     invariant l_tree != l_val
   |                      ^^

houdafny.dfy(45,8): Error: assertion might not hold
   |
45 |   assert(r_found <= l_found);
   |         ^^^^^^^^^^^^^^^^^^^^


Dafny program verifier finished with 0 verified, 4 errors

Writing Dafny to houdafny.dfy...
Done
Running Dafny verification...
houdafny.dfy(42,8): Error: assertion might not hold
   |
42 |   assert(r_found <= l_found);
   |         ^^^^^^^^^^^^^^^^^^^^


Dafny program verifier finished with 0 verified, 1 error

Writing output to ./results/alignments/dafny/adt/unaligned/bst-min-search-una.dfy...
Done

Per-Task Times (ms)
-------------------
align-none: 0
aligned-crel: 0
invars-daikon: 824
houdafny: 5347
aligned-output: 0
write-product: 0

KestRel completed in 6172ms
Verified: false

real	0m6.193s
user	0m6.963s
sys	0m0.383s
