Treating naive product as final alignment.
Writing Daikon to daikon_output.c...
Done
Compiling Daikon output...
Running Kvasir...
==27096== kvasir-5.8.18, C/C++ Language Front-End for Daikon with DynComp comparability analysis tool.
==27096== Copyright (C) 2007-2022, University of Washington CSE PLSE Group
==27096== Using Valgrind-3.19.0.Fjalar and LibVEX; rerun with -h for copyright info
==27096== Command: ./daikon_output
==27096== 
==27096== 
==27096== For lists of detected and suppressed errors, rerun with: -s
==27096== ERROR SUMMARY: 0 errors from 0 contexts (suppressed: 0 from 0)
Running Daikon...
Writing Dafny to houdafny.dfy...
Done
Running Dafny verification...
houdafny.dfy(9,9): Warning: For expression "l_n == r_n":
   /!\ No terms found to trigger on.
  |
9 |   assume(forall i: int :: (f(g(i)) == g(f(i))) && (l_n == r_n));
  |          ^^^^^^

houdafny.dfy(14,20): Error: this invariant could not be proved to be maintained by the loop
   |
14 |     invariant l_sum >= 0
   |                     ^^

houdafny.dfy(14,20): Related message: loop invariant violation
   |
14 |     invariant l_sum >= 0
   |                     ^^

houdafny.dfy(16,20): Error: this invariant could not be proved to be maintained by the loop
   |
16 |     invariant l_sum >= l_i
   |                     ^^

houdafny.dfy(16,20): Related message: loop invariant violation
   |
16 |     invariant l_sum >= l_i
   |                     ^^

houdafny.dfy(27,20): Error: this loop invariant could not be proved on entry
   |
27 |     invariant l_sum != 0
   |                     ^^

houdafny.dfy(27,20): Related message: loop invariant violation
   |
27 |     invariant l_sum != 0
   |                     ^^

houdafny.dfy(28,18): Error: this loop invariant could not be proved on entry
   |
28 |     invariant l_i != 0
   |                   ^^

houdafny.dfy(28,18): Related message: loop invariant violation
   |
28 |     invariant l_i != 0
   |                   ^^

houdafny.dfy(29,20): Error: this invariant could not be proved to be maintained by the loop
   |
29 |     invariant r_sum >= 0
   |                     ^^

houdafny.dfy(29,20): Related message: loop invariant violation
   |
29 |     invariant r_sum >= 0
   |                     ^^

houdafny.dfy(31,20): Error: this loop invariant could not be proved on entry
   |
31 |     invariant l_sum > l_i
   |                     ^

houdafny.dfy(31,20): Related message: loop invariant violation
   |
31 |     invariant l_sum > l_i
   |                     ^

houdafny.dfy(32,20): Error: this invariant could not be proved to be maintained by the loop
   |
32 |     invariant l_sum > r_sum
   |                     ^

houdafny.dfy(32,20): Related message: loop invariant violation
   |
32 |     invariant l_sum > r_sum
   |                     ^

houdafny.dfy(34,18): Error: this invariant could not be proved to be maintained by the loop
   |
34 |     invariant l_i != r_sum
   |                   ^^

houdafny.dfy(34,18): Related message: loop invariant violation
   |
34 |     invariant l_i != r_sum
   |                   ^^

houdafny.dfy(35,18): Error: this invariant could not be proved to be maintained by the loop
   |
35 |     invariant l_i > r_i
   |                   ^

houdafny.dfy(35,18): Related message: loop invariant violation
   |
35 |     invariant l_i > r_i
   |                   ^

houdafny.dfy(36,20): Error: this invariant could not be proved to be maintained by the loop
   |
36 |     invariant r_sum >= r_i
   |                     ^^

houdafny.dfy(36,20): Related message: loop invariant violation
   |
36 |     invariant r_sum >= r_i
   |                     ^^

houdafny.dfy(43,8): Error: assertion might not hold
   |
43 |   assert(l_sum == r_sum);
   |         ^^^^^^^^^^^^^^^^


Dafny program verifier finished with 0 verified, 11 errors

Writing Dafny to houdafny.dfy...
Done
Running Dafny verification...
houdafny.dfy(9,9): Warning: For expression "l_n == r_n":
   /!\ No terms found to trigger on.
  |
9 |   assume(forall i: int :: (f(g(i)) == g(f(i))) && (l_n == r_n));
  |          ^^^^^^

houdafny.dfy(26,20): Error: this loop invariant could not be proved on entry
   |
26 |     invariant l_sum > r_i
   |                     ^

houdafny.dfy(26,20): Related message: loop invariant violation
   |
26 |     invariant l_sum > r_i
   |                     ^

houdafny.dfy(26,20): Error: this invariant could not be proved to be maintained by the loop
   |
26 |     invariant l_sum > r_i
   |                     ^

houdafny.dfy(26,20): Related message: loop invariant violation
   |
26 |     invariant l_sum > r_i
   |                     ^

houdafny.dfy(33,8): Error: assertion might not hold
   |
33 |   assert(l_sum == r_sum);
   |         ^^^^^^^^^^^^^^^^


Dafny program verifier finished with 0 verified, 3 errors

Writing Dafny to houdafny.dfy...
Done
Running Dafny verification...
houdafny.dfy(9,9): Warning: For expression "l_n == r_n":
   /!\ No terms found to trigger on.
  |
9 |   assume(forall i: int :: (f(g(i)) == g(f(i))) && (l_n == r_n));
  |          ^^^^^^

houdafny.dfy(32,8): Error: assertion might not hold
   |
32 |   assert(l_sum == r_sum);
   |         ^^^^^^^^^^^^^^^^


Dafny program verifier finished with 0 verified, 1 error

Writing output to ./results/alignments/dafny/adt/unaligned/commute-una.dfy...
Done

Per-Task Times (ms)
-------------------
align-none: 0
aligned-crel: 0
invars-daikon: 977
houdafny: 5489
aligned-output: 0
write-product: 0

KestRel completed in 6467ms
Verified: false

real	0m6.490s
user	0m7.641s
sys	0m0.362s
