Treating naive product as final alignment.
Writing Daikon to daikon_output.c...
Done
Compiling Daikon output...
Running Kvasir...
==27271== kvasir-5.8.18, C/C++ Language Front-End for Daikon with DynComp comparability analysis tool.
==27271== Copyright (C) 2007-2022, University of Washington CSE PLSE Group
==27271== Using Valgrind-3.19.0.Fjalar and LibVEX; rerun with -h for copyright info
==27271== Command: ./daikon_output
==27271== 
==27271== 
==27271== For lists of detected and suppressed errors, rerun with: -s
==27271== ERROR SUMMARY: 0 errors from 0 contexts (suppressed: 0 from 0)
Running Daikon...
Writing Dafny to houdafny.dfy...
Done
Running Dafny verification...
houdafny.dfy(22,20): Error: this loop invariant could not be proved on entry
   |
22 |     invariant l_lst != 0
   |                     ^^

houdafny.dfy(22,20): Related message: loop invariant violation
   |
22 |     invariant l_lst != 0
   |                     ^^

houdafny.dfy(22,20): Error: this invariant could not be proved to be maintained by the loop
   |
22 |     invariant l_lst != 0
   |                     ^^

houdafny.dfy(22,20): Related message: loop invariant violation
   |
22 |     invariant l_lst != 0
   |                     ^^

houdafny.dfy(23,25): Error: this loop invariant could not be proved on entry
   |
23 |     invariant l_h_secret != 0
   |                          ^^

houdafny.dfy(23,25): Related message: loop invariant violation
   |
23 |     invariant l_h_secret != 0
   |                          ^^

houdafny.dfy(24,25): Error: this invariant could not be proved to be maintained by the loop
   |
24 |     invariant l_found_at == -1
   |                          ^^

houdafny.dfy(24,25): Related message: loop invariant violation
   |
24 |     invariant l_found_at == -1
   |                          ^^

houdafny.dfy(28,20): Error: this loop invariant could not be proved on entry
   |
28 |     invariant l_lst != l_h_secret
   |                     ^^

houdafny.dfy(28,20): Related message: loop invariant violation
   |
28 |     invariant l_lst != l_h_secret
   |                     ^^

houdafny.dfy(28,20): Error: this invariant could not be proved to be maintained by the loop
   |
28 |     invariant l_lst != l_h_secret
   |                     ^^

houdafny.dfy(28,20): Related message: loop invariant violation
   |
28 |     invariant l_lst != l_h_secret
   |                     ^^

houdafny.dfy(50,20): Error: this invariant could not be proved to be maintained by the loop
   |
50 |     invariant r_lst != 0
   |                     ^^

houdafny.dfy(50,20): Related message: loop invariant violation
   |
50 |     invariant r_lst != 0
   |                     ^^

houdafny.dfy(51,25): Error: this loop invariant could not be proved on entry
   |
51 |     invariant r_h_secret != 0
   |                          ^^

houdafny.dfy(51,25): Related message: loop invariant violation
   |
51 |     invariant r_h_secret != 0
   |                          ^^

houdafny.dfy(52,25): Error: this invariant could not be proved to be maintained by the loop
   |
52 |     invariant r_found_at == -1
   |                          ^^

houdafny.dfy(52,25): Related message: loop invariant violation
   |
52 |     invariant r_found_at == -1
   |                          ^^

houdafny.dfy(57,20): Error: this loop invariant could not be proved on entry
   |
57 |     invariant l_lst != r_lst
   |                     ^^

houdafny.dfy(57,20): Related message: loop invariant violation
   |
57 |     invariant l_lst != r_lst
   |                     ^^

houdafny.dfy(57,20): Error: this invariant could not be proved to be maintained by the loop
   |
57 |     invariant l_lst != r_lst
   |                     ^^

houdafny.dfy(57,20): Related message: loop invariant violation
   |
57 |     invariant l_lst != r_lst
   |                     ^^

houdafny.dfy(58,20): Error: this loop invariant could not be proved on entry
   |
58 |     invariant l_lst != r_h_secret
   |                     ^^

houdafny.dfy(58,20): Related message: loop invariant violation
   |
58 |     invariant l_lst != r_h_secret
   |                     ^^

houdafny.dfy(59,25): Error: this invariant could not be proved to be maintained by the loop
   |
59 |     invariant l_h_secret != r_lst
   |                          ^^

houdafny.dfy(59,25): Related message: loop invariant violation
   |
59 |     invariant l_h_secret != r_lst
   |                          ^^

houdafny.dfy(60,25): Error: this loop invariant could not be proved on entry
   |
60 |     invariant l_h_secret != r_h_secret
   |                          ^^

houdafny.dfy(60,25): Related message: loop invariant violation
   |
60 |     invariant l_h_secret != r_h_secret
   |                          ^^

houdafny.dfy(61,20): Error: this loop invariant could not be proved on entry
   |
61 |     invariant r_lst != r_h_secret
   |                     ^^

houdafny.dfy(61,20): Related message: loop invariant violation
   |
61 |     invariant r_lst != r_h_secret
   |                     ^^

houdafny.dfy(61,20): Error: this invariant could not be proved to be maintained by the loop
   |
61 |     invariant r_lst != r_h_secret
   |                     ^^

houdafny.dfy(61,20): Related message: loop invariant violation
   |
61 |     invariant r_lst != r_h_secret
   |                     ^^


Dafny program verifier finished with 0 verified, 16 errors

Writing Dafny to houdafny.dfy...
Done
Running Dafny verification...
houdafny.dfy(22,25): Error: this invariant could not be proved to be maintained by the loop
   |
22 |     invariant l_found_at <= -1
   |                          ^^

houdafny.dfy(22,25): Related message: loop invariant violation
   |
22 |     invariant l_found_at <= -1
   |                          ^^

houdafny.dfy(40,20): Error: this loop invariant could not be proved on entry
   |
40 |     invariant l_lst != 0
   |                     ^^

houdafny.dfy(40,20): Related message: loop invariant violation
   |
40 |     invariant l_lst != 0
   |                     ^^

houdafny.dfy(41,25): Error: this loop invariant could not be proved on entry
   |
41 |     invariant l_h_secret != 0
   |                          ^^

houdafny.dfy(41,25): Related message: loop invariant violation
   |
41 |     invariant l_h_secret != 0
   |                          ^^

houdafny.dfy(46,25): Error: this invariant could not be proved to be maintained by the loop
   |
46 |     invariant r_found_at <= -1
   |                          ^^

houdafny.dfy(46,25): Related message: loop invariant violation
   |
46 |     invariant r_found_at <= -1
   |                          ^^

houdafny.dfy(49,20): Error: this loop invariant could not be proved on entry
   |
49 |     invariant l_lst != l_h_secret
   |                     ^^

houdafny.dfy(49,20): Related message: loop invariant violation
   |
49 |     invariant l_lst != l_h_secret
   |                     ^^


Dafny program verifier finished with 0 verified, 5 errors

Writing Dafny to houdafny.dfy...
Done
Running Dafny verification...
houdafny.dfy(39,25): Error: this loop invariant could not be proved on entry
   |
39 |     invariant l_found_at == -1
   |                          ^^

houdafny.dfy(39,25): Related message: loop invariant violation
   |
39 |     invariant l_found_at == -1
   |                          ^^

houdafny.dfy(52,8): Error: assertion might not hold
   |
52 |   assert(l_found_at == r_found_at);
   |         ^^^^^^^^^^^^^^^^^^^^^^^^^^


Dafny program verifier finished with 0 verified, 2 errors

Writing Dafny to houdafny.dfy...
Done
Running Dafny verification...
houdafny.dfy(39,25): Error: this loop invariant could not be proved on entry
   |
39 |     invariant l_found_at <= -1
   |                          ^^

houdafny.dfy(39,25): Related message: loop invariant violation
   |
39 |     invariant l_found_at <= -1
   |                          ^^

houdafny.dfy(51,8): Error: assertion might not hold
   |
51 |   assert(l_found_at == r_found_at);
   |         ^^^^^^^^^^^^^^^^^^^^^^^^^^


Dafny program verifier finished with 0 verified, 2 errors

Writing Dafny to houdafny.dfy...
Done
Running Dafny verification...
houdafny.dfy(50,8): Error: assertion might not hold
   |
50 |   assert(l_found_at == r_found_at);
   |         ^^^^^^^^^^^^^^^^^^^^^^^^^^


Dafny program verifier finished with 0 verified, 1 error

Writing output to ./results/alignments/dafny/adt/unaligned/linked-list-ni-una.dfy...
Done

Per-Task Times (ms)
-------------------
align-none: 0
aligned-crel: 0
invars-daikon: 859
houdafny: 9240
aligned-output: 0
write-product: 0

KestRel completed in 10100ms
Verified: false

real	0m10.132s
user	0m10.923s
sys	0m0.514s
