Treating naive product as final alignment.
Writing Daikon to daikon_output.c...
Done
Compiling Daikon output...
Running Kvasir...
==27700== kvasir-5.8.18, C/C++ Language Front-End for Daikon with DynComp comparability analysis tool.
==27700== Copyright (C) 2007-2022, University of Washington CSE PLSE Group
==27700== Using Valgrind-3.19.0.Fjalar and LibVEX; rerun with -h for copyright info
==27700== Command: ./daikon_output
==27700== 
==27700== 
==27700== For lists of detected and suppressed errors, rerun with: -s
==27700== ERROR SUMMARY: 0 errors from 0 contexts (suppressed: 0 from 0)
Running Daikon...
Writing Dafny to houdafny.dfy...
Done
Running Dafny verification...
houdafny.dfy(21,42): Warning: For expression "(forall sll: int, dll: int :: !(r(sll, dll) == 1) || sll_val(sll) == dll_val(dll)) && forall sll: int, dll: int :: (forall sll: int, dll: int :: !(r(sll, dll) == 1) || sll_next(sll) == dll_next(dll)) && forall sll: int, dll: int :: forall sll: int, dll: int :: !(r(sll, dll) == 1) || sll_null(sll) == dll_null(dll)":
   /!\ No terms found to trigger on.
   |
21 |   assume((r(l_lst_in, r_lst_in) == 1) && (forall sll: int, dll: int :: ((!(r(sll, dll) == 1)) || (r(sll_next(sll), dll_next(dll)) == 1)) && (forall sll: int, dll: int :: ((!(r(sll, dll) == 1)) || (sll_val(sll) == dll_val(dll))) && (forall sll: int, dll: int :: ((!(r(sll, dll) == 1)) || (sll_next(sll) == dll_next(dll))) && forall sll: int, dll: int :: ((!(r(sll, dll) == 1)) || (sll_null(sll) == dll_null(dll)))))));
   |                                           ^^^^^^

houdafny.dfy(25,4): Error: cannot prove termination; try supplying a decreases clause for the loop
   |
25 |     while (sll_null(l_lst) == 0) {
   |     ^^^^^


Dafny program verifier finished with 0 verified, 1 error

Writing output to ./results/alignments/dafny/adt/unaligned/list-length-una.dfy...
Done

Per-Task Times (ms)
-------------------
align-none: 0
aligned-crel: 0
invars-daikon: 822
houdafny: 2917
aligned-output: 0
write-product: 0

KestRel completed in 3741ms
Verified: false

real	0m3.776s
user	0m3.431s
sys	0m0.145s
