Treating naive product as final alignment.
Writing Daikon to daikon_output.c...
Done
Compiling Daikon output...
Running Kvasir...
==27526== kvasir-5.8.18, C/C++ Language Front-End for Daikon with DynComp comparability analysis tool.
==27526== Copyright (C) 2007-2022, University of Washington CSE PLSE Group
==27526== Using Valgrind-3.19.0.Fjalar and LibVEX; rerun with -h for copyright info
==27526== Command: ./daikon_output
==27526== 
==27526== 
==27526== For lists of detected and suppressed errors, rerun with: -s
==27526== ERROR SUMMARY: 0 errors from 0 contexts (suppressed: 0 from 0)
Running Daikon...
Writing Dafny to houdafny.dfy...
Done
Running Dafny verification...
houdafny.dfy(23,21): Error: this loop invariant could not be proved on entry
   |
23 |     invariant l_list != 0
   |                      ^^

houdafny.dfy(23,21): Related message: loop invariant violation
   |
23 |     invariant l_list != 0
   |                      ^^

houdafny.dfy(23,21): Error: this invariant could not be proved to be maintained by the loop
   |
23 |     invariant l_list != 0
   |                      ^^

houdafny.dfy(23,21): Related message: loop invariant violation
   |
23 |     invariant l_list != 0
   |                      ^^

houdafny.dfy(34,20): Error: this loop invariant could not be proved on entry
   |
34 |     invariant l_sum != 0
   |                     ^^

houdafny.dfy(34,20): Related message: loop invariant violation
   |
34 |     invariant l_sum != 0
   |                     ^^

houdafny.dfy(36,18): Error: this loop invariant could not be proved on entry
   |
36 |     invariant l_i != 0
   |                   ^^

houdafny.dfy(36,18): Related message: loop invariant violation
   |
36 |     invariant l_i != 0
   |                   ^^

houdafny.dfy(38,20): Error: this loop invariant could not be proved on entry
   |
38 |     invariant l_sum != l_list
   |                     ^^

houdafny.dfy(38,20): Related message: loop invariant violation
   |
38 |     invariant l_sum != l_list
   |                     ^^

houdafny.dfy(39,18): Error: this invariant could not be proved to be maintained by the loop
   |
39 |     invariant l_i != r_sum
   |                   ^^

houdafny.dfy(39,18): Related message: loop invariant violation
   |
39 |     invariant l_i != r_sum
   |                   ^^

houdafny.dfy(40,18): Error: this invariant could not be proved to be maintained by the loop
   |
40 |     invariant l_i > r_i
   |                   ^

houdafny.dfy(40,18): Related message: loop invariant violation
   |
40 |     invariant l_i > r_i
   |                   ^

houdafny.dfy(45,8): Error: assertion might not hold
   |
45 |   assert(l_sum == r_sum);
   |         ^^^^^^^^^^^^^^^^


Dafny program verifier finished with 0 verified, 8 errors

Writing Dafny to houdafny.dfy...
Done
Running Dafny verification...
houdafny.dfy(33,21): Error: this loop invariant could not be proved on entry
   |
33 |     invariant l_list != 0
   |                      ^^

houdafny.dfy(33,21): Related message: loop invariant violation
   |
33 |     invariant l_list != 0
   |                      ^^

houdafny.dfy(39,8): Error: assertion might not hold
   |
39 |   assert(l_sum == r_sum);
   |         ^^^^^^^^^^^^^^^^


Dafny program verifier finished with 0 verified, 2 errors

Writing Dafny to houdafny.dfy...
Done
Running Dafny verification...
houdafny.dfy(38,8): Error: assertion might not hold
   |
38 |   assert(l_sum == r_sum);
   |         ^^^^^^^^^^^^^^^^


Dafny program verifier finished with 0 verified, 1 error

Writing output to ./results/alignments/dafny/adt/unaligned/list-array-sum-una.dfy...
Done

Per-Task Times (ms)
-------------------
align-none: 0
aligned-crel: 0
invars-daikon: 1101
houdafny: 5594
aligned-output: 0
write-product: 0

KestRel completed in 6696ms
Verified: false

real	0m6.728s
user	0m8.120s
sys	0m0.336s
