Treating naive product as final alignment.
Writing Daikon to daikon_output.c...
Done
Compiling Daikon output...
Running Kvasir...
==27797== kvasir-5.8.18, C/C++ Language Front-End for Daikon with DynComp comparability analysis tool.
==27797== Copyright (C) 2007-2022, University of Washington CSE PLSE Group
==27797== Using Valgrind-3.19.0.Fjalar and LibVEX; rerun with -h for copyright info
==27797== Command: ./daikon_output
==27797== 
==27797== 
==27797== For lists of detected and suppressed errors, rerun with: -s
==27797== ERROR SUMMARY: 0 errors from 0 contexts (suppressed: 0 from 0)
Running Daikon...
Writing Dafny to houdafny.dfy...
Done
Running Dafny verification...
houdafny.dfy(19,25): Error: this loop invariant could not be proved on entry
   |
19 |     invariant l_payments != 0
   |                          ^^

houdafny.dfy(19,25): Related message: loop invariant violation
   |
19 |     invariant l_payments != 0
   |                          ^^

houdafny.dfy(19,25): Error: this invariant could not be proved to be maintained by the loop
   |
19 |     invariant l_payments != 0
   |                          ^^

houdafny.dfy(19,25): Related message: loop invariant violation
   |
19 |     invariant l_payments != 0
   |                          ^^

houdafny.dfy(20,20): Error: this loop invariant could not be proved on entry
   |
20 |     invariant l_ids != 0
   |                     ^^

houdafny.dfy(20,20): Related message: loop invariant violation
   |
20 |     invariant l_ids != 0
   |                     ^^

houdafny.dfy(21,25): Error: this loop invariant could not be proved on entry
   |
21 |     invariant l_salaries != 0
   |                          ^^

houdafny.dfy(21,25): Related message: loop invariant violation
   |
21 |     invariant l_salaries != 0
   |                          ^^

houdafny.dfy(22,28): Error: this loop invariant could not be proved on entry
   |
22 |     invariant l_num_updates != 0
   |                             ^^

houdafny.dfy(22,28): Related message: loop invariant violation
   |
22 |     invariant l_num_updates != 0
   |                             ^^

houdafny.dfy(23,28): Error: this loop invariant could not be proved on entry
   |
23 |     invariant l_num_updates >= 2
   |                             ^^

houdafny.dfy(23,28): Related message: loop invariant violation
   |
23 |     invariant l_num_updates >= 2
   |                             ^^

houdafny.dfy(25,25): Error: this loop invariant could not be proved on entry
   |
25 |     invariant l_payments != l_ids
   |                          ^^

houdafny.dfy(25,25): Related message: loop invariant violation
   |
25 |     invariant l_payments != l_ids
   |                          ^^

houdafny.dfy(25,25): Error: this invariant could not be proved to be maintained by the loop
   |
25 |     invariant l_payments != l_ids
   |                          ^^

houdafny.dfy(25,25): Related message: loop invariant violation
   |
25 |     invariant l_payments != l_ids
   |                          ^^

houdafny.dfy(26,25): Error: this loop invariant could not be proved on entry
   |
26 |     invariant l_payments != l_salaries
   |                          ^^

houdafny.dfy(26,25): Related message: loop invariant violation
   |
26 |     invariant l_payments != l_salaries
   |                          ^^

houdafny.dfy(26,25): Error: this invariant could not be proved to be maintained by the loop
   |
26 |     invariant l_payments != l_salaries
   |                          ^^

houdafny.dfy(26,25): Related message: loop invariant violation
   |
26 |     invariant l_payments != l_salaries
   |                          ^^

houdafny.dfy(27,25): Error: this loop invariant could not be proved on entry
   |
27 |     invariant l_payments != l_num_updates
   |                          ^^

houdafny.dfy(27,25): Related message: loop invariant violation
   |
27 |     invariant l_payments != l_num_updates
   |                          ^^

houdafny.dfy(27,25): Error: this invariant could not be proved to be maintained by the loop
   |
27 |     invariant l_payments != l_num_updates
   |                          ^^

houdafny.dfy(27,25): Related message: loop invariant violation
   |
27 |     invariant l_payments != l_num_updates
   |                          ^^

houdafny.dfy(28,25): Error: this invariant could not be proved to be maintained by the loop
   |
28 |     invariant l_payments != l_i
   |                          ^^

houdafny.dfy(28,25): Related message: loop invariant violation
   |
28 |     invariant l_payments != l_i
   |                          ^^

houdafny.dfy(29,20): Error: this loop invariant could not be proved on entry
   |
29 |     invariant l_ids != l_salaries
   |                     ^^

houdafny.dfy(29,20): Related message: loop invariant violation
   |
29 |     invariant l_ids != l_salaries
   |                     ^^

houdafny.dfy(30,20): Error: this loop invariant could not be proved on entry
   |
30 |     invariant l_ids != l_num_updates
   |                     ^^

houdafny.dfy(30,20): Related message: loop invariant violation
   |
30 |     invariant l_ids != l_num_updates
   |                     ^^

houdafny.dfy(31,20): Error: this invariant could not be proved to be maintained by the loop
   |
31 |     invariant l_ids != l_i
   |                     ^^

houdafny.dfy(31,20): Related message: loop invariant violation
   |
31 |     invariant l_ids != l_i
   |                     ^^

houdafny.dfy(32,25): Error: this loop invariant could not be proved on entry
   |
32 |     invariant l_salaries != l_num_updates
   |                          ^^

houdafny.dfy(32,25): Related message: loop invariant violation
   |
32 |     invariant l_salaries != l_num_updates
   |                          ^^

houdafny.dfy(33,25): Error: this invariant could not be proved to be maintained by the loop
   |
33 |     invariant l_salaries != l_i
   |                          ^^

houdafny.dfy(33,25): Related message: loop invariant violation
   |
33 |     invariant l_salaries != l_i
   |                          ^^

houdafny.dfy(34,28): Error: this invariant could not be proved to be maintained by the loop
   |
34 |     invariant l_num_updates > l_i
   |                             ^

houdafny.dfy(34,28): Related message: loop invariant violation
   |
34 |     invariant l_num_updates > l_i
   |                             ^


Dafny program verifier finished with 0 verified, 19 errors

Writing Dafny to houdafny.dfy...
Done
Running Dafny verification...
houdafny.dfy(41,28): Error: this loop invariant could not be proved on entry
   |
41 |     invariant l_num_updates == l_i
   |                             ^^

houdafny.dfy(41,28): Related message: loop invariant violation
   |
41 |     invariant l_num_updates == l_i
   |                             ^^

houdafny.dfy(47,25): Error: this loop invariant could not be proved on entry
   |
47 |     invariant l_payments != 0
   |                          ^^

houdafny.dfy(47,25): Related message: loop invariant violation
   |
47 |     invariant l_payments != 0
   |                          ^^

houdafny.dfy(48,20): Error: this loop invariant could not be proved on entry
   |
48 |     invariant l_ids != 0
   |                     ^^

houdafny.dfy(48,20): Related message: loop invariant violation
   |
48 |     invariant l_ids != 0
   |                     ^^

houdafny.dfy(49,25): Error: this loop invariant could not be proved on entry
   |
49 |     invariant l_salaries != 0
   |                          ^^

houdafny.dfy(49,25): Related message: loop invariant violation
   |
49 |     invariant l_salaries != 0
   |                          ^^

houdafny.dfy(50,28): Error: this loop invariant could not be proved on entry
   |
50 |     invariant l_num_updates != 0
   |                             ^^

houdafny.dfy(50,28): Related message: loop invariant violation
   |
50 |     invariant l_num_updates != 0
   |                             ^^

houdafny.dfy(51,28): Error: this loop invariant could not be proved on entry
   |
51 |     invariant l_num_updates >= 2
   |                             ^^

houdafny.dfy(51,28): Related message: loop invariant violation
   |
51 |     invariant l_num_updates >= 2
   |                             ^^

houdafny.dfy(52,25): Error: this loop invariant could not be proved on entry
   |
52 |     invariant r_payments != 0
   |                          ^^

houdafny.dfy(52,25): Related message: loop invariant violation
   |
52 |     invariant r_payments != 0
   |                          ^^

houdafny.dfy(52,25): Error: this invariant could not be proved to be maintained by the loop
   |
52 |     invariant r_payments != 0
   |                          ^^

houdafny.dfy(52,25): Related message: loop invariant violation
   |
52 |     invariant r_payments != 0
   |                          ^^

houdafny.dfy(53,22): Error: this loop invariant could not be proved on entry
   |
53 |     invariant r_bonus == 2653
   |                       ^^

houdafny.dfy(53,22): Related message: loop invariant violation
   |
53 |     invariant r_bonus == 2653
   |                       ^^

houdafny.dfy(57,25): Error: this loop invariant could not be proved on entry
   |
57 |     invariant l_payments != l_ids
   |                          ^^

houdafny.dfy(57,25): Related message: loop invariant violation
   |
57 |     invariant l_payments != l_ids
   |                          ^^

houdafny.dfy(58,25): Error: this loop invariant could not be proved on entry
   |
58 |     invariant l_payments != l_salaries
   |                          ^^

houdafny.dfy(58,25): Related message: loop invariant violation
   |
58 |     invariant l_payments != l_salaries
   |                          ^^

houdafny.dfy(59,25): Error: this loop invariant could not be proved on entry
   |
59 |     invariant l_payments != l_num_updates
   |                          ^^

houdafny.dfy(59,25): Related message: loop invariant violation
   |
59 |     invariant l_payments != l_num_updates
   |                          ^^

houdafny.dfy(60,25): Error: this loop invariant could not be proved on entry
   |
60 |     invariant l_payments != r_payments
   |                          ^^

houdafny.dfy(60,25): Related message: loop invariant violation
   |
60 |     invariant l_payments != r_payments
   |                          ^^

houdafny.dfy(60,25): Error: this invariant could not be proved to be maintained by the loop
   |
60 |     invariant l_payments != r_payments
   |                          ^^

houdafny.dfy(60,25): Related message: loop invariant violation
   |
60 |     invariant l_payments != r_payments
   |                          ^^

houdafny.dfy(61,25): Error: this loop invariant could not be proved on entry
   |
61 |     invariant l_payments != r_bonus
   |                          ^^

houdafny.dfy(61,25): Related message: loop invariant violation
   |
61 |     invariant l_payments != r_bonus
   |                          ^^

houdafny.dfy(62,25): Error: this invariant could not be proved to be maintained by the loop
   |
62 |     invariant l_payments != r_i
   |                          ^^

houdafny.dfy(62,25): Related message: loop invariant violation
   |
62 |     invariant l_payments != r_i
   |                          ^^

houdafny.dfy(63,20): Error: this loop invariant could not be proved on entry
   |
63 |     invariant l_ids != l_salaries
   |                     ^^

houdafny.dfy(63,20): Related message: loop invariant violation
   |
63 |     invariant l_ids != l_salaries
   |                     ^^

houdafny.dfy(64,20): Error: this loop invariant could not be proved on entry
   |
64 |     invariant l_ids != l_num_updates
   |                     ^^

houdafny.dfy(64,20): Related message: loop invariant violation
   |
64 |     invariant l_ids != l_num_updates
   |                     ^^

houdafny.dfy(65,20): Error: this loop invariant could not be proved on entry
   |
65 |     invariant l_ids != r_payments
   |                     ^^

houdafny.dfy(65,20): Related message: loop invariant violation
   |
65 |     invariant l_ids != r_payments
   |                     ^^

houdafny.dfy(65,20): Error: this invariant could not be proved to be maintained by the loop
   |
65 |     invariant l_ids != r_payments
   |                     ^^

houdafny.dfy(65,20): Related message: loop invariant violation
   |
65 |     invariant l_ids != r_payments
   |                     ^^

houdafny.dfy(66,20): Error: this loop invariant could not be proved on entry
   |
66 |     invariant l_ids != r_bonus
   |                     ^^

houdafny.dfy(66,20): Related message: loop invariant violation
   |
66 |     invariant l_ids != r_bonus
   |                     ^^

houdafny.dfy(67,20): Error: this invariant could not be proved to be maintained by the loop
   |
67 |     invariant l_ids != r_i
   |                     ^^

houdafny.dfy(67,20): Related message: loop invariant violation
   |
67 |     invariant l_ids != r_i
   |                     ^^

houdafny.dfy(68,25): Error: this loop invariant could not be proved on entry
   |
68 |     invariant l_salaries != l_num_updates
   |                          ^^

houdafny.dfy(68,25): Related message: loop invariant violation
   |
68 |     invariant l_salaries != l_num_updates
   |                          ^^

houdafny.dfy(69,25): Error: this loop invariant could not be proved on entry
   |
69 |     invariant l_salaries != r_payments
   |                          ^^

houdafny.dfy(69,25): Related message: loop invariant violation
   |
69 |     invariant l_salaries != r_payments
   |                          ^^

houdafny.dfy(69,25): Error: this invariant could not be proved to be maintained by the loop
   |
69 |     invariant l_salaries != r_payments
   |                          ^^

houdafny.dfy(69,25): Related message: loop invariant violation
   |
69 |     invariant l_salaries != r_payments
   |                          ^^

houdafny.dfy(70,25): Error: this loop invariant could not be proved on entry
   |
70 |     invariant l_salaries != r_bonus
   |                          ^^

houdafny.dfy(70,25): Related message: loop invariant violation
   |
70 |     invariant l_salaries != r_bonus
   |                          ^^

houdafny.dfy(71,25): Error: this invariant could not be proved to be maintained by the loop
   |
71 |     invariant l_salaries != r_i
   |                          ^^

houdafny.dfy(71,25): Related message: loop invariant violation
   |
71 |     invariant l_salaries != r_i
   |                          ^^

houdafny.dfy(72,28): Error: this loop invariant could not be proved on entry
   |
72 |     invariant l_num_updates != r_payments
   |                             ^^

houdafny.dfy(72,28): Related message: loop invariant violation
   |
72 |     invariant l_num_updates != r_payments
   |                             ^^

houdafny.dfy(72,28): Error: this invariant could not be proved to be maintained by the loop
   |
72 |     invariant l_num_updates != r_payments
   |                             ^^

houdafny.dfy(72,28): Related message: loop invariant violation
   |
72 |     invariant l_num_updates != r_payments
   |                             ^^

houdafny.dfy(73,28): Error: this loop invariant could not be proved on entry
   |
73 |     invariant l_num_updates < r_bonus
   |                             ^

houdafny.dfy(73,28): Related message: loop invariant violation
   |
73 |     invariant l_num_updates < r_bonus
   |                             ^

houdafny.dfy(74,28): Error: this invariant could not be proved to be maintained by the loop
   |
74 |     invariant l_num_updates > r_i
   |                             ^

houdafny.dfy(74,28): Related message: loop invariant violation
   |
74 |     invariant l_num_updates > r_i
   |                             ^

houdafny.dfy(75,25): Error: this loop invariant could not be proved on entry
   |
75 |     invariant r_payments != r_bonus
   |                          ^^

houdafny.dfy(75,25): Related message: loop invariant violation
   |
75 |     invariant r_payments != r_bonus
   |                          ^^

houdafny.dfy(75,25): Error: this invariant could not be proved to be maintained by the loop
   |
75 |     invariant r_payments != r_bonus
   |                          ^^

houdafny.dfy(75,25): Related message: loop invariant violation
   |
75 |     invariant r_payments != r_bonus
   |                          ^^

houdafny.dfy(76,25): Error: this invariant could not be proved to be maintained by the loop
   |
76 |     invariant r_payments != r_i
   |                          ^^

houdafny.dfy(76,25): Related message: loop invariant violation
   |
76 |     invariant r_payments != r_i
   |                          ^^


Dafny program verifier finished with 0 verified, 34 errors

Writing Dafny to houdafny.dfy...
Done
Running Dafny verification...
houdafny.dfy(42,28): Error: this loop invariant could not be proved on entry
   |
42 |     invariant l_num_updates >= l_i
   |                             ^^

houdafny.dfy(42,28): Related message: loop invariant violation
   |
42 |     invariant l_num_updates >= l_i
   |                             ^^

houdafny.dfy(46,22): Error: this loop invariant could not be proved on entry
   |
46 |     invariant r_bonus <= 2653
   |                       ^^

houdafny.dfy(46,22): Related message: loop invariant violation
   |
46 |     invariant r_bonus <= 2653
   |                       ^^

houdafny.dfy(47,22): Error: this loop invariant could not be proved on entry
   |
47 |     invariant r_bonus >= 2653
   |                       ^^

houdafny.dfy(47,22): Related message: loop invariant violation
   |
47 |     invariant r_bonus >= 2653
   |                       ^^

houdafny.dfy(49,22): Error: this invariant could not be proved to be maintained by the loop
   |
49 |     invariant r_bonus > r_i
   |                       ^

houdafny.dfy(49,22): Related message: loop invariant violation
   |
49 |     invariant r_bonus > r_i
   |                       ^

houdafny.dfy(56,8): Error: assertion might not hold
   |
56 |   assert(l_payments == r_payments);
   |         ^^^^^^^^^^^^^^^^^^^^^^^^^^


Dafny program verifier finished with 0 verified, 5 errors

Writing Dafny to houdafny.dfy...
Done
Running Dafny verification...
houdafny.dfy(52,8): Error: assertion might not hold
   |
52 |   assert(l_payments == r_payments);
   |         ^^^^^^^^^^^^^^^^^^^^^^^^^^


Dafny program verifier finished with 0 verified, 1 error

Writing output to ./results/alignments/dafny/adt/unaligned/payments-una.dfy...
Done

Per-Task Times (ms)
-------------------
align-none: 0
aligned-crel: 0
invars-daikon: 1395
houdafny: 7191
aligned-output: 0
write-product: 0

KestRel completed in 8587ms
Verified: false

real	0m8.608s
user	0m10.263s
sys	0m0.613s
