Computed alignment by local loop counting.
Writing Daikon to daikon_output.c...
Done
Compiling Daikon output...
Running Kvasir...
==57464== kvasir-5.8.18, C/C++ Language Front-End for Daikon with DynComp comparability analysis tool.
==57464== Copyright (C) 2007-2022, University of Washington CSE PLSE Group
==57464== Using Valgrind-3.19.0.Fjalar and LibVEX; rerun with -h for copyright info
==57464== Command: ./daikon_output
==57464== 
==57464== 
==57464== For lists of detected and suppressed errors, rerun with: -s
==57464== ERROR SUMMARY: 0 errors from 0 contexts (suppressed: 0 from 0)
Running Daikon...
Writing Dafny to houdafny.dfy...
Done
Running Dafny verification...

Dafny program verifier finished with 1 verified, 0 errors

Writing output to ./results/alignments/dafny/sousa/count-loops/col_item-cou.dfy...
Done

Per-Task Times (ms)
-------------------
align-count-loops: 6
aligned-crel: 0
invars-daikon: 803
houdafny: 1832
aligned-output: 0
write-product: 0

KestRel completed in 2643ms
Verified: true

real	0m2.665s
user	0m3.253s
sys	0m0.202s
