Computed alignment by local loop counting.
Writing Daikon to daikon_output.c...
Done
Compiling Daikon output...
Running Kvasir...
==57689== kvasir-5.8.18, C/C++ Language Front-End for Daikon with DynComp comparability analysis tool.
==57689== Copyright (C) 2007-2022, University of Washington CSE PLSE Group
==57689== Using Valgrind-3.19.0.Fjalar and LibVEX; rerun with -h for copyright info
==57689== Command: ./daikon_output
==57689== 
==57689== 
==57689== For lists of detected and suppressed errors, rerun with: -s
==57689== ERROR SUMMARY: 0 errors from 0 contexts (suppressed: 0 from 0)
Running Daikon...
Writing Dafny to houdafny.dfy...
Done
Running Dafny verification...

Dafny program verifier finished with 1 verified, 0 errors

Writing output to ./results/alignments/dafny/sousa/count-loops/file-item-cou.dfy...
Done

Per-Task Times (ms)
-------------------
align-count-loops: 17
aligned-crel: 0
invars-daikon: 801
houdafny: 1629
aligned-output: 0
write-product: 0

KestRel completed in 2450ms
Verified: true

real	0m2.470s
user	0m3.082s
sys	0m0.192s
