Computed alignment by local loop counting.
Writing Daikon to daikon_output.c...
Done
Compiling Daikon output...
Running Kvasir...
==57772== kvasir-5.8.18, C/C++ Language Front-End for Daikon with DynComp comparability analysis tool.
==57772== Copyright (C) 2007-2022, University of Washington CSE PLSE Group
==57772== Using Valgrind-3.19.0.Fjalar and LibVEX; rerun with -h for copyright info
==57772== Command: ./daikon_output
==57772== 
==57772== 
==57772== For lists of detected and suppressed errors, rerun with: -s
==57772== ERROR SUMMARY: 0 errors from 0 contexts (suppressed: 0 from 0)
Running Daikon...
Writing Dafny to houdafny.dfy...
Done
Running Dafny verification...

Dafny program verifier finished with 1 verified, 0 errors

Writing output to ./results/alignments/dafny/sousa/count-loops/match-cou.dfy...
Done

Per-Task Times (ms)
-------------------
align-count-loops: 2
aligned-crel: 0
invars-daikon: 772
houdafny: 1658
aligned-output: 0
write-product: 0

KestRel completed in 2434ms
Verified: true

real	0m2.454s
user	0m3.138s
sys	0m0.141s
