Computed alignment by local loop counting.
Writing Daikon to daikon_output.c...
Done
Compiling Daikon output...
Running Kvasir...
==57856== kvasir-5.8.18, C/C++ Language Front-End for Daikon with DynComp comparability analysis tool.
==57856== Copyright (C) 2007-2022, University of Washington CSE PLSE Group
==57856== Using Valgrind-3.19.0.Fjalar and LibVEX; rerun with -h for copyright info
==57856== Command: ./daikon_output
==57856== 
==57856== 
==57856== For lists of detected and suppressed errors, rerun with: -s
==57856== ERROR SUMMARY: 0 errors from 0 contexts (suppressed: 0 from 0)
Running Daikon...
Writing Dafny to houdafny.dfy...
Done
Running Dafny verification...

Dafny program verifier finished with 1 verified, 0 errors

Writing output to ./results/alignments/dafny/sousa/count-loops/node-cou.dfy...
Done

Per-Task Times (ms)
-------------------
align-count-loops: 9
aligned-crel: 0
invars-daikon: 725
houdafny: 1700
aligned-output: 0
write-product: 0

KestRel completed in 2436ms
Verified: true

real	0m2.457s
user	0m3.081s
sys	0m0.166s
