
Beginning Iteration
-------------------
add_unrolls: false
depth: 1
cost function: optimize_structure
Computed alignment by local loop counting.
  UNSATISFIABLE ASSERTION Assert at sketch.sk:125 (2)

*** Rejected
    [0;31m[1751747761.9100 - ERROR] [SKETCH] Sketch Not Resolved Error:   UNSATISFIABLE ASSERTION Assert at sketch.sk:125 (2)

*** Rejected
The sketch could not be resolved.[0m
    [0;32m[1751747761.9170 - DEBUG] [SKETCH] stack trace written to file: /home/rob/.sketch/tmp/stacktrace.txt[0m
    [0;32m[1751747761.9171 - DEBUG] Backend solver input file at /home/rob/.sketch/tmp/sketch.sk/input0.tmp[0m
Failed to solve sketch.

Beginning Iteration
-------------------
add_unrolls: false
depth: 1
cost function: optimize_choice
Computed alignment by local loop counting.
  UNSATISFIABLE ASSERTION Assert at sketch.sk:125 (2)

*** Rejected
    [0;31m[1751747763.2690 - ERROR] [SKETCH] Sketch Not Resolved Error:   UNSATISFIABLE ASSERTION Assert at sketch.sk:125 (2)

*** Rejected
The sketch could not be resolved.[0m
    [0;32m[1751747763.2760 - DEBUG] [SKETCH] stack trace written to file: /home/rob/.sketch/tmp/stacktrace.txt[0m
    [0;32m[1751747763.2761 - DEBUG] Backend solver input file at /home/rob/.sketch/tmp/sketch.sk/input0.tmp[0m
Failed to solve sketch.

Beginning Iteration
-------------------
add_unrolls: true
depth: 1
cost function: optimize_structure
Computed alignment by local loop counting.
Skipping loop unroll for program without loops.

Beginning Iteration
-------------------
add_unrolls: true
depth: 1
cost function: optimize_choice
Computed alignment by local loop counting.
Skipping loop unroll for program without loops.

Beginning Iteration
-------------------
add_unrolls: false
depth: 2
cost function: optimize_structure
Computed alignment by local loop counting.
Writing Daikon to /home/rob/code/kestrel/.kestrel-work/daikon_output.c...
Done
Compiling Daikon output...
Running Kvasir...
==220071== kvasir-5.8.18, C/C++ Language Front-End for Daikon with DynComp comparability analysis tool.
==220071== Copyright (C) 2007-2022, University of Washington CSE PLSE Group
==220071== Using Valgrind-3.19.0.Fjalar and LibVEX; rerun with -h for copyright info
==220071== Command: /home/rob/code/kestrel/.kestrel-work/daikon_output
==220071== 
==220072== 
==220072== For lists of detected and suppressed errors, rerun with: -s
==220072== ERROR SUMMARY: 0 errors from 0 contexts (suppressed: 0 from 0)
==220073== 
==220073== For lists of detected and suppressed errors, rerun with: -s
==220073== ERROR SUMMARY: 0 errors from 0 contexts (suppressed: 0 from 0)
==220074== 
==220074== For lists of detected and suppressed errors, rerun with: -s
==220074== ERROR SUMMARY: 0 errors from 0 contexts (suppressed: 0 from 0)
==220075== 
==220075== For lists of detected and suppressed errors, rerun with: -s
==220075== ERROR SUMMARY: 0 errors from 0 contexts (suppressed: 0 from 0)
==220076== 
==220076== For lists of detected and suppressed errors, rerun with: -s
==220076== ERROR SUMMARY: 0 errors from 0 contexts (suppressed: 0 from 0)
==220077== 
==220077== For lists of detected and suppressed errors, rerun with: -s
==220077== ERROR SUMMARY: 0 errors from 0 contexts (suppressed: 0 from 0)
==220078== 
==220078== For lists of detected and suppressed errors, rerun with: -s
==220078== ERROR SUMMARY: 0 errors from 0 contexts (suppressed: 0 from 0)
==220079== 
==220079== For lists of detected and suppressed errors, rerun with: -s
==220079== ERROR SUMMARY: 0 errors from 0 contexts (suppressed: 0 from 0)
==220080== 
==220080== For lists of detected and suppressed errors, rerun with: -s
==220080== ERROR SUMMARY: 0 errors from 0 contexts (suppressed: 0 from 0)
==220087== 
==220087== For lists of detected and suppressed errors, rerun with: -s
==220087== ERROR SUMMARY: 0 errors from 0 contexts (suppressed: 0 from 0)
==220088== 
==220088== For lists of detected and suppressed errors, rerun with: -s
==220088== ERROR SUMMARY: 0 errors from 0 contexts (suppressed: 0 from 0)
==220089== 
==220089== For lists of detected and suppressed errors, rerun with: -s
==220089== ERROR SUMMARY: 0 errors from 0 contexts (suppressed: 0 from 0)
==220090== 
==220090== For lists of detected and suppressed errors, rerun with: -s
==220090== ERROR SUMMARY: 0 errors from 0 contexts (suppressed: 0 from 0)
==220091== 
==220091== For lists of detected and suppressed errors, rerun with: -s
==220091== ERROR SUMMARY: 0 errors from 0 contexts (suppressed: 0 from 0)
==220092== 
==220092== For lists of detected and suppressed errors, rerun with: -s
==220092== ERROR SUMMARY: 0 errors from 0 contexts (suppressed: 0 from 0)
==220093== 
==220093== For lists of detected and suppressed errors, rerun with: -s
==220093== ERROR SUMMARY: 0 errors from 0 contexts (suppressed: 0 from 0)
==220094== 
==220094== For lists of detected and suppressed errors, rerun with: -s
==220094== ERROR SUMMARY: 0 errors from 0 contexts (suppressed: 0 from 0)
==220095== 
==220095== For lists of detected and suppressed errors, rerun with: -s
==220095== ERROR SUMMARY: 0 errors from 0 contexts (suppressed: 0 from 0)
==220096== 
==220096== For lists of detected and suppressed errors, rerun with: -s
==220096== ERROR SUMMARY: 0 errors from 0 contexts (suppressed: 0 from 0)
==220097== 
==220097== For lists of detected and suppressed errors, rerun with: -s
==220097== ERROR SUMMARY: 0 errors from 0 contexts (suppressed: 0 from 0)
==220071== 
==220071== For lists of detected and suppressed errors, rerun with: -s
==220071== ERROR SUMMARY: 0 errors from 0 contexts (suppressed: 0 from 0)
Running Daikon...
houdafny.dfy(19,2): Warning: assume statement has no {:axiom} annotation
   |
19 |   assume (l_l == r_l) && ((l_l >= 0) && (l_h > l_l));
   |   ^^^^^^^^^^^^^^^^^^^^^^^^^^^^^^^^^^^^^^^^^^^^^^^^^^^

houdafny.dfy(28,2): Warning: assume statement has no {:axiom} annotation
   |
28 |   assume l_a1 >= 0;
   |   ^^^^^^^^^^^^^^^^^

houdafny.dfy(31,2): Warning: assume statement has no {:axiom} annotation
   |
31 |   assume l_a2 >= 0;
   |   ^^^^^^^^^^^^^^^^^


Dafny program verifier finished with 1 verified, 0 errors


Aligned Product Program
-----------------------

function any(): int

function havoc_1(r_l: int, l_l: int, r_h: int, l_h: int, l_x: int, l_o: int): int

function havoc_2(r_l: int, l_l: int, l_a1: int, r_h: int, l_h: int, l_x: int, l_o: int): int

function choice_n_4(r_l: int, r_o: int, l_l: int, l_a2: int, r_x: int, l_a1: int, r_h: int, l_h: int, l_x: int, l_o: int): int {
  l_a1 + l_l
 }

function choice_n_3(r_l: int, r_o: int, l_l: int, l_a2: int, r_x: int, l_a1: int, r_h: int, l_h: int, l_x: int, l_o: int): int {
  l_a1
 }

method Product(l_l: int, l_h: int, r_l: int, r_h: int)
  decreases *
{
  assume (l_l == r_l) && ((l_l >= 0) && (l_h > l_l));
  var l_a1: int;
  var l_a2: int;
  var l_x: int;
  l_x := 0;
  var l_o: int;
  l_o := 0;
  assert true;
  l_a1 := havoc_1(r_l, l_l, r_h, l_h, l_x, l_o);
  assume l_a1 >= 0;
  assert true;
  l_a2 := havoc_2(r_l, l_l, l_a1, r_h, l_h, l_x, l_o);
  assume l_a2 >= 0;
  var r_a1: int;
  var r_a2: int;
  var r_x: int;
  r_x := 0;
  var r_o: int;
  r_o := 0;
  var n_3: int := choice_n_3(r_l, r_o, l_l, l_a2, r_x, l_a1, r_h, l_h, l_x, l_o);
  assert n_3 >= 0;
  r_a1 := n_3;
  var n_4: int := choice_n_4(r_l, r_o, l_l, l_a2, r_x, l_a1, r_h, l_h, l_x, l_o);
  assert n_4 >= 0;
  r_a2 := n_4;
  if ((l_h > l_l) && (r_h > r_l)) {
    l_o := (l_l + l_a1);
    r_o := (r_l + r_a1);
  } else {
    if ((l_h > l_l) && (!(r_h > r_l))) {
      l_o := (l_l + l_a1);
      r_x := r_a2;
      if (r_x > r_l) {
        r_o := r_x;
      } else {
        r_o := r_l;
      }
    } else {
      if ((!(l_h > l_l)) && (r_h > r_l)) {
        l_x := l_a2;
        if (l_x > l_l) {
          l_o := l_x;
        } else {
          l_o := l_l;
        }
        r_o := (r_l + r_a1);
      } else {
        l_x := l_a2;
        r_x := r_a2;
        if ((l_x > l_l) && (r_x > r_l)) {
          l_o := l_x;
          r_o := r_x;
        } else {
          if ((l_x > l_l) && (!(r_x > r_l))) {
            l_o := l_x;
            r_o := r_l;
          } else {
            if ((!(l_x > l_l)) && (r_x > r_l)) {
              l_o := l_l;
              r_o := r_x;
            } else {
              l_o := l_l;
              r_o := r_l;
            }
          }
        }
      }
    }
  }
  assert l_o == r_o;
}


Per-Task Times (ms)
-------------------
insert-elaenia-specs: 0
set-parameters: 0
print-info: 0
elaenia-syntactic-alignment: 2
aligned-crel: 0
print-info: 0
print-info: 0
print-info: 0
insert-elaenia-specs: 0
write-sketch: 0
solve-sketch: 1350
elaenia-invars: 0
houdafny: 0
compound_task: 1351
compound_task: 1354
set-parameters: 0
print-info: 0
elaenia-syntactic-alignment: 3
aligned-crel: 0
print-info: 0
print-info: 0
print-info: 0
insert-elaenia-specs: 0
write-sketch: 0
solve-sketch: 1364
elaenia-invars: 0
houdafny: 0
compound_task: 1365
compound_task: 1369
set-parameters: 0
print-info: 0
elaenia-syntactic-alignment: 3
aligned-crel: 0
print-info: 0
print-info: 0
print-info: 0
compound_task: 0
compound_task: 3
set-parameters: 0
print-info: 0
elaenia-syntactic-alignment: 3
aligned-crel: 0
print-info: 0
print-info: 0
print-info: 0
compound_task: 0
compound_task: 3
set-parameters: 0
print-info: 0
elaenia-syntactic-alignment: 3
aligned-crel: 0
print-info: 0
print-info: 0
print-info: 0
insert-elaenia-specs: 0
write-sketch: 0
solve-sketch: 541
elaenia-invars: 1898
houdafny: 1118
compound_task: 3559
repeat_range: 6293
write-dafny: 0
print-info: 0


Extraction Settings
-------------------
Max AST Depth: 2
Loop unrolling: false
Cost function: structure
Max AST Depth: 2

Elaenia completed in 6294ms
Verified: true
