
Beginning Iteration
-------------------
add_unrolls: false
depth: 1
cost function: optimize_structure
Computed alignment by local loop counting.


*** Rejected
    [0;31m[1751748593.8670 - ERROR] [SKETCH] Sketch Not Resolved Error: 

*** Rejected
The sketch could not be resolved.[0m
    [0;32m[1751748593.8730 - DEBUG] [SKETCH] stack trace written to file: /home/rob/.sketch/tmp/stacktrace.txt[0m
    [0;32m[1751748593.8740 - DEBUG] Backend solver input file at /home/rob/.sketch/tmp/sketch.sk/input0.tmp[0m
Failed to solve sketch.

Beginning Iteration
-------------------
add_unrolls: false
depth: 1
cost function: optimize_choice
Computed alignment by local loop counting.
  UNSATISFIABLE ASSERTION Assert at sketch.sk:71 (2)

*** Rejected
    [0;31m[1751748597.2050 - ERROR] [SKETCH] Sketch Not Resolved Error:   UNSATISFIABLE ASSERTION Assert at sketch.sk:71 (2)

*** Rejected
The sketch could not be resolved.[0m
    [0;32m[1751748597.2120 - DEBUG] [SKETCH] stack trace written to file: /home/rob/.sketch/tmp/stacktrace.txt[0m
    [0;32m[1751748597.2121 - DEBUG] Backend solver input file at /home/rob/.sketch/tmp/sketch.sk/input0.tmp[0m
Failed to solve sketch.

Beginning Iteration
-------------------
add_unrolls: true
depth: 1
cost function: optimize_structure
Computed alignment by local loop counting.
  UNSATISFIABLE ASSERTION Assert at sketch.sk:109 (2)

*** Rejected
    [0;31m[1751748599.5860 - ERROR] [SKETCH] Sketch Not Resolved Error:   UNSATISFIABLE ASSERTION Assert at sketch.sk:109 (2)

*** Rejected
The sketch could not be resolved.[0m
    [0;32m[1751748599.5920 - DEBUG] [SKETCH] stack trace written to file: /home/rob/.sketch/tmp/stacktrace.txt[0m
    [0;32m[1751748599.5921 - DEBUG] Backend solver input file at /home/rob/.sketch/tmp/sketch.sk/input0.tmp[0m
Failed to solve sketch.

Beginning Iteration
-------------------
add_unrolls: true
depth: 1
cost function: optimize_choice
Computed alignment by local loop counting.


*** Rejected
    [0;31m[1751748600.9260 - ERROR] [SKETCH] Sketch Not Resolved Error: 

*** Rejected
The sketch could not be resolved.[0m
    [0;32m[1751748600.9330 - DEBUG] [SKETCH] stack trace written to file: /home/rob/.sketch/tmp/stacktrace.txt[0m
    [0;32m[1751748600.9331 - DEBUG] Backend solver input file at /home/rob/.sketch/tmp/sketch.sk/input0.tmp[0m
Failed to solve sketch.

Beginning Iteration
-------------------
add_unrolls: false
depth: 2
cost function: optimize_structure
Computed alignment by local loop counting.


*** Rejected
    [0;31m[1751748602.3640 - ERROR] [SKETCH] Sketch Not Resolved Error: 

*** Rejected
The sketch could not be resolved.[0m
    [0;32m[1751748602.3710 - DEBUG] [SKETCH] stack trace written to file: /home/rob/.sketch/tmp/stacktrace.txt[0m
    [0;32m[1751748602.3711 - DEBUG] Backend solver input file at /home/rob/.sketch/tmp/sketch.sk/input0.tmp[0m
Failed to solve sketch.

Beginning Iteration
-------------------
add_unrolls: false
depth: 2
cost function: optimize_choice
Computed alignment by local loop counting.


*** Rejected
    [0;31m[1751748603.7380 - ERROR] [SKETCH] Sketch Not Resolved Error: 

*** Rejected
The sketch could not be resolved.[0m
    [0;32m[1751748603.7440 - DEBUG] [SKETCH] stack trace written to file: /home/rob/.sketch/tmp/stacktrace.txt[0m
    [0;32m[1751748603.7450 - DEBUG] Backend solver input file at /home/rob/.sketch/tmp/sketch.sk/input0.tmp[0m
Failed to solve sketch.

Beginning Iteration
-------------------
add_unrolls: true
depth: 2
cost function: optimize_structure
Computed alignment by local loop counting.


*** Rejected
    [0;31m[1751748605.1210 - ERROR] [SKETCH] Sketch Not Resolved Error: 

*** Rejected
The sketch could not be resolved.[0m
    [0;32m[1751748605.1270 - DEBUG] [SKETCH] stack trace written to file: /home/rob/.sketch/tmp/stacktrace.txt[0m
    [0;32m[1751748605.1271 - DEBUG] Backend solver input file at /home/rob/.sketch/tmp/sketch.sk/input0.tmp[0m
Failed to solve sketch.

Beginning Iteration
-------------------
add_unrolls: true
depth: 2
cost function: optimize_choice
Computed alignment by local loop counting.


*** Rejected
    [0;31m[1751748606.5080 - ERROR] [SKETCH] Sketch Not Resolved Error: 

*** Rejected
The sketch could not be resolved.[0m
    [0;32m[1751748606.5150 - DEBUG] [SKETCH] stack trace written to file: /home/rob/.sketch/tmp/stacktrace.txt[0m
    [0;32m[1751748606.5151 - DEBUG] Backend solver input file at /home/rob/.sketch/tmp/sketch.sk/input0.tmp[0m
Failed to solve sketch.

Beginning Iteration
-------------------
add_unrolls: false
depth: 3
cost function: optimize_structure
Computed alignment by local loop counting.
Writing Daikon to /home/rob/code/kestrel/.kestrel-work/daikon_output.c...
Done
Compiling Daikon output...
Running Kvasir...
==222666== kvasir-5.8.18, C/C++ Language Front-End for Daikon with DynComp comparability analysis tool.
==222666== Copyright (C) 2007-2022, University of Washington CSE PLSE Group
==222666== Using Valgrind-3.19.0.Fjalar and LibVEX; rerun with -h for copyright info
==222666== Command: /home/rob/code/kestrel/.kestrel-work/daikon_output
==222666== 
==222668== 
==222668== For lists of detected and suppressed errors, rerun with: -s
==222668== ERROR SUMMARY: 0 errors from 0 contexts (suppressed: 0 from 0)
==222669== 
==222669== For lists of detected and suppressed errors, rerun with: -s
==222669== ERROR SUMMARY: 0 errors from 0 contexts (suppressed: 0 from 0)
==222670== 
==222670== For lists of detected and suppressed errors, rerun with: -s
==222670== ERROR SUMMARY: 0 errors from 0 contexts (suppressed: 0 from 0)
==222671== 
==222671== For lists of detected and suppressed errors, rerun with: -s
==222671== ERROR SUMMARY: 0 errors from 0 contexts (suppressed: 0 from 0)
==222672== 
==222672== For lists of detected and suppressed errors, rerun with: -s
==222672== ERROR SUMMARY: 0 errors from 0 contexts (suppressed: 0 from 0)
==222673== 
==222673== For lists of detected and suppressed errors, rerun with: -s
==222673== ERROR SUMMARY: 0 errors from 0 contexts (suppressed: 0 from 0)
==222674== 
==222674== For lists of detected and suppressed errors, rerun with: -s
==222674== ERROR SUMMARY: 0 errors from 0 contexts (suppressed: 0 from 0)
==222677== 
==222677== For lists of detected and suppressed errors, rerun with: -s
==222677== ERROR SUMMARY: 0 errors from 0 contexts (suppressed: 0 from 0)
==222678== 
==222678== For lists of detected and suppressed errors, rerun with: -s
==222678== ERROR SUMMARY: 0 errors from 0 contexts (suppressed: 0 from 0)
==222679== 
==222679== For lists of detected and suppressed errors, rerun with: -s
==222679== ERROR SUMMARY: 0 errors from 0 contexts (suppressed: 0 from 0)
==222680== 
==222680== For lists of detected and suppressed errors, rerun with: -s
==222680== ERROR SUMMARY: 0 errors from 0 contexts (suppressed: 0 from 0)
==222681== 
==222681== For lists of detected and suppressed errors, rerun with: -s
==222681== ERROR SUMMARY: 0 errors from 0 contexts (suppressed: 0 from 0)
==222682== 
==222682== For lists of detected and suppressed errors, rerun with: -s
==222682== ERROR SUMMARY: 0 errors from 0 contexts (suppressed: 0 from 0)
==222683== 
==222683== For lists of detected and suppressed errors, rerun with: -s
==222683== ERROR SUMMARY: 0 errors from 0 contexts (suppressed: 0 from 0)
==222684== 
==222684== For lists of detected and suppressed errors, rerun with: -s
==222684== ERROR SUMMARY: 0 errors from 0 contexts (suppressed: 0 from 0)
==222685== 
==222685== For lists of detected and suppressed errors, rerun with: -s
==222685== ERROR SUMMARY: 0 errors from 0 contexts (suppressed: 0 from 0)
==222686== 
==222686== For lists of detected and suppressed errors, rerun with: -s
==222686== ERROR SUMMARY: 0 errors from 0 contexts (suppressed: 0 from 0)
==222687== 
==222687== For lists of detected and suppressed errors, rerun with: -s
==222687== ERROR SUMMARY: 0 errors from 0 contexts (suppressed: 0 from 0)
==222688== 
==222688== For lists of detected and suppressed errors, rerun with: -s
==222688== ERROR SUMMARY: 0 errors from 0 contexts (suppressed: 0 from 0)
==222689== 
==222689== For lists of detected and suppressed errors, rerun with: -s
==222689== ERROR SUMMARY: 0 errors from 0 contexts (suppressed: 0 from 0)
==222666== 
==222666== For lists of detected and suppressed errors, rerun with: -s
==222666== ERROR SUMMARY: 0 errors from 0 contexts (suppressed: 0 from 0)
Running Daikon...
houdafny.dfy(13,2): Warning: assume statement has no {:axiom} annotation
   |
13 |   assume (l_x_in == r_x_in) && ((l_n == r_n) && ((l_x_in >= 0) && (l_n >= 0)));
   |   ^^^^^^^^^^^^^^^^^^^^^^^^^^^^^^^^^^^^^^^^^^^^^^^^^^^^^^^^^^^^^^^^^^^^^^^^^^^^^

houdafny.dfy(24,2): Warning: assume statement has no {:axiom} annotation
   |
24 |   assume l_p >= 0;
   |   ^^^^^^^^^^^^^^^^

houdafny.dfy(50,6): Warning: assume statement has no {:axiom} annotation
   |
50 |       assume !(r_x > r_n);
   |       ^^^^^^^^^^^^^^^^^^^^

houdafny.dfy(58,6): Warning: assume statement has no {:axiom} annotation
   |
58 |       assume !(l_x > l_n);
   |       ^^^^^^^^^^^^^^^^^^^^


Dafny program verifier finished with 1 verified, 0 errors


Aligned Product Program
-----------------------

function any(): int

function havoc_1(l_p: int, l_x: int, l_n: int, l_z: int, r_n: int, l_t: int): int

function choice_n_2(l_p: int, l_x: int, l_n: int, l_z: int, r_z: int, r_x: int, r_n: int, l_t: int): int {
  if (l_n <= l_x) then (l_n + l_p) else (l_x + l_p)
 }

method Product(l_x_in: int, l_n: int, r_x_in: int, r_n: int)
  decreases *
{
  assume (l_x_in == r_x_in) && ((l_n == r_n) && ((l_x_in >= 0) && (l_n >= 0)));
  var l_x: int;
  l_x := l_x_in;
  var l_p: int;
  l_p := 0;
  var l_t: int;
  l_t := 0;
  var l_z: int;
  l_z := 0;
  assert true;
  l_p := havoc_1(l_p, l_x, l_n, l_z, r_n, l_t);
  assume l_p >= 0;
  var r_x: int;
  r_x := r_x_in;
  var r_s: int;
  r_s := 0;
  var r_z: int;
  r_z := 0;
  var n_2: int := choice_n_2(l_p, l_x, l_n, l_z, r_z, r_x, r_n, l_t);
  assert n_2 >= 0;
  r_s := n_2;
  while ((l_x > l_n) && (r_x > r_n))
    decreases *
    invariant l_x == r_x
    invariant (!(l_x != l_x_in)) || (l_x >= l_n)
    invariant r_x <= r_x_in
  {
    l_x := (l_x - 1);
    r_x := (r_x - 1);
  }
  if (l_x > l_n) {
    while (l_x > l_n)
      decreases *
      invariant l_x == r_x
      invariant (!(l_x != l_x_in)) || (l_x >= l_n)
      invariant r_x <= r_x_in
    {
      assume !(r_x > r_n);
      l_x := (l_x - 1);
    }
  }
  if (r_x > r_n) {
    while (r_x > r_n)
      decreases *
    {
      assume !(l_x > l_n);
      r_x := (r_x - 1);
    }
  }
  l_t := (l_p + l_x);
  l_z := (l_x + l_t);
  r_z := (r_x + r_s);
  assert l_z == r_z;
}


Per-Task Times (ms)
-------------------
insert-elaenia-specs: 0
set-parameters: 0
print-info: 0
elaenia-syntactic-alignment: 6
aligned-crel: 0
print-info: 0
print-info: 0
print-info: 0
insert-elaenia-specs: 0
write-sketch: 0
solve-sketch: 1329
elaenia-invars: 0
houdafny: 0
compound_task: 1330
compound_task: 1337
set-parameters: 0
print-info: 0
elaenia-syntactic-alignment: 7
aligned-crel: 0
print-info: 0
print-info: 0
print-info: 0
insert-elaenia-specs: 0
write-sketch: 0
solve-sketch: 3329
elaenia-invars: 0
houdafny: 0
compound_task: 3329
compound_task: 3337
set-parameters: 0
print-info: 0
elaenia-syntactic-alignment: 7
aligned-crel: 0
print-info: 0
print-info: 0
print-info: 0
insert-elaenia-specs: 0
write-sketch: 0
solve-sketch: 2362
elaenia-invars: 0
houdafny: 0
compound_task: 2363
compound_task: 2370
set-parameters: 0
print-info: 0
elaenia-syntactic-alignment: 7
aligned-crel: 0
print-info: 0
print-info: 0
print-info: 0
insert-elaenia-specs: 0
write-sketch: 0
solve-sketch: 1342
elaenia-invars: 0
houdafny: 0
compound_task: 1343
compound_task: 1351
set-parameters: 0
print-info: 0
elaenia-syntactic-alignment: 9
aligned-crel: 0
print-info: 0
print-info: 0
print-info: 0
insert-elaenia-specs: 0
write-sketch: 0
solve-sketch: 1426
elaenia-invars: 0
houdafny: 0
compound_task: 1427
compound_task: 1437
set-parameters: 0
print-info: 0
elaenia-syntactic-alignment: 6
aligned-crel: 0
print-info: 0
print-info: 0
print-info: 0
insert-elaenia-specs: 0
write-sketch: 0
solve-sketch: 1365
elaenia-invars: 0
houdafny: 0
compound_task: 1366
compound_task: 1373
set-parameters: 0
print-info: 0
elaenia-syntactic-alignment: 8
aligned-crel: 0
print-info: 0
print-info: 0
print-info: 0
insert-elaenia-specs: 0
write-sketch: 0
solve-sketch: 1363
elaenia-invars: 0
houdafny: 0
compound_task: 1364
compound_task: 1372
set-parameters: 0
print-info: 0
elaenia-syntactic-alignment: 6
aligned-crel: 0
print-info: 0
print-info: 0
print-info: 0
insert-elaenia-specs: 0
write-sketch: 0
solve-sketch: 1380
elaenia-invars: 0
houdafny: 0
compound_task: 1380
compound_task: 1387
set-parameters: 0
print-info: 0
elaenia-syntactic-alignment: 7
aligned-crel: 0
print-info: 0
print-info: 0
print-info: 0
insert-elaenia-specs: 0
write-sketch: 0
solve-sketch: 2279
elaenia-invars: 1924
houdafny: 1171
compound_task: 5376
repeat_range: 19352
write-dafny: 0
print-info: 0


Extraction Settings
-------------------
Max AST Depth: 3
Loop unrolling: false
Cost function: structure
Max AST Depth: 3

Elaenia completed in 19353ms
Verified: true
