
Beginning Iteration
-------------------
add_unrolls: false
depth: 1
cost function: optimize_structure
Computed alignment by local loop counting.
  UNSATISFIABLE ASSERTION Assert at sketch.sk:69 (2)

*** Rejected
    [0;31m[1751748510.7260 - ERROR] [SKETCH] Sketch Not Resolved Error:   UNSATISFIABLE ASSERTION Assert at sketch.sk:69 (2)

*** Rejected
The sketch could not be resolved.[0m
    [0;32m[1751748510.7330 - DEBUG] [SKETCH] stack trace written to file: /home/rob/.sketch/tmp/stacktrace.txt[0m
    [0;32m[1751748510.7340 - DEBUG] Backend solver input file at /home/rob/.sketch/tmp/sketch.sk/input0.tmp[0m
Failed to solve sketch.

Beginning Iteration
-------------------
add_unrolls: false
depth: 1
cost function: optimize_choice
Computed alignment by local loop counting.
Writing Daikon to /home/rob/code/kestrel/.kestrel-work/daikon_output.c...
Done
Compiling Daikon output...
Running Kvasir...
==221789== kvasir-5.8.18, C/C++ Language Front-End for Daikon with DynComp comparability analysis tool.
==221789== Copyright (C) 2007-2022, University of Washington CSE PLSE Group
==221789== Using Valgrind-3.19.0.Fjalar and LibVEX; rerun with -h for copyright info
==221789== Command: /home/rob/code/kestrel/.kestrel-work/daikon_output
==221789== 
==221805== 
==221805== For lists of detected and suppressed errors, rerun with: -s
==221805== ERROR SUMMARY: 0 errors from 0 contexts (suppressed: 0 from 0)
==221806== 
==221806== For lists of detected and suppressed errors, rerun with: -s
==221806== ERROR SUMMARY: 0 errors from 0 contexts (suppressed: 0 from 0)
==221807== 
==221807== For lists of detected and suppressed errors, rerun with: -s
==221807== ERROR SUMMARY: 0 errors from 0 contexts (suppressed: 0 from 0)
==221808== 
==221808== For lists of detected and suppressed errors, rerun with: -s
==221808== ERROR SUMMARY: 0 errors from 0 contexts (suppressed: 0 from 0)
==221810== 
==221810== For lists of detected and suppressed errors, rerun with: -s
==221810== ERROR SUMMARY: 0 errors from 0 contexts (suppressed: 0 from 0)
==221811== 
==221811== For lists of detected and suppressed errors, rerun with: -s
==221811== ERROR SUMMARY: 0 errors from 0 contexts (suppressed: 0 from 0)
==221812== 
==221812== For lists of detected and suppressed errors, rerun with: -s
==221812== ERROR SUMMARY: 0 errors from 0 contexts (suppressed: 0 from 0)
==221813== 
==221813== For lists of detected and suppressed errors, rerun with: -s
==221813== ERROR SUMMARY: 0 errors from 0 contexts (suppressed: 0 from 0)
==221814== 
==221814== For lists of detected and suppressed errors, rerun with: -s
==221814== ERROR SUMMARY: 0 errors from 0 contexts (suppressed: 0 from 0)
==221815== 
==221815== For lists of detected and suppressed errors, rerun with: -s
==221815== ERROR SUMMARY: 0 errors from 0 contexts (suppressed: 0 from 0)
==221816== 
==221816== For lists of detected and suppressed errors, rerun with: -s
==221816== ERROR SUMMARY: 0 errors from 0 contexts (suppressed: 0 from 0)
==221817== 
==221817== For lists of detected and suppressed errors, rerun with: -s
==221817== ERROR SUMMARY: 0 errors from 0 contexts (suppressed: 0 from 0)
==221818== 
==221818== For lists of detected and suppressed errors, rerun with: -s
==221818== ERROR SUMMARY: 0 errors from 0 contexts (suppressed: 0 from 0)
==221819== 
==221819== For lists of detected and suppressed errors, rerun with: -s
==221819== ERROR SUMMARY: 0 errors from 0 contexts (suppressed: 0 from 0)
==221820== 
==221820== For lists of detected and suppressed errors, rerun with: -s
==221820== ERROR SUMMARY: 0 errors from 0 contexts (suppressed: 0 from 0)
==221821== 
==221821== For lists of detected and suppressed errors, rerun with: -s
==221821== ERROR SUMMARY: 0 errors from 0 contexts (suppressed: 0 from 0)
==221822== 
==221822== For lists of detected and suppressed errors, rerun with: -s
==221822== ERROR SUMMARY: 0 errors from 0 contexts (suppressed: 0 from 0)
==221823== 
==221823== For lists of detected and suppressed errors, rerun with: -s
==221823== ERROR SUMMARY: 0 errors from 0 contexts (suppressed: 0 from 0)
==221824== 
==221824== For lists of detected and suppressed errors, rerun with: -s
==221824== ERROR SUMMARY: 0 errors from 0 contexts (suppressed: 0 from 0)
==221825== 
==221825== For lists of detected and suppressed errors, rerun with: -s
==221825== ERROR SUMMARY: 0 errors from 0 contexts (suppressed: 0 from 0)
==221789== 
==221789== For lists of detected and suppressed errors, rerun with: -s
==221789== ERROR SUMMARY: 0 errors from 0 contexts (suppressed: 0 from 0)
Running Daikon...
houdafny.dfy(13,2): Warning: assume statement has no {:axiom} annotation
   |
13 |   assume (l_x_in == r_x_in) && ((l_n == r_n) && ((l_x_in >= 0) && (l_n >= 0)));
   |   ^^^^^^^^^^^^^^^^^^^^^^^^^^^^^^^^^^^^^^^^^^^^^^^^^^^^^^^^^^^^^^^^^^^^^^^^^^^^^

houdafny.dfy(37,2): Warning: assume statement has no {:axiom} annotation
   |
37 |   assume l_t >= 0;
   |   ^^^^^^^^^^^^^^^^

houdafny.dfy(27,18): Error: this loop invariant could not be proved on entry
 Related message: loop invariant violation
   |
27 |     invariant l_x != 0
   |               ^^^^^^^^

houdafny.dfy(27,18): Error: this invariant could not be proved to be maintained by the loop
 Related message: loop invariant violation
   |
27 |     invariant l_x != 0
   |               ^^^^^^^^

houdafny.dfy(56,18): Error: this loop invariant could not be proved on entry
 Related message: loop invariant violation
   |
56 |     invariant r_s == 6
   |               ^^^^^^^^


Dafny program verifier finished with 0 verified, 3 errors

houdafny.dfy(13,2): Warning: assume statement has no {:axiom} annotation
   |
13 |   assume (l_x_in == r_x_in) && ((l_n == r_n) && ((l_x_in >= 0) && (l_n >= 0)));
   |   ^^^^^^^^^^^^^^^^^^^^^^^^^^^^^^^^^^^^^^^^^^^^^^^^^^^^^^^^^^^^^^^^^^^^^^^^^^^^^

houdafny.dfy(36,2): Warning: assume statement has no {:axiom} annotation
   |
36 |   assume l_t >= 0;
   |   ^^^^^^^^^^^^^^^^

houdafny.dfy(27,18): Error: this loop invariant could not be proved on entry
 Related message: loop invariant violation
   |
27 |     invariant l_x >= 1
   |               ^^^^^^^^

houdafny.dfy(27,18): Error: this invariant could not be proved to be maintained by the loop
 Related message: loop invariant violation
   |
27 |     invariant l_x >= 1
   |               ^^^^^^^^

houdafny.dfy(55,18): Error: this loop invariant could not be proved on entry
 Related message: loop invariant violation
   |
55 |     invariant r_s <= 6
   |               ^^^^^^^^

houdafny.dfy(56,18): Error: this loop invariant could not be proved on entry
 Related message: loop invariant violation
   |
56 |     invariant r_s >= 6
   |               ^^^^^^^^


Dafny program verifier finished with 0 verified, 4 errors

houdafny.dfy(13,2): Warning: assume statement has no {:axiom} annotation
   |
13 |   assume (l_x_in == r_x_in) && ((l_n == r_n) && ((l_x_in >= 0) && (l_n >= 0)));
   |   ^^^^^^^^^^^^^^^^^^^^^^^^^^^^^^^^^^^^^^^^^^^^^^^^^^^^^^^^^^^^^^^^^^^^^^^^^^^^^

houdafny.dfy(35,2): Warning: assume statement has no {:axiom} annotation
   |
35 |   assume l_t >= 0;
   |   ^^^^^^^^^^^^^^^^

houdafny.dfy(51,18): Error: this loop invariant could not be proved on entry
 Related message: loop invariant violation
   |
51 |     invariant l_t != 0
   |               ^^^^^^^^

houdafny.dfy(54,18): Error: this loop invariant could not be proved on entry
 Related message: loop invariant violation
   |
54 |     invariant r_x != 0
   |               ^^^^^^^^

houdafny.dfy(54,18): Error: this invariant could not be proved to be maintained by the loop
 Related message: loop invariant violation
   |
54 |     invariant r_x != 0
   |               ^^^^^^^^


Dafny program verifier finished with 0 verified, 3 errors

houdafny.dfy(13,2): Warning: assume statement has no {:axiom} annotation
   |
13 |   assume (l_x_in == r_x_in) && ((l_n == r_n) && ((l_x_in >= 0) && (l_n >= 0)));
   |   ^^^^^^^^^^^^^^^^^^^^^^^^^^^^^^^^^^^^^^^^^^^^^^^^^^^^^^^^^^^^^^^^^^^^^^^^^^^^^

houdafny.dfy(35,2): Warning: assume statement has no {:axiom} annotation
   |
35 |   assume l_t >= 0;
   |   ^^^^^^^^^^^^^^^^

houdafny.dfy(52,18): Error: this loop invariant could not be proved on entry
 Related message: loop invariant violation
   |
52 |     invariant l_z != 0
   |               ^^^^^^^^

houdafny.dfy(53,18): Error: this loop invariant could not be proved on entry
 Related message: loop invariant violation
   |
53 |     invariant r_x >= 1
   |               ^^^^^^^^

houdafny.dfy(53,18): Error: this invariant could not be proved to be maintained by the loop
 Related message: loop invariant violation
   |
53 |     invariant r_x >= 1
   |               ^^^^^^^^


Dafny program verifier finished with 0 verified, 3 errors

houdafny.dfy(13,2): Warning: assume statement has no {:axiom} annotation
   |
13 |   assume (l_x_in == r_x_in) && ((l_n == r_n) && ((l_x_in >= 0) && (l_n >= 0)));
   |   ^^^^^^^^^^^^^^^^^^^^^^^^^^^^^^^^^^^^^^^^^^^^^^^^^^^^^^^^^^^^^^^^^^^^^^^^^^^^^

houdafny.dfy(35,2): Warning: assume statement has no {:axiom} annotation
   |
35 |   assume l_t >= 0;
   |   ^^^^^^^^^^^^^^^^


Dafny program verifier finished with 1 verified, 0 errors


Aligned Product Program
-----------------------

function any(): int

function havoc_1(l_t: int, l_x: int, l_n: int, r_n: int, l_z: int): int

function choice_n_2(l_t: int, l_x: int, r_x: int, r_z: int, l_n: int, r_n: int, l_z: int): int {
  l_t
 }

method Product(l_x_in: int, l_n: int, r_x_in: int, r_n: int)
  decreases *
{
  assume (l_x_in == r_x_in) && ((l_n == r_n) && ((l_x_in >= 0) && (l_n >= 0)));
  var l_x: int;
  l_x := l_x_in;
  var l_t: int;
  l_t := 0;
  var l_z: int;
  l_z := 0;
  while (l_x > l_n)
    decreases *
    invariant (!(l_x != l_x_in)) || (l_x >= l_n)
    invariant l_x <= l_x_in
    invariant l_t == 0
    invariant l_t <= 0
    invariant l_t >= 0
    invariant l_z == 0
    invariant l_z <= 0
    invariant l_z >= 0
  {
    l_x := (l_x - 1);
  }
  assert true;
  l_t := havoc_1(l_t, l_x, l_n, r_n, l_z);
  assume l_t >= 0;
  l_t := (l_t + l_x);
  l_z := (l_x + l_t);
  var r_x: int;
  r_x := r_x_in;
  var r_s: int;
  r_s := 0;
  var r_z: int;
  r_z := 0;
  var n_2: int := choice_n_2(l_t, l_x, r_x, r_z, l_n, r_n, l_z);
  assert n_2 >= 0;
  r_s := n_2;
  while (r_x > r_n)
    decreases *
    invariant (!(r_x != r_x_in)) || (l_x != l_x_in)
    invariant r_x >= l_x
    invariant l_x >= 0
    invariant r_z == 0
    invariant r_z <= 0
    invariant r_z >= 0
  {
    r_x := (r_x - 1);
  }
  r_z := (r_x + r_s);
  assert l_z == r_z;
}


Per-Task Times (ms)
-------------------
insert-elaenia-specs: 0
set-parameters: 0
print-info: 0
elaenia-syntactic-alignment: 6
aligned-crel: 0
print-info: 0
print-info: 0
print-info: 0
insert-elaenia-specs: 0
write-sketch: 0
solve-sketch: 1332
elaenia-invars: 0
houdafny: 0
compound_task: 1332
compound_task: 1339
set-parameters: 0
print-info: 0
elaenia-syntactic-alignment: 7
aligned-crel: 0
print-info: 0
print-info: 0
print-info: 0
insert-elaenia-specs: 0
write-sketch: 0
solve-sketch: 476
elaenia-invars: 1928
houdafny: 5733
compound_task: 8139
repeat_range: 9487
write-dafny: 0
print-info: 0


Extraction Settings
-------------------
Max AST Depth: 1
Loop unrolling: false
Cost function: choice-information
Max AST Depth: 1

Elaenia completed in 9487ms
Verified: true
