
Beginning Iteration
-------------------
add_unrolls: false
depth: 1
cost function: optimize_structure
Computed alignment by local loop counting.
  UNSATISFIABLE ASSERTION Assert at sketch.sk:125 (2)

*** Rejected
    [0;31m[1751747781.6540 - ERROR] [SKETCH] Sketch Not Resolved Error:   UNSATISFIABLE ASSERTION Assert at sketch.sk:125 (2)

*** Rejected
The sketch could not be resolved.[0m
    [0;32m[1751747781.6600 - DEBUG] [SKETCH] stack trace written to file: /home/rob/.sketch/tmp/stacktrace.txt[0m
    [0;32m[1751747781.6610 - DEBUG] Backend solver input file at /home/rob/.sketch/tmp/sketch.sk/input0.tmp[0m
Failed to solve sketch.

Beginning Iteration
-------------------
add_unrolls: false
depth: 1
cost function: optimize_choice
Computed alignment by local loop counting.
  UNSATISFIABLE ASSERTION Assert at sketch.sk:125 (2)

*** Rejected
    [0;31m[1751747783.0300 - ERROR] [SKETCH] Sketch Not Resolved Error:   UNSATISFIABLE ASSERTION Assert at sketch.sk:125 (2)

*** Rejected
The sketch could not be resolved.[0m
    [0;32m[1751747783.0370 - DEBUG] [SKETCH] stack trace written to file: /home/rob/.sketch/tmp/stacktrace.txt[0m
    [0;32m[1751747783.0371 - DEBUG] Backend solver input file at /home/rob/.sketch/tmp/sketch.sk/input0.tmp[0m
Failed to solve sketch.

Beginning Iteration
-------------------
add_unrolls: true
depth: 1
cost function: optimize_structure
Computed alignment by local loop counting.
Skipping loop unroll for program without loops.

Beginning Iteration
-------------------
add_unrolls: true
depth: 1
cost function: optimize_choice
Computed alignment by local loop counting.
Skipping loop unroll for program without loops.

Beginning Iteration
-------------------
add_unrolls: false
depth: 2
cost function: optimize_structure
Computed alignment by local loop counting.
Writing Daikon to /home/rob/code/kestrel/.kestrel-work/daikon_output.c...
Done
Compiling Daikon output...
Running Kvasir...
==220412== kvasir-5.8.18, C/C++ Language Front-End for Daikon with DynComp comparability analysis tool.
==220412== Copyright (C) 2007-2022, University of Washington CSE PLSE Group
==220412== Using Valgrind-3.19.0.Fjalar and LibVEX; rerun with -h for copyright info
==220412== Command: /home/rob/code/kestrel/.kestrel-work/daikon_output
==220412== 
==220414== 
==220414== For lists of detected and suppressed errors, rerun with: -s
==220414== ERROR SUMMARY: 0 errors from 0 contexts (suppressed: 0 from 0)
==220415== 
==220415== For lists of detected and suppressed errors, rerun with: -s
==220415== ERROR SUMMARY: 0 errors from 0 contexts (suppressed: 0 from 0)
==220416== 
==220416== For lists of detected and suppressed errors, rerun with: -s
==220416== ERROR SUMMARY: 0 errors from 0 contexts (suppressed: 0 from 0)
==220417== 
==220417== For lists of detected and suppressed errors, rerun with: -s
==220417== ERROR SUMMARY: 0 errors from 0 contexts (suppressed: 0 from 0)
==220418== 
==220418== For lists of detected and suppressed errors, rerun with: -s
==220418== ERROR SUMMARY: 0 errors from 0 contexts (suppressed: 0 from 0)
==220419== 
==220419== For lists of detected and suppressed errors, rerun with: -s
==220419== ERROR SUMMARY: 0 errors from 0 contexts (suppressed: 0 from 0)
==220420== 
==220420== For lists of detected and suppressed errors, rerun with: -s
==220420== ERROR SUMMARY: 0 errors from 0 contexts (suppressed: 0 from 0)
==220421== 
==220421== For lists of detected and suppressed errors, rerun with: -s
==220421== ERROR SUMMARY: 0 errors from 0 contexts (suppressed: 0 from 0)
==220422== 
==220422== For lists of detected and suppressed errors, rerun with: -s
==220422== ERROR SUMMARY: 0 errors from 0 contexts (suppressed: 0 from 0)
==220423== 
==220423== For lists of detected and suppressed errors, rerun with: -s
==220423== ERROR SUMMARY: 0 errors from 0 contexts (suppressed: 0 from 0)
==220424== 
==220424== For lists of detected and suppressed errors, rerun with: -s
==220424== ERROR SUMMARY: 0 errors from 0 contexts (suppressed: 0 from 0)
==220425== 
==220425== For lists of detected and suppressed errors, rerun with: -s
==220425== ERROR SUMMARY: 0 errors from 0 contexts (suppressed: 0 from 0)
==220426== 
==220426== For lists of detected and suppressed errors, rerun with: -s
==220426== ERROR SUMMARY: 0 errors from 0 contexts (suppressed: 0 from 0)
==220430== 
==220430== For lists of detected and suppressed errors, rerun with: -s
==220430== ERROR SUMMARY: 0 errors from 0 contexts (suppressed: 0 from 0)
==220431== 
==220431== For lists of detected and suppressed errors, rerun with: -s
==220431== ERROR SUMMARY: 0 errors from 0 contexts (suppressed: 0 from 0)
==220432== 
==220432== For lists of detected and suppressed errors, rerun with: -s
==220432== ERROR SUMMARY: 0 errors from 0 contexts (suppressed: 0 from 0)
==220433== 
==220433== For lists of detected and suppressed errors, rerun with: -s
==220433== ERROR SUMMARY: 0 errors from 0 contexts (suppressed: 0 from 0)
==220434== 
==220434== For lists of detected and suppressed errors, rerun with: -s
==220434== ERROR SUMMARY: 0 errors from 0 contexts (suppressed: 0 from 0)
==220435== 
==220435== For lists of detected and suppressed errors, rerun with: -s
==220435== ERROR SUMMARY: 0 errors from 0 contexts (suppressed: 0 from 0)
==220436== 
==220436== For lists of detected and suppressed errors, rerun with: -s
==220436== ERROR SUMMARY: 0 errors from 0 contexts (suppressed: 0 from 0)
==220412== 
==220412== For lists of detected and suppressed errors, rerun with: -s
==220412== ERROR SUMMARY: 0 errors from 0 contexts (suppressed: 0 from 0)
Running Daikon...
houdafny.dfy(19,2): Warning: assume statement has no {:axiom} annotation
   |
19 |   assume (l_l == r_l) && ((l_l >= 0) && (l_h > l_l));
   |   ^^^^^^^^^^^^^^^^^^^^^^^^^^^^^^^^^^^^^^^^^^^^^^^^^^^

houdafny.dfy(28,2): Warning: assume statement has no {:axiom} annotation
   |
28 |   assume l_a1 >= 0;
   |   ^^^^^^^^^^^^^^^^^

houdafny.dfy(31,2): Warning: assume statement has no {:axiom} annotation
   |
31 |   assume l_a2 >= 0;
   |   ^^^^^^^^^^^^^^^^^


Dafny program verifier finished with 1 verified, 0 errors


Aligned Product Program
-----------------------

function any(): int

function havoc_1(r_l: int, r_h: int, l_o: int, l_x: int, l_h: int, l_l: int): int

function havoc_2(l_a1: int, r_l: int, r_h: int, l_o: int, l_x: int, l_h: int, l_l: int): int

function choice_n_4(l_a1: int, r_l: int, l_a2: int, r_h: int, r_x: int, r_o: int, l_o: int, l_x: int, l_h: int, l_l: int): int {
  l_a1 + l_l
 }

function choice_n_3(l_a1: int, r_l: int, l_a2: int, r_h: int, r_x: int, r_o: int, l_o: int, l_x: int, l_h: int, l_l: int): int {
  l_a1 - 0
 }

method Product(l_l: int, l_h: int, r_l: int, r_h: int)
  decreases *
{
  assume (l_l == r_l) && ((l_l >= 0) && (l_h > l_l));
  var l_a1: int;
  var l_a2: int;
  var l_x: int;
  l_x := 0;
  var l_o: int;
  l_o := 0;
  assert true;
  l_a1 := havoc_1(r_l, r_h, l_o, l_x, l_h, l_l);
  assume l_a1 >= 0;
  assert true;
  l_a2 := havoc_2(l_a1, r_l, r_h, l_o, l_x, l_h, l_l);
  assume l_a2 >= 0;
  var r_a1: int;
  var r_a2: int;
  var r_x: int;
  r_x := 0;
  var r_o: int;
  r_o := 0;
  var n_3: int := choice_n_3(l_a1, r_l, l_a2, r_h, r_x, r_o, l_o, l_x, l_h, l_l);
  assert n_3 >= 0;
  r_a1 := n_3;
  var n_4: int := choice_n_4(l_a1, r_l, l_a2, r_h, r_x, r_o, l_o, l_x, l_h, l_l);
  assert n_4 >= 0;
  r_a2 := n_4;
  if ((l_h > l_l) && (r_h > r_l)) {
    l_o := (l_l + l_a1);
    r_o := (r_l + r_a1);
  } else {
    if ((l_h > l_l) && (!(r_h > r_l))) {
      l_o := (l_l + l_a1);
      r_x := r_a2;
      if (r_x > r_l) {
        r_o := r_x;
      } else {
        r_o := r_l;
      }
    } else {
      if ((!(l_h > l_l)) && (r_h > r_l)) {
        l_x := l_a2;
        if (l_x > l_l) {
          l_o := l_x;
        } else {
          l_o := l_l;
        }
        r_o := (r_l + r_a1);
      } else {
        l_x := l_a2;
        r_x := r_a2;
        if ((l_x > l_l) && (r_x > r_l)) {
          l_o := l_x;
          r_o := r_x;
        } else {
          if ((l_x > l_l) && (!(r_x > r_l))) {
            l_o := l_x;
            r_o := r_l;
          } else {
            if ((!(l_x > l_l)) && (r_x > r_l)) {
              l_o := l_l;
              r_o := r_x;
            } else {
              l_o := l_l;
              r_o := r_l;
            }
          }
        }
      }
    }
  }
  assert l_o == r_o;
}


Per-Task Times (ms)
-------------------
insert-elaenia-specs: 0
set-parameters: 0
print-info: 0
elaenia-syntactic-alignment: 2
aligned-crel: 0
print-info: 0
print-info: 0
print-info: 0
insert-elaenia-specs: 0
write-sketch: 0
solve-sketch: 1360
elaenia-invars: 0
houdafny: 0
compound_task: 1361
compound_task: 1364
set-parameters: 0
print-info: 0
elaenia-syntactic-alignment: 2
aligned-crel: 0
print-info: 0
print-info: 0
print-info: 0
insert-elaenia-specs: 0
write-sketch: 0
solve-sketch: 1382
elaenia-invars: 0
houdafny: 0
compound_task: 1383
compound_task: 1386
set-parameters: 0
print-info: 0
elaenia-syntactic-alignment: 2
aligned-crel: 0
print-info: 0
print-info: 0
print-info: 0
compound_task: 0
compound_task: 3
set-parameters: 0
print-info: 0
elaenia-syntactic-alignment: 2
aligned-crel: 0
print-info: 0
print-info: 0
print-info: 0
compound_task: 0
compound_task: 3
set-parameters: 0
print-info: 0
elaenia-syntactic-alignment: 2
aligned-crel: 0
print-info: 0
print-info: 0
print-info: 0
insert-elaenia-specs: 0
write-sketch: 0
solve-sketch: 573
elaenia-invars: 1985
houdafny: 1184
compound_task: 3744
repeat_range: 6505
write-dafny: 0
print-info: 0


Extraction Settings
-------------------
Max AST Depth: 2
Loop unrolling: false
Cost function: structure
Max AST Depth: 2

Elaenia completed in 6505ms
Verified: true
