
Beginning Iteration
-------------------
add_unrolls: false
depth: 1
cost function: optimize_structure
Computed alignment by local loop counting.
  UNSATISFIABLE ASSERTION Assert at sketch.sk:126 (2)

*** Rejected
    [0;31m[1751748450.5750 - ERROR] [SKETCH] Sketch Not Resolved Error:   UNSATISFIABLE ASSERTION Assert at sketch.sk:126 (2)

*** Rejected
The sketch could not be resolved.[0m
    [0;32m[1751748450.5970 - DEBUG] [SKETCH] stack trace written to file: /home/rob/.sketch/tmp/stacktrace.txt[0m
    [0;32m[1751748450.5971 - DEBUG] Backend solver input file at /home/rob/.sketch/tmp/sketch.sk/input0.tmp[0m
Failed to solve sketch.

Beginning Iteration
-------------------
add_unrolls: false
depth: 1
cost function: optimize_choice
Computed alignment by local loop counting.
  UNSATISFIABLE ASSERTION Assert at sketch.sk:126 (2)

*** Rejected
    [0;31m[1751748451.9580 - ERROR] [SKETCH] Sketch Not Resolved Error:   UNSATISFIABLE ASSERTION Assert at sketch.sk:126 (2)

*** Rejected
The sketch could not be resolved.[0m
    [0;32m[1751748451.9710 - DEBUG] [SKETCH] stack trace written to file: /home/rob/.sketch/tmp/stacktrace.txt[0m
    [0;32m[1751748451.9711 - DEBUG] Backend solver input file at /home/rob/.sketch/tmp/sketch.sk/input0.tmp[0m
Failed to solve sketch.

Beginning Iteration
-------------------
add_unrolls: true
depth: 1
cost function: optimize_structure
Computed alignment by local loop counting.
Skipping loop unroll for program without loops.

Beginning Iteration
-------------------
add_unrolls: true
depth: 1
cost function: optimize_choice
Computed alignment by local loop counting.
Skipping loop unroll for program without loops.

Beginning Iteration
-------------------
add_unrolls: false
depth: 2
cost function: optimize_structure
Computed alignment by local loop counting.


*** Rejected
    [0;31m[1751748453.4050 - ERROR] [SKETCH] Sketch Not Resolved Error: 

*** Rejected
The sketch could not be resolved.[0m
    [0;32m[1751748453.4150 - DEBUG] [SKETCH] stack trace written to file: /home/rob/.sketch/tmp/stacktrace.txt[0m
    [0;32m[1751748453.4151 - DEBUG] Backend solver input file at /home/rob/.sketch/tmp/sketch.sk/input0.tmp[0m
Failed to solve sketch.

Beginning Iteration
-------------------
add_unrolls: false
depth: 2
cost function: optimize_choice
Computed alignment by local loop counting.


*** Rejected
    [0;31m[1751748457.8760 - ERROR] [SKETCH] Sketch Not Resolved Error: 

*** Rejected
The sketch could not be resolved.[0m
    [0;32m[1751748457.9000 - DEBUG] [SKETCH] stack trace written to file: /home/rob/.sketch/tmp/stacktrace.txt[0m
    [0;32m[1751748457.9001 - DEBUG] Backend solver input file at /home/rob/.sketch/tmp/sketch.sk/input0.tmp[0m
Failed to solve sketch.

Beginning Iteration
-------------------
add_unrolls: true
depth: 2
cost function: optimize_structure
Computed alignment by local loop counting.
Skipping loop unroll for program without loops.

Beginning Iteration
-------------------
add_unrolls: true
depth: 2
cost function: optimize_choice
Computed alignment by local loop counting.
Skipping loop unroll for program without loops.

Beginning Iteration
-------------------
add_unrolls: false
depth: 3
cost function: optimize_structure
Computed alignment by local loop counting.
Writing Daikon to /home/rob/code/kestrel/.kestrel-work/daikon_output.c...
Done
Compiling Daikon output...
Running Kvasir...
==221485== kvasir-5.8.18, C/C++ Language Front-End for Daikon with DynComp comparability analysis tool.
==221485== Copyright (C) 2007-2022, University of Washington CSE PLSE Group
==221485== Using Valgrind-3.19.0.Fjalar and LibVEX; rerun with -h for copyright info
==221485== Command: /home/rob/code/kestrel/.kestrel-work/daikon_output
==221485== 
==221486== 
==221486== For lists of detected and suppressed errors, rerun with: -s
==221486== ERROR SUMMARY: 0 errors from 0 contexts (suppressed: 0 from 0)
==221487== 
==221487== For lists of detected and suppressed errors, rerun with: -s
==221487== ERROR SUMMARY: 0 errors from 0 contexts (suppressed: 0 from 0)
==221488== 
==221488== For lists of detected and suppressed errors, rerun with: -s
==221488== ERROR SUMMARY: 0 errors from 0 contexts (suppressed: 0 from 0)
==221489== 
==221489== For lists of detected and suppressed errors, rerun with: -s
==221489== ERROR SUMMARY: 0 errors from 0 contexts (suppressed: 0 from 0)
==221490== 
==221490== For lists of detected and suppressed errors, rerun with: -s
==221490== ERROR SUMMARY: 0 errors from 0 contexts (suppressed: 0 from 0)
==221491== 
==221491== For lists of detected and suppressed errors, rerun with: -s
==221491== ERROR SUMMARY: 0 errors from 0 contexts (suppressed: 0 from 0)
==221492== 
==221492== For lists of detected and suppressed errors, rerun with: -s
==221492== ERROR SUMMARY: 0 errors from 0 contexts (suppressed: 0 from 0)
==221493== 
==221493== For lists of detected and suppressed errors, rerun with: -s
==221493== ERROR SUMMARY: 0 errors from 0 contexts (suppressed: 0 from 0)
==221494== 
==221494== For lists of detected and suppressed errors, rerun with: -s
==221494== ERROR SUMMARY: 0 errors from 0 contexts (suppressed: 0 from 0)
==221495== 
==221495== For lists of detected and suppressed errors, rerun with: -s
==221495== ERROR SUMMARY: 0 errors from 0 contexts (suppressed: 0 from 0)
==221496== 
==221496== For lists of detected and suppressed errors, rerun with: -s
==221496== ERROR SUMMARY: 0 errors from 0 contexts (suppressed: 0 from 0)
==221497== 
==221497== For lists of detected and suppressed errors, rerun with: -s
==221497== ERROR SUMMARY: 0 errors from 0 contexts (suppressed: 0 from 0)
==221498== 
==221498== For lists of detected and suppressed errors, rerun with: -s
==221498== ERROR SUMMARY: 0 errors from 0 contexts (suppressed: 0 from 0)
==221499== 
==221499== For lists of detected and suppressed errors, rerun with: -s
==221499== ERROR SUMMARY: 0 errors from 0 contexts (suppressed: 0 from 0)
==221500== 
==221500== For lists of detected and suppressed errors, rerun with: -s
==221500== ERROR SUMMARY: 0 errors from 0 contexts (suppressed: 0 from 0)
==221501== 
==221501== For lists of detected and suppressed errors, rerun with: -s
==221501== ERROR SUMMARY: 0 errors from 0 contexts (suppressed: 0 from 0)
==221502== 
==221502== For lists of detected and suppressed errors, rerun with: -s
==221502== ERROR SUMMARY: 0 errors from 0 contexts (suppressed: 0 from 0)
==221503== 
==221503== For lists of detected and suppressed errors, rerun with: -s
==221503== ERROR SUMMARY: 0 errors from 0 contexts (suppressed: 0 from 0)
==221504== 
==221504== For lists of detected and suppressed errors, rerun with: -s
==221504== ERROR SUMMARY: 0 errors from 0 contexts (suppressed: 0 from 0)
==221505== 
==221505== For lists of detected and suppressed errors, rerun with: -s
==221505== ERROR SUMMARY: 0 errors from 0 contexts (suppressed: 0 from 0)
==221485== 
==221485== For lists of detected and suppressed errors, rerun with: -s
==221485== ERROR SUMMARY: 0 errors from 0 contexts (suppressed: 0 from 0)
Running Daikon...
houdafny.dfy(19,2): Warning: assume statement has no {:axiom} annotation
   |
19 |   assume (l_l == r_l) && ((l_l >= 0) && ((l_h <= l_l) && (r_h > r_l)));
   |   ^^^^^^^^^^^^^^^^^^^^^^^^^^^^^^^^^^^^^^^^^^^^^^^^^^^^^^^^^^^^^^^^^^^^^

houdafny.dfy(28,2): Warning: assume statement has no {:axiom} annotation
   |
28 |   assume l_a1 >= 0;
   |   ^^^^^^^^^^^^^^^^^

houdafny.dfy(31,2): Warning: assume statement has no {:axiom} annotation
   |
31 |   assume l_a2 >= 0;
   |   ^^^^^^^^^^^^^^^^^


Dafny program verifier finished with 1 verified, 0 errors


Aligned Product Program
-----------------------

function any(): int

function havoc_1(l_x: int, l_l: int, l_o: int, l_h: int, r_l: int, r_h: int): int

function havoc_2(l_x: int, l_l: int, l_a1: int, l_o: int, l_h: int, r_l: int, r_h: int): int

function choice_n_4(l_x: int, l_l: int, l_a1: int, l_o: int, l_a2: int, r_x: int, l_h: int, r_l: int, r_o: int, r_h: int): int {
  331
 }

function choice_n_3(l_x: int, l_l: int, l_a1: int, l_o: int, l_a2: int, r_x: int, l_h: int, r_l: int, r_o: int, r_h: int): int {
  if (l_l <= l_a2) then (l_a2 - l_l) else 0
 }

method Product(l_l: int, l_h: int, r_l: int, r_h: int)
  decreases *
{
  assume (l_l == r_l) && ((l_l >= 0) && ((l_h <= l_l) && (r_h > r_l)));
  var l_a1: int;
  var l_a2: int;
  var l_x: int;
  l_x := 0;
  var l_o: int;
  l_o := 0;
  assert true;
  l_a1 := havoc_1(l_x, l_l, l_o, l_h, r_l, r_h);
  assume l_a1 >= 0;
  assert true;
  l_a2 := havoc_2(l_x, l_l, l_a1, l_o, l_h, r_l, r_h);
  assume l_a2 >= 0;
  var r_a1: int;
  var r_a2: int;
  var r_x: int;
  r_x := 0;
  var r_o: int;
  r_o := 0;
  var n_3: int := choice_n_3(l_x, l_l, l_a1, l_o, l_a2, r_x, l_h, r_l, r_o, r_h);
  assert n_3 >= 0;
  r_a1 := n_3;
  var n_4: int := choice_n_4(l_x, l_l, l_a1, l_o, l_a2, r_x, l_h, r_l, r_o, r_h);
  assert n_4 >= 0;
  r_a2 := n_4;
  if ((l_h > l_l) && (r_h > r_l)) {
    l_o := (l_l + l_a1);
    r_o := (r_l + r_a1);
  } else {
    if ((l_h > l_l) && (!(r_h > r_l))) {
      l_o := (l_l + l_a1);
      r_x := r_a2;
      if (r_x > r_l) {
        r_o := r_x;
      } else {
        r_o := r_l;
      }
    } else {
      if ((!(l_h > l_l)) && (r_h > r_l)) {
        l_x := l_a2;
        if (l_x > l_l) {
          l_o := l_x;
        } else {
          l_o := l_l;
        }
        r_o := (r_l + r_a1);
      } else {
        l_x := l_a2;
        r_x := r_a2;
        if ((l_x > l_l) && (r_x > r_l)) {
          l_o := l_x;
          r_o := r_x;
        } else {
          if ((l_x > l_l) && (!(r_x > r_l))) {
            l_o := l_x;
            r_o := r_l;
          } else {
            if ((!(l_x > l_l)) && (r_x > r_l)) {
              l_o := l_l;
              r_o := r_x;
            } else {
              l_o := l_l;
              r_o := r_l;
            }
          }
        }
      }
    }
  }
  assert l_o == r_o;
}


Per-Task Times (ms)
-------------------
insert-elaenia-specs: 0
set-parameters: 0
print-info: 0
elaenia-syntactic-alignment: 3
aligned-crel: 0
print-info: 0
print-info: 0
print-info: 0
insert-elaenia-specs: 0
write-sketch: 0
solve-sketch: 1381
elaenia-invars: 0
houdafny: 0
compound_task: 1382
compound_task: 1385
set-parameters: 0
print-info: 0
elaenia-syntactic-alignment: 2
aligned-crel: 0
print-info: 0
print-info: 0
print-info: 0
insert-elaenia-specs: 0
write-sketch: 0
solve-sketch: 1370
elaenia-invars: 0
houdafny: 0
compound_task: 1370
compound_task: 1373
set-parameters: 0
print-info: 0
elaenia-syntactic-alignment: 3
aligned-crel: 0
print-info: 0
print-info: 0
print-info: 0
compound_task: 0
compound_task: 4
set-parameters: 0
print-info: 0
elaenia-syntactic-alignment: 4
aligned-crel: 0
print-info: 0
print-info: 0
print-info: 0
compound_task: 0
compound_task: 4
set-parameters: 0
print-info: 0
elaenia-syntactic-alignment: 3
aligned-crel: 0
print-info: 0
print-info: 0
print-info: 0
insert-elaenia-specs: 0
write-sketch: 0
solve-sketch: 1419
elaenia-invars: 0
houdafny: 0
compound_task: 1419
compound_task: 1423
set-parameters: 0
print-info: 0
elaenia-syntactic-alignment: 2
aligned-crel: 0
print-info: 0
print-info: 0
print-info: 0
insert-elaenia-specs: 0
write-sketch: 0
solve-sketch: 4493
elaenia-invars: 0
houdafny: 0
compound_task: 4494
compound_task: 4497
set-parameters: 0
print-info: 0
elaenia-syntactic-alignment: 4
aligned-crel: 0
print-info: 0
print-info: 0
print-info: 0
compound_task: 0
compound_task: 4
set-parameters: 0
print-info: 0
elaenia-syntactic-alignment: 4
aligned-crel: 0
print-info: 0
print-info: 0
print-info: 0
compound_task: 0
compound_task: 4
set-parameters: 0
print-info: 0
elaenia-syntactic-alignment: 4
aligned-crel: 0
print-info: 0
print-info: 0
print-info: 0
insert-elaenia-specs: 0
write-sketch: 0
solve-sketch: 3625
elaenia-invars: 1993
houdafny: 1160
compound_task: 6780
repeat_range: 15484
write-dafny: 0
print-info: 0


Extraction Settings
-------------------
Max AST Depth: 3
Loop unrolling: false
Cost function: structure
Max AST Depth: 3

Elaenia completed in 15485ms
Verified: true
