                            \/ 0 <= (phi_r_low:146 + (-1 * K:149)))
                      /\ (!((0 <= K:149 /\ K:149 <= 0)) \/ 0 <= K:149)
                      /\ (!(1 <= K:149) \/ 0 <= (-1 + K:149))))
          /\ mid_r_i:147 = r_i':150 /\ mid_r_tick:148 = r_tick':151
          /\ 0 <= (phi_l_tick:144) /\ 0 <= (r_tick':151) /\ r_i':150 <= 0
          /\ r_tick':151 = phi_r_tick:158 /\ r_i':150 = phi_r_i:157)
         \/ (((havoc:129 = havoc:131 /\ !(havoc:20 = 0)
                 /\ ((havoc:129 = mid_l_i:132 /\ 0 = mid_l_tick:133)
                       \/ (0 <= (-1 + havoc:129) /\ 1 <= K:134
                             /\ 0 <= mid_l_i:132
                             /\ 0 <= (-1 + mid_l_tick:133)
                             /\ (!(0 <= K:134)
                                   \/ mid_l_i:132 = (havoc:129 + (-1 * K:134)))
                             /\ (!(0 <= K:134) \/ mid_l_tick:133 = K:134)
                             /\ (!(0 <= K:134)
                                   \/ (-1 * mid_l_tick:133) <= (-1 * K:134))
                             /\ (!(0 <= K:134) \/ mid_l_tick:133 <= K:134)
                             /\ (!(0 <= K:134)
                                   \/ (-1 * mid_l_i:132) <= ((-1 * havoc:129)
                                                               + K:134))
                             /\ (!(0 <= K:134)
                                   \/ mid_l_i:132 <= (havoc:129
                                                        + (-1 * K:134)))
                             /\ (!((0 <= K:134 /\ K:134 <= 0))
                                   \/ 0 <= (-1 * K:134))
                             /\ (!(1 <= K:134)
                                   \/ 0 <= (havoc:129 + (-1 * K:134)))
                             /\ (!((0 <= K:134 /\ K:134 <= 0)) \/ 0 <= K:134)
                             /\ (!(1 <= K:134) \/ 0 <= (-1 + K:134))))
                 /\ mid_l_i:132 = l_i':135 /\ mid_l_tick:133 = l_tick':136
                 /\ 0 <= (l_tick':136) /\ l_i':135 <= 0
                 /\ havoc:131 = phi_r_low:146 /\ havoc:131 = phi_tmp___2:145
                 /\ l_tick':136 = phi_l_tick:144 /\ l_i':135 = phi_l_i:143)
                \/ (havoc:129 = havoc:137 /\ havoc:20 = 0
                      /\ ((0 = mid_l_i:138 /\ 0 = mid_l_tick:139)
                            \/ (havoc:20 = 0 /\ 0 <= (-1 + havoc:129)
                                  /\ 1 <= K:140 /\ havoc:20 = 0
                                  /\ 0 <= ((-1 * mid_l_i:138) + havoc:129)
                                  /\ 0 <= (-1 + mid_l_i:138)
                                  /\ 0 <= (-1 + mid_l_tick:139)
                                  /\ (!(0 <= K:140) \/ mid_l_i:138 = K:140)
                                  /\ (!(0 <= K:140) \/ mid_l_tick:139 = K:140)
                                  /\ (!(0 <= K:140)
                                        \/ (-1 * mid_l_tick:139) <= (
                                           -1 * K:140))
                                  /\ (!(0 <= K:140)
                                        \/ mid_l_tick:139 <= K:140)
                                  /\ (!(0 <= K:140)
                                        \/ (-1 * mid_l_i:138) <= (-1 * K:140))
                                  /\ (!(0 <= K:140) \/ mid_l_i:138 <= K:140)
                                  /\ (!((0 <= K:140 /\ K:140 <= 0))
                                        \/ 0 <= K:140)
                                  /\ (!(1 <= K:140) \/ 0 <= (-1 + K:140))
                                  /\ (!((0 <= K:140 /\ K:140 <= 0))
                                        \/ 0 <= K:140)
                                  /\ (!(1 <= K:140) \/ 0 <= (-1 + K:140))))
                      /\ mid_l_i:138 = l_i':141
                      /\ mid_l_tick:139 = l_tick':142 /\ (havoc:20) = 0
                      /\ 0 <= (l_tick':142) /\ 0 <= (l_i':141)
                      /\ havoc:129 <= l_i':141 /\ havoc:137 = phi_r_low:146
                      /\ havoc:137 = phi_tmp___2:145
                      /\ l_tick':142 = phi_l_tick:144
                      /\ l_i':141 = phi_l_i:143)) /\ havoc:130 = 0
               /\ ((0 = mid_r_i:152 /\ 0 = mid_r_tick:153)
                     \/ (havoc:130 = 0 /\ 0 <= (-1 + phi_r_low:146)
                           /\ 0 <= phi_l_tick:144 /\ 1 <= K:154
                           /\ havoc:130 = 0
                           /\ 0 <= ((-1 * mid_r_i:152) + phi_r_low:146)
                           /\ 0 <= phi_l_tick:144 /\ 0 <= (-1 + mid_r_i:152)
                           /\ 0 <= (-1 + mid_r_tick:153)
                           /\ (!(0 <= K:154) \/ mid_r_i:152 = K:154)
                           /\ (!(0 <= K:154) \/ mid_r_tick:153 = K:154)
                           /\ (!(0 <= K:154)
                                 \/ (-1 * mid_r_tick:153) <= (-1 * K:154))
                           /\ (!(0 <= K:154) \/ mid_r_tick:153 <= K:154)
                           /\ (!(0 <= K:154)
                                 \/ (-1 * mid_r_i:152) <= (-1 * K:154))
                           /\ (!(0 <= K:154) \/ mid_r_i:152 <= K:154)
                           /\ (!((0 <= K:154 /\ K:154 <= 0)) \/ 0 <= K:154)
                           /\ (!(1 <= K:154) \/ 0 <= (-1 + K:154))
                           /\ (!((0 <= K:154 /\ K:154 <= 0)) \/ 0 <= K:154)
                           /\ (!(1 <= K:154) \/ 0 <= (-1 + K:154))))
               /\ mid_r_i:152 = r_i':155 /\ mid_r_tick:153 = r_tick':156
               /\ (havoc:130) = 0 /\ 0 <= (phi_l_tick:144)
               /\ 0 <= (r_tick':156) /\ 0 <= (r_i':155)
               /\ phi_r_low:146 <= r_i':155 /\ r_tick':156 = phi_r_tick:158
               /\ r_i':155 = phi_r_i:157))}

Is not SAT! (Assertion on line 37 PASSED)
---------------------------------------------

================================================
Bounds on Variables

================================================
Finished!

real	0m0.973s
user	0m0.876s
sys	0m0.076s
