                     /\ 0 <= phi_r_y:165
                     /\ 0 <= (-1 + phi_r_j:164 + (-1 * phi_r_n:145))
                     /\ 0 <= (-1 + phi_r_j:164) /\ 0 <= (-1 + mid_l_i:306)
                     /\ 0 <= (1 + mid_l_x:307 + (-1 * mid_l_i:306))
                     /\ (!(0 <= K:308) \/ mid_l_i:306 = (phi_l_i:166 + K:308))
                     /\ (!(0 <= K:308)
                           \/ mid_l_x:307 = (phi_l_x:167 + (-1/2 * K:308)
                                               + (phi_l_i:166 * K:308)
                                               + (1/2 * (K:308 * K:308))))
                     /\ (!(0 <= K:308)
                           \/ (-1 * mid_l_x:307) <= ((-1 * phi_l_x:167)
                                                       + (1/2 * K:308)
                                                       + ((-1 * phi_l_i:166)
                                                            * K:308)
                                                       + (-1/2
                                                            * (K:308 * K:308))))
                     /\ (!(0 <= K:308)
                           \/ mid_l_x:307 <= (phi_l_x:167 + (-1/2 * K:308)
                                                + (phi_l_i:166 * K:308)
                                                + (1/2 * (K:308 * K:308))))
                     /\ (!(0 <= K:308)
                           \/ (-1 * mid_l_i:306) <= ((-1 * phi_l_i:166)
                                                       + (-1 * K:308)))
                     /\ (!(0 <= K:308)
                           \/ mid_l_i:306 <= (phi_l_i:166 + K:308))
                     /\ (!((0 <= K:308 /\ K:308 <= 0)) \/ 0 <= K:308)
                     /\ (!(1 <= K:308) \/ 0 <= (-1 + phi_l_i:166 + K:308))
                     /\ (!((0 <= K:308 /\ K:308 <= 0))
                           \/ 0 <= ((-3/2 * K:308) + (phi_l_i:166 * K:308)
                                      + (1/2 * (K:308 * K:308))))
                     /\ (!(1 <= K:308)
                           \/ 0 <= (1 + phi_l_x:167 + (-1 * phi_l_i:166)
                                      + (-3/2 * K:308)
                                      + (phi_l_i:166 * K:308)
                                      + (1/2 * (K:308 * K:308))))))
         /\ mid_l_i:306 = l_i':309 /\ mid_l_x:307 = l_x':310
         /\ (-1 + (phi_tmp___1:143)) = 0 /\ 0 <= (l_x':310)
         /\ 0 <= (l_i':309) /\ 0 <= (phi_r_y:165)
         /\ 0 <= (-1 + (phi_r_j:164)) /\ havoc:15 < l_i':309
         /\ ((phi_r_j:164 = mid_r_j:311 /\ phi_r_y:165 = mid_r_y:312)
               \/ ((-1 + phi_tmp___1:143) = 0
                     /\ 0 <= ((-1 * phi_r_j:164) + phi_r_n:145)
                     /\ 0 <= l_x':310
                     /\ 0 <= (-1 + l_i':309 + (-1 * havoc:15))
                     /\ 0 <= l_i':309 /\ 0 <= (-1 + phi_r_j:164)
                     /\ 0 <= phi_r_y:165 /\ 1 <= K:313
                     /\ (-1 + phi_tmp___1:143) = 0
                     /\ 0 <= (1 + (-1 * mid_r_j:311) + phi_r_n:145)
                     /\ 0 <= l_x':310
                     /\ 0 <= (-1 + l_i':309 + (-1 * havoc:15))
                     /\ 0 <= l_i':309 /\ 0 <= (-2 + mid_r_j:311)
                     /\ 0 <= (1 + mid_r_y:312 + (-1 * mid_r_j:311))
                     /\ (!(0 <= K:313) \/ mid_r_j:311 = (phi_r_j:164 + K:313))
                     /\ (!(0 <= K:313)
                           \/ mid_r_y:312 = (phi_r_y:165 + (-1/2 * K:313)
                                               + (phi_r_j:164 * K:313)
                                               + (1/2 * (K:313 * K:313))))
                     /\ (!(0 <= K:313)
                           \/ (-1 * mid_r_y:312) <= ((-1 * phi_r_y:165)
                                                       + (1/2 * K:313)
                                                       + ((-1 * phi_r_j:164)
                                                            * K:313)
                                                       + (-1/2
                                                            * (K:313 * K:313))))
                     /\ (!(0 <= K:313)
                           \/ mid_r_y:312 <= (phi_r_y:165 + (-1/2 * K:313)
                                                + (phi_r_j:164 * K:313)
                                                + (1/2 * (K:313 * K:313))))
                     /\ (!(0 <= K:313)
                           \/ (-1 * mid_r_j:311) <= ((-1 * phi_r_j:164)
                                                       + (-1 * K:313)))
                     /\ (!(0 <= K:313)
                           \/ mid_r_j:311 <= (phi_r_j:164 + K:313))
                     /\ (!((0 <= K:313 /\ K:313 <= 0)) \/ 0 <= K:313)
                     /\ (!(1 <= K:313) \/ 0 <= (-2 + phi_r_j:164 + K:313))
                     /\ (!((0 <= K:313 /\ K:313 <= 0))
                           \/ 0 <= ((-3/2 * K:313) + (phi_r_j:164 * K:313)
                                      + (1/2 * (K:313 * K:313))))
                     /\ (!(1 <= K:313)
                           \/ 0 <= (1 + phi_r_y:165 + (-1 * phi_r_j:164)
                                      + (-3/2 * K:313)
                                      + (phi_r_j:164 * K:313)
                                      + (1/2 * (K:313 * K:313))))))
         /\ mid_r_j:311 = r_j':314 /\ mid_r_y:312 = r_y':315
         /\ (-1 + (phi_tmp___1:143)) = 0 /\ 0 <= (l_x':310)
         /\ 0 <= (l_i':309) /\ 0 <= (r_y':315) /\ 0 <= (-1 + (r_j':314))
         /\ phi_r_n:145 < r_j':314)}

Is not SAT! (Assertion on line 27 PASSED)
---------------------------------------------

================================================
Bounds on Variables

================================================
Finished!

real	0m1.092s
user	0m1.040s
sys	0m0.028s
