                                                                    (
                                                                    K:304 + 1)))))
                                  /\ (!(0 <= K:304)
                                        \/ mid_r_f21:303 <= (phi_r_f21:276
                                                               + (phi_r_f21:276
                                                                    * (-1 + (-1 * q) + q ^ 2) ^ -1:55(
                                                                    K:304))
                                                               + (-1
                                                                    * phi_r_f22:275
                                                                    * (-1 + (-1 * q) + q ^ 2) ^ -1:55(
                                                                    K:304))
                                                               + (phi_r_f22:275
                                                                    * (-1 + (-1 * q) + q ^ 2) ^ -1:55(
                                                                    (
                                                                    K:304 + 1)))))
                                  /\ (!(0 <= K:304)
                                        \/ (-1 * mid_r_f22:302) <= ((-1
                                                                    * phi_r_f22:275)
                                                                    + (
                                                                    -1
                                                                    * (
                                                                    -1
                                                                    * phi_r_f21:276)
                                                                    * (-1 + (-1 * q) + q ^ 2) ^ -1:55(
                                                                    K:304))
                                                                    + (
                                                                    2
                                                                    * (
                                                                    -1
                                                                    * phi_r_f22:275)
                                                                    * (-1 + (-1 * q) + q ^ 2) ^ -1:55(
                                                                    K:304))
                                                                    + (
                                                                    (-1
                                                                    * phi_r_f21:276)
                                                                    * (-1 + (-1 * q) + q ^ 2) ^ -1:55(
                                                                    (
                                                                    K:304 + 1)))
                                                                    + (
                                                                    -1
                                                                    * (
                                                                    -1
                                                                    * phi_r_f22:275)
                                                                    * (-1 + (-1 * q) + q ^ 2) ^ -1:55(
                                                                    (
                                                                    K:304 + 1)))))
                                  /\ (!(0 <= K:304)
                                        \/ mid_r_f22:302 <= (phi_r_f22:275
                                                               + (-1
                                                                    * phi_r_f21:276
                                                                    * (-1 + (-1 * q) + q ^ 2) ^ -1:55(
                                                                    K:304))
                                                               + (2
                                                                    * phi_r_f22:275
                                                                    * (-1 + (-1 * q) + q ^ 2) ^ -1:55(
                                                                    K:304))
                                                               + (phi_r_f21:276
                                                                    * (-1 + (-1 * q) + q ^ 2) ^ -1:55(
                                                                    (
                                                                    K:304 + 1)))
                                                               + (-1
                                                                    * phi_r_f22:275
                                                                    * (-1 + (-1 * q) + q ^ 2) ^ -1:55(
                                                                    (
                                                                    K:304 + 1)))))
                                  /\ (!(0 <= K:304)
                                        \/ (-1 * mid_r_n2:301) <= ((-1
                                                                    * phi_r_n2:274)
                                                                    + K:304))
                                  /\ (!(0 <= K:304)
                                        \/ mid_r_n2:301 <= (phi_r_n2:274
                                                              + (-1 * K:304)))
                                  /\ (!((0 <= K:304 /\ K:304 <= 0))
                                        \/ 0 <= (-1 * K:304))
                                  /\ (!(1 <= K:304)
                                        \/ 0 <= (phi_r_n2:274 + (-1 * K:304)))))
                      /\ mid_r_n2:301 = r_n2':305
                      /\ mid_r_f22:302 = r_f22':306
                      /\ mid_r_f21:303 = r_f21':307 /\ 0 <= (-1 * l_n1':298)
                      /\ (-1 + (phi_tmp___9:245)) = 0 /\ r_n2':305 <= 0
                      /\ havoc:221 < l_f11':300 /\ l_f11':300 = phi_l_f11:314
                      /\ l_f12':299 = phi_l_f12:313
                      /\ l_n1':298 = phi_l_n1:312 /\ 1 = phi_l_l1:311
                      /\ r_f21':307 = phi_r_f21:310
                      /\ r_f22':306 = phi_r_f22:309
                      /\ r_n2':305 = phi_r_n2:308))
               /\ havoc:226 < phi_r_f21:310 /\ 1 = phi_r_l2:315))}

Is not SAT! (Assertion on line 43 PASSED)
---------------------------------------------

================================================
Bounds on Variables

================================================
Finished!

real	0m1.582s
user	0m1.484s
sys	0m0.076s
