                       /\ 1 = phi_r_x2:896))
                /\ ((havoc:745 = mid_r_i2:915 /\ havoc:743 = mid_r_l2:916
                       /\ havoc:738 = mid_l_i1:917
                       /\ havoc:736 = mid_l_l1:918)
                      \/ ((-1 + phi_tmp___13:768) = 0
                            /\ 0 <= (-1 + (-1 * havoc:738) + phi_l_f11:879)
                            /\ 0 <= (-1 + (-1 * havoc:745) + phi_r_f21:875)
                            /\ 0 <= (-1 * phi_r_n2:873)
                            /\ 0 <= (-1 * phi_l_n1:877) /\ 1 <= K:919
                            /\ (-1 + phi_tmp___13:768) = 0
                            /\ 0 <= ((-1 * mid_l_i1:917) + phi_l_f11:879)
                            /\ 0 <= ((-1 * mid_r_i2:915) + phi_r_f21:875)
                            /\ 0 <= (-1 * phi_r_n2:873)
                            /\ 0 <= (-1 * phi_l_n1:877)
                            /\ (!(0 <= K:919)
                                  \/ mid_r_i2:915 = (havoc:745 + K:919))
                            /\ (!(0 <= K:919)
                                  \/ mid_r_l2:916 = (havoc:743
                                                       + (phi_r_x2:896
                                                            * K:919)))
                            /\ (!(0 <= K:919)
                                  \/ mid_l_i1:917 = (havoc:738 + K:919))
                            /\ (!(0 <= K:919)
                                  \/ mid_l_l1:918 = (havoc:736
                                                       + (phi_l_x1:895
                                                            * K:919)))
                            /\ (!(0 <= K:919)
                                  \/ (-1 * mid_l_i1:917) <= ((-1 * havoc:738)
                                                               + (-1 * K:919)))
                            /\ (!(0 <= K:919)
                                  \/ mid_l_i1:917 <= (havoc:738 + K:919))
                            /\ (!(0 <= K:919)
                                  \/ (-1 * mid_r_i2:915) <= ((-1 * havoc:745)
                                                               + (-1 * K:919)))
                            /\ (!(0 <= K:919)
                                  \/ mid_r_i2:915 <= (havoc:745 + K:919))))
                /\ mid_r_i2:915 = r_i2':920 /\ mid_r_l2:916 = r_l2':921
                /\ mid_l_i1:917 = l_i1':922 /\ mid_l_l1:918 = l_l1':923
                /\ 0 <= (-1 * phi_l_n1:877) /\ 0 <= (-1 * phi_r_n2:873)
                /\ (-1 + (phi_tmp___13:768)) = 0 /\ l_i1':922 < phi_l_f11:879
                /\ phi_r_f21:875 <= r_i2':920 /\ l_l1':923 = phi_l_l1:927
                /\ l_i1':922 = phi_l_i1:926 /\ r_l2':921 = phi_r_l2:925
                /\ r_i2':920 = phi_r_i2:924))
         /\ ((phi_l_i1:926 = mid_l_i1:1036 /\ phi_l_l1:927 = mid_l_l1:1037)
               \/ ((-1 + phi_tmp___13:768) = 0
                     /\ 0 <= (-1 + (-1 * phi_l_i1:926) + phi_l_f11:879)
                     /\ 0 <= ((-1 * phi_r_f21:875) + phi_r_i2:924)
                     /\ 0 <= (-1 * phi_r_n2:873) /\ 0 <= (-1 * phi_l_n1:877)
                     /\ 1 <= K:1038 /\ (-1 + phi_tmp___13:768) = 0
                     /\ 0 <= ((-1 * mid_l_i1:1036) + phi_l_f11:879)
                     /\ 0 <= ((-1 * phi_r_f21:875) + phi_r_i2:924)
                     /\ 0 <= (-1 * phi_r_n2:873) /\ 0 <= (-1 * phi_l_n1:877)
                     /\ (!(0 <= K:1038)
                           \/ mid_l_i1:1036 = (phi_l_i1:926 + K:1038))
                     /\ (!(0 <= K:1038)
                           \/ mid_l_l1:1037 = (phi_l_l1:927
                                                 + (phi_l_x1:895 * K:1038)))
                     /\ (!(0 <= K:1038)
                           \/ (-1 * mid_l_i1:1036) <= ((-1 * phi_l_i1:926)
                                                         + (-1 * K:1038)))
                     /\ (!(0 <= K:1038)
                           \/ mid_l_i1:1036 <= (phi_l_i1:926 + K:1038))))
         /\ mid_l_i1:1036 = l_i1':1039 /\ mid_l_l1:1037 = l_l1':1040
         /\ 0 <= (-1 * phi_l_n1:877) /\ 0 <= (-1 * phi_r_n2:873)
         /\ (-1 + (phi_tmp___13:768)) = 0 /\ phi_l_f11:879 <= l_i1':1039
         /\ ((phi_r_i2:924 = mid_r_i2:1041 /\ phi_r_l2:925 = mid_r_l2:1042)
               \/ ((-1 + phi_tmp___13:768) = 0
                     /\ 0 <= (-1 + (-1 * phi_r_i2:924) + phi_r_f21:875)
                     /\ 0 <= ((-1 * phi_l_f11:879) + l_i1':1039)
                     /\ 0 <= (-1 * phi_r_n2:873) /\ 0 <= (-1 * phi_l_n1:877)
                     /\ 1 <= K:1043 /\ (-1 + phi_tmp___13:768) = 0
                     /\ 0 <= ((-1 * mid_r_i2:1041) + phi_r_f21:875)
                     /\ 0 <= ((-1 * phi_l_f11:879) + l_i1':1039)
                     /\ 0 <= (-1 * phi_r_n2:873) /\ 0 <= (-1 * phi_l_n1:877)
                     /\ (!(0 <= K:1043)
                           \/ mid_r_i2:1041 = (phi_r_i2:924 + K:1043))
                     /\ (!(0 <= K:1043)
                           \/ mid_r_l2:1042 = (phi_r_l2:925
                                                 + (phi_r_x2:896 * K:1043)))
                     /\ (!(0 <= K:1043)
                           \/ (-1 * mid_r_i2:1041) <= ((-1 * phi_r_i2:924)
                                                         + (-1 * K:1043)))
                     /\ (!(0 <= K:1043)
                           \/ mid_r_i2:1041 <= (phi_r_i2:924 + K:1043))))
         /\ mid_r_i2:1041 = r_i2':1044 /\ mid_r_l2:1042 = r_l2':1045
         /\ 0 <= (-1 * phi_l_n1:877) /\ 0 <= (-1 * phi_r_n2:873)
         /\ (-1 + (phi_tmp___13:768)) = 0 /\ phi_r_f21:875 <= r_i2':1044)}

Is not SAT! (Assertion on line 67 PASSED)
---------------------------------------------

================================================
Bounds on Variables

================================================
Finished!

real	0m4.645s
user	0m4.492s
sys	0m0.124s
