                         /\ havoc:107 = phi_tmp___0:112
                         /\ (2 * havoc:14) = phi_l_z:111 /\ 0 = phi_l_y:110
                         /\ havoc:107 = phi_r_z:109)
                        \/ (havoc:14 = havoc:108 /\ 0 < (2 * havoc:14)
                              /\ havoc:108 = phi_r_x:113
                              /\ havoc:108 = phi_tmp___0:112
                              /\ ((2 * havoc:14) + -1) = phi_l_z:111
                              /\ havoc:14 = phi_l_y:110
                              /\ havoc:108 = phi_r_z:109)) /\ 0 < phi_l_z:111
                       /\ (phi_l_z:111 + -1) = phi_l_z:115
                       /\ (phi_l_y:110 + havoc:14) = phi_l_y:114))
                /\ ((0 = mid_r_y:125 /\ phi_r_z:109 = mid_r_z:126
                       /\ phi_l_y:114 = mid_l_y:127
                       /\ phi_l_z:115 = mid_l_z:128)
                      \/ (0 <= (-1 + phi_r_z:109) /\ 0 <= (-1 + phi_l_z:115)
                            /\ 1 <= K:129 /\ 0 <= mid_r_z:126
                            /\ 0 <= mid_l_z:128
                            /\ (!(0 <= K:129)
                                  \/ mid_r_y:125 = (phi_r_x:113 * K:129))
                            /\ (!(0 <= K:129)
                                  \/ mid_r_z:126 = (phi_r_z:109
                                                      + (-1 * K:129)))
                            /\ (!(0 <= K:129)
                                  \/ mid_l_y:127 = (phi_l_y:114
                                                      + (havoc:14 * K:129)))
                            /\ (!(0 <= K:129)
                                  \/ mid_l_z:128 = (phi_l_z:115
                                                      + (-1 * K:129)))
                            /\ (!(0 <= K:129)
                                  \/ (-1 * mid_l_z:128) <= ((-1 * phi_l_z:115)
                                                              + K:129))
                            /\ (!(0 <= K:129)
                                  \/ mid_l_z:128 <= (phi_l_z:115
                                                       + (-1 * K:129)))
                            /\ (!(0 <= K:129)
                                  \/ (-1 * mid_r_z:126) <= ((-1 * phi_r_z:109)
                                                              + K:129))
                            /\ (!(0 <= K:129)
                                  \/ mid_r_z:126 <= (phi_r_z:109
                                                       + (-1 * K:129)))
                            /\ (!((0 <= K:129 /\ K:129 <= 0))
                                  \/ 0 <= (-1 * K:129))
                            /\ (!(1 <= K:129)
                                  \/ 0 <= (phi_r_z:109 + (-1 * K:129)))
                            /\ (!((0 <= K:129 /\ K:129 <= 0))
                                  \/ 0 <= (-1 * K:129))
                            /\ (!(1 <= K:129)
                                  \/ 0 <= (phi_l_z:115 + (-1 * K:129)))))
                /\ mid_r_y:125 = r_y':130 /\ mid_r_z:126 = r_z':131
                /\ mid_l_y:127 = l_y':132 /\ mid_l_z:128 = l_z':133
                /\ 0 < l_z':133 /\ r_z':131 <= 0 /\ l_z':133 = phi_l_z:137
                /\ l_y':132 = phi_l_y:136 /\ r_z':131 = phi_r_z:135
                /\ r_y':130 = phi_r_y:134))
         /\ ((phi_l_y:136 = mid_l_y:325 /\ phi_l_z:137 = mid_l_z:326)
               \/ (0 <= (-1 * phi_r_z:135) /\ 0 <= (-1 + phi_l_z:137)
                     /\ 1 <= K:327 /\ 0 <= (-1 * phi_r_z:135)
                     /\ 0 <= mid_l_z:326
                     /\ (!(0 <= K:327)
                           \/ mid_l_y:325 = (phi_l_y:136 + (havoc:14 * K:327)))
                     /\ (!(0 <= K:327)
                           \/ mid_l_z:326 = (phi_l_z:137 + (-1 * K:327)))
                     /\ (!(0 <= K:327)
                           \/ (-1 * mid_l_z:326) <= ((-1 * phi_l_z:137)
                                                       + K:327))
                     /\ (!(0 <= K:327)
                           \/ mid_l_z:326 <= (phi_l_z:137 + (-1 * K:327)))
                     /\ (!((0 <= K:327 /\ K:327 <= 0)) \/ 0 <= (-1 * K:327))
                     /\ (!(1 <= K:327) \/ 0 <= (phi_l_z:137 + (-1 * K:327)))))
         /\ mid_l_y:325 = l_y':328 /\ mid_l_z:326 = l_z':329 /\ l_z':329 <= 0
         /\ ((phi_r_y:134 = mid_r_y:330 /\ phi_r_z:135 = mid_r_z:331)
               \/ (0 <= (-1 * l_z':329) /\ 0 <= (-1 + phi_r_z:135)
                     /\ 1 <= K:332 /\ 0 <= (-1 * l_z':329)
                     /\ 0 <= mid_r_z:331
                     /\ (!(0 <= K:332)
                           \/ mid_r_y:330 = (phi_r_y:134
                                               + (phi_r_x:113 * K:332)))
                     /\ (!(0 <= K:332)
                           \/ mid_r_z:331 = (phi_r_z:135 + (-1 * K:332)))
                     /\ (!(0 <= K:332)
                           \/ (-1 * mid_r_z:331) <= ((-1 * phi_r_z:135)
                                                       + K:332))
                     /\ (!(0 <= K:332)
                           \/ mid_r_z:331 <= (phi_r_z:135 + (-1 * K:332)))
                     /\ (!((0 <= K:332 /\ K:332 <= 0)) \/ 0 <= (-1 * K:332))
                     /\ (!(1 <= K:332) \/ 0 <= (phi_r_z:135 + (-1 * K:332)))))
         /\ mid_r_y:330 = r_y':333 /\ mid_r_z:331 = r_z':334
         /\ 0 <= (-1 * l_z':329) /\ r_z':334 <= 0)}

Is not SAT! (Assertion on line 38 PASSED)
---------------------------------------------

================================================
Bounds on Variables

================================================
Finished!

real	0m0.840s
user	0m0.776s
sys	0m0.036s
