                            /\ (!(1 <= K:334) \/ mid_l_y:332 <= 0)
                            /\ (!((1 <= K:334 /\ K:334 <= 1))
                                  \/ 0 <= l_y':323)
                            /\ (!((1 <= K:334 /\ K:334 <= 1))
                                  \/ 0 <= (-1 * l_y':323))
                            /\ (!((0 <= K:334 /\ K:334 <= 0)) \/ 0 <= K:334)
                            /\ (!(1 <= K:334) \/ 0 <= (-1 + r_i':329 + K:334))
                            /\ (!((0 <= K:334 /\ K:334 <= 0)) \/ 0 <= K:334)
                            /\ (!(1 <= K:334) \/ 0 <= (-1 + l_i':324 + K:334))))
                /\ mid_r_y:330 = r_y':335 /\ mid_r_i:331 = r_i':336
                /\ mid_l_y:332 = l_y':337 /\ mid_l_i:333 = l_i':338
                /\ (-1 + (phi_tmp___3:276)) = 0 /\ 0 <= (l_i':338)
                /\ (l_y':337) = 0 /\ (-1 + 1) = 0 /\ 0 <= (r_i':336)
                /\ (r_y':335) = 0 /\ (-1 + 1) = 0 /\ l_i':338 < havoc:21
                /\ havoc:257 <= r_i':336 /\ l_i':338 = phi_l_i:342
                /\ l_y':337 = phi_l_y:341 /\ r_i':336 = phi_r_i:340
                /\ r_y':335 = phi_r_y:339))
         /\ ((phi_l_y:341 = mid_l_y:754 /\ phi_l_i:342 = mid_l_i:755)
               \/ ((-1 + phi_tmp___3:276) = 0 /\ (-1 + 1) = 0
                     /\ phi_r_y:339 = 0 /\ (-1 + 1) = 0 /\ phi_l_y:341 = 0
                     /\ 0 <= (-1 + (-1 * phi_l_i:342) + havoc:21)
                     /\ 0 <= (phi_r_i:340 + (-1 * havoc:257))
                     /\ 0 <= phi_r_i:340 /\ 0 <= phi_l_i:342 /\ 1 <= K:756
                     /\ (-1 + phi_tmp___3:276) = 0 /\ (-1 + 1) = 0
                     /\ phi_r_y:339 = 0 /\ (-1 + 1) = 0 /\ mid_l_y:754 = 0
                     /\ 0 <= ((-1 * mid_l_i:755) + havoc:21)
                     /\ 0 <= (phi_r_i:340 + (-1 * havoc:257))
                     /\ 0 <= phi_r_i:340 /\ 0 <= (-1 + mid_l_i:755)
                     /\ (!((0 <= K:756 /\ K:756 <= 0))
                           \/ mid_l_y:754 = phi_l_y:341)
                     /\ (!(1 <= K:756) \/ mid_l_y:754 = 0)
                     /\ (!(0 <= K:756) \/ mid_l_i:755 = (phi_l_i:342 + K:756))
                     /\ (!(0 <= K:756)
                           \/ (-1 * mid_l_i:755) <= ((-1 * phi_l_i:342)
                                                       + (-1 * K:756)))
                     /\ (!(0 <= K:756)
                           \/ mid_l_i:755 <= (phi_l_i:342 + K:756))
                     /\ (!((0 <= K:756 /\ K:756 <= 0))
                           \/ (-1 * mid_l_y:754) <= (-1 * phi_l_y:341))
                     /\ (!(1 <= K:756) \/ (-1 * mid_l_y:754) <= 0)
                     /\ (!((0 <= K:756 /\ K:756 <= 0))
                           \/ mid_l_y:754 <= phi_l_y:341)
                     /\ (!(1 <= K:756) \/ mid_l_y:754 <= 0)
                     /\ (!((1 <= K:756 /\ K:756 <= 1)) \/ 0 <= phi_l_y:341)
                     /\ (!((1 <= K:756 /\ K:756 <= 1))
                           \/ 0 <= (-1 * phi_l_y:341))
                     /\ (!((0 <= K:756 /\ K:756 <= 0)) \/ 0 <= K:756)
                     /\ (!(1 <= K:756) \/ 0 <= (-1 + phi_l_i:342 + K:756))))
         /\ mid_l_y:754 = l_y':757 /\ mid_l_i:755 = l_i':758
         /\ (-1 + (phi_tmp___3:276)) = 0 /\ 0 <= (l_i':758) /\ (l_y':757) = 0
         /\ (-1 + 1) = 0 /\ 0 <= (phi_r_i:340) /\ (phi_r_y:339) = 0
         /\ (-1 + 1) = 0 /\ havoc:21 <= l_i':758
         /\ ((phi_r_y:339 = mid_r_y:759 /\ phi_r_i:340 = mid_r_i:760)
               \/ ((-1 + phi_tmp___3:276) = 0 /\ l_y':757 = 0 /\ (-1 + 1) = 0
                     /\ (-1 + 1) = 0 /\ phi_r_y:339 = 0
                     /\ 0 <= (-1 + (-1 * phi_r_i:340) + havoc:257)
                     /\ 0 <= (l_i':758 + (-1 * havoc:21)) /\ 0 <= l_i':758
                     /\ 0 <= phi_r_i:340 /\ 1 <= K:761
                     /\ (-1 + phi_tmp___3:276) = 0 /\ l_y':757 = 0
                     /\ (-1 + 1) = 0 /\ (-1 + 1) = 0 /\ mid_r_y:759 = 0
                     /\ 0 <= ((-1 * mid_r_i:760) + havoc:257)
                     /\ 0 <= (l_i':758 + (-1 * havoc:21)) /\ 0 <= l_i':758
                     /\ 0 <= (-1 + mid_r_i:760)
                     /\ (!((0 <= K:761 /\ K:761 <= 0))
                           \/ mid_r_y:759 = phi_r_y:339)
                     /\ (!(1 <= K:761) \/ mid_r_y:759 = 0)
                     /\ (!(0 <= K:761) \/ mid_r_i:760 = (phi_r_i:340 + K:761))
                     /\ (!(0 <= K:761)
                           \/ (-1 * mid_r_i:760) <= ((-1 * phi_r_i:340)
                                                       + (-1 * K:761)))
                     /\ (!(0 <= K:761)
                           \/ mid_r_i:760 <= (phi_r_i:340 + K:761))
                     /\ (!((0 <= K:761 /\ K:761 <= 0))
                           \/ (-1 * mid_r_y:759) <= (-1 * phi_r_y:339))
                     /\ (!(1 <= K:761) \/ (-1 * mid_r_y:759) <= 0)
                     /\ (!((0 <= K:761 /\ K:761 <= 0))
                           \/ mid_r_y:759 <= phi_r_y:339)
                     /\ (!(1 <= K:761) \/ mid_r_y:759 <= 0)
                     /\ (!((1 <= K:761 /\ K:761 <= 1)) \/ 0 <= phi_r_y:339)
                     /\ (!((1 <= K:761 /\ K:761 <= 1))
                           \/ 0 <= (-1 * phi_r_y:339))
                     /\ (!((0 <= K:761 /\ K:761 <= 0)) \/ 0 <= K:761)
                     /\ (!(1 <= K:761) \/ 0 <= (-1 + phi_r_i:340 + K:761))))
         /\ mid_r_y:759 = r_y':762 /\ mid_r_i:760 = r_i':763
         /\ (-1 + (phi_tmp___3:276)) = 0 /\ 0 <= (l_i':758) /\ (l_y':757) = 0
         /\ (-1 + 1) = 0 /\ 0 <= (r_i':763) /\ (r_y':762) = 0 /\ (-1 + 1) = 0
         /\ havoc:257 <= r_i':763)}

Is not SAT! (Assertion on line 49 PASSED)
---------------------------------------------

================================================
Bounds on Variables

================================================
Finished!

real	0m1.626s
user	0m1.532s
sys	0m0.064s
