                       /\ tmp___5':2183 = phi_tmp___5:2203
                       /\ (alloc:1969 + (4 * r_j':2184)) = phi_mem_22:2202
                       /\ mem_23':2181 = phi_mem_23:2201
                       /\ (4 * r_j':2184) = phi_mem_22@pos:2200
                       /\ mem_23@pos':2179 = phi_mem_23@pos:2199
                       /\ 40 = phi_mem_22@width:2198
                       /\ mem_23@width':2177 = phi_mem_23@width:2197))
                /\ ((phi_r_j:2204 = mid_r_j:2215
                       /\ phi_l_i:2139 = mid_l_i:2216)
                      \/ ((-1 + phi_tmp___3:1976) = 0
                            /\ 0 <= (-1 + (-1 * phi_l_i:2139) + (10 + 1))
                            /\ 0 <= (-1 + (-1 * phi_r_j:2204) + (10 + 1))
                            /\ 0 <= phi_r_j:2204 /\ 0 <= phi_l_i:2139
                            /\ 1 <= K:2217 /\ (-1 + phi_tmp___3:1976) = 0
                            /\ 0 <= ((-1 * mid_l_i:2216) + (10 + 1))
                            /\ 0 <= ((-1 * mid_r_j:2215) + (10 + 1))
                            /\ 0 <= (-1 + mid_r_j:2215)
                            /\ 0 <= (-1 + mid_l_i:2216)
                            /\ (!(0 <= K:2217)
                                  \/ mid_r_j:2215 = (phi_r_j:2204 + K:2217))
                            /\ (!(0 <= K:2217)
                                  \/ mid_l_i:2216 = (phi_l_i:2139 + K:2217))
                            /\ (!(0 <= K:2217)
                                  \/ (-1 * mid_l_i:2216) <= ((-1
                                                                * phi_l_i:2139)
                                                               + (-1 * K:2217)))
                            /\ (!(0 <= K:2217)
                                  \/ mid_l_i:2216 <= (phi_l_i:2139 + K:2217))
                            /\ (!(0 <= K:2217)
                                  \/ (-1 * mid_r_j:2215) <= ((-1
                                                                * phi_r_j:2204)
                                                               + (-1 * K:2217)))
                            /\ (!(0 <= K:2217)
                                  \/ mid_r_j:2215 <= (phi_r_j:2204 + K:2217))
                            /\ (!((0 <= K:2217 /\ K:2217 <= 0))
                                  \/ 0 <= K:2217)
                            /\ (!(1 <= K:2217)
                                  \/ 0 <= (-1 + phi_r_j:2204 + K:2217))
                            /\ (!((0 <= K:2217 /\ K:2217 <= 0))
                                  \/ 0 <= K:2217)
                            /\ (!(1 <= K:2217)
                                  \/ 0 <= (-1 + phi_l_i:2139 + K:2217))))
                /\ mid_r_j:2215 = r_j':2218 /\ mid_l_i:2216 = l_i':2219
                /\ (-1 + (phi_tmp___3:1976)) = 0 /\ 0 <= (l_i':2219)
                /\ 0 <= (r_j':2218) /\ l_i':2219 < (10 + 1)
                /\ (10 + 1) <= r_j':2218 /\ l_i':2219 = phi_l_i:2221
                /\ r_j':2218 = phi_r_j:2220))
         /\ (phi_l_i:2221 = mid_l_i:2246
               \/ ((-1 + phi_tmp___3:1976) = 0
                     /\ 0 <= (-1 + (-1 * phi_l_i:2221) + (10 + 1))
                     /\ 0 <= (phi_r_j:2220 + (-1 * (10 + 1)))
                     /\ 0 <= phi_r_j:2220 /\ 0 <= phi_l_i:2221 /\ 1 <= K:2247
                     /\ (-1 + phi_tmp___3:1976) = 0
                     /\ 0 <= ((-1 * mid_l_i:2246) + (10 + 1))
                     /\ 0 <= (phi_r_j:2220 + (-1 * (10 + 1)))
                     /\ 0 <= phi_r_j:2220 /\ 0 <= (-1 + mid_l_i:2246)
                     /\ (!(0 <= K:2247)
                           \/ mid_l_i:2246 = (phi_l_i:2221 + K:2247))
                     /\ (!(0 <= K:2247)
                           \/ (-1 * mid_l_i:2246) <= ((-1 * phi_l_i:2221)
                                                        + (-1 * K:2247)))
                     /\ (!(0 <= K:2247)
                           \/ mid_l_i:2246 <= (phi_l_i:2221 + K:2247))
                     /\ (!((0 <= K:2247 /\ K:2247 <= 0)) \/ 0 <= K:2247)
                     /\ (!(1 <= K:2247) \/ 0 <= (-1 + phi_l_i:2221 + K:2247))))
         /\ mid_l_i:2246 = l_i':2248 /\ (-1 + (phi_tmp___3:1976)) = 0
         /\ 0 <= (l_i':2248) /\ 0 <= (phi_r_j:2220) /\ (10 + 1) <= l_i':2248
         /\ (phi_r_j:2220 = mid_r_j:2249
               \/ ((-1 + phi_tmp___3:1976) = 0
                     /\ 0 <= (-1 + (-1 * phi_r_j:2220) + (10 + 1))
                     /\ 0 <= (l_i':2248 + (-1 * (10 + 1))) /\ 0 <= l_i':2248
                     /\ 0 <= phi_r_j:2220 /\ 1 <= K:2250
                     /\ (-1 + phi_tmp___3:1976) = 0
                     /\ 0 <= ((-1 * mid_r_j:2249) + (10 + 1))
                     /\ 0 <= (l_i':2248 + (-1 * (10 + 1))) /\ 0 <= l_i':2248
                     /\ 0 <= (-1 + mid_r_j:2249)
                     /\ (!(0 <= K:2250)
                           \/ mid_r_j:2249 = (phi_r_j:2220 + K:2250))
                     /\ (!(0 <= K:2250)
                           \/ (-1 * mid_r_j:2249) <= ((-1 * phi_r_j:2220)
                                                        + (-1 * K:2250)))
                     /\ (!(0 <= K:2250)
                           \/ mid_r_j:2249 <= (phi_r_j:2220 + K:2250))
                     /\ (!((0 <= K:2250 /\ K:2250 <= 0)) \/ 0 <= K:2250)
                     /\ (!(1 <= K:2250) \/ 0 <= (-1 + phi_r_j:2220 + K:2250))))
         /\ mid_r_j:2249 = r_j':2251 /\ (-1 + (phi_tmp___3:1976)) = 0
         /\ 0 <= (l_i':2248) /\ 0 <= (r_j':2251) /\ (10 + 1) <= r_j':2251)}

Is not SAT! (Assertion on line 41 PASSED)
---------------------------------------------

================================================
Bounds on Variables

================================================
Finished!

real	0m3.304s
user	0m3.224s
sys	0m0.052s
