                /\ havoc:211 = phi_tmp___0:231 /\ l_y':224 = phi_l_y:230
                /\ l_z':223 = phi_l_z:229 /\ l_w':222 = phi_l_w:228
                /\ r_y':221 = phi_r_y:227 /\ r_z':220 = phi_r_z:226
                /\ r_w':219 = phi_r_w:225))
         /\ ((phi_l_w:228 = mid_l_w:562 /\ phi_l_z:229 = mid_l_z:563
                /\ phi_l_y:230 = mid_l_y:564)
               \/ (0 <= (120 + (-24 * phi_l_y:230) + (-5 * phi_l_z:229)
                           + (phi_l_y:230 * phi_l_z:229))
                     /\ 0 <= (1 + (-1 * (phi_l_w:228 mod 2)))
                     /\ 0 <= (4 + (-1 * phi_r_y:227)) /\ 0 <= phi_r_w:225
                     /\ 0 <= (-16 + phi_r_z:226) /\ 0 <= (phi_l_w:228 mod 2)
                     /\ 0 <= phi_l_w:228 /\ 0 <= (-24 + phi_l_z:229)
                     /\ 0 <= (-5 + phi_l_y:230) /\ 1 <= K:565
                     /\ 0 <= (1 + (-1 * ((-1 + mid_l_w:562) mod 2)))
                     /\ 0 <= (4 + (-1 * phi_r_y:227)) /\ 0 <= phi_r_w:225
                     /\ 0 <= (-16 + phi_r_z:226)
                     /\ 0 <= ((-1 + mid_l_w:562) mod 2)
                     /\ 0 <= (-1 + mid_l_w:562)
                     /\ 0 <= (-120 + mid_l_z:563
                                + (96 * ((-1 + mid_l_w:562) mod 2)))
                     /\ 0 <= (-4 + mid_l_y:564
                                + (-1 * ((-1 + mid_l_w:562) mod 2)))
                     /\ (!(0 <= K:565) \/ mid_l_w:562 = (phi_l_w:228 + K:565))
                     /\ (!(0 <= K:565)
                           \/ (-1 * mid_l_w:562) <= ((-1 * phi_l_w:228)
                                                       + (-1 * K:565)))
                     /\ (!(0 <= K:565)
                           \/ mid_l_w:562 <= (phi_l_w:228 + K:565))
                     /\ (!(0 <= K:565) \/ mid_l_y:564 <= phi_l_y:230)
                     /\ (!((0 <= K:565 /\ K:565 <= 0)) \/ 0 <= K:565)
                     /\ (!(1 <= K:565) \/ 0 <= (-1 + phi_l_w:228 + K:565))
                     /\ (!(1 <= K:565) \/ 0 <= (-5 + phi_l_y:230))
                     /\ (!(0 <= K:565)
                           \/ (-1 * mid_l_y:564) <= ((-1 * phi_l_y:230)
                                                       + K:565))
                     /\ (!(0 <= K:565)
                           \/ ((-96 * mid_l_y:564) + (-1 * mid_l_z:563)) <= (
                              (-96 * phi_l_y:230) + (-1 * phi_l_z:229)))))
         /\ mid_l_w:562 = l_w':566 /\ mid_l_z:563 = l_z':567
         /\ mid_l_y:564 = l_y':568 /\ 0 <= (-24 + (l_z':567))
         /\ 0 <= (l_w':566) /\ 0 <= (-16 + (phi_r_z:226))
         /\ 0 <= (phi_r_w:225) /\ l_y':568 <= 4
         /\ ((phi_r_w:225 = mid_r_w:569 /\ phi_r_z:226 = mid_r_z:570
                /\ phi_r_y:227 = mid_r_y:571)
               \/ (0 <= (2 + (-1 * (phi_r_w:225 mod 3)))
                     /\ 0 <= (4 + (-1 * l_y':568)) /\ 0 <= l_w':566
                     /\ 0 <= (-24 + l_z':567) /\ 0 <= (phi_r_w:225 mod 3)
                     /\ 0 <= phi_r_w:225 /\ 0 <= (-16 + phi_r_z:226)
                     /\ 0 <= (-5 + phi_r_y:227) /\ 1 <= K:572
                     /\ 0 <= (2 + (-1 * ((-1 + mid_r_w:569) mod 3)))
                     /\ 0 <= (4 + (-1 * l_y':568)) /\ 0 <= l_w':566
                     /\ 0 <= (-24 + l_z':567)
                     /\ 0 <= ((-1 + mid_r_w:569) mod 3)
                     /\ 0 <= (-1 + mid_r_w:569) /\ 0 <= (-16 + mid_r_z:570)
                     /\ 0 <= (-32 + mid_r_z:570
                                + (16 * ((-1 + mid_r_w:569) mod 3)))
                     /\ 0 <= (-8 + (2 * mid_r_y:571)
                                + (-1 * ((-1 + mid_r_w:569) mod 3)))
                     /\ 0 <= (-96 + (16 * mid_r_y:571) + mid_r_z:570)
                     /\ (!(0 <= K:572) \/ mid_r_w:569 = (phi_r_w:225 + K:572))
                     /\ (!(0 <= K:572)
                           \/ (-1 * mid_r_w:569) <= ((-1 * phi_r_w:225)
                                                       + (-1 * K:572)))
                     /\ (!(0 <= K:572)
                           \/ mid_r_w:569 <= (phi_r_w:225 + K:572))
                     /\ (!(0 <= K:572)
                           \/ ((16 * mid_r_y:571) + mid_r_z:570) <= (
                              ((16 * phi_r_y:227) + phi_r_z:226)
                                + (-16 * (-1 * phi_r_y:227))
                                + (-1 * ((16 * phi_r_y:227) + phi_r_z:226))
                                + (16 * (-1 * phi_r_y:227) * pow:29(2, K:572))
                                + (((16 * phi_r_y:227) + phi_r_z:226)
                                     * pow:29(2, K:572)) + (-16 * K:572)))
                     /\ (!(0 <= K:572) \/ mid_r_y:571 <= phi_r_y:227)
                     /\ (!((0 <= K:572 /\ K:572 <= 0)) \/ 0 <= K:572)
                     /\ (!(1 <= K:572) \/ 0 <= (-1 + phi_r_w:225 + K:572))
                     /\ (!(1 <= K:572) \/ 0 <= (-5 + phi_r_y:227))
                     /\ (!(0 <= K:572)
                           \/ (-1 * mid_r_y:571) <= ((-1 * phi_r_y:227)
                                                       + K:572))
                     /\ (!(0 <= K:572)
                           \/ ((-16 * mid_r_y:571) + (-1 * mid_r_z:570)) <= (
                              (-16 * phi_r_y:227) + (-1 * phi_r_z:226)))))
         /\ mid_r_w:569 = r_w':573 /\ mid_r_z:570 = r_z':574
         /\ mid_r_y:571 = r_y':575 /\ 0 <= (4 + (-1 * l_y':568))
         /\ 0 <= (-24 + (l_z':567)) /\ 0 <= (l_w':566)
         /\ 0 <= (-16 + (r_z':574)) /\ 0 <= (r_w':573) /\ r_y':575 <= 4)}

Is SAT! (Assertion on line 41 FAILED)
---------------------------------------------

================================================
Bounds on Variables

================================================
Finished!

real	0m1.428s
user	0m1.376s
sys	0m0.028s
