                       /\ (!(0 <= K:119)
                             \/ (-1 * mid_r_i:115) <= (-1 * K:119))
                       /\ (!(0 <= K:119) \/ mid_r_i:115 <= K:119)
                       /\ (!((0 <= K:119 /\ K:119 <= 0)) \/ 0 <= K:119)
                       /\ (!(1 <= K:119) \/ 0 <= (-1 + K:119))
                       /\ (!((0 <= K:119 /\ K:119 <= 0)) \/ 0 <= K:119)
                       /\ (!(1 <= K:119) \/ 0 <= (-1 + K:119))))
           /\ mid_r_i:115 = r_i':120 /\ mid_r_y:116 = r_y':121
           /\ mid_l_i:117 = l_i':122 /\ mid_l_y:118 = l_y':123
           /\ 0 <= (l_i':122) /\ 0 <= (r_i':120)
           /\ (2 * havoc:16) <= l_i':122 /\ havoc:114 = phi_r_x:140
           /\ havoc:114 = phi_tmp___0:139 /\ l_y':123 = phi_l_y:138
           /\ l_i':122 = phi_l_i:137 /\ r_y':121 = phi_r_y:136
           /\ havoc:114 = phi_r_z:135 /\ r_i':120 = phi_r_i:134)
          \/ (havoc:16 = havoc:124
                /\ ((0 = mid_r_i:125 /\ 0 = mid_r_y:126 /\ 0 = mid_l_i:127
                       /\ 0 = mid_l_y:128)
                      \/ (0 <= (-1 + (2 * havoc:16)) /\ 0 <= (-1 + havoc:124)
                            /\ 1 <= K:129
                            /\ 0 <= ((-1 * mid_l_i:127) + (2 * havoc:16))
                            /\ 0 <= ((-1 * mid_r_i:125) + havoc:124)
                            /\ 0 <= (-1 + mid_r_i:125)
                            /\ 0 <= (-1 + mid_l_i:127)
                            /\ (!(0 <= K:129) \/ mid_r_i:125 = K:129)
                            /\ (!(0 <= K:129)
                                  \/ mid_r_y:126 = (havoc:124 * K:129))
                            /\ (!(0 <= K:129) \/ mid_l_i:127 = K:129)
                            /\ (!(0 <= K:129)
                                  \/ mid_l_y:128 = (havoc:16 * K:129))
                            /\ (!(0 <= K:129)
                                  \/ (-1 * mid_l_i:127) <= (-1 * K:129))
                            /\ (!(0 <= K:129) \/ mid_l_i:127 <= K:129)
                            /\ (!(0 <= K:129)
                                  \/ (-1 * mid_r_i:125) <= (-1 * K:129))
                            /\ (!(0 <= K:129) \/ mid_r_i:125 <= K:129)
                            /\ (!((0 <= K:129 /\ K:129 <= 0)) \/ 0 <= K:129)
                            /\ (!(1 <= K:129) \/ 0 <= (-1 + K:129))
                            /\ (!((0 <= K:129 /\ K:129 <= 0)) \/ 0 <= K:129)
                            /\ (!(1 <= K:129) \/ 0 <= (-1 + K:129))))
                /\ mid_r_i:125 = r_i':130 /\ mid_r_y:126 = r_y':131
                /\ mid_l_i:127 = l_i':132 /\ mid_l_y:128 = l_y':133
                /\ 0 <= (l_i':132) /\ 0 <= (r_i':130)
                /\ l_i':132 < (2 * havoc:16) /\ havoc:124 <= r_i':130
                /\ havoc:124 = phi_r_x:140 /\ havoc:124 = phi_tmp___0:139
                /\ l_y':133 = phi_l_y:138 /\ l_i':132 = phi_l_i:137
                /\ r_y':131 = phi_r_y:136 /\ havoc:124 = phi_r_z:135
                /\ r_i':130 = phi_r_i:134))
         /\ ((phi_l_i:137 = mid_l_i:347 /\ phi_l_y:138 = mid_l_y:348)
               \/ (0 <= (-1 + (-1 * phi_l_i:137) + (2 * havoc:16))
                     /\ 0 <= (phi_r_i:134 + (-1 * phi_r_z:135))
                     /\ 0 <= phi_r_i:134 /\ 0 <= phi_l_i:137 /\ 1 <= K:349
                     /\ 0 <= ((-1 * mid_l_i:347) + (2 * havoc:16))
                     /\ 0 <= (phi_r_i:134 + (-1 * phi_r_z:135))
                     /\ 0 <= phi_r_i:134 /\ 0 <= (-1 + mid_l_i:347)
                     /\ (!(0 <= K:349) \/ mid_l_i:347 = (phi_l_i:137 + K:349))
                     /\ (!(0 <= K:349)
                           \/ mid_l_y:348 = (phi_l_y:138 + (havoc:16 * K:349)))
                     /\ (!(0 <= K:349)
                           \/ (-1 * mid_l_i:347) <= ((-1 * phi_l_i:137)
                                                       + (-1 * K:349)))
                     /\ (!(0 <= K:349)
                           \/ mid_l_i:347 <= (phi_l_i:137 + K:349))
                     /\ (!((0 <= K:349 /\ K:349 <= 0)) \/ 0 <= K:349)
                     /\ (!(1 <= K:349) \/ 0 <= (-1 + phi_l_i:137 + K:349))))
         /\ mid_l_i:347 = l_i':350 /\ mid_l_y:348 = l_y':351
         /\ 0 <= (l_i':350) /\ 0 <= (phi_r_i:134)
         /\ (2 * havoc:16) <= l_i':350
         /\ ((phi_r_i:134 = mid_r_i:352 /\ phi_r_y:136 = mid_r_y:353)
               \/ (0 <= (-1 + (-1 * phi_r_i:134) + phi_r_z:135)
                     /\ 0 <= (l_i':350 + (-1 * (2 * havoc:16)))
                     /\ 0 <= l_i':350 /\ 0 <= phi_r_i:134 /\ 1 <= K:354
                     /\ 0 <= ((-1 * mid_r_i:352) + phi_r_z:135)
                     /\ 0 <= (l_i':350 + (-1 * (2 * havoc:16)))
                     /\ 0 <= l_i':350 /\ 0 <= (-1 + mid_r_i:352)
                     /\ (!(0 <= K:354) \/ mid_r_i:352 = (phi_r_i:134 + K:354))
                     /\ (!(0 <= K:354)
                           \/ mid_r_y:353 = (phi_r_y:136
                                               + (phi_r_x:140 * K:354)))
                     /\ (!(0 <= K:354)
                           \/ (-1 * mid_r_i:352) <= ((-1 * phi_r_i:134)
                                                       + (-1 * K:354)))
                     /\ (!(0 <= K:354)
                           \/ mid_r_i:352 <= (phi_r_i:134 + K:354))
                     /\ (!((0 <= K:354 /\ K:354 <= 0)) \/ 0 <= K:354)
                     /\ (!(1 <= K:354) \/ 0 <= (-1 + phi_r_i:134 + K:354))))
         /\ mid_r_i:352 = r_i':355 /\ mid_r_y:353 = r_y':356
         /\ 0 <= (l_i':350) /\ 0 <= (r_i':355) /\ phi_r_z:135 <= r_i':355)}

Is not SAT! (Assertion on line 30 PASSED)
---------------------------------------------

================================================
Bounds on Variables

================================================
Finished!

real	0m0.794s
user	0m0.776s
sys	0m0.000s
