Computed alignment by local loop counting.
Writing Daikon to daikon_output.c...
Done
Compiling Daikon output...
Running Kvasir...
==49496== kvasir-5.8.18, C/C++ Language Front-End for Daikon with DynComp comparability analysis tool.
==49496== Copyright (C) 2007-2022, University of Washington CSE PLSE Group
==49496== Using Valgrind-3.19.0.Fjalar and LibVEX; rerun with -h for copyright info
==49496== Command: ./daikon_output
==49496== 
==49496== 
==49496== For lists of detected and suppressed errors, rerun with: -s
==49496== ERROR SUMMARY: 0 errors from 0 contexts (suppressed: 0 from 0)
Running Daikon...
Writing Dafny to houdafny.dfy...
Done
Running Dafny verification...
houdafny.dfy(25,21): Error: this loop invariant could not be proved on entry
   |
25 |     invariant l_tree != 0
   |                      ^^

houdafny.dfy(25,21): Related message: loop invariant violation
   |
25 |     invariant l_tree != 0
   |                      ^^

houdafny.dfy(25,21): Error: this invariant could not be proved to be maintained by the loop
   |
25 |     invariant l_tree != 0
   |                      ^^

houdafny.dfy(25,21): Related message: loop invariant violation
   |
25 |     invariant l_tree != 0
   |                      ^^

houdafny.dfy(26,20): Error: this loop invariant could not be proved on entry
   |
26 |     invariant l_val != 0
   |                     ^^

houdafny.dfy(26,20): Related message: loop invariant violation
   |
26 |     invariant l_val != 0
   |                     ^^

houdafny.dfy(30,20): Error: this loop invariant could not be proved on entry
   |
30 |     invariant r_val != 0
   |                     ^^

houdafny.dfy(30,20): Related message: loop invariant violation
   |
30 |     invariant r_val != 0
   |                     ^^

houdafny.dfy(34,21): Error: this loop invariant could not be proved on entry
   |
34 |     invariant l_tree != l_val
   |                      ^^

houdafny.dfy(34,21): Related message: loop invariant violation
   |
34 |     invariant l_tree != l_val
   |                      ^^

houdafny.dfy(34,21): Error: this invariant could not be proved to be maintained by the loop
   |
34 |     invariant l_tree != l_val
   |                      ^^

houdafny.dfy(34,21): Related message: loop invariant violation
   |
34 |     invariant l_tree != l_val
   |                      ^^

houdafny.dfy(35,21): Error: this loop invariant could not be proved on entry
   |
35 |     invariant l_tree != r_val
   |                      ^^

houdafny.dfy(35,21): Related message: loop invariant violation
   |
35 |     invariant l_tree != r_val
   |                      ^^

houdafny.dfy(35,21): Error: this invariant could not be proved to be maintained by the loop
   |
35 |     invariant l_tree != r_val
   |                      ^^

houdafny.dfy(35,21): Related message: loop invariant violation
   |
35 |     invariant l_tree != r_val
   |                      ^^

houdafny.dfy(36,20): Error: this loop invariant could not be proved on entry
   |
36 |     invariant l_val < r_val
   |                     ^

houdafny.dfy(36,20): Related message: loop invariant violation
   |
36 |     invariant l_val < r_val
   |                     ^


Dafny program verifier finished with 0 verified, 9 errors

Writing Dafny to houdafny.dfy...
Done
Running Dafny verification...

Dafny program verifier finished with 1 verified, 0 errors

Writing output to ./results/alignments/dafny/adt/count-loops/bst-min-search-cou.dfy...
Done

Per-Task Times (ms)
-------------------
align-count-loops: 2
aligned-crel: 0
invars-daikon: 836
houdafny: 3491
aligned-output: 0
write-product: 0

KestRel completed in 4330ms
Verified: true

real	0m4.350s
user	0m5.136s
sys	0m0.288s
