Computed alignment by local loop counting.
Writing Daikon to daikon_output.c...
Done
Compiling Daikon output...
Running Kvasir...
==49626== kvasir-5.8.18, C/C++ Language Front-End for Daikon with DynComp comparability analysis tool.
==49626== Copyright (C) 2007-2022, University of Washington CSE PLSE Group
==49626== Using Valgrind-3.19.0.Fjalar and LibVEX; rerun with -h for copyright info
==49626== Command: ./daikon_output
==49626== 
==49626== 
==49626== For lists of detected and suppressed errors, rerun with: -s
==49626== ERROR SUMMARY: 0 errors from 0 contexts (suppressed: 0 from 0)
Running Daikon...
Writing Dafny to houdafny.dfy...
Done
Running Dafny verification...
houdafny.dfy(23,20): Error: this invariant could not be proved to be maintained by the loop
   |
23 |     invariant l_sum == r_sum
   |                     ^^

houdafny.dfy(23,20): Related message: loop invariant violation
   |
23 |     invariant l_sum == r_sum
   |                     ^^

houdafny.dfy(29,21): Error: this loop invariant could not be proved on entry
   |
29 |     invariant l_tree != 0
   |                      ^^

houdafny.dfy(29,21): Related message: loop invariant violation
   |
29 |     invariant l_tree != 0
   |                      ^^

houdafny.dfy(29,21): Error: this invariant could not be proved to be maintained by the loop
   |
29 |     invariant l_tree != 0
   |                      ^^

houdafny.dfy(29,21): Related message: loop invariant violation
   |
29 |     invariant l_tree != 0
   |                      ^^

houdafny.dfy(31,21): Error: this invariant could not be proved to be maintained by the loop
   |
31 |     invariant l_tree != l_sum
   |                      ^^

houdafny.dfy(31,21): Related message: loop invariant violation
   |
31 |     invariant l_tree != l_sum
   |                      ^^


Dafny program verifier finished with 0 verified, 4 errors

Writing Dafny to houdafny.dfy...
Done
Running Dafny verification...
houdafny.dfy(24,20): Error: this invariant could not be proved to be maintained by the loop
   |
24 |     invariant l_sum >= r_sum
   |                     ^^

houdafny.dfy(24,20): Related message: loop invariant violation
   |
24 |     invariant l_sum >= r_sum
   |                     ^^


Dafny program verifier finished with 0 verified, 1 error

Writing Dafny to houdafny.dfy...
Done
Running Dafny verification...

Dafny program verifier finished with 1 verified, 0 errors

Writing output to ./results/alignments/dafny/adt/count-loops/bst-sum-cou.dfy...
Done

Per-Task Times (ms)
-------------------
align-count-loops: 0
aligned-crel: 0
invars-daikon: 1039
houdafny: 5512
aligned-output: 0
write-product: 0

KestRel completed in 6553ms
Verified: true

real	0m6.580s
user	0m7.773s
sys	0m0.327s
