Computed alignment by local loop counting.
Writing Daikon to daikon_output.c...
Done
Compiling Daikon output...
Running Kvasir...
==49798== kvasir-5.8.18, C/C++ Language Front-End for Daikon with DynComp comparability analysis tool.
==49798== Copyright (C) 2007-2022, University of Washington CSE PLSE Group
==49798== Using Valgrind-3.19.0.Fjalar and LibVEX; rerun with -h for copyright info
==49798== Command: ./daikon_output
==49798== 
==49798== 
==49798== For lists of detected and suppressed errors, rerun with: -s
==49798== ERROR SUMMARY: 0 errors from 0 contexts (suppressed: 0 from 0)
Running Daikon...
Writing Dafny to houdafny.dfy...
Done
Running Dafny verification...
houdafny.dfy(9,9): Warning: For expression "l_n == r_n":
   /!\ No terms found to trigger on.
  |
9 |   assume(forall i: int :: (f(g(i)) == g(f(i))) && (l_n == r_n));
  |          ^^^^^^

houdafny.dfy(22,20): Error: this invariant could not be proved to be maintained by the loop
   |
22 |     invariant l_sum >= 0
   |                     ^^

houdafny.dfy(22,20): Related message: loop invariant violation
   |
22 |     invariant l_sum >= 0
   |                     ^^

houdafny.dfy(24,20): Error: this invariant could not be proved to be maintained by the loop
   |
24 |     invariant l_sum >= l_i
   |                     ^^

houdafny.dfy(24,20): Related message: loop invariant violation
   |
24 |     invariant l_sum >= l_i
   |                     ^^


Dafny program verifier finished with 0 verified, 2 errors

Writing Dafny to houdafny.dfy...
Done
Running Dafny verification...
houdafny.dfy(9,9): Warning: For expression "l_n == r_n":
   /!\ No terms found to trigger on.
  |
9 |   assume(forall i: int :: (f(g(i)) == g(f(i))) && (l_n == r_n));
  |          ^^^^^^


Dafny program verifier finished with 1 verified, 0 errors

Writing output to ./results/alignments/dafny/adt/count-loops/commute-cou.dfy...
Done

Per-Task Times (ms)
-------------------
align-count-loops: 0
aligned-crel: 0
invars-daikon: 968
houdafny: 3810
aligned-output: 0
write-product: 0

KestRel completed in 4779ms
Verified: true

real	0m4.804s
user	0m5.712s
sys	0m0.287s
