Computed alignment by local loop counting.
Writing Daikon to daikon_output.c...
Done
Compiling Daikon output...
Running Kvasir...
==49930== kvasir-5.8.18, C/C++ Language Front-End for Daikon with DynComp comparability analysis tool.
==49930== Copyright (C) 2007-2022, University of Washington CSE PLSE Group
==49930== Using Valgrind-3.19.0.Fjalar and LibVEX; rerun with -h for copyright info
==49930== Command: ./daikon_output
==49930== 
==49930== 
==49930== For lists of detected and suppressed errors, rerun with: -s
==49930== ERROR SUMMARY: 0 errors from 0 contexts (suppressed: 0 from 0)
Running Daikon...
Writing Dafny to houdafny.dfy...
Done
Running Dafny verification...
houdafny.dfy(32,20): Error: this loop invariant could not be proved on entry
   |
32 |     invariant l_lst != 0
   |                     ^^

houdafny.dfy(32,20): Related message: loop invariant violation
   |
32 |     invariant l_lst != 0
   |                     ^^

houdafny.dfy(33,25): Error: this loop invariant could not be proved on entry
   |
33 |     invariant l_h_secret != 0
   |                          ^^

houdafny.dfy(33,25): Related message: loop invariant violation
   |
33 |     invariant l_h_secret != 0
   |                          ^^

houdafny.dfy(38,25): Error: this loop invariant could not be proved on entry
   |
38 |     invariant r_h_secret != 0
   |                          ^^

houdafny.dfy(38,25): Related message: loop invariant violation
   |
38 |     invariant r_h_secret != 0
   |                          ^^

houdafny.dfy(42,20): Error: this loop invariant could not be proved on entry
   |
42 |     invariant l_lst != l_h_secret
   |                     ^^

houdafny.dfy(42,20): Related message: loop invariant violation
   |
42 |     invariant l_lst != l_h_secret
   |                     ^^

houdafny.dfy(43,20): Error: this loop invariant could not be proved on entry
   |
43 |     invariant l_lst != r_lst
   |                     ^^

houdafny.dfy(43,20): Related message: loop invariant violation
   |
43 |     invariant l_lst != r_lst
   |                     ^^


Dafny program verifier finished with 0 verified, 5 errors

Writing Dafny to houdafny.dfy...
Done
Running Dafny verification...
houdafny.dfy(32,25): Error: this invariant could not be proved to be maintained by the loop
   |
32 |     invariant l_found_at == -1
   |                          ^^

houdafny.dfy(32,25): Related message: loop invariant violation
   |
32 |     invariant l_found_at == -1
   |                          ^^

houdafny.dfy(35,20): Error: this loop invariant could not be proved on entry
   |
35 |     invariant r_lst != 0
   |                     ^^

houdafny.dfy(35,20): Related message: loop invariant violation
   |
35 |     invariant r_lst != 0
   |                     ^^

houdafny.dfy(35,20): Error: this invariant could not be proved to be maintained by the loop
   |
35 |     invariant r_lst != 0
   |                     ^^

houdafny.dfy(35,20): Related message: loop invariant violation
   |
35 |     invariant r_lst != 0
   |                     ^^

houdafny.dfy(39,20): Error: this loop invariant could not be proved on entry
   |
39 |     invariant l_lst != r_h_secret
   |                     ^^

houdafny.dfy(39,20): Related message: loop invariant violation
   |
39 |     invariant l_lst != r_h_secret
   |                     ^^

houdafny.dfy(39,20): Error: this invariant could not be proved to be maintained by the loop
   |
39 |     invariant l_lst != r_h_secret
   |                     ^^

houdafny.dfy(39,20): Related message: loop invariant violation
   |
39 |     invariant l_lst != r_h_secret
   |                     ^^

houdafny.dfy(40,25): Error: this loop invariant could not be proved on entry
   |
40 |     invariant l_h_secret != r_lst
   |                          ^^

houdafny.dfy(40,25): Related message: loop invariant violation
   |
40 |     invariant l_h_secret != r_lst
   |                          ^^

houdafny.dfy(40,25): Error: this invariant could not be proved to be maintained by the loop
   |
40 |     invariant l_h_secret != r_lst
   |                          ^^

houdafny.dfy(40,25): Related message: loop invariant violation
   |
40 |     invariant l_h_secret != r_lst
   |                          ^^

houdafny.dfy(41,25): Error: this loop invariant could not be proved on entry
   |
41 |     invariant l_h_secret != r_h_secret
   |                          ^^

houdafny.dfy(41,25): Related message: loop invariant violation
   |
41 |     invariant l_h_secret != r_h_secret
   |                          ^^

houdafny.dfy(62,25): Error: this loop invariant could not be proved on entry
   |
62 |     invariant l_h_secret != 0
   |                          ^^

houdafny.dfy(62,25): Related message: loop invariant violation
   |
62 |     invariant l_h_secret != 0
   |                          ^^

houdafny.dfy(68,25): Error: this loop invariant could not be proved on entry
   |
68 |     invariant r_h_secret != 0
   |                          ^^

houdafny.dfy(68,25): Related message: loop invariant violation
   |
68 |     invariant r_h_secret != 0
   |                          ^^

houdafny.dfy(74,20): Error: this loop invariant could not be proved on entry
   |
74 |     invariant l_lst != r_lst
   |                     ^^

houdafny.dfy(74,20): Related message: loop invariant violation
   |
74 |     invariant l_lst != r_lst
   |                     ^^


Dafny program verifier finished with 0 verified, 11 errors

Writing Dafny to houdafny.dfy...
Done
Running Dafny verification...
houdafny.dfy(32,25): Error: this invariant could not be proved to be maintained by the loop
   |
32 |     invariant l_found_at <= -1
   |                          ^^

houdafny.dfy(32,25): Related message: loop invariant violation
   |
32 |     invariant l_found_at <= -1
   |                          ^^

houdafny.dfy(37,20): Error: this loop invariant could not be proved on entry
   |
37 |     invariant r_lst != r_h_secret
   |                     ^^

houdafny.dfy(37,20): Related message: loop invariant violation
   |
37 |     invariant r_lst != r_h_secret
   |                     ^^

houdafny.dfy(37,20): Error: this invariant could not be proved to be maintained by the loop
   |
37 |     invariant r_lst != r_h_secret
   |                     ^^

houdafny.dfy(37,20): Related message: loop invariant violation
   |
37 |     invariant r_lst != r_h_secret
   |                     ^^

houdafny.dfy(56,20): Error: this loop invariant could not be proved on entry
   |
56 |     invariant l_lst != 0
   |                     ^^

houdafny.dfy(56,20): Related message: loop invariant violation
   |
56 |     invariant l_lst != 0
   |                     ^^

houdafny.dfy(66,20): Error: this loop invariant could not be proved on entry
   |
66 |     invariant l_lst != l_h_secret
   |                     ^^

houdafny.dfy(66,20): Related message: loop invariant violation
   |
66 |     invariant l_lst != l_h_secret
   |                     ^^

houdafny.dfy(69,25): Error: this loop invariant could not be proved on entry
   |
69 |     invariant l_h_secret != r_h_secret
   |                          ^^

houdafny.dfy(69,25): Related message: loop invariant violation
   |
69 |     invariant l_h_secret != r_h_secret
   |                          ^^

houdafny.dfy(85,25): Error: this loop invariant could not be proved on entry
   |
85 |     invariant l_h_secret != 0
   |                          ^^

houdafny.dfy(85,25): Related message: loop invariant violation
   |
85 |     invariant l_h_secret != 0
   |                          ^^

houdafny.dfy(90,25): Error: this loop invariant could not be proved on entry
   |
90 |     invariant r_h_secret != 0
   |                          ^^

houdafny.dfy(90,25): Related message: loop invariant violation
   |
90 |     invariant r_h_secret != 0
   |                          ^^

houdafny.dfy(96,20): Error: this loop invariant could not be proved on entry
   |
96 |     invariant l_lst != r_lst
   |                     ^^

houdafny.dfy(96,20): Related message: loop invariant violation
   |
96 |     invariant l_lst != r_lst
   |                     ^^


Dafny program verifier finished with 0 verified, 9 errors

Writing Dafny to houdafny.dfy...
Done
Running Dafny verification...
houdafny.dfy(33,25): Error: this invariant could not be proved to be maintained by the loop
   |
33 |     invariant r_found_at == -1
   |                          ^^

houdafny.dfy(33,25): Related message: loop invariant violation
   |
33 |     invariant r_found_at == -1
   |                          ^^

houdafny.dfy(58,20): Error: this loop invariant could not be proved on entry
   |
58 |     invariant r_lst != 0
   |                     ^^

houdafny.dfy(58,20): Related message: loop invariant violation
   |
58 |     invariant r_lst != 0
   |                     ^^

houdafny.dfy(63,20): Error: this loop invariant could not be proved on entry
   |
63 |     invariant l_lst != r_h_secret
   |                     ^^

houdafny.dfy(63,20): Related message: loop invariant violation
   |
63 |     invariant l_lst != r_h_secret
   |                     ^^

houdafny.dfy(64,25): Error: this loop invariant could not be proved on entry
   |
64 |     invariant l_h_secret != r_lst
   |                          ^^

houdafny.dfy(64,25): Related message: loop invariant violation
   |
64 |     invariant l_h_secret != r_lst
   |                          ^^

houdafny.dfy(91,25): Error: this loop invariant could not be proved on entry
   |
91 |     invariant l_h_secret != r_h_secret
   |                          ^^

houdafny.dfy(91,25): Related message: loop invariant violation
   |
91 |     invariant l_h_secret != r_h_secret
   |                          ^^


Dafny program verifier finished with 0 verified, 5 errors

Writing Dafny to houdafny.dfy...
Done
Running Dafny verification...
houdafny.dfy(33,25): Error: this invariant could not be proved to be maintained by the loop
   |
33 |     invariant r_found_at <= -1
   |                          ^^

houdafny.dfy(33,25): Related message: loop invariant violation
   |
33 |     invariant r_found_at <= -1
   |                          ^^

houdafny.dfy(61,20): Error: this loop invariant could not be proved on entry
   |
61 |     invariant r_lst != r_h_secret
   |                     ^^

houdafny.dfy(61,20): Related message: loop invariant violation
   |
61 |     invariant r_lst != r_h_secret
   |                     ^^

houdafny.dfy(75,20): Error: this loop invariant could not be proved on entry
   |
75 |     invariant l_lst != 0
   |                     ^^

houdafny.dfy(75,20): Related message: loop invariant violation
   |
75 |     invariant l_lst != 0
   |                     ^^

houdafny.dfy(84,20): Error: this loop invariant could not be proved on entry
   |
84 |     invariant l_lst != l_h_secret
   |                     ^^

houdafny.dfy(84,20): Related message: loop invariant violation
   |
84 |     invariant l_lst != l_h_secret
   |                     ^^


Dafny program verifier finished with 0 verified, 4 errors

Writing Dafny to houdafny.dfy...
Done
Running Dafny verification...
houdafny.dfy(52,25): Error: this loop invariant could not be proved on entry
   |
52 |     invariant l_found_at == -1
   |                          ^^

houdafny.dfy(52,25): Related message: loop invariant violation
   |
52 |     invariant l_found_at == -1
   |                          ^^

houdafny.dfy(76,20): Error: this loop invariant could not be proved on entry
   |
76 |     invariant r_lst != 0
   |                     ^^

houdafny.dfy(76,20): Related message: loop invariant violation
   |
76 |     invariant r_lst != 0
   |                     ^^

houdafny.dfy(81,20): Error: this loop invariant could not be proved on entry
   |
81 |     invariant l_lst != r_h_secret
   |                     ^^

houdafny.dfy(81,20): Related message: loop invariant violation
   |
81 |     invariant l_lst != r_h_secret
   |                     ^^

houdafny.dfy(82,25): Error: this loop invariant could not be proved on entry
   |
82 |     invariant l_h_secret != r_lst
   |                          ^^

houdafny.dfy(82,25): Related message: loop invariant violation
   |
82 |     invariant l_h_secret != r_lst
   |                          ^^


Dafny program verifier finished with 0 verified, 4 errors

Writing Dafny to houdafny.dfy...
Done
Running Dafny verification...
houdafny.dfy(52,25): Error: this loop invariant could not be proved on entry
   |
52 |     invariant l_found_at <= -1
   |                          ^^

houdafny.dfy(52,25): Related message: loop invariant violation
   |
52 |     invariant l_found_at <= -1
   |                          ^^

houdafny.dfy(79,20): Error: this loop invariant could not be proved on entry
   |
79 |     invariant r_lst != r_h_secret
   |                     ^^

houdafny.dfy(79,20): Related message: loop invariant violation
   |
79 |     invariant r_lst != r_h_secret
   |                     ^^


Dafny program verifier finished with 0 verified, 2 errors

Writing Dafny to houdafny.dfy...
Done
Running Dafny verification...
houdafny.dfy(54,25): Error: this loop invariant could not be proved on entry
   |
54 |     invariant r_found_at == -1
   |                          ^^

houdafny.dfy(54,25): Related message: loop invariant violation
   |
54 |     invariant r_found_at == -1
   |                          ^^


Dafny program verifier finished with 0 verified, 1 error

Writing Dafny to houdafny.dfy...
Done
Running Dafny verification...
houdafny.dfy(54,25): Error: this loop invariant could not be proved on entry
   |
54 |     invariant r_found_at <= -1
   |                          ^^

houdafny.dfy(54,25): Related message: loop invariant violation
   |
54 |     invariant r_found_at <= -1
   |                          ^^


Dafny program verifier finished with 0 verified, 1 error

Writing Dafny to houdafny.dfy...
Done
Running Dafny verification...
houdafny.dfy(69,25): Error: this loop invariant could not be proved on entry
   |
69 |     invariant l_found_at == -1
   |                          ^^

houdafny.dfy(69,25): Related message: loop invariant violation
   |
69 |     invariant l_found_at == -1
   |                          ^^


Dafny program verifier finished with 0 verified, 1 error

Writing Dafny to houdafny.dfy...
Done
Running Dafny verification...
houdafny.dfy(69,25): Error: this loop invariant could not be proved on entry
   |
69 |     invariant l_found_at <= -1
   |                          ^^

houdafny.dfy(69,25): Related message: loop invariant violation
   |
69 |     invariant l_found_at <= -1
   |                          ^^


Dafny program verifier finished with 0 verified, 1 error

Writing Dafny to houdafny.dfy...
Done
Running Dafny verification...
houdafny.dfy(70,25): Error: this loop invariant could not be proved on entry
   |
70 |     invariant r_found_at == -1
   |                          ^^

houdafny.dfy(70,25): Related message: loop invariant violation
   |
70 |     invariant r_found_at == -1
   |                          ^^


Dafny program verifier finished with 0 verified, 1 error

Writing Dafny to houdafny.dfy...
Done
Running Dafny verification...
houdafny.dfy(70,25): Error: this loop invariant could not be proved on entry
   |
70 |     invariant r_found_at <= -1
   |                          ^^

houdafny.dfy(70,25): Related message: loop invariant violation
   |
70 |     invariant r_found_at <= -1
   |                          ^^


Dafny program verifier finished with 0 verified, 1 error

Writing Dafny to houdafny.dfy...
Done
Running Dafny verification...

Dafny program verifier finished with 1 verified, 0 errors

Writing output to ./results/alignments/dafny/adt/count-loops/linked-list-ni-cou.dfy...
Done

Per-Task Times (ms)
-------------------
align-count-loops: 1
aligned-crel: 0
invars-daikon: 909
houdafny: 26612
aligned-output: 0
write-product: 0

KestRel completed in 27524ms
Verified: true

real	0m27.555s
user	0m27.932s
sys	0m1.295s
