Computed alignment by local loop counting.
Writing Daikon to daikon_output.c...
Done
Compiling Daikon output...
Running Kvasir...
==50551== kvasir-5.8.18, C/C++ Language Front-End for Daikon with DynComp comparability analysis tool.
==50551== Copyright (C) 2007-2022, University of Washington CSE PLSE Group
==50551== Using Valgrind-3.19.0.Fjalar and LibVEX; rerun with -h for copyright info
==50551== Command: ./daikon_output
==50551== 
==50551== 
==50551== For lists of detected and suppressed errors, rerun with: -s
==50551== ERROR SUMMARY: 0 errors from 0 contexts (suppressed: 0 from 0)
Running Daikon...
Writing Dafny to houdafny.dfy...
Done
Running Dafny verification...
houdafny.dfy(30,21): Error: this loop invariant could not be proved on entry
   |
30 |     invariant l_list != 0
   |                      ^^

houdafny.dfy(30,21): Related message: loop invariant violation
   |
30 |     invariant l_list != 0
   |                      ^^

houdafny.dfy(30,21): Error: this invariant could not be proved to be maintained by the loop
   |
30 |     invariant l_list != 0
   |                      ^^

houdafny.dfy(30,21): Related message: loop invariant violation
   |
30 |     invariant l_list != 0
   |                      ^^


Dafny program verifier finished with 0 verified, 2 errors

Writing Dafny to houdafny.dfy...
Done
Running Dafny verification...

Dafny program verifier finished with 1 verified, 0 errors

Writing output to ./results/alignments/dafny/adt/count-loops/list-array-sum-cou.dfy...
Done

Per-Task Times (ms)
-------------------
align-count-loops: 0
aligned-crel: 0
invars-daikon: 955
houdafny: 3741
aligned-output: 0
write-product: 0

KestRel completed in 4698ms
Verified: true

real	0m4.730s
user	0m5.740s
sys	0m0.335s
