                                    /\ (!(1 <= K:223) \/ 0 <= (-1 + K:223))))
                        /\ mid_l_j:221 = l_j':224
                        /\ mid_l_tick:222 = l_tick':225
                        /\ 0 <= (-10 + ((havoc:206 + 10)))
                        /\ 0 <= (l_tick':225) /\ 0 <= (l_j':224)
                        /\ l_j':224 <= 0 /\ havoc:220 = phi_r_low:231
                        /\ havoc:220 = phi_tmp___2:230
                        /\ l_tick':225 = phi_l_tick:229
                        /\ havoc:220 = phi_r_i:228 /\ l_j':224 = phi_l_j:227
                        /\ l_k:6 = phi_l_k:226))
                 /\ (havoc:206 + 10) = phi_l_low:245
                 /\ phi_r_low:231 = phi_r_low:244
                 /\ phi_tmp___2:230 = phi_tmp___2:243
                 /\ havoc:206 = phi_l_i:242
                 /\ phi_l_tick:229 = phi_l_tick:241
                 /\ phi_r_i:228 = phi_r_i:240 /\ phi_l_j:227 = phi_l_j:239
                 /\ phi_l_k:226 = phi_l_k:238)
                \/ (havoc:206 = havoc:232 /\ havoc:206 < 0
                      /\ ((0 = mid_l_tick:233 /\ havoc:206 = mid_l_i:234)
                            \/ (0 <= (-1 + (-1 * havoc:206))
                                  /\ 0 <= (-1 + havoc:206) /\ 1 <= K:235
                                  /\ 0 <= (-1 + (-1 * havoc:206))
                                  /\ 0 <= (-1 + mid_l_tick:233)
                                  /\ 0 <= mid_l_i:234
                                  /\ (!(0 <= K:235) \/ mid_l_tick:233 = K:235)
                                  /\ (!(0 <= K:235)
                                        \/ mid_l_i:234 = (havoc:206
                                                            + (-1 * K:235)))
                                  /\ (!(0 <= K:235)
                                        \/ (-1 * mid_l_i:234) <= ((-1
                                                                    * havoc:206)
                                                                    + K:235))
                                  /\ (!(0 <= K:235)
                                        \/ mid_l_i:234 <= (havoc:206
                                                             + (-1 * K:235)))
                                  /\ (!(0 <= K:235)
                                        \/ (-1 * mid_l_tick:233) <= (
                                           -1 * K:235))
                                  /\ (!(0 <= K:235)
                                        \/ mid_l_tick:233 <= K:235)
                                  /\ (!((0 <= K:235 /\ K:235 <= 0))
                                        \/ 0 <= K:235)
                                  /\ (!(1 <= K:235) \/ 0 <= (-1 + K:235))
                                  /\ (!((0 <= K:235 /\ K:235 <= 0))
                                        \/ 0 <= (-1 * K:235))
                                  /\ (!(1 <= K:235)
                                        \/ 0 <= (havoc:206 + (-1 * K:235)))))
                      /\ mid_l_tick:233 = l_tick':236
                      /\ mid_l_i:234 = l_i':237
                      /\ 0 <= (-1 + (-1 * havoc:206)) /\ 0 <= (l_tick':236)
                      /\ l_i':237 <= 0 /\ havoc:206 = phi_l_low:245
                      /\ havoc:232 = phi_r_low:244
                      /\ havoc:232 = phi_tmp___2:243
                      /\ l_i':237 = phi_l_i:242
                      /\ l_tick':236 = phi_l_tick:241
                      /\ havoc:232 = phi_r_i:240 /\ l_j:9 = phi_l_j:239
                      /\ l_k:6 = phi_l_k:238)) /\ phi_r_low:244 < 0
               /\ ((0 = mid_r_tick:261 /\ phi_r_i:240 = mid_r_i:262)
                     \/ (0 <= (-1 + (-1 * phi_r_low:244))
                           /\ 0 <= phi_l_tick:241 /\ 0 <= (-1 + phi_r_i:240)
                           /\ 1 <= K:263 /\ 0 <= (-1 + (-1 * phi_r_low:244))
                           /\ 0 <= phi_l_tick:241
                           /\ 0 <= (-1 + mid_r_tick:261) /\ 0 <= mid_r_i:262
                           /\ (!(0 <= K:263) \/ mid_r_tick:261 = K:263)
                           /\ (!(0 <= K:263)
                                 \/ mid_r_i:262 = (phi_r_i:240 + (-1 * K:263)))
                           /\ (!(0 <= K:263)
                                 \/ (-1 * mid_r_i:262) <= ((-1 * phi_r_i:240)
                                                             + K:263))
                           /\ (!(0 <= K:263)
                                 \/ mid_r_i:262 <= (phi_r_i:240
                                                      + (-1 * K:263)))
                           /\ (!(0 <= K:263)
                                 \/ (-1 * mid_r_tick:261) <= (-1 * K:263))
                           /\ (!(0 <= K:263) \/ mid_r_tick:261 <= K:263)
                           /\ (!((0 <= K:263 /\ K:263 <= 0)) \/ 0 <= K:263)
                           /\ (!(1 <= K:263) \/ 0 <= (-1 + K:263))
                           /\ (!((0 <= K:263 /\ K:263 <= 0))
                                 \/ 0 <= (-1 * K:263))
                           /\ (!(1 <= K:263)
                                 \/ 0 <= (phi_r_i:240 + (-1 * K:263)))))
               /\ mid_r_tick:261 = r_tick':264 /\ mid_r_i:262 = r_i':265
               /\ 0 <= (-1 + (-1 * phi_r_low:244)) /\ 0 <= (phi_l_tick:241)
               /\ 0 <= (r_tick':264) /\ r_i':265 <= 0
               /\ phi_r_low:244 = phi_r_low:270 /\ r_i':265 = phi_r_i:269
               /\ r_tick':264 = phi_r_tick:268 /\ r_j:14 = phi_r_j:267
               /\ r_k:11 = phi_r_k:266))}

Is not SAT! (Assertion on line 55 PASSED)
---------------------------------------------

================================================
Bounds on Variables

================================================
Finished!

real	0m1.284s
user	0m1.236s
sys	0m0.028s
