                                           (-1 * l_tick':146) + (-1 * K:149)))
                                  /\ (!(0 <= K:149)
                                        \/ mid_l_tick:148 <= (l_tick':146
                                                                + K:149))
                                  /\ (!(0 <= K:149)
                                        \/ (-1 * mid_l_i:147) <= ((-1
                                                                    * l_i':145)
                                                                    + K:149))
                                  /\ (!(0 <= K:149)
                                        \/ mid_l_i:147 <= (l_i':145
                                                             + (-1 * K:149)))
                                  /\ (!((0 <= K:149 /\ K:149 <= 0))
                                        \/ 0 <= (-1 * K:149))
                                  /\ (!(1 <= K:149)
                                        \/ 0 <= (l_i':145 + (-1 * K:149)))
                                  /\ (!((0 <= K:149 /\ K:149 <= 0))
                                        \/ 0 <= K:149)
                                  /\ (!(1 <= K:149)
                                        \/ 0 <= (-1 + l_tick':146 + K:149))))
                      /\ mid_l_i:147 = l_i':150
                      /\ mid_l_tick:148 = l_tick':151
                      /\ 0 <= (-1 + (havoc:134)) /\ 0 <= (l_tick':151)
                      /\ 0 <= (l_i':150) /\ l_i':150 <= 0
                      /\ havoc:141 = phi_r_low:155
                      /\ havoc:141 = phi_tmp___2:154
                      /\ l_tick':151 = phi_l_tick:153
                      /\ l_i':150 = phi_l_i:152)) /\ 0 < phi_r_low:155
               /\ ((0 = mid_r_i:157 /\ 0 = mid_r_tick:158)
                     \/ (0 <= (-1 + phi_r_low:155)
                           /\ 0 <= (5 + (-1 * phi_l_i:152))
                           /\ 0 <= phi_l_tick:153 /\ 1 <= K:159
                           /\ 0 <= ((-1 * mid_r_i:157) + phi_r_low:155)
                           /\ 0 <= (5 + (-1 * phi_l_i:152))
                           /\ 0 <= phi_l_tick:153 /\ 0 <= (-1 + mid_r_i:157)
                           /\ 0 <= (-1 + mid_r_tick:158)
                           /\ (!(0 <= K:159) \/ mid_r_i:157 = K:159)
                           /\ (!(0 <= K:159) \/ mid_r_tick:158 = K:159)
                           /\ (!(0 <= K:159)
                                 \/ (-1 * mid_r_tick:158) <= (-1 * K:159))
                           /\ (!(0 <= K:159) \/ mid_r_tick:158 <= K:159)
                           /\ (!(0 <= K:159)
                                 \/ (-1 * mid_r_i:157) <= (-1 * K:159))
                           /\ (!(0 <= K:159) \/ mid_r_i:157 <= K:159)
                           /\ (!((0 <= K:159 /\ K:159 <= 0)) \/ 0 <= K:159)
                           /\ (!(1 <= K:159) \/ 0 <= (-1 + K:159))
                           /\ (!((0 <= K:159 /\ K:159 <= 0)) \/ 0 <= K:159)
                           /\ (!(1 <= K:159) \/ 0 <= (-1 + K:159))))
               /\ mid_r_i:157 = r_i':160 /\ mid_r_tick:158 = r_tick':161
               /\ 0 <= (-1 + (phi_r_low:155)) /\ 0 <= (phi_l_tick:153)
               /\ 0 <= (5 + (-1 * phi_l_i:152)) /\ 0 <= (r_tick':161)
               /\ 0 <= (r_i':160) /\ phi_r_low:155 <= r_i':160
               /\ ((r_i':160 = mid_r_i:162 /\ r_tick':161 = mid_r_tick:163)
                     \/ (0 <= (5 + (-1 * phi_l_i:152))
                           /\ 0 <= (-1 + phi_r_low:155)
                           /\ 0 <= phi_l_tick:153 /\ 0 <= (-1 + r_i':160)
                           /\ 0 <= r_tick':161 /\ 1 <= K:164
                           /\ 0 <= (5 + (-1 * phi_l_i:152))
                           /\ 0 <= (-1 + phi_r_low:155)
                           /\ 0 <= phi_l_tick:153 /\ 0 <= mid_r_i:162
                           /\ 0 <= (-1 + mid_r_tick:163)
                           /\ (!(0 <= K:164)
                                 \/ mid_r_i:162 = (r_i':160 + (-1 * K:164)))
                           /\ (!(0 <= K:164)
                                 \/ mid_r_tick:163 = (r_tick':161 + K:164))
                           /\ (!(0 <= K:164)
                                 \/ (-1 * mid_r_tick:163) <= ((-1
                                                                 * r_tick':161)
                                                                + (-1 * K:164)))
                           /\ (!(0 <= K:164)
                                 \/ mid_r_tick:163 <= (r_tick':161 + K:164))
                           /\ (!(0 <= K:164)
                                 \/ (-1 * mid_r_i:162) <= ((-1 * r_i':160)
                                                             + K:164))
                           /\ (!(0 <= K:164)
                                 \/ mid_r_i:162 <= (r_i':160 + (-1 * K:164)))
                           /\ (!((0 <= K:164 /\ K:164 <= 0))
                                 \/ 0 <= (-1 * K:164))
                           /\ (!(1 <= K:164)
                                 \/ 0 <= (r_i':160 + (-1 * K:164)))
                           /\ (!((0 <= K:164 /\ K:164 <= 0)) \/ 0 <= K:164)
                           /\ (!(1 <= K:164)
                                 \/ 0 <= (-1 + r_tick':161 + K:164))))
               /\ mid_r_i:162 = r_i':165 /\ mid_r_tick:163 = r_tick':166
               /\ 0 <= (-1 + (phi_r_low:155)) /\ 0 <= (phi_l_tick:153)
               /\ 0 <= (5 + (-1 * phi_l_i:152)) /\ 0 <= (r_tick':166)
               /\ 0 <= (r_i':165) /\ r_i':165 <= 0
               /\ r_tick':166 = phi_r_tick:168 /\ r_i':165 = phi_r_i:167))}

Is not SAT! (Assertion on line 45 PASSED)
---------------------------------------------

================================================
Bounds on Variables

================================================
Finished!

real	0m1.018s
user	0m0.972s
sys	0m0.024s
