                     /\ 0 <= phi_r_y:160
                     /\ 0 <= (-1 + phi_r_j:159 + (-1 * phi_r_n:137))
                     /\ 0 <= (-1 + phi_r_j:159) /\ 0 <= (-1 + mid_l_i:299)
                     /\ 0 <= (1 + mid_l_x:300 + (-1 * mid_l_i:299))
                     /\ (!(0 <= K:301) \/ mid_l_i:299 = (phi_l_i:157 + K:301))
                     /\ (!(0 <= K:301)
                           \/ mid_l_x:300 = (phi_l_x:158 + (-1/2 * K:301)
                                               + (phi_l_i:157 * K:301)
                                               + (1/2 * (K:301 * K:301))))
                     /\ (!(0 <= K:301)
                           \/ (-1 * mid_l_x:300) <= ((-1 * phi_l_x:158)
                                                       + (1/2 * K:301)
                                                       + ((-1 * phi_l_i:157)
                                                            * K:301)
                                                       + (-1/2
                                                            * (K:301 * K:301))))
                     /\ (!(0 <= K:301)
                           \/ mid_l_x:300 <= (phi_l_x:158 + (-1/2 * K:301)
                                                + (phi_l_i:157 * K:301)
                                                + (1/2 * (K:301 * K:301))))
                     /\ (!(0 <= K:301)
                           \/ (-1 * mid_l_i:299) <= ((-1 * phi_l_i:157)
                                                       + (-1 * K:301)))
                     /\ (!(0 <= K:301)
                           \/ mid_l_i:299 <= (phi_l_i:157 + K:301))
                     /\ (!((0 <= K:301 /\ K:301 <= 0)) \/ 0 <= K:301)
                     /\ (!(1 <= K:301) \/ 0 <= (-1 + phi_l_i:157 + K:301))
                     /\ (!((0 <= K:301 /\ K:301 <= 0))
                           \/ 0 <= ((-3/2 * K:301) + (phi_l_i:157 * K:301)
                                      + (1/2 * (K:301 * K:301))))
                     /\ (!(1 <= K:301)
                           \/ 0 <= (1 + phi_l_x:158 + (-1 * phi_l_i:157)
                                      + (-3/2 * K:301)
                                      + (phi_l_i:157 * K:301)
                                      + (1/2 * (K:301 * K:301))))))
         /\ mid_l_i:299 = l_i':302 /\ mid_l_x:300 = l_x':303
         /\ (-1 + (phi_tmp___1:135)) = 0 /\ 0 <= (phi_r_y:160)
         /\ 0 <= (-1 + (phi_r_j:159)) /\ 0 <= (l_x':303) /\ 0 <= (l_i':302)
         /\ havoc:15 < l_i':302
         /\ ((phi_r_j:159 = mid_r_j:304 /\ phi_r_y:160 = mid_r_y:305)
               \/ ((-1 + phi_tmp___1:135) = 0
                     /\ 0 <= ((-1 * phi_r_j:159) + phi_r_n:137)
                     /\ 0 <= l_x':303
                     /\ 0 <= (-1 + l_i':302 + (-1 * havoc:15))
                     /\ 0 <= l_i':302 /\ 0 <= (-1 + phi_r_j:159)
                     /\ 0 <= phi_r_y:160 /\ 1 <= K:306
                     /\ (-1 + phi_tmp___1:135) = 0
                     /\ 0 <= (1 + (-1 * mid_r_j:304) + phi_r_n:137)
                     /\ 0 <= l_x':303
                     /\ 0 <= (-1 + l_i':302 + (-1 * havoc:15))
                     /\ 0 <= l_i':302 /\ 0 <= (-2 + mid_r_j:304)
                     /\ 0 <= (1 + mid_r_y:305 + (-1 * mid_r_j:304))
                     /\ (!(0 <= K:306) \/ mid_r_j:304 = (phi_r_j:159 + K:306))
                     /\ (!(0 <= K:306)
                           \/ mid_r_y:305 = (phi_r_y:160 + (-1/2 * K:306)
                                               + (phi_r_j:159 * K:306)
                                               + (1/2 * (K:306 * K:306))))
                     /\ (!(0 <= K:306)
                           \/ (-1 * mid_r_y:305) <= ((-1 * phi_r_y:160)
                                                       + (1/2 * K:306)
                                                       + ((-1 * phi_r_j:159)
                                                            * K:306)
                                                       + (-1/2
                                                            * (K:306 * K:306))))
                     /\ (!(0 <= K:306)
                           \/ mid_r_y:305 <= (phi_r_y:160 + (-1/2 * K:306)
                                                + (phi_r_j:159 * K:306)
                                                + (1/2 * (K:306 * K:306))))
                     /\ (!(0 <= K:306)
                           \/ (-1 * mid_r_j:304) <= ((-1 * phi_r_j:159)
                                                       + (-1 * K:306)))
                     /\ (!(0 <= K:306)
                           \/ mid_r_j:304 <= (phi_r_j:159 + K:306))
                     /\ (!((0 <= K:306 /\ K:306 <= 0)) \/ 0 <= K:306)
                     /\ (!(1 <= K:306) \/ 0 <= (-2 + phi_r_j:159 + K:306))
                     /\ (!((0 <= K:306 /\ K:306 <= 0))
                           \/ 0 <= ((-3/2 * K:306) + (phi_r_j:159 * K:306)
                                      + (1/2 * (K:306 * K:306))))
                     /\ (!(1 <= K:306)
                           \/ 0 <= (1 + phi_r_y:160 + (-1 * phi_r_j:159)
                                      + (-3/2 * K:306)
                                      + (phi_r_j:159 * K:306)
                                      + (1/2 * (K:306 * K:306))))))
         /\ mid_r_j:304 = r_j':307 /\ mid_r_y:305 = r_y':308
         /\ (-1 + (phi_tmp___1:135)) = 0 /\ 0 <= (r_y':308)
         /\ 0 <= (-1 + (r_j':307)) /\ 0 <= (l_x':303) /\ 0 <= (l_i':302)
         /\ phi_r_n:137 < r_j':307)}

Is not SAT! (Assertion on line 31 PASSED)
---------------------------------------------

================================================
Bounds on Variables

================================================
Finished!

real	0m1.117s
user	0m1.068s
sys	0m0.028s
