                                        \/ (-1 * mid_l_f1:197) <= (-1
                                                                    + (
                                                                    -1
                                                                    * (-1 + (-1 * q) + q ^ 2) ^ -1:42(
                                                                    K:199))))
                                  /\ (!(0 <= K:199)
                                        \/ mid_l_f1:197 <= (1
                                                              + ((-1 + (-1 * q) + q ^ 2) ^ -1:42(
                                                                   K:199))))
                                  /\ (!(0 <= K:199)
                                        \/ (-1 * mid_l_f2:196) <= (((-1 + (-1 * q) + q ^ 2) ^ -1:42(
                                                                    K:199))
                                                                    + (
                                                                    -1
                                                                    * (-1 + (-1 * q) + q ^ 2) ^ -1:42(
                                                                    (
                                                                    K:199 + 1)))))
                                  /\ (!(0 <= K:199)
                                        \/ mid_l_f2:196 <= ((-1
                                                               * (-1 + (-1 * q) + q ^ 2) ^ -1:42(
                                                               K:199))
                                                              + ((-1 + (-1 * q) + q ^ 2) ^ -1:42(
                                                                   (K:199 + 1)))))
                                  /\ (!((0 <= K:199 /\ K:199 <= 0))
                                        \/ 0 <= (-1 * K:199))
                                  /\ (!(1 <= K:199)
                                        \/ 0 <= (havoc:22 + (-1 * K:199)))))
                      /\ mid_l_f2:196 = l_f2':200 /\ mid_l_f1:197 = l_f1':201
                      /\ mid_l_n:198 = l_n':202 /\ (-1 + 1) = 0
                      /\ l_n':202 <= 0 /\ l_n':202 = phi_l_n:209
                      /\ havoc:203 = phi_r_high:208
                      /\ havoc:203 = phi_tmp___2:207
                      /\ l_f1':201 = phi_l_f1:206 /\ l_f2':200 = phi_l_f2:205
                      /\ 0 = phi_l_temp:204)) /\ !(phi_r_high:208 = 0)
               /\ ((0 = mid_r_f2:219 /\ 1 = mid_r_f1:220
                      /\ havoc:185 = mid_r_n:221)
                     \/ (0 <= (-1 * phi_l_n:209) /\ 0 <= phi_l_temp:204
                           /\ 0 <= (-1 + havoc:185) /\ 1 <= K:222
                           /\ 0 <= (-1 * phi_l_n:209) /\ 0 <= phi_l_temp:204
                           /\ 0 <= mid_r_n:221
                           /\ (!(0 <= K:222)
                                 \/ mid_r_f2:219 = ((-1
                                                       * (-1 + (-1 * q) + q ^ 2) ^ -1:42(
                                                       K:222))
                                                      + ((-1 + (-1 * q) + q ^ 2) ^ -1:42(
                                                           (K:222 + 1)))))
                           /\ (!(0 <= K:222)
                                 \/ mid_r_f1:220 = (1
                                                      + ((-1 + (-1 * q) + q ^ 2) ^ -1:42(
                                                           K:222))))
                           /\ (!(0 <= K:222)
                                 \/ mid_r_n:221 = (havoc:185 + (-1 * K:222)))
                           /\ (!(0 <= K:222)
                                 \/ (-1 * mid_r_n:221) <= ((-1 * havoc:185)
                                                             + K:222))
                           /\ (!(0 <= K:222)
                                 \/ mid_r_n:221 <= (havoc:185 + (-1 * K:222)))
                           /\ (!(0 <= K:222)
                                 \/ (-1 * mid_r_f1:220) <= (-1
                                                              + (-1
                                                                   * (-1 + (-1 * q) + q ^ 2) ^ -1:42(
                                                                   K:222))))
                           /\ (!(0 <= K:222)
                                 \/ mid_r_f1:220 <= (1
                                                       + ((-1 + (-1 * q) + q ^ 2) ^ -1:42(
                                                            K:222))))
                           /\ (!(0 <= K:222)
                                 \/ (-1 * mid_r_f2:219) <= (((-1 + (-1 * q) + q ^ 2) ^ -1:42(
                                                               K:222))
                                                              + (-1
                                                                   * (-1 + (-1 * q) + q ^ 2) ^ -1:42(
                                                                   (K:222 + 1)))))
                           /\ (!(0 <= K:222)
                                 \/ mid_r_f2:219 <= ((-1
                                                        * (-1 + (-1 * q) + q ^ 2) ^ -1:42(
                                                        K:222))
                                                       + ((-1 + (-1 * q) + q ^ 2) ^ -1:42(
                                                            (K:222 + 1)))))
                           /\ (!((0 <= K:222 /\ K:222 <= 0))
                                 \/ 0 <= (-1 * K:222))
                           /\ (!(1 <= K:222)
                                 \/ 0 <= (havoc:185 + (-1 * K:222)))))
               /\ mid_r_f2:219 = r_f2':223 /\ mid_r_f1:220 = r_f1':224
               /\ mid_r_n:221 = r_n':225 /\ 0 <= (-1 * phi_l_n:209)
               /\ 0 <= (phi_l_temp:204) /\ r_n':225 <= 0
               /\ r_n':225 = phi_r_n:229 /\ r_f1':224 = phi_r_f1:228
               /\ r_f2':223 = phi_r_f2:227 /\ 0 = phi_r_temp:226))}

Is not SAT! (Assertion on line 41 PASSED)
---------------------------------------------

================================================
Bounds on Variables

================================================
Finished!

real	0m1.703s
user	0m1.648s
sys	0m0.036s
