                /\ ((havoc:721 = mid_r_i2:921 /\ havoc:719 = mid_r_l2:922
                       /\ phi_l_i1:901 = mid_l_i1:923
                       /\ phi_l_l1:902 = mid_l_l1:924)
                      \/ ((-1 + phi_tmp___13:744) = 0
                            /\ 0 <= (-1 + (-1 * phi_l_i1:901) + phi_l_f11:883)
                            /\ 0 <= (-1 + (-1 * havoc:721) + phi_r_f21:879)
                            /\ 0 <= (-1 * phi_r_n2:877)
                            /\ 0 <= (-1 * phi_l_n1:881) /\ 1 <= K:925
                            /\ (-1 + phi_tmp___13:744) = 0
                            /\ 0 <= ((-1 * mid_l_i1:923) + phi_l_f11:883)
                            /\ 0 <= ((-1 * mid_r_i2:921) + phi_r_f21:879)
                            /\ 0 <= (-1 * phi_r_n2:877)
                            /\ 0 <= (-1 * phi_l_n1:881)
                            /\ (!(0 <= K:925)
                                  \/ mid_r_i2:921 = (havoc:721 + K:925))
                            /\ (!(0 <= K:925)
                                  \/ mid_r_l2:922 = (havoc:719
                                                       + (phi_r_x2:899
                                                            * K:925)))
                            /\ (!(0 <= K:925)
                                  \/ mid_l_i1:923 = (phi_l_i1:901 + K:925))
                            /\ (!(0 <= K:925)
                                  \/ mid_l_l1:924 = (phi_l_l1:902
                                                       + (phi_l_x1:900
                                                            * K:925)))
                            /\ (!(0 <= K:925)
                                  \/ (-1 * mid_l_i1:923) <= ((-1
                                                                * phi_l_i1:901)
                                                               + (-1 * K:925)))
                            /\ (!(0 <= K:925)
                                  \/ mid_l_i1:923 <= (phi_l_i1:901 + K:925))
                            /\ (!(0 <= K:925)
                                  \/ (-1 * mid_r_i2:921) <= ((-1 * havoc:721)
                                                               + (-1 * K:925)))
                            /\ (!(0 <= K:925)
                                  \/ mid_r_i2:921 <= (havoc:721 + K:925))))
                /\ mid_r_i2:921 = r_i2':926 /\ mid_r_l2:922 = r_l2':927
                /\ mid_l_i1:923 = l_i1':928 /\ mid_l_l1:924 = l_l1':929
                /\ 0 <= (-1 * phi_l_n1:881) /\ 0 <= (-1 * phi_r_n2:877)
                /\ (-1 + (phi_tmp___13:744)) = 0 /\ l_i1':928 < phi_l_f11:883
                /\ phi_r_f21:879 <= r_i2':926 /\ l_l1':929 = phi_l_l1:933
                /\ l_i1':928 = phi_l_i1:932 /\ r_l2':927 = phi_r_l2:931
                /\ r_i2':926 = phi_r_i2:930))
         /\ ((phi_l_i1:932 = mid_l_i1:1042 /\ phi_l_l1:933 = mid_l_l1:1043)
               \/ ((-1 + phi_tmp___13:744) = 0
                     /\ 0 <= (-1 + (-1 * phi_l_i1:932) + phi_l_f11:883)
                     /\ 0 <= ((-1 * phi_r_f21:879) + phi_r_i2:930)
                     /\ 0 <= (-1 * phi_r_n2:877) /\ 0 <= (-1 * phi_l_n1:881)
                     /\ 1 <= K:1044 /\ (-1 + phi_tmp___13:744) = 0
                     /\ 0 <= ((-1 * mid_l_i1:1042) + phi_l_f11:883)
                     /\ 0 <= ((-1 * phi_r_f21:879) + phi_r_i2:930)
                     /\ 0 <= (-1 * phi_r_n2:877) /\ 0 <= (-1 * phi_l_n1:881)
                     /\ (!(0 <= K:1044)
                           \/ mid_l_i1:1042 = (phi_l_i1:932 + K:1044))
                     /\ (!(0 <= K:1044)
                           \/ mid_l_l1:1043 = (phi_l_l1:933
                                                 + (phi_l_x1:900 * K:1044)))
                     /\ (!(0 <= K:1044)
                           \/ (-1 * mid_l_i1:1042) <= ((-1 * phi_l_i1:932)
                                                         + (-1 * K:1044)))
                     /\ (!(0 <= K:1044)
                           \/ mid_l_i1:1042 <= (phi_l_i1:932 + K:1044))))
         /\ mid_l_i1:1042 = l_i1':1045 /\ mid_l_l1:1043 = l_l1':1046
         /\ 0 <= (-1 * phi_l_n1:881) /\ 0 <= (-1 * phi_r_n2:877)
         /\ (-1 + (phi_tmp___13:744)) = 0 /\ phi_l_f11:883 <= l_i1':1045
         /\ ((phi_r_i2:930 = mid_r_i2:1047 /\ phi_r_l2:931 = mid_r_l2:1048)
               \/ ((-1 + phi_tmp___13:744) = 0
                     /\ 0 <= (-1 + (-1 * phi_r_i2:930) + phi_r_f21:879)
                     /\ 0 <= ((-1 * phi_l_f11:883) + l_i1':1045)
                     /\ 0 <= (-1 * phi_r_n2:877) /\ 0 <= (-1 * phi_l_n1:881)
                     /\ 1 <= K:1049 /\ (-1 + phi_tmp___13:744) = 0
                     /\ 0 <= ((-1 * mid_r_i2:1047) + phi_r_f21:879)
                     /\ 0 <= ((-1 * phi_l_f11:883) + l_i1':1045)
                     /\ 0 <= (-1 * phi_r_n2:877) /\ 0 <= (-1 * phi_l_n1:881)
                     /\ (!(0 <= K:1049)
                           \/ mid_r_i2:1047 = (phi_r_i2:930 + K:1049))
                     /\ (!(0 <= K:1049)
                           \/ mid_r_l2:1048 = (phi_r_l2:931
                                                 + (phi_r_x2:899 * K:1049)))
                     /\ (!(0 <= K:1049)
                           \/ (-1 * mid_r_i2:1047) <= ((-1 * phi_r_i2:930)
                                                         + (-1 * K:1049)))
                     /\ (!(0 <= K:1049)
                           \/ mid_r_i2:1047 <= (phi_r_i2:930 + K:1049))))
         /\ mid_r_i2:1047 = r_i2':1050 /\ mid_r_l2:1048 = r_l2':1051
         /\ 0 <= (-1 * phi_l_n1:881) /\ 0 <= (-1 * phi_r_n2:877)
         /\ (-1 + (phi_tmp___13:744)) = 0 /\ phi_r_f21:879 <= r_i2':1050)}

Is not SAT! (Assertion on line 71 PASSED)
---------------------------------------------

================================================
Bounds on Variables

================================================
Finished!

real	0m8.470s
user	0m8.196s
sys	0m0.228s
