Treating naive product as final alignment.
Writing Daikon to daikon_output.c...
Done
Compiling Daikon output...
Running Kvasir...
==40201== kvasir-5.8.18, C/C++ Language Front-End for Daikon with DynComp comparability analysis tool.
==40201== Copyright (C) 2007-2022, University of Washington CSE PLSE Group
==40201== Using Valgrind-3.19.0.Fjalar and LibVEX; rerun with -h for copyright info
==40201== Command: ./daikon_output
==40201== 
==40201== 
==40201== For lists of detected and suppressed errors, rerun with: -s
==40201== ERROR SUMMARY: 0 errors from 0 contexts (suppressed: 0 from 0)
Running Daikon...
Writing Dafny to houdafny.dfy...
Done
Running Dafny verification...
houdafny.dfy(39,18): Error: this loop invariant could not be proved on entry
   |
39 |     invariant l_y == 0
   |                   ^^

houdafny.dfy(39,18): Related message: loop invariant violation
   |
39 |     invariant l_y == 0
   |                   ^^


Dafny program verifier finished with 0 verified, 1 error

Writing Dafny to houdafny.dfy...
Done
Running Dafny verification...
houdafny.dfy(39,18): Error: this loop invariant could not be proved on entry
   |
39 |     invariant l_y <= 0
   |                   ^^

houdafny.dfy(39,18): Related message: loop invariant violation
   |
39 |     invariant l_y <= 0
   |                   ^^


Dafny program verifier finished with 0 verified, 1 error

Writing Dafny to houdafny.dfy...
Done
Running Dafny verification...
houdafny.dfy(56,18): Error: this loop invariant could not be proved on entry
   |
56 |     invariant l_y == 0
   |                   ^^

houdafny.dfy(56,18): Related message: loop invariant violation
   |
56 |     invariant l_y == 0
   |                   ^^


Dafny program verifier finished with 0 verified, 1 error

Writing Dafny to houdafny.dfy...
Done
Running Dafny verification...
houdafny.dfy(56,18): Error: this loop invariant could not be proved on entry
   |
56 |     invariant l_y <= 0
   |                   ^^

houdafny.dfy(56,18): Related message: loop invariant violation
   |
56 |     invariant l_y <= 0
   |                   ^^


Dafny program verifier finished with 0 verified, 1 error

Writing Dafny to houdafny.dfy...
Done
Running Dafny verification...
houdafny.dfy(64,18): Error: this invariant could not be proved to be maintained by the loop
   |
64 |     invariant l_i > r_i
   |                   ^

houdafny.dfy(64,18): Related message: loop invariant violation
   |
64 |     invariant l_i > r_i
   |                   ^

houdafny.dfy(69,8): Error: assertion might not hold
   |
69 |   assert(l_y == r_y);
   |         ^^^^^^^^^^^^


Dafny program verifier finished with 0 verified, 2 errors

Writing Dafny to houdafny.dfy...
Done
Running Dafny verification...
houdafny.dfy(68,8): Error: assertion might not hold
   |
68 |   assert(l_y == r_y);
   |         ^^^^^^^^^^^^


Dafny program verifier finished with 0 verified, 1 error

Writing output to ./results/alignments/dafny/unno/unaligned/half-square-una.dfy...
Done

Per-Task Times (ms)
-------------------
align-none: 0
aligned-crel: 0
invars-daikon: 953
houdafny: 11135
aligned-output: 0
write-product: 0

KestRel completed in 12088ms
Verified: false

real	0m12.191s
user	0m13.076s
sys	0m0.580s
