/usr/bin/clang-14 -c -emit-llvm -D__SEAHORN__ -fdeclspec -O1 -Xclang -disable-llvm-optzns -fgnu89-inline -m64 -I/home/usea/seahorn/include -o /tmp/sea-foj2v5ry/code-sinking-sa.bc ./results/alignments/barthe/sa/code-sinking-sa.c
./results/alignments/barthe/sa/code-sinking-sa.c:4:1: warning: return type of 'main' is not 'int' [-Wmain-return-type]
void main() {
^
./results/alignments/barthe/sa/code-sinking-sa.c:4:1: note: change return type to 'int'
void main() {
^~~~
int
1 warning generated.
/home/usea/seahorn/bin/seapp -o /tmp/sea-foj2v5ry/code-sinking-sa.pp.bc --simplifycfg-sink-common=false --strip-extern=false --promote-assumptions=false --kill-vaarg=true --ignore-def-verifier-fn=false --horn-keep-arith-overflow=false /tmp/sea-foj2v5ry/code-sinking-sa.bc
/home/usea/seahorn/bin/seapp --simplifycfg-sink-common=false -o /tmp/sea-foj2v5ry/code-sinking-sa.pp.ms.bc --horn-mixed-sem --ms-reduce-main /tmp/sea-foj2v5ry/code-sinking-sa.pp.bc
/home/usea/seahorn/bin/seaopt -f --simplifycfg-sink-common=false -o /tmp/sea-foj2v5ry/code-sinking-sa.pp.ms.o.bc -O3 --seaopt-enable-indvar=false --seaopt-enable-loop-idiom=false --unroll-threshold=150 --unroll-allow-partial=false --unroll-partial-threshold=0 --vectorize-slp=false /tmp/sea-foj2v5ry/code-sinking-sa.pp.ms.bc
/home/usea/seahorn/bin/seahorn --keep-shadows=true --sea-dsa=ci --horn-solve -horn-inter-proc -horn-sem-lvl=mem --horn-step=large /tmp/sea-foj2v5ry/code-sinking-sa.pp.ms.o.bc --horn-strictly-la=false
Warning: found 2 possible reads of undefined values
Warning: `undef` in assumption:   tail call void @verifier.assume(i1 undef) #7 in BB: entry

Warning: `undef` in assumption:   tail call void @verifier.assume(i1 undef) #7 in BB: entry

sat

real	0m0.898s
user	0m0.850s
sys	0m0.048s
