Computed alignment by local loop counting.
Writing Daikon to daikon_output.c...
Done
Compiling Daikon output...
Running Kvasir...
==57942== kvasir-5.8.18, C/C++ Language Front-End for Daikon with DynComp comparability analysis tool.
==57942== Copyright (C) 2007-2022, University of Washington CSE PLSE Group
==57942== Using Valgrind-3.19.0.Fjalar and LibVEX; rerun with -h for copyright info
==57942== Command: ./daikon_output
==57942== 
==57942== 
==57942== For lists of detected and suppressed errors, rerun with: -s
==57942== ERROR SUMMARY: 0 errors from 0 contexts (suppressed: 0 from 0)
Running Daikon...
Writing Dafny to houdafny.dfy...
Done
Running Dafny verification...
houdafny.dfy(14,24): Error: this invariant could not be proved to be maintained by the loop
   |
14 |     invariant (2 * r_y) == l_y
   |                         ^^

houdafny.dfy(14,24): Related message: loop invariant violation
   |
14 |     invariant (2 * r_y) == l_y
   |                         ^^

houdafny.dfy(19,18): Error: this loop invariant could not be proved on entry
   |
19 |     invariant l_z != 0
   |                   ^^

houdafny.dfy(19,18): Related message: loop invariant violation
   |
19 |     invariant l_z != 0
   |                   ^^

houdafny.dfy(22,18): Error: this loop invariant could not be proved on entry
   |
22 |     invariant r_z >= 1
   |                   ^^

houdafny.dfy(22,18): Related message: loop invariant violation
   |
22 |     invariant r_z >= 1
   |                   ^^


Dafny program verifier finished with 0 verified, 3 errors

Writing Dafny to houdafny.dfy...
Done
Running Dafny verification...
houdafny.dfy(14,24): Error: this invariant could not be proved to be maintained by the loop
   |
14 |     invariant (2 * r_z) == l_z
   |                         ^^

houdafny.dfy(14,24): Related message: loop invariant violation
   |
14 |     invariant (2 * r_z) == l_z
   |                         ^^

houdafny.dfy(19,18): Error: this loop invariant could not be proved on entry
   |
19 |     invariant r_z != 0
   |                   ^^

houdafny.dfy(19,18): Related message: loop invariant violation
   |
19 |     invariant r_z != 0
   |                   ^^

houdafny.dfy(21,18): Error: this loop invariant could not be proved on entry
   |
21 |     invariant l_z > r_z
   |                   ^

houdafny.dfy(21,18): Related message: loop invariant violation
   |
21 |     invariant l_z > r_z
   |                   ^


Dafny program verifier finished with 0 verified, 3 errors

Writing Dafny to houdafny.dfy...
Done
Running Dafny verification...
houdafny.dfy(17,18): Error: this invariant could not be proved to be maintained by the loop
   |
17 |     invariant l_y >= 0
   |                   ^^

houdafny.dfy(17,18): Related message: loop invariant violation
   |
17 |     invariant l_y >= 0
   |                   ^^

houdafny.dfy(18,18): Error: this loop invariant could not be proved on entry
   |
18 |     invariant l_z != l_y
   |                   ^^

houdafny.dfy(18,18): Related message: loop invariant violation
   |
18 |     invariant l_z != l_y
   |                   ^^

houdafny.dfy(18,18): Error: this invariant could not be proved to be maintained by the loop
   |
18 |     invariant l_z != l_y
   |                   ^^

houdafny.dfy(18,18): Related message: loop invariant violation
   |
18 |     invariant l_z != l_y
   |                   ^^

houdafny.dfy(19,18): Error: this invariant could not be proved to be maintained by the loop
   |
19 |     invariant l_y != r_z
   |                   ^^

houdafny.dfy(19,18): Related message: loop invariant violation
   |
19 |     invariant l_y != r_z
   |                   ^^

houdafny.dfy(28,24): Error: this loop invariant could not be proved on entry
   |
28 |     invariant (2 * r_y) == l_y
   |                         ^^

houdafny.dfy(28,24): Related message: loop invariant violation
   |
28 |     invariant (2 * r_y) == l_y
   |                         ^^

houdafny.dfy(29,24): Error: this loop invariant could not be proved on entry
   |
29 |     invariant (2 * r_z) == l_z
   |                         ^^

houdafny.dfy(29,24): Related message: loop invariant violation
   |
29 |     invariant (2 * r_z) == l_z
   |                         ^^

houdafny.dfy(31,18): Error: this loop invariant could not be proved on entry
   |
31 |     invariant l_z >= 1
   |                   ^^

houdafny.dfy(31,18): Related message: loop invariant violation
   |
31 |     invariant l_z >= 1
   |                   ^^


Dafny program verifier finished with 0 verified, 7 errors

Writing Dafny to houdafny.dfy...
Done
Running Dafny verification...
houdafny.dfy(25,18): Error: this loop invariant could not be proved on entry
   |
25 |     invariant l_z != 0
   |                   ^^

houdafny.dfy(25,18): Related message: loop invariant violation
   |
25 |     invariant l_z != 0
   |                   ^^

houdafny.dfy(25,18): Error: this invariant could not be proved to be maintained by the loop
   |
25 |     invariant l_z != 0
   |                   ^^

houdafny.dfy(25,18): Related message: loop invariant violation
   |
25 |     invariant l_z != 0
   |                   ^^

houdafny.dfy(26,18): Error: this loop invariant could not be proved on entry
   |
26 |     invariant l_y != 0
   |                   ^^

houdafny.dfy(26,18): Related message: loop invariant violation
   |
26 |     invariant l_y != 0
   |                   ^^

houdafny.dfy(26,18): Error: this invariant could not be proved to be maintained by the loop
   |
26 |     invariant l_y != 0
   |                   ^^

houdafny.dfy(26,18): Related message: loop invariant violation
   |
26 |     invariant l_y != 0
   |                   ^^

houdafny.dfy(27,18): Error: this loop invariant could not be proved on entry
   |
27 |     invariant r_z == 0
   |                   ^^

houdafny.dfy(27,18): Related message: loop invariant violation
   |
27 |     invariant r_z == 0
   |                   ^^

houdafny.dfy(31,18): Error: this loop invariant could not be proved on entry
   |
31 |     invariant l_z < l_y
   |                   ^

houdafny.dfy(31,18): Related message: loop invariant violation
   |
31 |     invariant l_z < l_y
   |                   ^

houdafny.dfy(31,18): Error: this invariant could not be proved to be maintained by the loop
   |
31 |     invariant l_z < l_y
   |                   ^

houdafny.dfy(31,18): Related message: loop invariant violation
   |
31 |     invariant l_z < l_y
   |                   ^

houdafny.dfy(32,18): Error: this loop invariant could not be proved on entry
   |
32 |     invariant l_z > r_z
   |                   ^

houdafny.dfy(32,18): Related message: loop invariant violation
   |
32 |     invariant l_z > r_z
   |                   ^

houdafny.dfy(35,18): Error: this invariant could not be proved to be maintained by the loop
   |
35 |     invariant l_y >= r_y
   |                   ^^

houdafny.dfy(35,18): Related message: loop invariant violation
   |
35 |     invariant l_y >= r_y
   |                   ^^


Dafny program verifier finished with 0 verified, 9 errors

Writing Dafny to houdafny.dfy...
Done
Running Dafny verification...
houdafny.dfy(25,18): Error: this loop invariant could not be proved on entry
   |
25 |     invariant r_z <= 0
   |                   ^^

houdafny.dfy(25,18): Related message: loop invariant violation
   |
25 |     invariant r_z <= 0
   |                   ^^

houdafny.dfy(26,18): Error: this loop invariant could not be proved on entry
   |
26 |     invariant r_z >= 0
   |                   ^^

houdafny.dfy(26,18): Related message: loop invariant violation
   |
26 |     invariant r_z >= 0
   |                   ^^

houdafny.dfy(27,18): Error: this loop invariant could not be proved on entry
   |
27 |     invariant r_y != 0
   |                   ^^

houdafny.dfy(27,18): Related message: loop invariant violation
   |
27 |     invariant r_y != 0
   |                   ^^

houdafny.dfy(28,18): Error: this loop invariant could not be proved on entry
   |
28 |     invariant l_z < r_y
   |                   ^

houdafny.dfy(28,18): Related message: loop invariant violation
   |
28 |     invariant l_z < r_y
   |                   ^

houdafny.dfy(29,18): Error: this loop invariant could not be proved on entry
   |
29 |     invariant l_y > r_z
   |                   ^

houdafny.dfy(29,18): Related message: loop invariant violation
   |
29 |     invariant l_y > r_z
   |                   ^

houdafny.dfy(29,18): Error: this invariant could not be proved to be maintained by the loop
   |
29 |     invariant l_y > r_z
   |                   ^

houdafny.dfy(29,18): Related message: loop invariant violation
   |
29 |     invariant l_y > r_z
   |                   ^

houdafny.dfy(42,8): Error: assertion might not hold
   |
42 |   assert(l_y == r_y);
   |         ^^^^^^^^^^^^


Dafny program verifier finished with 0 verified, 7 errors

Writing Dafny to houdafny.dfy...
Done
Running Dafny verification...
houdafny.dfy(25,18): Error: this loop invariant could not be proved on entry
   |
25 |     invariant r_z < r_y
   |                   ^

houdafny.dfy(25,18): Related message: loop invariant violation
   |
25 |     invariant r_z < r_y
   |                   ^

houdafny.dfy(37,8): Error: assertion might not hold
   |
37 |   assert(l_y == r_y);
   |         ^^^^^^^^^^^^


Dafny program verifier finished with 0 verified, 2 errors

Writing Dafny to houdafny.dfy...
Done
Running Dafny verification...
houdafny.dfy(34,8): Error: assertion might not hold
   |
34 |   assert(l_y == r_y);
   |         ^^^^^^^^^^^^


Dafny program verifier finished with 0 verified, 1 error

Writing output to ./results/alignments/dafny/unno/count-loops/double-square-cou.dfy...
Done

Per-Task Times (ms)
-------------------
align-count-loops: 0
aligned-crel: 0
invars-daikon: 846
houdafny: 12182
aligned-output: 0
write-product: 0

KestRel completed in 13030ms
Verified: false

real	0m13.051s
user	0m13.637s
sys	0m0.755s
