Computed alignment by local loop counting.
Writing Daikon to daikon_output.c...
Done
Compiling Daikon output...
Running Kvasir...
==58258== kvasir-5.8.18, C/C++ Language Front-End for Daikon with DynComp comparability analysis tool.
==58258== Copyright (C) 2007-2022, University of Washington CSE PLSE Group
==58258== Using Valgrind-3.19.0.Fjalar and LibVEX; rerun with -h for copyright info
==58258== Command: ./daikon_output
==58258== 
==58258== 
==58258== For lists of detected and suppressed errors, rerun with: -s
==58258== ERROR SUMMARY: 0 errors from 0 contexts (suppressed: 0 from 0)
Running Daikon...
Writing Dafny to houdafny.dfy...
Done
Running Dafny verification...
houdafny.dfy(39,18): Error: this loop invariant could not be proved on entry
   |
39 |     invariant l_i >= 2
   |                   ^^

houdafny.dfy(39,18): Related message: loop invariant violation
   |
39 |     invariant l_i >= 2
   |                   ^^

houdafny.dfy(67,18): Error: this loop invariant could not be proved on entry
   |
67 |     invariant l_i <= r_i
   |                   ^^

houdafny.dfy(67,18): Related message: loop invariant violation
   |
67 |     invariant l_i <= r_i
   |                   ^^

houdafny.dfy(87,18): Error: this loop invariant could not be proved on entry
   |
87 |     invariant l_i != r_i
   |                   ^^

houdafny.dfy(87,18): Related message: loop invariant violation
   |
87 |     invariant l_i != r_i
   |                   ^^

houdafny.dfy(103,18): Error: this loop invariant could not be proved on entry
    |
103 |     invariant r_y == 0
    |                   ^^

houdafny.dfy(103,18): Related message: loop invariant violation
    |
103 |     invariant r_y == 0
    |                   ^^


Dafny program verifier finished with 0 verified, 4 errors

Writing Dafny to houdafny.dfy...
Done
Running Dafny verification...
houdafny.dfy(43,18): Error: this loop invariant could not be proved on entry
   |
43 |     invariant r_i >= 2
   |                   ^^

houdafny.dfy(43,18): Related message: loop invariant violation
   |
43 |     invariant r_i >= 2
   |                   ^^

houdafny.dfy(81,18): Error: this loop invariant could not be proved on entry
   |
81 |     invariant r_i >= 2
   |                   ^^

houdafny.dfy(81,18): Related message: loop invariant violation
   |
81 |     invariant r_i >= 2
   |                   ^^

houdafny.dfy(100,18): Error: this loop invariant could not be proved on entry
    |
100 |     invariant r_y <= 0
    |                   ^^

houdafny.dfy(100,18): Related message: loop invariant violation
    |
100 |     invariant r_y <= 0
    |                   ^^


Dafny program verifier finished with 0 verified, 3 errors

Writing Dafny to houdafny.dfy...
Done
Running Dafny verification...
houdafny.dfy(102,18): Error: this loop invariant could not be proved on entry
    |
102 |     invariant l_i < r_i
    |                   ^

houdafny.dfy(102,18): Related message: loop invariant violation
    |
102 |     invariant l_i < r_i
    |                   ^

houdafny.dfy(112,18): Error: this loop invariant could not be proved on entry
    |
112 |     invariant l_y == 0
    |                   ^^

houdafny.dfy(112,18): Related message: loop invariant violation
    |
112 |     invariant l_y == 0
    |                   ^^


Dafny program verifier finished with 0 verified, 2 errors

Writing Dafny to houdafny.dfy...
Done
Running Dafny verification...
houdafny.dfy(111,18): Error: this loop invariant could not be proved on entry
    |
111 |     invariant l_y <= 0
    |                   ^^

houdafny.dfy(111,18): Related message: loop invariant violation
    |
111 |     invariant l_y <= 0
    |                   ^^


Dafny program verifier finished with 0 verified, 1 error

Writing Dafny to houdafny.dfy...
Done
Running Dafny verification...
houdafny.dfy(119,18): Error: this loop invariant could not be proved on entry
    |
119 |     invariant l_i > r_i
    |                   ^

houdafny.dfy(119,18): Related message: loop invariant violation
    |
119 |     invariant l_i > r_i
    |                   ^


Dafny program verifier finished with 0 verified, 1 error

Writing Dafny to houdafny.dfy...
Done
Running Dafny verification...

Dafny program verifier finished with 1 verified, 0 errors

Writing output to ./results/alignments/dafny/unno/count-loops/half-square-cou.dfy...
Done

Per-Task Times (ms)
-------------------
align-count-loops: 5
aligned-crel: 0
invars-daikon: 980
houdafny: 11397
aligned-output: 0
write-product: 0

KestRel completed in 12384ms
Verified: true

real	0m12.486s
user	0m13.629s
sys	0m0.650s
