
Beginning Iteration
-------------------
add_unrolls: false
depth: 1
cost function: optimize_structure
Treating naive product as final alignment.
  UNSATISFIABLE ASSERTION Assert at sketch.sk:42 (2)

*** Rejected
    [0;31m[1751868898.3380 - ERROR] [SKETCH] Sketch Not Resolved Error:   UNSATISFIABLE ASSERTION Assert at sketch.sk:42 (2)

*** Rejected
The sketch could not be resolved.[0m
    [0;32m[1751868898.3450 - DEBUG] [SKETCH] stack trace written to file: /home/rob/.sketch/tmp/stacktrace.txt[0m
    [0;32m[1751868898.3451 - DEBUG] Backend solver input file at /home/rob/.sketch/tmp/sketch.sk/input0.tmp[0m
Failed to solve sketch.

Beginning Iteration
-------------------
add_unrolls: false
depth: 1
cost function: optimize_choice
Treating naive product as final alignment.
  UNSATISFIABLE ASSERTION Assert at sketch.sk:42 (2)

*** Rejected
    [0;31m[1751868899.6640 - ERROR] [SKETCH] Sketch Not Resolved Error:   UNSATISFIABLE ASSERTION Assert at sketch.sk:42 (2)

*** Rejected
The sketch could not be resolved.[0m
    [0;32m[1751868899.6710 - DEBUG] [SKETCH] stack trace written to file: /home/rob/.sketch/tmp/stacktrace.txt[0m
    [0;32m[1751868899.6711 - DEBUG] Backend solver input file at /home/rob/.sketch/tmp/sketch.sk/input0.tmp[0m
Failed to solve sketch.

Beginning Iteration
-------------------
add_unrolls: true
depth: 1
cost function: optimize_structure
Treating naive product as final alignment.
Skipping loop unroll for program without loops.

Beginning Iteration
-------------------
add_unrolls: true
depth: 1
cost function: optimize_choice
Treating naive product as final alignment.
Skipping loop unroll for program without loops.

Beginning Iteration
-------------------
add_unrolls: false
depth: 2
cost function: optimize_structure
Treating naive product as final alignment.
Writing Daikon to /home/rob/code/kestrel/.kestrel-work/daikon_output.c...
Done
Compiling Daikon output...
Running Kvasir...
==294758== kvasir-5.8.18, C/C++ Language Front-End for Daikon with DynComp comparability analysis tool.
==294758== Copyright (C) 2007-2022, University of Washington CSE PLSE Group
==294758== Using Valgrind-3.19.0.Fjalar and LibVEX; rerun with -h for copyright info
==294758== Command: /home/rob/code/kestrel/.kestrel-work/daikon_output
==294758== 
==294759== 
==294759== For lists of detected and suppressed errors, rerun with: -s
==294759== ERROR SUMMARY: 0 errors from 0 contexts (suppressed: 0 from 0)
==294760== 
==294760== For lists of detected and suppressed errors, rerun with: -s
==294760== ERROR SUMMARY: 0 errors from 0 contexts (suppressed: 0 from 0)
==294761== 
==294761== For lists of detected and suppressed errors, rerun with: -s
==294761== ERROR SUMMARY: 0 errors from 0 contexts (suppressed: 0 from 0)
==294762== 
==294762== For lists of detected and suppressed errors, rerun with: -s
==294762== ERROR SUMMARY: 0 errors from 0 contexts (suppressed: 0 from 0)
==294763== 
==294763== For lists of detected and suppressed errors, rerun with: -s
==294763== ERROR SUMMARY: 0 errors from 0 contexts (suppressed: 0 from 0)
==294764== 
==294764== For lists of detected and suppressed errors, rerun with: -s
==294764== ERROR SUMMARY: 0 errors from 0 contexts (suppressed: 0 from 0)
==294765== 
==294765== For lists of detected and suppressed errors, rerun with: -s
==294765== ERROR SUMMARY: 0 errors from 0 contexts (suppressed: 0 from 0)
==294766== 
==294766== For lists of detected and suppressed errors, rerun with: -s
==294766== ERROR SUMMARY: 0 errors from 0 contexts (suppressed: 0 from 0)
==294767== 
==294767== For lists of detected and suppressed errors, rerun with: -s
==294767== ERROR SUMMARY: 0 errors from 0 contexts (suppressed: 0 from 0)
==294768== 
==294768== For lists of detected and suppressed errors, rerun with: -s
==294768== ERROR SUMMARY: 0 errors from 0 contexts (suppressed: 0 from 0)
==294769== 
==294769== For lists of detected and suppressed errors, rerun with: -s
==294769== ERROR SUMMARY: 0 errors from 0 contexts (suppressed: 0 from 0)
==294770== 
==294770== For lists of detected and suppressed errors, rerun with: -s
==294770== ERROR SUMMARY: 0 errors from 0 contexts (suppressed: 0 from 0)
==294771== 
==294771== For lists of detected and suppressed errors, rerun with: -s
==294771== ERROR SUMMARY: 0 errors from 0 contexts (suppressed: 0 from 0)
==294772== 
==294772== For lists of detected and suppressed errors, rerun with: -s
==294772== ERROR SUMMARY: 0 errors from 0 contexts (suppressed: 0 from 0)
==294773== 
==294773== For lists of detected and suppressed errors, rerun with: -s
==294773== ERROR SUMMARY: 0 errors from 0 contexts (suppressed: 0 from 0)
==294774== 
==294774== For lists of detected and suppressed errors, rerun with: -s
==294774== ERROR SUMMARY: 0 errors from 0 contexts (suppressed: 0 from 0)
==294775== 
==294775== For lists of detected and suppressed errors, rerun with: -s
==294775== ERROR SUMMARY: 0 errors from 0 contexts (suppressed: 0 from 0)
==294776== 
==294776== For lists of detected and suppressed errors, rerun with: -s
==294776== ERROR SUMMARY: 0 errors from 0 contexts (suppressed: 0 from 0)
==294777== 
==294777== For lists of detected and suppressed errors, rerun with: -s
==294777== ERROR SUMMARY: 0 errors from 0 contexts (suppressed: 0 from 0)
==294778== 
==294778== For lists of detected and suppressed errors, rerun with: -s
==294778== ERROR SUMMARY: 0 errors from 0 contexts (suppressed: 0 from 0)
==294758== 
==294758== For lists of detected and suppressed errors, rerun with: -s
==294758== ERROR SUMMARY: 0 errors from 0 contexts (suppressed: 0 from 0)
Running Daikon...
houdafny.dfy(13,2): Warning: assume statement has no {:axiom} annotation
   |
13 |   assume true;
   |   ^^^^^^^^^^^^

houdafny.dfy(18,2): Warning: assume statement has no {:axiom} annotation
   |
18 |   assume true;
   |   ^^^^^^^^^^^^


Dafny program verifier finished with 1 verified, 0 errors


Aligned Product Program
-----------------------

function any(): int

function havoc_1(): int

function choice_n_2(l_y: int, l_x: int): int {
  l_x - 1
 }

method Product()
  decreases *
{
  assume true;
  var l_x: int;
  var l_y: int;
  assert true;
  l_x := havoc_1();
  assume true;
  l_y := l_x;
  var r_t: int;
  var r_z: int;
  var n_2: int := choice_n_2(l_y, l_x);
  assert true;
  r_t := n_2;
  r_z := (r_t + 1);
  assert l_y == r_z;
}


Per-Task Times (ms)
-------------------
insert-elaenia-specs: 0
set-parameters: 0
print-info: 0
align-none: 0
aligned-crel: 0
print-info: 0
print-info: 0
print-info: 0
insert-elaenia-specs: 0
write-sketch: 0
solve-sketch: 1316
elaenia-invars: 0
houdafny: 0
compound_task: 1316
compound_task: 1316
set-parameters: 0
print-info: 0
align-none: 0
aligned-crel: 0
print-info: 0
print-info: 0
print-info: 0
insert-elaenia-specs: 0
write-sketch: 0
solve-sketch: 1321
elaenia-invars: 0
houdafny: 0
compound_task: 1321
compound_task: 1321
set-parameters: 0
print-info: 0
align-none: 0
aligned-crel: 0
print-info: 0
print-info: 0
print-info: 0
compound_task: 0
compound_task: 0
set-parameters: 0
print-info: 0
align-none: 0
aligned-crel: 0
print-info: 0
print-info: 0
print-info: 0
compound_task: 0
compound_task: 0
set-parameters: 0
print-info: 0
align-none: 0
aligned-crel: 0
print-info: 0
print-info: 0
print-info: 0
insert-elaenia-specs: 0
write-sketch: 0
solve-sketch: 383
elaenia-invars: 1767
houdafny: 1078
compound_task: 3230
repeat_range: 5868
write-dafny: 0
print-info: 0


Extraction Settings
-------------------
Max AST Depth: 2
Loop unrolling: false
Cost function: structure
Max AST Depth: 2

Elaenia completed in 5868ms
Verified: true
