
Beginning Iteration
-------------------
add_unrolls: false
depth: 1
cost function: optimize_structure
Treating naive product as final alignment.
Writing Daikon to /home/rob/code/kestrel/.kestrel-work/daikon_output.c...
Done
Compiling Daikon output...
Running Kvasir...
==295119== kvasir-5.8.18, C/C++ Language Front-End for Daikon with DynComp comparability analysis tool.
==295119== Copyright (C) 2007-2022, University of Washington CSE PLSE Group
==295119== Using Valgrind-3.19.0.Fjalar and LibVEX; rerun with -h for copyright info
==295119== Command: /home/rob/code/kestrel/.kestrel-work/daikon_output
==295119== 
==295126== 
==295126== For lists of detected and suppressed errors, rerun with: -s
==295126== ERROR SUMMARY: 0 errors from 0 contexts (suppressed: 0 from 0)
==295127== 
==295127== For lists of detected and suppressed errors, rerun with: -s
==295127== ERROR SUMMARY: 0 errors from 0 contexts (suppressed: 0 from 0)
==295128== 
==295128== For lists of detected and suppressed errors, rerun with: -s
==295128== ERROR SUMMARY: 0 errors from 0 contexts (suppressed: 0 from 0)
==295129== 
==295129== For lists of detected and suppressed errors, rerun with: -s
==295129== ERROR SUMMARY: 0 errors from 0 contexts (suppressed: 0 from 0)
==295130== 
==295130== For lists of detected and suppressed errors, rerun with: -s
==295130== ERROR SUMMARY: 0 errors from 0 contexts (suppressed: 0 from 0)
==295131== 
==295131== For lists of detected and suppressed errors, rerun with: -s
==295131== ERROR SUMMARY: 0 errors from 0 contexts (suppressed: 0 from 0)
==295132== 
==295132== For lists of detected and suppressed errors, rerun with: -s
==295132== ERROR SUMMARY: 0 errors from 0 contexts (suppressed: 0 from 0)
==295133== 
==295133== For lists of detected and suppressed errors, rerun with: -s
==295133== ERROR SUMMARY: 0 errors from 0 contexts (suppressed: 0 from 0)
==295134== 
==295134== For lists of detected and suppressed errors, rerun with: -s
==295134== ERROR SUMMARY: 0 errors from 0 contexts (suppressed: 0 from 0)
==295135== 
==295135== For lists of detected and suppressed errors, rerun with: -s
==295135== ERROR SUMMARY: 0 errors from 0 contexts (suppressed: 0 from 0)
==295136== 
==295136== For lists of detected and suppressed errors, rerun with: -s
==295136== ERROR SUMMARY: 0 errors from 0 contexts (suppressed: 0 from 0)
==295137== 
==295137== For lists of detected and suppressed errors, rerun with: -s
==295137== ERROR SUMMARY: 0 errors from 0 contexts (suppressed: 0 from 0)
==295138== 
==295138== For lists of detected and suppressed errors, rerun with: -s
==295138== ERROR SUMMARY: 0 errors from 0 contexts (suppressed: 0 from 0)
==295139== 
==295139== For lists of detected and suppressed errors, rerun with: -s
==295139== ERROR SUMMARY: 0 errors from 0 contexts (suppressed: 0 from 0)
==295140== 
==295140== For lists of detected and suppressed errors, rerun with: -s
==295140== ERROR SUMMARY: 0 errors from 0 contexts (suppressed: 0 from 0)
==295141== 
==295141== For lists of detected and suppressed errors, rerun with: -s
==295141== ERROR SUMMARY: 0 errors from 0 contexts (suppressed: 0 from 0)
==295142== 
==295142== For lists of detected and suppressed errors, rerun with: -s
==295142== ERROR SUMMARY: 0 errors from 0 contexts (suppressed: 0 from 0)
==295143== 
==295143== For lists of detected and suppressed errors, rerun with: -s
==295143== ERROR SUMMARY: 0 errors from 0 contexts (suppressed: 0 from 0)
==295144== 
==295144== For lists of detected and suppressed errors, rerun with: -s
==295144== ERROR SUMMARY: 0 errors from 0 contexts (suppressed: 0 from 0)
==295147== 
==295147== For lists of detected and suppressed errors, rerun with: -s
==295147== ERROR SUMMARY: 0 errors from 0 contexts (suppressed: 0 from 0)
==295119== 
==295119== For lists of detected and suppressed errors, rerun with: -s
==295119== ERROR SUMMARY: 0 errors from 0 contexts (suppressed: 0 from 0)
Running Daikon...
houdafny.dfy(19,2): Warning: assume statement has no {:axiom} annotation
   |
19 |   assume (l_l == r_l) && ((l_l >= 0) && ((l_h <= l_l) && (r_h <= r_l)));
   |   ^^^^^^^^^^^^^^^^^^^^^^^^^^^^^^^^^^^^^^^^^^^^^^^^^^^^^^^^^^^^^^^^^^^^^^

houdafny.dfy(28,2): Warning: assume statement has no {:axiom} annotation
   |
28 |   assume l_a1 >= 0;
   |   ^^^^^^^^^^^^^^^^^

houdafny.dfy(31,2): Warning: assume statement has no {:axiom} annotation
   |
31 |   assume l_a2 >= 0;
   |   ^^^^^^^^^^^^^^^^^


Dafny program verifier finished with 1 verified, 0 errors


Aligned Product Program
-----------------------

function any(): int

function havoc_1(l_o: int, l_h: int, r_h: int, l_x: int, r_l: int, l_l: int): int

function havoc_2(l_o: int, l_h: int, r_h: int, l_a1: int, l_x: int, r_l: int, l_l: int): int

function choice_n_3(l_o: int, l_h: int, r_x: int, r_h: int, l_a1: int, l_x: int, r_l: int, r_o: int, l_l: int, l_a2: int): int {
  l_a2
 }

function choice_n_4(l_o: int, l_h: int, r_x: int, r_h: int, l_a1: int, l_x: int, r_l: int, r_o: int, l_l: int, l_a2: int): int {
  l_o
 }

method Product(l_l: int, l_h: int, r_l: int, r_h: int)
  decreases *
{
  assume (l_l == r_l) && ((l_l >= 0) && ((l_h <= l_l) && (r_h <= r_l)));
  var l_a1: int;
  var l_a2: int;
  var l_x: int;
  l_x := 0;
  var l_o: int;
  l_o := 0;
  assert true;
  l_a1 := havoc_1(l_o, l_h, r_h, l_x, r_l, l_l);
  assume l_a1 >= 0;
  assert true;
  l_a2 := havoc_2(l_o, l_h, r_h, l_a1, l_x, r_l, l_l);
  assume l_a2 >= 0;
  if (l_h > l_l) {
    l_o := (l_l + l_a1);
  } else {
    l_x := l_a2;
    if (l_x > l_l) {
      l_o := l_x;
    } else {
      l_o := l_l;
    }
  }
  var r_a1: int;
  var r_a2: int;
  var r_x: int;
  r_x := 0;
  var r_o: int;
  r_o := 0;
  var n_3: int := choice_n_3(l_o, l_h, r_x, r_h, l_a1, l_x, r_l, r_o, l_l, l_a2);
  assert n_3 >= 0;
  r_a1 := n_3;
  var n_4: int := choice_n_4(l_o, l_h, r_x, r_h, l_a1, l_x, r_l, r_o, l_l, l_a2);
  assert n_4 >= 0;
  r_a2 := n_4;
  if (r_h > r_l) {
    r_o := (r_l + r_a1);
  } else {
    r_x := r_a2;
    if (r_x > r_l) {
      r_o := r_x;
    } else {
      r_o := r_l;
    }
  }
  assert l_o == r_o;
}


Per-Task Times (ms)
-------------------
insert-elaenia-specs: 0
set-parameters: 0
print-info: 0
align-none: 0
aligned-crel: 0
print-info: 0
print-info: 0
print-info: 0
insert-elaenia-specs: 0
write-sketch: 0
solve-sketch: 404
elaenia-invars: 1874
houdafny: 1068
compound_task: 3348
repeat_range: 3349
write-dafny: 0
print-info: 0


Extraction Settings
-------------------
Max AST Depth: 1
Loop unrolling: false
Cost function: structure
Max AST Depth: 1

Elaenia completed in 3349ms
Verified: true
