
Beginning Iteration
-------------------
add_unrolls: false
depth: 1
cost function: optimize_structure
Treating naive product as final alignment.
  UNSATISFIABLE ASSERTION Assert at sketch.sk:100 (2)

*** Rejected
    [0;31m[1751868990.1300 - ERROR] [SKETCH] Sketch Not Resolved Error:   UNSATISFIABLE ASSERTION Assert at sketch.sk:100 (2)

*** Rejected
The sketch could not be resolved.[0m
    [0;32m[1751868990.1370 - DEBUG] [SKETCH] stack trace written to file: /home/rob/.sketch/tmp/stacktrace.txt[0m
    [0;32m[1751868990.1371 - DEBUG] Backend solver input file at /home/rob/.sketch/tmp/sketch.sk/input0.tmp[0m
Failed to solve sketch.

Beginning Iteration
-------------------
add_unrolls: false
depth: 1
cost function: optimize_choice
Treating naive product as final alignment.


*** Rejected
    [0;31m[1751868991.5110 - ERROR] [SKETCH] Sketch Not Resolved Error: 

*** Rejected
The sketch could not be resolved.[0m
    [0;32m[1751868991.5200 - DEBUG] [SKETCH] stack trace written to file: /home/rob/.sketch/tmp/stacktrace.txt[0m
    [0;32m[1751868991.5201 - DEBUG] Backend solver input file at /home/rob/.sketch/tmp/sketch.sk/input0.tmp[0m
Failed to solve sketch.

Beginning Iteration
-------------------
add_unrolls: true
depth: 1
cost function: optimize_structure
Treating naive product as final alignment.
Skipping loop unroll for program without loops.

Beginning Iteration
-------------------
add_unrolls: true
depth: 1
cost function: optimize_choice
Treating naive product as final alignment.
Skipping loop unroll for program without loops.

Beginning Iteration
-------------------
add_unrolls: false
depth: 2
cost function: optimize_structure
Treating naive product as final alignment.
Writing Daikon to /home/rob/code/kestrel/.kestrel-work/daikon_output.c...
Done
Compiling Daikon output...
Running Kvasir...
==295632== kvasir-5.8.18, C/C++ Language Front-End for Daikon with DynComp comparability analysis tool.
==295632== Copyright (C) 2007-2022, University of Washington CSE PLSE Group
==295632== Using Valgrind-3.19.0.Fjalar and LibVEX; rerun with -h for copyright info
==295632== Command: /home/rob/code/kestrel/.kestrel-work/daikon_output
==295632== 
==295633== 
==295633== For lists of detected and suppressed errors, rerun with: -s
==295633== ERROR SUMMARY: 0 errors from 0 contexts (suppressed: 0 from 0)
==295634== 
==295634== For lists of detected and suppressed errors, rerun with: -s
==295634== ERROR SUMMARY: 0 errors from 0 contexts (suppressed: 0 from 0)
==295635== 
==295635== For lists of detected and suppressed errors, rerun with: -s
==295635== ERROR SUMMARY: 0 errors from 0 contexts (suppressed: 0 from 0)
==295636== 
==295636== For lists of detected and suppressed errors, rerun with: -s
==295636== ERROR SUMMARY: 0 errors from 0 contexts (suppressed: 0 from 0)
==295637== 
==295637== For lists of detected and suppressed errors, rerun with: -s
==295637== ERROR SUMMARY: 0 errors from 0 contexts (suppressed: 0 from 0)
==295641== 
==295641== For lists of detected and suppressed errors, rerun with: -s
==295641== ERROR SUMMARY: 0 errors from 0 contexts (suppressed: 0 from 0)
==295642== 
==295642== For lists of detected and suppressed errors, rerun with: -s
==295642== ERROR SUMMARY: 0 errors from 0 contexts (suppressed: 0 from 0)
==295643== 
==295643== For lists of detected and suppressed errors, rerun with: -s
==295643== ERROR SUMMARY: 0 errors from 0 contexts (suppressed: 0 from 0)
==295644== 
==295644== For lists of detected and suppressed errors, rerun with: -s
==295644== ERROR SUMMARY: 0 errors from 0 contexts (suppressed: 0 from 0)
==295645== 
==295645== For lists of detected and suppressed errors, rerun with: -s
==295645== ERROR SUMMARY: 0 errors from 0 contexts (suppressed: 0 from 0)
==295646== 
==295646== For lists of detected and suppressed errors, rerun with: -s
==295646== ERROR SUMMARY: 0 errors from 0 contexts (suppressed: 0 from 0)
==295647== 
==295647== For lists of detected and suppressed errors, rerun with: -s
==295647== ERROR SUMMARY: 0 errors from 0 contexts (suppressed: 0 from 0)
==295648== 
==295648== For lists of detected and suppressed errors, rerun with: -s
==295648== ERROR SUMMARY: 0 errors from 0 contexts (suppressed: 0 from 0)
==295649== 
==295649== For lists of detected and suppressed errors, rerun with: -s
==295649== ERROR SUMMARY: 0 errors from 0 contexts (suppressed: 0 from 0)
==295650== 
==295650== For lists of detected and suppressed errors, rerun with: -s
==295650== ERROR SUMMARY: 0 errors from 0 contexts (suppressed: 0 from 0)
==295651== 
==295651== For lists of detected and suppressed errors, rerun with: -s
==295651== ERROR SUMMARY: 0 errors from 0 contexts (suppressed: 0 from 0)
==295652== 
==295652== For lists of detected and suppressed errors, rerun with: -s
==295652== ERROR SUMMARY: 0 errors from 0 contexts (suppressed: 0 from 0)
==295653== 
==295653== For lists of detected and suppressed errors, rerun with: -s
==295653== ERROR SUMMARY: 0 errors from 0 contexts (suppressed: 0 from 0)
==295654== 
==295654== For lists of detected and suppressed errors, rerun with: -s
==295654== ERROR SUMMARY: 0 errors from 0 contexts (suppressed: 0 from 0)
==295655== 
==295655== For lists of detected and suppressed errors, rerun with: -s
==295655== ERROR SUMMARY: 0 errors from 0 contexts (suppressed: 0 from 0)
==295632== 
==295632== For lists of detected and suppressed errors, rerun with: -s
==295632== ERROR SUMMARY: 0 errors from 0 contexts (suppressed: 0 from 0)
Running Daikon...
houdafny.dfy(19,2): Warning: assume statement has no {:axiom} annotation
   |
19 |   assume (l_l == r_l) && (l_l >= 0);
   |   ^^^^^^^^^^^^^^^^^^^^^^^^^^^^^^^^^^

houdafny.dfy(28,2): Warning: assume statement has no {:axiom} annotation
   |
28 |   assume l_a1 >= 0;
   |   ^^^^^^^^^^^^^^^^^

houdafny.dfy(31,2): Warning: assume statement has no {:axiom} annotation
   |
31 |   assume l_a2 >= 0;
   |   ^^^^^^^^^^^^^^^^^


Dafny program verifier finished with 1 verified, 0 errors


Aligned Product Program
-----------------------

function any(): int

function havoc_1(l_l: int, l_h: int, r_h: int, l_x: int, l_o: int, r_l: int): int

function havoc_2(l_l: int, l_a1: int, l_h: int, r_h: int, l_x: int, l_o: int, r_l: int): int

function choice_n_3(l_l: int, l_a1: int, l_h: int, r_h: int, l_x: int, r_o: int, l_o: int, l_a2: int, r_l: int, r_x: int): int {
  l_o - l_l
 }

function choice_n_4(l_l: int, l_a1: int, l_h: int, r_h: int, l_x: int, r_o: int, l_o: int, l_a2: int, r_l: int, r_x: int): int {
  l_o
 }

method Product(l_l: int, l_h: int, r_l: int, r_h: int)
  decreases *
{
  assume (l_l == r_l) && (l_l >= 0);
  var l_a1: int;
  var l_a2: int;
  var l_x: int;
  l_x := 0;
  var l_o: int;
  l_o := 0;
  assert true;
  l_a1 := havoc_1(l_l, l_h, r_h, l_x, l_o, r_l);
  assume l_a1 >= 0;
  assert true;
  l_a2 := havoc_2(l_l, l_a1, l_h, r_h, l_x, l_o, r_l);
  assume l_a2 >= 0;
  if (l_h > l_l) {
    l_o := (l_l + l_a1);
  } else {
    l_x := l_a2;
    if (l_x > l_l) {
      l_o := l_x;
    } else {
      l_o := l_l;
    }
  }
  var r_a1: int;
  var r_a2: int;
  var r_x: int;
  r_x := 0;
  var r_o: int;
  r_o := 0;
  var n_3: int := choice_n_3(l_l, l_a1, l_h, r_h, l_x, r_o, l_o, l_a2, r_l, r_x);
  assert n_3 >= 0;
  r_a1 := n_3;
  var n_4: int := choice_n_4(l_l, l_a1, l_h, r_h, l_x, r_o, l_o, l_a2, r_l, r_x);
  assert n_4 >= 0;
  r_a2 := n_4;
  if (r_h > r_l) {
    r_o := (r_l + r_a1);
  } else {
    r_x := r_a2;
    if (r_x > r_l) {
      r_o := r_x;
    } else {
      r_o := r_l;
    }
  }
  assert l_o == r_o;
}


Per-Task Times (ms)
-------------------
insert-elaenia-specs: 0
set-parameters: 0
print-info: 0
align-none: 0
aligned-crel: 0
print-info: 0
print-info: 0
print-info: 0
insert-elaenia-specs: 0
write-sketch: 0
solve-sketch: 1366
elaenia-invars: 0
houdafny: 0
compound_task: 1366
compound_task: 1367
set-parameters: 0
print-info: 0
align-none: 0
aligned-crel: 0
print-info: 0
print-info: 0
print-info: 0
insert-elaenia-specs: 0
write-sketch: 0
solve-sketch: 1372
elaenia-invars: 0
houdafny: 0
compound_task: 1372
compound_task: 1373
set-parameters: 0
print-info: 0
align-none: 0
aligned-crel: 0
print-info: 0
print-info: 0
print-info: 0
compound_task: 0
compound_task: 0
set-parameters: 0
print-info: 0
align-none: 0
aligned-crel: 0
print-info: 0
print-info: 0
print-info: 0
compound_task: 0
compound_task: 0
set-parameters: 0
print-info: 0
align-none: 0
aligned-crel: 0
print-info: 0
print-info: 0
print-info: 0
insert-elaenia-specs: 0
write-sketch: 0
solve-sketch: 531
elaenia-invars: 1952
houdafny: 1086
compound_task: 3570
repeat_range: 6311
write-dafny: 0
print-info: 0


Extraction Settings
-------------------
Max AST Depth: 2
Loop unrolling: false
Cost function: structure
Max AST Depth: 2

Elaenia completed in 6312ms
Verified: true
