
Beginning Iteration
-------------------
add_unrolls: false
depth: 1
cost function: optimize_structure
Treating naive product as final alignment.
Writing Daikon to /home/rob/code/kestrel/.kestrel-work/daikon_output.c...
Done
Compiling Daikon output...
Running Kvasir...
==294960== kvasir-5.8.18, C/C++ Language Front-End for Daikon with DynComp comparability analysis tool.
==294960== Copyright (C) 2007-2022, University of Washington CSE PLSE Group
==294960== Using Valgrind-3.19.0.Fjalar and LibVEX; rerun with -h for copyright info
==294960== Command: /home/rob/code/kestrel/.kestrel-work/daikon_output
==294960== 
==294962== 
==294962== For lists of detected and suppressed errors, rerun with: -s
==294962== ERROR SUMMARY: 0 errors from 0 contexts (suppressed: 0 from 0)
==294963== 
==294963== For lists of detected and suppressed errors, rerun with: -s
==294963== ERROR SUMMARY: 0 errors from 0 contexts (suppressed: 0 from 0)
==294964== 
==294964== For lists of detected and suppressed errors, rerun with: -s
==294964== ERROR SUMMARY: 0 errors from 0 contexts (suppressed: 0 from 0)
==294965== 
==294965== For lists of detected and suppressed errors, rerun with: -s
==294965== ERROR SUMMARY: 0 errors from 0 contexts (suppressed: 0 from 0)
==294966== 
==294966== For lists of detected and suppressed errors, rerun with: -s
==294966== ERROR SUMMARY: 0 errors from 0 contexts (suppressed: 0 from 0)
==294967== 
==294967== For lists of detected and suppressed errors, rerun with: -s
==294967== ERROR SUMMARY: 0 errors from 0 contexts (suppressed: 0 from 0)
==294968== 
==294968== For lists of detected and suppressed errors, rerun with: -s
==294968== ERROR SUMMARY: 0 errors from 0 contexts (suppressed: 0 from 0)
==294969== 
==294969== For lists of detected and suppressed errors, rerun with: -s
==294969== ERROR SUMMARY: 0 errors from 0 contexts (suppressed: 0 from 0)
==294970== 
==294970== For lists of detected and suppressed errors, rerun with: -s
==294970== ERROR SUMMARY: 0 errors from 0 contexts (suppressed: 0 from 0)
==294971== 
==294971== For lists of detected and suppressed errors, rerun with: -s
==294971== ERROR SUMMARY: 0 errors from 0 contexts (suppressed: 0 from 0)
==294972== 
==294972== For lists of detected and suppressed errors, rerun with: -s
==294972== ERROR SUMMARY: 0 errors from 0 contexts (suppressed: 0 from 0)
==294973== 
==294973== For lists of detected and suppressed errors, rerun with: -s
==294973== ERROR SUMMARY: 0 errors from 0 contexts (suppressed: 0 from 0)
==294974== 
==294974== For lists of detected and suppressed errors, rerun with: -s
==294974== ERROR SUMMARY: 0 errors from 0 contexts (suppressed: 0 from 0)
==294975== 
==294975== For lists of detected and suppressed errors, rerun with: -s
==294975== ERROR SUMMARY: 0 errors from 0 contexts (suppressed: 0 from 0)
==294976== 
==294976== For lists of detected and suppressed errors, rerun with: -s
==294976== ERROR SUMMARY: 0 errors from 0 contexts (suppressed: 0 from 0)
==294977== 
==294977== For lists of detected and suppressed errors, rerun with: -s
==294977== ERROR SUMMARY: 0 errors from 0 contexts (suppressed: 0 from 0)
==294978== 
==294978== For lists of detected and suppressed errors, rerun with: -s
==294978== ERROR SUMMARY: 0 errors from 0 contexts (suppressed: 0 from 0)
==294979== 
==294979== For lists of detected and suppressed errors, rerun with: -s
==294979== ERROR SUMMARY: 0 errors from 0 contexts (suppressed: 0 from 0)
==294980== 
==294980== For lists of detected and suppressed errors, rerun with: -s
==294980== ERROR SUMMARY: 0 errors from 0 contexts (suppressed: 0 from 0)
==294981== 
==294981== For lists of detected and suppressed errors, rerun with: -s
==294981== ERROR SUMMARY: 0 errors from 0 contexts (suppressed: 0 from 0)
==294960== 
==294960== For lists of detected and suppressed errors, rerun with: -s
==294960== ERROR SUMMARY: 0 errors from 0 contexts (suppressed: 0 from 0)
Running Daikon...
houdafny.dfy(19,2): Warning: assume statement has no {:axiom} annotation
   |
19 |   assume (l_l == r_l) && ((l_l >= 0) && (l_h > l_l));
   |   ^^^^^^^^^^^^^^^^^^^^^^^^^^^^^^^^^^^^^^^^^^^^^^^^^^^

houdafny.dfy(28,2): Warning: assume statement has no {:axiom} annotation
   |
28 |   assume l_a1 >= 0;
   |   ^^^^^^^^^^^^^^^^^

houdafny.dfy(31,2): Warning: assume statement has no {:axiom} annotation
   |
31 |   assume l_a2 >= 0;
   |   ^^^^^^^^^^^^^^^^^


Dafny program verifier finished with 1 verified, 0 errors


Aligned Product Program
-----------------------

function any(): int

function havoc_1(l_h: int, r_h: int, l_o: int, l_l: int, l_x: int, r_l: int): int

function havoc_2(l_h: int, r_h: int, l_a1: int, l_o: int, l_l: int, l_x: int, r_l: int): int

function choice_n_3(l_a2: int, l_h: int, r_x: int, r_h: int, l_a1: int, l_o: int, l_l: int, l_x: int, r_o: int, r_l: int): int {
  l_a1
 }

function choice_n_4(l_a2: int, l_h: int, r_x: int, r_h: int, l_a1: int, l_o: int, l_l: int, l_x: int, r_o: int, r_l: int): int {
  l_o
 }

method Product(l_l: int, l_h: int, r_l: int, r_h: int)
  decreases *
{
  assume (l_l == r_l) && ((l_l >= 0) && (l_h > l_l));
  var l_a1: int;
  var l_a2: int;
  var l_x: int;
  l_x := 0;
  var l_o: int;
  l_o := 0;
  assert true;
  l_a1 := havoc_1(l_h, r_h, l_o, l_l, l_x, r_l);
  assume l_a1 >= 0;
  assert true;
  l_a2 := havoc_2(l_h, r_h, l_a1, l_o, l_l, l_x, r_l);
  assume l_a2 >= 0;
  if (l_h > l_l) {
    l_o := (l_l + l_a1);
  } else {
    l_x := l_a2;
    if (l_x > l_l) {
      l_o := l_x;
    } else {
      l_o := l_l;
    }
  }
  var r_a1: int;
  var r_a2: int;
  var r_x: int;
  r_x := 0;
  var r_o: int;
  r_o := 0;
  var n_3: int := choice_n_3(l_a2, l_h, r_x, r_h, l_a1, l_o, l_l, l_x, r_o, r_l);
  assert n_3 >= 0;
  r_a1 := n_3;
  var n_4: int := choice_n_4(l_a2, l_h, r_x, r_h, l_a1, l_o, l_l, l_x, r_o, r_l);
  assert n_4 >= 0;
  r_a2 := n_4;
  if (r_h > r_l) {
    r_o := (r_l + r_a1);
  } else {
    r_x := r_a2;
    if (r_x > r_l) {
      r_o := r_x;
    } else {
      r_o := r_l;
    }
  }
  assert l_o == r_o;
}


Per-Task Times (ms)
-------------------
insert-elaenia-specs: 0
set-parameters: 0
print-info: 0
align-none: 0
aligned-crel: 0
print-info: 0
print-info: 0
print-info: 0
insert-elaenia-specs: 0
write-sketch: 0
solve-sketch: 429
elaenia-invars: 1969
houdafny: 1057
compound_task: 3457
repeat_range: 3457
write-dafny: 0
print-info: 0


Extraction Settings
-------------------
Max AST Depth: 1
Loop unrolling: false
Cost function: structure
Max AST Depth: 1

Elaenia completed in 3457ms
Verified: true
