
Beginning Iteration
-------------------
add_unrolls: false
depth: 1
cost function: optimize_structure
Treating naive product as final alignment.
Writing Daikon to /home/rob/code/kestrel/.kestrel-work/daikon_output.c...
Done
Compiling Daikon output...
Running Kvasir...
==295928== kvasir-5.8.18, C/C++ Language Front-End for Daikon with DynComp comparability analysis tool.
==295928== Copyright (C) 2007-2022, University of Washington CSE PLSE Group
==295928== Using Valgrind-3.19.0.Fjalar and LibVEX; rerun with -h for copyright info
==295928== Command: /home/rob/code/kestrel/.kestrel-work/daikon_output
==295928== 
==295929== 
==295929== For lists of detected and suppressed errors, rerun with: -s
==295929== ERROR SUMMARY: 0 errors from 0 contexts (suppressed: 0 from 0)
==295930== 
==295930== For lists of detected and suppressed errors, rerun with: -s
==295930== ERROR SUMMARY: 0 errors from 0 contexts (suppressed: 0 from 0)
==295931== 
==295931== For lists of detected and suppressed errors, rerun with: -s
==295931== ERROR SUMMARY: 0 errors from 0 contexts (suppressed: 0 from 0)
==295932== 
==295932== For lists of detected and suppressed errors, rerun with: -s
==295932== ERROR SUMMARY: 0 errors from 0 contexts (suppressed: 0 from 0)
==295933== 
==295933== For lists of detected and suppressed errors, rerun with: -s
==295933== ERROR SUMMARY: 0 errors from 0 contexts (suppressed: 0 from 0)
==295934== 
==295934== For lists of detected and suppressed errors, rerun with: -s
==295934== ERROR SUMMARY: 0 errors from 0 contexts (suppressed: 0 from 0)
==295935== 
==295935== For lists of detected and suppressed errors, rerun with: -s
==295935== ERROR SUMMARY: 0 errors from 0 contexts (suppressed: 0 from 0)
==295936== 
==295936== For lists of detected and suppressed errors, rerun with: -s
==295936== ERROR SUMMARY: 0 errors from 0 contexts (suppressed: 0 from 0)
==295937== 
==295937== For lists of detected and suppressed errors, rerun with: -s
==295937== ERROR SUMMARY: 0 errors from 0 contexts (suppressed: 0 from 0)
==295938== 
==295938== For lists of detected and suppressed errors, rerun with: -s
==295938== ERROR SUMMARY: 0 errors from 0 contexts (suppressed: 0 from 0)
==295939== 
==295939== For lists of detected and suppressed errors, rerun with: -s
==295939== ERROR SUMMARY: 0 errors from 0 contexts (suppressed: 0 from 0)
==295940== 
==295940== For lists of detected and suppressed errors, rerun with: -s
==295940== ERROR SUMMARY: 0 errors from 0 contexts (suppressed: 0 from 0)
==295941== 
==295941== For lists of detected and suppressed errors, rerun with: -s
==295941== ERROR SUMMARY: 0 errors from 0 contexts (suppressed: 0 from 0)
==295942== 
==295942== For lists of detected and suppressed errors, rerun with: -s
==295942== ERROR SUMMARY: 0 errors from 0 contexts (suppressed: 0 from 0)
==295943== 
==295943== For lists of detected and suppressed errors, rerun with: -s
==295943== ERROR SUMMARY: 0 errors from 0 contexts (suppressed: 0 from 0)
==295944== 
==295944== For lists of detected and suppressed errors, rerun with: -s
==295944== ERROR SUMMARY: 0 errors from 0 contexts (suppressed: 0 from 0)
==295945== 
==295945== For lists of detected and suppressed errors, rerun with: -s
==295945== ERROR SUMMARY: 0 errors from 0 contexts (suppressed: 0 from 0)
==295946== 
==295946== For lists of detected and suppressed errors, rerun with: -s
==295946== ERROR SUMMARY: 0 errors from 0 contexts (suppressed: 0 from 0)
==295947== 
==295947== For lists of detected and suppressed errors, rerun with: -s
==295947== ERROR SUMMARY: 0 errors from 0 contexts (suppressed: 0 from 0)
==295948== 
==295948== For lists of detected and suppressed errors, rerun with: -s
==295948== ERROR SUMMARY: 0 errors from 0 contexts (suppressed: 0 from 0)
==295928== 
==295928== For lists of detected and suppressed errors, rerun with: -s
==295928== ERROR SUMMARY: 0 errors from 0 contexts (suppressed: 0 from 0)
Running Daikon...
houdafny.dfy(13,2): Warning: assume statement has no {:axiom} annotation
   |
13 |   assume (l_x_in == r_x_in) && ((l_n == r_n) && ((l_x_in >= 0) && (l_n >= 0)));
   |   ^^^^^^^^^^^^^^^^^^^^^^^^^^^^^^^^^^^^^^^^^^^^^^^^^^^^^^^^^^^^^^^^^^^^^^^^^^^^^

houdafny.dfy(37,2): Warning: assume statement has no {:axiom} annotation
   |
37 |   assume l_t >= 0;
   |   ^^^^^^^^^^^^^^^^

houdafny.dfy(27,18): Error: this loop invariant could not be proved on entry
 Related message: loop invariant violation
   |
27 |     invariant l_x != 0
   |               ^^^^^^^^

houdafny.dfy(27,18): Error: this invariant could not be proved to be maintained by the loop
 Related message: loop invariant violation
   |
27 |     invariant l_x != 0
   |               ^^^^^^^^

houdafny.dfy(56,18): Error: this loop invariant could not be proved on entry
 Related message: loop invariant violation
   |
56 |     invariant r_s == 6
   |               ^^^^^^^^

houdafny.dfy(64,32): Error: this loop invariant could not be proved on entry
 Related message: loop invariant violation
   |
64 |     invariant (l_t - (l_x - 3)) == 0
   |               ^^^^^^^^^^^^^^^^^^^^^^


Dafny program verifier finished with 0 verified, 4 errors

houdafny.dfy(13,2): Warning: assume statement has no {:axiom} annotation
   |
13 |   assume (l_x_in == r_x_in) && ((l_n == r_n) && ((l_x_in >= 0) && (l_n >= 0)));
   |   ^^^^^^^^^^^^^^^^^^^^^^^^^^^^^^^^^^^^^^^^^^^^^^^^^^^^^^^^^^^^^^^^^^^^^^^^^^^^^

houdafny.dfy(36,2): Warning: assume statement has no {:axiom} annotation
   |
36 |   assume l_t >= 0;
   |   ^^^^^^^^^^^^^^^^

houdafny.dfy(27,18): Error: this loop invariant could not be proved on entry
 Related message: loop invariant violation
   |
27 |     invariant l_x >= 1
   |               ^^^^^^^^

houdafny.dfy(27,18): Error: this invariant could not be proved to be maintained by the loop
 Related message: loop invariant violation
   |
27 |     invariant l_x >= 1
   |               ^^^^^^^^

houdafny.dfy(55,18): Error: this loop invariant could not be proved on entry
 Related message: loop invariant violation
   |
55 |     invariant r_s <= 6
   |               ^^^^^^^^

houdafny.dfy(56,18): Error: this loop invariant could not be proved on entry
 Related message: loop invariant violation
   |
56 |     invariant r_s >= 6
   |               ^^^^^^^^

houdafny.dfy(62,32): Error: this loop invariant could not be proved on entry
 Related message: loop invariant violation
   |
62 |     invariant (l_t - (l_x - 3)) <= 0
   |               ^^^^^^^^^^^^^^^^^^^^^^


Dafny program verifier finished with 0 verified, 5 errors

houdafny.dfy(13,2): Warning: assume statement has no {:axiom} annotation
   |
13 |   assume (l_x_in == r_x_in) && ((l_n == r_n) && ((l_x_in >= 0) && (l_n >= 0)));
   |   ^^^^^^^^^^^^^^^^^^^^^^^^^^^^^^^^^^^^^^^^^^^^^^^^^^^^^^^^^^^^^^^^^^^^^^^^^^^^^

houdafny.dfy(35,2): Warning: assume statement has no {:axiom} annotation
   |
35 |   assume l_t >= 0;
   |   ^^^^^^^^^^^^^^^^

houdafny.dfy(51,18): Error: this loop invariant could not be proved on entry
 Related message: loop invariant violation
   |
51 |     invariant l_t != 0
   |               ^^^^^^^^

houdafny.dfy(54,18): Error: this loop invariant could not be proved on entry
 Related message: loop invariant violation
   |
54 |     invariant r_x != 0
   |               ^^^^^^^^

houdafny.dfy(60,38): Error: this loop invariant could not be proved on entry
 Related message: loop invariant violation
   |
60 |     invariant (2 * (l_t - (l_z - 3))) == 0
   |               ^^^^^^^^^^^^^^^^^^^^^^^^^^^^

houdafny.dfy(64,38): Error: this loop invariant could not be proved on entry
 Related message: loop invariant violation
   |
64 |     invariant (2 * (l_x - (l_z + 3))) == 0
   |               ^^^^^^^^^^^^^^^^^^^^^^^^^^^^


Dafny program verifier finished with 0 verified, 4 errors

houdafny.dfy(13,2): Warning: assume statement has no {:axiom} annotation
   |
13 |   assume (l_x_in == r_x_in) && ((l_n == r_n) && ((l_x_in >= 0) && (l_n >= 0)));
   |   ^^^^^^^^^^^^^^^^^^^^^^^^^^^^^^^^^^^^^^^^^^^^^^^^^^^^^^^^^^^^^^^^^^^^^^^^^^^^^

houdafny.dfy(35,2): Warning: assume statement has no {:axiom} annotation
   |
35 |   assume l_t >= 0;
   |   ^^^^^^^^^^^^^^^^

houdafny.dfy(52,18): Error: this loop invariant could not be proved on entry
 Related message: loop invariant violation
   |
52 |     invariant l_z != 0
   |               ^^^^^^^^

houdafny.dfy(53,18): Error: this loop invariant could not be proved on entry
 Related message: loop invariant violation
   |
53 |     invariant r_x >= 1
   |               ^^^^^^^^

houdafny.dfy(58,38): Error: this loop invariant could not be proved on entry
 Related message: loop invariant violation
   |
58 |     invariant (2 * (l_t - (l_z - 3))) <= 0
   |               ^^^^^^^^^^^^^^^^^^^^^^^^^^^^

houdafny.dfy(59,38): Error: this loop invariant could not be proved on entry
 Related message: loop invariant violation
   |
59 |     invariant (2 * (l_t - (l_z - 3))) >= 0
   |               ^^^^^^^^^^^^^^^^^^^^^^^^^^^^

houdafny.dfy(62,38): Error: this loop invariant could not be proved on entry
 Related message: loop invariant violation
   |
62 |     invariant (2 * (l_x - (l_z + 3))) >= 0
   |               ^^^^^^^^^^^^^^^^^^^^^^^^^^^^


Dafny program verifier finished with 0 verified, 5 errors

houdafny.dfy(13,2): Warning: assume statement has no {:axiom} annotation
   |
13 |   assume (l_x_in == r_x_in) && ((l_n == r_n) && ((l_x_in >= 0) && (l_n >= 0)));
   |   ^^^^^^^^^^^^^^^^^^^^^^^^^^^^^^^^^^^^^^^^^^^^^^^^^^^^^^^^^^^^^^^^^^^^^^^^^^^^^

houdafny.dfy(35,2): Warning: assume statement has no {:axiom} annotation
   |
35 |   assume l_t >= 0;
   |   ^^^^^^^^^^^^^^^^

houdafny.dfy(58,18): Error: this loop invariant could not be proved on entry
 Related message: loop invariant violation
   |
58 |     invariant l_x < l_z
   |               ^^^^^^^^^

houdafny.dfy(59,18): Error: this loop invariant could not be proved on entry
 Related message: loop invariant violation
   |
59 |     invariant l_x < r_x
   |               ^^^^^^^^^

houdafny.dfy(59,18): Error: this invariant could not be proved to be maintained by the loop
 Related message: loop invariant violation
   |
59 |     invariant l_x < r_x
   |               ^^^^^^^^^

houdafny.dfy(60,18): Error: this loop invariant could not be proved on entry
 Related message: loop invariant violation
   |
60 |     invariant l_z != r_s
   |               ^^^^^^^^^^


Dafny program verifier finished with 0 verified, 4 errors

houdafny.dfy(13,2): Warning: assume statement has no {:axiom} annotation
   |
13 |   assume (l_x_in == r_x_in) && ((l_n == r_n) && ((l_x_in >= 0) && (l_n >= 0)));
   |   ^^^^^^^^^^^^^^^^^^^^^^^^^^^^^^^^^^^^^^^^^^^^^^^^^^^^^^^^^^^^^^^^^^^^^^^^^^^^^

houdafny.dfy(35,2): Warning: assume statement has no {:axiom} annotation
   |
35 |   assume l_t >= 0;
   |   ^^^^^^^^^^^^^^^^


Dafny program verifier finished with 1 verified, 0 errors


Aligned Product Program
-----------------------

function any(): int

function havoc_1(l_n: int, l_z: int, l_t: int, r_n: int, l_x: int): int

function choice_n_2(l_n: int, l_z: int, l_t: int, r_x: int, r_n: int, l_x: int, r_z: int): int {
  l_t
 }

method Product(l_x_in: int, l_n: int, r_x_in: int, r_n: int)
  decreases *
{
  assume (l_x_in == r_x_in) && ((l_n == r_n) && ((l_x_in >= 0) && (l_n >= 0)));
  var l_x: int;
  l_x := l_x_in;
  var l_t: int;
  l_t := 0;
  var l_z: int;
  l_z := 0;
  while (l_x > l_n)
    decreases *
    invariant (!(l_x != l_x_in)) || (l_x >= l_n)
    invariant l_x <= l_x_in
    invariant l_t == 0
    invariant l_t <= 0
    invariant l_t >= 0
    invariant l_z == 0
    invariant l_z <= 0
    invariant l_z >= 0
  {
    l_x := (l_x - 1);
  }
  assert true;
  l_t := havoc_1(l_n, l_z, l_t, r_n, l_x);
  assume l_t >= 0;
  l_t := (l_t + l_x);
  l_z := (l_x + l_t);
  var r_x: int;
  r_x := r_x_in;
  var r_s: int;
  r_s := 0;
  var r_z: int;
  r_z := 0;
  var n_2: int := choice_n_2(l_n, l_z, l_t, r_x, r_n, l_x, r_z);
  assert n_2 >= 0;
  r_s := n_2;
  while (r_x > r_n)
    decreases *
    invariant (!(r_x != r_x_in)) || (l_x != l_x_in)
    invariant r_x >= l_x
    invariant l_x >= 0
    invariant r_z == 0
    invariant r_z <= 0
    invariant r_z >= 0
    invariant (l_t - (l_x - 3)) >= 0
    invariant l_t <= l_z
    invariant (2 * (l_x - (l_z + 3))) <= 0
  {
    r_x := (r_x - 1);
  }
  r_z := (r_x + r_s);
  assert l_z == r_z;
}


Per-Task Times (ms)
-------------------
insert-elaenia-specs: 0
set-parameters: 0
print-info: 0
align-none: 0
aligned-crel: 0
print-info: 0
print-info: 0
print-info: 0
insert-elaenia-specs: 0
write-sketch: 0
solve-sketch: 449
elaenia-invars: 1948
houdafny: 6697
compound_task: 9096
repeat_range: 9096
write-dafny: 0
print-info: 0


Extraction Settings
-------------------
Max AST Depth: 1
Loop unrolling: false
Cost function: structure
Max AST Depth: 1

Elaenia completed in 9096ms
Verified: true
