
Unaligned Product Program
--------------------------
#include "seahorn/seahorn.h"

extern int arb_int();

void main() {
  int l_i = 0;
  while (l_i < N) {
    int l_j = N - 1;
    while (l_j > l_i) {
      if (a_1[l_j - 1] > a_1[l_j]) {
        float l_temp = a_1[l_j];
        a_1[l_j] = a_1[l_j - 1];
        a_1[l_j - 1] = l_temp;
      }
      l_j = (l_j - 1);
    }
    l_i = (l_i + 1);
  }
  int r_i = 0;
  while (r_i < N) {
    int r_j = N - 1;
    while (r_j > r_i) {
      if (a_1[r_j - 1] > a_1[r_j]) {
        float r_temp = a_1[r_j];
        a_1[r_j] = a_1[r_j - 1];
        a_1[r_j - 1] = r_temp;
      }
      r_j = (r_j - 1);
    }
    r_i = (r_i + 1);
  }
 }

--------------------------
Starting simulated annealing...
thread 'main' panicked at 'unimplemented', src/eggroll/cost_functions.rs:81:18
note: run with `RUST_BACKTRACE=1` environment variable to display a backtrace

real	0m0.072s
user	0m0.046s
sys	0m0.005s
