
Unaligned Product Program
--------------------------
#include "seahorn/seahorn.h"

extern int arb_int();

void main() {
  int l_i = 0;
  while (l_i < N) {
    a_1[l_i] = (a_1[l_i] + 1);
    b_1[l_i] = (b_1[l_i] + a_1[l_i]);
    c_1[l_i] = (c_1[l_i] + b_1[l_i]);
    l_i = (l_i + 1);
  }
  int r_j = 0;
  a_2[0] = (a_2[0] + 1);
  b_2[0] = (b_2[0] + a_2[0]);
  a_2[1] = (a_2[1] + 1);
  while (r_j < (N - 2)) {
    a_2[r_j + 2] = (a_2[r_j + 2] + 1);
    b_2[r_j + 1] = (b_2[r_j + 1] + a_2[r_j + 1]);
    c_2[r_j] = (c_2[r_j] + b_2[r_j]);
    r_j = (r_j + 1);
  }
  c_2[r_j] = (c_2[r_j] + b_2[r_j]);
  b_2[r_j + 1] = (b_2[r_j + 1] + a_2[r_j + 1]);
  c_2[r_j + 1] = (c_2[r_j + 1] + b_2[r_j + 1]);
 }

--------------------------

real	5m0.001s
user	4m59.759s
sys	0m0.145s
