                                                                    1 = phi_tmp:20))
                                                                    /\ 
                                                                    phi_tmp:20 = phi_tmp:21))
                                                                    /\ 
                                                                    phi_tmp:21 = phi_tmp:22))
                                                                    /\ 
                                                                    phi_tmp:22 = phi_tmp:23))
                                                                  /\ !(
                                                                  phi_tmp:23 = 0)
                                                                  /\ !(
                                                                  left_o1_contains_id:2 = 0)
                                                                  /\ !(
                                                                  left_o2_contains_id:8 = 0)
                                                                  /\ 
                                                                  left_o2_get_id:5 <= left_o1_get_id:0
                                                                  /\ 
                                                                  left_o2_get_id:5 < left_o1_get_id:0
                                                                  /\ 
                                                                  1 = phi_l_ret:24))
                                                           /\ phi_l_ret:24 = phi_l_ret:25)
                                                          \/ (((!(left_o1_contains_id:2 = right_o2_contains_id:3)
                                                                  /\ 
                                                                  0 = phi_tmp:23)
                                                                 \/ (
                                                                 ((left_o1_contains_id:2 = right_o2_contains_id:3
                                                                    /\ !(
                                                                    left_o1_get_id:0 = right_o2_get_id:1)
                                                                    /\ 
                                                                    0 = phi_tmp:22)
                                                                    \/ (
                                                                    ((left_o1_contains_id:2 = right_o2_contains_id:3
                                                                    /\ left_o1_get_id:0 = right_o2_get_id:1
                                                                    /\ !(
                                                                    left_o1_contains_id:2 = right_o2_contains_id:3)
                                                                    /\ 0 = phi_tmp:21)
                                                                    \/ (
                                                                    ((left_o1_contains_id:2 = right_o2_contains_id:3
                                                                    /\ left_o1_get_id:0 = right_o2_get_id:1
                                                                    /\ left_o1_contains_id:2 = right_o2_contains_id:3
                                                                    /\ !(
                                                                    left_o1_get_id:0 = right_o2_get_id:1)
                                                                    /\ 0 = phi_tmp:20)
                                                                    \/ (
                                                                    left_o1_contains_id:2 = right_o2_contains_id:3
                                                                    /\ 
                                                                    left_o1_get_id:0 = right_o2_get_id:1
                                                                    /\ 
                                                                    left_o1_contains_id:2 = right_o2_contains_id:3
                                                                    /\ 
                                                                    left_o1_get_id:0 = right_o2_get_id:1
                                                                    /\ 
                                                                    1 = phi_tmp:20))
                                                                    /\ 
                                                                    phi_tmp:20 = phi_tmp:21))
                                                                    /\ 
                                                                    phi_tmp:21 = phi_tmp:22))
                                                                   /\ 
                                                                   phi_tmp:22 = phi_tmp:23))
                                                                /\ !(
                                                                phi_tmp:23 = 0)
                                                                /\ !(
                                                                left_o1_contains_id:2 = 0)
                                                                /\ !(
                                                                left_o2_contains_id:8 = 0)
                                                                /\ left_o1_get_id:0 < left_o2_get_id:5
                                                                /\ -1 = phi_l_ret:25))
                                                         /\ phi_l_ret:25 = phi_l_ret:28
                                                         /\ left_o1_get_id:0 = phi_l_order1:27
                                                         /\ left_o2_get_id:5 = phi_l_order2:26))
                                                  /\ phi_l_ret:28 = phi_l_ret:31
                                                  /\ phi_l_order1:27 = phi_l_order1:30
                                                  /\ phi_l_order2:26 = phi_l_order2:29))
                                           /\ phi_l_ret:31 = -999
                                           /\ (left_o1_get_id:0
                                                 + -left_o2_get_id:5) = phi_l_ret:32))
                                    /\ !(right_o1_contains_id:13 = 0)
                                    /\ !(right_o2_contains_id:3 = 0)
                                    /\ right_o1_get_id:10 < right_o2_get_id:1
                                    /\ -1 = phi_r_ret:34))
                             /\ phi_r_ret:34 = phi_r_ret:37
                             /\ right_o1_get_id:10 = phi_r_order1:36
                             /\ right_o2_get_id:1 = phi_r_order2:35))
                      /\ phi_r_ret:37 = phi_r_ret:40
                      /\ phi_r_order1:36 = phi_r_order1:39
                      /\ phi_r_order2:35 = phi_r_order2:38))
               /\ phi_r_ret:40 = -999
               /\ (right_o1_get_id:10 + -right_o2_get_id:1) = phi_r_ret:41))}

Is SAT! (Assertion on line 43 FAILED)
---------------------------------------------

================================================
Bounds on Variables

================================================
Finished!

real	0m1.160s
user	0m1.120s
sys	0m0.024s
