
Unaligned Product Program
--------------------------
#include "seahorn/seahorn.h"

extern int arb_int();

void main(int l_o1_contains_id, int l_o1_get_id, int l_o2_contains_id, int l_o2_get_id, int r_o1_contains_id, int r_o1_get_id, int r_o2_contains_id, int r_o2_get_id) {
  int l_ret = -999;
  if (l_o1_contains_id && l_o2_contains_id) {
    int l_order1 = l_o1_get_id;
    int l_order2 = l_o2_get_id;
    if (l_order1 < l_order2) {
      l_ret = (-1);
    } else {if (l_order1 > l_order2) {
        l_ret = 1;
      } else {l_ret = 0;
      }
    }
  }
  if (l_ret == (-999)) {
    l_ret = (l_o1_get_id - l_o2_get_id);
  }
  int r_ret = -999;
  if (r_o1_contains_id && r_o2_contains_id) {
    int r_order1 = r_o1_get_id;
    int r_order2 = r_o2_get_id;
    if (r_order1 < r_order2) {
      r_ret = (-1);
    } else {if (r_order1 > r_order2) {
        r_ret = 1;
      } else {r_ret = 0;
      }
    }
  }
  if (r_ret == (-999)) {
    r_ret = (r_o1_get_id - r_o2_get_id);
  }
 }

--------------------------
Starting simulated annealing...
thread 'main' panicked at 'called `Option::unwrap()` on a `None` value', src/crel/eval/execution.rs:99:51
note: run with `RUST_BACKTRACE=1` environment variable to display a backtrace

real	0m0.041s
user	0m0.018s
sys	0m0.005s
