                           \/ (-1 * mem_27@pos':886) <= (-1
                                                           * mid_mem_27@pos:857))
                     /\ (!(0 <= K:901)
                           \/ mem_30@pos':883 <= mid_mem_30@pos:854)
                     /\ (!(0 <= K:901)
                           \/ (-1 * mem_30@pos':883) <= (-1
                                                           * mid_mem_30@pos:854))
                     /\ (!(0 <= K:901)
                           \/ mem_31@pos':882 <= mid_mem_31@pos:853)
                     /\ (!(0 <= K:901)
                           \/ (-1 * mem_31@pos':882) <= (-1
                                                           * mid_mem_31@pos:853))
                     /\ (!(0 <= K:901)
                           \/ mem_32@pos':881 <= mid_mem_32@pos:852)
                     /\ (!(0 <= K:901)
                           \/ (-1 * mem_32@pos':881) <= (-1
                                                           * mid_mem_32@pos:852))
                     /\ (!(0 <= K:901)
                           \/ r_a.40@width':880 <= mid_r_a.40@width:851)
                     /\ (!(0 <= K:901)
                           \/ (-1 * r_a.40@width':880) <= (-1
                                                             * mid_r_a.40@width:851))
                     /\ (!(0 <= K:901)
                           \/ r_a.Top@width':879 <= mid_r_a.Top@width:850)
                     /\ (!(0 <= K:901)
                           \/ (-1 * r_a.Top@width':879) <= (-1
                                                              * mid_r_a.Top@width:850))
                     /\ (!(0 <= K:901)
                           \/ mem_27@width':878 <= mid_mem_27@width:849)
                     /\ (!(0 <= K:901)
                           \/ (-1 * mem_27@width':878) <= (-1
                                                             * mid_mem_27@width:849))
                     /\ (!(0 <= K:901)
                           \/ mem_30@width':875 <= mid_mem_30@width:846)
                     /\ (!(0 <= K:901)
                           \/ (-1 * mem_30@width':875) <= (-1
                                                             * mid_mem_30@width:846))
                     /\ (!(0 <= K:901)
                           \/ mem_31@width':874 <= mid_mem_31@width:845)
                     /\ (!(0 <= K:901)
                           \/ (-1 * mem_31@width':874) <= (-1
                                                             * mid_mem_31@width:845))
                     /\ (!(0 <= K:901)
                           \/ mem_32@width':873 <= mid_mem_32@width:844)
                     /\ (!(0 <= K:901)
                           \/ (-1 * mem_32@width':873) <= (-1
                                                             * mid_mem_32@width:844))
                     /\ (!((0 <= K:901 /\ K:901 <= 0)) \/ 0 <= (-1 * K:901))
                     /\ (!(1 <= K:901)
                           \/ 0 <= (10 + (-1 * mid_r_j:869) + (-1 * K:901)))
                     /\ (!((0 <= K:901 /\ K:901 <= 0)) \/ 0 <= K:901)
                     /\ (!(1 <= K:901) \/ 0 <= (-2 + mid_r_j:869 + K:901))
                     /\ !((mid_r_j:869) = 0))) /\ 0 <= (-11 + (_i':746))
         /\ 0 <= (l_maxi':842) /\ 0 <= (-10 + (l_i':841)) /\ 0 <= (r_j':898)
         /\ 10 <= r_j':898
         /\ ((mem_37@width:102 = mid_mem_37@width:912
                /\ mem_36@width:100 = mid_mem_36@width:913
                /\ mem_37@pos:98 = mid_mem_37@pos:914
                /\ mem_36@pos:96 = mid_mem_36@pos:915
                /\ mem_37:94 = mid_mem_37:916 /\ mem_36:92 = mid_mem_36:917
                /\ 0 = mid__j:918)
               \/ (0 <= (-11 + _i':746) /\ 0 <= l_maxi':842
                     /\ 0 <= (-10 + l_i':841) /\ 0 <= (-10 + r_j':898)
                     /\ 1 <= K:919
                     /\ (4 + (-4 * mid__j:918) + mid_mem_37@pos:914) = 0
                     /\ (4 + (-4 * mid__j:918) + mid_mem_36@pos:915) = 0
                     /\ (-1 + mid_mem_37@width:912) = 0
                     /\ (-1 + mid_mem_36@width:913) = 0
                     /\ 0 <= (11 + (-1 * mid__j:918)) /\ 0 <= (-11 + _i':746)
                     /\ 0 <= l_maxi':842 /\ 0 <= (-10 + l_i':841)
                     /\ 0 <= (-10 + r_j':898) /\ 0 <= (-1 + mid__j:918)
                     /\ (!(0 <= K:919) \/ mid__j:918 = K:919)
                     /\ (!(0 <= K:919) \/ (-1 * mid__j:918) <= (-1 * K:919))
                     /\ (!(0 <= K:919) \/ mid__j:918 <= K:919)
                     /\ (!((0 <= K:919 /\ K:919 <= 0)) \/ 0 <= (-1 * K:919))
                     /\ (!(1 <= K:919) \/ 0 <= (11 + (-1 * K:919)))
                     /\ (!((0 <= K:919 /\ K:919 <= 0)) \/ 0 <= K:919)
                     /\ (!(1 <= K:919) \/ 0 <= (-1 + K:919))))
         /\ mid_mem_37@width:912 = mem_37@width':920
         /\ mid_mem_36@width:913 = mem_36@width':921
         /\ mid_mem_37@pos:914 = mem_37@pos':922
         /\ mid_mem_36@pos:915 = mem_36@pos':923
         /\ mid_mem_37:916 = mem_37':924 /\ mid_mem_36:917 = mem_36':925
         /\ mid__j:918 = _j':926 /\ 0 <= (-11 + (_i':746))
         /\ 0 <= (l_maxi':842) /\ 0 <= (-10 + (l_i':841))
         /\ 0 <= (-10 + (r_j':898)) /\ 0 <= (_j':926)
         /\ 0 <= (11 + (-1 * _j':926)) /\ _j':926 < 11)}

Is SAT! (Assertion on line 68 FAILED)
---------------------------------------------

================================================
Bounds on Variables

================================================
Finished!

real	0m11.636s
user	0m11.584s
sys	0m0.012s
