                /\ mem_70:241 = mid_mem_70:1319
                /\ mem_69:243 = mid_mem_69:1320
                /\ mem_68:288 = mid_mem_68:1321
                /\ mem_67:286 = mid_mem_67:1322
                /\ tmp___0:184 = mid_tmp___0:1323 /\ 0 = mid__j:1324)
               \/ (0 <= (-8 + r_j':1283) /\ 0 <= (-10 + l_i':1214)
                     /\ 0 <= (-10 + _i':995) /\ 1 <= K:1325
                     /\ (-4 + (-1 * mid_mem_68@pos:1315) + (4 * mid__j:1324)) = 0
                     /\ ((-1 * mid_mem_68@pos:1315) + mid_mem_67@pos:1316) = 0
                     /\ (-1 + mid_mem_67@width:1310) = 0
                     /\ (-1 + mid_mem_68@width:1309) = 0
                     /\ 0 <= (36 + (-1 * mid_mem_68@pos:1315))
                     /\ 0 <= (1 + (-1 * mid_tmp___0:1323))
                     /\ 0 <= (-8 + r_j':1283) /\ 0 <= (-10 + l_i':1214)
                     /\ 0 <= (-10 + _i':995) /\ 0 <= mid_tmp___0:1323
                     /\ 0 <= mid_mem_68@pos:1315
                     /\ (!(0 <= K:1325) \/ mid__j:1324 = K:1325)
                     /\ (!(0 <= K:1325)
                           \/ (-1 * mid__j:1324) <= (-1 * K:1325))
                     /\ (!(0 <= K:1325) \/ mid__j:1324 <= K:1325)
                     /\ (!((0 <= K:1325 /\ K:1325 <= 0))
                           \/ 0 <= (-1 * K:1325))
                     /\ (!(1 <= K:1325) \/ 0 <= (10 + (-1 * K:1325)))
                     /\ (!((0 <= K:1325 /\ K:1325 <= 0)) \/ 0 <= K:1325)
                     /\ (!(1 <= K:1325) \/ 0 <= (-1 + K:1325))))
         /\ mid_mem_72@width:1305 = mem_72@width':1326
         /\ mid_mem_71@width:1306 = mem_71@width':1327
         /\ mid_mem_70@width:1307 = mem_70@width':1328
         /\ mid_mem_69@width:1308 = mem_69@width':1329
         /\ mid_mem_68@width:1309 = mem_68@width':1330
         /\ mid_mem_67@width:1310 = mem_67@width':1331
         /\ mid_mem_72@pos:1311 = mem_72@pos':1332
         /\ mid_mem_71@pos:1312 = mem_71@pos':1333
         /\ mid_mem_70@pos:1313 = mem_70@pos':1334
         /\ mid_mem_69@pos:1314 = mem_69@pos':1335
         /\ mid_mem_68@pos:1315 = mem_68@pos':1336
         /\ mid_mem_67@pos:1316 = mem_67@pos':1337
         /\ mid_mem_72:1317 = mem_72':1338 /\ mid_mem_71:1318 = mem_71':1339
         /\ mid_mem_70:1319 = mem_70':1340 /\ mid_mem_69:1320 = mem_69':1341
         /\ mid_mem_68:1321 = mem_68':1342 /\ mid_mem_67:1322 = mem_67':1343
         /\ mid_tmp___0:1323 = tmp___0':1344 /\ mid__j:1324 = _j':1345
         /\ 0 <= (-10 + (_i':995)) /\ 0 <= (-10 + (l_i':1214))
         /\ 0 <= (-8 + (r_j':1283)) /\ 0 <= (_j':1345)
         /\ 0 <= (10 + (-1 * _j':1345)) /\ _j':1345 < 10
         /\ ((tr:1388 = tr:1389
                /\ ((tr:1390 = tr:1391
                       /\ ((tr:1392 = tr:1393 /\ 1 = phi_tmp___0:1394)
                             \/ (!(tr:1395 = tr:1396) /\ 0 = phi_tmp___0:1394))
                       /\ phi_tmp___0:1394 = phi_tmp___0:1397
                       /\ (tr:1398 + (4 * _j':1345)) = phi_mem_71:1399
                       /\ (tr:1400 + (4 * _j':1345)) = phi_mem_72:1401
                       /\ (4 * _j':1345) = phi_mem_71@pos:1402
                       /\ (4 * _j':1345) = phi_mem_72@pos:1403
                       /\ 1 = phi_mem_71@width:1404
                       /\ 1 = phi_mem_72@width:1405)
                      \/ (!(tr:1406 = tr:1407) /\ 0 = phi_tmp___0:1397
                            /\ mem_71':1339 = phi_mem_71:1399
                            /\ mem_72':1338 = phi_mem_72:1401
                            /\ mem_71@pos':1333 = phi_mem_71@pos:1402
                            /\ mem_72@pos':1332 = phi_mem_72@pos:1403
                            /\ mem_71@width':1327 = phi_mem_71@width:1404
                            /\ mem_72@width':1326 = phi_mem_72@width:1405))
                /\ phi_tmp___0:1397 = phi_tmp___0:1408
                /\ (tr:1409 + (4 * _j':1345)) = phi_mem_69:1410
                /\ (tr:1411 + (4 * _j':1345)) = phi_mem_70:1412
                /\ phi_mem_71:1399 = phi_mem_71:1413
                /\ phi_mem_72:1401 = phi_mem_72:1414
                /\ (4 * _j':1345) = phi_mem_69@pos:1415
                /\ (4 * _j':1345) = phi_mem_70@pos:1416
                /\ phi_mem_71@pos:1402 = phi_mem_71@pos:1417
                /\ phi_mem_72@pos:1403 = phi_mem_72@pos:1418
                /\ 1 = phi_mem_69@width:1419 /\ 1 = phi_mem_70@width:1420
                /\ phi_mem_71@width:1404 = phi_mem_71@width:1421
                /\ phi_mem_72@width:1405 = phi_mem_72@width:1422)
               \/ (!(tr:1423 = tr:1424) /\ 0 = phi_tmp___0:1408
                     /\ mem_69':1341 = phi_mem_69:1410
                     /\ mem_70':1340 = phi_mem_70:1412
                     /\ mem_71':1339 = phi_mem_71:1413
                     /\ mem_72':1338 = phi_mem_72:1414
                     /\ mem_69@pos':1335 = phi_mem_69@pos:1415
                     /\ mem_70@pos':1334 = phi_mem_70@pos:1416
                     /\ mem_71@pos':1333 = phi_mem_71@pos:1417
                     /\ mem_72@pos':1332 = phi_mem_72@pos:1418
                     /\ mem_69@width':1329 = phi_mem_69@width:1419
                     /\ mem_70@width':1328 = phi_mem_70@width:1420
                     /\ mem_71@width':1327 = phi_mem_71@width:1421
                     /\ mem_72@width':1326 = phi_mem_72@width:1422)))}

Is SAT! (Assertion on line 49 FAILED)
---------------------------------------------

================================================
Bounds on Variables

================================================
Finished!

real	0m10.056s
user	0m9.916s
sys	0m0.096s
