                /\ r_d.Top@width':558 = mid_r_d.Top@width:631
                /\ r_b.Top@width':560 = mid_r_b.Top@width:632
                /\ mem_33@pos:165 = mid_mem_33@pos:633
                /\ mem_32@pos:163 = mid_mem_32@pos:634
                /\ mem_31@pos:161 = mid_mem_31@pos:635
                /\ mem_30@pos:159 = mid_mem_30@pos:636
                /\ r_d.Top@pos':570 = mid_r_d.Top@pos:637
                /\ r_b.Top@pos':572 = mid_r_b.Top@pos:638
                /\ mem_33:153 = mid_mem_33:639 /\ mem_32:151 = mid_mem_32:640
                /\ mem_31:149 = mid_mem_31:641 /\ mem_30:147 = mid_mem_30:642
                /\ r_d.Top':582 = mid_r_d.Top:643 /\ r_j':583 = mid_r_j:644
                /\ r_b.Top':586 = mid_r_b.Top:645)
               \/ (0 <= (19 + (-1 * r_j':583)) /\ 0 <= (-20 + _i':505)
                     /\ 0 <= (-21 + l_i':625) /\ 0 <= (-1 + r_j':583)
                     /\ 1 <= K:646
                     /\ (4 + (-4 * mid_r_j:644) + mid_mem_33@pos:633) = 0
                     /\ ((-4 * mid_r_j:644) + mid_mem_32@pos:634) = 0
                     /\ (4 + (-4 * mid_r_j:644) + mid_mem_31@pos:635) = 0
                     /\ (4 + (-4 * mid_r_j:644) + mid_mem_30@pos:636) = 0
                     /\ (-1 + mid_mem_33@width:627) = 0
                     /\ (-1 + mid_mem_32@width:628) = 0
                     /\ (-1 + mid_mem_31@width:629) = 0
                     /\ (-1 + mid_mem_30@width:630) = 0
                     /\ 0 <= (20 + (-1 * mid_r_j:644))
                     /\ 0 <= (-20 + _i':505) /\ 0 <= (-21 + l_i':625)
                     /\ 0 <= (-2 + mid_r_j:644)
                     /\ (!(0 <= K:646) \/ mid_r_j:644 = (r_j':583 + K:646))
                     /\ (!(0 <= K:646)
                           \/ (-1 * mid_r_j:644) <= ((-1 * r_j':583)
                                                       + (-1 * K:646)))
                     /\ (!(0 <= K:646) \/ mid_r_j:644 <= (r_j':583 + K:646))
                     /\ (!((0 <= K:646 /\ K:646 <= 0)) \/ 0 <= (-1 * K:646))
                     /\ (!(1 <= K:646)
                           \/ 0 <= (20 + (-1 * r_j':583) + (-1 * K:646)))
                     /\ (!((0 <= K:646 /\ K:646 <= 0)) \/ 0 <= K:646)
                     /\ (!(1 <= K:646) \/ 0 <= (-2 + r_j':583 + K:646))))
         /\ mid_mem_33@width:627 = mem_33@width':647
         /\ mid_mem_32@width:628 = mem_32@width':648
         /\ mid_mem_31@width:629 = mem_31@width':649
         /\ mid_mem_30@width:630 = mem_30@width':650
         /\ mid_r_d.Top@width:631 = r_d.Top@width':651
         /\ mid_r_b.Top@width:632 = r_b.Top@width':652
         /\ mid_mem_33@pos:633 = mem_33@pos':653
         /\ mid_mem_32@pos:634 = mem_32@pos':654
         /\ mid_mem_31@pos:635 = mem_31@pos':655
         /\ mid_mem_30@pos:636 = mem_30@pos':656
         /\ mid_r_d.Top@pos:637 = r_d.Top@pos':657
         /\ mid_r_b.Top@pos:638 = r_b.Top@pos':658
         /\ mid_mem_33:639 = mem_33':659 /\ mid_mem_32:640 = mem_32':660
         /\ mid_mem_31:641 = mem_31':661 /\ mid_mem_30:642 = mem_30':662
         /\ mid_r_d.Top:643 = r_d.Top':663 /\ mid_r_j:644 = r_j':664
         /\ mid_r_b.Top:645 = r_b.Top':665 /\ 0 <= (-20 + (_i':505))
         /\ 0 <= (-21 + (l_i':625)) /\ 0 <= (-1 + (r_j':664))
         /\ 19 < r_j':664
         /\ ((mem_37@width:109 = mid_mem_37@width:671
                /\ mem_36@width:107 = mid_mem_36@width:672
                /\ mem_37@pos:105 = mid_mem_37@pos:673
                /\ mem_36@pos:103 = mid_mem_36@pos:674
                /\ mem_37:101 = mid_mem_37:675 /\ mem_36:99 = mid_mem_36:676
                /\ 1 = mid__j:677)
               \/ (0 <= (19 + -1) /\ 0 <= (-20 + _i':505)
                     /\ 0 <= (-21 + l_i':625) /\ 0 <= (-20 + r_j':664)
                     /\ 0 <= (-1 + 1) /\ 1 <= K:678
                     /\ (4 + (-4 * mid__j:677) + mid_mem_37@pos:673) = 0
                     /\ (4 + (-4 * mid__j:677) + mid_mem_36@pos:674) = 0
                     /\ (-1 + mid_mem_37@width:671) = 0
                     /\ (-1 + mid_mem_36@width:672) = 0
                     /\ 0 <= (20 + (-1 * mid__j:677)) /\ 0 <= (-20 + _i':505)
                     /\ 0 <= (-21 + l_i':625) /\ 0 <= (-20 + r_j':664)
                     /\ 0 <= (-2 + mid__j:677)
                     /\ (!(0 <= K:678) \/ mid__j:677 = (1 + K:678))
                     /\ (!(0 <= K:678)
                           \/ (-1 * mid__j:677) <= (-1 + (-1 * K:678)))
                     /\ (!(0 <= K:678) \/ mid__j:677 <= (1 + K:678))
                     /\ (!((0 <= K:678 /\ K:678 <= 0)) \/ 0 <= (-1 * K:678))
                     /\ (!(1 <= K:678) \/ 0 <= (20 + -1 + (-1 * K:678)))
                     /\ (!((0 <= K:678 /\ K:678 <= 0)) \/ 0 <= K:678)
                     /\ (!(1 <= K:678) \/ 0 <= (-2 + 1 + K:678))))
         /\ mid_mem_37@width:671 = mem_37@width':679
         /\ mid_mem_36@width:672 = mem_36@width':680
         /\ mid_mem_37@pos:673 = mem_37@pos':681
         /\ mid_mem_36@pos:674 = mem_36@pos':682
         /\ mid_mem_37:675 = mem_37':683 /\ mid_mem_36:676 = mem_36':684
         /\ mid__j:677 = _j':685 /\ 0 <= (-20 + (_i':505))
         /\ 0 <= (-21 + (l_i':625)) /\ 0 <= (-20 + (r_j':664))
         /\ 0 <= (-1 + (_j':685)) /\ 0 <= (20 + (-1 * _j':685))
         /\ _j':685 < 20)}

Is SAT! (Assertion on line 41 FAILED)
---------------------------------------------

================================================
Bounds on Variables

================================================
Finished!

real	0m2.686s
user	0m2.648s
sys	0m0.012s
