

Eval: 62

  The value on this round is: 

Base relation: 
{when false}


NumRnds: 1

Step 6: =========================================================
##### Question automaton as FWPDS
##### QUERY2
WFA -
  Initial State : __pstate
  Q: {__pstate, __done}
  F: {__done}
    ( __pstate , accept , __done )	Base relation: 
{}

Weights on states: 
__pstate 0x3c011d0: 
	Weight: Base relation: 
{when false}
	Accept: Base relation: 
{when false}
__done 0x3c01280: 
	Weight: Base relation: 
{when false}
	Accept: Base relation: 
{}
##### ANS
WFA -
  Initial State : __pstate
  Q: {__pstate, __done}
  F: {__done}
    ( __pstate , accept , __done )	Base relation: 
{}

Weights on states: 
__pstate 0x3de9f10: 
	Weight: Base relation: 
{when false}
	Accept: Base relation: 
{when false}
__done 0x35ce3f0: 
	Weight: Base relation: 
{when false}
	Accept: Base relation: 
{}

[Newton] Time taken by: Newton: 
1.71737

================================================
Procedure Summaries

------------------------------------------------
Procedure summary for main

Base relation: 
{when false}

================================================
Assertion Checking at Error Points

Checking assertion at vertex 265, line 90

Base relation: 
{when !(tr:151 = tr:152)}


contextWeight = 
Base relation: 
{}


intraproceduralWeight = 
Base relation: 
{when false}


contextWeight extend intraproceduralWeight = 
Base relation: 
{when false}

Is not SAT! (Assertion on line 90 PASSED)
---------------------------------------------

================================================
Bounds on Variables

================================================
Finished!

real	0m3.130s
user	0m1.544s
sys	0m1.484s
