                                               + (-1/2 * havoc:33 * K:468)
                                               + (phi_l_i:229 * havoc:33
                                                    * K:468)
                                               + (havoc:177 * K:468)
                                               + (1/2 * havoc:33
                                                    * (K:468 * K:468))))
                     /\ (!((0 <= K:468 /\ K:468 <= 0))
                           \/ mid_l_x:467 = (phi_l_x:231
                                               + (-1/2 * havoc:33 * K:468)
                                               + (phi_l_i:229 * havoc:33
                                                    * K:468)
                                               + (havoc:177 * K:468)
                                               + (1/2 * havoc:33
                                                    * (K:468 * K:468))))
                     /\ (!(1 <= K:468)
                           \/ mid_l_x:467 = (phi_l_x:231
                                               + (-1/2 * havoc:33 * K:468)
                                               + (phi_l_i:229 * havoc:33
                                                    * K:468)
                                               + (havoc:177 * K:468)
                                               + (1/2 * havoc:33
                                                    * (K:468 * K:468))))
                     /\ (!((0 <= K:468 /\ K:468 <= 0))
                           \/ mid_l_x:467 = (phi_l_x:231
                                               + (-1/2 * havoc:33 * K:468)
                                               + (phi_l_i:229 * havoc:33
                                                    * K:468)
                                               + (havoc:177 * K:468)
                                               + (1/2 * havoc:33
                                                    * (K:468 * K:468))))
                     /\ (!(1 <= K:468)
                           \/ mid_l_x:467 = (phi_l_x:231
                                               + (-1/2 * havoc:33 * K:468)
                                               + (phi_l_i:229 * havoc:33
                                                    * K:468)
                                               + (havoc:177 * K:468)
                                               + (1/2 * havoc:33
                                                    * (K:468 * K:468))))
                     /\ (!(0 <= K:468)
                           \/ mid_l_x:467 = (phi_l_x:231
                                               + (-1/2 * havoc:33 * K:468)
                                               + (phi_l_i:229 * havoc:33
                                                    * K:468)
                                               + (havoc:177 * K:468)
                                               + (1/2 * havoc:33
                                                    * (K:468 * K:468))))
                     /\ (!(0 <= K:468) \/ mid_l_i:466 = (phi_l_i:229 + K:468))
                     /\ (!(0 <= K:468)
                           \/ (-1 * mid_l_i:466) <= ((-1 * phi_l_i:229)
                                                       + (-1 * K:468)))
                     /\ (!(0 <= K:468)
                           \/ mid_l_i:466 <= (phi_l_i:229 + K:468))
                     /\ (!((0 <= K:468 /\ K:468 <= 0)) \/ 0 <= K:468)
                     /\ (!(1 <= K:468) \/ 0 <= (-1 + phi_l_i:229 + K:468))))
         /\ mid_l_j:465 = l_j':469 /\ mid_l_i:466 = l_i':470
         /\ mid_l_x:467 = l_x':471 /\ (-1 + (phi_tmp___7:197)) = 0
         /\ 0 <= (l_i':470) /\ 0 <= (phi_r_i:227) /\ havoc:178 <= l_i':470
         /\ ((phi_r_j:226 = mid_r_j:472 /\ phi_r_i:227 = mid_r_i:473
                /\ phi_r_x:230 = mid_r_x:474)
               \/ ((-1 + phi_tmp___7:197) = 0
                     /\ 0 <= (-1 + (-1 * phi_r_i:227) + havoc:182)
                     /\ 0 <= (l_i':470 + (-1 * havoc:178)) /\ 0 <= l_i':470
                     /\ 0 <= phi_r_i:227 /\ 1 <= K:475
                     /\ (-1 + phi_tmp___7:197) = 0
                     /\ 0 <= ((-1 * mid_r_i:473) + havoc:182)
                     /\ 0 <= (l_i':470 + (-1 * havoc:178)) /\ 0 <= l_i':470
                     /\ 0 <= (-1 + mid_r_i:473)
                     /\ (!(0 <= K:475)
                           \/ mid_r_j:472 = (phi_r_j:226
                                               + (havoc:180 * K:475)))
                     /\ (!(0 <= K:475)
                           \/ mid_r_x:474 = (phi_r_x:230
                                               + (phi_r_j:226 * K:475)
                                               + (-1/2 * havoc:180 * K:475)
                                               + (1/2 * havoc:180
                                                    * (K:475 * K:475))))
                     /\ (!(0 <= K:475) \/ mid_r_i:473 = (phi_r_i:227 + K:475))
                     /\ (!(0 <= K:475)
                           \/ (-1 * mid_r_i:473) <= ((-1 * phi_r_i:227)
                                                       + (-1 * K:475)))
                     /\ (!(0 <= K:475)
                           \/ mid_r_i:473 <= (phi_r_i:227 + K:475))
                     /\ (!((0 <= K:475 /\ K:475 <= 0)) \/ 0 <= K:475)
                     /\ (!(1 <= K:475) \/ 0 <= (-1 + phi_r_i:227 + K:475))))
         /\ mid_r_j:472 = r_j':476 /\ mid_r_i:473 = r_i':477
         /\ mid_r_x:474 = r_x':478 /\ (-1 + (phi_tmp___7:197)) = 0
         /\ 0 <= (l_i':470) /\ 0 <= (r_i':477) /\ havoc:182 <= r_i':477)}

Is not SAT! (Assertion on line 37 PASSED)
---------------------------------------------

================================================
Bounds on Variables

================================================
Finished!

real	0m1.481s
user	0m1.288s
sys	0m0.164s
