               \/ (0 <= ((-1 * phi_l_i:145) + havoc:14) /\ 0 <= phi_r_x:144
                     /\ 0 <= (-1 + phi_r_i:143 + (-1 * phi_r_N:148))
                     /\ 0 <= (-1 + phi_r_i:143) /\ 0 <= phi_l_i:145
                     /\ 0 <= phi_l_x:146 /\ 1 <= K:295
                     /\ 0 <= (1 + (-1 * mid_l_i:293) + havoc:14)
                     /\ 0 <= phi_r_x:144
                     /\ 0 <= (-1 + phi_r_i:143 + (-1 * phi_r_N:148))
                     /\ 0 <= (-1 + phi_r_i:143) /\ 0 <= (-1 + mid_l_i:293)
                     /\ 0 <= (1 + mid_l_x:294 + (-1 * mid_l_i:293))
                     /\ (!(0 <= K:295) \/ mid_l_i:293 = (phi_l_i:145 + K:295))
                     /\ (!(0 <= K:295)
                           \/ mid_l_x:294 = (phi_l_x:146 + (-1/2 * K:295)
                                               + (phi_l_i:145 * K:295)
                                               + (1/2 * (K:295 * K:295))))
                     /\ (!(0 <= K:295)
                           \/ (-1 * mid_l_x:294) <= ((-1 * phi_l_x:146)
                                                       + (1/2 * K:295)
                                                       + ((-1 * phi_l_i:145)
                                                            * K:295)
                                                       + (-1/2
                                                            * (K:295 * K:295))))
                     /\ (!(0 <= K:295)
                           \/ mid_l_x:294 <= (phi_l_x:146 + (-1/2 * K:295)
                                                + (phi_l_i:145 * K:295)
                                                + (1/2 * (K:295 * K:295))))
                     /\ (!(0 <= K:295)
                           \/ (-1 * mid_l_i:293) <= ((-1 * phi_l_i:145)
                                                       + (-1 * K:295)))
                     /\ (!(0 <= K:295)
                           \/ mid_l_i:293 <= (phi_l_i:145 + K:295))
                     /\ (!((0 <= K:295 /\ K:295 <= 0)) \/ 0 <= K:295)
                     /\ (!(1 <= K:295) \/ 0 <= (-1 + phi_l_i:145 + K:295))
                     /\ (!((0 <= K:295 /\ K:295 <= 0))
                           \/ 0 <= ((-3/2 * K:295) + (phi_l_i:145 * K:295)
                                      + (1/2 * (K:295 * K:295))))
                     /\ (!(1 <= K:295)
                           \/ 0 <= (1 + phi_l_x:146 + (-1 * phi_l_i:145)
                                      + (-3/2 * K:295)
                                      + (phi_l_i:145 * K:295)
                                      + (1/2 * (K:295 * K:295))))))
         /\ mid_l_i:293 = l_i':296 /\ mid_l_x:294 = l_x':297
         /\ 0 <= (l_x':297) /\ 0 <= (l_i':296) /\ 0 <= (phi_r_x:144)
         /\ 0 <= (-1 + (phi_r_i:143)) /\ havoc:14 < l_i':296
         /\ ((phi_r_i:143 = mid_r_i:298 /\ phi_r_x:144 = mid_r_x:299)
               \/ (0 <= ((-1 * phi_r_i:143) + phi_r_N:148) /\ 0 <= l_x':297
                     /\ 0 <= (-1 + l_i':296 + (-1 * havoc:14))
                     /\ 0 <= l_i':296 /\ 0 <= (-1 + phi_r_i:143)
                     /\ 0 <= phi_r_x:144 /\ 1 <= K:300
                     /\ 0 <= (1 + (-1 * mid_r_i:298) + phi_r_N:148)
                     /\ 0 <= l_x':297
                     /\ 0 <= (-1 + l_i':296 + (-1 * havoc:14))
                     /\ 0 <= l_i':296 /\ 0 <= (-2 + mid_r_i:298)
                     /\ 0 <= (1 + mid_r_x:299 + (-1 * mid_r_i:298))
                     /\ (!(0 <= K:300) \/ mid_r_i:298 = (phi_r_i:143 + K:300))
                     /\ (!(0 <= K:300)
                           \/ mid_r_x:299 = (phi_r_x:144 + (-1/2 * K:300)
                                               + (phi_r_i:143 * K:300)
                                               + (1/2 * (K:300 * K:300))))
                     /\ (!(0 <= K:300)
                           \/ (-1 * mid_r_x:299) <= ((-1 * phi_r_x:144)
                                                       + (1/2 * K:300)
                                                       + ((-1 * phi_r_i:143)
                                                            * K:300)
                                                       + (-1/2
                                                            * (K:300 * K:300))))
                     /\ (!(0 <= K:300)
                           \/ mid_r_x:299 <= (phi_r_x:144 + (-1/2 * K:300)
                                                + (phi_r_i:143 * K:300)
                                                + (1/2 * (K:300 * K:300))))
                     /\ (!(0 <= K:300)
                           \/ (-1 * mid_r_i:298) <= ((-1 * phi_r_i:143)
                                                       + (-1 * K:300)))
                     /\ (!(0 <= K:300)
                           \/ mid_r_i:298 <= (phi_r_i:143 + K:300))
                     /\ (!((0 <= K:300 /\ K:300 <= 0)) \/ 0 <= K:300)
                     /\ (!(1 <= K:300) \/ 0 <= (-2 + phi_r_i:143 + K:300))
                     /\ (!((0 <= K:300 /\ K:300 <= 0))
                           \/ 0 <= ((-3/2 * K:300) + (phi_r_i:143 * K:300)
                                      + (1/2 * (K:300 * K:300))))
                     /\ (!(1 <= K:300)
                           \/ 0 <= (1 + phi_r_x:144 + (-1 * phi_r_i:143)
                                      + (-3/2 * K:300)
                                      + (phi_r_i:143 * K:300)
                                      + (1/2 * (K:300 * K:300))))))
         /\ mid_r_i:298 = r_i':301 /\ mid_r_x:299 = r_x':302
         /\ 0 <= (l_x':297) /\ 0 <= (l_i':296) /\ 0 <= (r_x':302)
         /\ 0 <= (-1 + (r_i':301)) /\ phi_r_N:148 < r_i':301)}

Is not SAT! (Assertion on line 27 PASSED)
---------------------------------------------

================================================
Bounds on Variables

================================================
Finished!

real	0m1.204s
user	0m0.536s
sys	0m0.536s
