Starting simulated annealing...
Initial score: 0.13714288
Score 0.12761906 at temperature 0.9925006
Score 0.12142857 at temperature 0.9226731
Score 0.09714287 at temperature 0.91509044
Score 0.08571428 at temperature 0.9036747
Simulated annealing complete.
Saw 3154 configurations
Best score: 0.08571428
Writing Daikon to daikon_output.c...
Done
Compiling Daikon output...
Running Kvasir...
==64298== kvasir-5.8.18, C/C++ Language Front-End for Daikon with DynComp comparability analysis tool.
==64298== Copyright (C) 2007-2022, University of Washington CSE PLSE Group
==64298== Using Valgrind-3.19.0.Fjalar and LibVEX; rerun with -h for copyright info
==64298== Command: ./daikon_output
==64298== 
==64298== 
==64298== For lists of detected and suppressed errors, rerun with: -s
==64298== ERROR SUMMARY: 0 errors from 0 contexts (suppressed: 0 from 0)
Running Daikon...
Writing Dafny to houdafny.dfy...
Done
Running Dafny verification...

Dafny program verifier finished with 1 verified, 0 errors

Writing output to ./results/alignments/dafny/sousa/sa/file-item-sa.dfy...
Done

Per-Task Times (ms)
-------------------
align-sa: 27120
aligned-crel: 0
invars-daikon: 732
houdafny: 1657
aligned-output: 0
write-product: 0

KestRel completed in 29510ms
Verified: true

real	0m29.532s
user	0m29.982s
sys	0m0.217s
