Starting simulated annealing...
Initial score: 0.02857143
Simulated annealing complete.
Saw 1994 configurations
Best score: 0.02857143
Writing Daikon to daikon_output.c...
Done
Compiling Daikon output...
Running Kvasir...
==64383== kvasir-5.8.18, C/C++ Language Front-End for Daikon with DynComp comparability analysis tool.
==64383== Copyright (C) 2007-2022, University of Washington CSE PLSE Group
==64383== Using Valgrind-3.19.0.Fjalar and LibVEX; rerun with -h for copyright info
==64383== Command: ./daikon_output
==64383== 
==64383== 
==64383== For lists of detected and suppressed errors, rerun with: -s
==64383== ERROR SUMMARY: 0 errors from 0 contexts (suppressed: 0 from 0)
Running Daikon...
Writing Dafny to houdafny.dfy...
Done
Running Dafny verification...

Dafny program verifier finished with 1 verified, 0 errors

Writing output to ./results/alignments/dafny/sousa/sa/match-sa.dfy...
Done

Per-Task Times (ms)
-------------------
align-sa: 46919
aligned-crel: 0
invars-daikon: 821
houdafny: 1645
aligned-output: 0
write-product: 0

KestRel completed in 49387ms
Verified: true

real	0m49.408s
user	0m50.068s
sys	0m0.194s
