Starting simulated annealing...
Initial score: 0.20453334
Score 0.17520002 at temperature 0.99658364
Score 0.16960001 at temperature 0.9871677
Score 0.16799998 at temperature 0.95350385
Score 0.042 at temperature 0.9125906
Simulated annealing complete.
Saw 3042 configurations
Best score: 0.042
Writing Daikon to daikon_output.c...
Done
Compiling Daikon output...
Running Kvasir...
==64463== kvasir-5.8.18, C/C++ Language Front-End for Daikon with DynComp comparability analysis tool.
==64463== Copyright (C) 2007-2022, University of Washington CSE PLSE Group
==64463== Using Valgrind-3.19.0.Fjalar and LibVEX; rerun with -h for copyright info
==64463== Command: ./daikon_output
==64463== 
==64463== 
==64463== For lists of detected and suppressed errors, rerun with: -s
==64463== ERROR SUMMARY: 0 errors from 0 contexts (suppressed: 0 from 0)
Running Daikon...
Writing Dafny to houdafny.dfy...
Done
Running Dafny verification...

Dafny program verifier finished with 1 verified, 0 errors

Writing output to ./results/alignments/dafny/sousa/sa/node-sa.dfy...
Done

Per-Task Times (ms)
-------------------
align-sa: 3520
aligned-crel: 0
invars-daikon: 763
houdafny: 1647
aligned-output: 0
write-product: 0

KestRel completed in 5931ms
Verified: true

real	0m5.952s
user	0m6.505s
sys	0m0.196s
