Starting simulated annealing...
Initial score: 0.41599998
Score 0.37735236 at temperature 0.9991667
Score 0.32 at temperature 0.9951671
Score 0.15400001 at temperature 0.9940005
Simulated annealing complete.
Saw 1975 configurations
Best score: 0.15400001
Writing Daikon to daikon_output.c...
Done
Compiling Daikon output...
Running Kvasir...
==65040== kvasir-5.8.18, C/C++ Language Front-End for Daikon with DynComp comparability analysis tool.
==65040== Copyright (C) 2007-2022, University of Washington CSE PLSE Group
==65040== Using Valgrind-3.19.0.Fjalar and LibVEX; rerun with -h for copyright info
==65040== Command: ./daikon_output
==65040== 
==65040== 
==65040== For lists of detected and suppressed errors, rerun with: -s
==65040== ERROR SUMMARY: 0 errors from 0 contexts (suppressed: 0 from 0)
Running Daikon...
Writing Dafny to houdafny.dfy...
Done
Running Dafny verification...
houdafny.dfy(23,18): Error: this loop invariant could not be proved on entry
   |
23 |     invariant l_b != 0
   |                   ^^

houdafny.dfy(23,18): Related message: loop invariant violation
   |
23 |     invariant l_b != 0
   |                   ^^

houdafny.dfy(25,18): Error: this loop invariant could not be proved on entry
   |
25 |     invariant l_a < l_b
   |                   ^

houdafny.dfy(25,18): Related message: loop invariant violation
   |
25 |     invariant l_a < l_b
   |                   ^

houdafny.dfy(25,18): Error: this invariant could not be proved to be maintained by the loop
   |
25 |     invariant l_a < l_b
   |                   ^

houdafny.dfy(25,18): Related message: loop invariant violation
   |
25 |     invariant l_a < l_b
   |                   ^

houdafny.dfy(26,18): Error: this loop invariant could not be proved on entry
   |
26 |     invariant l_a != l_c
   |                   ^^

houdafny.dfy(26,18): Related message: loop invariant violation
   |
26 |     invariant l_a != l_c
   |                   ^^

houdafny.dfy(26,18): Error: this invariant could not be proved to be maintained by the loop
   |
26 |     invariant l_a != l_c
   |                   ^^

houdafny.dfy(26,18): Related message: loop invariant violation
   |
26 |     invariant l_a != l_c
   |                   ^^

houdafny.dfy(27,18): Error: this invariant could not be proved to be maintained by the loop
   |
27 |     invariant l_b != l_c
   |                   ^^

houdafny.dfy(27,18): Related message: loop invariant violation
   |
27 |     invariant l_b != l_c
   |                   ^^


Dafny program verifier finished with 0 verified, 6 errors

Writing Dafny to houdafny.dfy...
Done
Running Dafny verification...

Dafny program verifier finished with 1 verified, 0 errors

Writing output to ./results/alignments/dafny/unno/sa/square-sum-sa.dfy...
Done

Per-Task Times (ms)
-------------------
align-sa: 1025
aligned-crel: 0
invars-daikon: 804
houdafny: 3432
aligned-output: 0
write-product: 0

KestRel completed in 5262ms
Verified: true

real	0m5.283s
user	0m5.955s
sys	0m0.292s
