                                                                    left_o2_departureTime:6 = right_o1_departureTime:7)
                                                                    /\ 0 = phi_tmp:31)
                                                                    \/ (
                                                                    ((left_o1_departureTimeIsBefore:18 = right_o2_departureTimeIsBefore:19
                                                                    /\ left_o1_departureTime:16 = right_o2_departureTime:17
                                                                    /\ left_o1_departureMaxDuration:14 = right_o2_departureMaxDuration:15
                                                                    /\ left_o1_departureTransportCompany:12 = right_o2_departureTransportCompany:13
                                                                    /\ left_o1_departureTransportType:10 = right_o2_departureTransportType:11
                                                                    /\ left_o2_departureTimeIsBefore:8 = right_o1_departureTimeIsBefore:9
                                                                    /\ left_o2_departureTime:6 = right_o1_departureTime:7
                                                                    /\ !(
                                                                    left_o2_departureMaxDuration:4 = right_o1_departureMaxDuration:5)
                                                                    /\ 0 = phi_tmp:30)
                                                                    \/ (
                                                                    ((left_o1_departureTimeIsBefore:18 = right_o2_departureTimeIsBefore:19
                                                                    /\ left_o1_departureTime:16 = right_o2_departureTime:17
                                                                    /\ left_o1_departureMaxDuration:14 = right_o2_departureMaxDuration:15
                                                                    /\ left_o1_departureTransportCompany:12 = right_o2_departureTransportCompany:13
                                                                    /\ left_o1_departureTransportType:10 = right_o2_departureTransportType:11
                                                                    /\ left_o2_departureTimeIsBefore:8 = right_o1_departureTimeIsBefore:9
                                                                    /\ left_o2_departureTime:6 = right_o1_departureTime:7
                                                                    /\ left_o2_departureMaxDuration:4 = right_o1_departureMaxDuration:5
                                                                    /\ !(
                                                                    left_o2_departureTransportCompany:2 = right_o1_departureTransportCompany:3)
                                                                    /\ 0 = phi_tmp:29)
                                                                    \/ (
                                                                    ((left_o1_departureTimeIsBefore:18 = right_o2_departureTimeIsBefore:19
                                                                    /\ left_o1_departureTime:16 = right_o2_departureTime:17
                                                                    /\ left_o1_departureMaxDuration:14 = right_o2_departureMaxDuration:15
                                                                    /\ left_o1_departureTransportCompany:12 = right_o2_departureTransportCompany:13
                                                                    /\ left_o1_departureTransportType:10 = right_o2_departureTransportType:11
                                                                    /\ left_o2_departureTimeIsBefore:8 = right_o1_departureTimeIsBefore:9
                                                                    /\ left_o2_departureTime:6 = right_o1_departureTime:7
                                                                    /\ left_o2_departureMaxDuration:4 = right_o1_departureMaxDuration:5
                                                                    /\ left_o2_departureTransportCompany:2 = right_o1_departureTransportCompany:3
                                                                    /\ !(
                                                                    left_o2_departureTransportType:0 = right_o1_departureTransportType:1)
                                                                    /\ 0 = phi_tmp:28)
                                                                    \/ (
                                                                    left_o1_departureTimeIsBefore:18 = right_o2_departureTimeIsBefore:19
                                                                    /\ 
                                                                    left_o1_departureTime:16 = right_o2_departureTime:17
                                                                    /\ 
                                                                    left_o1_departureMaxDuration:14 = right_o2_departureMaxDuration:15
                                                                    /\ 
                                                                    left_o1_departureTransportCompany:12 = right_o2_departureTransportCompany:13
                                                                    /\ 
                                                                    left_o1_departureTransportType:10 = right_o2_departureTransportType:11
                                                                    /\ 
                                                                    left_o2_departureTimeIsBefore:8 = right_o1_departureTimeIsBefore:9
                                                                    /\ 
                                                                    left_o2_departureTime:6 = right_o1_departureTime:7
                                                                    /\ 
                                                                    left_o2_departureMaxDuration:4 = right_o1_departureMaxDuration:5
                                                                    /\ 
                                                                    left_o2_departureTransportCompany:2 = right_o1_departureTransportCompany:3
                                                                    /\ 
                                                                    left_o2_departureTransportType:0 = right_o1_departureTransportType:1
                                                                    /\ 
                                                                    1 = phi_tmp:28))
                                                                    /\ 
                                                                    phi_tmp:28 = phi_tmp:29))
                                                                    /\ 
                                                                    phi_tmp:29 = phi_tmp:30))
                                                                    /\ 
                                                                    phi_tmp:30 = phi_tmp:31))
                                                                    /\ 
                                                                    phi_tmp:31 = phi_tmp:32))
                                                                    /\ 
                                                                    phi_tmp:32 = phi_tmp:33))
                                                                    /\ 
                                                                    phi_tmp:33 = phi_tmp:34))
                                                                   /\ 
                                                                   phi_tmp:34 = phi_tmp:35))
                                                                /\ phi_tmp:35 = phi_tmp:36))
                                                         /\ phi_tmp:36 = phi_tmp:37))
                                                  /\ !(phi_tmp:37 = 0)
                                                  /\ left_o1_departureTime:16 < left_o2_departureTime:6
                                                  /\ -1 = phi_l_rv:39))
                                           /\ phi_l_rv:39 = 0
                                           /\ left_o1_departureMaxDuration:14 < left_o2_departureMaxDuration:4
                                           /\ -1 = phi_l_rv:46))
                                    /\ phi_l_rv:46 = phi_l_rv:47))
                             /\ right_o1_departureTime:7 < right_o2_departureTime:17
                             /\ -1 = phi_r_rv:49)) /\ phi_r_rv:49 = 0
                      /\ right_o1_departureMaxDuration:5 < right_o2_departureMaxDuration:15
                      /\ -1 = phi_r_rv:56)) /\ phi_r_rv:56 = phi_r_rv:57))}

Is not SAT! (Assertion on line 89 PASSED)
---------------------------------------------

================================================
Bounds on Variables

================================================
Finished!

real	0m15.371s
user	0m14.940s
sys	0m0.316s
