Starting simulated annealing...
Initial score: 0.18666668
Score 0.14999999 at temperature 0.9931672
Score 0.120000005 at temperature 0.9913341
Score 0.053333335 at temperature 0.9370886
Score 0.04 at temperature 0.9336722
Simulated annealing complete.
Saw 2775 configurations
Best score: 0.04
Writing Daikon to daikon_output.c...
Done
Compiling Daikon output...
Running Kvasir...
==58832== kvasir-5.8.18, C/C++ Language Front-End for Daikon with DynComp comparability analysis tool.
==58832== Copyright (C) 2007-2022, University of Washington CSE PLSE Group
==58832== Using Valgrind-3.19.0.Fjalar and LibVEX; rerun with -h for copyright info
==58832== Command: ./daikon_output
==58832== 
==58832== 
==58832== For lists of detected and suppressed errors, rerun with: -s
==58832== ERROR SUMMARY: 0 errors from 0 contexts (suppressed: 0 from 0)
Running Daikon...
Writing Dafny to houdafny.dfy...
Done
Running Dafny verification...
houdafny.dfy(22,21): Error: this loop invariant could not be proved on entry
   |
22 |     invariant l_tree != 0
   |                      ^^

houdafny.dfy(22,21): Related message: loop invariant violation
   |
22 |     invariant l_tree != 0
   |                      ^^

houdafny.dfy(22,21): Error: this invariant could not be proved to be maintained by the loop
   |
22 |     invariant l_tree != 0
   |                      ^^

houdafny.dfy(22,21): Related message: loop invariant violation
   |
22 |     invariant l_tree != 0
   |                      ^^

houdafny.dfy(23,20): Error: this loop invariant could not be proved on entry
   |
23 |     invariant l_val != 0
   |                     ^^

houdafny.dfy(23,20): Related message: loop invariant violation
   |
23 |     invariant l_val != 0
   |                     ^^

houdafny.dfy(28,20): Error: this loop invariant could not be proved on entry
   |
28 |     invariant r_val != 0
   |                     ^^

houdafny.dfy(28,20): Related message: loop invariant violation
   |
28 |     invariant r_val != 0
   |                     ^^

houdafny.dfy(32,21): Error: this loop invariant could not be proved on entry
   |
32 |     invariant l_tree != l_val
   |                      ^^

houdafny.dfy(32,21): Related message: loop invariant violation
   |
32 |     invariant l_tree != l_val
   |                      ^^

houdafny.dfy(32,21): Error: this invariant could not be proved to be maintained by the loop
   |
32 |     invariant l_tree != l_val
   |                      ^^

houdafny.dfy(32,21): Related message: loop invariant violation
   |
32 |     invariant l_tree != l_val
   |                      ^^

houdafny.dfy(33,21): Error: this invariant could not be proved to be maintained by the loop
   |
33 |     invariant l_tree >= r_tree
   |                      ^^

houdafny.dfy(33,21): Related message: loop invariant violation
   |
33 |     invariant l_tree >= r_tree
   |                      ^^

houdafny.dfy(34,21): Error: this loop invariant could not be proved on entry
   |
34 |     invariant l_tree != r_val
   |                      ^^

houdafny.dfy(34,21): Related message: loop invariant violation
   |
34 |     invariant l_tree != r_val
   |                      ^^

houdafny.dfy(34,21): Error: this invariant could not be proved to be maintained by the loop
   |
34 |     invariant l_tree != r_val
   |                      ^^

houdafny.dfy(34,21): Related message: loop invariant violation
   |
34 |     invariant l_tree != r_val
   |                      ^^

houdafny.dfy(36,20): Error: this loop invariant could not be proved on entry
   |
36 |     invariant l_val < r_val
   |                     ^

houdafny.dfy(36,20): Related message: loop invariant violation
   |
36 |     invariant l_val < r_val
   |                     ^

houdafny.dfy(48,21): Error: this invariant could not be proved to be maintained by the loop
   |
48 |     invariant r_tree != 0
   |                      ^^

houdafny.dfy(48,21): Related message: loop invariant violation
   |
48 |     invariant r_tree != 0
   |                      ^^

houdafny.dfy(54,21): Error: this loop invariant could not be proved on entry
   |
54 |     invariant l_tree > r_tree
   |                      ^

houdafny.dfy(54,21): Related message: loop invariant violation
   |
54 |     invariant l_tree > r_tree
   |                      ^

houdafny.dfy(54,21): Error: this invariant could not be proved to be maintained by the loop
   |
54 |     invariant l_tree > r_tree
   |                      ^

houdafny.dfy(54,21): Related message: loop invariant violation
   |
54 |     invariant l_tree > r_tree
   |                      ^

houdafny.dfy(56,20): Error: this invariant could not be proved to be maintained by the loop
   |
56 |     invariant l_val != r_tree
   |                     ^^

houdafny.dfy(56,20): Related message: loop invariant violation
   |
56 |     invariant l_val != r_tree
   |                     ^^

houdafny.dfy(58,21): Error: this invariant could not be proved to be maintained by the loop
   |
58 |     invariant r_tree != r_val
   |                      ^^

houdafny.dfy(58,21): Related message: loop invariant violation
   |
58 |     invariant r_tree != r_val
   |                      ^^

houdafny.dfy(68,8): Error: assertion might not hold
   |
68 |   assert(r_found <= l_found);
   |         ^^^^^^^^^^^^^^^^^^^^


Dafny program verifier finished with 0 verified, 16 errors

Writing Dafny to houdafny.dfy...
Done
Running Dafny verification...
houdafny.dfy(25,21): Error: this loop invariant could not be proved on entry
   |
25 |     invariant r_tree != 0
   |                      ^^

houdafny.dfy(25,21): Related message: loop invariant violation
   |
25 |     invariant r_tree != 0
   |                      ^^

houdafny.dfy(29,20): Error: this loop invariant could not be proved on entry
   |
29 |     invariant l_val != r_tree
   |                     ^^

houdafny.dfy(29,20): Related message: loop invariant violation
   |
29 |     invariant l_val != r_tree
   |                     ^^

houdafny.dfy(30,21): Error: this loop invariant could not be proved on entry
   |
30 |     invariant r_tree != r_val
   |                      ^^

houdafny.dfy(30,21): Related message: loop invariant violation
   |
30 |     invariant r_tree != r_val
   |                      ^^

houdafny.dfy(36,21): Error: this loop invariant could not be proved on entry
   |
36 |     invariant l_tree != 0
   |                      ^^

houdafny.dfy(36,21): Related message: loop invariant violation
   |
36 |     invariant l_tree != 0
   |                      ^^

houdafny.dfy(37,20): Error: this loop invariant could not be proved on entry
   |
37 |     invariant l_val != 0
   |                     ^^

houdafny.dfy(37,20): Related message: loop invariant violation
   |
37 |     invariant l_val != 0
   |                     ^^

houdafny.dfy(41,20): Error: this loop invariant could not be proved on entry
   |
41 |     invariant r_val != 0
   |                     ^^

houdafny.dfy(41,20): Related message: loop invariant violation
   |
41 |     invariant r_val != 0
   |                     ^^

houdafny.dfy(45,21): Error: this loop invariant could not be proved on entry
   |
45 |     invariant l_tree != l_val
   |                      ^^

houdafny.dfy(45,21): Related message: loop invariant violation
   |
45 |     invariant l_tree != l_val
   |                      ^^

houdafny.dfy(46,21): Error: this loop invariant could not be proved on entry
   |
46 |     invariant l_tree != r_val
   |                      ^^

houdafny.dfy(46,21): Related message: loop invariant violation
   |
46 |     invariant l_tree != r_val
   |                      ^^

houdafny.dfy(47,20): Error: this loop invariant could not be proved on entry
   |
47 |     invariant l_val < r_val
   |                     ^

houdafny.dfy(47,20): Related message: loop invariant violation
   |
47 |     invariant l_val < r_val
   |                     ^

houdafny.dfy(57,8): Error: assertion might not hold
   |
57 |   assert(r_found <= l_found);
   |         ^^^^^^^^^^^^^^^^^^^^


Dafny program verifier finished with 0 verified, 10 errors

Writing Dafny to houdafny.dfy...
Done
Running Dafny verification...
houdafny.dfy(48,8): Error: assertion might not hold
   |
48 |   assert(r_found <= l_found);
   |         ^^^^^^^^^^^^^^^^^^^^


Dafny program verifier finished with 0 verified, 1 error

Writing output to ./results/alignments/dafny/adt/sa/bst-min-search-sa.dfy...
Done

Per-Task Times (ms)
-------------------
align-sa: 1749
aligned-crel: 0
invars-daikon: 814
houdafny: 5412
aligned-output: 0
write-product: 0

KestRel completed in 7976ms
Verified: false

real	0m7.997s
user	0m8.775s
sys	0m0.358s
