Starting simulated annealing...
Initial score: 0.88500005
Score 0.84333324 at temperature 0.9999167
Score 0.82666665 at temperature 0.99575037
Score 0.43033332 at temperature 0.99350053
Score 0.3405 at temperature 0.98025167
Score 0.33466667 at temperature 0.93733853
Score 0.31193846 at temperature 0.7896842
Simulated annealing complete.
Saw 4277 configurations
Best score: 0.31193846
Writing Daikon to daikon_output.c...
Done
Compiling Daikon output...
Running Kvasir...
==59138== kvasir-5.8.18, C/C++ Language Front-End for Daikon with DynComp comparability analysis tool.
==59138== Copyright (C) 2007-2022, University of Washington CSE PLSE Group
==59138== Using Valgrind-3.19.0.Fjalar and LibVEX; rerun with -h for copyright info
==59138== Command: ./daikon_output
==59138== 
==59138== 
==59138== For lists of detected and suppressed errors, rerun with: -s
==59138== ERROR SUMMARY: 0 errors from 0 contexts (suppressed: 0 from 0)
Running Daikon...
Writing Dafny to houdafny.dfy...
Done
Running Dafny verification...
houdafny.dfy(9,9): Warning: For expression "l_n == r_n":
   /!\ No terms found to trigger on.
  |
9 |   assume(forall i: int :: (f(g(i)) == g(f(i))) && (l_n == r_n));
  |          ^^^^^^

houdafny.dfy(22,20): Error: this invariant could not be proved to be maintained by the loop
   |
22 |     invariant l_sum >= 0
   |                     ^^

houdafny.dfy(22,20): Related message: loop invariant violation
   |
22 |     invariant l_sum >= 0
   |                     ^^

houdafny.dfy(24,20): Error: this invariant could not be proved to be maintained by the loop
   |
24 |     invariant l_sum >= l_i
   |                     ^^

houdafny.dfy(24,20): Related message: loop invariant violation
   |
24 |     invariant l_sum >= l_i
   |                     ^^


Dafny program verifier finished with 0 verified, 2 errors

Writing Dafny to houdafny.dfy...
Done
Running Dafny verification...
houdafny.dfy(9,9): Warning: For expression "l_n == r_n":
   /!\ No terms found to trigger on.
  |
9 |   assume(forall i: int :: (f(g(i)) == g(f(i))) && (l_n == r_n));
  |          ^^^^^^


Dafny program verifier finished with 1 verified, 0 errors

Writing output to ./results/alignments/dafny/adt/sa/commute-sa.dfy...
Done

Per-Task Times (ms)
-------------------
align-sa: 2879
aligned-crel: 0
invars-daikon: 962
houdafny: 3767
aligned-output: 0
write-product: 0

KestRel completed in 7610ms
Verified: true

real	0m7.634s
user	0m8.529s
sys	0m0.286s
