Starting simulated annealing...
Initial score: 0.6883334
Score 0.6762499 at temperature 0.9999167
Score 0.58166677 at temperature 0.99866676
Score 0.49072218 at temperature 0.99775016
Score 0.4825 at temperature 0.9973335
Score 0.38582504 at temperature 0.9851679
Score 0.37499997 at temperature 0.94617116
Score 0.32833332 at temperature 0.9348388
Simulated annealing complete.
Saw 2651 configurations
Best score: 0.32833332
Writing Daikon to daikon_output.c...
Done
Compiling Daikon output...
Running Kvasir...
==59596== kvasir-5.8.18, C/C++ Language Front-End for Daikon with DynComp comparability analysis tool.
==59596== Copyright (C) 2007-2022, University of Washington CSE PLSE Group
==59596== Using Valgrind-3.19.0.Fjalar and LibVEX; rerun with -h for copyright info
==59596== Command: ./daikon_output
==59596== 
==59596== 
==59596== For lists of detected and suppressed errors, rerun with: -s
==59596== ERROR SUMMARY: 0 errors from 0 contexts (suppressed: 0 from 0)
Running Daikon...
Writing Dafny to houdafny.dfy...
Done
Running Dafny verification...
houdafny.dfy(30,21): Error: this loop invariant could not be proved on entry
   |
30 |     invariant l_list != 0
   |                      ^^

houdafny.dfy(30,21): Related message: loop invariant violation
   |
30 |     invariant l_list != 0
   |                      ^^

houdafny.dfy(30,21): Error: this invariant could not be proved to be maintained by the loop
   |
30 |     invariant l_list != 0
   |                      ^^

houdafny.dfy(30,21): Related message: loop invariant violation
   |
30 |     invariant l_list != 0
   |                      ^^


Dafny program verifier finished with 0 verified, 2 errors

Writing Dafny to houdafny.dfy...
Done
Running Dafny verification...

Dafny program verifier finished with 1 verified, 0 errors

Writing output to ./results/alignments/dafny/adt/sa/list-array-sum-sa.dfy...
Done

Per-Task Times (ms)
-------------------
align-sa: 2006
aligned-crel: 0
invars-daikon: 991
houdafny: 3701
aligned-output: 0
write-product: 0

KestRel completed in 6699ms
Verified: true

real	0m6.731s
user	0m7.828s
sys	0m0.274s
