Starting simulated annealing...
Initial score: 0.69766665
Score 0.57733333 at temperature 1
Score 0.33627778 at temperature 0.99658364
Score 0.30183336 at temperature 0.9310057
Score 0.30133337 at temperature 0.93067247
Score 0.2937778 at temperature 0.8825931
Simulated annealing complete.
Saw 3250 configurations
Best score: 0.2937778
Writing Daikon to daikon_output.c...
Done
Compiling Daikon output...
Running Kvasir...
==59848== kvasir-5.8.18, C/C++ Language Front-End for Daikon with DynComp comparability analysis tool.
==59848== Copyright (C) 2007-2022, University of Washington CSE PLSE Group
==59848== Using Valgrind-3.19.0.Fjalar and LibVEX; rerun with -h for copyright info
==59848== Command: ./daikon_output
==59848== 
==59848== 
==59848== For lists of detected and suppressed errors, rerun with: -s
==59848== ERROR SUMMARY: 0 errors from 0 contexts (suppressed: 0 from 0)
Running Daikon...
Writing Dafny to houdafny.dfy...
Done
Running Dafny verification...
houdafny.dfy(41,25): Error: this loop invariant could not be proved on entry
   |
41 |     invariant l_payments != 0
   |                          ^^

houdafny.dfy(41,25): Related message: loop invariant violation
   |
41 |     invariant l_payments != 0
   |                          ^^

houdafny.dfy(42,20): Error: this loop invariant could not be proved on entry
   |
42 |     invariant l_ids != 0
   |                     ^^

houdafny.dfy(42,20): Related message: loop invariant violation
   |
42 |     invariant l_ids != 0
   |                     ^^

houdafny.dfy(43,25): Error: this loop invariant could not be proved on entry
   |
43 |     invariant l_salaries != 0
   |                          ^^

houdafny.dfy(43,25): Related message: loop invariant violation
   |
43 |     invariant l_salaries != 0
   |                          ^^

houdafny.dfy(44,28): Error: this loop invariant could not be proved on entry
   |
44 |     invariant l_num_updates != 0
   |                             ^^

houdafny.dfy(44,28): Related message: loop invariant violation
   |
44 |     invariant l_num_updates != 0
   |                             ^^

houdafny.dfy(45,18): Error: this loop invariant could not be proved on entry
   |
45 |     invariant l_i != 0
   |                   ^^

houdafny.dfy(45,18): Related message: loop invariant violation
   |
45 |     invariant l_i != 0
   |                   ^^

houdafny.dfy(47,25): Error: this loop invariant could not be proved on entry
   |
47 |     invariant r_payments != 0
   |                          ^^

houdafny.dfy(47,25): Related message: loop invariant violation
   |
47 |     invariant r_payments != 0
   |                          ^^

houdafny.dfy(48,22): Error: this loop invariant could not be proved on entry
   |
48 |     invariant r_bonus == 2653
   |                       ^^

houdafny.dfy(48,22): Related message: loop invariant violation
   |
48 |     invariant r_bonus == 2653
   |                       ^^

houdafny.dfy(52,25): Error: this loop invariant could not be proved on entry
   |
52 |     invariant l_payments != l_ids
   |                          ^^

houdafny.dfy(52,25): Related message: loop invariant violation
   |
52 |     invariant l_payments != l_ids
   |                          ^^

houdafny.dfy(53,25): Error: this loop invariant could not be proved on entry
   |
53 |     invariant l_payments != l_salaries
   |                          ^^

houdafny.dfy(53,25): Related message: loop invariant violation
   |
53 |     invariant l_payments != l_salaries
   |                          ^^

houdafny.dfy(54,25): Error: this loop invariant could not be proved on entry
   |
54 |     invariant l_payments != l_num_updates
   |                          ^^

houdafny.dfy(54,25): Related message: loop invariant violation
   |
54 |     invariant l_payments != l_num_updates
   |                          ^^

houdafny.dfy(55,25): Error: this loop invariant could not be proved on entry
   |
55 |     invariant l_payments != l_i
   |                          ^^

houdafny.dfy(55,25): Related message: loop invariant violation
   |
55 |     invariant l_payments != l_i
   |                          ^^

houdafny.dfy(56,25): Error: this loop invariant could not be proved on entry
   |
56 |     invariant l_payments != r_payments
   |                          ^^

houdafny.dfy(56,25): Related message: loop invariant violation
   |
56 |     invariant l_payments != r_payments
   |                          ^^

houdafny.dfy(57,25): Error: this loop invariant could not be proved on entry
   |
57 |     invariant l_payments != r_bonus
   |                          ^^

houdafny.dfy(57,25): Related message: loop invariant violation
   |
57 |     invariant l_payments != r_bonus
   |                          ^^

houdafny.dfy(59,20): Error: this loop invariant could not be proved on entry
   |
59 |     invariant l_ids != l_salaries
   |                     ^^

houdafny.dfy(59,20): Related message: loop invariant violation
   |
59 |     invariant l_ids != l_salaries
   |                     ^^

houdafny.dfy(60,20): Error: this loop invariant could not be proved on entry
   |
60 |     invariant l_ids != l_num_updates
   |                     ^^

houdafny.dfy(60,20): Related message: loop invariant violation
   |
60 |     invariant l_ids != l_num_updates
   |                     ^^

houdafny.dfy(61,20): Error: this loop invariant could not be proved on entry
   |
61 |     invariant l_ids != l_i
   |                     ^^

houdafny.dfy(61,20): Related message: loop invariant violation
   |
61 |     invariant l_ids != l_i
   |                     ^^

houdafny.dfy(62,20): Error: this loop invariant could not be proved on entry
   |
62 |     invariant l_ids != r_payments
   |                     ^^

houdafny.dfy(62,20): Related message: loop invariant violation
   |
62 |     invariant l_ids != r_payments
   |                     ^^

houdafny.dfy(63,20): Error: this loop invariant could not be proved on entry
   |
63 |     invariant l_ids != r_bonus
   |                     ^^

houdafny.dfy(63,20): Related message: loop invariant violation
   |
63 |     invariant l_ids != r_bonus
   |                     ^^

houdafny.dfy(65,25): Error: this loop invariant could not be proved on entry
   |
65 |     invariant l_salaries != l_num_updates
   |                          ^^

houdafny.dfy(65,25): Related message: loop invariant violation
   |
65 |     invariant l_salaries != l_num_updates
   |                          ^^

houdafny.dfy(66,25): Error: this loop invariant could not be proved on entry
   |
66 |     invariant l_salaries != l_i
   |                          ^^

houdafny.dfy(66,25): Related message: loop invariant violation
   |
66 |     invariant l_salaries != l_i
   |                          ^^

houdafny.dfy(67,25): Error: this loop invariant could not be proved on entry
   |
67 |     invariant l_salaries != r_payments
   |                          ^^

houdafny.dfy(67,25): Related message: loop invariant violation
   |
67 |     invariant l_salaries != r_payments
   |                          ^^

houdafny.dfy(68,25): Error: this loop invariant could not be proved on entry
   |
68 |     invariant l_salaries != r_bonus
   |                          ^^

houdafny.dfy(68,25): Related message: loop invariant violation
   |
68 |     invariant l_salaries != r_bonus
   |                          ^^

houdafny.dfy(70,28): Error: this loop invariant could not be proved on entry
   |
70 |     invariant l_num_updates > l_i
   |                             ^

houdafny.dfy(70,28): Related message: loop invariant violation
   |
70 |     invariant l_num_updates > l_i
   |                             ^

houdafny.dfy(71,28): Error: this loop invariant could not be proved on entry
   |
71 |     invariant l_num_updates != r_payments
   |                             ^^

houdafny.dfy(71,28): Related message: loop invariant violation
   |
71 |     invariant l_num_updates != r_payments
   |                             ^^

houdafny.dfy(72,28): Error: this loop invariant could not be proved on entry
   |
72 |     invariant l_num_updates < r_bonus
   |                             ^

houdafny.dfy(72,28): Related message: loop invariant violation
   |
72 |     invariant l_num_updates < r_bonus
   |                             ^

houdafny.dfy(74,18): Error: this loop invariant could not be proved on entry
   |
74 |     invariant l_i != r_payments
   |                   ^^

houdafny.dfy(74,18): Related message: loop invariant violation
   |
74 |     invariant l_i != r_payments
   |                   ^^

houdafny.dfy(76,32): Error: this loop invariant could not be proved on entry
   |
76 |     invariant (l_i - (r_i - 1)) == 0
   |                                 ^^

houdafny.dfy(76,32): Related message: loop invariant violation
   |
76 |     invariant (l_i - (r_i - 1)) == 0
   |                                 ^^


Dafny program verifier finished with 0 verified, 27 errors

Writing Dafny to houdafny.dfy...
Done
Running Dafny verification...
houdafny.dfy(41,18): Error: this loop invariant could not be proved on entry
   |
41 |     invariant l_i >= 1
   |                   ^^

houdafny.dfy(41,18): Related message: loop invariant violation
   |
41 |     invariant l_i >= 1
   |                   ^^

houdafny.dfy(42,22): Error: this loop invariant could not be proved on entry
   |
42 |     invariant r_bonus <= 2653
   |                       ^^

houdafny.dfy(42,22): Related message: loop invariant violation
   |
42 |     invariant r_bonus <= 2653
   |                       ^^

houdafny.dfy(43,22): Error: this loop invariant could not be proved on entry
   |
43 |     invariant r_bonus >= 2653
   |                       ^^

houdafny.dfy(43,22): Related message: loop invariant violation
   |
43 |     invariant r_bonus >= 2653
   |                       ^^

houdafny.dfy(45,25): Error: this loop invariant could not be proved on entry
   |
45 |     invariant l_payments != r_i
   |                          ^^

houdafny.dfy(45,25): Related message: loop invariant violation
   |
45 |     invariant l_payments != r_i
   |                          ^^

houdafny.dfy(46,20): Error: this loop invariant could not be proved on entry
   |
46 |     invariant l_ids != r_i
   |                     ^^

houdafny.dfy(46,20): Related message: loop invariant violation
   |
46 |     invariant l_ids != r_i
   |                     ^^

houdafny.dfy(47,25): Error: this loop invariant could not be proved on entry
   |
47 |     invariant l_salaries != r_i
   |                          ^^

houdafny.dfy(47,25): Related message: loop invariant violation
   |
47 |     invariant l_salaries != r_i
   |                          ^^

houdafny.dfy(50,32): Error: this loop invariant could not be proved on entry
   |
50 |     invariant (l_i - (r_i - 1)) <= 0
   |                                 ^^

houdafny.dfy(50,32): Related message: loop invariant violation
   |
50 |     invariant (l_i - (r_i - 1)) <= 0
   |                                 ^^


Dafny program verifier finished with 0 verified, 7 errors

Writing Dafny to houdafny.dfy...
Done
Running Dafny verification...
houdafny.dfy(42,28): Error: this loop invariant could not be proved on entry
   |
42 |     invariant l_num_updates > r_i
   |                             ^

houdafny.dfy(42,28): Related message: loop invariant violation
   |
42 |     invariant l_num_updates > r_i
   |                             ^

houdafny.dfy(42,28): Error: this invariant could not be proved to be maintained by the loop
   |
42 |     invariant l_num_updates > r_i
   |                             ^

houdafny.dfy(42,28): Related message: loop invariant violation
   |
42 |     invariant l_num_updates > r_i
   |                             ^

houdafny.dfy(43,18): Error: this loop invariant could not be proved on entry
   |
43 |     invariant l_i < r_bonus
   |                   ^

houdafny.dfy(43,18): Related message: loop invariant violation
   |
43 |     invariant l_i < r_bonus
   |                   ^

houdafny.dfy(43,18): Error: this invariant could not be proved to be maintained by the loop
   |
43 |     invariant l_i < r_bonus
   |                   ^

houdafny.dfy(43,18): Related message: loop invariant violation
   |
43 |     invariant l_i < r_bonus
   |                   ^

houdafny.dfy(45,25): Error: this loop invariant could not be proved on entry
   |
45 |     invariant r_payments != r_bonus
   |                          ^^

houdafny.dfy(45,25): Related message: loop invariant violation
   |
45 |     invariant r_payments != r_bonus
   |                          ^^

houdafny.dfy(45,25): Error: this invariant could not be proved to be maintained by the loop
   |
45 |     invariant r_payments != r_bonus
   |                          ^^

houdafny.dfy(45,25): Related message: loop invariant violation
   |
45 |     invariant r_payments != r_bonus
   |                          ^^

houdafny.dfy(46,25): Error: this loop invariant could not be proved on entry
   |
46 |     invariant r_payments != r_i
   |                          ^^

houdafny.dfy(46,25): Related message: loop invariant violation
   |
46 |     invariant r_payments != r_i
   |                          ^^

houdafny.dfy(46,25): Error: this invariant could not be proved to be maintained by the loop
   |
46 |     invariant r_payments != r_i
   |                          ^^

houdafny.dfy(46,25): Related message: loop invariant violation
   |
46 |     invariant r_payments != r_i
   |                          ^^

houdafny.dfy(47,22): Error: this invariant could not be proved to be maintained by the loop
   |
47 |     invariant r_bonus > r_i
   |                       ^

houdafny.dfy(47,22): Related message: loop invariant violation
   |
47 |     invariant r_bonus > r_i
   |                       ^

houdafny.dfy(76,28): Error: this loop invariant could not be proved on entry
   |
76 |     invariant l_num_updates == l_i
   |                             ^^

houdafny.dfy(76,28): Related message: loop invariant violation
   |
76 |     invariant l_num_updates == l_i
   |                             ^^

houdafny.dfy(82,25): Error: this loop invariant could not be proved on entry
   |
82 |     invariant l_payments != 0
   |                          ^^

houdafny.dfy(82,25): Related message: loop invariant violation
   |
82 |     invariant l_payments != 0
   |                          ^^

houdafny.dfy(83,20): Error: this loop invariant could not be proved on entry
   |
83 |     invariant l_ids != 0
   |                     ^^

houdafny.dfy(83,20): Related message: loop invariant violation
   |
83 |     invariant l_ids != 0
   |                     ^^

houdafny.dfy(84,25): Error: this loop invariant could not be proved on entry
   |
84 |     invariant l_salaries != 0
   |                          ^^

houdafny.dfy(84,25): Related message: loop invariant violation
   |
84 |     invariant l_salaries != 0
   |                          ^^

houdafny.dfy(87,25): Error: this loop invariant could not be proved on entry
   |
87 |     invariant r_payments != 0
   |                          ^^

houdafny.dfy(87,25): Related message: loop invariant violation
   |
87 |     invariant r_payments != 0
   |                          ^^

houdafny.dfy(88,22): Error: this loop invariant could not be proved on entry
   |
88 |     invariant r_bonus == 2653
   |                       ^^

houdafny.dfy(88,22): Related message: loop invariant violation
   |
88 |     invariant r_bonus == 2653
   |                       ^^

houdafny.dfy(92,25): Error: this loop invariant could not be proved on entry
   |
92 |     invariant l_payments != l_ids
   |                          ^^

houdafny.dfy(92,25): Related message: loop invariant violation
   |
92 |     invariant l_payments != l_ids
   |                          ^^

houdafny.dfy(93,25): Error: this loop invariant could not be proved on entry
   |
93 |     invariant l_payments != l_salaries
   |                          ^^

houdafny.dfy(93,25): Related message: loop invariant violation
   |
93 |     invariant l_payments != l_salaries
   |                          ^^

houdafny.dfy(94,25): Error: this loop invariant could not be proved on entry
   |
94 |     invariant l_payments != l_num_updates
   |                          ^^

houdafny.dfy(94,25): Related message: loop invariant violation
   |
94 |     invariant l_payments != l_num_updates
   |                          ^^

houdafny.dfy(95,25): Error: this loop invariant could not be proved on entry
   |
95 |     invariant l_payments != r_payments
   |                          ^^

houdafny.dfy(95,25): Related message: loop invariant violation
   |
95 |     invariant l_payments != r_payments
   |                          ^^

houdafny.dfy(96,25): Error: this loop invariant could not be proved on entry
   |
96 |     invariant l_payments != r_bonus
   |                          ^^

houdafny.dfy(96,25): Related message: loop invariant violation
   |
96 |     invariant l_payments != r_bonus
   |                          ^^

houdafny.dfy(97,25): Error: this loop invariant could not be proved on entry
   |
97 |     invariant l_payments != r_i
   |                          ^^

houdafny.dfy(97,25): Related message: loop invariant violation
   |
97 |     invariant l_payments != r_i
   |                          ^^

houdafny.dfy(98,20): Error: this loop invariant could not be proved on entry
   |
98 |     invariant l_ids != l_salaries
   |                     ^^

houdafny.dfy(98,20): Related message: loop invariant violation
   |
98 |     invariant l_ids != l_salaries
   |                     ^^

houdafny.dfy(99,20): Error: this loop invariant could not be proved on entry
   |
99 |     invariant l_ids != l_num_updates
   |                     ^^

houdafny.dfy(99,20): Related message: loop invariant violation
   |
99 |     invariant l_ids != l_num_updates
   |                     ^^

houdafny.dfy(100,20): Error: this loop invariant could not be proved on entry
    |
100 |     invariant l_ids != r_payments
    |                     ^^

houdafny.dfy(100,20): Related message: loop invariant violation
    |
100 |     invariant l_ids != r_payments
    |                     ^^

houdafny.dfy(101,20): Error: this loop invariant could not be proved on entry
    |
101 |     invariant l_ids != r_bonus
    |                     ^^

houdafny.dfy(101,20): Related message: loop invariant violation
    |
101 |     invariant l_ids != r_bonus
    |                     ^^

houdafny.dfy(102,20): Error: this loop invariant could not be proved on entry
    |
102 |     invariant l_ids != r_i
    |                     ^^

houdafny.dfy(102,20): Related message: loop invariant violation
    |
102 |     invariant l_ids != r_i
    |                     ^^

houdafny.dfy(103,25): Error: this loop invariant could not be proved on entry
    |
103 |     invariant l_salaries != l_num_updates
    |                          ^^

houdafny.dfy(103,25): Related message: loop invariant violation
    |
103 |     invariant l_salaries != l_num_updates
    |                          ^^

houdafny.dfy(104,25): Error: this loop invariant could not be proved on entry
    |
104 |     invariant l_salaries != r_payments
    |                          ^^

houdafny.dfy(104,25): Related message: loop invariant violation
    |
104 |     invariant l_salaries != r_payments
    |                          ^^

houdafny.dfy(105,25): Error: this loop invariant could not be proved on entry
    |
105 |     invariant l_salaries != r_bonus
    |                          ^^

houdafny.dfy(105,25): Related message: loop invariant violation
    |
105 |     invariant l_salaries != r_bonus
    |                          ^^

houdafny.dfy(106,25): Error: this loop invariant could not be proved on entry
    |
106 |     invariant l_salaries != r_i
    |                          ^^

houdafny.dfy(106,25): Related message: loop invariant violation
    |
106 |     invariant l_salaries != r_i
    |                          ^^

houdafny.dfy(107,28): Error: this loop invariant could not be proved on entry
    |
107 |     invariant l_num_updates != r_payments
    |                             ^^

houdafny.dfy(107,28): Related message: loop invariant violation
    |
107 |     invariant l_num_updates != r_payments
    |                             ^^

houdafny.dfy(109,42): Error: this loop invariant could not be proved on entry
    |
109 |     invariant (l_num_updates - (r_i - 1)) == 0
    |                                           ^^

houdafny.dfy(109,42): Related message: loop invariant violation
    |
109 |     invariant (l_num_updates - (r_i - 1)) == 0
    |                                           ^^


Dafny program verifier finished with 0 verified, 32 errors

Writing Dafny to houdafny.dfy...
Done
Running Dafny verification...
houdafny.dfy(72,28): Error: this loop invariant could not be proved on entry
   |
72 |     invariant l_num_updates >= l_i
   |                             ^^

houdafny.dfy(72,28): Related message: loop invariant violation
   |
72 |     invariant l_num_updates >= l_i
   |                             ^^

houdafny.dfy(76,28): Error: this loop invariant could not be proved on entry
   |
76 |     invariant l_num_updates != 0
   |                             ^^

houdafny.dfy(76,28): Related message: loop invariant violation
   |
76 |     invariant l_num_updates != 0
   |                             ^^

houdafny.dfy(78,22): Error: this loop invariant could not be proved on entry
   |
78 |     invariant r_bonus <= 2653
   |                       ^^

houdafny.dfy(78,22): Related message: loop invariant violation
   |
78 |     invariant r_bonus <= 2653
   |                       ^^

houdafny.dfy(79,22): Error: this loop invariant could not be proved on entry
   |
79 |     invariant r_bonus >= 2653
   |                       ^^

houdafny.dfy(79,22): Related message: loop invariant violation
   |
79 |     invariant r_bonus >= 2653
   |                       ^^

houdafny.dfy(81,28): Error: this loop invariant could not be proved on entry
   |
81 |     invariant l_num_updates < r_bonus
   |                             ^

houdafny.dfy(81,28): Related message: loop invariant violation
   |
81 |     invariant l_num_updates < r_bonus
   |                             ^

houdafny.dfy(82,42): Error: this loop invariant could not be proved on entry
   |
82 |     invariant (l_num_updates - (r_i - 1)) <= 0
   |                                           ^^

houdafny.dfy(82,42): Related message: loop invariant violation
   |
82 |     invariant (l_num_updates - (r_i - 1)) <= 0
   |                                           ^^

houdafny.dfy(84,25): Error: this loop invariant could not be proved on entry
   |
84 |     invariant r_payments != r_bonus
   |                          ^^

houdafny.dfy(84,25): Related message: loop invariant violation
   |
84 |     invariant r_payments != r_bonus
   |                          ^^

houdafny.dfy(85,25): Error: this loop invariant could not be proved on entry
   |
85 |     invariant r_payments != r_i
   |                          ^^

houdafny.dfy(85,25): Related message: loop invariant violation
   |
85 |     invariant r_payments != r_i
   |                          ^^

houdafny.dfy(86,22): Error: this loop invariant could not be proved on entry
   |
86 |     invariant r_bonus > r_i
   |                       ^

houdafny.dfy(86,22): Related message: loop invariant violation
   |
86 |     invariant r_bonus > r_i
   |                       ^

houdafny.dfy(93,8): Error: assertion might not hold
   |
93 |   assert(l_payments == r_payments);
   |         ^^^^^^^^^^^^^^^^^^^^^^^^^^


Dafny program verifier finished with 0 verified, 10 errors

Writing Dafny to houdafny.dfy...
Done
Running Dafny verification...
houdafny.dfy(75,28): Error: this loop invariant could not be proved on entry
   |
75 |     invariant l_num_updates >= 1
   |                             ^^

houdafny.dfy(75,28): Related message: loop invariant violation
   |
75 |     invariant l_num_updates >= 1
   |                             ^^

houdafny.dfy(77,42): Error: this loop invariant could not be proved on entry
   |
77 |     invariant (l_num_updates - (r_i - 1)) >= 0
   |                                           ^^

houdafny.dfy(77,42): Related message: loop invariant violation
   |
77 |     invariant (l_num_updates - (r_i - 1)) >= 0
   |                                           ^^

houdafny.dfy(84,8): Error: assertion might not hold
   |
84 |   assert(l_payments == r_payments);
   |         ^^^^^^^^^^^^^^^^^^^^^^^^^^


Dafny program verifier finished with 0 verified, 3 errors

Writing Dafny to houdafny.dfy...
Done
Running Dafny verification...
houdafny.dfy(82,8): Error: assertion might not hold
   |
82 |   assert(l_payments == r_payments);
   |         ^^^^^^^^^^^^^^^^^^^^^^^^^^


Dafny program verifier finished with 0 verified, 1 error

Writing output to ./results/alignments/dafny/adt/sa/payments-sa.dfy...
Done

Per-Task Times (ms)
-------------------
align-sa: 6104
aligned-crel: 0
invars-daikon: 1282
houdafny: 11117
aligned-output: 0
write-product: 0

KestRel completed in 18505ms
Verified: false

real	0m18.526s
user	0m20.180s
sys	0m0.802s
