         /\ mid_mem_38@pos:1334 = mem_38@pos':1361
         /\ mid_mem_37@pos:1335 = mem_37@pos':1362
         /\ mid_mem_36@pos:1336 = mem_36@pos':1363
         /\ mid_mem_35@pos:1337 = mem_35@pos':1364
         /\ mid_mem_34@pos:1338 = mem_34@pos':1365
         /\ mid_mem_33@pos:1339 = mem_33@pos':1366
         /\ mid_mem_40:1340 = mem_40':1367 /\ mid_mem_39:1341 = mem_39':1368
         /\ mid_mem_38:1342 = mem_38':1369 /\ mid_mem_37:1343 = mem_37':1370
         /\ mid_mem_36:1344 = mem_36':1371 /\ mid_mem_35:1345 = mem_35':1372
         /\ mid_mem_34:1346 = mem_34':1373 /\ mid_mem_33:1347 = mem_33':1374
         /\ mid_tmp___0:1348 = tmp___0':1375 /\ mid__j:1349 = _j':1376
         /\ 0 <= (-10 + (_i':1223)) /\ 0 <= (-10 + (l_i':1271))
         /\ 0 <= (-10 + (r_i':1321)) /\ 0 <= (-1 + (_j':1376))
         /\ 0 <= (10 + (-1 * _j':1376)) /\ _j':1376 < 10
         /\ ((tr:1437 < tr:1438
                /\ 5764607523034235/576460752303423488 <= (tr:1439 + -tr:1440)
                /\ 0 = phi_tmp___0:1441
                /\ (tr:1442 + (4 * _j':1376)) = phi_mem_35:1443
                /\ (tr:1444 + (4 * _j':1376)) = phi_mem_36:1445
                /\ mem_37':1370 = phi_mem_37:1446
                /\ mem_38':1369 = phi_mem_38:1447
                /\ mem_39':1368 = phi_mem_39:1448
                /\ mem_40':1367 = phi_mem_40:1449
                /\ (4 * _j':1376) = phi_mem_35@pos:1450
                /\ (4 * _j':1376) = phi_mem_36@pos:1451
                /\ mem_37@pos':1362 = phi_mem_37@pos:1452
                /\ mem_38@pos':1361 = phi_mem_38@pos:1453
                /\ mem_39@pos':1360 = phi_mem_39@pos:1454
                /\ mem_40@pos':1359 = phi_mem_40@pos:1455
                /\ 1 = phi_mem_35@width:1456 /\ 1 = phi_mem_36@width:1457
                /\ mem_37@width':1354 = phi_mem_37@width:1458
                /\ mem_38@width':1353 = phi_mem_38@width:1459
                /\ mem_39@width':1352 = phi_mem_39@width:1460
                /\ mem_40@width':1351 = phi_mem_40@width:1461)
               \/ (((tr:1462 <= tr:1463 /\ mem_35':1372 = phi_mem_35:1464
                       /\ mem_36':1371 = phi_mem_36:1465
                       /\ mem_35@pos':1364 = phi_mem_35@pos:1466
                       /\ mem_36@pos':1363 = phi_mem_36@pos:1467
                       /\ mem_35@width':1356 = phi_mem_35@width:1468
                       /\ mem_36@width':1355 = phi_mem_36@width:1469)
                      \/ (tr:1437 < tr:1438
                            /\ (tr:1470 + -tr:1471) < 5764607523034235/576460752303423488
                            /\ (tr:1442 + (4 * _j':1376)) = phi_mem_35:1464
                            /\ (tr:1444 + (4 * _j':1376)) = phi_mem_36:1465
                            /\ (4 * _j':1376) = phi_mem_35@pos:1466
                            /\ (4 * _j':1376) = phi_mem_36@pos:1467
                            /\ 1 = phi_mem_35@width:1468
                            /\ 1 = phi_mem_36@width:1469))
                     /\ ((tr:1472 < tr:1473 /\ 1 = phi_tmp___0:1474
                            /\ mem_39':1368 = phi_mem_39:1475
                            /\ mem_40':1367 = phi_mem_40:1476
                            /\ mem_39@pos':1360 = phi_mem_39@pos:1477
                            /\ mem_40@pos':1359 = phi_mem_40@pos:1478
                            /\ mem_39@width':1352 = phi_mem_39@width:1479
                            /\ mem_40@width':1351 = phi_mem_40@width:1480)
                           \/ (tr:1481 <= tr:1482
                                 /\ (((tr:1483 + -tr:1484) < 5764607523034235/576460752303423488
                                        /\ 1 = phi_tmp___0:1485)
                                       \/ (5764607523034235/576460752303423488 <= (
                                           tr:1486 + -tr:1487)
                                             /\ 0 = phi_tmp___0:1485))
                                 /\ phi_tmp___0:1485 = phi_tmp___0:1474
                                 /\ (tr:1488 + (4 * _j':1376)) = phi_mem_39:1475
                                 /\ (tr:1489 + (4 * _j':1376)) = phi_mem_40:1476
                                 /\ (4 * _j':1376) = phi_mem_39@pos:1477
                                 /\ (4 * _j':1376) = phi_mem_40@pos:1478
                                 /\ 1 = phi_mem_39@width:1479
                                 /\ 1 = phi_mem_40@width:1480))
                     /\ phi_tmp___0:1474 = phi_tmp___0:1441
                     /\ phi_mem_35:1464 = phi_mem_35:1443
                     /\ phi_mem_36:1465 = phi_mem_36:1445
                     /\ (tr:1490 + (4 * _j':1376)) = phi_mem_37:1446
                     /\ (tr:1491 + (4 * _j':1376)) = phi_mem_38:1447
                     /\ phi_mem_39:1475 = phi_mem_39:1448
                     /\ phi_mem_40:1476 = phi_mem_40:1449
                     /\ phi_mem_35@pos:1466 = phi_mem_35@pos:1450
                     /\ phi_mem_36@pos:1467 = phi_mem_36@pos:1451
                     /\ (4 * _j':1376) = phi_mem_37@pos:1452
                     /\ (4 * _j':1376) = phi_mem_38@pos:1453
                     /\ phi_mem_39@pos:1477 = phi_mem_39@pos:1454
                     /\ phi_mem_40@pos:1478 = phi_mem_40@pos:1455
                     /\ phi_mem_35@width:1468 = phi_mem_35@width:1456
                     /\ phi_mem_36@width:1469 = phi_mem_36@width:1457
                     /\ 1 = phi_mem_37@width:1458
                     /\ 1 = phi_mem_38@width:1459
                     /\ phi_mem_39@width:1479 = phi_mem_39@width:1460
                     /\ phi_mem_40@width:1480 = phi_mem_40@width:1461)))}

Is SAT! (Assertion on line 40 FAILED)
---------------------------------------------

================================================
Bounds on Variables

================================================
Finished!

real	0m7.234s
user	0m7.092s
sys	0m0.096s
