                           \/ (-1 * mem_21@pos':513) <= (-1
                                                           * mid_mem_21@pos:484))
                     /\ (!(0 <= K:528)
                           \/ mem_24@pos':510 <= mid_mem_24@pos:481)
                     /\ (!(0 <= K:528)
                           \/ (-1 * mem_24@pos':510) <= (-1
                                                           * mid_mem_24@pos:481))
                     /\ (!(0 <= K:528)
                           \/ mem_25@pos':509 <= mid_mem_25@pos:480)
                     /\ (!(0 <= K:528)
                           \/ (-1 * mem_25@pos':509) <= (-1
                                                           * mid_mem_25@pos:480))
                     /\ (!(0 <= K:528)
                           \/ mem_26@pos':508 <= mid_mem_26@pos:479)
                     /\ (!(0 <= K:528)
                           \/ (-1 * mem_26@pos':508) <= (-1
                                                           * mid_mem_26@pos:479))
                     /\ (!(0 <= K:528)
                           \/ r_a.40@width':507 <= mid_r_a.40@width:478)
                     /\ (!(0 <= K:528)
                           \/ (-1 * r_a.40@width':507) <= (-1
                                                             * mid_r_a.40@width:478))
                     /\ (!(0 <= K:528)
                           \/ r_a.Top@width':506 <= mid_r_a.Top@width:477)
                     /\ (!(0 <= K:528)
                           \/ (-1 * r_a.Top@width':506) <= (-1
                                                              * mid_r_a.Top@width:477))
                     /\ (!(0 <= K:528)
                           \/ mem_21@width':505 <= mid_mem_21@width:476)
                     /\ (!(0 <= K:528)
                           \/ (-1 * mem_21@width':505) <= (-1
                                                             * mid_mem_21@width:476))
                     /\ (!(0 <= K:528)
                           \/ mem_24@width':502 <= mid_mem_24@width:473)
                     /\ (!(0 <= K:528)
                           \/ (-1 * mem_24@width':502) <= (-1
                                                             * mid_mem_24@width:473))
                     /\ (!(0 <= K:528)
                           \/ mem_25@width':501 <= mid_mem_25@width:472)
                     /\ (!(0 <= K:528)
                           \/ (-1 * mem_25@width':501) <= (-1
                                                             * mid_mem_25@width:472))
                     /\ (!(0 <= K:528)
                           \/ mem_26@width':500 <= mid_mem_26@width:471)
                     /\ (!(0 <= K:528)
                           \/ (-1 * mem_26@width':500) <= (-1
                                                             * mid_mem_26@width:471))
                     /\ (!((0 <= K:528 /\ K:528 <= 0)) \/ 0 <= (-1 * K:528))
                     /\ (!(1 <= K:528)
                           \/ 0 <= (10 + (-1 * mid_r_j:496) + (-1 * K:528)))
                     /\ (!((0 <= K:528 /\ K:528 <= 0)) \/ 0 <= K:528)
                     /\ (!(1 <= K:528) \/ 0 <= (-2 + mid_r_j:496 + K:528))
                     /\ !((mid_r_j:496) = 0))) /\ 0 <= (-11 + (_i':439))
         /\ 0 <= (l_maxi':459) /\ 0 <= (-10 + (l_i':458)) /\ 0 <= (r_j':525)
         /\ 0 <= (10 + (-1 * r_j':525)) /\ 10 <= r_j':525
         /\ ((mem_28@width:76 = mid_mem_28@width:529
                /\ mem_27@width:74 = mid_mem_27@width:530
                /\ mem_28@pos:72 = mid_mem_28@pos:531
                /\ mem_27@pos:70 = mid_mem_27@pos:532
                /\ mem_28:68 = mid_mem_28:533 /\ mem_27:66 = mid_mem_27:534
                /\ 0 = mid__j:535)
               \/ (0 <= (-11 + _i':439) /\ 0 <= l_maxi':459
                     /\ 0 <= (-10 + l_i':458) /\ 0 <= (-10 + r_j':525)
                     /\ 1 <= K:536
                     /\ (4 + (-4 * mid__j:535) + mid_mem_28@pos:531) = 0
                     /\ (4 + (-4 * mid__j:535) + mid_mem_27@pos:532) = 0
                     /\ (-1 + mid_mem_28@width:529) = 0
                     /\ (-1 + mid_mem_27@width:530) = 0
                     /\ 0 <= (11 + (-1 * mid__j:535)) /\ 0 <= (-11 + _i':439)
                     /\ 0 <= l_maxi':459 /\ 0 <= (-10 + l_i':458)
                     /\ 0 <= (-10 + r_j':525) /\ 0 <= (-1 + mid__j:535)
                     /\ (!(0 <= K:536) \/ mid__j:535 = K:536)
                     /\ (!(0 <= K:536) \/ (-1 * mid__j:535) <= (-1 * K:536))
                     /\ (!(0 <= K:536) \/ mid__j:535 <= K:536)
                     /\ (!((0 <= K:536 /\ K:536 <= 0)) \/ 0 <= (-1 * K:536))
                     /\ (!(1 <= K:536) \/ 0 <= (11 + (-1 * K:536)))
                     /\ (!((0 <= K:536 /\ K:536 <= 0)) \/ 0 <= K:536)
                     /\ (!(1 <= K:536) \/ 0 <= (-1 + K:536))))
         /\ mid_mem_28@width:529 = mem_28@width':537
         /\ mid_mem_27@width:530 = mem_27@width':538
         /\ mid_mem_28@pos:531 = mem_28@pos':539
         /\ mid_mem_27@pos:532 = mem_27@pos':540
         /\ mid_mem_28:533 = mem_28':541 /\ mid_mem_27:534 = mem_27':542
         /\ mid__j:535 = _j':543 /\ 0 <= (-11 + (_i':439))
         /\ 0 <= (l_maxi':459) /\ 0 <= (-10 + (l_i':458))
         /\ 0 <= (-10 + (r_j':525)) /\ 0 <= (_j':543)
         /\ 0 <= (11 + (-1 * _j':543)) /\ _j':543 < 11)}

Is SAT! (Assertion on line 45 FAILED)
---------------------------------------------

================================================
Bounds on Variables

================================================
Finished!

real	0m4.602s
user	0m4.528s
sys	0m0.040s
