                     /\ 0 <= (-10 + phi_l_i:11227) /\ 1 <= K:11548
                     /\ (-4 + (-1 * mid_mem_47@pos:11539)
                           + (4 * mid__j:11547)) = 0
                     /\ ((-1 * mid_mem_47@pos:11539) + mid_mem_48@pos:11538) = 0
                     /\ (-1 + phi_tmp___3:8574) = 0
                     /\ (-1 + mid_mem_48@width:11532) = 0
                     /\ (-1 + mid_mem_47@width:11533) = 0
                     /\ 0 <= (36 + (-1 * mid_mem_47@pos:11539))
                     /\ 0 <= (1 + (-1 * mid_tmp___5:11546))
                     /\ 0 <= (-10 + phi__i:11229)
                     /\ 0 <= (-10 + phi_l_i:11227) /\ 0 <= mid_tmp___5:11546
                     /\ 0 <= mid_mem_47@pos:11539
                     /\ (!(0 <= K:11548) \/ mid__j:11547 = K:11548)
                     /\ (!(0 <= K:11548)
                           \/ (-1 * mid__j:11547) <= (-1 * K:11548))
                     /\ (!(0 <= K:11548) \/ mid__j:11547 <= K:11548)
                     /\ (!((0 <= K:11548 /\ K:11548 <= 0))
                           \/ 0 <= (-1 * K:11548))
                     /\ (!(1 <= K:11548) \/ 0 <= (10 + (-1 * K:11548)))
                     /\ (!((0 <= K:11548 /\ K:11548 <= 0)) \/ 0 <= K:11548)
                     /\ (!(1 <= K:11548) \/ 0 <= (-1 + K:11548))))
         /\ mid_mem_52@width:11528 = mem_52@width':11549
         /\ mid_mem_51@width:11529 = mem_51@width':11550
         /\ mid_mem_50@width:11530 = mem_50@width':11551
         /\ mid_mem_49@width:11531 = mem_49@width':11552
         /\ mid_mem_48@width:11532 = mem_48@width':11553
         /\ mid_mem_47@width:11533 = mem_47@width':11554
         /\ mid_mem_52@pos:11534 = mem_52@pos':11555
         /\ mid_mem_51@pos:11535 = mem_51@pos':11556
         /\ mid_mem_50@pos:11536 = mem_50@pos':11557
         /\ mid_mem_49@pos:11537 = mem_49@pos':11558
         /\ mid_mem_48@pos:11538 = mem_48@pos':11559
         /\ mid_mem_47@pos:11539 = mem_47@pos':11560
         /\ mid_mem_52:11540 = mem_52':11561
         /\ mid_mem_51:11541 = mem_51':11562
         /\ mid_mem_50:11542 = mem_50':11563
         /\ mid_mem_49:11543 = mem_49':11564
         /\ mid_mem_48:11544 = mem_48':11565
         /\ mid_mem_47:11545 = mem_47':11566
         /\ mid_tmp___5:11546 = tmp___5':11567 /\ mid__j:11547 = _j':11568
         /\ (-1 + (phi_tmp___3:8574)) = 0 /\ 0 <= (-10 + (phi__i:11229))
         /\ 0 <= (-10 + (phi_l_i:11227)) /\ 0 <= (_j':11568)
         /\ 0 <= (10 + (-1 * _j':11568)) /\ _j':11568 < 10
         /\ ((tr:11569 = tr:11570
                /\ ((tr:11571 = tr:11572
                       /\ ((tr:11573 = tr:11574 /\ 1 = phi_tmp___5:11575)
                             \/ (!(tr:11576 = tr:11577)
                                   /\ 0 = phi_tmp___5:11575))
                       /\ phi_tmp___5:11575 = phi_tmp___5:11578
                       /\ (tr:11579 + (4 * _j':11568)) = phi_mem_51:11580
                       /\ (tr:11581 + (4 * _j':11568)) = phi_mem_52:11582
                       /\ (4 * _j':11568) = phi_mem_51@pos:11583
                       /\ (4 * _j':11568) = phi_mem_52@pos:11584
                       /\ 1 = phi_mem_51@width:11585
                       /\ 1 = phi_mem_52@width:11586)
                      \/ (!(tr:11587 = tr:11588) /\ 0 = phi_tmp___5:11578
                            /\ mem_51':11562 = phi_mem_51:11580
                            /\ mem_52':11561 = phi_mem_52:11582
                            /\ mem_51@pos':11556 = phi_mem_51@pos:11583
                            /\ mem_52@pos':11555 = phi_mem_52@pos:11584
                            /\ mem_51@width':11550 = phi_mem_51@width:11585
                            /\ mem_52@width':11549 = phi_mem_52@width:11586))
                /\ phi_tmp___5:11578 = phi_tmp___5:11589
                /\ (tr:11590 + (4 * _j':11568)) = phi_mem_49:11591
                /\ (tr:11592 + (4 * _j':11568)) = phi_mem_50:11593
                /\ phi_mem_51:11580 = phi_mem_51:11594
                /\ phi_mem_52:11582 = phi_mem_52:11595
                /\ (4 * _j':11568) = phi_mem_49@pos:11596
                /\ (4 * _j':11568) = phi_mem_50@pos:11597
                /\ phi_mem_51@pos:11583 = phi_mem_51@pos:11598
                /\ phi_mem_52@pos:11584 = phi_mem_52@pos:11599
                /\ 1 = phi_mem_49@width:11600 /\ 1 = phi_mem_50@width:11601
                /\ phi_mem_51@width:11585 = phi_mem_51@width:11602
                /\ phi_mem_52@width:11586 = phi_mem_52@width:11603)
               \/ (!(tr:11604 = tr:11605) /\ 0 = phi_tmp___5:11589
                     /\ mem_49':11564 = phi_mem_49:11591
                     /\ mem_50':11563 = phi_mem_50:11593
                     /\ mem_51':11562 = phi_mem_51:11594
                     /\ mem_52':11561 = phi_mem_52:11595
                     /\ mem_49@pos':11558 = phi_mem_49@pos:11596
                     /\ mem_50@pos':11557 = phi_mem_50@pos:11597
                     /\ mem_51@pos':11556 = phi_mem_51@pos:11598
                     /\ mem_52@pos':11555 = phi_mem_52@pos:11599
                     /\ mem_49@width':11552 = phi_mem_49@width:11600
                     /\ mem_50@width':11551 = phi_mem_50@width:11601
                     /\ mem_51@width':11550 = phi_mem_51@width:11602
                     /\ mem_52@width':11549 = phi_mem_52@width:11603)))}

Is SAT! (Assertion on line 45 FAILED)
---------------------------------------------

================================================
Bounds on Variables

================================================
Finished!

real	0m11.560s
user	0m11.416s
sys	0m0.100s
