                /\ mem_24@width:147 = mid_mem_24@width:406
                /\ mem_23@width:145 = mid_mem_23@width:407
                /\ mem_22@width:143 = mid_mem_22@width:408
                /\ r_d.Top@width:141 = mid_r_d.Top@width:409
                /\ r_b.Top@width:139 = mid_r_b.Top@width:410
                /\ mem_25@pos:137 = mid_mem_25@pos:411
                /\ mem_24@pos:135 = mid_mem_24@pos:412
                /\ mem_23@pos:133 = mid_mem_23@pos:413
                /\ mem_22@pos:131 = mid_mem_22@pos:414
                /\ r_d.Top@pos:129 = mid_r_d.Top@pos:415
                /\ r_b.Top@pos:127 = mid_r_b.Top@pos:416
                /\ mem_25:125 = mid_mem_25:417 /\ mem_24:123 = mid_mem_24:418
                /\ mem_23:121 = mid_mem_23:419 /\ mem_22:119 = mid_mem_22:420
                /\ r_d.Top:117 = mid_r_d.Top:421 /\ 1 = mid_r_j:422
                /\ r_b.Top:114 = mid_r_b.Top:423)
               \/ (0 <= (19 + -1) /\ 0 <= (-20 + _i':360)
                     /\ 0 <= (-21 + l_i':398) /\ 0 <= (-1 + 1) /\ 1 <= K:424
                     /\ (4 + (-4 * mid_r_j:422) + mid_mem_25@pos:411) = 0
                     /\ ((-4 * mid_r_j:422) + mid_mem_24@pos:412) = 0
                     /\ (4 + (-4 * mid_r_j:422) + mid_mem_23@pos:413) = 0
                     /\ (4 + (-4 * mid_r_j:422) + mid_mem_22@pos:414) = 0
                     /\ (-1 + mid_mem_25@width:405) = 0
                     /\ (-1 + mid_mem_24@width:406) = 0
                     /\ (-1 + mid_mem_23@width:407) = 0
                     /\ (-1 + mid_mem_22@width:408) = 0
                     /\ 0 <= (20 + (-1 * mid_r_j:422))
                     /\ 0 <= (-20 + _i':360) /\ 0 <= (-21 + l_i':398)
                     /\ 0 <= (-2 + mid_r_j:422)
                     /\ (!(0 <= K:424) \/ mid_r_j:422 = (1 + K:424))
                     /\ (!(0 <= K:424)
                           \/ (-1 * mid_r_j:422) <= (-1 + (-1 * K:424)))
                     /\ (!(0 <= K:424) \/ mid_r_j:422 <= (1 + K:424))
                     /\ (!((0 <= K:424 /\ K:424 <= 0)) \/ 0 <= (-1 * K:424))
                     /\ (!(1 <= K:424) \/ 0 <= (20 + -1 + (-1 * K:424)))
                     /\ (!((0 <= K:424 /\ K:424 <= 0)) \/ 0 <= K:424)
                     /\ (!(1 <= K:424) \/ 0 <= (-2 + 1 + K:424))))
         /\ mid_mem_25@width:405 = mem_25@width':425
         /\ mid_mem_24@width:406 = mem_24@width':426
         /\ mid_mem_23@width:407 = mem_23@width':427
         /\ mid_mem_22@width:408 = mem_22@width':428
         /\ mid_r_d.Top@width:409 = r_d.Top@width':429
         /\ mid_r_b.Top@width:410 = r_b.Top@width':430
         /\ mid_mem_25@pos:411 = mem_25@pos':431
         /\ mid_mem_24@pos:412 = mem_24@pos':432
         /\ mid_mem_23@pos:413 = mem_23@pos':433
         /\ mid_mem_22@pos:414 = mem_22@pos':434
         /\ mid_r_d.Top@pos:415 = r_d.Top@pos':435
         /\ mid_r_b.Top@pos:416 = r_b.Top@pos':436
         /\ mid_mem_25:417 = mem_25':437 /\ mid_mem_24:418 = mem_24':438
         /\ mid_mem_23:419 = mem_23':439 /\ mid_mem_22:420 = mem_22':440
         /\ mid_r_d.Top:421 = r_d.Top':441 /\ mid_r_j:422 = r_j':442
         /\ mid_r_b.Top:423 = r_b.Top':443 /\ 0 <= (-20 + (_i':360))
         /\ 0 <= (-21 + (l_i':398)) /\ 0 <= (-1 + (r_j':442))
         /\ 0 <= (20 + (-1 * r_j':442)) /\ 19 < r_j':442
         /\ ((mem_29@width:81 = mid_mem_29@width:449
                /\ mem_28@width:79 = mid_mem_28@width:450
                /\ mem_29@pos:77 = mid_mem_29@pos:451
                /\ mem_28@pos:75 = mid_mem_28@pos:452
                /\ mem_29:73 = mid_mem_29:453 /\ mem_28:71 = mid_mem_28:454
                /\ 1 = mid__j:455)
               \/ (0 <= (19 + -1) /\ 0 <= (-20 + _i':360)
                     /\ 0 <= (-21 + l_i':398) /\ 0 <= (-20 + r_j':442)
                     /\ 0 <= (-1 + 1) /\ 1 <= K:456
                     /\ (4 + (-4 * mid__j:455) + mid_mem_29@pos:451) = 0
                     /\ (4 + (-4 * mid__j:455) + mid_mem_28@pos:452) = 0
                     /\ (-1 + mid_mem_29@width:449) = 0
                     /\ (-1 + mid_mem_28@width:450) = 0
                     /\ 0 <= (20 + (-1 * mid__j:455)) /\ 0 <= (-20 + _i':360)
                     /\ 0 <= (-21 + l_i':398) /\ 0 <= (-20 + r_j':442)
                     /\ 0 <= (-2 + mid__j:455)
                     /\ (!(0 <= K:456) \/ mid__j:455 = (1 + K:456))
                     /\ (!(0 <= K:456)
                           \/ (-1 * mid__j:455) <= (-1 + (-1 * K:456)))
                     /\ (!(0 <= K:456) \/ mid__j:455 <= (1 + K:456))
                     /\ (!((0 <= K:456 /\ K:456 <= 0)) \/ 0 <= (-1 * K:456))
                     /\ (!(1 <= K:456) \/ 0 <= (20 + -1 + (-1 * K:456)))
                     /\ (!((0 <= K:456 /\ K:456 <= 0)) \/ 0 <= K:456)
                     /\ (!(1 <= K:456) \/ 0 <= (-2 + 1 + K:456))))
         /\ mid_mem_29@width:449 = mem_29@width':457
         /\ mid_mem_28@width:450 = mem_28@width':458
         /\ mid_mem_29@pos:451 = mem_29@pos':459
         /\ mid_mem_28@pos:452 = mem_28@pos':460
         /\ mid_mem_29:453 = mem_29':461 /\ mid_mem_28:454 = mem_28':462
         /\ mid__j:455 = _j':463 /\ 0 <= (-20 + (_i':360))
         /\ 0 <= (-21 + (l_i':398)) /\ 0 <= (-20 + (r_j':442))
         /\ 0 <= (-1 + (_j':463)) /\ 0 <= (20 + (-1 * _j':463))
         /\ _j':463 < 20)}

Is SAT! (Assertion on line 31 FAILED)
---------------------------------------------

================================================
Bounds on Variables

================================================
Finished!

real	0m1.360s
user	0m1.300s
sys	0m0.028s
