                                               + (1/2 * havoc:33
                                                    * (K:252 * K:252))))
                     /\ (!((0 <= K:252 /\ K:252 <= 0))
                           \/ mid_l_x:251 = (havoc:125
                                               + (-1/2 * havoc:33 * K:252)
                                               + (havoc:123 * K:252)
                                               + (1/2 * havoc:33
                                                    * (K:252 * K:252))))
                     /\ (!(1 <= K:252)
                           \/ mid_l_x:251 = (havoc:125
                                               + (-1/2 * havoc:33 * K:252)
                                               + (havoc:123 * K:252)
                                               + (1/2 * havoc:33
                                                    * (K:252 * K:252))))
                     /\ (!((0 <= K:252 /\ K:252 <= 0))
                           \/ mid_l_x:251 = (havoc:125
                                               + (-1/2 * havoc:33 * K:252)
                                               + (havoc:123 * K:252)
                                               + (1/2 * havoc:33
                                                    * (K:252 * K:252))))
                     /\ (!(1 <= K:252)
                           \/ mid_l_x:251 = (havoc:125
                                               + (-1/2 * havoc:33 * K:252)
                                               + (havoc:123 * K:252)
                                               + (1/2 * havoc:33
                                                    * (K:252 * K:252))))
                     /\ (!((0 <= K:252 /\ K:252 <= 0))
                           \/ mid_l_x:251 = (havoc:125
                                               + (-1/2 * havoc:33 * K:252)
                                               + (havoc:123 * K:252)
                                               + (1/2 * havoc:33
                                                    * (K:252 * K:252))))
                     /\ (!(1 <= K:252)
                           \/ mid_l_x:251 = (havoc:125
                                               + (-1/2 * havoc:33 * K:252)
                                               + (havoc:123 * K:252)
                                               + (1/2 * havoc:33
                                                    * (K:252 * K:252))))
                     /\ (!((0 <= K:252 /\ K:252 <= 0))
                           \/ mid_l_x:251 = (havoc:125
                                               + (-1/2 * havoc:33 * K:252)
                                               + (havoc:123 * K:252)
                                               + (1/2 * havoc:33
                                                    * (K:252 * K:252))))
                     /\ (!(1 <= K:252)
                           \/ mid_l_x:251 = (havoc:125
                                               + (-1/2 * havoc:33 * K:252)
                                               + (havoc:123 * K:252)
                                               + (1/2 * havoc:33
                                                    * (K:252 * K:252))))
                     /\ (!(0 <= K:252)
                           \/ mid_l_x:251 = (havoc:125
                                               + (-1/2 * havoc:33 * K:252)
                                               + (havoc:123 * K:252)
                                               + (1/2 * havoc:33
                                                    * (K:252 * K:252))))
                     /\ (!(0 <= K:252) \/ mid_l_i:250 = K:252)
                     /\ (!(0 <= K:252) \/ (-1 * mid_l_i:250) <= (-1 * K:252))
                     /\ (!(0 <= K:252) \/ mid_l_i:250 <= K:252)
                     /\ (!((0 <= K:252 /\ K:252 <= 0)) \/ 0 <= K:252)
                     /\ (!(1 <= K:252) \/ 0 <= (-1 + K:252))))
         /\ mid_l_j:249 = l_j':253 /\ mid_l_i:250 = l_i':254
         /\ mid_l_x:251 = l_x':255 /\ (-1 + (phi_tmp___7:143)) = 0
         /\ 0 <= (l_i':254) /\ havoc:124 <= l_i':254
         /\ ((havoc:127 = mid_r_j:256 /\ 0 = mid_r_i:257
                /\ phi_r_x:145 = mid_r_x:258)
               \/ ((-1 + phi_tmp___7:143) = 0 /\ 0 <= (-1 + havoc:128)
                     /\ 0 <= l_i':254 /\ 1 <= K:259
                     /\ (-1 + phi_tmp___7:143) = 0
                     /\ 0 <= ((-1 * mid_r_i:257) + havoc:128)
                     /\ 0 <= l_i':254 /\ 0 <= (-1 + mid_r_i:257)
                     /\ (!(0 <= K:259)
                           \/ mid_r_j:256 = (havoc:127 + (havoc:126 * K:259)))
                     /\ (!(0 <= K:259)
                           \/ mid_r_x:258 = (phi_r_x:145
                                               + (havoc:127 * K:259)
                                               + (-1/2 * havoc:126 * K:259)
                                               + (1/2 * havoc:126
                                                    * (K:259 * K:259))))
                     /\ (!(0 <= K:259) \/ mid_r_i:257 = K:259)
                     /\ (!(0 <= K:259) \/ (-1 * mid_r_i:257) <= (-1 * K:259))
                     /\ (!(0 <= K:259) \/ mid_r_i:257 <= K:259)
                     /\ (!((0 <= K:259 /\ K:259 <= 0)) \/ 0 <= K:259)
                     /\ (!(1 <= K:259) \/ 0 <= (-1 + K:259))))
         /\ mid_r_j:256 = r_j':260 /\ mid_r_i:257 = r_i':261
         /\ mid_r_x:258 = r_x':262 /\ (-1 + (phi_tmp___7:143)) = 0
         /\ 0 <= (l_i':254) /\ 0 <= (r_i':261) /\ havoc:128 <= r_i':261)}

Is not SAT! (Assertion on line 27 PASSED)
---------------------------------------------

================================================
Bounds on Variables

================================================
Finished!

real	0m1.315s
user	0m1.272s
sys	0m0.024s
