Computed alignment by local loop counting.
Writing Daikon to daikon_output.c...
Done
Compiling Daikon output...
Running Kvasir...
==41341== kvasir-5.8.18, C/C++ Language Front-End for Daikon with DynComp comparability analysis tool.
==41341== Copyright (C) 2007-2022, University of Washington CSE PLSE Group
==41341== Using Valgrind-3.19.0.Fjalar and LibVEX; rerun with -h for copyright info
==41341== Command: ./daikon_output
==41341== 
==41341== 
==41341== For lists of detected and suppressed errors, rerun with: -s
==41341== ERROR SUMMARY: 0 errors from 0 contexts (suppressed: 0 from 0)
Running Daikon...
Writing Dafny to houdafny.dfy...
Done
Running Dafny verification...
houdafny.dfy(64,18): Error: this loop invariant could not be proved on entry
   |
64 |     invariant l_i <= r_i
   |                   ^^

houdafny.dfy(64,18): Related message: loop invariant violation
   |
64 |     invariant l_i <= r_i
   |                   ^^

houdafny.dfy(83,18): Error: this loop invariant could not be proved on entry
   |
83 |     invariant l_i != r_i
   |                   ^^

houdafny.dfy(83,18): Related message: loop invariant violation
   |
83 |     invariant l_i != r_i
   |                   ^^

houdafny.dfy(99,18): Error: this loop invariant could not be proved on entry
   |
99 |     invariant r_y == 0
   |                   ^^

houdafny.dfy(99,18): Related message: loop invariant violation
   |
99 |     invariant r_y == 0
   |                   ^^


Dafny program verifier finished with 0 verified, 3 errors

Writing Dafny to houdafny.dfy...
Done
Running Dafny verification...
houdafny.dfy(97,18): Error: this loop invariant could not be proved on entry
   |
97 |     invariant r_y <= 0
   |                   ^^

houdafny.dfy(97,18): Related message: loop invariant violation
   |
97 |     invariant r_y <= 0
   |                   ^^


Dafny program verifier finished with 0 verified, 1 error

Writing Dafny to houdafny.dfy...
Done
Running Dafny verification...
houdafny.dfy(101,18): Error: this loop invariant could not be proved on entry
    |
101 |     invariant l_i < r_i
    |                   ^

houdafny.dfy(101,18): Related message: loop invariant violation
    |
101 |     invariant l_i < r_i
    |                   ^

houdafny.dfy(111,18): Error: this loop invariant could not be proved on entry
    |
111 |     invariant l_y == 0
    |                   ^^

houdafny.dfy(111,18): Related message: loop invariant violation
    |
111 |     invariant l_y == 0
    |                   ^^


Dafny program verifier finished with 0 verified, 2 errors

Writing Dafny to houdafny.dfy...
Done
Running Dafny verification...
houdafny.dfy(110,18): Error: this loop invariant could not be proved on entry
    |
110 |     invariant l_y <= 0
    |                   ^^

houdafny.dfy(110,18): Related message: loop invariant violation
    |
110 |     invariant l_y <= 0
    |                   ^^


Dafny program verifier finished with 0 verified, 1 error

Writing Dafny to houdafny.dfy...
Done
Running Dafny verification...
houdafny.dfy(118,18): Error: this loop invariant could not be proved on entry
    |
118 |     invariant l_i > r_i
    |                   ^

houdafny.dfy(118,18): Related message: loop invariant violation
    |
118 |     invariant l_i > r_i
    |                   ^


Dafny program verifier finished with 0 verified, 1 error

Writing Dafny to houdafny.dfy...
Done
Running Dafny verification...

Dafny program verifier finished with 1 verified, 0 errors

Writing output to ./results/alignments/dafny/unno/sa/half-square-sa.dfy...
Done

Per-Task Times (ms)
-------------------
align-count-loops: 5
aligned-crel: 0
invars-daikon: 977
houdafny: 11392
align-sa: 0
aligned-crel: 0
invars-daikon: 0
houdafny: 0
aligned-output: 0
write-product: 0

KestRel completed in 12376ms
Verified: true

real	0m12.486s
user	0m13.336s
sys	0m0.701s
