
Unaligned Product Program
--------------------------

void main(int l_N, int r_N) {
  int l_x = 0;
  int l_i = 0;
  while (l_i <= l_N) {
    l_x = (l_x + l_i);
    l_i = (l_i + 1);
  }
  int r_x = 0;
  int r_i = 1;
  while (r_i <= r_N) {
    r_x = (r_x + r_i);
    r_i = (r_i + 1);
  }
 }

--------------------------

Unaligned Eggroll
--------------------------
(fundef
  (specifiers (type void))
  main
  (params
    (param-declaration (specifiers (type int)) l_N)
    (param-declaration (specifiers (type int)) r_N))
  (<|>
    (seq
      (basic-block
        (declaration (specifiers (type int)) l_x (initializer (const-int 0)))
        (declaration (specifiers (type int)) l_i (initializer (const-int 0))))
      (while
        (<= l_i l_N)
        (basic-block (= l_x (+ l_x l_i)) (= l_i (+ l_i (const-int 1))))))
    (seq
      (basic-block
        (declaration (specifiers (type int)) r_x (initializer (const-int 0)))
        (declaration (specifiers (type int)) r_i (initializer (const-int 1))))
      (while
        (<= r_i r_N)
        (basic-block (= r_x (+ r_x r_i)) (= r_i (+ r_i (const-int 1))))))))
--------------------------
Treating naive product as final alignment.

Aligned Eggroll
--------------------------
(fundef
  (specifiers (type void))
  main
  (params
    (param-declaration (specifiers (type int)) l_N)
    (param-declaration (specifiers (type int)) r_N))
  (<|>
    (seq
      (basic-block
        (declaration (specifiers (type int)) l_x (initializer (const-int 0)))
        (declaration (specifiers (type int)) l_i (initializer (const-int 0))))
      (while
        (<= l_i l_N)
        (basic-block (= l_x (+ l_x l_i)) (= l_i (+ l_i (const-int 1))))))
    (seq
      (basic-block
        (declaration (specifiers (type int)) r_x (initializer (const-int 0)))
        (declaration (specifiers (type int)) r_i (initializer (const-int 1))))
      (while
        (<= r_i r_N)
        (basic-block (= r_x (+ r_x r_i)) (= r_i (+ r_i (const-int 1))))))))
--------------------------

Aligned Product Program
--------------------------
#include "assert.h"

void main() {
  int l_N = nondet();
  int r_N = nondet();
  __VERIFIER_assume(l_N == r_N);
  int l_x = 0;
  int l_i = 0;
  while (l_i <= l_N) {
    l_x = (l_x + l_i);
    l_i = (l_i + 1);
  }
  int r_x = 0;
  int r_i = 1;
  while (r_i <= r_N) {
    r_x = (r_x + r_i);
    r_i = (r_i + 1);
  }
  __VERIFIER_assert(l_x == r_x);
 }

--------------------------
Writing output to ./results/alignments/barthe/unaligned/unroll-una.c...
Done

real	0m0.024s
user	0m0.008s
sys	0m0.017s
